[2022-08-21 10:46:40,380] {processor.py:153} INFO - Started process (PID=26472) to work on /home/airflow/.local/lib/python3.7/site-packages/airflow/example_dags/example_branch_operator_decorator.py
[2022-08-21 10:46:40,387] {processor.py:641} INFO - Processing file /home/airflow/.local/lib/python3.7/site-packages/airflow/example_dags/example_branch_operator_decorator.py for tasks to queue
[2022-08-21 10:46:40,390] {logging_mixin.py:115} INFO - [2022-08-21 10:46:40,389] {dagbag.py:507} INFO - Filling up the DagBag from /home/airflow/.local/lib/python3.7/site-packages/airflow/example_dags/example_branch_operator_decorator.py
[2022-08-21 10:46:40,555] {processor.py:651} INFO - DAG(s) dict_keys(['example_branch_python_operator_decorator']) retrieved from /home/airflow/.local/lib/python3.7/site-packages/airflow/example_dags/example_branch_operator_decorator.py
[2022-08-21 10:46:40,738] {logging_mixin.py:115} INFO - [2022-08-21 10:46:40,738] {dag.py:2371} INFO - Sync 1 DAGs
[2022-08-21 10:46:40,892] {logging_mixin.py:115} INFO - [2022-08-21 10:46:40,892] {dag.py:2919} INFO - Setting next_dagrun for example_branch_python_operator_decorator to 2022-08-20T00:00:00+00:00, run_after=2022-08-21T00:00:00+00:00
[2022-08-21 10:46:40,981] {processor.py:161} INFO - Processing /home/airflow/.local/lib/python3.7/site-packages/airflow/example_dags/example_branch_operator_decorator.py took 0.616 seconds
[2022-08-21 10:47:11,434] {processor.py:153} INFO - Started process (PID=26526) to work on /home/airflow/.local/lib/python3.7/site-packages/airflow/example_dags/example_branch_operator_decorator.py
[2022-08-21 10:47:11,436] {processor.py:641} INFO - Processing file /home/airflow/.local/lib/python3.7/site-packages/airflow/example_dags/example_branch_operator_decorator.py for tasks to queue
[2022-08-21 10:47:11,438] {logging_mixin.py:115} INFO - [2022-08-21 10:47:11,438] {dagbag.py:507} INFO - Filling up the DagBag from /home/airflow/.local/lib/python3.7/site-packages/airflow/example_dags/example_branch_operator_decorator.py
[2022-08-21 10:47:11,460] {processor.py:651} INFO - DAG(s) dict_keys(['example_branch_python_operator_decorator']) retrieved from /home/airflow/.local/lib/python3.7/site-packages/airflow/example_dags/example_branch_operator_decorator.py
[2022-08-21 10:47:11,490] {logging_mixin.py:115} INFO - [2022-08-21 10:47:11,490] {dag.py:2371} INFO - Sync 1 DAGs
[2022-08-21 10:47:11,515] {logging_mixin.py:115} INFO - [2022-08-21 10:47:11,515] {dag.py:2919} INFO - Setting next_dagrun for example_branch_python_operator_decorator to 2022-08-20T00:00:00+00:00, run_after=2022-08-21T00:00:00+00:00
[2022-08-21 10:47:11,532] {processor.py:161} INFO - Processing /home/airflow/.local/lib/python3.7/site-packages/airflow/example_dags/example_branch_operator_decorator.py took 0.102 seconds
[2022-08-21 16:47:53,569] {processor.py:153} INFO - Started process (PID=26578) to work on /home/airflow/.local/lib/python3.7/site-packages/airflow/example_dags/example_branch_operator_decorator.py
[2022-08-21 16:47:53,590] {processor.py:641} INFO - Processing file /home/airflow/.local/lib/python3.7/site-packages/airflow/example_dags/example_branch_operator_decorator.py for tasks to queue
[2022-08-21 16:47:53,601] {logging_mixin.py:115} INFO - [2022-08-21 16:47:53,599] {dagbag.py:507} INFO - Filling up the DagBag from /home/airflow/.local/lib/python3.7/site-packages/airflow/example_dags/example_branch_operator_decorator.py
[2022-08-21 16:47:54,459] {processor.py:651} INFO - DAG(s) dict_keys(['example_branch_python_operator_decorator']) retrieved from /home/airflow/.local/lib/python3.7/site-packages/airflow/example_dags/example_branch_operator_decorator.py
[2022-08-21 16:47:59,385] {logging_mixin.py:115} INFO - [2022-08-21 16:47:59,321] {dag.py:2371} INFO - Sync 1 DAGs
[2022-08-21 16:48:00,503] {logging_mixin.py:115} INFO - [2022-08-21 16:48:00,492] {dag.py:2919} INFO - Setting next_dagrun for example_branch_python_operator_decorator to 2022-08-20T00:00:00+00:00, run_after=2022-08-21T00:00:00+00:00
[2022-08-21 16:48:01,368] {processor.py:161} INFO - Processing /home/airflow/.local/lib/python3.7/site-packages/airflow/example_dags/example_branch_operator_decorator.py took 8.015 seconds
[2022-08-21 17:03:47,186] {processor.py:153} INFO - Started process (PID=26640) to work on /home/airflow/.local/lib/python3.7/site-packages/airflow/example_dags/example_branch_operator_decorator.py
[2022-08-21 17:03:47,191] {processor.py:641} INFO - Processing file /home/airflow/.local/lib/python3.7/site-packages/airflow/example_dags/example_branch_operator_decorator.py for tasks to queue
[2022-08-21 17:03:47,195] {logging_mixin.py:115} INFO - [2022-08-21 17:03:47,195] {dagbag.py:507} INFO - Filling up the DagBag from /home/airflow/.local/lib/python3.7/site-packages/airflow/example_dags/example_branch_operator_decorator.py
[2022-08-21 17:03:47,561] {processor.py:651} INFO - DAG(s) dict_keys(['example_branch_python_operator_decorator']) retrieved from /home/airflow/.local/lib/python3.7/site-packages/airflow/example_dags/example_branch_operator_decorator.py
[2022-08-21 17:03:47,636] {logging_mixin.py:115} INFO - [2022-08-21 17:03:47,636] {dag.py:2371} INFO - Sync 1 DAGs
[2022-08-21 17:03:47,710] {logging_mixin.py:115} INFO - [2022-08-21 17:03:47,710] {dag.py:2919} INFO - Setting next_dagrun for example_branch_python_operator_decorator to 2022-08-20T00:00:00+00:00, run_after=2022-08-21T00:00:00+00:00
[2022-08-21 17:03:47,763] {processor.py:161} INFO - Processing /home/airflow/.local/lib/python3.7/site-packages/airflow/example_dags/example_branch_operator_decorator.py took 0.595 seconds
[2022-08-21 18:37:20,770] {processor.py:153} INFO - Started process (PID=26690) to work on /home/airflow/.local/lib/python3.7/site-packages/airflow/example_dags/example_branch_operator_decorator.py
[2022-08-21 18:37:20,783] {processor.py:641} INFO - Processing file /home/airflow/.local/lib/python3.7/site-packages/airflow/example_dags/example_branch_operator_decorator.py for tasks to queue
[2022-08-21 18:37:20,784] {logging_mixin.py:115} INFO - [2022-08-21 18:37:20,784] {dagbag.py:507} INFO - Filling up the DagBag from /home/airflow/.local/lib/python3.7/site-packages/airflow/example_dags/example_branch_operator_decorator.py
[2022-08-21 18:37:20,867] {processor.py:651} INFO - DAG(s) dict_keys(['example_branch_python_operator_decorator']) retrieved from /home/airflow/.local/lib/python3.7/site-packages/airflow/example_dags/example_branch_operator_decorator.py
[2022-08-21 18:37:21,004] {logging_mixin.py:115} INFO - [2022-08-21 18:37:21,004] {dag.py:2371} INFO - Sync 1 DAGs
[2022-08-21 18:37:21,118] {logging_mixin.py:115} INFO - [2022-08-21 18:37:21,118] {dag.py:2919} INFO - Setting next_dagrun for example_branch_python_operator_decorator to 2022-08-20T00:00:00+00:00, run_after=2022-08-21T00:00:00+00:00
[2022-08-21 18:37:21,164] {processor.py:161} INFO - Processing /home/airflow/.local/lib/python3.7/site-packages/airflow/example_dags/example_branch_operator_decorator.py took 0.397 seconds
[2022-08-21 20:25:23,645] {processor.py:153} INFO - Started process (PID=26733) to work on /home/airflow/.local/lib/python3.7/site-packages/airflow/example_dags/example_branch_operator_decorator.py
[2022-08-21 20:25:23,647] {processor.py:641} INFO - Processing file /home/airflow/.local/lib/python3.7/site-packages/airflow/example_dags/example_branch_operator_decorator.py for tasks to queue
[2022-08-21 20:25:23,649] {logging_mixin.py:115} INFO - [2022-08-21 20:25:23,649] {dagbag.py:507} INFO - Filling up the DagBag from /home/airflow/.local/lib/python3.7/site-packages/airflow/example_dags/example_branch_operator_decorator.py
[2022-08-21 20:25:23,829] {processor.py:651} INFO - DAG(s) dict_keys(['example_branch_python_operator_decorator']) retrieved from /home/airflow/.local/lib/python3.7/site-packages/airflow/example_dags/example_branch_operator_decorator.py
[2022-08-21 20:25:24,051] {logging_mixin.py:115} INFO - [2022-08-21 20:25:24,051] {dag.py:2371} INFO - Sync 1 DAGs
[2022-08-21 20:25:24,167] {logging_mixin.py:115} INFO - [2022-08-21 20:25:24,167] {dag.py:2919} INFO - Setting next_dagrun for example_branch_python_operator_decorator to 2022-08-20T00:00:00+00:00, run_after=2022-08-21T00:00:00+00:00
[2022-08-21 20:25:24,214] {processor.py:161} INFO - Processing /home/airflow/.local/lib/python3.7/site-packages/airflow/example_dags/example_branch_operator_decorator.py took 0.579 seconds
[2022-08-21 20:25:55,087] {processor.py:153} INFO - Started process (PID=26788) to work on /home/airflow/.local/lib/python3.7/site-packages/airflow/example_dags/example_branch_operator_decorator.py
[2022-08-21 20:25:55,092] {processor.py:641} INFO - Processing file /home/airflow/.local/lib/python3.7/site-packages/airflow/example_dags/example_branch_operator_decorator.py for tasks to queue
[2022-08-21 20:25:55,096] {logging_mixin.py:115} INFO - [2022-08-21 20:25:55,095] {dagbag.py:507} INFO - Filling up the DagBag from /home/airflow/.local/lib/python3.7/site-packages/airflow/example_dags/example_branch_operator_decorator.py
[2022-08-21 20:25:55,184] {processor.py:651} INFO - DAG(s) dict_keys(['example_branch_python_operator_decorator']) retrieved from /home/airflow/.local/lib/python3.7/site-packages/airflow/example_dags/example_branch_operator_decorator.py
[2022-08-21 20:25:55,299] {logging_mixin.py:115} INFO - [2022-08-21 20:25:55,299] {dag.py:2371} INFO - Sync 1 DAGs
[2022-08-21 20:25:55,365] {logging_mixin.py:115} INFO - [2022-08-21 20:25:55,364] {dag.py:2919} INFO - Setting next_dagrun for example_branch_python_operator_decorator to 2022-08-20T00:00:00+00:00, run_after=2022-08-21T00:00:00+00:00
[2022-08-21 20:25:55,398] {processor.py:161} INFO - Processing /home/airflow/.local/lib/python3.7/site-packages/airflow/example_dags/example_branch_operator_decorator.py took 0.323 seconds
[2022-08-21 20:26:25,546] {processor.py:153} INFO - Started process (PID=26840) to work on /home/airflow/.local/lib/python3.7/site-packages/airflow/example_dags/example_branch_operator_decorator.py
[2022-08-21 20:26:25,548] {processor.py:641} INFO - Processing file /home/airflow/.local/lib/python3.7/site-packages/airflow/example_dags/example_branch_operator_decorator.py for tasks to queue
[2022-08-21 20:26:25,550] {logging_mixin.py:115} INFO - [2022-08-21 20:26:25,550] {dagbag.py:507} INFO - Filling up the DagBag from /home/airflow/.local/lib/python3.7/site-packages/airflow/example_dags/example_branch_operator_decorator.py
[2022-08-21 20:26:25,583] {processor.py:651} INFO - DAG(s) dict_keys(['example_branch_python_operator_decorator']) retrieved from /home/airflow/.local/lib/python3.7/site-packages/airflow/example_dags/example_branch_operator_decorator.py
[2022-08-21 20:26:25,629] {logging_mixin.py:115} INFO - [2022-08-21 20:26:25,629] {dag.py:2371} INFO - Sync 1 DAGs
[2022-08-21 20:26:25,664] {logging_mixin.py:115} INFO - [2022-08-21 20:26:25,663] {dag.py:2919} INFO - Setting next_dagrun for example_branch_python_operator_decorator to 2022-08-20T00:00:00+00:00, run_after=2022-08-21T00:00:00+00:00
[2022-08-21 20:26:25,685] {processor.py:161} INFO - Processing /home/airflow/.local/lib/python3.7/site-packages/airflow/example_dags/example_branch_operator_decorator.py took 0.146 seconds
[2022-08-21 20:26:55,931] {processor.py:153} INFO - Started process (PID=26892) to work on /home/airflow/.local/lib/python3.7/site-packages/airflow/example_dags/example_branch_operator_decorator.py
[2022-08-21 20:26:55,933] {processor.py:641} INFO - Processing file /home/airflow/.local/lib/python3.7/site-packages/airflow/example_dags/example_branch_operator_decorator.py for tasks to queue
[2022-08-21 20:26:55,936] {logging_mixin.py:115} INFO - [2022-08-21 20:26:55,935] {dagbag.py:507} INFO - Filling up the DagBag from /home/airflow/.local/lib/python3.7/site-packages/airflow/example_dags/example_branch_operator_decorator.py
[2022-08-21 20:26:55,963] {processor.py:651} INFO - DAG(s) dict_keys(['example_branch_python_operator_decorator']) retrieved from /home/airflow/.local/lib/python3.7/site-packages/airflow/example_dags/example_branch_operator_decorator.py
[2022-08-21 20:26:56,008] {logging_mixin.py:115} INFO - [2022-08-21 20:26:56,008] {dag.py:2371} INFO - Sync 1 DAGs
[2022-08-21 20:26:56,042] {logging_mixin.py:115} INFO - [2022-08-21 20:26:56,042] {dag.py:2919} INFO - Setting next_dagrun for example_branch_python_operator_decorator to 2022-08-20T00:00:00+00:00, run_after=2022-08-21T00:00:00+00:00
[2022-08-21 20:26:56,060] {processor.py:161} INFO - Processing /home/airflow/.local/lib/python3.7/site-packages/airflow/example_dags/example_branch_operator_decorator.py took 0.140 seconds
[2022-08-21 20:27:26,988] {processor.py:153} INFO - Started process (PID=26953) to work on /home/airflow/.local/lib/python3.7/site-packages/airflow/example_dags/example_branch_operator_decorator.py
[2022-08-21 20:27:26,989] {processor.py:641} INFO - Processing file /home/airflow/.local/lib/python3.7/site-packages/airflow/example_dags/example_branch_operator_decorator.py for tasks to queue
[2022-08-21 20:27:26,991] {logging_mixin.py:115} INFO - [2022-08-21 20:27:26,991] {dagbag.py:507} INFO - Filling up the DagBag from /home/airflow/.local/lib/python3.7/site-packages/airflow/example_dags/example_branch_operator_decorator.py
[2022-08-21 20:27:27,026] {processor.py:651} INFO - DAG(s) dict_keys(['example_branch_python_operator_decorator']) retrieved from /home/airflow/.local/lib/python3.7/site-packages/airflow/example_dags/example_branch_operator_decorator.py
[2022-08-21 20:27:27,056] {logging_mixin.py:115} INFO - [2022-08-21 20:27:27,056] {dag.py:2371} INFO - Sync 1 DAGs
[2022-08-21 20:27:27,080] {logging_mixin.py:115} INFO - [2022-08-21 20:27:27,080] {dag.py:2919} INFO - Setting next_dagrun for example_branch_python_operator_decorator to 2022-08-20T00:00:00+00:00, run_after=2022-08-21T00:00:00+00:00
[2022-08-21 20:27:27,092] {processor.py:161} INFO - Processing /home/airflow/.local/lib/python3.7/site-packages/airflow/example_dags/example_branch_operator_decorator.py took 0.110 seconds
[2022-08-21 20:27:57,505] {processor.py:153} INFO - Started process (PID=27014) to work on /home/airflow/.local/lib/python3.7/site-packages/airflow/example_dags/example_branch_operator_decorator.py
[2022-08-21 20:27:57,507] {processor.py:641} INFO - Processing file /home/airflow/.local/lib/python3.7/site-packages/airflow/example_dags/example_branch_operator_decorator.py for tasks to queue
[2022-08-21 20:27:57,508] {logging_mixin.py:115} INFO - [2022-08-21 20:27:57,508] {dagbag.py:507} INFO - Filling up the DagBag from /home/airflow/.local/lib/python3.7/site-packages/airflow/example_dags/example_branch_operator_decorator.py
[2022-08-21 20:27:57,534] {processor.py:651} INFO - DAG(s) dict_keys(['example_branch_python_operator_decorator']) retrieved from /home/airflow/.local/lib/python3.7/site-packages/airflow/example_dags/example_branch_operator_decorator.py
[2022-08-21 20:27:57,571] {logging_mixin.py:115} INFO - [2022-08-21 20:27:57,571] {dag.py:2371} INFO - Sync 1 DAGs
[2022-08-21 20:27:57,596] {logging_mixin.py:115} INFO - [2022-08-21 20:27:57,596] {dag.py:2919} INFO - Setting next_dagrun for example_branch_python_operator_decorator to 2022-08-20T00:00:00+00:00, run_after=2022-08-21T00:00:00+00:00
[2022-08-21 20:27:57,609] {processor.py:161} INFO - Processing /home/airflow/.local/lib/python3.7/site-packages/airflow/example_dags/example_branch_operator_decorator.py took 0.108 seconds
[2022-08-21 20:28:27,797] {processor.py:153} INFO - Started process (PID=27067) to work on /home/airflow/.local/lib/python3.7/site-packages/airflow/example_dags/example_branch_operator_decorator.py
[2022-08-21 20:28:27,798] {processor.py:641} INFO - Processing file /home/airflow/.local/lib/python3.7/site-packages/airflow/example_dags/example_branch_operator_decorator.py for tasks to queue
[2022-08-21 20:28:27,799] {logging_mixin.py:115} INFO - [2022-08-21 20:28:27,799] {dagbag.py:507} INFO - Filling up the DagBag from /home/airflow/.local/lib/python3.7/site-packages/airflow/example_dags/example_branch_operator_decorator.py
[2022-08-21 20:28:27,824] {processor.py:651} INFO - DAG(s) dict_keys(['example_branch_python_operator_decorator']) retrieved from /home/airflow/.local/lib/python3.7/site-packages/airflow/example_dags/example_branch_operator_decorator.py
[2022-08-21 20:28:27,855] {logging_mixin.py:115} INFO - [2022-08-21 20:28:27,855] {dag.py:2371} INFO - Sync 1 DAGs
[2022-08-21 20:28:27,879] {logging_mixin.py:115} INFO - [2022-08-21 20:28:27,879] {dag.py:2919} INFO - Setting next_dagrun for example_branch_python_operator_decorator to 2022-08-20T00:00:00+00:00, run_after=2022-08-21T00:00:00+00:00
[2022-08-21 20:28:27,893] {processor.py:161} INFO - Processing /home/airflow/.local/lib/python3.7/site-packages/airflow/example_dags/example_branch_operator_decorator.py took 0.103 seconds
[2022-08-21 20:28:58,412] {processor.py:153} INFO - Started process (PID=27128) to work on /home/airflow/.local/lib/python3.7/site-packages/airflow/example_dags/example_branch_operator_decorator.py
[2022-08-21 20:28:58,414] {processor.py:641} INFO - Processing file /home/airflow/.local/lib/python3.7/site-packages/airflow/example_dags/example_branch_operator_decorator.py for tasks to queue
[2022-08-21 20:28:58,416] {logging_mixin.py:115} INFO - [2022-08-21 20:28:58,416] {dagbag.py:507} INFO - Filling up the DagBag from /home/airflow/.local/lib/python3.7/site-packages/airflow/example_dags/example_branch_operator_decorator.py
[2022-08-21 20:28:58,441] {processor.py:651} INFO - DAG(s) dict_keys(['example_branch_python_operator_decorator']) retrieved from /home/airflow/.local/lib/python3.7/site-packages/airflow/example_dags/example_branch_operator_decorator.py
[2022-08-21 20:28:58,472] {logging_mixin.py:115} INFO - [2022-08-21 20:28:58,472] {dag.py:2371} INFO - Sync 1 DAGs
[2022-08-21 20:28:58,496] {logging_mixin.py:115} INFO - [2022-08-21 20:28:58,496] {dag.py:2919} INFO - Setting next_dagrun for example_branch_python_operator_decorator to 2022-08-20T00:00:00+00:00, run_after=2022-08-21T00:00:00+00:00
[2022-08-21 20:28:58,510] {processor.py:161} INFO - Processing /home/airflow/.local/lib/python3.7/site-packages/airflow/example_dags/example_branch_operator_decorator.py took 0.103 seconds
[2022-08-21 20:29:28,962] {processor.py:153} INFO - Started process (PID=27190) to work on /home/airflow/.local/lib/python3.7/site-packages/airflow/example_dags/example_branch_operator_decorator.py
[2022-08-21 20:29:28,963] {processor.py:641} INFO - Processing file /home/airflow/.local/lib/python3.7/site-packages/airflow/example_dags/example_branch_operator_decorator.py for tasks to queue
[2022-08-21 20:29:28,965] {logging_mixin.py:115} INFO - [2022-08-21 20:29:28,965] {dagbag.py:507} INFO - Filling up the DagBag from /home/airflow/.local/lib/python3.7/site-packages/airflow/example_dags/example_branch_operator_decorator.py
[2022-08-21 20:29:28,990] {processor.py:651} INFO - DAG(s) dict_keys(['example_branch_python_operator_decorator']) retrieved from /home/airflow/.local/lib/python3.7/site-packages/airflow/example_dags/example_branch_operator_decorator.py
[2022-08-21 20:29:29,032] {logging_mixin.py:115} INFO - [2022-08-21 20:29:29,032] {dag.py:2371} INFO - Sync 1 DAGs
[2022-08-21 20:29:29,063] {logging_mixin.py:115} INFO - [2022-08-21 20:29:29,063] {dag.py:2919} INFO - Setting next_dagrun for example_branch_python_operator_decorator to 2022-08-20T00:00:00+00:00, run_after=2022-08-21T00:00:00+00:00
[2022-08-21 20:29:29,080] {processor.py:161} INFO - Processing /home/airflow/.local/lib/python3.7/site-packages/airflow/example_dags/example_branch_operator_decorator.py took 0.123 seconds
[2022-08-21 20:29:59,295] {processor.py:153} INFO - Started process (PID=27242) to work on /home/airflow/.local/lib/python3.7/site-packages/airflow/example_dags/example_branch_operator_decorator.py
[2022-08-21 20:29:59,296] {processor.py:641} INFO - Processing file /home/airflow/.local/lib/python3.7/site-packages/airflow/example_dags/example_branch_operator_decorator.py for tasks to queue
[2022-08-21 20:29:59,298] {logging_mixin.py:115} INFO - [2022-08-21 20:29:59,297] {dagbag.py:507} INFO - Filling up the DagBag from /home/airflow/.local/lib/python3.7/site-packages/airflow/example_dags/example_branch_operator_decorator.py
[2022-08-21 20:29:59,320] {processor.py:651} INFO - DAG(s) dict_keys(['example_branch_python_operator_decorator']) retrieved from /home/airflow/.local/lib/python3.7/site-packages/airflow/example_dags/example_branch_operator_decorator.py
[2022-08-21 20:29:59,352] {logging_mixin.py:115} INFO - [2022-08-21 20:29:59,352] {dag.py:2371} INFO - Sync 1 DAGs
[2022-08-21 20:29:59,382] {logging_mixin.py:115} INFO - [2022-08-21 20:29:59,382] {dag.py:2919} INFO - Setting next_dagrun for example_branch_python_operator_decorator to 2022-08-20T00:00:00+00:00, run_after=2022-08-21T00:00:00+00:00
[2022-08-21 20:29:59,415] {processor.py:161} INFO - Processing /home/airflow/.local/lib/python3.7/site-packages/airflow/example_dags/example_branch_operator_decorator.py took 0.123 seconds
[2022-08-21 20:30:29,563] {processor.py:153} INFO - Started process (PID=27303) to work on /home/airflow/.local/lib/python3.7/site-packages/airflow/example_dags/example_branch_operator_decorator.py
[2022-08-21 20:30:29,565] {processor.py:641} INFO - Processing file /home/airflow/.local/lib/python3.7/site-packages/airflow/example_dags/example_branch_operator_decorator.py for tasks to queue
[2022-08-21 20:30:29,568] {logging_mixin.py:115} INFO - [2022-08-21 20:30:29,567] {dagbag.py:507} INFO - Filling up the DagBag from /home/airflow/.local/lib/python3.7/site-packages/airflow/example_dags/example_branch_operator_decorator.py
[2022-08-21 20:30:29,607] {processor.py:651} INFO - DAG(s) dict_keys(['example_branch_python_operator_decorator']) retrieved from /home/airflow/.local/lib/python3.7/site-packages/airflow/example_dags/example_branch_operator_decorator.py
[2022-08-21 20:30:29,661] {logging_mixin.py:115} INFO - [2022-08-21 20:30:29,661] {dag.py:2371} INFO - Sync 1 DAGs
[2022-08-21 20:30:29,688] {logging_mixin.py:115} INFO - [2022-08-21 20:30:29,688] {dag.py:2919} INFO - Setting next_dagrun for example_branch_python_operator_decorator to 2022-08-20T00:00:00+00:00, run_after=2022-08-21T00:00:00+00:00
[2022-08-21 20:30:29,704] {processor.py:161} INFO - Processing /home/airflow/.local/lib/python3.7/site-packages/airflow/example_dags/example_branch_operator_decorator.py took 0.147 seconds
[2022-08-21 20:31:01,684] {processor.py:153} INFO - Started process (PID=27348) to work on /home/airflow/.local/lib/python3.7/site-packages/airflow/example_dags/example_branch_operator_decorator.py
[2022-08-21 20:31:01,686] {processor.py:641} INFO - Processing file /home/airflow/.local/lib/python3.7/site-packages/airflow/example_dags/example_branch_operator_decorator.py for tasks to queue
[2022-08-21 20:31:01,687] {logging_mixin.py:115} INFO - [2022-08-21 20:31:01,687] {dagbag.py:507} INFO - Filling up the DagBag from /home/airflow/.local/lib/python3.7/site-packages/airflow/example_dags/example_branch_operator_decorator.py
[2022-08-21 20:31:01,718] {processor.py:651} INFO - DAG(s) dict_keys(['example_branch_python_operator_decorator']) retrieved from /home/airflow/.local/lib/python3.7/site-packages/airflow/example_dags/example_branch_operator_decorator.py
[2022-08-21 20:31:01,755] {logging_mixin.py:115} INFO - [2022-08-21 20:31:01,755] {dag.py:2371} INFO - Sync 1 DAGs
[2022-08-21 20:31:01,818] {logging_mixin.py:115} INFO - [2022-08-21 20:31:01,818] {dag.py:2919} INFO - Setting next_dagrun for example_branch_python_operator_decorator to 2022-08-20T00:00:00+00:00, run_after=2022-08-21T00:00:00+00:00
[2022-08-21 20:31:01,836] {processor.py:161} INFO - Processing /home/airflow/.local/lib/python3.7/site-packages/airflow/example_dags/example_branch_operator_decorator.py took 0.161 seconds
[2022-08-21 22:14:01,611] {processor.py:153} INFO - Started process (PID=27376) to work on /home/airflow/.local/lib/python3.7/site-packages/airflow/example_dags/example_branch_operator_decorator.py
[2022-08-21 22:14:01,625] {processor.py:641} INFO - Processing file /home/airflow/.local/lib/python3.7/site-packages/airflow/example_dags/example_branch_operator_decorator.py for tasks to queue
[2022-08-21 22:14:01,628] {logging_mixin.py:115} INFO - [2022-08-21 22:14:01,627] {dagbag.py:507} INFO - Filling up the DagBag from /home/airflow/.local/lib/python3.7/site-packages/airflow/example_dags/example_branch_operator_decorator.py
[2022-08-21 22:14:01,831] {processor.py:651} INFO - DAG(s) dict_keys(['example_branch_python_operator_decorator']) retrieved from /home/airflow/.local/lib/python3.7/site-packages/airflow/example_dags/example_branch_operator_decorator.py
[2022-08-21 22:14:01,935] {logging_mixin.py:115} INFO - [2022-08-21 22:14:01,935] {dag.py:2371} INFO - Sync 1 DAGs
[2022-08-21 22:14:01,992] {logging_mixin.py:115} INFO - [2022-08-21 22:14:01,992] {dag.py:2919} INFO - Setting next_dagrun for example_branch_python_operator_decorator to 2022-08-20T00:00:00+00:00, run_after=2022-08-21T00:00:00+00:00
[2022-08-21 22:14:02,049] {processor.py:161} INFO - Processing /home/airflow/.local/lib/python3.7/site-packages/airflow/example_dags/example_branch_operator_decorator.py took 0.461 seconds
