[2022-08-21 10:46:46,505] {processor.py:153} INFO - Started process (PID=26495) to work on /home/airflow/.local/lib/python3.7/site-packages/airflow/example_dags/example_branch_python_dop_operator_3.py
[2022-08-21 10:46:46,511] {processor.py:641} INFO - Processing file /home/airflow/.local/lib/python3.7/site-packages/airflow/example_dags/example_branch_python_dop_operator_3.py for tasks to queue
[2022-08-21 10:46:46,515] {logging_mixin.py:115} INFO - [2022-08-21 10:46:46,515] {dagbag.py:507} INFO - Filling up the DagBag from /home/airflow/.local/lib/python3.7/site-packages/airflow/example_dags/example_branch_python_dop_operator_3.py
[2022-08-21 10:46:46,579] {processor.py:651} INFO - DAG(s) dict_keys(['example_branch_dop_operator_v3']) retrieved from /home/airflow/.local/lib/python3.7/site-packages/airflow/example_dags/example_branch_python_dop_operator_3.py
[2022-08-21 10:46:46,656] {logging_mixin.py:115} INFO - [2022-08-21 10:46:46,656] {dag.py:2371} INFO - Sync 1 DAGs
[2022-08-21 10:46:46,768] {logging_mixin.py:115} INFO - [2022-08-21 10:46:46,768] {dag.py:2919} INFO - Setting next_dagrun for example_branch_dop_operator_v3 to 2022-08-21T10:45:00+00:00, run_after=2022-08-21T10:46:00+00:00
[2022-08-21 10:46:46,825] {processor.py:161} INFO - Processing /home/airflow/.local/lib/python3.7/site-packages/airflow/example_dags/example_branch_python_dop_operator_3.py took 0.351 seconds
[2022-08-21 10:47:16,934] {processor.py:153} INFO - Started process (PID=26547) to work on /home/airflow/.local/lib/python3.7/site-packages/airflow/example_dags/example_branch_python_dop_operator_3.py
[2022-08-21 10:47:16,935] {processor.py:641} INFO - Processing file /home/airflow/.local/lib/python3.7/site-packages/airflow/example_dags/example_branch_python_dop_operator_3.py for tasks to queue
[2022-08-21 10:47:16,937] {logging_mixin.py:115} INFO - [2022-08-21 10:47:16,937] {dagbag.py:507} INFO - Filling up the DagBag from /home/airflow/.local/lib/python3.7/site-packages/airflow/example_dags/example_branch_python_dop_operator_3.py
[2022-08-21 10:47:16,949] {processor.py:651} INFO - DAG(s) dict_keys(['example_branch_dop_operator_v3']) retrieved from /home/airflow/.local/lib/python3.7/site-packages/airflow/example_dags/example_branch_python_dop_operator_3.py
[2022-08-21 10:47:16,981] {logging_mixin.py:115} INFO - [2022-08-21 10:47:16,980] {dag.py:2371} INFO - Sync 1 DAGs
[2022-08-21 10:47:17,007] {logging_mixin.py:115} INFO - [2022-08-21 10:47:17,007] {dag.py:2919} INFO - Setting next_dagrun for example_branch_dop_operator_v3 to 2022-08-21T10:46:00+00:00, run_after=2022-08-21T10:47:00+00:00
[2022-08-21 10:47:17,020] {processor.py:161} INFO - Processing /home/airflow/.local/lib/python3.7/site-packages/airflow/example_dags/example_branch_python_dop_operator_3.py took 0.090 seconds
[2022-08-21 16:48:10,733] {processor.py:153} INFO - Started process (PID=26608) to work on /home/airflow/.local/lib/python3.7/site-packages/airflow/example_dags/example_branch_python_dop_operator_3.py
[2022-08-21 16:48:10,735] {processor.py:641} INFO - Processing file /home/airflow/.local/lib/python3.7/site-packages/airflow/example_dags/example_branch_python_dop_operator_3.py for tasks to queue
[2022-08-21 16:48:10,737] {logging_mixin.py:115} INFO - [2022-08-21 16:48:10,737] {dagbag.py:507} INFO - Filling up the DagBag from /home/airflow/.local/lib/python3.7/site-packages/airflow/example_dags/example_branch_python_dop_operator_3.py
[2022-08-21 16:48:10,758] {processor.py:651} INFO - DAG(s) dict_keys(['example_branch_dop_operator_v3']) retrieved from /home/airflow/.local/lib/python3.7/site-packages/airflow/example_dags/example_branch_python_dop_operator_3.py
[2022-08-21 16:48:10,824] {logging_mixin.py:115} INFO - [2022-08-21 16:48:10,824] {dag.py:2371} INFO - Sync 1 DAGs
[2022-08-21 16:48:10,882] {logging_mixin.py:115} INFO - [2022-08-21 16:48:10,882] {dag.py:2919} INFO - Setting next_dagrun for example_branch_dop_operator_v3 to 2022-08-21T16:47:00+00:00, run_after=2022-08-21T16:48:00+00:00
[2022-08-21 16:48:10,902] {processor.py:161} INFO - Processing /home/airflow/.local/lib/python3.7/site-packages/airflow/example_dags/example_branch_python_dop_operator_3.py took 0.175 seconds
[2022-08-21 17:03:51,419] {processor.py:153} INFO - Started process (PID=26661) to work on /home/airflow/.local/lib/python3.7/site-packages/airflow/example_dags/example_branch_python_dop_operator_3.py
[2022-08-21 17:03:51,421] {processor.py:641} INFO - Processing file /home/airflow/.local/lib/python3.7/site-packages/airflow/example_dags/example_branch_python_dop_operator_3.py for tasks to queue
[2022-08-21 17:03:51,422] {logging_mixin.py:115} INFO - [2022-08-21 17:03:51,422] {dagbag.py:507} INFO - Filling up the DagBag from /home/airflow/.local/lib/python3.7/site-packages/airflow/example_dags/example_branch_python_dop_operator_3.py
[2022-08-21 17:03:51,570] {processor.py:651} INFO - DAG(s) dict_keys(['example_branch_dop_operator_v3']) retrieved from /home/airflow/.local/lib/python3.7/site-packages/airflow/example_dags/example_branch_python_dop_operator_3.py
[2022-08-21 17:03:51,591] {logging_mixin.py:115} INFO - [2022-08-21 17:03:51,591] {dag.py:2371} INFO - Sync 1 DAGs
[2022-08-21 17:03:51,628] {logging_mixin.py:115} INFO - [2022-08-21 17:03:51,628] {dag.py:2919} INFO - Setting next_dagrun for example_branch_dop_operator_v3 to 2022-08-21T17:02:00+00:00, run_after=2022-08-21T17:03:00+00:00
[2022-08-21 17:03:51,655] {processor.py:161} INFO - Processing /home/airflow/.local/lib/python3.7/site-packages/airflow/example_dags/example_branch_python_dop_operator_3.py took 0.241 seconds
[2022-08-21 18:37:24,562] {processor.py:153} INFO - Started process (PID=26713) to work on /home/airflow/.local/lib/python3.7/site-packages/airflow/example_dags/example_branch_python_dop_operator_3.py
[2022-08-21 18:37:24,563] {processor.py:641} INFO - Processing file /home/airflow/.local/lib/python3.7/site-packages/airflow/example_dags/example_branch_python_dop_operator_3.py for tasks to queue
[2022-08-21 18:37:24,564] {logging_mixin.py:115} INFO - [2022-08-21 18:37:24,564] {dagbag.py:507} INFO - Filling up the DagBag from /home/airflow/.local/lib/python3.7/site-packages/airflow/example_dags/example_branch_python_dop_operator_3.py
[2022-08-21 18:37:24,587] {processor.py:651} INFO - DAG(s) dict_keys(['example_branch_dop_operator_v3']) retrieved from /home/airflow/.local/lib/python3.7/site-packages/airflow/example_dags/example_branch_python_dop_operator_3.py
[2022-08-21 18:37:24,623] {logging_mixin.py:115} INFO - [2022-08-21 18:37:24,622] {dag.py:2371} INFO - Sync 1 DAGs
[2022-08-21 18:37:24,659] {logging_mixin.py:115} INFO - [2022-08-21 18:37:24,658] {dag.py:2919} INFO - Setting next_dagrun for example_branch_dop_operator_v3 to 2022-08-21T18:36:00+00:00, run_after=2022-08-21T18:37:00+00:00
[2022-08-21 18:37:24,683] {processor.py:161} INFO - Processing /home/airflow/.local/lib/python3.7/site-packages/airflow/example_dags/example_branch_python_dop_operator_3.py took 0.136 seconds
[2022-08-21 20:25:28,098] {processor.py:153} INFO - Started process (PID=26757) to work on /home/airflow/.local/lib/python3.7/site-packages/airflow/example_dags/example_branch_python_dop_operator_3.py
[2022-08-21 20:25:28,106] {processor.py:641} INFO - Processing file /home/airflow/.local/lib/python3.7/site-packages/airflow/example_dags/example_branch_python_dop_operator_3.py for tasks to queue
[2022-08-21 20:25:28,108] {logging_mixin.py:115} INFO - [2022-08-21 20:25:28,108] {dagbag.py:507} INFO - Filling up the DagBag from /home/airflow/.local/lib/python3.7/site-packages/airflow/example_dags/example_branch_python_dop_operator_3.py
[2022-08-21 20:25:28,134] {processor.py:651} INFO - DAG(s) dict_keys(['example_branch_dop_operator_v3']) retrieved from /home/airflow/.local/lib/python3.7/site-packages/airflow/example_dags/example_branch_python_dop_operator_3.py
[2022-08-21 20:25:28,196] {logging_mixin.py:115} INFO - [2022-08-21 20:25:28,195] {dag.py:2371} INFO - Sync 1 DAGs
[2022-08-21 20:25:28,232] {logging_mixin.py:115} INFO - [2022-08-21 20:25:28,232] {dag.py:2919} INFO - Setting next_dagrun for example_branch_dop_operator_v3 to 2022-08-21T20:24:00+00:00, run_after=2022-08-21T20:25:00+00:00
[2022-08-21 20:25:28,245] {processor.py:161} INFO - Processing /home/airflow/.local/lib/python3.7/site-packages/airflow/example_dags/example_branch_python_dop_operator_3.py took 0.152 seconds
[2022-08-21 20:25:59,106] {processor.py:153} INFO - Started process (PID=26809) to work on /home/airflow/.local/lib/python3.7/site-packages/airflow/example_dags/example_branch_python_dop_operator_3.py
[2022-08-21 20:25:59,110] {processor.py:641} INFO - Processing file /home/airflow/.local/lib/python3.7/site-packages/airflow/example_dags/example_branch_python_dop_operator_3.py for tasks to queue
[2022-08-21 20:25:59,113] {logging_mixin.py:115} INFO - [2022-08-21 20:25:59,112] {dagbag.py:507} INFO - Filling up the DagBag from /home/airflow/.local/lib/python3.7/site-packages/airflow/example_dags/example_branch_python_dop_operator_3.py
[2022-08-21 20:25:59,144] {processor.py:651} INFO - DAG(s) dict_keys(['example_branch_dop_operator_v3']) retrieved from /home/airflow/.local/lib/python3.7/site-packages/airflow/example_dags/example_branch_python_dop_operator_3.py
[2022-08-21 20:25:59,216] {logging_mixin.py:115} INFO - [2022-08-21 20:25:59,215] {dag.py:2371} INFO - Sync 1 DAGs
[2022-08-21 20:25:59,296] {logging_mixin.py:115} INFO - [2022-08-21 20:25:59,296] {dag.py:2919} INFO - Setting next_dagrun for example_branch_dop_operator_v3 to 2022-08-21T20:24:00+00:00, run_after=2022-08-21T20:25:00+00:00
[2022-08-21 20:25:59,346] {processor.py:161} INFO - Processing /home/airflow/.local/lib/python3.7/site-packages/airflow/example_dags/example_branch_python_dop_operator_3.py took 0.250 seconds
[2022-08-21 20:26:30,078] {processor.py:153} INFO - Started process (PID=26861) to work on /home/airflow/.local/lib/python3.7/site-packages/airflow/example_dags/example_branch_python_dop_operator_3.py
[2022-08-21 20:26:30,081] {processor.py:641} INFO - Processing file /home/airflow/.local/lib/python3.7/site-packages/airflow/example_dags/example_branch_python_dop_operator_3.py for tasks to queue
[2022-08-21 20:26:30,085] {logging_mixin.py:115} INFO - [2022-08-21 20:26:30,084] {dagbag.py:507} INFO - Filling up the DagBag from /home/airflow/.local/lib/python3.7/site-packages/airflow/example_dags/example_branch_python_dop_operator_3.py
[2022-08-21 20:26:30,113] {processor.py:651} INFO - DAG(s) dict_keys(['example_branch_dop_operator_v3']) retrieved from /home/airflow/.local/lib/python3.7/site-packages/airflow/example_dags/example_branch_python_dop_operator_3.py
[2022-08-21 20:26:30,186] {logging_mixin.py:115} INFO - [2022-08-21 20:26:30,186] {dag.py:2371} INFO - Sync 1 DAGs
[2022-08-21 20:26:30,237] {logging_mixin.py:115} INFO - [2022-08-21 20:26:30,237] {dag.py:2919} INFO - Setting next_dagrun for example_branch_dop_operator_v3 to 2022-08-21T20:25:00+00:00, run_after=2022-08-21T20:26:00+00:00
[2022-08-21 20:26:30,257] {processor.py:161} INFO - Processing /home/airflow/.local/lib/python3.7/site-packages/airflow/example_dags/example_branch_python_dop_operator_3.py took 0.192 seconds
[2022-08-21 20:27:00,781] {processor.py:153} INFO - Started process (PID=26922) to work on /home/airflow/.local/lib/python3.7/site-packages/airflow/example_dags/example_branch_python_dop_operator_3.py
[2022-08-21 20:27:00,785] {processor.py:641} INFO - Processing file /home/airflow/.local/lib/python3.7/site-packages/airflow/example_dags/example_branch_python_dop_operator_3.py for tasks to queue
[2022-08-21 20:27:00,788] {logging_mixin.py:115} INFO - [2022-08-21 20:27:00,788] {dagbag.py:507} INFO - Filling up the DagBag from /home/airflow/.local/lib/python3.7/site-packages/airflow/example_dags/example_branch_python_dop_operator_3.py
[2022-08-21 20:27:00,810] {processor.py:651} INFO - DAG(s) dict_keys(['example_branch_dop_operator_v3']) retrieved from /home/airflow/.local/lib/python3.7/site-packages/airflow/example_dags/example_branch_python_dop_operator_3.py
[2022-08-21 20:27:00,852] {logging_mixin.py:115} INFO - [2022-08-21 20:27:00,852] {dag.py:2371} INFO - Sync 1 DAGs
[2022-08-21 20:27:00,896] {logging_mixin.py:115} INFO - [2022-08-21 20:27:00,896] {dag.py:2919} INFO - Setting next_dagrun for example_branch_dop_operator_v3 to 2022-08-21T20:26:00+00:00, run_after=2022-08-21T20:27:00+00:00
[2022-08-21 20:27:00,918] {processor.py:161} INFO - Processing /home/airflow/.local/lib/python3.7/site-packages/airflow/example_dags/example_branch_python_dop_operator_3.py took 0.143 seconds
[2022-08-21 20:27:31,428] {processor.py:153} INFO - Started process (PID=26983) to work on /home/airflow/.local/lib/python3.7/site-packages/airflow/example_dags/example_branch_python_dop_operator_3.py
[2022-08-21 20:27:31,429] {processor.py:641} INFO - Processing file /home/airflow/.local/lib/python3.7/site-packages/airflow/example_dags/example_branch_python_dop_operator_3.py for tasks to queue
[2022-08-21 20:27:31,431] {logging_mixin.py:115} INFO - [2022-08-21 20:27:31,431] {dagbag.py:507} INFO - Filling up the DagBag from /home/airflow/.local/lib/python3.7/site-packages/airflow/example_dags/example_branch_python_dop_operator_3.py
[2022-08-21 20:27:31,445] {processor.py:651} INFO - DAG(s) dict_keys(['example_branch_dop_operator_v3']) retrieved from /home/airflow/.local/lib/python3.7/site-packages/airflow/example_dags/example_branch_python_dop_operator_3.py
[2022-08-21 20:27:31,476] {logging_mixin.py:115} INFO - [2022-08-21 20:27:31,476] {dag.py:2371} INFO - Sync 1 DAGs
[2022-08-21 20:27:31,503] {logging_mixin.py:115} INFO - [2022-08-21 20:27:31,503] {dag.py:2919} INFO - Setting next_dagrun for example_branch_dop_operator_v3 to 2022-08-21T20:26:00+00:00, run_after=2022-08-21T20:27:00+00:00
[2022-08-21 20:27:31,517] {processor.py:161} INFO - Processing /home/airflow/.local/lib/python3.7/site-packages/airflow/example_dags/example_branch_python_dop_operator_3.py took 0.095 seconds
[2022-08-21 20:28:01,931] {processor.py:153} INFO - Started process (PID=27035) to work on /home/airflow/.local/lib/python3.7/site-packages/airflow/example_dags/example_branch_python_dop_operator_3.py
[2022-08-21 20:28:01,933] {processor.py:641} INFO - Processing file /home/airflow/.local/lib/python3.7/site-packages/airflow/example_dags/example_branch_python_dop_operator_3.py for tasks to queue
[2022-08-21 20:28:01,934] {logging_mixin.py:115} INFO - [2022-08-21 20:28:01,934] {dagbag.py:507} INFO - Filling up the DagBag from /home/airflow/.local/lib/python3.7/site-packages/airflow/example_dags/example_branch_python_dop_operator_3.py
[2022-08-21 20:28:01,947] {processor.py:651} INFO - DAG(s) dict_keys(['example_branch_dop_operator_v3']) retrieved from /home/airflow/.local/lib/python3.7/site-packages/airflow/example_dags/example_branch_python_dop_operator_3.py
[2022-08-21 20:28:01,978] {logging_mixin.py:115} INFO - [2022-08-21 20:28:01,978] {dag.py:2371} INFO - Sync 1 DAGs
[2022-08-21 20:28:02,007] {logging_mixin.py:115} INFO - [2022-08-21 20:28:02,007] {dag.py:2919} INFO - Setting next_dagrun for example_branch_dop_operator_v3 to 2022-08-21T20:27:00+00:00, run_after=2022-08-21T20:28:00+00:00
[2022-08-21 20:28:02,021] {processor.py:161} INFO - Processing /home/airflow/.local/lib/python3.7/site-packages/airflow/example_dags/example_branch_python_dop_operator_3.py took 0.096 seconds
[2022-08-21 20:28:32,207] {processor.py:153} INFO - Started process (PID=27097) to work on /home/airflow/.local/lib/python3.7/site-packages/airflow/example_dags/example_branch_python_dop_operator_3.py
[2022-08-21 20:28:32,209] {processor.py:641} INFO - Processing file /home/airflow/.local/lib/python3.7/site-packages/airflow/example_dags/example_branch_python_dop_operator_3.py for tasks to queue
[2022-08-21 20:28:32,211] {logging_mixin.py:115} INFO - [2022-08-21 20:28:32,211] {dagbag.py:507} INFO - Filling up the DagBag from /home/airflow/.local/lib/python3.7/site-packages/airflow/example_dags/example_branch_python_dop_operator_3.py
[2022-08-21 20:28:32,229] {processor.py:651} INFO - DAG(s) dict_keys(['example_branch_dop_operator_v3']) retrieved from /home/airflow/.local/lib/python3.7/site-packages/airflow/example_dags/example_branch_python_dop_operator_3.py
[2022-08-21 20:28:32,268] {logging_mixin.py:115} INFO - [2022-08-21 20:28:32,268] {dag.py:2371} INFO - Sync 1 DAGs
[2022-08-21 20:28:32,311] {logging_mixin.py:115} INFO - [2022-08-21 20:28:32,311] {dag.py:2919} INFO - Setting next_dagrun for example_branch_dop_operator_v3 to 2022-08-21T20:27:00+00:00, run_after=2022-08-21T20:28:00+00:00
[2022-08-21 20:28:32,364] {processor.py:161} INFO - Processing /home/airflow/.local/lib/python3.7/site-packages/airflow/example_dags/example_branch_python_dop_operator_3.py took 0.162 seconds
[2022-08-21 20:29:02,848] {processor.py:153} INFO - Started process (PID=27156) to work on /home/airflow/.local/lib/python3.7/site-packages/airflow/example_dags/example_branch_python_dop_operator_3.py
[2022-08-21 20:29:02,849] {processor.py:641} INFO - Processing file /home/airflow/.local/lib/python3.7/site-packages/airflow/example_dags/example_branch_python_dop_operator_3.py for tasks to queue
[2022-08-21 20:29:02,851] {logging_mixin.py:115} INFO - [2022-08-21 20:29:02,850] {dagbag.py:507} INFO - Filling up the DagBag from /home/airflow/.local/lib/python3.7/site-packages/airflow/example_dags/example_branch_python_dop_operator_3.py
[2022-08-21 20:29:02,863] {processor.py:651} INFO - DAG(s) dict_keys(['example_branch_dop_operator_v3']) retrieved from /home/airflow/.local/lib/python3.7/site-packages/airflow/example_dags/example_branch_python_dop_operator_3.py
[2022-08-21 20:29:02,894] {logging_mixin.py:115} INFO - [2022-08-21 20:29:02,894] {dag.py:2371} INFO - Sync 1 DAGs
[2022-08-21 20:29:02,922] {logging_mixin.py:115} INFO - [2022-08-21 20:29:02,921] {dag.py:2919} INFO - Setting next_dagrun for example_branch_dop_operator_v3 to 2022-08-21T20:28:00+00:00, run_after=2022-08-21T20:29:00+00:00
[2022-08-21 20:29:02,940] {processor.py:161} INFO - Processing /home/airflow/.local/lib/python3.7/site-packages/airflow/example_dags/example_branch_python_dop_operator_3.py took 0.095 seconds
[2022-08-21 20:29:33,432] {processor.py:153} INFO - Started process (PID=27211) to work on /home/airflow/.local/lib/python3.7/site-packages/airflow/example_dags/example_branch_python_dop_operator_3.py
[2022-08-21 20:29:33,433] {processor.py:641} INFO - Processing file /home/airflow/.local/lib/python3.7/site-packages/airflow/example_dags/example_branch_python_dop_operator_3.py for tasks to queue
[2022-08-21 20:29:33,434] {logging_mixin.py:115} INFO - [2022-08-21 20:29:33,434] {dagbag.py:507} INFO - Filling up the DagBag from /home/airflow/.local/lib/python3.7/site-packages/airflow/example_dags/example_branch_python_dop_operator_3.py
[2022-08-21 20:29:33,447] {processor.py:651} INFO - DAG(s) dict_keys(['example_branch_dop_operator_v3']) retrieved from /home/airflow/.local/lib/python3.7/site-packages/airflow/example_dags/example_branch_python_dop_operator_3.py
[2022-08-21 20:29:33,477] {logging_mixin.py:115} INFO - [2022-08-21 20:29:33,477] {dag.py:2371} INFO - Sync 1 DAGs
[2022-08-21 20:29:33,504] {logging_mixin.py:115} INFO - [2022-08-21 20:29:33,504] {dag.py:2919} INFO - Setting next_dagrun for example_branch_dop_operator_v3 to 2022-08-21T20:28:00+00:00, run_after=2022-08-21T20:29:00+00:00
[2022-08-21 20:29:33,517] {processor.py:161} INFO - Processing /home/airflow/.local/lib/python3.7/site-packages/airflow/example_dags/example_branch_python_dop_operator_3.py took 0.089 seconds
[2022-08-21 20:30:03,590] {processor.py:153} INFO - Started process (PID=27272) to work on /home/airflow/.local/lib/python3.7/site-packages/airflow/example_dags/example_branch_python_dop_operator_3.py
[2022-08-21 20:30:03,592] {processor.py:641} INFO - Processing file /home/airflow/.local/lib/python3.7/site-packages/airflow/example_dags/example_branch_python_dop_operator_3.py for tasks to queue
[2022-08-21 20:30:03,593] {logging_mixin.py:115} INFO - [2022-08-21 20:30:03,592] {dagbag.py:507} INFO - Filling up the DagBag from /home/airflow/.local/lib/python3.7/site-packages/airflow/example_dags/example_branch_python_dop_operator_3.py
[2022-08-21 20:30:03,604] {processor.py:651} INFO - DAG(s) dict_keys(['example_branch_dop_operator_v3']) retrieved from /home/airflow/.local/lib/python3.7/site-packages/airflow/example_dags/example_branch_python_dop_operator_3.py
[2022-08-21 20:30:03,641] {logging_mixin.py:115} INFO - [2022-08-21 20:30:03,640] {dag.py:2371} INFO - Sync 1 DAGs
[2022-08-21 20:30:03,670] {logging_mixin.py:115} INFO - [2022-08-21 20:30:03,670] {dag.py:2919} INFO - Setting next_dagrun for example_branch_dop_operator_v3 to 2022-08-21T20:29:00+00:00, run_after=2022-08-21T20:30:00+00:00
[2022-08-21 20:30:03,685] {processor.py:161} INFO - Processing /home/airflow/.local/lib/python3.7/site-packages/airflow/example_dags/example_branch_python_dop_operator_3.py took 0.099 seconds
[2022-08-21 20:31:00,571] {processor.py:153} INFO - Started process (PID=27335) to work on /home/airflow/.local/lib/python3.7/site-packages/airflow/example_dags/example_branch_python_dop_operator_3.py
[2022-08-21 20:31:00,573] {processor.py:641} INFO - Processing file /home/airflow/.local/lib/python3.7/site-packages/airflow/example_dags/example_branch_python_dop_operator_3.py for tasks to queue
[2022-08-21 20:31:00,574] {logging_mixin.py:115} INFO - [2022-08-21 20:31:00,574] {dagbag.py:507} INFO - Filling up the DagBag from /home/airflow/.local/lib/python3.7/site-packages/airflow/example_dags/example_branch_python_dop_operator_3.py
[2022-08-21 20:31:00,588] {processor.py:651} INFO - DAG(s) dict_keys(['example_branch_dop_operator_v3']) retrieved from /home/airflow/.local/lib/python3.7/site-packages/airflow/example_dags/example_branch_python_dop_operator_3.py
[2022-08-21 20:31:00,617] {logging_mixin.py:115} INFO - [2022-08-21 20:31:00,617] {dag.py:2371} INFO - Sync 1 DAGs
[2022-08-21 20:31:00,643] {logging_mixin.py:115} INFO - [2022-08-21 20:31:00,643] {dag.py:2919} INFO - Setting next_dagrun for example_branch_dop_operator_v3 to 2022-08-21T20:30:00+00:00, run_after=2022-08-21T20:31:00+00:00
[2022-08-21 20:31:00,656] {processor.py:161} INFO - Processing /home/airflow/.local/lib/python3.7/site-packages/airflow/example_dags/example_branch_python_dop_operator_3.py took 0.090 seconds
[2022-08-21 22:14:04,862] {processor.py:153} INFO - Started process (PID=27400) to work on /home/airflow/.local/lib/python3.7/site-packages/airflow/example_dags/example_branch_python_dop_operator_3.py
[2022-08-21 22:14:04,863] {processor.py:641} INFO - Processing file /home/airflow/.local/lib/python3.7/site-packages/airflow/example_dags/example_branch_python_dop_operator_3.py for tasks to queue
[2022-08-21 22:14:04,865] {logging_mixin.py:115} INFO - [2022-08-21 22:14:04,865] {dagbag.py:507} INFO - Filling up the DagBag from /home/airflow/.local/lib/python3.7/site-packages/airflow/example_dags/example_branch_python_dop_operator_3.py
[2022-08-21 22:14:04,882] {processor.py:651} INFO - DAG(s) dict_keys(['example_branch_dop_operator_v3']) retrieved from /home/airflow/.local/lib/python3.7/site-packages/airflow/example_dags/example_branch_python_dop_operator_3.py
[2022-08-21 22:14:04,916] {logging_mixin.py:115} INFO - [2022-08-21 22:14:04,916] {dag.py:2371} INFO - Sync 1 DAGs
[2022-08-21 22:14:04,951] {logging_mixin.py:115} INFO - [2022-08-21 22:14:04,951] {dag.py:2919} INFO - Setting next_dagrun for example_branch_dop_operator_v3 to 2022-08-21T22:13:00+00:00, run_after=2022-08-21T22:14:00+00:00
[2022-08-21 22:14:04,965] {processor.py:161} INFO - Processing /home/airflow/.local/lib/python3.7/site-packages/airflow/example_dags/example_branch_python_dop_operator_3.py took 0.110 seconds
