[2022-08-21 10:46:45,659] {processor.py:153} INFO - Started process (PID=26489) to work on /home/airflow/.local/lib/python3.7/site-packages/airflow/example_dags/example_skip_dag.py
[2022-08-21 10:46:45,669] {processor.py:641} INFO - Processing file /home/airflow/.local/lib/python3.7/site-packages/airflow/example_dags/example_skip_dag.py for tasks to queue
[2022-08-21 10:46:45,673] {logging_mixin.py:115} INFO - [2022-08-21 10:46:45,673] {dagbag.py:507} INFO - Filling up the DagBag from /home/airflow/.local/lib/python3.7/site-packages/airflow/example_dags/example_skip_dag.py
[2022-08-21 10:46:45,687] {processor.py:651} INFO - DAG(s) dict_keys(['example_skip_dag']) retrieved from /home/airflow/.local/lib/python3.7/site-packages/airflow/example_dags/example_skip_dag.py
[2022-08-21 10:46:45,824] {logging_mixin.py:115} INFO - [2022-08-21 10:46:45,824] {dag.py:2371} INFO - Sync 1 DAGs
[2022-08-21 10:46:45,869] {logging_mixin.py:115} INFO - [2022-08-21 10:46:45,869] {dag.py:2919} INFO - Setting next_dagrun for example_skip_dag to 2022-08-20T10:46:45.868543+00:00, run_after=2022-08-21T10:46:45.868543+00:00
[2022-08-21 10:46:45,905] {processor.py:161} INFO - Processing /home/airflow/.local/lib/python3.7/site-packages/airflow/example_dags/example_skip_dag.py took 0.254 seconds
[2022-08-21 10:47:16,456] {processor.py:153} INFO - Started process (PID=26541) to work on /home/airflow/.local/lib/python3.7/site-packages/airflow/example_dags/example_skip_dag.py
[2022-08-21 10:47:16,458] {processor.py:641} INFO - Processing file /home/airflow/.local/lib/python3.7/site-packages/airflow/example_dags/example_skip_dag.py for tasks to queue
[2022-08-21 10:47:16,459] {logging_mixin.py:115} INFO - [2022-08-21 10:47:16,458] {dagbag.py:507} INFO - Filling up the DagBag from /home/airflow/.local/lib/python3.7/site-packages/airflow/example_dags/example_skip_dag.py
[2022-08-21 10:47:16,465] {processor.py:651} INFO - DAG(s) dict_keys(['example_skip_dag']) retrieved from /home/airflow/.local/lib/python3.7/site-packages/airflow/example_dags/example_skip_dag.py
[2022-08-21 10:47:16,504] {logging_mixin.py:115} INFO - [2022-08-21 10:47:16,504] {dag.py:2371} INFO - Sync 1 DAGs
[2022-08-21 10:47:16,525] {logging_mixin.py:115} INFO - [2022-08-21 10:47:16,525] {dag.py:2919} INFO - Setting next_dagrun for example_skip_dag to 2022-08-20T10:47:16.524894+00:00, run_after=2022-08-21T10:47:16.524894+00:00
[2022-08-21 10:47:16,562] {processor.py:161} INFO - Processing /home/airflow/.local/lib/python3.7/site-packages/airflow/example_dags/example_skip_dag.py took 0.109 seconds
[2022-08-21 16:48:10,119] {processor.py:153} INFO - Started process (PID=26602) to work on /home/airflow/.local/lib/python3.7/site-packages/airflow/example_dags/example_skip_dag.py
[2022-08-21 16:48:10,122] {processor.py:641} INFO - Processing file /home/airflow/.local/lib/python3.7/site-packages/airflow/example_dags/example_skip_dag.py for tasks to queue
[2022-08-21 16:48:10,125] {logging_mixin.py:115} INFO - [2022-08-21 16:48:10,125] {dagbag.py:507} INFO - Filling up the DagBag from /home/airflow/.local/lib/python3.7/site-packages/airflow/example_dags/example_skip_dag.py
[2022-08-21 16:48:10,136] {processor.py:651} INFO - DAG(s) dict_keys(['example_skip_dag']) retrieved from /home/airflow/.local/lib/python3.7/site-packages/airflow/example_dags/example_skip_dag.py
[2022-08-21 16:48:10,188] {logging_mixin.py:115} INFO - [2022-08-21 16:48:10,188] {dag.py:2371} INFO - Sync 1 DAGs
[2022-08-21 16:48:10,229] {logging_mixin.py:115} INFO - [2022-08-21 16:48:10,229] {dag.py:2919} INFO - Setting next_dagrun for example_skip_dag to 2022-08-20T16:48:10.228378+00:00, run_after=2022-08-21T16:48:10.228378+00:00
[2022-08-21 16:48:10,248] {processor.py:161} INFO - Processing /home/airflow/.local/lib/python3.7/site-packages/airflow/example_dags/example_skip_dag.py took 0.133 seconds
[2022-08-21 17:03:50,458] {processor.py:153} INFO - Started process (PID=26655) to work on /home/airflow/.local/lib/python3.7/site-packages/airflow/example_dags/example_skip_dag.py
[2022-08-21 17:03:50,461] {processor.py:641} INFO - Processing file /home/airflow/.local/lib/python3.7/site-packages/airflow/example_dags/example_skip_dag.py for tasks to queue
[2022-08-21 17:03:50,464] {logging_mixin.py:115} INFO - [2022-08-21 17:03:50,464] {dagbag.py:507} INFO - Filling up the DagBag from /home/airflow/.local/lib/python3.7/site-packages/airflow/example_dags/example_skip_dag.py
[2022-08-21 17:03:50,484] {processor.py:651} INFO - DAG(s) dict_keys(['example_skip_dag']) retrieved from /home/airflow/.local/lib/python3.7/site-packages/airflow/example_dags/example_skip_dag.py
[2022-08-21 17:03:50,718] {logging_mixin.py:115} INFO - [2022-08-21 17:03:50,718] {dag.py:2371} INFO - Sync 1 DAGs
[2022-08-21 17:03:50,757] {logging_mixin.py:115} INFO - [2022-08-21 17:03:50,756] {dag.py:2919} INFO - Setting next_dagrun for example_skip_dag to 2022-08-20T17:03:50.756568+00:00, run_after=2022-08-21T17:03:50.756568+00:00
[2022-08-21 17:03:50,772] {processor.py:161} INFO - Processing /home/airflow/.local/lib/python3.7/site-packages/airflow/example_dags/example_skip_dag.py took 0.324 seconds
[2022-08-21 18:37:23,981] {processor.py:153} INFO - Started process (PID=26707) to work on /home/airflow/.local/lib/python3.7/site-packages/airflow/example_dags/example_skip_dag.py
[2022-08-21 18:37:23,983] {processor.py:641} INFO - Processing file /home/airflow/.local/lib/python3.7/site-packages/airflow/example_dags/example_skip_dag.py for tasks to queue
[2022-08-21 18:37:23,985] {logging_mixin.py:115} INFO - [2022-08-21 18:37:23,985] {dagbag.py:507} INFO - Filling up the DagBag from /home/airflow/.local/lib/python3.7/site-packages/airflow/example_dags/example_skip_dag.py
[2022-08-21 18:37:23,992] {processor.py:651} INFO - DAG(s) dict_keys(['example_skip_dag']) retrieved from /home/airflow/.local/lib/python3.7/site-packages/airflow/example_dags/example_skip_dag.py
[2022-08-21 18:37:24,062] {logging_mixin.py:115} INFO - [2022-08-21 18:37:24,062] {dag.py:2371} INFO - Sync 1 DAGs
[2022-08-21 18:37:24,107] {logging_mixin.py:115} INFO - [2022-08-21 18:37:24,107] {dag.py:2919} INFO - Setting next_dagrun for example_skip_dag to 2022-08-20T18:37:24.107527+00:00, run_after=2022-08-21T18:37:24.107527+00:00
[2022-08-21 18:37:24,125] {processor.py:161} INFO - Processing /home/airflow/.local/lib/python3.7/site-packages/airflow/example_dags/example_skip_dag.py took 0.148 seconds
[2022-08-21 20:25:27,500] {processor.py:153} INFO - Started process (PID=26751) to work on /home/airflow/.local/lib/python3.7/site-packages/airflow/example_dags/example_skip_dag.py
[2022-08-21 20:25:27,503] {processor.py:641} INFO - Processing file /home/airflow/.local/lib/python3.7/site-packages/airflow/example_dags/example_skip_dag.py for tasks to queue
[2022-08-21 20:25:27,505] {logging_mixin.py:115} INFO - [2022-08-21 20:25:27,505] {dagbag.py:507} INFO - Filling up the DagBag from /home/airflow/.local/lib/python3.7/site-packages/airflow/example_dags/example_skip_dag.py
[2022-08-21 20:25:27,518] {processor.py:651} INFO - DAG(s) dict_keys(['example_skip_dag']) retrieved from /home/airflow/.local/lib/python3.7/site-packages/airflow/example_dags/example_skip_dag.py
[2022-08-21 20:25:27,558] {logging_mixin.py:115} INFO - [2022-08-21 20:25:27,558] {dag.py:2371} INFO - Sync 1 DAGs
[2022-08-21 20:25:27,603] {logging_mixin.py:115} INFO - [2022-08-21 20:25:27,603] {dag.py:2919} INFO - Setting next_dagrun for example_skip_dag to 2022-08-20T20:25:27.602862+00:00, run_after=2022-08-21T20:25:27.602862+00:00
[2022-08-21 20:25:27,632] {processor.py:161} INFO - Processing /home/airflow/.local/lib/python3.7/site-packages/airflow/example_dags/example_skip_dag.py took 0.137 seconds
[2022-08-21 20:25:58,243] {processor.py:153} INFO - Started process (PID=26803) to work on /home/airflow/.local/lib/python3.7/site-packages/airflow/example_dags/example_skip_dag.py
[2022-08-21 20:25:58,246] {processor.py:641} INFO - Processing file /home/airflow/.local/lib/python3.7/site-packages/airflow/example_dags/example_skip_dag.py for tasks to queue
[2022-08-21 20:25:58,251] {logging_mixin.py:115} INFO - [2022-08-21 20:25:58,251] {dagbag.py:507} INFO - Filling up the DagBag from /home/airflow/.local/lib/python3.7/site-packages/airflow/example_dags/example_skip_dag.py
[2022-08-21 20:25:58,281] {processor.py:651} INFO - DAG(s) dict_keys(['example_skip_dag']) retrieved from /home/airflow/.local/lib/python3.7/site-packages/airflow/example_dags/example_skip_dag.py
[2022-08-21 20:25:58,358] {logging_mixin.py:115} INFO - [2022-08-21 20:25:58,357] {dag.py:2371} INFO - Sync 1 DAGs
[2022-08-21 20:25:58,410] {logging_mixin.py:115} INFO - [2022-08-21 20:25:58,409] {dag.py:2919} INFO - Setting next_dagrun for example_skip_dag to 2022-08-20T20:25:58.409152+00:00, run_after=2022-08-21T20:25:58.409152+00:00
[2022-08-21 20:25:58,451] {processor.py:161} INFO - Processing /home/airflow/.local/lib/python3.7/site-packages/airflow/example_dags/example_skip_dag.py took 0.222 seconds
[2022-08-21 20:26:29,448] {processor.py:153} INFO - Started process (PID=26855) to work on /home/airflow/.local/lib/python3.7/site-packages/airflow/example_dags/example_skip_dag.py
[2022-08-21 20:26:29,450] {processor.py:641} INFO - Processing file /home/airflow/.local/lib/python3.7/site-packages/airflow/example_dags/example_skip_dag.py for tasks to queue
[2022-08-21 20:26:29,451] {logging_mixin.py:115} INFO - [2022-08-21 20:26:29,451] {dagbag.py:507} INFO - Filling up the DagBag from /home/airflow/.local/lib/python3.7/site-packages/airflow/example_dags/example_skip_dag.py
[2022-08-21 20:26:29,462] {processor.py:651} INFO - DAG(s) dict_keys(['example_skip_dag']) retrieved from /home/airflow/.local/lib/python3.7/site-packages/airflow/example_dags/example_skip_dag.py
[2022-08-21 20:26:29,509] {logging_mixin.py:115} INFO - [2022-08-21 20:26:29,509] {dag.py:2371} INFO - Sync 1 DAGs
[2022-08-21 20:26:29,541] {logging_mixin.py:115} INFO - [2022-08-21 20:26:29,541] {dag.py:2919} INFO - Setting next_dagrun for example_skip_dag to 2022-08-20T20:26:29.540990+00:00, run_after=2022-08-21T20:26:29.540990+00:00
[2022-08-21 20:26:29,567] {processor.py:161} INFO - Processing /home/airflow/.local/lib/python3.7/site-packages/airflow/example_dags/example_skip_dag.py took 0.125 seconds
[2022-08-21 20:27:00,218] {processor.py:153} INFO - Started process (PID=26916) to work on /home/airflow/.local/lib/python3.7/site-packages/airflow/example_dags/example_skip_dag.py
[2022-08-21 20:27:00,220] {processor.py:641} INFO - Processing file /home/airflow/.local/lib/python3.7/site-packages/airflow/example_dags/example_skip_dag.py for tasks to queue
[2022-08-21 20:27:00,222] {logging_mixin.py:115} INFO - [2022-08-21 20:27:00,221] {dagbag.py:507} INFO - Filling up the DagBag from /home/airflow/.local/lib/python3.7/site-packages/airflow/example_dags/example_skip_dag.py
[2022-08-21 20:27:00,232] {processor.py:651} INFO - DAG(s) dict_keys(['example_skip_dag']) retrieved from /home/airflow/.local/lib/python3.7/site-packages/airflow/example_dags/example_skip_dag.py
[2022-08-21 20:27:00,281] {logging_mixin.py:115} INFO - [2022-08-21 20:27:00,281] {dag.py:2371} INFO - Sync 1 DAGs
[2022-08-21 20:27:00,311] {logging_mixin.py:115} INFO - [2022-08-21 20:27:00,311] {dag.py:2919} INFO - Setting next_dagrun for example_skip_dag to 2022-08-20T20:27:00.311029+00:00, run_after=2022-08-21T20:27:00.311029+00:00
[2022-08-21 20:27:00,329] {processor.py:161} INFO - Processing /home/airflow/.local/lib/python3.7/site-packages/airflow/example_dags/example_skip_dag.py took 0.116 seconds
[2022-08-21 20:27:30,931] {processor.py:153} INFO - Started process (PID=26975) to work on /home/airflow/.local/lib/python3.7/site-packages/airflow/example_dags/example_skip_dag.py
[2022-08-21 20:27:30,933] {processor.py:641} INFO - Processing file /home/airflow/.local/lib/python3.7/site-packages/airflow/example_dags/example_skip_dag.py for tasks to queue
[2022-08-21 20:27:30,934] {logging_mixin.py:115} INFO - [2022-08-21 20:27:30,934] {dagbag.py:507} INFO - Filling up the DagBag from /home/airflow/.local/lib/python3.7/site-packages/airflow/example_dags/example_skip_dag.py
[2022-08-21 20:27:30,941] {processor.py:651} INFO - DAG(s) dict_keys(['example_skip_dag']) retrieved from /home/airflow/.local/lib/python3.7/site-packages/airflow/example_dags/example_skip_dag.py
[2022-08-21 20:27:30,973] {logging_mixin.py:115} INFO - [2022-08-21 20:27:30,973] {dag.py:2371} INFO - Sync 1 DAGs
[2022-08-21 20:27:30,999] {logging_mixin.py:115} INFO - [2022-08-21 20:27:30,999] {dag.py:2919} INFO - Setting next_dagrun for example_skip_dag to 2022-08-20T20:27:30.998846+00:00, run_after=2022-08-21T20:27:30.998846+00:00
[2022-08-21 20:27:31,018] {processor.py:161} INFO - Processing /home/airflow/.local/lib/python3.7/site-packages/airflow/example_dags/example_skip_dag.py took 0.091 seconds
[2022-08-21 20:28:01,550] {processor.py:153} INFO - Started process (PID=27029) to work on /home/airflow/.local/lib/python3.7/site-packages/airflow/example_dags/example_skip_dag.py
[2022-08-21 20:28:01,552] {processor.py:641} INFO - Processing file /home/airflow/.local/lib/python3.7/site-packages/airflow/example_dags/example_skip_dag.py for tasks to queue
[2022-08-21 20:28:01,554] {logging_mixin.py:115} INFO - [2022-08-21 20:28:01,554] {dagbag.py:507} INFO - Filling up the DagBag from /home/airflow/.local/lib/python3.7/site-packages/airflow/example_dags/example_skip_dag.py
[2022-08-21 20:28:01,565] {processor.py:651} INFO - DAG(s) dict_keys(['example_skip_dag']) retrieved from /home/airflow/.local/lib/python3.7/site-packages/airflow/example_dags/example_skip_dag.py
[2022-08-21 20:28:01,613] {logging_mixin.py:115} INFO - [2022-08-21 20:28:01,613] {dag.py:2371} INFO - Sync 1 DAGs
[2022-08-21 20:28:01,638] {logging_mixin.py:115} INFO - [2022-08-21 20:28:01,638] {dag.py:2919} INFO - Setting next_dagrun for example_skip_dag to 2022-08-20T20:28:01.638319+00:00, run_after=2022-08-21T20:28:01.638319+00:00
[2022-08-21 20:28:01,658] {processor.py:161} INFO - Processing /home/airflow/.local/lib/python3.7/site-packages/airflow/example_dags/example_skip_dag.py took 0.112 seconds
[2022-08-21 20:28:31,748] {processor.py:153} INFO - Started process (PID=27091) to work on /home/airflow/.local/lib/python3.7/site-packages/airflow/example_dags/example_skip_dag.py
[2022-08-21 20:28:31,762] {processor.py:641} INFO - Processing file /home/airflow/.local/lib/python3.7/site-packages/airflow/example_dags/example_skip_dag.py for tasks to queue
[2022-08-21 20:28:31,782] {logging_mixin.py:115} INFO - [2022-08-21 20:28:31,782] {dagbag.py:507} INFO - Filling up the DagBag from /home/airflow/.local/lib/python3.7/site-packages/airflow/example_dags/example_skip_dag.py
[2022-08-21 20:28:31,789] {processor.py:651} INFO - DAG(s) dict_keys(['example_skip_dag']) retrieved from /home/airflow/.local/lib/python3.7/site-packages/airflow/example_dags/example_skip_dag.py
[2022-08-21 20:28:31,821] {logging_mixin.py:115} INFO - [2022-08-21 20:28:31,821] {dag.py:2371} INFO - Sync 1 DAGs
[2022-08-21 20:28:31,847] {logging_mixin.py:115} INFO - [2022-08-21 20:28:31,846] {dag.py:2919} INFO - Setting next_dagrun for example_skip_dag to 2022-08-20T20:28:31.846560+00:00, run_after=2022-08-21T20:28:31.846560+00:00
[2022-08-21 20:28:31,861] {processor.py:161} INFO - Processing /home/airflow/.local/lib/python3.7/site-packages/airflow/example_dags/example_skip_dag.py took 0.117 seconds
[2022-08-21 20:29:02,450] {processor.py:153} INFO - Started process (PID=27143) to work on /home/airflow/.local/lib/python3.7/site-packages/airflow/example_dags/example_skip_dag.py
[2022-08-21 20:29:02,451] {processor.py:641} INFO - Processing file /home/airflow/.local/lib/python3.7/site-packages/airflow/example_dags/example_skip_dag.py for tasks to queue
[2022-08-21 20:29:02,452] {logging_mixin.py:115} INFO - [2022-08-21 20:29:02,452] {dagbag.py:507} INFO - Filling up the DagBag from /home/airflow/.local/lib/python3.7/site-packages/airflow/example_dags/example_skip_dag.py
[2022-08-21 20:29:02,458] {processor.py:651} INFO - DAG(s) dict_keys(['example_skip_dag']) retrieved from /home/airflow/.local/lib/python3.7/site-packages/airflow/example_dags/example_skip_dag.py
[2022-08-21 20:29:02,502] {logging_mixin.py:115} INFO - [2022-08-21 20:29:02,502] {dag.py:2371} INFO - Sync 1 DAGs
[2022-08-21 20:29:02,526] {logging_mixin.py:115} INFO - [2022-08-21 20:29:02,525] {dag.py:2919} INFO - Setting next_dagrun for example_skip_dag to 2022-08-20T20:29:02.525606+00:00, run_after=2022-08-21T20:29:02.525606+00:00
[2022-08-21 20:29:02,540] {processor.py:161} INFO - Processing /home/airflow/.local/lib/python3.7/site-packages/airflow/example_dags/example_skip_dag.py took 0.094 seconds
[2022-08-21 20:29:32,958] {processor.py:153} INFO - Started process (PID=27205) to work on /home/airflow/.local/lib/python3.7/site-packages/airflow/example_dags/example_skip_dag.py
[2022-08-21 20:29:32,962] {processor.py:641} INFO - Processing file /home/airflow/.local/lib/python3.7/site-packages/airflow/example_dags/example_skip_dag.py for tasks to queue
[2022-08-21 20:29:32,964] {logging_mixin.py:115} INFO - [2022-08-21 20:29:32,964] {dagbag.py:507} INFO - Filling up the DagBag from /home/airflow/.local/lib/python3.7/site-packages/airflow/example_dags/example_skip_dag.py
[2022-08-21 20:29:32,975] {processor.py:651} INFO - DAG(s) dict_keys(['example_skip_dag']) retrieved from /home/airflow/.local/lib/python3.7/site-packages/airflow/example_dags/example_skip_dag.py
[2022-08-21 20:29:33,029] {logging_mixin.py:115} INFO - [2022-08-21 20:29:33,029] {dag.py:2371} INFO - Sync 1 DAGs
[2022-08-21 20:29:33,058] {logging_mixin.py:115} INFO - [2022-08-21 20:29:33,058] {dag.py:2919} INFO - Setting next_dagrun for example_skip_dag to 2022-08-20T20:29:33.057795+00:00, run_after=2022-08-21T20:29:33.057795+00:00
[2022-08-21 20:29:33,079] {processor.py:161} INFO - Processing /home/airflow/.local/lib/python3.7/site-packages/airflow/example_dags/example_skip_dag.py took 0.126 seconds
[2022-08-21 20:30:03,192] {processor.py:153} INFO - Started process (PID=27266) to work on /home/airflow/.local/lib/python3.7/site-packages/airflow/example_dags/example_skip_dag.py
[2022-08-21 20:30:03,193] {processor.py:641} INFO - Processing file /home/airflow/.local/lib/python3.7/site-packages/airflow/example_dags/example_skip_dag.py for tasks to queue
[2022-08-21 20:30:03,195] {logging_mixin.py:115} INFO - [2022-08-21 20:30:03,194] {dagbag.py:507} INFO - Filling up the DagBag from /home/airflow/.local/lib/python3.7/site-packages/airflow/example_dags/example_skip_dag.py
[2022-08-21 20:30:03,203] {processor.py:651} INFO - DAG(s) dict_keys(['example_skip_dag']) retrieved from /home/airflow/.local/lib/python3.7/site-packages/airflow/example_dags/example_skip_dag.py
[2022-08-21 20:30:03,237] {logging_mixin.py:115} INFO - [2022-08-21 20:30:03,237] {dag.py:2371} INFO - Sync 1 DAGs
[2022-08-21 20:30:03,260] {logging_mixin.py:115} INFO - [2022-08-21 20:30:03,260] {dag.py:2919} INFO - Setting next_dagrun for example_skip_dag to 2022-08-20T20:30:03.260566+00:00, run_after=2022-08-21T20:30:03.260566+00:00
[2022-08-21 20:30:03,274] {processor.py:161} INFO - Processing /home/airflow/.local/lib/python3.7/site-packages/airflow/example_dags/example_skip_dag.py took 0.088 seconds
[2022-08-21 20:30:59,469] {processor.py:153} INFO - Started process (PID=27318) to work on /home/airflow/.local/lib/python3.7/site-packages/airflow/example_dags/example_skip_dag.py
[2022-08-21 20:30:59,472] {processor.py:641} INFO - Processing file /home/airflow/.local/lib/python3.7/site-packages/airflow/example_dags/example_skip_dag.py for tasks to queue
[2022-08-21 20:30:59,479] {logging_mixin.py:115} INFO - [2022-08-21 20:30:59,478] {dagbag.py:507} INFO - Filling up the DagBag from /home/airflow/.local/lib/python3.7/site-packages/airflow/example_dags/example_skip_dag.py
[2022-08-21 20:30:59,523] {processor.py:651} INFO - DAG(s) dict_keys(['example_skip_dag']) retrieved from /home/airflow/.local/lib/python3.7/site-packages/airflow/example_dags/example_skip_dag.py
[2022-08-21 20:30:59,911] {logging_mixin.py:115} INFO - [2022-08-21 20:30:59,911] {dag.py:2371} INFO - Sync 1 DAGs
[2022-08-21 20:30:59,951] {logging_mixin.py:115} INFO - [2022-08-21 20:30:59,951] {dag.py:2919} INFO - Setting next_dagrun for example_skip_dag to 2022-08-20T20:30:59.950184+00:00, run_after=2022-08-21T20:30:59.950184+00:00
[2022-08-21 20:30:59,973] {processor.py:161} INFO - Processing /home/airflow/.local/lib/python3.7/site-packages/airflow/example_dags/example_skip_dag.py took 0.509 seconds
[2022-08-21 22:14:04,357] {processor.py:153} INFO - Started process (PID=27394) to work on /home/airflow/.local/lib/python3.7/site-packages/airflow/example_dags/example_skip_dag.py
[2022-08-21 22:14:04,361] {processor.py:641} INFO - Processing file /home/airflow/.local/lib/python3.7/site-packages/airflow/example_dags/example_skip_dag.py for tasks to queue
[2022-08-21 22:14:04,363] {logging_mixin.py:115} INFO - [2022-08-21 22:14:04,363] {dagbag.py:507} INFO - Filling up the DagBag from /home/airflow/.local/lib/python3.7/site-packages/airflow/example_dags/example_skip_dag.py
[2022-08-21 22:14:04,372] {processor.py:651} INFO - DAG(s) dict_keys(['example_skip_dag']) retrieved from /home/airflow/.local/lib/python3.7/site-packages/airflow/example_dags/example_skip_dag.py
[2022-08-21 22:14:04,417] {logging_mixin.py:115} INFO - [2022-08-21 22:14:04,417] {dag.py:2371} INFO - Sync 1 DAGs
[2022-08-21 22:14:04,455] {logging_mixin.py:115} INFO - [2022-08-21 22:14:04,455] {dag.py:2919} INFO - Setting next_dagrun for example_skip_dag to 2022-08-20T22:14:04.454674+00:00, run_after=2022-08-21T22:14:04.454674+00:00
[2022-08-21 22:14:04,494] {processor.py:161} INFO - Processing /home/airflow/.local/lib/python3.7/site-packages/airflow/example_dags/example_skip_dag.py took 0.141 seconds
