[2022-08-21 10:46:45,910] {processor.py:153} INFO - Started process (PID=26491) to work on /home/airflow/.local/lib/python3.7/site-packages/airflow/example_dags/example_branch_day_of_week_operator.py
[2022-08-21 10:46:45,912] {processor.py:641} INFO - Processing file /home/airflow/.local/lib/python3.7/site-packages/airflow/example_dags/example_branch_day_of_week_operator.py for tasks to queue
[2022-08-21 10:46:45,913] {logging_mixin.py:115} INFO - [2022-08-21 10:46:45,913] {dagbag.py:507} INFO - Filling up the DagBag from /home/airflow/.local/lib/python3.7/site-packages/airflow/example_dags/example_branch_day_of_week_operator.py
[2022-08-21 10:46:45,936] {processor.py:651} INFO - DAG(s) dict_keys(['example_weekday_branch_operator']) retrieved from /home/airflow/.local/lib/python3.7/site-packages/airflow/example_dags/example_branch_day_of_week_operator.py
[2022-08-21 10:46:46,007] {logging_mixin.py:115} INFO - [2022-08-21 10:46:46,007] {dag.py:2371} INFO - Sync 1 DAGs
[2022-08-21 10:46:46,073] {logging_mixin.py:115} INFO - [2022-08-21 10:46:46,073] {dag.py:2919} INFO - Setting next_dagrun for example_weekday_branch_operator to 2022-08-20T00:00:00+00:00, run_after=2022-08-21T00:00:00+00:00
[2022-08-21 10:46:46,109] {processor.py:161} INFO - Processing /home/airflow/.local/lib/python3.7/site-packages/airflow/example_dags/example_branch_day_of_week_operator.py took 0.205 seconds
[2022-08-21 10:47:16,682] {processor.py:153} INFO - Started process (PID=26543) to work on /home/airflow/.local/lib/python3.7/site-packages/airflow/example_dags/example_branch_day_of_week_operator.py
[2022-08-21 10:47:16,683] {processor.py:641} INFO - Processing file /home/airflow/.local/lib/python3.7/site-packages/airflow/example_dags/example_branch_day_of_week_operator.py for tasks to queue
[2022-08-21 10:47:16,685] {logging_mixin.py:115} INFO - [2022-08-21 10:47:16,685] {dagbag.py:507} INFO - Filling up the DagBag from /home/airflow/.local/lib/python3.7/site-packages/airflow/example_dags/example_branch_day_of_week_operator.py
[2022-08-21 10:47:16,698] {processor.py:651} INFO - DAG(s) dict_keys(['example_weekday_branch_operator']) retrieved from /home/airflow/.local/lib/python3.7/site-packages/airflow/example_dags/example_branch_day_of_week_operator.py
[2022-08-21 10:47:16,741] {logging_mixin.py:115} INFO - [2022-08-21 10:47:16,741] {dag.py:2371} INFO - Sync 1 DAGs
[2022-08-21 10:47:16,769] {logging_mixin.py:115} INFO - [2022-08-21 10:47:16,769] {dag.py:2919} INFO - Setting next_dagrun for example_weekday_branch_operator to 2022-08-20T00:00:00+00:00, run_after=2022-08-21T00:00:00+00:00
[2022-08-21 10:47:16,785] {processor.py:161} INFO - Processing /home/airflow/.local/lib/python3.7/site-packages/airflow/example_dags/example_branch_day_of_week_operator.py took 0.109 seconds
[2022-08-21 16:48:10,384] {processor.py:153} INFO - Started process (PID=26604) to work on /home/airflow/.local/lib/python3.7/site-packages/airflow/example_dags/example_branch_day_of_week_operator.py
[2022-08-21 16:48:10,385] {processor.py:641} INFO - Processing file /home/airflow/.local/lib/python3.7/site-packages/airflow/example_dags/example_branch_day_of_week_operator.py for tasks to queue
[2022-08-21 16:48:10,388] {logging_mixin.py:115} INFO - [2022-08-21 16:48:10,388] {dagbag.py:507} INFO - Filling up the DagBag from /home/airflow/.local/lib/python3.7/site-packages/airflow/example_dags/example_branch_day_of_week_operator.py
[2022-08-21 16:48:10,408] {processor.py:651} INFO - DAG(s) dict_keys(['example_weekday_branch_operator']) retrieved from /home/airflow/.local/lib/python3.7/site-packages/airflow/example_dags/example_branch_day_of_week_operator.py
[2022-08-21 16:48:10,192] {logging_mixin.py:115} INFO - [2022-08-21 16:48:10,191] {dag.py:2371} INFO - Sync 1 DAGs
[2022-08-21 16:48:10,241] {logging_mixin.py:115} INFO - [2022-08-21 16:48:10,241] {dag.py:2919} INFO - Setting next_dagrun for example_weekday_branch_operator to 2022-08-20T00:00:00+00:00, run_after=2022-08-21T00:00:00+00:00
[2022-08-21 16:48:10,289] {processor.py:161} INFO - Processing /home/airflow/.local/lib/python3.7/site-packages/airflow/example_dags/example_branch_day_of_week_operator.py took 0.253 seconds
[2022-08-21 17:03:50,813] {processor.py:153} INFO - Started process (PID=26657) to work on /home/airflow/.local/lib/python3.7/site-packages/airflow/example_dags/example_branch_day_of_week_operator.py
[2022-08-21 17:03:50,814] {processor.py:641} INFO - Processing file /home/airflow/.local/lib/python3.7/site-packages/airflow/example_dags/example_branch_day_of_week_operator.py for tasks to queue
[2022-08-21 17:03:50,816] {logging_mixin.py:115} INFO - [2022-08-21 17:03:50,816] {dagbag.py:507} INFO - Filling up the DagBag from /home/airflow/.local/lib/python3.7/site-packages/airflow/example_dags/example_branch_day_of_week_operator.py
[2022-08-21 17:03:50,829] {processor.py:651} INFO - DAG(s) dict_keys(['example_weekday_branch_operator']) retrieved from /home/airflow/.local/lib/python3.7/site-packages/airflow/example_dags/example_branch_day_of_week_operator.py
[2022-08-21 17:03:50,999] {logging_mixin.py:115} INFO - [2022-08-21 17:03:50,999] {dag.py:2371} INFO - Sync 1 DAGs
[2022-08-21 17:03:51,028] {logging_mixin.py:115} INFO - [2022-08-21 17:03:51,028] {dag.py:2919} INFO - Setting next_dagrun for example_weekday_branch_operator to 2022-08-20T00:00:00+00:00, run_after=2022-08-21T00:00:00+00:00
[2022-08-21 17:03:51,043] {processor.py:161} INFO - Processing /home/airflow/.local/lib/python3.7/site-packages/airflow/example_dags/example_branch_day_of_week_operator.py took 0.235 seconds
[2022-08-21 18:37:24,186] {processor.py:153} INFO - Started process (PID=26709) to work on /home/airflow/.local/lib/python3.7/site-packages/airflow/example_dags/example_branch_day_of_week_operator.py
[2022-08-21 18:37:24,193] {processor.py:641} INFO - Processing file /home/airflow/.local/lib/python3.7/site-packages/airflow/example_dags/example_branch_day_of_week_operator.py for tasks to queue
[2022-08-21 18:37:24,194] {logging_mixin.py:115} INFO - [2022-08-21 18:37:24,194] {dagbag.py:507} INFO - Filling up the DagBag from /home/airflow/.local/lib/python3.7/site-packages/airflow/example_dags/example_branch_day_of_week_operator.py
[2022-08-21 18:37:24,211] {processor.py:651} INFO - DAG(s) dict_keys(['example_weekday_branch_operator']) retrieved from /home/airflow/.local/lib/python3.7/site-packages/airflow/example_dags/example_branch_day_of_week_operator.py
[2022-08-21 18:37:24,277] {logging_mixin.py:115} INFO - [2022-08-21 18:37:24,277] {dag.py:2371} INFO - Sync 1 DAGs
[2022-08-21 18:37:24,313] {logging_mixin.py:115} INFO - [2022-08-21 18:37:24,313] {dag.py:2919} INFO - Setting next_dagrun for example_weekday_branch_operator to 2022-08-20T00:00:00+00:00, run_after=2022-08-21T00:00:00+00:00
[2022-08-21 18:37:24,340] {processor.py:161} INFO - Processing /home/airflow/.local/lib/python3.7/site-packages/airflow/example_dags/example_branch_day_of_week_operator.py took 0.158 seconds
[2022-08-21 20:25:27,692] {processor.py:153} INFO - Started process (PID=26753) to work on /home/airflow/.local/lib/python3.7/site-packages/airflow/example_dags/example_branch_day_of_week_operator.py
[2022-08-21 20:25:27,695] {processor.py:641} INFO - Processing file /home/airflow/.local/lib/python3.7/site-packages/airflow/example_dags/example_branch_day_of_week_operator.py for tasks to queue
[2022-08-21 20:25:27,697] {logging_mixin.py:115} INFO - [2022-08-21 20:25:27,697] {dagbag.py:507} INFO - Filling up the DagBag from /home/airflow/.local/lib/python3.7/site-packages/airflow/example_dags/example_branch_day_of_week_operator.py
[2022-08-21 20:25:27,735] {processor.py:651} INFO - DAG(s) dict_keys(['example_weekday_branch_operator']) retrieved from /home/airflow/.local/lib/python3.7/site-packages/airflow/example_dags/example_branch_day_of_week_operator.py
[2022-08-21 20:25:27,778] {logging_mixin.py:115} INFO - [2022-08-21 20:25:27,778] {dag.py:2371} INFO - Sync 1 DAGs
[2022-08-21 20:25:27,807] {logging_mixin.py:115} INFO - [2022-08-21 20:25:27,807] {dag.py:2919} INFO - Setting next_dagrun for example_weekday_branch_operator to 2022-08-20T00:00:00+00:00, run_after=2022-08-21T00:00:00+00:00
[2022-08-21 20:25:27,840] {processor.py:161} INFO - Processing /home/airflow/.local/lib/python3.7/site-packages/airflow/example_dags/example_branch_day_of_week_operator.py took 0.157 seconds
[2022-08-21 20:25:58,521] {processor.py:153} INFO - Started process (PID=26805) to work on /home/airflow/.local/lib/python3.7/site-packages/airflow/example_dags/example_branch_day_of_week_operator.py
[2022-08-21 20:25:58,524] {processor.py:641} INFO - Processing file /home/airflow/.local/lib/python3.7/site-packages/airflow/example_dags/example_branch_day_of_week_operator.py for tasks to queue
[2022-08-21 20:25:58,527] {logging_mixin.py:115} INFO - [2022-08-21 20:25:58,527] {dagbag.py:507} INFO - Filling up the DagBag from /home/airflow/.local/lib/python3.7/site-packages/airflow/example_dags/example_branch_day_of_week_operator.py
[2022-08-21 20:25:58,554] {processor.py:651} INFO - DAG(s) dict_keys(['example_weekday_branch_operator']) retrieved from /home/airflow/.local/lib/python3.7/site-packages/airflow/example_dags/example_branch_day_of_week_operator.py
[2022-08-21 20:25:58,628] {logging_mixin.py:115} INFO - [2022-08-21 20:25:58,628] {dag.py:2371} INFO - Sync 1 DAGs
[2022-08-21 20:25:58,697] {logging_mixin.py:115} INFO - [2022-08-21 20:25:58,696] {dag.py:2919} INFO - Setting next_dagrun for example_weekday_branch_operator to 2022-08-20T00:00:00+00:00, run_after=2022-08-21T00:00:00+00:00
[2022-08-21 20:25:58,733] {processor.py:161} INFO - Processing /home/airflow/.local/lib/python3.7/site-packages/airflow/example_dags/example_branch_day_of_week_operator.py took 0.221 seconds
[2022-08-21 20:26:29,633] {processor.py:153} INFO - Started process (PID=26857) to work on /home/airflow/.local/lib/python3.7/site-packages/airflow/example_dags/example_branch_day_of_week_operator.py
[2022-08-21 20:26:29,635] {processor.py:641} INFO - Processing file /home/airflow/.local/lib/python3.7/site-packages/airflow/example_dags/example_branch_day_of_week_operator.py for tasks to queue
[2022-08-21 20:26:29,638] {logging_mixin.py:115} INFO - [2022-08-21 20:26:29,638] {dagbag.py:507} INFO - Filling up the DagBag from /home/airflow/.local/lib/python3.7/site-packages/airflow/example_dags/example_branch_day_of_week_operator.py
[2022-08-21 20:26:29,659] {processor.py:651} INFO - DAG(s) dict_keys(['example_weekday_branch_operator']) retrieved from /home/airflow/.local/lib/python3.7/site-packages/airflow/example_dags/example_branch_day_of_week_operator.py
[2022-08-21 20:26:29,716] {logging_mixin.py:115} INFO - [2022-08-21 20:26:29,716] {dag.py:2371} INFO - Sync 1 DAGs
[2022-08-21 20:26:29,767] {logging_mixin.py:115} INFO - [2022-08-21 20:26:29,767] {dag.py:2919} INFO - Setting next_dagrun for example_weekday_branch_operator to 2022-08-20T00:00:00+00:00, run_after=2022-08-21T00:00:00+00:00
[2022-08-21 20:26:29,798] {processor.py:161} INFO - Processing /home/airflow/.local/lib/python3.7/site-packages/airflow/example_dags/example_branch_day_of_week_operator.py took 0.174 seconds
[2022-08-21 20:27:00,403] {processor.py:153} INFO - Started process (PID=26918) to work on /home/airflow/.local/lib/python3.7/site-packages/airflow/example_dags/example_branch_day_of_week_operator.py
[2022-08-21 20:27:00,405] {processor.py:641} INFO - Processing file /home/airflow/.local/lib/python3.7/site-packages/airflow/example_dags/example_branch_day_of_week_operator.py for tasks to queue
[2022-08-21 20:27:00,406] {logging_mixin.py:115} INFO - [2022-08-21 20:27:00,406] {dagbag.py:507} INFO - Filling up the DagBag from /home/airflow/.local/lib/python3.7/site-packages/airflow/example_dags/example_branch_day_of_week_operator.py
[2022-08-21 20:27:00,420] {processor.py:651} INFO - DAG(s) dict_keys(['example_weekday_branch_operator']) retrieved from /home/airflow/.local/lib/python3.7/site-packages/airflow/example_dags/example_branch_day_of_week_operator.py
[2022-08-21 20:27:00,466] {logging_mixin.py:115} INFO - [2022-08-21 20:27:00,466] {dag.py:2371} INFO - Sync 1 DAGs
[2022-08-21 20:27:00,501] {logging_mixin.py:115} INFO - [2022-08-21 20:27:00,501] {dag.py:2919} INFO - Setting next_dagrun for example_weekday_branch_operator to 2022-08-20T00:00:00+00:00, run_after=2022-08-21T00:00:00+00:00
[2022-08-21 20:27:00,521] {processor.py:161} INFO - Processing /home/airflow/.local/lib/python3.7/site-packages/airflow/example_dags/example_branch_day_of_week_operator.py took 0.125 seconds
[2022-08-21 20:27:31,065] {processor.py:153} INFO - Started process (PID=26977) to work on /home/airflow/.local/lib/python3.7/site-packages/airflow/example_dags/example_branch_day_of_week_operator.py
[2022-08-21 20:27:31,066] {processor.py:641} INFO - Processing file /home/airflow/.local/lib/python3.7/site-packages/airflow/example_dags/example_branch_day_of_week_operator.py for tasks to queue
[2022-08-21 20:27:31,068] {logging_mixin.py:115} INFO - [2022-08-21 20:27:31,068] {dagbag.py:507} INFO - Filling up the DagBag from /home/airflow/.local/lib/python3.7/site-packages/airflow/example_dags/example_branch_day_of_week_operator.py
[2022-08-21 20:27:31,083] {processor.py:651} INFO - DAG(s) dict_keys(['example_weekday_branch_operator']) retrieved from /home/airflow/.local/lib/python3.7/site-packages/airflow/example_dags/example_branch_day_of_week_operator.py
[2022-08-21 20:27:31,115] {logging_mixin.py:115} INFO - [2022-08-21 20:27:31,115] {dag.py:2371} INFO - Sync 1 DAGs
[2022-08-21 20:27:31,160] {logging_mixin.py:115} INFO - [2022-08-21 20:27:31,160] {dag.py:2919} INFO - Setting next_dagrun for example_weekday_branch_operator to 2022-08-20T00:00:00+00:00, run_after=2022-08-21T00:00:00+00:00
[2022-08-21 20:27:31,173] {processor.py:161} INFO - Processing /home/airflow/.local/lib/python3.7/site-packages/airflow/example_dags/example_branch_day_of_week_operator.py took 0.114 seconds
[2022-08-21 20:28:01,691] {processor.py:153} INFO - Started process (PID=27031) to work on /home/airflow/.local/lib/python3.7/site-packages/airflow/example_dags/example_branch_day_of_week_operator.py
[2022-08-21 20:28:01,692] {processor.py:641} INFO - Processing file /home/airflow/.local/lib/python3.7/site-packages/airflow/example_dags/example_branch_day_of_week_operator.py for tasks to queue
[2022-08-21 20:28:01,693] {logging_mixin.py:115} INFO - [2022-08-21 20:28:01,693] {dagbag.py:507} INFO - Filling up the DagBag from /home/airflow/.local/lib/python3.7/site-packages/airflow/example_dags/example_branch_day_of_week_operator.py
[2022-08-21 20:28:01,703] {processor.py:651} INFO - DAG(s) dict_keys(['example_weekday_branch_operator']) retrieved from /home/airflow/.local/lib/python3.7/site-packages/airflow/example_dags/example_branch_day_of_week_operator.py
[2022-08-21 20:28:01,733] {logging_mixin.py:115} INFO - [2022-08-21 20:28:01,733] {dag.py:2371} INFO - Sync 1 DAGs
[2022-08-21 20:28:01,758] {logging_mixin.py:115} INFO - [2022-08-21 20:28:01,758] {dag.py:2919} INFO - Setting next_dagrun for example_weekday_branch_operator to 2022-08-20T00:00:00+00:00, run_after=2022-08-21T00:00:00+00:00
[2022-08-21 20:28:01,774] {processor.py:161} INFO - Processing /home/airflow/.local/lib/python3.7/site-packages/airflow/example_dags/example_branch_day_of_week_operator.py took 0.088 seconds
[2022-08-21 20:28:31,913] {processor.py:153} INFO - Started process (PID=27093) to work on /home/airflow/.local/lib/python3.7/site-packages/airflow/example_dags/example_branch_day_of_week_operator.py
[2022-08-21 20:28:31,915] {processor.py:641} INFO - Processing file /home/airflow/.local/lib/python3.7/site-packages/airflow/example_dags/example_branch_day_of_week_operator.py for tasks to queue
[2022-08-21 20:28:31,917] {logging_mixin.py:115} INFO - [2022-08-21 20:28:31,917] {dagbag.py:507} INFO - Filling up the DagBag from /home/airflow/.local/lib/python3.7/site-packages/airflow/example_dags/example_branch_day_of_week_operator.py
[2022-08-21 20:28:31,932] {processor.py:651} INFO - DAG(s) dict_keys(['example_weekday_branch_operator']) retrieved from /home/airflow/.local/lib/python3.7/site-packages/airflow/example_dags/example_branch_day_of_week_operator.py
[2022-08-21 20:28:31,969] {logging_mixin.py:115} INFO - [2022-08-21 20:28:31,969] {dag.py:2371} INFO - Sync 1 DAGs
[2022-08-21 20:28:31,995] {logging_mixin.py:115} INFO - [2022-08-21 20:28:31,995] {dag.py:2919} INFO - Setting next_dagrun for example_weekday_branch_operator to 2022-08-20T00:00:00+00:00, run_after=2022-08-21T00:00:00+00:00
[2022-08-21 20:28:32,016] {processor.py:161} INFO - Processing /home/airflow/.local/lib/python3.7/site-packages/airflow/example_dags/example_branch_day_of_week_operator.py took 0.111 seconds
[2022-08-21 20:29:02,592] {processor.py:153} INFO - Started process (PID=27145) to work on /home/airflow/.local/lib/python3.7/site-packages/airflow/example_dags/example_branch_day_of_week_operator.py
[2022-08-21 20:29:02,594] {processor.py:641} INFO - Processing file /home/airflow/.local/lib/python3.7/site-packages/airflow/example_dags/example_branch_day_of_week_operator.py for tasks to queue
[2022-08-21 20:29:02,596] {logging_mixin.py:115} INFO - [2022-08-21 20:29:02,595] {dagbag.py:507} INFO - Filling up the DagBag from /home/airflow/.local/lib/python3.7/site-packages/airflow/example_dags/example_branch_day_of_week_operator.py
[2022-08-21 20:29:02,608] {processor.py:651} INFO - DAG(s) dict_keys(['example_weekday_branch_operator']) retrieved from /home/airflow/.local/lib/python3.7/site-packages/airflow/example_dags/example_branch_day_of_week_operator.py
[2022-08-21 20:29:02,639] {logging_mixin.py:115} INFO - [2022-08-21 20:29:02,638] {dag.py:2371} INFO - Sync 1 DAGs
[2022-08-21 20:29:02,664] {logging_mixin.py:115} INFO - [2022-08-21 20:29:02,664] {dag.py:2919} INFO - Setting next_dagrun for example_weekday_branch_operator to 2022-08-20T00:00:00+00:00, run_after=2022-08-21T00:00:00+00:00
[2022-08-21 20:29:02,687] {processor.py:161} INFO - Processing /home/airflow/.local/lib/python3.7/site-packages/airflow/example_dags/example_branch_day_of_week_operator.py took 0.102 seconds
[2022-08-21 20:29:33,207] {processor.py:153} INFO - Started process (PID=27207) to work on /home/airflow/.local/lib/python3.7/site-packages/airflow/example_dags/example_branch_day_of_week_operator.py
[2022-08-21 20:29:33,208] {processor.py:641} INFO - Processing file /home/airflow/.local/lib/python3.7/site-packages/airflow/example_dags/example_branch_day_of_week_operator.py for tasks to queue
[2022-08-21 20:29:33,209] {logging_mixin.py:115} INFO - [2022-08-21 20:29:33,209] {dagbag.py:507} INFO - Filling up the DagBag from /home/airflow/.local/lib/python3.7/site-packages/airflow/example_dags/example_branch_day_of_week_operator.py
[2022-08-21 20:29:33,220] {processor.py:651} INFO - DAG(s) dict_keys(['example_weekday_branch_operator']) retrieved from /home/airflow/.local/lib/python3.7/site-packages/airflow/example_dags/example_branch_day_of_week_operator.py
[2022-08-21 20:29:33,248] {logging_mixin.py:115} INFO - [2022-08-21 20:29:33,248] {dag.py:2371} INFO - Sync 1 DAGs
[2022-08-21 20:29:33,271] {logging_mixin.py:115} INFO - [2022-08-21 20:29:33,271] {dag.py:2919} INFO - Setting next_dagrun for example_weekday_branch_operator to 2022-08-20T00:00:00+00:00, run_after=2022-08-21T00:00:00+00:00
[2022-08-21 20:29:33,285] {processor.py:161} INFO - Processing /home/airflow/.local/lib/python3.7/site-packages/airflow/example_dags/example_branch_day_of_week_operator.py took 0.081 seconds
[2022-08-21 20:30:03,336] {processor.py:153} INFO - Started process (PID=27268) to work on /home/airflow/.local/lib/python3.7/site-packages/airflow/example_dags/example_branch_day_of_week_operator.py
[2022-08-21 20:30:03,337] {processor.py:641} INFO - Processing file /home/airflow/.local/lib/python3.7/site-packages/airflow/example_dags/example_branch_day_of_week_operator.py for tasks to queue
[2022-08-21 20:30:03,343] {logging_mixin.py:115} INFO - [2022-08-21 20:30:03,343] {dagbag.py:507} INFO - Filling up the DagBag from /home/airflow/.local/lib/python3.7/site-packages/airflow/example_dags/example_branch_day_of_week_operator.py
[2022-08-21 20:30:03,353] {processor.py:651} INFO - DAG(s) dict_keys(['example_weekday_branch_operator']) retrieved from /home/airflow/.local/lib/python3.7/site-packages/airflow/example_dags/example_branch_day_of_week_operator.py
[2022-08-21 20:30:03,386] {logging_mixin.py:115} INFO - [2022-08-21 20:30:03,386] {dag.py:2371} INFO - Sync 1 DAGs
[2022-08-21 20:30:03,430] {logging_mixin.py:115} INFO - [2022-08-21 20:30:03,430] {dag.py:2919} INFO - Setting next_dagrun for example_weekday_branch_operator to 2022-08-20T00:00:00+00:00, run_after=2022-08-21T00:00:00+00:00
[2022-08-21 20:30:03,447] {processor.py:161} INFO - Processing /home/airflow/.local/lib/python3.7/site-packages/airflow/example_dags/example_branch_day_of_week_operator.py took 0.120 seconds
[2022-08-21 20:31:00,157] {processor.py:153} INFO - Started process (PID=27329) to work on /home/airflow/.local/lib/python3.7/site-packages/airflow/example_dags/example_branch_day_of_week_operator.py
[2022-08-21 20:31:00,162] {processor.py:641} INFO - Processing file /home/airflow/.local/lib/python3.7/site-packages/airflow/example_dags/example_branch_day_of_week_operator.py for tasks to queue
[2022-08-21 20:31:00,163] {logging_mixin.py:115} INFO - [2022-08-21 20:31:00,163] {dagbag.py:507} INFO - Filling up the DagBag from /home/airflow/.local/lib/python3.7/site-packages/airflow/example_dags/example_branch_day_of_week_operator.py
[2022-08-21 20:31:00,194] {processor.py:651} INFO - DAG(s) dict_keys(['example_weekday_branch_operator']) retrieved from /home/airflow/.local/lib/python3.7/site-packages/airflow/example_dags/example_branch_day_of_week_operator.py
[2022-08-21 20:31:00,265] {logging_mixin.py:115} INFO - [2022-08-21 20:31:00,264] {dag.py:2371} INFO - Sync 1 DAGs
[2022-08-21 20:31:00,321] {logging_mixin.py:115} INFO - [2022-08-21 20:31:00,320] {dag.py:2919} INFO - Setting next_dagrun for example_weekday_branch_operator to 2022-08-20T00:00:00+00:00, run_after=2022-08-21T00:00:00+00:00
[2022-08-21 20:31:00,357] {processor.py:161} INFO - Processing /home/airflow/.local/lib/python3.7/site-packages/airflow/example_dags/example_branch_day_of_week_operator.py took 0.204 seconds
[2022-08-21 22:14:04,558] {processor.py:153} INFO - Started process (PID=27396) to work on /home/airflow/.local/lib/python3.7/site-packages/airflow/example_dags/example_branch_day_of_week_operator.py
[2022-08-21 22:14:04,560] {processor.py:641} INFO - Processing file /home/airflow/.local/lib/python3.7/site-packages/airflow/example_dags/example_branch_day_of_week_operator.py for tasks to queue
[2022-08-21 22:14:04,562] {logging_mixin.py:115} INFO - [2022-08-21 22:14:04,562] {dagbag.py:507} INFO - Filling up the DagBag from /home/airflow/.local/lib/python3.7/site-packages/airflow/example_dags/example_branch_day_of_week_operator.py
[2022-08-21 22:14:04,575] {processor.py:651} INFO - DAG(s) dict_keys(['example_weekday_branch_operator']) retrieved from /home/airflow/.local/lib/python3.7/site-packages/airflow/example_dags/example_branch_day_of_week_operator.py
[2022-08-21 22:14:04,609] {logging_mixin.py:115} INFO - [2022-08-21 22:14:04,609] {dag.py:2371} INFO - Sync 1 DAGs
[2022-08-21 22:14:04,637] {logging_mixin.py:115} INFO - [2022-08-21 22:14:04,636] {dag.py:2919} INFO - Setting next_dagrun for example_weekday_branch_operator to 2022-08-20T00:00:00+00:00, run_after=2022-08-21T00:00:00+00:00
[2022-08-21 22:14:04,653] {processor.py:161} INFO - Processing /home/airflow/.local/lib/python3.7/site-packages/airflow/example_dags/example_branch_day_of_week_operator.py took 0.107 seconds
