[2022-08-21 10:46:41,066] {processor.py:153} INFO - Started process (PID=26474) to work on /home/airflow/.local/lib/python3.7/site-packages/airflow/example_dags/example_branch_datetime_operator.py
[2022-08-21 10:46:41,074] {processor.py:641} INFO - Processing file /home/airflow/.local/lib/python3.7/site-packages/airflow/example_dags/example_branch_datetime_operator.py for tasks to queue
[2022-08-21 10:46:41,079] {logging_mixin.py:115} INFO - [2022-08-21 10:46:41,079] {dagbag.py:507} INFO - Filling up the DagBag from /home/airflow/.local/lib/python3.7/site-packages/airflow/example_dags/example_branch_datetime_operator.py
[2022-08-21 10:46:41,140] {processor.py:651} INFO - DAG(s) dict_keys(['example_branch_datetime_operator_2']) retrieved from /home/airflow/.local/lib/python3.7/site-packages/airflow/example_dags/example_branch_datetime_operator.py
[2022-08-21 10:46:41,263] {logging_mixin.py:115} INFO - [2022-08-21 10:46:41,263] {dag.py:2371} INFO - Sync 1 DAGs
[2022-08-21 10:46:41,360] {logging_mixin.py:115} INFO - [2022-08-21 10:46:41,360] {dag.py:2919} INFO - Setting next_dagrun for example_branch_datetime_operator_2 to 2022-08-20T00:00:00+00:00, run_after=2022-08-21T00:00:00+00:00
[2022-08-21 10:46:41,406] {processor.py:161} INFO - Processing /home/airflow/.local/lib/python3.7/site-packages/airflow/example_dags/example_branch_datetime_operator.py took 0.350 seconds
[2022-08-21 10:47:11,556] {processor.py:153} INFO - Started process (PID=26528) to work on /home/airflow/.local/lib/python3.7/site-packages/airflow/example_dags/example_branch_datetime_operator.py
[2022-08-21 10:47:11,558] {processor.py:641} INFO - Processing file /home/airflow/.local/lib/python3.7/site-packages/airflow/example_dags/example_branch_datetime_operator.py for tasks to queue
[2022-08-21 10:47:11,560] {logging_mixin.py:115} INFO - [2022-08-21 10:47:11,560] {dagbag.py:507} INFO - Filling up the DagBag from /home/airflow/.local/lib/python3.7/site-packages/airflow/example_dags/example_branch_datetime_operator.py
[2022-08-21 10:47:11,569] {processor.py:651} INFO - DAG(s) dict_keys(['example_branch_datetime_operator_2']) retrieved from /home/airflow/.local/lib/python3.7/site-packages/airflow/example_dags/example_branch_datetime_operator.py
[2022-08-21 10:47:11,598] {logging_mixin.py:115} INFO - [2022-08-21 10:47:11,598] {dag.py:2371} INFO - Sync 1 DAGs
[2022-08-21 10:47:11,621] {logging_mixin.py:115} INFO - [2022-08-21 10:47:11,620] {dag.py:2919} INFO - Setting next_dagrun for example_branch_datetime_operator_2 to 2022-08-20T00:00:00+00:00, run_after=2022-08-21T00:00:00+00:00
[2022-08-21 10:47:11,634] {processor.py:161} INFO - Processing /home/airflow/.local/lib/python3.7/site-packages/airflow/example_dags/example_branch_datetime_operator.py took 0.082 seconds
[2022-08-21 16:48:02,201] {processor.py:153} INFO - Started process (PID=26587) to work on /home/airflow/.local/lib/python3.7/site-packages/airflow/example_dags/example_branch_datetime_operator.py
[2022-08-21 16:48:02,204] {processor.py:641} INFO - Processing file /home/airflow/.local/lib/python3.7/site-packages/airflow/example_dags/example_branch_datetime_operator.py for tasks to queue
[2022-08-21 16:48:02,213] {logging_mixin.py:115} INFO - [2022-08-21 16:48:02,213] {dagbag.py:507} INFO - Filling up the DagBag from /home/airflow/.local/lib/python3.7/site-packages/airflow/example_dags/example_branch_datetime_operator.py
[2022-08-21 16:48:02,414] {processor.py:651} INFO - DAG(s) dict_keys(['example_branch_datetime_operator_2']) retrieved from /home/airflow/.local/lib/python3.7/site-packages/airflow/example_dags/example_branch_datetime_operator.py
[2022-08-21 16:48:02,886] {logging_mixin.py:115} INFO - [2022-08-21 16:48:02,885] {dag.py:2371} INFO - Sync 1 DAGs
[2022-08-21 16:48:03,156] {logging_mixin.py:115} INFO - [2022-08-21 16:48:03,156] {dag.py:2919} INFO - Setting next_dagrun for example_branch_datetime_operator_2 to 2022-08-20T00:00:00+00:00, run_after=2022-08-21T00:00:00+00:00
[2022-08-21 16:48:03,309] {processor.py:161} INFO - Processing /home/airflow/.local/lib/python3.7/site-packages/airflow/example_dags/example_branch_datetime_operator.py took 1.214 seconds
[2022-08-21 17:03:47,844] {processor.py:153} INFO - Started process (PID=26642) to work on /home/airflow/.local/lib/python3.7/site-packages/airflow/example_dags/example_branch_datetime_operator.py
[2022-08-21 17:03:47,849] {processor.py:641} INFO - Processing file /home/airflow/.local/lib/python3.7/site-packages/airflow/example_dags/example_branch_datetime_operator.py for tasks to queue
[2022-08-21 17:03:47,851] {logging_mixin.py:115} INFO - [2022-08-21 17:03:47,851] {dagbag.py:507} INFO - Filling up the DagBag from /home/airflow/.local/lib/python3.7/site-packages/airflow/example_dags/example_branch_datetime_operator.py
[2022-08-21 17:03:47,891] {processor.py:651} INFO - DAG(s) dict_keys(['example_branch_datetime_operator_2']) retrieved from /home/airflow/.local/lib/python3.7/site-packages/airflow/example_dags/example_branch_datetime_operator.py
[2022-08-21 17:03:48,100] {logging_mixin.py:115} INFO - [2022-08-21 17:03:48,100] {dag.py:2371} INFO - Sync 1 DAGs
[2022-08-21 17:03:48,125] {logging_mixin.py:115} INFO - [2022-08-21 17:03:48,125] {dag.py:2919} INFO - Setting next_dagrun for example_branch_datetime_operator_2 to 2022-08-20T00:00:00+00:00, run_after=2022-08-21T00:00:00+00:00
[2022-08-21 17:03:48,139] {processor.py:161} INFO - Processing /home/airflow/.local/lib/python3.7/site-packages/airflow/example_dags/example_branch_datetime_operator.py took 0.308 seconds
[2022-08-21 18:37:21,211] {processor.py:153} INFO - Started process (PID=26694) to work on /home/airflow/.local/lib/python3.7/site-packages/airflow/example_dags/example_branch_datetime_operator.py
[2022-08-21 18:37:21,216] {processor.py:641} INFO - Processing file /home/airflow/.local/lib/python3.7/site-packages/airflow/example_dags/example_branch_datetime_operator.py for tasks to queue
[2022-08-21 18:37:21,217] {logging_mixin.py:115} INFO - [2022-08-21 18:37:21,217] {dagbag.py:507} INFO - Filling up the DagBag from /home/airflow/.local/lib/python3.7/site-packages/airflow/example_dags/example_branch_datetime_operator.py
[2022-08-21 18:37:21,246] {processor.py:651} INFO - DAG(s) dict_keys(['example_branch_datetime_operator_2']) retrieved from /home/airflow/.local/lib/python3.7/site-packages/airflow/example_dags/example_branch_datetime_operator.py
[2022-08-21 18:37:21,296] {logging_mixin.py:115} INFO - [2022-08-21 18:37:21,296] {dag.py:2371} INFO - Sync 1 DAGs
[2022-08-21 18:37:21,341] {logging_mixin.py:115} INFO - [2022-08-21 18:37:21,340] {dag.py:2919} INFO - Setting next_dagrun for example_branch_datetime_operator_2 to 2022-08-20T00:00:00+00:00, run_after=2022-08-21T00:00:00+00:00
[2022-08-21 18:37:21,369] {processor.py:161} INFO - Processing /home/airflow/.local/lib/python3.7/site-packages/airflow/example_dags/example_branch_datetime_operator.py took 0.162 seconds
[2022-08-21 20:25:24,299] {processor.py:153} INFO - Started process (PID=26736) to work on /home/airflow/.local/lib/python3.7/site-packages/airflow/example_dags/example_branch_datetime_operator.py
[2022-08-21 20:25:24,302] {processor.py:641} INFO - Processing file /home/airflow/.local/lib/python3.7/site-packages/airflow/example_dags/example_branch_datetime_operator.py for tasks to queue
[2022-08-21 20:25:24,304] {logging_mixin.py:115} INFO - [2022-08-21 20:25:24,304] {dagbag.py:507} INFO - Filling up the DagBag from /home/airflow/.local/lib/python3.7/site-packages/airflow/example_dags/example_branch_datetime_operator.py
[2022-08-21 20:25:24,343] {processor.py:651} INFO - DAG(s) dict_keys(['example_branch_datetime_operator_2']) retrieved from /home/airflow/.local/lib/python3.7/site-packages/airflow/example_dags/example_branch_datetime_operator.py
[2022-08-21 20:25:24,458] {logging_mixin.py:115} INFO - [2022-08-21 20:25:24,458] {dag.py:2371} INFO - Sync 1 DAGs
[2022-08-21 20:25:24,571] {logging_mixin.py:115} INFO - [2022-08-21 20:25:24,571] {dag.py:2919} INFO - Setting next_dagrun for example_branch_datetime_operator_2 to 2022-08-20T00:00:00+00:00, run_after=2022-08-21T00:00:00+00:00
[2022-08-21 20:25:24,633] {processor.py:161} INFO - Processing /home/airflow/.local/lib/python3.7/site-packages/airflow/example_dags/example_branch_datetime_operator.py took 0.346 seconds
[2022-08-21 20:25:55,511] {processor.py:153} INFO - Started process (PID=26790) to work on /home/airflow/.local/lib/python3.7/site-packages/airflow/example_dags/example_branch_datetime_operator.py
[2022-08-21 20:25:55,515] {processor.py:641} INFO - Processing file /home/airflow/.local/lib/python3.7/site-packages/airflow/example_dags/example_branch_datetime_operator.py for tasks to queue
[2022-08-21 20:25:55,519] {logging_mixin.py:115} INFO - [2022-08-21 20:25:55,519] {dagbag.py:507} INFO - Filling up the DagBag from /home/airflow/.local/lib/python3.7/site-packages/airflow/example_dags/example_branch_datetime_operator.py
[2022-08-21 20:25:55,551] {processor.py:651} INFO - DAG(s) dict_keys(['example_branch_datetime_operator_2']) retrieved from /home/airflow/.local/lib/python3.7/site-packages/airflow/example_dags/example_branch_datetime_operator.py
[2022-08-21 20:25:55,648] {logging_mixin.py:115} INFO - [2022-08-21 20:25:55,647] {dag.py:2371} INFO - Sync 1 DAGs
[2022-08-21 20:25:55,718] {logging_mixin.py:115} INFO - [2022-08-21 20:25:55,717] {dag.py:2919} INFO - Setting next_dagrun for example_branch_datetime_operator_2 to 2022-08-20T00:00:00+00:00, run_after=2022-08-21T00:00:00+00:00
[2022-08-21 20:25:55,759] {processor.py:161} INFO - Processing /home/airflow/.local/lib/python3.7/site-packages/airflow/example_dags/example_branch_datetime_operator.py took 0.263 seconds
[2022-08-21 20:26:26,737] {processor.py:153} INFO - Started process (PID=26842) to work on /home/airflow/.local/lib/python3.7/site-packages/airflow/example_dags/example_branch_datetime_operator.py
[2022-08-21 20:26:26,738] {processor.py:641} INFO - Processing file /home/airflow/.local/lib/python3.7/site-packages/airflow/example_dags/example_branch_datetime_operator.py for tasks to queue
[2022-08-21 20:26:26,740] {logging_mixin.py:115} INFO - [2022-08-21 20:26:26,740] {dagbag.py:507} INFO - Filling up the DagBag from /home/airflow/.local/lib/python3.7/site-packages/airflow/example_dags/example_branch_datetime_operator.py
[2022-08-21 20:26:26,756] {processor.py:651} INFO - DAG(s) dict_keys(['example_branch_datetime_operator_2']) retrieved from /home/airflow/.local/lib/python3.7/site-packages/airflow/example_dags/example_branch_datetime_operator.py
[2022-08-21 20:26:26,819] {logging_mixin.py:115} INFO - [2022-08-21 20:26:26,819] {dag.py:2371} INFO - Sync 1 DAGs
[2022-08-21 20:26:26,853] {logging_mixin.py:115} INFO - [2022-08-21 20:26:26,853] {dag.py:2919} INFO - Setting next_dagrun for example_branch_datetime_operator_2 to 2022-08-20T00:00:00+00:00, run_after=2022-08-21T00:00:00+00:00
[2022-08-21 20:26:26,875] {processor.py:161} INFO - Processing /home/airflow/.local/lib/python3.7/site-packages/airflow/example_dags/example_branch_datetime_operator.py took 0.145 seconds
[2022-08-21 20:26:57,072] {processor.py:153} INFO - Started process (PID=26903) to work on /home/airflow/.local/lib/python3.7/site-packages/airflow/example_dags/example_branch_datetime_operator.py
[2022-08-21 20:26:57,074] {processor.py:641} INFO - Processing file /home/airflow/.local/lib/python3.7/site-packages/airflow/example_dags/example_branch_datetime_operator.py for tasks to queue
[2022-08-21 20:26:57,075] {logging_mixin.py:115} INFO - [2022-08-21 20:26:57,075] {dagbag.py:507} INFO - Filling up the DagBag from /home/airflow/.local/lib/python3.7/site-packages/airflow/example_dags/example_branch_datetime_operator.py
[2022-08-21 20:26:57,088] {processor.py:651} INFO - DAG(s) dict_keys(['example_branch_datetime_operator_2']) retrieved from /home/airflow/.local/lib/python3.7/site-packages/airflow/example_dags/example_branch_datetime_operator.py
[2022-08-21 20:26:57,126] {logging_mixin.py:115} INFO - [2022-08-21 20:26:57,125] {dag.py:2371} INFO - Sync 1 DAGs
[2022-08-21 20:26:57,157] {logging_mixin.py:115} INFO - [2022-08-21 20:26:57,157] {dag.py:2919} INFO - Setting next_dagrun for example_branch_datetime_operator_2 to 2022-08-20T00:00:00+00:00, run_after=2022-08-21T00:00:00+00:00
[2022-08-21 20:26:57,178] {processor.py:161} INFO - Processing /home/airflow/.local/lib/python3.7/site-packages/airflow/example_dags/example_branch_datetime_operator.py took 0.112 seconds
[2022-08-21 20:27:28,129] {processor.py:153} INFO - Started process (PID=26955) to work on /home/airflow/.local/lib/python3.7/site-packages/airflow/example_dags/example_branch_datetime_operator.py
[2022-08-21 20:27:28,131] {processor.py:641} INFO - Processing file /home/airflow/.local/lib/python3.7/site-packages/airflow/example_dags/example_branch_datetime_operator.py for tasks to queue
[2022-08-21 20:27:28,132] {logging_mixin.py:115} INFO - [2022-08-21 20:27:28,132] {dagbag.py:507} INFO - Filling up the DagBag from /home/airflow/.local/lib/python3.7/site-packages/airflow/example_dags/example_branch_datetime_operator.py
[2022-08-21 20:27:28,145] {processor.py:651} INFO - DAG(s) dict_keys(['example_branch_datetime_operator_2']) retrieved from /home/airflow/.local/lib/python3.7/site-packages/airflow/example_dags/example_branch_datetime_operator.py
[2022-08-21 20:27:28,181] {logging_mixin.py:115} INFO - [2022-08-21 20:27:28,181] {dag.py:2371} INFO - Sync 1 DAGs
[2022-08-21 20:27:28,207] {logging_mixin.py:115} INFO - [2022-08-21 20:27:28,207] {dag.py:2919} INFO - Setting next_dagrun for example_branch_datetime_operator_2 to 2022-08-20T00:00:00+00:00, run_after=2022-08-21T00:00:00+00:00
[2022-08-21 20:27:28,221] {processor.py:161} INFO - Processing /home/airflow/.local/lib/python3.7/site-packages/airflow/example_dags/example_branch_datetime_operator.py took 0.096 seconds
[2022-08-21 20:27:58,656] {processor.py:153} INFO - Started process (PID=27016) to work on /home/airflow/.local/lib/python3.7/site-packages/airflow/example_dags/example_branch_datetime_operator.py
[2022-08-21 20:27:58,658] {processor.py:641} INFO - Processing file /home/airflow/.local/lib/python3.7/site-packages/airflow/example_dags/example_branch_datetime_operator.py for tasks to queue
[2022-08-21 20:27:58,659] {logging_mixin.py:115} INFO - [2022-08-21 20:27:58,659] {dagbag.py:507} INFO - Filling up the DagBag from /home/airflow/.local/lib/python3.7/site-packages/airflow/example_dags/example_branch_datetime_operator.py
[2022-08-21 20:27:58,671] {processor.py:651} INFO - DAG(s) dict_keys(['example_branch_datetime_operator_2']) retrieved from /home/airflow/.local/lib/python3.7/site-packages/airflow/example_dags/example_branch_datetime_operator.py
[2022-08-21 20:27:58,701] {logging_mixin.py:115} INFO - [2022-08-21 20:27:58,701] {dag.py:2371} INFO - Sync 1 DAGs
[2022-08-21 20:27:58,724] {logging_mixin.py:115} INFO - [2022-08-21 20:27:58,724] {dag.py:2919} INFO - Setting next_dagrun for example_branch_datetime_operator_2 to 2022-08-20T00:00:00+00:00, run_after=2022-08-21T00:00:00+00:00
[2022-08-21 20:27:58,738] {processor.py:161} INFO - Processing /home/airflow/.local/lib/python3.7/site-packages/airflow/example_dags/example_branch_datetime_operator.py took 0.087 seconds
[2022-08-21 20:28:28,914] {processor.py:153} INFO - Started process (PID=27078) to work on /home/airflow/.local/lib/python3.7/site-packages/airflow/example_dags/example_branch_datetime_operator.py
[2022-08-21 20:28:28,915] {processor.py:641} INFO - Processing file /home/airflow/.local/lib/python3.7/site-packages/airflow/example_dags/example_branch_datetime_operator.py for tasks to queue
[2022-08-21 20:28:28,917] {logging_mixin.py:115} INFO - [2022-08-21 20:28:28,917] {dagbag.py:507} INFO - Filling up the DagBag from /home/airflow/.local/lib/python3.7/site-packages/airflow/example_dags/example_branch_datetime_operator.py
[2022-08-21 20:28:28,928] {processor.py:651} INFO - DAG(s) dict_keys(['example_branch_datetime_operator_2']) retrieved from /home/airflow/.local/lib/python3.7/site-packages/airflow/example_dags/example_branch_datetime_operator.py
[2022-08-21 20:28:28,964] {logging_mixin.py:115} INFO - [2022-08-21 20:28:28,964] {dag.py:2371} INFO - Sync 1 DAGs
[2022-08-21 20:28:28,995] {logging_mixin.py:115} INFO - [2022-08-21 20:28:28,994] {dag.py:2919} INFO - Setting next_dagrun for example_branch_datetime_operator_2 to 2022-08-20T00:00:00+00:00, run_after=2022-08-21T00:00:00+00:00
[2022-08-21 20:28:29,013] {processor.py:161} INFO - Processing /home/airflow/.local/lib/python3.7/site-packages/airflow/example_dags/example_branch_datetime_operator.py took 0.103 seconds
[2022-08-21 20:28:59,543] {processor.py:153} INFO - Started process (PID=27130) to work on /home/airflow/.local/lib/python3.7/site-packages/airflow/example_dags/example_branch_datetime_operator.py
[2022-08-21 20:28:59,546] {processor.py:641} INFO - Processing file /home/airflow/.local/lib/python3.7/site-packages/airflow/example_dags/example_branch_datetime_operator.py for tasks to queue
[2022-08-21 20:28:59,548] {logging_mixin.py:115} INFO - [2022-08-21 20:28:59,548] {dagbag.py:507} INFO - Filling up the DagBag from /home/airflow/.local/lib/python3.7/site-packages/airflow/example_dags/example_branch_datetime_operator.py
[2022-08-21 20:28:59,563] {processor.py:651} INFO - DAG(s) dict_keys(['example_branch_datetime_operator_2']) retrieved from /home/airflow/.local/lib/python3.7/site-packages/airflow/example_dags/example_branch_datetime_operator.py
[2022-08-21 20:28:59,606] {logging_mixin.py:115} INFO - [2022-08-21 20:28:59,606] {dag.py:2371} INFO - Sync 1 DAGs
[2022-08-21 20:28:59,652] {logging_mixin.py:115} INFO - [2022-08-21 20:28:59,652] {dag.py:2919} INFO - Setting next_dagrun for example_branch_datetime_operator_2 to 2022-08-20T00:00:00+00:00, run_after=2022-08-21T00:00:00+00:00
[2022-08-21 20:28:59,670] {processor.py:161} INFO - Processing /home/airflow/.local/lib/python3.7/site-packages/airflow/example_dags/example_branch_datetime_operator.py took 0.131 seconds
[2022-08-21 20:29:30,100] {processor.py:153} INFO - Started process (PID=27192) to work on /home/airflow/.local/lib/python3.7/site-packages/airflow/example_dags/example_branch_datetime_operator.py
[2022-08-21 20:29:30,102] {processor.py:641} INFO - Processing file /home/airflow/.local/lib/python3.7/site-packages/airflow/example_dags/example_branch_datetime_operator.py for tasks to queue
[2022-08-21 20:29:30,103] {logging_mixin.py:115} INFO - [2022-08-21 20:29:30,103] {dagbag.py:507} INFO - Filling up the DagBag from /home/airflow/.local/lib/python3.7/site-packages/airflow/example_dags/example_branch_datetime_operator.py
[2022-08-21 20:29:30,120] {processor.py:651} INFO - DAG(s) dict_keys(['example_branch_datetime_operator_2']) retrieved from /home/airflow/.local/lib/python3.7/site-packages/airflow/example_dags/example_branch_datetime_operator.py
[2022-08-21 20:29:30,154] {logging_mixin.py:115} INFO - [2022-08-21 20:29:30,154] {dag.py:2371} INFO - Sync 1 DAGs
[2022-08-21 20:29:30,180] {logging_mixin.py:115} INFO - [2022-08-21 20:29:30,180] {dag.py:2919} INFO - Setting next_dagrun for example_branch_datetime_operator_2 to 2022-08-20T00:00:00+00:00, run_after=2022-08-21T00:00:00+00:00
[2022-08-21 20:29:30,194] {processor.py:161} INFO - Processing /home/airflow/.local/lib/python3.7/site-packages/airflow/example_dags/example_branch_datetime_operator.py took 0.100 seconds
[2022-08-21 20:30:00,320] {processor.py:153} INFO - Started process (PID=27250) to work on /home/airflow/.local/lib/python3.7/site-packages/airflow/example_dags/example_branch_datetime_operator.py
[2022-08-21 20:30:00,322] {processor.py:641} INFO - Processing file /home/airflow/.local/lib/python3.7/site-packages/airflow/example_dags/example_branch_datetime_operator.py for tasks to queue
[2022-08-21 20:30:00,324] {logging_mixin.py:115} INFO - [2022-08-21 20:30:00,324] {dagbag.py:507} INFO - Filling up the DagBag from /home/airflow/.local/lib/python3.7/site-packages/airflow/example_dags/example_branch_datetime_operator.py
[2022-08-21 20:30:00,337] {processor.py:651} INFO - DAG(s) dict_keys(['example_branch_datetime_operator_2']) retrieved from /home/airflow/.local/lib/python3.7/site-packages/airflow/example_dags/example_branch_datetime_operator.py
[2022-08-21 20:30:00,369] {logging_mixin.py:115} INFO - [2022-08-21 20:30:00,369] {dag.py:2371} INFO - Sync 1 DAGs
[2022-08-21 20:30:00,393] {logging_mixin.py:115} INFO - [2022-08-21 20:30:00,393] {dag.py:2919} INFO - Setting next_dagrun for example_branch_datetime_operator_2 to 2022-08-20T00:00:00+00:00, run_after=2022-08-21T00:00:00+00:00
[2022-08-21 20:30:00,406] {processor.py:161} INFO - Processing /home/airflow/.local/lib/python3.7/site-packages/airflow/example_dags/example_branch_datetime_operator.py took 0.093 seconds
[2022-08-21 20:30:30,739] {processor.py:153} INFO - Started process (PID=27305) to work on /home/airflow/.local/lib/python3.7/site-packages/airflow/example_dags/example_branch_datetime_operator.py
[2022-08-21 20:30:30,740] {processor.py:641} INFO - Processing file /home/airflow/.local/lib/python3.7/site-packages/airflow/example_dags/example_branch_datetime_operator.py for tasks to queue
[2022-08-21 20:30:30,741] {logging_mixin.py:115} INFO - [2022-08-21 20:30:30,741] {dagbag.py:507} INFO - Filling up the DagBag from /home/airflow/.local/lib/python3.7/site-packages/airflow/example_dags/example_branch_datetime_operator.py
[2022-08-21 20:30:30,752] {processor.py:651} INFO - DAG(s) dict_keys(['example_branch_datetime_operator_2']) retrieved from /home/airflow/.local/lib/python3.7/site-packages/airflow/example_dags/example_branch_datetime_operator.py
[2022-08-21 20:30:30,784] {logging_mixin.py:115} INFO - [2022-08-21 20:30:30,784] {dag.py:2371} INFO - Sync 1 DAGs
[2022-08-21 20:30:30,808] {logging_mixin.py:115} INFO - [2022-08-21 20:30:30,808] {dag.py:2919} INFO - Setting next_dagrun for example_branch_datetime_operator_2 to 2022-08-20T00:00:00+00:00, run_after=2022-08-21T00:00:00+00:00
[2022-08-21 20:30:30,825] {processor.py:161} INFO - Processing /home/airflow/.local/lib/python3.7/site-packages/airflow/example_dags/example_branch_datetime_operator.py took 0.091 seconds
[2022-08-21 20:31:01,868] {processor.py:153} INFO - Started process (PID=27350) to work on /home/airflow/.local/lib/python3.7/site-packages/airflow/example_dags/example_branch_datetime_operator.py
[2022-08-21 20:31:01,870] {processor.py:641} INFO - Processing file /home/airflow/.local/lib/python3.7/site-packages/airflow/example_dags/example_branch_datetime_operator.py for tasks to queue
[2022-08-21 20:31:01,874] {logging_mixin.py:115} INFO - [2022-08-21 20:31:01,873] {dagbag.py:507} INFO - Filling up the DagBag from /home/airflow/.local/lib/python3.7/site-packages/airflow/example_dags/example_branch_datetime_operator.py
[2022-08-21 20:31:01,885] {processor.py:651} INFO - DAG(s) dict_keys(['example_branch_datetime_operator_2']) retrieved from /home/airflow/.local/lib/python3.7/site-packages/airflow/example_dags/example_branch_datetime_operator.py
[2022-08-21 20:31:01,916] {logging_mixin.py:115} INFO - [2022-08-21 20:31:01,916] {dag.py:2371} INFO - Sync 1 DAGs
[2022-08-21 20:31:01,940] {logging_mixin.py:115} INFO - [2022-08-21 20:31:01,940] {dag.py:2919} INFO - Setting next_dagrun for example_branch_datetime_operator_2 to 2022-08-20T00:00:00+00:00, run_after=2022-08-21T00:00:00+00:00
[2022-08-21 20:31:01,955] {processor.py:161} INFO - Processing /home/airflow/.local/lib/python3.7/site-packages/airflow/example_dags/example_branch_datetime_operator.py took 0.092 seconds
[2022-08-21 22:14:02,424] {processor.py:153} INFO - Started process (PID=27381) to work on /home/airflow/.local/lib/python3.7/site-packages/airflow/example_dags/example_branch_datetime_operator.py
[2022-08-21 22:14:02,429] {processor.py:641} INFO - Processing file /home/airflow/.local/lib/python3.7/site-packages/airflow/example_dags/example_branch_datetime_operator.py for tasks to queue
[2022-08-21 22:14:02,435] {logging_mixin.py:115} INFO - [2022-08-21 22:14:02,435] {dagbag.py:507} INFO - Filling up the DagBag from /home/airflow/.local/lib/python3.7/site-packages/airflow/example_dags/example_branch_datetime_operator.py
[2022-08-21 22:14:02,482] {processor.py:651} INFO - DAG(s) dict_keys(['example_branch_datetime_operator_2']) retrieved from /home/airflow/.local/lib/python3.7/site-packages/airflow/example_dags/example_branch_datetime_operator.py
[2022-08-21 22:14:02,612] {logging_mixin.py:115} INFO - [2022-08-21 22:14:02,612] {dag.py:2371} INFO - Sync 1 DAGs
[2022-08-21 22:14:02,705] {logging_mixin.py:115} INFO - [2022-08-21 22:14:02,704] {dag.py:2919} INFO - Setting next_dagrun for example_branch_datetime_operator_2 to 2022-08-20T00:00:00+00:00, run_after=2022-08-21T00:00:00+00:00
[2022-08-21 22:14:02,747] {processor.py:161} INFO - Processing /home/airflow/.local/lib/python3.7/site-packages/airflow/example_dags/example_branch_datetime_operator.py took 0.351 seconds
