[2022-08-21 10:46:45,724] {processor.py:153} INFO - Started process (PID=26490) to work on /home/airflow/.local/lib/python3.7/site-packages/airflow/example_dags/example_trigger_controller_dag.py
[2022-08-21 10:46:45,726] {processor.py:641} INFO - Processing file /home/airflow/.local/lib/python3.7/site-packages/airflow/example_dags/example_trigger_controller_dag.py for tasks to queue
[2022-08-21 10:46:45,729] {logging_mixin.py:115} INFO - [2022-08-21 10:46:45,729] {dagbag.py:507} INFO - Filling up the DagBag from /home/airflow/.local/lib/python3.7/site-packages/airflow/example_dags/example_trigger_controller_dag.py
[2022-08-21 10:46:45,739] {processor.py:651} INFO - DAG(s) dict_keys(['example_trigger_controller_dag']) retrieved from /home/airflow/.local/lib/python3.7/site-packages/airflow/example_dags/example_trigger_controller_dag.py
[2022-08-21 10:46:45,795] {logging_mixin.py:115} INFO - [2022-08-21 10:46:45,795] {dag.py:2371} INFO - Sync 1 DAGs
[2022-08-21 10:46:45,842] {logging_mixin.py:115} INFO - [2022-08-21 10:46:45,842] {dag.py:2919} INFO - Setting next_dagrun for example_trigger_controller_dag to 2021-01-01T00:00:00+00:00, run_after=2021-01-01T00:00:00+00:00
[2022-08-21 10:46:45,862] {processor.py:161} INFO - Processing /home/airflow/.local/lib/python3.7/site-packages/airflow/example_dags/example_trigger_controller_dag.py took 0.150 seconds
[2022-08-21 10:47:16,588] {processor.py:153} INFO - Started process (PID=26542) to work on /home/airflow/.local/lib/python3.7/site-packages/airflow/example_dags/example_trigger_controller_dag.py
[2022-08-21 10:47:16,589] {processor.py:641} INFO - Processing file /home/airflow/.local/lib/python3.7/site-packages/airflow/example_dags/example_trigger_controller_dag.py for tasks to queue
[2022-08-21 10:47:16,590] {logging_mixin.py:115} INFO - [2022-08-21 10:47:16,590] {dagbag.py:507} INFO - Filling up the DagBag from /home/airflow/.local/lib/python3.7/site-packages/airflow/example_dags/example_trigger_controller_dag.py
[2022-08-21 10:47:16,595] {processor.py:651} INFO - DAG(s) dict_keys(['example_trigger_controller_dag']) retrieved from /home/airflow/.local/lib/python3.7/site-packages/airflow/example_dags/example_trigger_controller_dag.py
[2022-08-21 10:47:16,642] {logging_mixin.py:115} INFO - [2022-08-21 10:47:16,642] {dag.py:2371} INFO - Sync 1 DAGs
[2022-08-21 10:47:16,669] {logging_mixin.py:115} INFO - [2022-08-21 10:47:16,669] {dag.py:2919} INFO - Setting next_dagrun for example_trigger_controller_dag to 2021-01-01T00:00:00+00:00, run_after=2021-01-01T00:00:00+00:00
[2022-08-21 10:47:16,690] {processor.py:161} INFO - Processing /home/airflow/.local/lib/python3.7/site-packages/airflow/example_dags/example_trigger_controller_dag.py took 0.106 seconds
[2022-08-21 16:48:10,312] {processor.py:153} INFO - Started process (PID=26603) to work on /home/airflow/.local/lib/python3.7/site-packages/airflow/example_dags/example_trigger_controller_dag.py
[2022-08-21 16:48:10,315] {processor.py:641} INFO - Processing file /home/airflow/.local/lib/python3.7/site-packages/airflow/example_dags/example_trigger_controller_dag.py for tasks to queue
[2022-08-21 16:48:10,318] {logging_mixin.py:115} INFO - [2022-08-21 16:48:10,318] {dagbag.py:507} INFO - Filling up the DagBag from /home/airflow/.local/lib/python3.7/site-packages/airflow/example_dags/example_trigger_controller_dag.py
[2022-08-21 16:48:10,332] {processor.py:651} INFO - DAG(s) dict_keys(['example_trigger_controller_dag']) retrieved from /home/airflow/.local/lib/python3.7/site-packages/airflow/example_dags/example_trigger_controller_dag.py
[2022-08-21 16:48:10,399] {logging_mixin.py:115} INFO - [2022-08-21 16:48:10,399] {dag.py:2371} INFO - Sync 1 DAGs
[2022-08-21 16:48:10,480] {logging_mixin.py:115} INFO - [2022-08-21 16:48:10,480] {dag.py:2919} INFO - Setting next_dagrun for example_trigger_controller_dag to 2021-01-01T00:00:00+00:00, run_after=2021-01-01T00:00:00+00:00
[2022-08-21 16:48:10,169] {processor.py:161} INFO - Processing /home/airflow/.local/lib/python3.7/site-packages/airflow/example_dags/example_trigger_controller_dag.py took 0.214 seconds
[2022-08-21 17:03:50,745] {processor.py:153} INFO - Started process (PID=26656) to work on /home/airflow/.local/lib/python3.7/site-packages/airflow/example_dags/example_trigger_controller_dag.py
[2022-08-21 17:03:50,746] {processor.py:641} INFO - Processing file /home/airflow/.local/lib/python3.7/site-packages/airflow/example_dags/example_trigger_controller_dag.py for tasks to queue
[2022-08-21 17:03:50,748] {logging_mixin.py:115} INFO - [2022-08-21 17:03:50,747] {dagbag.py:507} INFO - Filling up the DagBag from /home/airflow/.local/lib/python3.7/site-packages/airflow/example_dags/example_trigger_controller_dag.py
[2022-08-21 17:03:50,755] {processor.py:651} INFO - DAG(s) dict_keys(['example_trigger_controller_dag']) retrieved from /home/airflow/.local/lib/python3.7/site-packages/airflow/example_dags/example_trigger_controller_dag.py
[2022-08-21 17:03:50,925] {logging_mixin.py:115} INFO - [2022-08-21 17:03:50,925] {dag.py:2371} INFO - Sync 1 DAGs
[2022-08-21 17:03:50,948] {logging_mixin.py:115} INFO - [2022-08-21 17:03:50,948] {dag.py:2919} INFO - Setting next_dagrun for example_trigger_controller_dag to 2021-01-01T00:00:00+00:00, run_after=2021-01-01T00:00:00+00:00
[2022-08-21 17:03:50,962] {processor.py:161} INFO - Processing /home/airflow/.local/lib/python3.7/site-packages/airflow/example_dags/example_trigger_controller_dag.py took 0.221 seconds
[2022-08-21 18:37:24,061] {processor.py:153} INFO - Started process (PID=26708) to work on /home/airflow/.local/lib/python3.7/site-packages/airflow/example_dags/example_trigger_controller_dag.py
[2022-08-21 18:37:24,062] {processor.py:641} INFO - Processing file /home/airflow/.local/lib/python3.7/site-packages/airflow/example_dags/example_trigger_controller_dag.py for tasks to queue
[2022-08-21 18:37:24,064] {logging_mixin.py:115} INFO - [2022-08-21 18:37:24,063] {dagbag.py:507} INFO - Filling up the DagBag from /home/airflow/.local/lib/python3.7/site-packages/airflow/example_dags/example_trigger_controller_dag.py
[2022-08-21 18:37:24,069] {processor.py:651} INFO - DAG(s) dict_keys(['example_trigger_controller_dag']) retrieved from /home/airflow/.local/lib/python3.7/site-packages/airflow/example_dags/example_trigger_controller_dag.py
[2022-08-21 18:37:24,125] {logging_mixin.py:115} INFO - [2022-08-21 18:37:24,125] {dag.py:2371} INFO - Sync 1 DAGs
[2022-08-21 18:37:24,162] {logging_mixin.py:115} INFO - [2022-08-21 18:37:24,162] {dag.py:2919} INFO - Setting next_dagrun for example_trigger_controller_dag to 2021-01-01T00:00:00+00:00, run_after=2021-01-01T00:00:00+00:00
[2022-08-21 18:37:24,196] {processor.py:161} INFO - Processing /home/airflow/.local/lib/python3.7/site-packages/airflow/example_dags/example_trigger_controller_dag.py took 0.140 seconds
[2022-08-21 20:25:27,569] {processor.py:153} INFO - Started process (PID=26752) to work on /home/airflow/.local/lib/python3.7/site-packages/airflow/example_dags/example_trigger_controller_dag.py
[2022-08-21 20:25:27,573] {processor.py:641} INFO - Processing file /home/airflow/.local/lib/python3.7/site-packages/airflow/example_dags/example_trigger_controller_dag.py for tasks to queue
[2022-08-21 20:25:27,575] {logging_mixin.py:115} INFO - [2022-08-21 20:25:27,574] {dagbag.py:507} INFO - Filling up the DagBag from /home/airflow/.local/lib/python3.7/site-packages/airflow/example_dags/example_trigger_controller_dag.py
[2022-08-21 20:25:27,583] {processor.py:651} INFO - DAG(s) dict_keys(['example_trigger_controller_dag']) retrieved from /home/airflow/.local/lib/python3.7/site-packages/airflow/example_dags/example_trigger_controller_dag.py
[2022-08-21 20:25:27,624] {logging_mixin.py:115} INFO - [2022-08-21 20:25:27,624] {dag.py:2371} INFO - Sync 1 DAGs
[2022-08-21 20:25:27,672] {logging_mixin.py:115} INFO - [2022-08-21 20:25:27,672] {dag.py:2919} INFO - Setting next_dagrun for example_trigger_controller_dag to 2021-01-01T00:00:00+00:00, run_after=2021-01-01T00:00:00+00:00
[2022-08-21 20:25:27,704] {processor.py:161} INFO - Processing /home/airflow/.local/lib/python3.7/site-packages/airflow/example_dags/example_trigger_controller_dag.py took 0.142 seconds
[2022-08-21 20:25:58,475] {processor.py:153} INFO - Started process (PID=26804) to work on /home/airflow/.local/lib/python3.7/site-packages/airflow/example_dags/example_trigger_controller_dag.py
[2022-08-21 20:25:58,479] {processor.py:641} INFO - Processing file /home/airflow/.local/lib/python3.7/site-packages/airflow/example_dags/example_trigger_controller_dag.py for tasks to queue
[2022-08-21 20:25:58,483] {logging_mixin.py:115} INFO - [2022-08-21 20:25:58,483] {dagbag.py:507} INFO - Filling up the DagBag from /home/airflow/.local/lib/python3.7/site-packages/airflow/example_dags/example_trigger_controller_dag.py
[2022-08-21 20:25:58,493] {processor.py:651} INFO - DAG(s) dict_keys(['example_trigger_controller_dag']) retrieved from /home/airflow/.local/lib/python3.7/site-packages/airflow/example_dags/example_trigger_controller_dag.py
[2022-08-21 20:25:58,576] {logging_mixin.py:115} INFO - [2022-08-21 20:25:58,576] {dag.py:2371} INFO - Sync 1 DAGs
[2022-08-21 20:25:58,628] {logging_mixin.py:115} INFO - [2022-08-21 20:25:58,628] {dag.py:2919} INFO - Setting next_dagrun for example_trigger_controller_dag to 2021-01-01T00:00:00+00:00, run_after=2021-01-01T00:00:00+00:00
[2022-08-21 20:25:58,661] {processor.py:161} INFO - Processing /home/airflow/.local/lib/python3.7/site-packages/airflow/example_dags/example_trigger_controller_dag.py took 0.196 seconds
[2022-08-21 20:26:29,617] {processor.py:153} INFO - Started process (PID=26856) to work on /home/airflow/.local/lib/python3.7/site-packages/airflow/example_dags/example_trigger_controller_dag.py
[2022-08-21 20:26:29,626] {processor.py:641} INFO - Processing file /home/airflow/.local/lib/python3.7/site-packages/airflow/example_dags/example_trigger_controller_dag.py for tasks to queue
[2022-08-21 20:26:29,628] {logging_mixin.py:115} INFO - [2022-08-21 20:26:29,628] {dagbag.py:507} INFO - Filling up the DagBag from /home/airflow/.local/lib/python3.7/site-packages/airflow/example_dags/example_trigger_controller_dag.py
[2022-08-21 20:26:29,636] {processor.py:651} INFO - DAG(s) dict_keys(['example_trigger_controller_dag']) retrieved from /home/airflow/.local/lib/python3.7/site-packages/airflow/example_dags/example_trigger_controller_dag.py
[2022-08-21 20:26:29,690] {logging_mixin.py:115} INFO - [2022-08-21 20:26:29,690] {dag.py:2371} INFO - Sync 1 DAGs
[2022-08-21 20:26:29,724] {logging_mixin.py:115} INFO - [2022-08-21 20:26:29,724] {dag.py:2919} INFO - Setting next_dagrun for example_trigger_controller_dag to 2021-01-01T00:00:00+00:00, run_after=2021-01-01T00:00:00+00:00
[2022-08-21 20:26:29,771] {processor.py:161} INFO - Processing /home/airflow/.local/lib/python3.7/site-packages/airflow/example_dags/example_trigger_controller_dag.py took 0.161 seconds
[2022-08-21 20:27:00,366] {processor.py:153} INFO - Started process (PID=26917) to work on /home/airflow/.local/lib/python3.7/site-packages/airflow/example_dags/example_trigger_controller_dag.py
[2022-08-21 20:27:00,369] {processor.py:641} INFO - Processing file /home/airflow/.local/lib/python3.7/site-packages/airflow/example_dags/example_trigger_controller_dag.py for tasks to queue
[2022-08-21 20:27:00,371] {logging_mixin.py:115} INFO - [2022-08-21 20:27:00,371] {dagbag.py:507} INFO - Filling up the DagBag from /home/airflow/.local/lib/python3.7/site-packages/airflow/example_dags/example_trigger_controller_dag.py
[2022-08-21 20:27:00,376] {processor.py:651} INFO - DAG(s) dict_keys(['example_trigger_controller_dag']) retrieved from /home/airflow/.local/lib/python3.7/site-packages/airflow/example_dags/example_trigger_controller_dag.py
[2022-08-21 20:27:00,425] {logging_mixin.py:115} INFO - [2022-08-21 20:27:00,425] {dag.py:2371} INFO - Sync 1 DAGs
[2022-08-21 20:27:00,460] {logging_mixin.py:115} INFO - [2022-08-21 20:27:00,460] {dag.py:2919} INFO - Setting next_dagrun for example_trigger_controller_dag to 2021-01-01T00:00:00+00:00, run_after=2021-01-01T00:00:00+00:00
[2022-08-21 20:27:00,480] {processor.py:161} INFO - Processing /home/airflow/.local/lib/python3.7/site-packages/airflow/example_dags/example_trigger_controller_dag.py took 0.119 seconds
[2022-08-21 20:27:31,054] {processor.py:153} INFO - Started process (PID=26976) to work on /home/airflow/.local/lib/python3.7/site-packages/airflow/example_dags/example_trigger_controller_dag.py
[2022-08-21 20:27:31,056] {processor.py:641} INFO - Processing file /home/airflow/.local/lib/python3.7/site-packages/airflow/example_dags/example_trigger_controller_dag.py for tasks to queue
[2022-08-21 20:27:31,058] {logging_mixin.py:115} INFO - [2022-08-21 20:27:31,057] {dagbag.py:507} INFO - Filling up the DagBag from /home/airflow/.local/lib/python3.7/site-packages/airflow/example_dags/example_trigger_controller_dag.py
[2022-08-21 20:27:31,064] {processor.py:651} INFO - DAG(s) dict_keys(['example_trigger_controller_dag']) retrieved from /home/airflow/.local/lib/python3.7/site-packages/airflow/example_dags/example_trigger_controller_dag.py
[2022-08-21 20:27:31,128] {logging_mixin.py:115} INFO - [2022-08-21 20:27:31,127] {dag.py:2371} INFO - Sync 1 DAGs
[2022-08-21 20:27:31,158] {logging_mixin.py:115} INFO - [2022-08-21 20:27:31,157] {dag.py:2919} INFO - Setting next_dagrun for example_trigger_controller_dag to 2021-01-01T00:00:00+00:00, run_after=2021-01-01T00:00:00+00:00
[2022-08-21 20:27:31,175] {processor.py:161} INFO - Processing /home/airflow/.local/lib/python3.7/site-packages/airflow/example_dags/example_trigger_controller_dag.py took 0.126 seconds
[2022-08-21 20:28:01,674] {processor.py:153} INFO - Started process (PID=27030) to work on /home/airflow/.local/lib/python3.7/site-packages/airflow/example_dags/example_trigger_controller_dag.py
[2022-08-21 20:28:01,676] {processor.py:641} INFO - Processing file /home/airflow/.local/lib/python3.7/site-packages/airflow/example_dags/example_trigger_controller_dag.py for tasks to queue
[2022-08-21 20:28:01,677] {logging_mixin.py:115} INFO - [2022-08-21 20:28:01,677] {dagbag.py:507} INFO - Filling up the DagBag from /home/airflow/.local/lib/python3.7/site-packages/airflow/example_dags/example_trigger_controller_dag.py
[2022-08-21 20:28:01,681] {processor.py:651} INFO - DAG(s) dict_keys(['example_trigger_controller_dag']) retrieved from /home/airflow/.local/lib/python3.7/site-packages/airflow/example_dags/example_trigger_controller_dag.py
[2022-08-21 20:28:01,715] {logging_mixin.py:115} INFO - [2022-08-21 20:28:01,715] {dag.py:2371} INFO - Sync 1 DAGs
[2022-08-21 20:28:01,736] {logging_mixin.py:115} INFO - [2022-08-21 20:28:01,736] {dag.py:2919} INFO - Setting next_dagrun for example_trigger_controller_dag to 2021-01-01T00:00:00+00:00, run_after=2021-01-01T00:00:00+00:00
[2022-08-21 20:28:01,749] {processor.py:161} INFO - Processing /home/airflow/.local/lib/python3.7/site-packages/airflow/example_dags/example_trigger_controller_dag.py took 0.079 seconds
[2022-08-21 20:28:31,893] {processor.py:153} INFO - Started process (PID=27092) to work on /home/airflow/.local/lib/python3.7/site-packages/airflow/example_dags/example_trigger_controller_dag.py
[2022-08-21 20:28:31,895] {processor.py:641} INFO - Processing file /home/airflow/.local/lib/python3.7/site-packages/airflow/example_dags/example_trigger_controller_dag.py for tasks to queue
[2022-08-21 20:28:31,896] {logging_mixin.py:115} INFO - [2022-08-21 20:28:31,896] {dagbag.py:507} INFO - Filling up the DagBag from /home/airflow/.local/lib/python3.7/site-packages/airflow/example_dags/example_trigger_controller_dag.py
[2022-08-21 20:28:31,902] {processor.py:651} INFO - DAG(s) dict_keys(['example_trigger_controller_dag']) retrieved from /home/airflow/.local/lib/python3.7/site-packages/airflow/example_dags/example_trigger_controller_dag.py
[2022-08-21 20:28:31,939] {logging_mixin.py:115} INFO - [2022-08-21 20:28:31,939] {dag.py:2371} INFO - Sync 1 DAGs
[2022-08-21 20:28:31,974] {logging_mixin.py:115} INFO - [2022-08-21 20:28:31,974] {dag.py:2919} INFO - Setting next_dagrun for example_trigger_controller_dag to 2021-01-01T00:00:00+00:00, run_after=2021-01-01T00:00:00+00:00
[2022-08-21 20:28:31,991] {processor.py:161} INFO - Processing /home/airflow/.local/lib/python3.7/site-packages/airflow/example_dags/example_trigger_controller_dag.py took 0.102 seconds
[2022-08-21 20:29:02,571] {processor.py:153} INFO - Started process (PID=27144) to work on /home/airflow/.local/lib/python3.7/site-packages/airflow/example_dags/example_trigger_controller_dag.py
[2022-08-21 20:29:02,573] {processor.py:641} INFO - Processing file /home/airflow/.local/lib/python3.7/site-packages/airflow/example_dags/example_trigger_controller_dag.py for tasks to queue
[2022-08-21 20:29:02,575] {logging_mixin.py:115} INFO - [2022-08-21 20:29:02,575] {dagbag.py:507} INFO - Filling up the DagBag from /home/airflow/.local/lib/python3.7/site-packages/airflow/example_dags/example_trigger_controller_dag.py
[2022-08-21 20:29:02,580] {processor.py:651} INFO - DAG(s) dict_keys(['example_trigger_controller_dag']) retrieved from /home/airflow/.local/lib/python3.7/site-packages/airflow/example_dags/example_trigger_controller_dag.py
[2022-08-21 20:29:02,616] {logging_mixin.py:115} INFO - [2022-08-21 20:29:02,616] {dag.py:2371} INFO - Sync 1 DAGs
[2022-08-21 20:29:02,637] {logging_mixin.py:115} INFO - [2022-08-21 20:29:02,637] {dag.py:2919} INFO - Setting next_dagrun for example_trigger_controller_dag to 2021-01-01T00:00:00+00:00, run_after=2021-01-01T00:00:00+00:00
[2022-08-21 20:29:02,651] {processor.py:161} INFO - Processing /home/airflow/.local/lib/python3.7/site-packages/airflow/example_dags/example_trigger_controller_dag.py took 0.085 seconds
[2022-08-21 20:29:33,107] {processor.py:153} INFO - Started process (PID=27206) to work on /home/airflow/.local/lib/python3.7/site-packages/airflow/example_dags/example_trigger_controller_dag.py
[2022-08-21 20:29:33,108] {processor.py:641} INFO - Processing file /home/airflow/.local/lib/python3.7/site-packages/airflow/example_dags/example_trigger_controller_dag.py for tasks to queue
[2022-08-21 20:29:33,110] {logging_mixin.py:115} INFO - [2022-08-21 20:29:33,109] {dagbag.py:507} INFO - Filling up the DagBag from /home/airflow/.local/lib/python3.7/site-packages/airflow/example_dags/example_trigger_controller_dag.py
[2022-08-21 20:29:33,115] {processor.py:651} INFO - DAG(s) dict_keys(['example_trigger_controller_dag']) retrieved from /home/airflow/.local/lib/python3.7/site-packages/airflow/example_dags/example_trigger_controller_dag.py
[2022-08-21 20:29:33,147] {logging_mixin.py:115} INFO - [2022-08-21 20:29:33,147] {dag.py:2371} INFO - Sync 1 DAGs
[2022-08-21 20:29:33,169] {logging_mixin.py:115} INFO - [2022-08-21 20:29:33,168] {dag.py:2919} INFO - Setting next_dagrun for example_trigger_controller_dag to 2021-01-01T00:00:00+00:00, run_after=2021-01-01T00:00:00+00:00
[2022-08-21 20:29:33,181] {processor.py:161} INFO - Processing /home/airflow/.local/lib/python3.7/site-packages/airflow/example_dags/example_trigger_controller_dag.py took 0.079 seconds
[2022-08-21 20:30:03,302] {processor.py:153} INFO - Started process (PID=27267) to work on /home/airflow/.local/lib/python3.7/site-packages/airflow/example_dags/example_trigger_controller_dag.py
[2022-08-21 20:30:03,304] {processor.py:641} INFO - Processing file /home/airflow/.local/lib/python3.7/site-packages/airflow/example_dags/example_trigger_controller_dag.py for tasks to queue
[2022-08-21 20:30:03,307] {logging_mixin.py:115} INFO - [2022-08-21 20:30:03,307] {dagbag.py:507} INFO - Filling up the DagBag from /home/airflow/.local/lib/python3.7/site-packages/airflow/example_dags/example_trigger_controller_dag.py
[2022-08-21 20:30:03,315] {processor.py:651} INFO - DAG(s) dict_keys(['example_trigger_controller_dag']) retrieved from /home/airflow/.local/lib/python3.7/site-packages/airflow/example_dags/example_trigger_controller_dag.py
[2022-08-21 20:30:03,358] {logging_mixin.py:115} INFO - [2022-08-21 20:30:03,358] {dag.py:2371} INFO - Sync 1 DAGs
[2022-08-21 20:30:03,380] {logging_mixin.py:115} INFO - [2022-08-21 20:30:03,380] {dag.py:2919} INFO - Setting next_dagrun for example_trigger_controller_dag to 2021-01-01T00:00:00+00:00, run_after=2021-01-01T00:00:00+00:00
[2022-08-21 20:30:03,393] {processor.py:161} INFO - Processing /home/airflow/.local/lib/python3.7/site-packages/airflow/example_dags/example_trigger_controller_dag.py took 0.095 seconds
[2022-08-21 20:31:00,018] {processor.py:153} INFO - Started process (PID=27328) to work on /home/airflow/.local/lib/python3.7/site-packages/airflow/example_dags/example_trigger_controller_dag.py
[2022-08-21 20:31:00,019] {processor.py:641} INFO - Processing file /home/airflow/.local/lib/python3.7/site-packages/airflow/example_dags/example_trigger_controller_dag.py for tasks to queue
[2022-08-21 20:31:00,020] {logging_mixin.py:115} INFO - [2022-08-21 20:31:00,020] {dagbag.py:507} INFO - Filling up the DagBag from /home/airflow/.local/lib/python3.7/site-packages/airflow/example_dags/example_trigger_controller_dag.py
[2022-08-21 20:31:00,027] {processor.py:651} INFO - DAG(s) dict_keys(['example_trigger_controller_dag']) retrieved from /home/airflow/.local/lib/python3.7/site-packages/airflow/example_dags/example_trigger_controller_dag.py
[2022-08-21 20:31:00,066] {logging_mixin.py:115} INFO - [2022-08-21 20:31:00,066] {dag.py:2371} INFO - Sync 1 DAGs
[2022-08-21 20:31:00,099] {logging_mixin.py:115} INFO - [2022-08-21 20:31:00,099] {dag.py:2919} INFO - Setting next_dagrun for example_trigger_controller_dag to 2021-01-01T00:00:00+00:00, run_after=2021-01-01T00:00:00+00:00
[2022-08-21 20:31:00,118] {processor.py:161} INFO - Processing /home/airflow/.local/lib/python3.7/site-packages/airflow/example_dags/example_trigger_controller_dag.py took 0.105 seconds
[2022-08-21 22:14:04,378] {processor.py:153} INFO - Started process (PID=27395) to work on /home/airflow/.local/lib/python3.7/site-packages/airflow/example_dags/example_trigger_controller_dag.py
[2022-08-21 22:14:04,381] {processor.py:641} INFO - Processing file /home/airflow/.local/lib/python3.7/site-packages/airflow/example_dags/example_trigger_controller_dag.py for tasks to queue
[2022-08-21 22:14:04,384] {logging_mixin.py:115} INFO - [2022-08-21 22:14:04,384] {dagbag.py:507} INFO - Filling up the DagBag from /home/airflow/.local/lib/python3.7/site-packages/airflow/example_dags/example_trigger_controller_dag.py
[2022-08-21 22:14:04,397] {processor.py:651} INFO - DAG(s) dict_keys(['example_trigger_controller_dag']) retrieved from /home/airflow/.local/lib/python3.7/site-packages/airflow/example_dags/example_trigger_controller_dag.py
[2022-08-21 22:14:04,470] {logging_mixin.py:115} INFO - [2022-08-21 22:14:04,470] {dag.py:2371} INFO - Sync 1 DAGs
[2022-08-21 22:14:04,494] {logging_mixin.py:115} INFO - [2022-08-21 22:14:04,494] {dag.py:2919} INFO - Setting next_dagrun for example_trigger_controller_dag to 2021-01-01T00:00:00+00:00, run_after=2021-01-01T00:00:00+00:00
[2022-08-21 22:14:04,511] {processor.py:161} INFO - Processing /home/airflow/.local/lib/python3.7/site-packages/airflow/example_dags/example_trigger_controller_dag.py took 0.144 seconds
