[2022-08-21 10:46:46,933] {processor.py:153} INFO - Started process (PID=26497) to work on /home/airflow/.local/lib/python3.7/site-packages/airflow/example_dags/example_branch_labels.py
[2022-08-21 10:46:46,935] {processor.py:641} INFO - Processing file /home/airflow/.local/lib/python3.7/site-packages/airflow/example_dags/example_branch_labels.py for tasks to queue
[2022-08-21 10:46:46,939] {logging_mixin.py:115} INFO - [2022-08-21 10:46:46,938] {dagbag.py:507} INFO - Filling up the DagBag from /home/airflow/.local/lib/python3.7/site-packages/airflow/example_dags/example_branch_labels.py
[2022-08-21 10:46:46,968] {processor.py:651} INFO - DAG(s) dict_keys(['example_branch_labels']) retrieved from /home/airflow/.local/lib/python3.7/site-packages/airflow/example_dags/example_branch_labels.py
[2022-08-21 10:46:47,090] {logging_mixin.py:115} INFO - [2022-08-21 10:46:47,090] {dag.py:2371} INFO - Sync 1 DAGs
[2022-08-21 10:46:47,153] {logging_mixin.py:115} INFO - [2022-08-21 10:46:47,153] {dag.py:2919} INFO - Setting next_dagrun for example_branch_labels to 2022-08-20T00:00:00+00:00, run_after=2022-08-21T00:00:00+00:00
[2022-08-21 10:46:47,187] {processor.py:161} INFO - Processing /home/airflow/.local/lib/python3.7/site-packages/airflow/example_dags/example_branch_labels.py took 0.265 seconds
[2022-08-21 10:47:18,052] {processor.py:153} INFO - Started process (PID=26549) to work on /home/airflow/.local/lib/python3.7/site-packages/airflow/example_dags/example_branch_labels.py
[2022-08-21 10:47:18,054] {processor.py:641} INFO - Processing file /home/airflow/.local/lib/python3.7/site-packages/airflow/example_dags/example_branch_labels.py for tasks to queue
[2022-08-21 10:47:18,055] {logging_mixin.py:115} INFO - [2022-08-21 10:47:18,055] {dagbag.py:507} INFO - Filling up the DagBag from /home/airflow/.local/lib/python3.7/site-packages/airflow/example_dags/example_branch_labels.py
[2022-08-21 10:47:18,064] {processor.py:651} INFO - DAG(s) dict_keys(['example_branch_labels']) retrieved from /home/airflow/.local/lib/python3.7/site-packages/airflow/example_dags/example_branch_labels.py
[2022-08-21 10:47:18,116] {logging_mixin.py:115} INFO - [2022-08-21 10:47:18,116] {dag.py:2371} INFO - Sync 1 DAGs
[2022-08-21 10:47:18,139] {logging_mixin.py:115} INFO - [2022-08-21 10:47:18,139] {dag.py:2919} INFO - Setting next_dagrun for example_branch_labels to 2022-08-20T00:00:00+00:00, run_after=2022-08-21T00:00:00+00:00
[2022-08-21 10:47:18,153] {processor.py:161} INFO - Processing /home/airflow/.local/lib/python3.7/site-packages/airflow/example_dags/example_branch_labels.py took 0.105 seconds
[2022-08-21 16:48:10,943] {processor.py:153} INFO - Started process (PID=26610) to work on /home/airflow/.local/lib/python3.7/site-packages/airflow/example_dags/example_branch_labels.py
[2022-08-21 16:48:10,945] {processor.py:641} INFO - Processing file /home/airflow/.local/lib/python3.7/site-packages/airflow/example_dags/example_branch_labels.py for tasks to queue
[2022-08-21 16:48:10,946] {logging_mixin.py:115} INFO - [2022-08-21 16:48:10,946] {dagbag.py:507} INFO - Filling up the DagBag from /home/airflow/.local/lib/python3.7/site-packages/airflow/example_dags/example_branch_labels.py
[2022-08-21 16:48:10,955] {processor.py:651} INFO - DAG(s) dict_keys(['example_branch_labels']) retrieved from /home/airflow/.local/lib/python3.7/site-packages/airflow/example_dags/example_branch_labels.py
[2022-08-21 16:48:11,025] {logging_mixin.py:115} INFO - [2022-08-21 16:48:11,025] {dag.py:2371} INFO - Sync 1 DAGs
[2022-08-21 16:48:11,066] {logging_mixin.py:115} INFO - [2022-08-21 16:48:11,066] {dag.py:2919} INFO - Setting next_dagrun for example_branch_labels to 2022-08-20T00:00:00+00:00, run_after=2022-08-21T00:00:00+00:00
[2022-08-21 16:48:11,091] {processor.py:161} INFO - Processing /home/airflow/.local/lib/python3.7/site-packages/airflow/example_dags/example_branch_labels.py took 0.154 seconds
[2022-08-21 17:03:51,708] {processor.py:153} INFO - Started process (PID=26663) to work on /home/airflow/.local/lib/python3.7/site-packages/airflow/example_dags/example_branch_labels.py
[2022-08-21 17:03:51,713] {processor.py:641} INFO - Processing file /home/airflow/.local/lib/python3.7/site-packages/airflow/example_dags/example_branch_labels.py for tasks to queue
[2022-08-21 17:03:51,714] {logging_mixin.py:115} INFO - [2022-08-21 17:03:51,714] {dagbag.py:507} INFO - Filling up the DagBag from /home/airflow/.local/lib/python3.7/site-packages/airflow/example_dags/example_branch_labels.py
[2022-08-21 17:03:51,736] {processor.py:651} INFO - DAG(s) dict_keys(['example_branch_labels']) retrieved from /home/airflow/.local/lib/python3.7/site-packages/airflow/example_dags/example_branch_labels.py
[2022-08-21 17:03:51,986] {logging_mixin.py:115} INFO - [2022-08-21 17:03:51,986] {dag.py:2371} INFO - Sync 1 DAGs
[2022-08-21 17:03:52,009] {logging_mixin.py:115} INFO - [2022-08-21 17:03:52,009] {dag.py:2919} INFO - Setting next_dagrun for example_branch_labels to 2022-08-20T00:00:00+00:00, run_after=2022-08-21T00:00:00+00:00
[2022-08-21 17:03:52,022] {processor.py:161} INFO - Processing /home/airflow/.local/lib/python3.7/site-packages/airflow/example_dags/example_branch_labels.py took 0.319 seconds
[2022-08-21 18:37:24,723] {processor.py:153} INFO - Started process (PID=26715) to work on /home/airflow/.local/lib/python3.7/site-packages/airflow/example_dags/example_branch_labels.py
[2022-08-21 18:37:24,725] {processor.py:641} INFO - Processing file /home/airflow/.local/lib/python3.7/site-packages/airflow/example_dags/example_branch_labels.py for tasks to queue
[2022-08-21 18:37:24,726] {logging_mixin.py:115} INFO - [2022-08-21 18:37:24,726] {dagbag.py:507} INFO - Filling up the DagBag from /home/airflow/.local/lib/python3.7/site-packages/airflow/example_dags/example_branch_labels.py
[2022-08-21 18:37:24,735] {processor.py:651} INFO - DAG(s) dict_keys(['example_branch_labels']) retrieved from /home/airflow/.local/lib/python3.7/site-packages/airflow/example_dags/example_branch_labels.py
[2022-08-21 18:37:24,767] {logging_mixin.py:115} INFO - [2022-08-21 18:37:24,767] {dag.py:2371} INFO - Sync 1 DAGs
[2022-08-21 18:37:24,790] {logging_mixin.py:115} INFO - [2022-08-21 18:37:24,790] {dag.py:2919} INFO - Setting next_dagrun for example_branch_labels to 2022-08-20T00:00:00+00:00, run_after=2022-08-21T00:00:00+00:00
[2022-08-21 18:37:24,805] {processor.py:161} INFO - Processing /home/airflow/.local/lib/python3.7/site-packages/airflow/example_dags/example_branch_labels.py took 0.087 seconds
[2022-08-21 20:25:28,279] {processor.py:153} INFO - Started process (PID=26759) to work on /home/airflow/.local/lib/python3.7/site-packages/airflow/example_dags/example_branch_labels.py
[2022-08-21 20:25:28,280] {processor.py:641} INFO - Processing file /home/airflow/.local/lib/python3.7/site-packages/airflow/example_dags/example_branch_labels.py for tasks to queue
[2022-08-21 20:25:28,281] {logging_mixin.py:115} INFO - [2022-08-21 20:25:28,281] {dagbag.py:507} INFO - Filling up the DagBag from /home/airflow/.local/lib/python3.7/site-packages/airflow/example_dags/example_branch_labels.py
[2022-08-21 20:25:28,290] {processor.py:651} INFO - DAG(s) dict_keys(['example_branch_labels']) retrieved from /home/airflow/.local/lib/python3.7/site-packages/airflow/example_dags/example_branch_labels.py
[2022-08-21 20:25:28,336] {logging_mixin.py:115} INFO - [2022-08-21 20:25:28,335] {dag.py:2371} INFO - Sync 1 DAGs
[2022-08-21 20:25:28,364] {logging_mixin.py:115} INFO - [2022-08-21 20:25:28,364] {dag.py:2919} INFO - Setting next_dagrun for example_branch_labels to 2022-08-20T00:00:00+00:00, run_after=2022-08-21T00:00:00+00:00
[2022-08-21 20:25:28,380] {processor.py:161} INFO - Processing /home/airflow/.local/lib/python3.7/site-packages/airflow/example_dags/example_branch_labels.py took 0.105 seconds
[2022-08-21 20:25:59,429] {processor.py:153} INFO - Started process (PID=26811) to work on /home/airflow/.local/lib/python3.7/site-packages/airflow/example_dags/example_branch_labels.py
[2022-08-21 20:25:59,435] {processor.py:641} INFO - Processing file /home/airflow/.local/lib/python3.7/site-packages/airflow/example_dags/example_branch_labels.py for tasks to queue
[2022-08-21 20:25:59,442] {logging_mixin.py:115} INFO - [2022-08-21 20:25:59,441] {dagbag.py:507} INFO - Filling up the DagBag from /home/airflow/.local/lib/python3.7/site-packages/airflow/example_dags/example_branch_labels.py
[2022-08-21 20:25:59,462] {processor.py:651} INFO - DAG(s) dict_keys(['example_branch_labels']) retrieved from /home/airflow/.local/lib/python3.7/site-packages/airflow/example_dags/example_branch_labels.py
[2022-08-21 20:25:59,541] {logging_mixin.py:115} INFO - [2022-08-21 20:25:59,540] {dag.py:2371} INFO - Sync 1 DAGs
[2022-08-21 20:25:59,609] {logging_mixin.py:115} INFO - [2022-08-21 20:25:59,609] {dag.py:2919} INFO - Setting next_dagrun for example_branch_labels to 2022-08-20T00:00:00+00:00, run_after=2022-08-21T00:00:00+00:00
[2022-08-21 20:25:59,661] {processor.py:161} INFO - Processing /home/airflow/.local/lib/python3.7/site-packages/airflow/example_dags/example_branch_labels.py took 0.248 seconds
[2022-08-21 20:26:30,295] {processor.py:153} INFO - Started process (PID=26863) to work on /home/airflow/.local/lib/python3.7/site-packages/airflow/example_dags/example_branch_labels.py
[2022-08-21 20:26:30,296] {processor.py:641} INFO - Processing file /home/airflow/.local/lib/python3.7/site-packages/airflow/example_dags/example_branch_labels.py for tasks to queue
[2022-08-21 20:26:30,298] {logging_mixin.py:115} INFO - [2022-08-21 20:26:30,298] {dagbag.py:507} INFO - Filling up the DagBag from /home/airflow/.local/lib/python3.7/site-packages/airflow/example_dags/example_branch_labels.py
[2022-08-21 20:26:30,309] {processor.py:651} INFO - DAG(s) dict_keys(['example_branch_labels']) retrieved from /home/airflow/.local/lib/python3.7/site-packages/airflow/example_dags/example_branch_labels.py
[2022-08-21 20:26:30,361] {logging_mixin.py:115} INFO - [2022-08-21 20:26:30,361] {dag.py:2371} INFO - Sync 1 DAGs
[2022-08-21 20:26:30,406] {logging_mixin.py:115} INFO - [2022-08-21 20:26:30,405] {dag.py:2919} INFO - Setting next_dagrun for example_branch_labels to 2022-08-20T00:00:00+00:00, run_after=2022-08-21T00:00:00+00:00
[2022-08-21 20:26:30,433] {processor.py:161} INFO - Processing /home/airflow/.local/lib/python3.7/site-packages/airflow/example_dags/example_branch_labels.py took 0.144 seconds
[2022-08-21 20:27:00,957] {processor.py:153} INFO - Started process (PID=26924) to work on /home/airflow/.local/lib/python3.7/site-packages/airflow/example_dags/example_branch_labels.py
[2022-08-21 20:27:00,958] {processor.py:641} INFO - Processing file /home/airflow/.local/lib/python3.7/site-packages/airflow/example_dags/example_branch_labels.py for tasks to queue
[2022-08-21 20:27:00,960] {logging_mixin.py:115} INFO - [2022-08-21 20:27:00,959] {dagbag.py:507} INFO - Filling up the DagBag from /home/airflow/.local/lib/python3.7/site-packages/airflow/example_dags/example_branch_labels.py
[2022-08-21 20:27:00,971] {processor.py:651} INFO - DAG(s) dict_keys(['example_branch_labels']) retrieved from /home/airflow/.local/lib/python3.7/site-packages/airflow/example_dags/example_branch_labels.py
[2022-08-21 20:27:01,019] {logging_mixin.py:115} INFO - [2022-08-21 20:27:01,019] {dag.py:2371} INFO - Sync 1 DAGs
[2022-08-21 20:27:01,054] {logging_mixin.py:115} INFO - [2022-08-21 20:27:01,053] {dag.py:2919} INFO - Setting next_dagrun for example_branch_labels to 2022-08-20T00:00:00+00:00, run_after=2022-08-21T00:00:00+00:00
[2022-08-21 20:27:01,074] {processor.py:161} INFO - Processing /home/airflow/.local/lib/python3.7/site-packages/airflow/example_dags/example_branch_labels.py took 0.124 seconds
[2022-08-21 20:27:31,546] {processor.py:153} INFO - Started process (PID=26985) to work on /home/airflow/.local/lib/python3.7/site-packages/airflow/example_dags/example_branch_labels.py
[2022-08-21 20:27:31,548] {processor.py:641} INFO - Processing file /home/airflow/.local/lib/python3.7/site-packages/airflow/example_dags/example_branch_labels.py for tasks to queue
[2022-08-21 20:27:31,549] {logging_mixin.py:115} INFO - [2022-08-21 20:27:31,549] {dagbag.py:507} INFO - Filling up the DagBag from /home/airflow/.local/lib/python3.7/site-packages/airflow/example_dags/example_branch_labels.py
[2022-08-21 20:27:31,559] {processor.py:651} INFO - DAG(s) dict_keys(['example_branch_labels']) retrieved from /home/airflow/.local/lib/python3.7/site-packages/airflow/example_dags/example_branch_labels.py
[2022-08-21 20:27:31,590] {logging_mixin.py:115} INFO - [2022-08-21 20:27:31,589] {dag.py:2371} INFO - Sync 1 DAGs
[2022-08-21 20:27:31,612] {logging_mixin.py:115} INFO - [2022-08-21 20:27:31,612] {dag.py:2919} INFO - Setting next_dagrun for example_branch_labels to 2022-08-20T00:00:00+00:00, run_after=2022-08-21T00:00:00+00:00
[2022-08-21 20:27:31,625] {processor.py:161} INFO - Processing /home/airflow/.local/lib/python3.7/site-packages/airflow/example_dags/example_branch_labels.py took 0.083 seconds
[2022-08-21 20:28:02,048] {processor.py:153} INFO - Started process (PID=27037) to work on /home/airflow/.local/lib/python3.7/site-packages/airflow/example_dags/example_branch_labels.py
[2022-08-21 20:28:02,049] {processor.py:641} INFO - Processing file /home/airflow/.local/lib/python3.7/site-packages/airflow/example_dags/example_branch_labels.py for tasks to queue
[2022-08-21 20:28:02,051] {logging_mixin.py:115} INFO - [2022-08-21 20:28:02,050] {dagbag.py:507} INFO - Filling up the DagBag from /home/airflow/.local/lib/python3.7/site-packages/airflow/example_dags/example_branch_labels.py
[2022-08-21 20:28:02,058] {processor.py:651} INFO - DAG(s) dict_keys(['example_branch_labels']) retrieved from /home/airflow/.local/lib/python3.7/site-packages/airflow/example_dags/example_branch_labels.py
[2022-08-21 20:28:02,089] {logging_mixin.py:115} INFO - [2022-08-21 20:28:02,089] {dag.py:2371} INFO - Sync 1 DAGs
[2022-08-21 20:28:02,115] {logging_mixin.py:115} INFO - [2022-08-21 20:28:02,115] {dag.py:2919} INFO - Setting next_dagrun for example_branch_labels to 2022-08-20T00:00:00+00:00, run_after=2022-08-21T00:00:00+00:00
[2022-08-21 20:28:02,128] {processor.py:161} INFO - Processing /home/airflow/.local/lib/python3.7/site-packages/airflow/example_dags/example_branch_labels.py took 0.084 seconds
[2022-08-21 20:28:32,393] {processor.py:153} INFO - Started process (PID=27099) to work on /home/airflow/.local/lib/python3.7/site-packages/airflow/example_dags/example_branch_labels.py
[2022-08-21 20:28:32,394] {processor.py:641} INFO - Processing file /home/airflow/.local/lib/python3.7/site-packages/airflow/example_dags/example_branch_labels.py for tasks to queue
[2022-08-21 20:28:32,397] {logging_mixin.py:115} INFO - [2022-08-21 20:28:32,397] {dagbag.py:507} INFO - Filling up the DagBag from /home/airflow/.local/lib/python3.7/site-packages/airflow/example_dags/example_branch_labels.py
[2022-08-21 20:28:32,404] {processor.py:651} INFO - DAG(s) dict_keys(['example_branch_labels']) retrieved from /home/airflow/.local/lib/python3.7/site-packages/airflow/example_dags/example_branch_labels.py
[2022-08-21 20:28:32,441] {logging_mixin.py:115} INFO - [2022-08-21 20:28:32,441] {dag.py:2371} INFO - Sync 1 DAGs
[2022-08-21 20:28:32,466] {logging_mixin.py:115} INFO - [2022-08-21 20:28:32,466] {dag.py:2919} INFO - Setting next_dagrun for example_branch_labels to 2022-08-20T00:00:00+00:00, run_after=2022-08-21T00:00:00+00:00
[2022-08-21 20:28:32,479] {processor.py:161} INFO - Processing /home/airflow/.local/lib/python3.7/site-packages/airflow/example_dags/example_branch_labels.py took 0.089 seconds
[2022-08-21 20:29:02,968] {processor.py:153} INFO - Started process (PID=27158) to work on /home/airflow/.local/lib/python3.7/site-packages/airflow/example_dags/example_branch_labels.py
[2022-08-21 20:29:02,969] {processor.py:641} INFO - Processing file /home/airflow/.local/lib/python3.7/site-packages/airflow/example_dags/example_branch_labels.py for tasks to queue
[2022-08-21 20:29:02,970] {logging_mixin.py:115} INFO - [2022-08-21 20:29:02,970] {dagbag.py:507} INFO - Filling up the DagBag from /home/airflow/.local/lib/python3.7/site-packages/airflow/example_dags/example_branch_labels.py
[2022-08-21 20:29:02,977] {processor.py:651} INFO - DAG(s) dict_keys(['example_branch_labels']) retrieved from /home/airflow/.local/lib/python3.7/site-packages/airflow/example_dags/example_branch_labels.py
[2022-08-21 20:29:03,010] {logging_mixin.py:115} INFO - [2022-08-21 20:29:03,010] {dag.py:2371} INFO - Sync 1 DAGs
[2022-08-21 20:29:03,035] {logging_mixin.py:115} INFO - [2022-08-21 20:29:03,035] {dag.py:2919} INFO - Setting next_dagrun for example_branch_labels to 2022-08-20T00:00:00+00:00, run_after=2022-08-21T00:00:00+00:00
[2022-08-21 20:29:03,051] {processor.py:161} INFO - Processing /home/airflow/.local/lib/python3.7/site-packages/airflow/example_dags/example_branch_labels.py took 0.087 seconds
[2022-08-21 20:29:33,543] {processor.py:153} INFO - Started process (PID=27213) to work on /home/airflow/.local/lib/python3.7/site-packages/airflow/example_dags/example_branch_labels.py
[2022-08-21 20:29:33,544] {processor.py:641} INFO - Processing file /home/airflow/.local/lib/python3.7/site-packages/airflow/example_dags/example_branch_labels.py for tasks to queue
[2022-08-21 20:29:33,545] {logging_mixin.py:115} INFO - [2022-08-21 20:29:33,545] {dagbag.py:507} INFO - Filling up the DagBag from /home/airflow/.local/lib/python3.7/site-packages/airflow/example_dags/example_branch_labels.py
[2022-08-21 20:29:33,553] {processor.py:651} INFO - DAG(s) dict_keys(['example_branch_labels']) retrieved from /home/airflow/.local/lib/python3.7/site-packages/airflow/example_dags/example_branch_labels.py
[2022-08-21 20:29:33,585] {logging_mixin.py:115} INFO - [2022-08-21 20:29:33,584] {dag.py:2371} INFO - Sync 1 DAGs
[2022-08-21 20:29:33,607] {logging_mixin.py:115} INFO - [2022-08-21 20:29:33,607] {dag.py:2919} INFO - Setting next_dagrun for example_branch_labels to 2022-08-20T00:00:00+00:00, run_after=2022-08-21T00:00:00+00:00
[2022-08-21 20:29:33,619] {processor.py:161} INFO - Processing /home/airflow/.local/lib/python3.7/site-packages/airflow/example_dags/example_branch_labels.py took 0.081 seconds
[2022-08-21 20:30:03,714] {processor.py:153} INFO - Started process (PID=27274) to work on /home/airflow/.local/lib/python3.7/site-packages/airflow/example_dags/example_branch_labels.py
[2022-08-21 20:30:03,715] {processor.py:641} INFO - Processing file /home/airflow/.local/lib/python3.7/site-packages/airflow/example_dags/example_branch_labels.py for tasks to queue
[2022-08-21 20:30:03,718] {logging_mixin.py:115} INFO - [2022-08-21 20:30:03,718] {dagbag.py:507} INFO - Filling up the DagBag from /home/airflow/.local/lib/python3.7/site-packages/airflow/example_dags/example_branch_labels.py
[2022-08-21 20:30:03,728] {processor.py:651} INFO - DAG(s) dict_keys(['example_branch_labels']) retrieved from /home/airflow/.local/lib/python3.7/site-packages/airflow/example_dags/example_branch_labels.py
[2022-08-21 20:30:03,759] {logging_mixin.py:115} INFO - [2022-08-21 20:30:03,759] {dag.py:2371} INFO - Sync 1 DAGs
[2022-08-21 20:30:03,787] {logging_mixin.py:115} INFO - [2022-08-21 20:30:03,787] {dag.py:2919} INFO - Setting next_dagrun for example_branch_labels to 2022-08-20T00:00:00+00:00, run_after=2022-08-21T00:00:00+00:00
[2022-08-21 20:30:03,800] {processor.py:161} INFO - Processing /home/airflow/.local/lib/python3.7/site-packages/airflow/example_dags/example_branch_labels.py took 0.092 seconds
[2022-08-21 20:31:00,698] {processor.py:153} INFO - Started process (PID=27337) to work on /home/airflow/.local/lib/python3.7/site-packages/airflow/example_dags/example_branch_labels.py
[2022-08-21 20:31:00,703] {processor.py:641} INFO - Processing file /home/airflow/.local/lib/python3.7/site-packages/airflow/example_dags/example_branch_labels.py for tasks to queue
[2022-08-21 20:31:00,715] {logging_mixin.py:115} INFO - [2022-08-21 20:31:00,715] {dagbag.py:507} INFO - Filling up the DagBag from /home/airflow/.local/lib/python3.7/site-packages/airflow/example_dags/example_branch_labels.py
[2022-08-21 20:31:00,723] {processor.py:651} INFO - DAG(s) dict_keys(['example_branch_labels']) retrieved from /home/airflow/.local/lib/python3.7/site-packages/airflow/example_dags/example_branch_labels.py
[2022-08-21 20:31:00,770] {logging_mixin.py:115} INFO - [2022-08-21 20:31:00,770] {dag.py:2371} INFO - Sync 1 DAGs
[2022-08-21 20:31:00,828] {logging_mixin.py:115} INFO - [2022-08-21 20:31:00,828] {dag.py:2919} INFO - Setting next_dagrun for example_branch_labels to 2022-08-20T00:00:00+00:00, run_after=2022-08-21T00:00:00+00:00
[2022-08-21 20:31:00,853] {processor.py:161} INFO - Processing /home/airflow/.local/lib/python3.7/site-packages/airflow/example_dags/example_branch_labels.py took 0.159 seconds
[2022-08-21 22:14:04,991] {processor.py:153} INFO - Started process (PID=27402) to work on /home/airflow/.local/lib/python3.7/site-packages/airflow/example_dags/example_branch_labels.py
[2022-08-21 22:14:04,993] {processor.py:641} INFO - Processing file /home/airflow/.local/lib/python3.7/site-packages/airflow/example_dags/example_branch_labels.py for tasks to queue
[2022-08-21 22:14:04,994] {logging_mixin.py:115} INFO - [2022-08-21 22:14:04,994] {dagbag.py:507} INFO - Filling up the DagBag from /home/airflow/.local/lib/python3.7/site-packages/airflow/example_dags/example_branch_labels.py
[2022-08-21 22:14:05,007] {processor.py:651} INFO - DAG(s) dict_keys(['example_branch_labels']) retrieved from /home/airflow/.local/lib/python3.7/site-packages/airflow/example_dags/example_branch_labels.py
[2022-08-21 22:14:05,053] {logging_mixin.py:115} INFO - [2022-08-21 22:14:05,053] {dag.py:2371} INFO - Sync 1 DAGs
[2022-08-21 22:14:05,083] {logging_mixin.py:115} INFO - [2022-08-21 22:14:05,082] {dag.py:2919} INFO - Setting next_dagrun for example_branch_labels to 2022-08-20T00:00:00+00:00, run_after=2022-08-21T00:00:00+00:00
[2022-08-21 22:14:05,102] {processor.py:161} INFO - Processing /home/airflow/.local/lib/python3.7/site-packages/airflow/example_dags/example_branch_labels.py took 0.115 seconds
