[2022-08-21 10:46:45,214] {processor.py:153} INFO - Started process (PID=26488) to work on /home/airflow/.local/lib/python3.7/site-packages/airflow/example_dags/example_time_delta_sensor_async.py
[2022-08-21 10:46:45,226] {processor.py:641} INFO - Processing file /home/airflow/.local/lib/python3.7/site-packages/airflow/example_dags/example_time_delta_sensor_async.py for tasks to queue
[2022-08-21 10:46:45,227] {logging_mixin.py:115} INFO - [2022-08-21 10:46:45,227] {dagbag.py:507} INFO - Filling up the DagBag from /home/airflow/.local/lib/python3.7/site-packages/airflow/example_dags/example_time_delta_sensor_async.py
[2022-08-21 10:46:45,248] {processor.py:651} INFO - DAG(s) dict_keys(['example_time_delta_sensor_async']) retrieved from /home/airflow/.local/lib/python3.7/site-packages/airflow/example_dags/example_time_delta_sensor_async.py
[2022-08-21 10:46:45,402] {logging_mixin.py:115} INFO - [2022-08-21 10:46:45,401] {dag.py:2371} INFO - Sync 1 DAGs
[2022-08-21 10:46:45,550] {logging_mixin.py:115} INFO - [2022-08-21 10:46:45,549] {dag.py:2919} INFO - Setting next_dagrun for example_time_delta_sensor_async to None, run_after=None
[2022-08-21 10:46:45,616] {processor.py:161} INFO - Processing /home/airflow/.local/lib/python3.7/site-packages/airflow/example_dags/example_time_delta_sensor_async.py took 0.429 seconds
[2022-08-21 10:47:16,342] {processor.py:153} INFO - Started process (PID=26540) to work on /home/airflow/.local/lib/python3.7/site-packages/airflow/example_dags/example_time_delta_sensor_async.py
[2022-08-21 10:47:16,344] {processor.py:641} INFO - Processing file /home/airflow/.local/lib/python3.7/site-packages/airflow/example_dags/example_time_delta_sensor_async.py for tasks to queue
[2022-08-21 10:47:16,345] {logging_mixin.py:115} INFO - [2022-08-21 10:47:16,345] {dagbag.py:507} INFO - Filling up the DagBag from /home/airflow/.local/lib/python3.7/site-packages/airflow/example_dags/example_time_delta_sensor_async.py
[2022-08-21 10:47:16,352] {processor.py:651} INFO - DAG(s) dict_keys(['example_time_delta_sensor_async']) retrieved from /home/airflow/.local/lib/python3.7/site-packages/airflow/example_dags/example_time_delta_sensor_async.py
[2022-08-21 10:47:16,397] {logging_mixin.py:115} INFO - [2022-08-21 10:47:16,397] {dag.py:2371} INFO - Sync 1 DAGs
[2022-08-21 10:47:16,417] {logging_mixin.py:115} INFO - [2022-08-21 10:47:16,417] {dag.py:2919} INFO - Setting next_dagrun for example_time_delta_sensor_async to None, run_after=None
[2022-08-21 10:47:16,430] {processor.py:161} INFO - Processing /home/airflow/.local/lib/python3.7/site-packages/airflow/example_dags/example_time_delta_sensor_async.py took 0.093 seconds
[2022-08-21 16:48:09,979] {processor.py:153} INFO - Started process (PID=26601) to work on /home/airflow/.local/lib/python3.7/site-packages/airflow/example_dags/example_time_delta_sensor_async.py
[2022-08-21 16:48:09,982] {processor.py:641} INFO - Processing file /home/airflow/.local/lib/python3.7/site-packages/airflow/example_dags/example_time_delta_sensor_async.py for tasks to queue
[2022-08-21 16:48:09,983] {logging_mixin.py:115} INFO - [2022-08-21 16:48:09,983] {dagbag.py:507} INFO - Filling up the DagBag from /home/airflow/.local/lib/python3.7/site-packages/airflow/example_dags/example_time_delta_sensor_async.py
[2022-08-21 16:48:10,004] {processor.py:651} INFO - DAG(s) dict_keys(['example_time_delta_sensor_async']) retrieved from /home/airflow/.local/lib/python3.7/site-packages/airflow/example_dags/example_time_delta_sensor_async.py
[2022-08-21 16:48:10,225] {logging_mixin.py:115} INFO - [2022-08-21 16:48:10,225] {dag.py:2371} INFO - Sync 1 DAGs
[2022-08-21 16:48:10,294] {logging_mixin.py:115} INFO - [2022-08-21 16:48:10,294] {dag.py:2919} INFO - Setting next_dagrun for example_time_delta_sensor_async to None, run_after=None
[2022-08-21 16:48:10,326] {processor.py:161} INFO - Processing /home/airflow/.local/lib/python3.7/site-packages/airflow/example_dags/example_time_delta_sensor_async.py took 0.351 seconds
[2022-08-21 17:03:50,363] {processor.py:153} INFO - Started process (PID=26654) to work on /home/airflow/.local/lib/python3.7/site-packages/airflow/example_dags/example_time_delta_sensor_async.py
[2022-08-21 17:03:50,369] {processor.py:641} INFO - Processing file /home/airflow/.local/lib/python3.7/site-packages/airflow/example_dags/example_time_delta_sensor_async.py for tasks to queue
[2022-08-21 17:03:50,374] {logging_mixin.py:115} INFO - [2022-08-21 17:03:50,373] {dagbag.py:507} INFO - Filling up the DagBag from /home/airflow/.local/lib/python3.7/site-packages/airflow/example_dags/example_time_delta_sensor_async.py
[2022-08-21 17:03:50,390] {processor.py:651} INFO - DAG(s) dict_keys(['example_time_delta_sensor_async']) retrieved from /home/airflow/.local/lib/python3.7/site-packages/airflow/example_dags/example_time_delta_sensor_async.py
[2022-08-21 17:03:50,641] {logging_mixin.py:115} INFO - [2022-08-21 17:03:50,641] {dag.py:2371} INFO - Sync 1 DAGs
[2022-08-21 17:03:50,684] {logging_mixin.py:115} INFO - [2022-08-21 17:03:50,684] {dag.py:2919} INFO - Setting next_dagrun for example_time_delta_sensor_async to None, run_after=None
[2022-08-21 17:03:50,700] {processor.py:161} INFO - Processing /home/airflow/.local/lib/python3.7/site-packages/airflow/example_dags/example_time_delta_sensor_async.py took 0.345 seconds
[2022-08-21 18:37:23,854] {processor.py:153} INFO - Started process (PID=26706) to work on /home/airflow/.local/lib/python3.7/site-packages/airflow/example_dags/example_time_delta_sensor_async.py
[2022-08-21 18:37:23,855] {processor.py:641} INFO - Processing file /home/airflow/.local/lib/python3.7/site-packages/airflow/example_dags/example_time_delta_sensor_async.py for tasks to queue
[2022-08-21 18:37:23,857] {logging_mixin.py:115} INFO - [2022-08-21 18:37:23,857] {dagbag.py:507} INFO - Filling up the DagBag from /home/airflow/.local/lib/python3.7/site-packages/airflow/example_dags/example_time_delta_sensor_async.py
[2022-08-21 18:37:23,864] {processor.py:651} INFO - DAG(s) dict_keys(['example_time_delta_sensor_async']) retrieved from /home/airflow/.local/lib/python3.7/site-packages/airflow/example_dags/example_time_delta_sensor_async.py
[2022-08-21 18:37:23,954] {logging_mixin.py:115} INFO - [2022-08-21 18:37:23,954] {dag.py:2371} INFO - Sync 1 DAGs
[2022-08-21 18:37:24,002] {logging_mixin.py:115} INFO - [2022-08-21 18:37:24,002] {dag.py:2919} INFO - Setting next_dagrun for example_time_delta_sensor_async to None, run_after=None
[2022-08-21 18:37:24,015] {processor.py:161} INFO - Processing /home/airflow/.local/lib/python3.7/site-packages/airflow/example_dags/example_time_delta_sensor_async.py took 0.166 seconds
[2022-08-21 20:25:27,331] {processor.py:153} INFO - Started process (PID=26750) to work on /home/airflow/.local/lib/python3.7/site-packages/airflow/example_dags/example_time_delta_sensor_async.py
[2022-08-21 20:25:27,335] {processor.py:641} INFO - Processing file /home/airflow/.local/lib/python3.7/site-packages/airflow/example_dags/example_time_delta_sensor_async.py for tasks to queue
[2022-08-21 20:25:27,336] {logging_mixin.py:115} INFO - [2022-08-21 20:25:27,336] {dagbag.py:507} INFO - Filling up the DagBag from /home/airflow/.local/lib/python3.7/site-packages/airflow/example_dags/example_time_delta_sensor_async.py
[2022-08-21 20:25:27,350] {processor.py:651} INFO - DAG(s) dict_keys(['example_time_delta_sensor_async']) retrieved from /home/airflow/.local/lib/python3.7/site-packages/airflow/example_dags/example_time_delta_sensor_async.py
[2022-08-21 20:25:27,454] {logging_mixin.py:115} INFO - [2022-08-21 20:25:27,454] {dag.py:2371} INFO - Sync 1 DAGs
[2022-08-21 20:25:27,514] {logging_mixin.py:115} INFO - [2022-08-21 20:25:27,513] {dag.py:2919} INFO - Setting next_dagrun for example_time_delta_sensor_async to None, run_after=None
[2022-08-21 20:25:27,532] {processor.py:161} INFO - Processing /home/airflow/.local/lib/python3.7/site-packages/airflow/example_dags/example_time_delta_sensor_async.py took 0.216 seconds
[2022-08-21 20:25:58,168] {processor.py:153} INFO - Started process (PID=26802) to work on /home/airflow/.local/lib/python3.7/site-packages/airflow/example_dags/example_time_delta_sensor_async.py
[2022-08-21 20:25:58,175] {processor.py:641} INFO - Processing file /home/airflow/.local/lib/python3.7/site-packages/airflow/example_dags/example_time_delta_sensor_async.py for tasks to queue
[2022-08-21 20:25:58,186] {logging_mixin.py:115} INFO - [2022-08-21 20:25:58,186] {dagbag.py:507} INFO - Filling up the DagBag from /home/airflow/.local/lib/python3.7/site-packages/airflow/example_dags/example_time_delta_sensor_async.py
[2022-08-21 20:25:58,212] {processor.py:651} INFO - DAG(s) dict_keys(['example_time_delta_sensor_async']) retrieved from /home/airflow/.local/lib/python3.7/site-packages/airflow/example_dags/example_time_delta_sensor_async.py
[2022-08-21 20:25:58,331] {logging_mixin.py:115} INFO - [2022-08-21 20:25:58,330] {dag.py:2371} INFO - Sync 1 DAGs
[2022-08-21 20:25:58,381] {logging_mixin.py:115} INFO - [2022-08-21 20:25:58,380] {dag.py:2919} INFO - Setting next_dagrun for example_time_delta_sensor_async to None, run_after=None
[2022-08-21 20:25:58,413] {processor.py:161} INFO - Processing /home/airflow/.local/lib/python3.7/site-packages/airflow/example_dags/example_time_delta_sensor_async.py took 0.257 seconds
[2022-08-21 20:26:29,431] {processor.py:153} INFO - Started process (PID=26854) to work on /home/airflow/.local/lib/python3.7/site-packages/airflow/example_dags/example_time_delta_sensor_async.py
[2022-08-21 20:26:29,432] {processor.py:641} INFO - Processing file /home/airflow/.local/lib/python3.7/site-packages/airflow/example_dags/example_time_delta_sensor_async.py for tasks to queue
[2022-08-21 20:26:29,434] {logging_mixin.py:115} INFO - [2022-08-21 20:26:29,434] {dagbag.py:507} INFO - Filling up the DagBag from /home/airflow/.local/lib/python3.7/site-packages/airflow/example_dags/example_time_delta_sensor_async.py
[2022-08-21 20:26:29,444] {processor.py:651} INFO - DAG(s) dict_keys(['example_time_delta_sensor_async']) retrieved from /home/airflow/.local/lib/python3.7/site-packages/airflow/example_dags/example_time_delta_sensor_async.py
[2022-08-21 20:26:29,517] {logging_mixin.py:115} INFO - [2022-08-21 20:26:29,517] {dag.py:2371} INFO - Sync 1 DAGs
[2022-08-21 20:26:29,551] {logging_mixin.py:115} INFO - [2022-08-21 20:26:29,550] {dag.py:2919} INFO - Setting next_dagrun for example_time_delta_sensor_async to None, run_after=None
[2022-08-21 20:26:29,577] {processor.py:161} INFO - Processing /home/airflow/.local/lib/python3.7/site-packages/airflow/example_dags/example_time_delta_sensor_async.py took 0.152 seconds
[2022-08-21 20:27:00,209] {processor.py:153} INFO - Started process (PID=26915) to work on /home/airflow/.local/lib/python3.7/site-packages/airflow/example_dags/example_time_delta_sensor_async.py
[2022-08-21 20:27:00,211] {processor.py:641} INFO - Processing file /home/airflow/.local/lib/python3.7/site-packages/airflow/example_dags/example_time_delta_sensor_async.py for tasks to queue
[2022-08-21 20:27:00,213] {logging_mixin.py:115} INFO - [2022-08-21 20:27:00,212] {dagbag.py:507} INFO - Filling up the DagBag from /home/airflow/.local/lib/python3.7/site-packages/airflow/example_dags/example_time_delta_sensor_async.py
[2022-08-21 20:27:00,222] {processor.py:651} INFO - DAG(s) dict_keys(['example_time_delta_sensor_async']) retrieved from /home/airflow/.local/lib/python3.7/site-packages/airflow/example_dags/example_time_delta_sensor_async.py
[2022-08-21 20:27:00,301] {logging_mixin.py:115} INFO - [2022-08-21 20:27:00,301] {dag.py:2371} INFO - Sync 1 DAGs
[2022-08-21 20:27:00,341] {logging_mixin.py:115} INFO - [2022-08-21 20:27:00,341] {dag.py:2919} INFO - Setting next_dagrun for example_time_delta_sensor_async to None, run_after=None
[2022-08-21 20:27:00,360] {processor.py:161} INFO - Processing /home/airflow/.local/lib/python3.7/site-packages/airflow/example_dags/example_time_delta_sensor_async.py took 0.156 seconds
[2022-08-21 20:27:30,919] {processor.py:153} INFO - Started process (PID=26974) to work on /home/airflow/.local/lib/python3.7/site-packages/airflow/example_dags/example_time_delta_sensor_async.py
[2022-08-21 20:27:30,922] {processor.py:641} INFO - Processing file /home/airflow/.local/lib/python3.7/site-packages/airflow/example_dags/example_time_delta_sensor_async.py for tasks to queue
[2022-08-21 20:27:30,927] {logging_mixin.py:115} INFO - [2022-08-21 20:27:30,927] {dagbag.py:507} INFO - Filling up the DagBag from /home/airflow/.local/lib/python3.7/site-packages/airflow/example_dags/example_time_delta_sensor_async.py
[2022-08-21 20:27:30,935] {processor.py:651} INFO - DAG(s) dict_keys(['example_time_delta_sensor_async']) retrieved from /home/airflow/.local/lib/python3.7/site-packages/airflow/example_dags/example_time_delta_sensor_async.py
[2022-08-21 20:27:30,984] {logging_mixin.py:115} INFO - [2022-08-21 20:27:30,984] {dag.py:2371} INFO - Sync 1 DAGs
[2022-08-21 20:27:31,006] {logging_mixin.py:115} INFO - [2022-08-21 20:27:31,006] {dag.py:2919} INFO - Setting next_dagrun for example_time_delta_sensor_async to None, run_after=None
[2022-08-21 20:27:31,022] {processor.py:161} INFO - Processing /home/airflow/.local/lib/python3.7/site-packages/airflow/example_dags/example_time_delta_sensor_async.py took 0.107 seconds
[2022-08-21 20:28:01,536] {processor.py:153} INFO - Started process (PID=27028) to work on /home/airflow/.local/lib/python3.7/site-packages/airflow/example_dags/example_time_delta_sensor_async.py
[2022-08-21 20:28:01,538] {processor.py:641} INFO - Processing file /home/airflow/.local/lib/python3.7/site-packages/airflow/example_dags/example_time_delta_sensor_async.py for tasks to queue
[2022-08-21 20:28:01,539] {logging_mixin.py:115} INFO - [2022-08-21 20:28:01,539] {dagbag.py:507} INFO - Filling up the DagBag from /home/airflow/.local/lib/python3.7/site-packages/airflow/example_dags/example_time_delta_sensor_async.py
[2022-08-21 20:28:01,550] {processor.py:651} INFO - DAG(s) dict_keys(['example_time_delta_sensor_async']) retrieved from /home/airflow/.local/lib/python3.7/site-packages/airflow/example_dags/example_time_delta_sensor_async.py
[2022-08-21 20:28:01,610] {logging_mixin.py:115} INFO - [2022-08-21 20:28:01,610] {dag.py:2371} INFO - Sync 1 DAGs
[2022-08-21 20:28:01,631] {logging_mixin.py:115} INFO - [2022-08-21 20:28:01,631] {dag.py:2919} INFO - Setting next_dagrun for example_time_delta_sensor_async to None, run_after=None
[2022-08-21 20:28:01,645] {processor.py:161} INFO - Processing /home/airflow/.local/lib/python3.7/site-packages/airflow/example_dags/example_time_delta_sensor_async.py took 0.114 seconds
[2022-08-21 20:28:31,743] {processor.py:153} INFO - Started process (PID=27090) to work on /home/airflow/.local/lib/python3.7/site-packages/airflow/example_dags/example_time_delta_sensor_async.py
[2022-08-21 20:28:31,762] {processor.py:641} INFO - Processing file /home/airflow/.local/lib/python3.7/site-packages/airflow/example_dags/example_time_delta_sensor_async.py for tasks to queue
[2022-08-21 20:28:31,782] {logging_mixin.py:115} INFO - [2022-08-21 20:28:31,782] {dagbag.py:507} INFO - Filling up the DagBag from /home/airflow/.local/lib/python3.7/site-packages/airflow/example_dags/example_time_delta_sensor_async.py
[2022-08-21 20:28:31,789] {processor.py:651} INFO - DAG(s) dict_keys(['example_time_delta_sensor_async']) retrieved from /home/airflow/.local/lib/python3.7/site-packages/airflow/example_dags/example_time_delta_sensor_async.py
[2022-08-21 20:28:31,835] {logging_mixin.py:115} INFO - [2022-08-21 20:28:31,835] {dag.py:2371} INFO - Sync 1 DAGs
[2022-08-21 20:28:31,857] {logging_mixin.py:115} INFO - [2022-08-21 20:28:31,857] {dag.py:2919} INFO - Setting next_dagrun for example_time_delta_sensor_async to None, run_after=None
[2022-08-21 20:28:31,874] {processor.py:161} INFO - Processing /home/airflow/.local/lib/python3.7/site-packages/airflow/example_dags/example_time_delta_sensor_async.py took 0.136 seconds
[2022-08-21 20:29:02,441] {processor.py:153} INFO - Started process (PID=27142) to work on /home/airflow/.local/lib/python3.7/site-packages/airflow/example_dags/example_time_delta_sensor_async.py
[2022-08-21 20:29:02,443] {processor.py:641} INFO - Processing file /home/airflow/.local/lib/python3.7/site-packages/airflow/example_dags/example_time_delta_sensor_async.py for tasks to queue
[2022-08-21 20:29:02,445] {logging_mixin.py:115} INFO - [2022-08-21 20:29:02,445] {dagbag.py:507} INFO - Filling up the DagBag from /home/airflow/.local/lib/python3.7/site-packages/airflow/example_dags/example_time_delta_sensor_async.py
[2022-08-21 20:29:02,455] {processor.py:651} INFO - DAG(s) dict_keys(['example_time_delta_sensor_async']) retrieved from /home/airflow/.local/lib/python3.7/site-packages/airflow/example_dags/example_time_delta_sensor_async.py
[2022-08-21 20:29:02,516] {logging_mixin.py:115} INFO - [2022-08-21 20:29:02,515] {dag.py:2371} INFO - Sync 1 DAGs
[2022-08-21 20:29:02,538] {logging_mixin.py:115} INFO - [2022-08-21 20:29:02,538] {dag.py:2919} INFO - Setting next_dagrun for example_time_delta_sensor_async to None, run_after=None
[2022-08-21 20:29:02,552] {processor.py:161} INFO - Processing /home/airflow/.local/lib/python3.7/site-packages/airflow/example_dags/example_time_delta_sensor_async.py took 0.115 seconds
[2022-08-21 20:29:32,957] {processor.py:153} INFO - Started process (PID=27204) to work on /home/airflow/.local/lib/python3.7/site-packages/airflow/example_dags/example_time_delta_sensor_async.py
[2022-08-21 20:29:32,964] {processor.py:641} INFO - Processing file /home/airflow/.local/lib/python3.7/site-packages/airflow/example_dags/example_time_delta_sensor_async.py for tasks to queue
[2022-08-21 20:29:32,967] {logging_mixin.py:115} INFO - [2022-08-21 20:29:32,967] {dagbag.py:507} INFO - Filling up the DagBag from /home/airflow/.local/lib/python3.7/site-packages/airflow/example_dags/example_time_delta_sensor_async.py
[2022-08-21 20:29:32,979] {processor.py:651} INFO - DAG(s) dict_keys(['example_time_delta_sensor_async']) retrieved from /home/airflow/.local/lib/python3.7/site-packages/airflow/example_dags/example_time_delta_sensor_async.py
[2022-08-21 20:29:33,038] {logging_mixin.py:115} INFO - [2022-08-21 20:29:33,038] {dag.py:2371} INFO - Sync 1 DAGs
[2022-08-21 20:29:33,060] {logging_mixin.py:115} INFO - [2022-08-21 20:29:33,060] {dag.py:2919} INFO - Setting next_dagrun for example_time_delta_sensor_async to None, run_after=None
[2022-08-21 20:29:33,078] {processor.py:161} INFO - Processing /home/airflow/.local/lib/python3.7/site-packages/airflow/example_dags/example_time_delta_sensor_async.py took 0.135 seconds
[2022-08-21 20:30:03,186] {processor.py:153} INFO - Started process (PID=27265) to work on /home/airflow/.local/lib/python3.7/site-packages/airflow/example_dags/example_time_delta_sensor_async.py
[2022-08-21 20:30:03,187] {processor.py:641} INFO - Processing file /home/airflow/.local/lib/python3.7/site-packages/airflow/example_dags/example_time_delta_sensor_async.py for tasks to queue
[2022-08-21 20:30:03,189] {logging_mixin.py:115} INFO - [2022-08-21 20:30:03,189] {dagbag.py:507} INFO - Filling up the DagBag from /home/airflow/.local/lib/python3.7/site-packages/airflow/example_dags/example_time_delta_sensor_async.py
[2022-08-21 20:30:03,198] {processor.py:651} INFO - DAG(s) dict_keys(['example_time_delta_sensor_async']) retrieved from /home/airflow/.local/lib/python3.7/site-packages/airflow/example_dags/example_time_delta_sensor_async.py
[2022-08-21 20:30:03,253] {logging_mixin.py:115} INFO - [2022-08-21 20:30:03,253] {dag.py:2371} INFO - Sync 1 DAGs
[2022-08-21 20:30:03,276] {logging_mixin.py:115} INFO - [2022-08-21 20:30:03,275] {dag.py:2919} INFO - Setting next_dagrun for example_time_delta_sensor_async to None, run_after=None
[2022-08-21 20:30:03,290] {processor.py:161} INFO - Processing /home/airflow/.local/lib/python3.7/site-packages/airflow/example_dags/example_time_delta_sensor_async.py took 0.111 seconds
[2022-08-21 20:30:59,451] {processor.py:153} INFO - Started process (PID=27317) to work on /home/airflow/.local/lib/python3.7/site-packages/airflow/example_dags/example_time_delta_sensor_async.py
[2022-08-21 20:30:59,461] {processor.py:641} INFO - Processing file /home/airflow/.local/lib/python3.7/site-packages/airflow/example_dags/example_time_delta_sensor_async.py for tasks to queue
[2022-08-21 20:30:59,467] {logging_mixin.py:115} INFO - [2022-08-21 20:30:59,466] {dagbag.py:507} INFO - Filling up the DagBag from /home/airflow/.local/lib/python3.7/site-packages/airflow/example_dags/example_time_delta_sensor_async.py
[2022-08-21 20:30:59,531] {processor.py:651} INFO - DAG(s) dict_keys(['example_time_delta_sensor_async']) retrieved from /home/airflow/.local/lib/python3.7/site-packages/airflow/example_dags/example_time_delta_sensor_async.py
[2022-08-21 20:30:59,871] {logging_mixin.py:115} INFO - [2022-08-21 20:30:59,871] {dag.py:2371} INFO - Sync 1 DAGs
[2022-08-21 20:30:59,930] {logging_mixin.py:115} INFO - [2022-08-21 20:30:59,930] {dag.py:2919} INFO - Setting next_dagrun for example_time_delta_sensor_async to None, run_after=None
[2022-08-21 20:30:59,989] {processor.py:161} INFO - Processing /home/airflow/.local/lib/python3.7/site-packages/airflow/example_dags/example_time_delta_sensor_async.py took 0.550 seconds
[2022-08-21 22:14:04,216] {processor.py:153} INFO - Started process (PID=27393) to work on /home/airflow/.local/lib/python3.7/site-packages/airflow/example_dags/example_time_delta_sensor_async.py
[2022-08-21 22:14:04,218] {processor.py:641} INFO - Processing file /home/airflow/.local/lib/python3.7/site-packages/airflow/example_dags/example_time_delta_sensor_async.py for tasks to queue
[2022-08-21 22:14:04,220] {logging_mixin.py:115} INFO - [2022-08-21 22:14:04,219] {dagbag.py:507} INFO - Filling up the DagBag from /home/airflow/.local/lib/python3.7/site-packages/airflow/example_dags/example_time_delta_sensor_async.py
[2022-08-21 22:14:04,228] {processor.py:651} INFO - DAG(s) dict_keys(['example_time_delta_sensor_async']) retrieved from /home/airflow/.local/lib/python3.7/site-packages/airflow/example_dags/example_time_delta_sensor_async.py
[2022-08-21 22:14:04,295] {logging_mixin.py:115} INFO - [2022-08-21 22:14:04,295] {dag.py:2371} INFO - Sync 1 DAGs
[2022-08-21 22:14:04,320] {logging_mixin.py:115} INFO - [2022-08-21 22:14:04,320] {dag.py:2919} INFO - Setting next_dagrun for example_time_delta_sensor_async to None, run_after=None
[2022-08-21 22:14:04,340] {processor.py:161} INFO - Processing /home/airflow/.local/lib/python3.7/site-packages/airflow/example_dags/example_time_delta_sensor_async.py took 0.129 seconds
