[2022-08-21 10:46:48,298] {processor.py:153} INFO - Started process (PID=26504) to work on /home/airflow/.local/lib/python3.7/site-packages/airflow/example_dags/example_subdag_operator.py
[2022-08-21 10:46:48,308] {processor.py:641} INFO - Processing file /home/airflow/.local/lib/python3.7/site-packages/airflow/example_dags/example_subdag_operator.py for tasks to queue
[2022-08-21 10:46:48,312] {logging_mixin.py:115} INFO - [2022-08-21 10:46:48,311] {dagbag.py:507} INFO - Filling up the DagBag from /home/airflow/.local/lib/python3.7/site-packages/airflow/example_dags/example_subdag_operator.py
[2022-08-21 10:46:48,408] {processor.py:651} INFO - DAG(s) dict_keys(['example_subdag_operator.section-1', 'example_subdag_operator.section-2', 'example_subdag_operator']) retrieved from /home/airflow/.local/lib/python3.7/site-packages/airflow/example_dags/example_subdag_operator.py
[2022-08-21 10:46:48,662] {logging_mixin.py:115} INFO - [2022-08-21 10:46:48,662] {dag.py:2371} INFO - Sync 3 DAGs
[2022-08-21 10:46:48,708] {logging_mixin.py:115} INFO - [2022-08-21 10:46:48,708] {dag.py:2919} INFO - Setting next_dagrun for example_subdag_operator to 2022-08-19T00:00:00+00:00, run_after=2022-08-19T00:00:00+00:00
[2022-08-21 10:46:48,711] {logging_mixin.py:115} INFO - [2022-08-21 10:46:48,710] {dag.py:2919} INFO - Setting next_dagrun for example_subdag_operator.section-1 to None, run_after=None
[2022-08-21 10:46:48,713] {logging_mixin.py:115} INFO - [2022-08-21 10:46:48,712] {dag.py:2919} INFO - Setting next_dagrun for example_subdag_operator.section-2 to None, run_after=None
[2022-08-21 10:46:48,739] {logging_mixin.py:115} INFO - [2022-08-21 10:46:48,739] {dag.py:2371} INFO - Sync 2 DAGs
[2022-08-21 10:46:48,757] {logging_mixin.py:115} INFO - [2022-08-21 10:46:48,757] {dag.py:2919} INFO - Setting next_dagrun for example_subdag_operator.section-1 to None, run_after=None
[2022-08-21 10:46:48,759] {logging_mixin.py:115} INFO - [2022-08-21 10:46:48,759] {dag.py:2919} INFO - Setting next_dagrun for example_subdag_operator.section-2 to None, run_after=None
[2022-08-21 10:46:48,773] {processor.py:161} INFO - Processing /home/airflow/.local/lib/python3.7/site-packages/airflow/example_dags/example_subdag_operator.py took 0.485 seconds
[2022-08-21 10:47:19,420] {processor.py:153} INFO - Started process (PID=26563) to work on /home/airflow/.local/lib/python3.7/site-packages/airflow/example_dags/example_subdag_operator.py
[2022-08-21 10:47:19,423] {processor.py:641} INFO - Processing file /home/airflow/.local/lib/python3.7/site-packages/airflow/example_dags/example_subdag_operator.py for tasks to queue
[2022-08-21 10:47:19,425] {logging_mixin.py:115} INFO - [2022-08-21 10:47:19,425] {dagbag.py:507} INFO - Filling up the DagBag from /home/airflow/.local/lib/python3.7/site-packages/airflow/example_dags/example_subdag_operator.py
[2022-08-21 10:47:19,481] {processor.py:651} INFO - DAG(s) dict_keys(['example_subdag_operator.section-1', 'example_subdag_operator.section-2', 'example_subdag_operator']) retrieved from /home/airflow/.local/lib/python3.7/site-packages/airflow/example_dags/example_subdag_operator.py
[2022-08-21 10:47:19,520] {logging_mixin.py:115} INFO - [2022-08-21 10:47:19,520] {dag.py:2371} INFO - Sync 3 DAGs
[2022-08-21 10:47:19,552] {logging_mixin.py:115} INFO - [2022-08-21 10:47:19,552] {dag.py:2919} INFO - Setting next_dagrun for example_subdag_operator to 2022-08-19T00:00:00+00:00, run_after=2022-08-19T00:00:00+00:00
[2022-08-21 10:47:19,553] {logging_mixin.py:115} INFO - [2022-08-21 10:47:19,553] {dag.py:2919} INFO - Setting next_dagrun for example_subdag_operator.section-1 to None, run_after=None
[2022-08-21 10:47:19,555] {logging_mixin.py:115} INFO - [2022-08-21 10:47:19,555] {dag.py:2919} INFO - Setting next_dagrun for example_subdag_operator.section-2 to None, run_after=None
[2022-08-21 10:47:19,564] {logging_mixin.py:115} INFO - [2022-08-21 10:47:19,564] {dag.py:2371} INFO - Sync 2 DAGs
[2022-08-21 10:47:19,570] {logging_mixin.py:115} INFO - [2022-08-21 10:47:19,570] {dag.py:2919} INFO - Setting next_dagrun for example_subdag_operator.section-1 to None, run_after=None
[2022-08-21 10:47:19,572] {logging_mixin.py:115} INFO - [2022-08-21 10:47:19,572] {dag.py:2919} INFO - Setting next_dagrun for example_subdag_operator.section-2 to None, run_after=None
[2022-08-21 10:47:19,583] {processor.py:161} INFO - Processing /home/airflow/.local/lib/python3.7/site-packages/airflow/example_dags/example_subdag_operator.py took 0.169 seconds
[2022-08-21 16:48:12,300] {processor.py:153} INFO - Started process (PID=26617) to work on /home/airflow/.local/lib/python3.7/site-packages/airflow/example_dags/example_subdag_operator.py
[2022-08-21 16:48:12,306] {processor.py:641} INFO - Processing file /home/airflow/.local/lib/python3.7/site-packages/airflow/example_dags/example_subdag_operator.py for tasks to queue
[2022-08-21 16:48:12,309] {logging_mixin.py:115} INFO - [2022-08-21 16:48:12,308] {dagbag.py:507} INFO - Filling up the DagBag from /home/airflow/.local/lib/python3.7/site-packages/airflow/example_dags/example_subdag_operator.py
[2022-08-21 16:48:12,368] {processor.py:651} INFO - DAG(s) dict_keys(['example_subdag_operator.section-1', 'example_subdag_operator.section-2', 'example_subdag_operator']) retrieved from /home/airflow/.local/lib/python3.7/site-packages/airflow/example_dags/example_subdag_operator.py
[2022-08-21 16:48:12,437] {logging_mixin.py:115} INFO - [2022-08-21 16:48:12,437] {dag.py:2371} INFO - Sync 3 DAGs
[2022-08-21 16:48:12,475] {logging_mixin.py:115} INFO - [2022-08-21 16:48:12,475] {dag.py:2919} INFO - Setting next_dagrun for example_subdag_operator to 2022-08-19T00:00:00+00:00, run_after=2022-08-19T00:00:00+00:00
[2022-08-21 16:48:12,479] {logging_mixin.py:115} INFO - [2022-08-21 16:48:12,478] {dag.py:2919} INFO - Setting next_dagrun for example_subdag_operator.section-1 to None, run_after=None
[2022-08-21 16:48:12,480] {logging_mixin.py:115} INFO - [2022-08-21 16:48:12,480] {dag.py:2919} INFO - Setting next_dagrun for example_subdag_operator.section-2 to None, run_after=None
[2022-08-21 16:48:12,492] {logging_mixin.py:115} INFO - [2022-08-21 16:48:12,492] {dag.py:2371} INFO - Sync 2 DAGs
[2022-08-21 16:48:12,501] {logging_mixin.py:115} INFO - [2022-08-21 16:48:12,500] {dag.py:2919} INFO - Setting next_dagrun for example_subdag_operator.section-1 to None, run_after=None
[2022-08-21 16:48:12,502] {logging_mixin.py:115} INFO - [2022-08-21 16:48:12,502] {dag.py:2919} INFO - Setting next_dagrun for example_subdag_operator.section-2 to None, run_after=None
[2022-08-21 16:48:12,514] {processor.py:161} INFO - Processing /home/airflow/.local/lib/python3.7/site-packages/airflow/example_dags/example_subdag_operator.py took 0.221 seconds
[2022-08-21 17:03:53,130] {processor.py:153} INFO - Started process (PID=26670) to work on /home/airflow/.local/lib/python3.7/site-packages/airflow/example_dags/example_subdag_operator.py
[2022-08-21 17:03:53,133] {processor.py:641} INFO - Processing file /home/airflow/.local/lib/python3.7/site-packages/airflow/example_dags/example_subdag_operator.py for tasks to queue
[2022-08-21 17:03:53,134] {logging_mixin.py:115} INFO - [2022-08-21 17:03:53,134] {dagbag.py:507} INFO - Filling up the DagBag from /home/airflow/.local/lib/python3.7/site-packages/airflow/example_dags/example_subdag_operator.py
[2022-08-21 17:03:53,328] {processor.py:651} INFO - DAG(s) dict_keys(['example_subdag_operator.section-1', 'example_subdag_operator.section-2', 'example_subdag_operator']) retrieved from /home/airflow/.local/lib/python3.7/site-packages/airflow/example_dags/example_subdag_operator.py
[2022-08-21 17:03:53,363] {logging_mixin.py:115} INFO - [2022-08-21 17:03:53,363] {dag.py:2371} INFO - Sync 3 DAGs
[2022-08-21 17:03:53,381] {logging_mixin.py:115} INFO - [2022-08-21 17:03:53,381] {dag.py:2919} INFO - Setting next_dagrun for example_subdag_operator to 2022-08-19T00:00:00+00:00, run_after=2022-08-19T00:00:00+00:00
[2022-08-21 17:03:53,382] {logging_mixin.py:115} INFO - [2022-08-21 17:03:53,382] {dag.py:2919} INFO - Setting next_dagrun for example_subdag_operator.section-1 to None, run_after=None
[2022-08-21 17:03:53,383] {logging_mixin.py:115} INFO - [2022-08-21 17:03:53,383] {dag.py:2919} INFO - Setting next_dagrun for example_subdag_operator.section-2 to None, run_after=None
[2022-08-21 17:03:53,414] {logging_mixin.py:115} INFO - [2022-08-21 17:03:53,414] {dag.py:2371} INFO - Sync 2 DAGs
[2022-08-21 17:03:53,423] {logging_mixin.py:115} INFO - [2022-08-21 17:03:53,423] {dag.py:2919} INFO - Setting next_dagrun for example_subdag_operator.section-1 to None, run_after=None
[2022-08-21 17:03:53,424] {logging_mixin.py:115} INFO - [2022-08-21 17:03:53,424] {dag.py:2919} INFO - Setting next_dagrun for example_subdag_operator.section-2 to None, run_after=None
[2022-08-21 17:03:53,433] {processor.py:161} INFO - Processing /home/airflow/.local/lib/python3.7/site-packages/airflow/example_dags/example_subdag_operator.py took 0.307 seconds
[2022-08-21 18:37:25,492] {processor.py:153} INFO - Started process (PID=26722) to work on /home/airflow/.local/lib/python3.7/site-packages/airflow/example_dags/example_subdag_operator.py
[2022-08-21 18:37:25,496] {processor.py:641} INFO - Processing file /home/airflow/.local/lib/python3.7/site-packages/airflow/example_dags/example_subdag_operator.py for tasks to queue
[2022-08-21 18:37:25,502] {logging_mixin.py:115} INFO - [2022-08-21 18:37:25,502] {dagbag.py:507} INFO - Filling up the DagBag from /home/airflow/.local/lib/python3.7/site-packages/airflow/example_dags/example_subdag_operator.py
[2022-08-21 18:37:25,550] {processor.py:651} INFO - DAG(s) dict_keys(['example_subdag_operator.section-1', 'example_subdag_operator.section-2', 'example_subdag_operator']) retrieved from /home/airflow/.local/lib/python3.7/site-packages/airflow/example_dags/example_subdag_operator.py
[2022-08-21 18:37:25,591] {logging_mixin.py:115} INFO - [2022-08-21 18:37:25,591] {dag.py:2371} INFO - Sync 3 DAGs
[2022-08-21 18:37:25,623] {logging_mixin.py:115} INFO - [2022-08-21 18:37:25,623] {dag.py:2919} INFO - Setting next_dagrun for example_subdag_operator to 2022-08-19T00:00:00+00:00, run_after=2022-08-19T00:00:00+00:00
[2022-08-21 18:37:25,624] {logging_mixin.py:115} INFO - [2022-08-21 18:37:25,624] {dag.py:2919} INFO - Setting next_dagrun for example_subdag_operator.section-1 to None, run_after=None
[2022-08-21 18:37:25,625] {logging_mixin.py:115} INFO - [2022-08-21 18:37:25,625] {dag.py:2919} INFO - Setting next_dagrun for example_subdag_operator.section-2 to None, run_after=None
[2022-08-21 18:37:25,633] {logging_mixin.py:115} INFO - [2022-08-21 18:37:25,633] {dag.py:2371} INFO - Sync 2 DAGs
[2022-08-21 18:37:25,639] {logging_mixin.py:115} INFO - [2022-08-21 18:37:25,639] {dag.py:2919} INFO - Setting next_dagrun for example_subdag_operator.section-1 to None, run_after=None
[2022-08-21 18:37:25,640] {logging_mixin.py:115} INFO - [2022-08-21 18:37:25,640] {dag.py:2919} INFO - Setting next_dagrun for example_subdag_operator.section-2 to None, run_after=None
[2022-08-21 18:37:25,648] {processor.py:161} INFO - Processing /home/airflow/.local/lib/python3.7/site-packages/airflow/example_dags/example_subdag_operator.py took 0.161 seconds
[2022-08-21 20:25:28,979] {processor.py:153} INFO - Started process (PID=26766) to work on /home/airflow/.local/lib/python3.7/site-packages/airflow/example_dags/example_subdag_operator.py
[2022-08-21 20:25:28,981] {processor.py:641} INFO - Processing file /home/airflow/.local/lib/python3.7/site-packages/airflow/example_dags/example_subdag_operator.py for tasks to queue
[2022-08-21 20:25:28,984] {logging_mixin.py:115} INFO - [2022-08-21 20:25:28,984] {dagbag.py:507} INFO - Filling up the DagBag from /home/airflow/.local/lib/python3.7/site-packages/airflow/example_dags/example_subdag_operator.py
[2022-08-21 20:25:29,041] {processor.py:651} INFO - DAG(s) dict_keys(['example_subdag_operator.section-1', 'example_subdag_operator.section-2', 'example_subdag_operator']) retrieved from /home/airflow/.local/lib/python3.7/site-packages/airflow/example_dags/example_subdag_operator.py
[2022-08-21 20:25:29,091] {logging_mixin.py:115} INFO - [2022-08-21 20:25:29,091] {dag.py:2371} INFO - Sync 3 DAGs
[2022-08-21 20:25:29,122] {logging_mixin.py:115} INFO - [2022-08-21 20:25:29,122] {dag.py:2919} INFO - Setting next_dagrun for example_subdag_operator to 2022-08-19T00:00:00+00:00, run_after=2022-08-19T00:00:00+00:00
[2022-08-21 20:25:29,124] {logging_mixin.py:115} INFO - [2022-08-21 20:25:29,124] {dag.py:2919} INFO - Setting next_dagrun for example_subdag_operator.section-1 to None, run_after=None
[2022-08-21 20:25:29,126] {logging_mixin.py:115} INFO - [2022-08-21 20:25:29,125] {dag.py:2919} INFO - Setting next_dagrun for example_subdag_operator.section-2 to None, run_after=None
[2022-08-21 20:25:29,140] {logging_mixin.py:115} INFO - [2022-08-21 20:25:29,140] {dag.py:2371} INFO - Sync 2 DAGs
[2022-08-21 20:25:29,151] {logging_mixin.py:115} INFO - [2022-08-21 20:25:29,151] {dag.py:2919} INFO - Setting next_dagrun for example_subdag_operator.section-1 to None, run_after=None
[2022-08-21 20:25:29,152] {logging_mixin.py:115} INFO - [2022-08-21 20:25:29,152] {dag.py:2919} INFO - Setting next_dagrun for example_subdag_operator.section-2 to None, run_after=None
[2022-08-21 20:25:29,169] {processor.py:161} INFO - Processing /home/airflow/.local/lib/python3.7/site-packages/airflow/example_dags/example_subdag_operator.py took 0.198 seconds
[2022-08-21 20:26:00,904] {processor.py:153} INFO - Started process (PID=26818) to work on /home/airflow/.local/lib/python3.7/site-packages/airflow/example_dags/example_subdag_operator.py
[2022-08-21 20:26:00,908] {processor.py:641} INFO - Processing file /home/airflow/.local/lib/python3.7/site-packages/airflow/example_dags/example_subdag_operator.py for tasks to queue
[2022-08-21 20:26:00,911] {logging_mixin.py:115} INFO - [2022-08-21 20:26:00,911] {dagbag.py:507} INFO - Filling up the DagBag from /home/airflow/.local/lib/python3.7/site-packages/airflow/example_dags/example_subdag_operator.py
[2022-08-21 20:26:00,990] {processor.py:651} INFO - DAG(s) dict_keys(['example_subdag_operator.section-1', 'example_subdag_operator.section-2', 'example_subdag_operator']) retrieved from /home/airflow/.local/lib/python3.7/site-packages/airflow/example_dags/example_subdag_operator.py
[2022-08-21 20:26:01,096] {logging_mixin.py:115} INFO - [2022-08-21 20:26:01,096] {dag.py:2371} INFO - Sync 3 DAGs
[2022-08-21 20:26:01,164] {logging_mixin.py:115} INFO - [2022-08-21 20:26:01,163] {dag.py:2919} INFO - Setting next_dagrun for example_subdag_operator to 2022-08-19T00:00:00+00:00, run_after=2022-08-19T00:00:00+00:00
[2022-08-21 20:26:01,169] {logging_mixin.py:115} INFO - [2022-08-21 20:26:01,169] {dag.py:2919} INFO - Setting next_dagrun for example_subdag_operator.section-1 to None, run_after=None
[2022-08-21 20:26:01,172] {logging_mixin.py:115} INFO - [2022-08-21 20:26:01,172] {dag.py:2919} INFO - Setting next_dagrun for example_subdag_operator.section-2 to None, run_after=None
[2022-08-21 20:26:01,192] {logging_mixin.py:115} INFO - [2022-08-21 20:26:01,191] {dag.py:2371} INFO - Sync 2 DAGs
[2022-08-21 20:26:01,210] {logging_mixin.py:115} INFO - [2022-08-21 20:26:01,210] {dag.py:2919} INFO - Setting next_dagrun for example_subdag_operator.section-1 to None, run_after=None
[2022-08-21 20:26:01,213] {logging_mixin.py:115} INFO - [2022-08-21 20:26:01,213] {dag.py:2919} INFO - Setting next_dagrun for example_subdag_operator.section-2 to None, run_after=None
[2022-08-21 20:26:01,231] {processor.py:161} INFO - Processing /home/airflow/.local/lib/python3.7/site-packages/airflow/example_dags/example_subdag_operator.py took 0.336 seconds
[2022-08-21 20:26:31,382] {processor.py:153} INFO - Started process (PID=26870) to work on /home/airflow/.local/lib/python3.7/site-packages/airflow/example_dags/example_subdag_operator.py
[2022-08-21 20:26:31,384] {processor.py:641} INFO - Processing file /home/airflow/.local/lib/python3.7/site-packages/airflow/example_dags/example_subdag_operator.py for tasks to queue
[2022-08-21 20:26:31,385] {logging_mixin.py:115} INFO - [2022-08-21 20:26:31,385] {dagbag.py:507} INFO - Filling up the DagBag from /home/airflow/.local/lib/python3.7/site-packages/airflow/example_dags/example_subdag_operator.py
[2022-08-21 20:26:31,430] {processor.py:651} INFO - DAG(s) dict_keys(['example_subdag_operator.section-1', 'example_subdag_operator.section-2', 'example_subdag_operator']) retrieved from /home/airflow/.local/lib/python3.7/site-packages/airflow/example_dags/example_subdag_operator.py
[2022-08-21 20:26:31,485] {logging_mixin.py:115} INFO - [2022-08-21 20:26:31,485] {dag.py:2371} INFO - Sync 3 DAGs
[2022-08-21 20:26:31,517] {logging_mixin.py:115} INFO - [2022-08-21 20:26:31,516] {dag.py:2919} INFO - Setting next_dagrun for example_subdag_operator to 2022-08-19T00:00:00+00:00, run_after=2022-08-19T00:00:00+00:00
[2022-08-21 20:26:31,518] {logging_mixin.py:115} INFO - [2022-08-21 20:26:31,518] {dag.py:2919} INFO - Setting next_dagrun for example_subdag_operator.section-1 to None, run_after=None
[2022-08-21 20:26:31,520] {logging_mixin.py:115} INFO - [2022-08-21 20:26:31,519] {dag.py:2919} INFO - Setting next_dagrun for example_subdag_operator.section-2 to None, run_after=None
[2022-08-21 20:26:31,531] {logging_mixin.py:115} INFO - [2022-08-21 20:26:31,531] {dag.py:2371} INFO - Sync 2 DAGs
[2022-08-21 20:26:31,542] {logging_mixin.py:115} INFO - [2022-08-21 20:26:31,542] {dag.py:2919} INFO - Setting next_dagrun for example_subdag_operator.section-1 to None, run_after=None
[2022-08-21 20:26:31,544] {logging_mixin.py:115} INFO - [2022-08-21 20:26:31,543] {dag.py:2919} INFO - Setting next_dagrun for example_subdag_operator.section-2 to None, run_after=None
[2022-08-21 20:26:31,558] {processor.py:161} INFO - Processing /home/airflow/.local/lib/python3.7/site-packages/airflow/example_dags/example_subdag_operator.py took 0.182 seconds
[2022-08-21 20:27:01,660] {processor.py:153} INFO - Started process (PID=26931) to work on /home/airflow/.local/lib/python3.7/site-packages/airflow/example_dags/example_subdag_operator.py
[2022-08-21 20:27:01,661] {processor.py:641} INFO - Processing file /home/airflow/.local/lib/python3.7/site-packages/airflow/example_dags/example_subdag_operator.py for tasks to queue
[2022-08-21 20:27:01,663] {logging_mixin.py:115} INFO - [2022-08-21 20:27:01,663] {dagbag.py:507} INFO - Filling up the DagBag from /home/airflow/.local/lib/python3.7/site-packages/airflow/example_dags/example_subdag_operator.py
[2022-08-21 20:27:01,704] {processor.py:651} INFO - DAG(s) dict_keys(['example_subdag_operator.section-1', 'example_subdag_operator.section-2', 'example_subdag_operator']) retrieved from /home/airflow/.local/lib/python3.7/site-packages/airflow/example_dags/example_subdag_operator.py
[2022-08-21 20:27:01,748] {logging_mixin.py:115} INFO - [2022-08-21 20:27:01,748] {dag.py:2371} INFO - Sync 3 DAGs
[2022-08-21 20:27:01,784] {logging_mixin.py:115} INFO - [2022-08-21 20:27:01,783] {dag.py:2919} INFO - Setting next_dagrun for example_subdag_operator to 2022-08-19T00:00:00+00:00, run_after=2022-08-19T00:00:00+00:00
[2022-08-21 20:27:01,785] {logging_mixin.py:115} INFO - [2022-08-21 20:27:01,785] {dag.py:2919} INFO - Setting next_dagrun for example_subdag_operator.section-1 to None, run_after=None
[2022-08-21 20:27:01,786] {logging_mixin.py:115} INFO - [2022-08-21 20:27:01,786] {dag.py:2919} INFO - Setting next_dagrun for example_subdag_operator.section-2 to None, run_after=None
[2022-08-21 20:27:01,795] {logging_mixin.py:115} INFO - [2022-08-21 20:27:01,795] {dag.py:2371} INFO - Sync 2 DAGs
[2022-08-21 20:27:01,806] {logging_mixin.py:115} INFO - [2022-08-21 20:27:01,805] {dag.py:2919} INFO - Setting next_dagrun for example_subdag_operator.section-1 to None, run_after=None
[2022-08-21 20:27:01,807] {logging_mixin.py:115} INFO - [2022-08-21 20:27:01,807] {dag.py:2919} INFO - Setting next_dagrun for example_subdag_operator.section-2 to None, run_after=None
[2022-08-21 20:27:01,815] {processor.py:161} INFO - Processing /home/airflow/.local/lib/python3.7/site-packages/airflow/example_dags/example_subdag_operator.py took 0.160 seconds
[2022-08-21 20:27:32,182] {processor.py:153} INFO - Started process (PID=26993) to work on /home/airflow/.local/lib/python3.7/site-packages/airflow/example_dags/example_subdag_operator.py
[2022-08-21 20:27:32,183] {processor.py:641} INFO - Processing file /home/airflow/.local/lib/python3.7/site-packages/airflow/example_dags/example_subdag_operator.py for tasks to queue
[2022-08-21 20:27:32,185] {logging_mixin.py:115} INFO - [2022-08-21 20:27:32,185] {dagbag.py:507} INFO - Filling up the DagBag from /home/airflow/.local/lib/python3.7/site-packages/airflow/example_dags/example_subdag_operator.py
[2022-08-21 20:27:32,237] {processor.py:651} INFO - DAG(s) dict_keys(['example_subdag_operator.section-1', 'example_subdag_operator.section-2', 'example_subdag_operator']) retrieved from /home/airflow/.local/lib/python3.7/site-packages/airflow/example_dags/example_subdag_operator.py
[2022-08-21 20:27:32,295] {logging_mixin.py:115} INFO - [2022-08-21 20:27:32,295] {dag.py:2371} INFO - Sync 3 DAGs
[2022-08-21 20:27:32,324] {logging_mixin.py:115} INFO - [2022-08-21 20:27:32,323] {dag.py:2919} INFO - Setting next_dagrun for example_subdag_operator to 2022-08-19T00:00:00+00:00, run_after=2022-08-19T00:00:00+00:00
[2022-08-21 20:27:32,325] {logging_mixin.py:115} INFO - [2022-08-21 20:27:32,325] {dag.py:2919} INFO - Setting next_dagrun for example_subdag_operator.section-1 to None, run_after=None
[2022-08-21 20:27:32,326] {logging_mixin.py:115} INFO - [2022-08-21 20:27:32,326] {dag.py:2919} INFO - Setting next_dagrun for example_subdag_operator.section-2 to None, run_after=None
[2022-08-21 20:27:32,342] {logging_mixin.py:115} INFO - [2022-08-21 20:27:32,342] {dag.py:2371} INFO - Sync 2 DAGs
[2022-08-21 20:27:32,349] {logging_mixin.py:115} INFO - [2022-08-21 20:27:32,349] {dag.py:2919} INFO - Setting next_dagrun for example_subdag_operator.section-1 to None, run_after=None
[2022-08-21 20:27:32,350] {logging_mixin.py:115} INFO - [2022-08-21 20:27:32,350] {dag.py:2919} INFO - Setting next_dagrun for example_subdag_operator.section-2 to None, run_after=None
[2022-08-21 20:27:32,358] {processor.py:161} INFO - Processing /home/airflow/.local/lib/python3.7/site-packages/airflow/example_dags/example_subdag_operator.py took 0.179 seconds
[2022-08-21 20:28:02,537] {processor.py:153} INFO - Started process (PID=27045) to work on /home/airflow/.local/lib/python3.7/site-packages/airflow/example_dags/example_subdag_operator.py
[2022-08-21 20:28:02,539] {processor.py:641} INFO - Processing file /home/airflow/.local/lib/python3.7/site-packages/airflow/example_dags/example_subdag_operator.py for tasks to queue
[2022-08-21 20:28:02,540] {logging_mixin.py:115} INFO - [2022-08-21 20:28:02,540] {dagbag.py:507} INFO - Filling up the DagBag from /home/airflow/.local/lib/python3.7/site-packages/airflow/example_dags/example_subdag_operator.py
[2022-08-21 20:28:02,572] {processor.py:651} INFO - DAG(s) dict_keys(['example_subdag_operator.section-1', 'example_subdag_operator.section-2', 'example_subdag_operator']) retrieved from /home/airflow/.local/lib/python3.7/site-packages/airflow/example_dags/example_subdag_operator.py
[2022-08-21 20:28:02,607] {logging_mixin.py:115} INFO - [2022-08-21 20:28:02,607] {dag.py:2371} INFO - Sync 3 DAGs
[2022-08-21 20:28:02,628] {logging_mixin.py:115} INFO - [2022-08-21 20:28:02,628] {dag.py:2919} INFO - Setting next_dagrun for example_subdag_operator to 2022-08-19T00:00:00+00:00, run_after=2022-08-19T00:00:00+00:00
[2022-08-21 20:28:02,629] {logging_mixin.py:115} INFO - [2022-08-21 20:28:02,629] {dag.py:2919} INFO - Setting next_dagrun for example_subdag_operator.section-1 to None, run_after=None
[2022-08-21 20:28:02,630] {logging_mixin.py:115} INFO - [2022-08-21 20:28:02,630] {dag.py:2919} INFO - Setting next_dagrun for example_subdag_operator.section-2 to None, run_after=None
[2022-08-21 20:28:02,637] {logging_mixin.py:115} INFO - [2022-08-21 20:28:02,637] {dag.py:2371} INFO - Sync 2 DAGs
[2022-08-21 20:28:02,643] {logging_mixin.py:115} INFO - [2022-08-21 20:28:02,643] {dag.py:2919} INFO - Setting next_dagrun for example_subdag_operator.section-1 to None, run_after=None
[2022-08-21 20:28:02,644] {logging_mixin.py:115} INFO - [2022-08-21 20:28:02,644] {dag.py:2919} INFO - Setting next_dagrun for example_subdag_operator.section-2 to None, run_after=None
[2022-08-21 20:28:02,653] {processor.py:161} INFO - Processing /home/airflow/.local/lib/python3.7/site-packages/airflow/example_dags/example_subdag_operator.py took 0.119 seconds
[2022-08-21 20:28:32,964] {processor.py:153} INFO - Started process (PID=27106) to work on /home/airflow/.local/lib/python3.7/site-packages/airflow/example_dags/example_subdag_operator.py
[2022-08-21 20:28:32,966] {processor.py:641} INFO - Processing file /home/airflow/.local/lib/python3.7/site-packages/airflow/example_dags/example_subdag_operator.py for tasks to queue
[2022-08-21 20:28:32,969] {logging_mixin.py:115} INFO - [2022-08-21 20:28:32,968] {dagbag.py:507} INFO - Filling up the DagBag from /home/airflow/.local/lib/python3.7/site-packages/airflow/example_dags/example_subdag_operator.py
[2022-08-21 20:28:33,011] {processor.py:651} INFO - DAG(s) dict_keys(['example_subdag_operator.section-1', 'example_subdag_operator.section-2', 'example_subdag_operator']) retrieved from /home/airflow/.local/lib/python3.7/site-packages/airflow/example_dags/example_subdag_operator.py
[2022-08-21 20:28:33,057] {logging_mixin.py:115} INFO - [2022-08-21 20:28:33,057] {dag.py:2371} INFO - Sync 3 DAGs
[2022-08-21 20:28:33,086] {logging_mixin.py:115} INFO - [2022-08-21 20:28:33,086] {dag.py:2919} INFO - Setting next_dagrun for example_subdag_operator to 2022-08-19T00:00:00+00:00, run_after=2022-08-19T00:00:00+00:00
[2022-08-21 20:28:33,089] {logging_mixin.py:115} INFO - [2022-08-21 20:28:33,088] {dag.py:2919} INFO - Setting next_dagrun for example_subdag_operator.section-1 to None, run_after=None
[2022-08-21 20:28:33,091] {logging_mixin.py:115} INFO - [2022-08-21 20:28:33,090] {dag.py:2919} INFO - Setting next_dagrun for example_subdag_operator.section-2 to None, run_after=None
[2022-08-21 20:28:33,118] {logging_mixin.py:115} INFO - [2022-08-21 20:28:33,118] {dag.py:2371} INFO - Sync 2 DAGs
[2022-08-21 20:28:33,137] {logging_mixin.py:115} INFO - [2022-08-21 20:28:33,137] {dag.py:2919} INFO - Setting next_dagrun for example_subdag_operator.section-1 to None, run_after=None
[2022-08-21 20:28:33,139] {logging_mixin.py:115} INFO - [2022-08-21 20:28:33,139] {dag.py:2919} INFO - Setting next_dagrun for example_subdag_operator.section-2 to None, run_after=None
[2022-08-21 20:28:33,161] {processor.py:161} INFO - Processing /home/airflow/.local/lib/python3.7/site-packages/airflow/example_dags/example_subdag_operator.py took 0.201 seconds
[2022-08-21 20:29:03,524] {processor.py:153} INFO - Started process (PID=27167) to work on /home/airflow/.local/lib/python3.7/site-packages/airflow/example_dags/example_subdag_operator.py
[2022-08-21 20:29:03,525] {processor.py:641} INFO - Processing file /home/airflow/.local/lib/python3.7/site-packages/airflow/example_dags/example_subdag_operator.py for tasks to queue
[2022-08-21 20:29:03,528] {logging_mixin.py:115} INFO - [2022-08-21 20:29:03,528] {dagbag.py:507} INFO - Filling up the DagBag from /home/airflow/.local/lib/python3.7/site-packages/airflow/example_dags/example_subdag_operator.py
[2022-08-21 20:29:03,559] {processor.py:651} INFO - DAG(s) dict_keys(['example_subdag_operator.section-1', 'example_subdag_operator.section-2', 'example_subdag_operator']) retrieved from /home/airflow/.local/lib/python3.7/site-packages/airflow/example_dags/example_subdag_operator.py
[2022-08-21 20:29:03,597] {logging_mixin.py:115} INFO - [2022-08-21 20:29:03,597] {dag.py:2371} INFO - Sync 3 DAGs
[2022-08-21 20:29:03,618] {logging_mixin.py:115} INFO - [2022-08-21 20:29:03,617] {dag.py:2919} INFO - Setting next_dagrun for example_subdag_operator to 2022-08-19T00:00:00+00:00, run_after=2022-08-19T00:00:00+00:00
[2022-08-21 20:29:03,619] {logging_mixin.py:115} INFO - [2022-08-21 20:29:03,619] {dag.py:2919} INFO - Setting next_dagrun for example_subdag_operator.section-1 to None, run_after=None
[2022-08-21 20:29:03,620] {logging_mixin.py:115} INFO - [2022-08-21 20:29:03,620] {dag.py:2919} INFO - Setting next_dagrun for example_subdag_operator.section-2 to None, run_after=None
[2022-08-21 20:29:03,627] {logging_mixin.py:115} INFO - [2022-08-21 20:29:03,627] {dag.py:2371} INFO - Sync 2 DAGs
[2022-08-21 20:29:03,634] {logging_mixin.py:115} INFO - [2022-08-21 20:29:03,634] {dag.py:2919} INFO - Setting next_dagrun for example_subdag_operator.section-1 to None, run_after=None
[2022-08-21 20:29:03,635] {logging_mixin.py:115} INFO - [2022-08-21 20:29:03,635] {dag.py:2919} INFO - Setting next_dagrun for example_subdag_operator.section-2 to None, run_after=None
[2022-08-21 20:29:03,644] {processor.py:161} INFO - Processing /home/airflow/.local/lib/python3.7/site-packages/airflow/example_dags/example_subdag_operator.py took 0.124 seconds
[2022-08-21 20:29:33,948] {processor.py:153} INFO - Started process (PID=27220) to work on /home/airflow/.local/lib/python3.7/site-packages/airflow/example_dags/example_subdag_operator.py
[2022-08-21 20:29:33,950] {processor.py:641} INFO - Processing file /home/airflow/.local/lib/python3.7/site-packages/airflow/example_dags/example_subdag_operator.py for tasks to queue
[2022-08-21 20:29:33,951] {logging_mixin.py:115} INFO - [2022-08-21 20:29:33,951] {dagbag.py:507} INFO - Filling up the DagBag from /home/airflow/.local/lib/python3.7/site-packages/airflow/example_dags/example_subdag_operator.py
[2022-08-21 20:29:33,984] {processor.py:651} INFO - DAG(s) dict_keys(['example_subdag_operator.section-1', 'example_subdag_operator.section-2', 'example_subdag_operator']) retrieved from /home/airflow/.local/lib/python3.7/site-packages/airflow/example_dags/example_subdag_operator.py
[2022-08-21 20:29:34,021] {logging_mixin.py:115} INFO - [2022-08-21 20:29:34,021] {dag.py:2371} INFO - Sync 3 DAGs
[2022-08-21 20:29:34,042] {logging_mixin.py:115} INFO - [2022-08-21 20:29:34,042] {dag.py:2919} INFO - Setting next_dagrun for example_subdag_operator to 2022-08-19T00:00:00+00:00, run_after=2022-08-19T00:00:00+00:00
[2022-08-21 20:29:34,043] {logging_mixin.py:115} INFO - [2022-08-21 20:29:34,043] {dag.py:2919} INFO - Setting next_dagrun for example_subdag_operator.section-1 to None, run_after=None
[2022-08-21 20:29:34,043] {logging_mixin.py:115} INFO - [2022-08-21 20:29:34,043] {dag.py:2919} INFO - Setting next_dagrun for example_subdag_operator.section-2 to None, run_after=None
[2022-08-21 20:29:34,051] {logging_mixin.py:115} INFO - [2022-08-21 20:29:34,051] {dag.py:2371} INFO - Sync 2 DAGs
[2022-08-21 20:29:34,058] {logging_mixin.py:115} INFO - [2022-08-21 20:29:34,058] {dag.py:2919} INFO - Setting next_dagrun for example_subdag_operator.section-1 to None, run_after=None
[2022-08-21 20:29:34,059] {logging_mixin.py:115} INFO - [2022-08-21 20:29:34,059] {dag.py:2919} INFO - Setting next_dagrun for example_subdag_operator.section-2 to None, run_after=None
[2022-08-21 20:29:34,068] {processor.py:161} INFO - Processing /home/airflow/.local/lib/python3.7/site-packages/airflow/example_dags/example_subdag_operator.py took 0.123 seconds
[2022-08-21 20:30:04,157] {processor.py:153} INFO - Started process (PID=27281) to work on /home/airflow/.local/lib/python3.7/site-packages/airflow/example_dags/example_subdag_operator.py
[2022-08-21 20:30:04,159] {processor.py:641} INFO - Processing file /home/airflow/.local/lib/python3.7/site-packages/airflow/example_dags/example_subdag_operator.py for tasks to queue
[2022-08-21 20:30:04,160] {logging_mixin.py:115} INFO - [2022-08-21 20:30:04,160] {dagbag.py:507} INFO - Filling up the DagBag from /home/airflow/.local/lib/python3.7/site-packages/airflow/example_dags/example_subdag_operator.py
[2022-08-21 20:30:04,190] {processor.py:651} INFO - DAG(s) dict_keys(['example_subdag_operator.section-1', 'example_subdag_operator.section-2', 'example_subdag_operator']) retrieved from /home/airflow/.local/lib/python3.7/site-packages/airflow/example_dags/example_subdag_operator.py
[2022-08-21 20:30:04,228] {logging_mixin.py:115} INFO - [2022-08-21 20:30:04,228] {dag.py:2371} INFO - Sync 3 DAGs
[2022-08-21 20:30:04,249] {logging_mixin.py:115} INFO - [2022-08-21 20:30:04,249] {dag.py:2919} INFO - Setting next_dagrun for example_subdag_operator to 2022-08-19T00:00:00+00:00, run_after=2022-08-19T00:00:00+00:00
[2022-08-21 20:30:04,250] {logging_mixin.py:115} INFO - [2022-08-21 20:30:04,250] {dag.py:2919} INFO - Setting next_dagrun for example_subdag_operator.section-1 to None, run_after=None
[2022-08-21 20:30:04,251] {logging_mixin.py:115} INFO - [2022-08-21 20:30:04,251] {dag.py:2919} INFO - Setting next_dagrun for example_subdag_operator.section-2 to None, run_after=None
[2022-08-21 20:30:04,258] {logging_mixin.py:115} INFO - [2022-08-21 20:30:04,258] {dag.py:2371} INFO - Sync 2 DAGs
[2022-08-21 20:30:04,265] {logging_mixin.py:115} INFO - [2022-08-21 20:30:04,265] {dag.py:2919} INFO - Setting next_dagrun for example_subdag_operator.section-1 to None, run_after=None
[2022-08-21 20:30:04,266] {logging_mixin.py:115} INFO - [2022-08-21 20:30:04,266] {dag.py:2919} INFO - Setting next_dagrun for example_subdag_operator.section-2 to None, run_after=None
[2022-08-21 20:30:04,274] {processor.py:161} INFO - Processing /home/airflow/.local/lib/python3.7/site-packages/airflow/example_dags/example_subdag_operator.py took 0.120 seconds
[2022-08-21 20:31:01,421] {processor.py:153} INFO - Started process (PID=27344) to work on /home/airflow/.local/lib/python3.7/site-packages/airflow/example_dags/example_subdag_operator.py
[2022-08-21 20:31:01,423] {processor.py:641} INFO - Processing file /home/airflow/.local/lib/python3.7/site-packages/airflow/example_dags/example_subdag_operator.py for tasks to queue
[2022-08-21 20:31:01,426] {logging_mixin.py:115} INFO - [2022-08-21 20:31:01,426] {dagbag.py:507} INFO - Filling up the DagBag from /home/airflow/.local/lib/python3.7/site-packages/airflow/example_dags/example_subdag_operator.py
[2022-08-21 20:31:01,468] {processor.py:651} INFO - DAG(s) dict_keys(['example_subdag_operator.section-1', 'example_subdag_operator.section-2', 'example_subdag_operator']) retrieved from /home/airflow/.local/lib/python3.7/site-packages/airflow/example_dags/example_subdag_operator.py
[2022-08-21 20:31:01,509] {logging_mixin.py:115} INFO - [2022-08-21 20:31:01,509] {dag.py:2371} INFO - Sync 3 DAGs
[2022-08-21 20:31:01,531] {logging_mixin.py:115} INFO - [2022-08-21 20:31:01,531] {dag.py:2919} INFO - Setting next_dagrun for example_subdag_operator to 2022-08-19T00:00:00+00:00, run_after=2022-08-19T00:00:00+00:00
[2022-08-21 20:31:01,532] {logging_mixin.py:115} INFO - [2022-08-21 20:31:01,532] {dag.py:2919} INFO - Setting next_dagrun for example_subdag_operator.section-1 to None, run_after=None
[2022-08-21 20:31:01,533] {logging_mixin.py:115} INFO - [2022-08-21 20:31:01,533] {dag.py:2919} INFO - Setting next_dagrun for example_subdag_operator.section-2 to None, run_after=None
[2022-08-21 20:31:01,544] {logging_mixin.py:115} INFO - [2022-08-21 20:31:01,544] {dag.py:2371} INFO - Sync 2 DAGs
[2022-08-21 20:31:01,553] {logging_mixin.py:115} INFO - [2022-08-21 20:31:01,553] {dag.py:2919} INFO - Setting next_dagrun for example_subdag_operator.section-1 to None, run_after=None
[2022-08-21 20:31:01,554] {logging_mixin.py:115} INFO - [2022-08-21 20:31:01,554] {dag.py:2919} INFO - Setting next_dagrun for example_subdag_operator.section-2 to None, run_after=None
[2022-08-21 20:31:01,563] {processor.py:161} INFO - Processing /home/airflow/.local/lib/python3.7/site-packages/airflow/example_dags/example_subdag_operator.py took 0.146 seconds
[2022-08-21 22:14:05,620] {processor.py:153} INFO - Started process (PID=27409) to work on /home/airflow/.local/lib/python3.7/site-packages/airflow/example_dags/example_subdag_operator.py
[2022-08-21 22:14:05,622] {processor.py:641} INFO - Processing file /home/airflow/.local/lib/python3.7/site-packages/airflow/example_dags/example_subdag_operator.py for tasks to queue
[2022-08-21 22:14:05,624] {logging_mixin.py:115} INFO - [2022-08-21 22:14:05,624] {dagbag.py:507} INFO - Filling up the DagBag from /home/airflow/.local/lib/python3.7/site-packages/airflow/example_dags/example_subdag_operator.py
[2022-08-21 22:14:05,658] {processor.py:651} INFO - DAG(s) dict_keys(['example_subdag_operator.section-1', 'example_subdag_operator.section-2', 'example_subdag_operator']) retrieved from /home/airflow/.local/lib/python3.7/site-packages/airflow/example_dags/example_subdag_operator.py
[2022-08-21 22:14:05,704] {logging_mixin.py:115} INFO - [2022-08-21 22:14:05,704] {dag.py:2371} INFO - Sync 3 DAGs
[2022-08-21 22:14:05,731] {logging_mixin.py:115} INFO - [2022-08-21 22:14:05,731] {dag.py:2919} INFO - Setting next_dagrun for example_subdag_operator to 2022-08-19T00:00:00+00:00, run_after=2022-08-19T00:00:00+00:00
[2022-08-21 22:14:05,732] {logging_mixin.py:115} INFO - [2022-08-21 22:14:05,732] {dag.py:2919} INFO - Setting next_dagrun for example_subdag_operator.section-1 to None, run_after=None
[2022-08-21 22:14:05,733] {logging_mixin.py:115} INFO - [2022-08-21 22:14:05,733] {dag.py:2919} INFO - Setting next_dagrun for example_subdag_operator.section-2 to None, run_after=None
[2022-08-21 22:14:05,742] {logging_mixin.py:115} INFO - [2022-08-21 22:14:05,742] {dag.py:2371} INFO - Sync 2 DAGs
[2022-08-21 22:14:05,751] {logging_mixin.py:115} INFO - [2022-08-21 22:14:05,750] {dag.py:2919} INFO - Setting next_dagrun for example_subdag_operator.section-1 to None, run_after=None
[2022-08-21 22:14:05,752] {logging_mixin.py:115} INFO - [2022-08-21 22:14:05,752] {dag.py:2919} INFO - Setting next_dagrun for example_subdag_operator.section-2 to None, run_after=None
[2022-08-21 22:14:05,766] {processor.py:161} INFO - Processing /home/airflow/.local/lib/python3.7/site-packages/airflow/example_dags/example_subdag_operator.py took 0.152 seconds
