[2022-08-15 04:24:17,618] {processor.py:153} INFO - Started process (PID=10968) to work on /home/airflow/.local/lib/python3.7/site-packages/airflow/example_dags/example_branch_operator_decorator.py
[2022-08-15 04:24:17,620] {processor.py:641} INFO - Processing file /home/airflow/.local/lib/python3.7/site-packages/airflow/example_dags/example_branch_operator_decorator.py for tasks to queue
[2022-08-15 04:24:17,622] {logging_mixin.py:115} INFO - [2022-08-15 04:24:17,622] {dagbag.py:507} INFO - Filling up the DagBag from /home/airflow/.local/lib/python3.7/site-packages/airflow/example_dags/example_branch_operator_decorator.py
[2022-08-15 04:24:17,733] {processor.py:651} INFO - DAG(s) dict_keys(['example_branch_python_operator_decorator']) retrieved from /home/airflow/.local/lib/python3.7/site-packages/airflow/example_dags/example_branch_operator_decorator.py
[2022-08-15 04:24:17,854] {logging_mixin.py:115} INFO - [2022-08-15 04:24:17,854] {dag.py:2371} INFO - Sync 1 DAGs
[2022-08-15 04:24:17,917] {logging_mixin.py:115} INFO - [2022-08-15 04:24:17,916] {dag.py:2919} INFO - Setting next_dagrun for example_branch_python_operator_decorator to 2022-08-14T00:00:00+00:00, run_after=2022-08-15T00:00:00+00:00
[2022-08-15 04:24:17,973] {processor.py:161} INFO - Processing /home/airflow/.local/lib/python3.7/site-packages/airflow/example_dags/example_branch_operator_decorator.py took 0.371 seconds
[2022-08-15 14:34:13,926] {processor.py:153} INFO - Started process (PID=11008) to work on /home/airflow/.local/lib/python3.7/site-packages/airflow/example_dags/example_branch_operator_decorator.py
[2022-08-15 14:34:13,929] {processor.py:641} INFO - Processing file /home/airflow/.local/lib/python3.7/site-packages/airflow/example_dags/example_branch_operator_decorator.py for tasks to queue
[2022-08-15 14:34:13,932] {logging_mixin.py:115} INFO - [2022-08-15 14:34:13,931] {dagbag.py:507} INFO - Filling up the DagBag from /home/airflow/.local/lib/python3.7/site-packages/airflow/example_dags/example_branch_operator_decorator.py
[2022-08-15 14:34:14,039] {processor.py:651} INFO - DAG(s) dict_keys(['example_branch_python_operator_decorator']) retrieved from /home/airflow/.local/lib/python3.7/site-packages/airflow/example_dags/example_branch_operator_decorator.py
[2022-08-15 14:34:14,190] {logging_mixin.py:115} INFO - [2022-08-15 14:34:14,190] {dag.py:2371} INFO - Sync 1 DAGs
[2022-08-15 14:34:14,278] {logging_mixin.py:115} INFO - [2022-08-15 14:34:14,278] {dag.py:2919} INFO - Setting next_dagrun for example_branch_python_operator_decorator to 2022-08-14T00:00:00+00:00, run_after=2022-08-15T00:00:00+00:00
[2022-08-15 14:34:14,338] {processor.py:161} INFO - Processing /home/airflow/.local/lib/python3.7/site-packages/airflow/example_dags/example_branch_operator_decorator.py took 0.510 seconds
[2022-08-15 19:22:17,661] {processor.py:153} INFO - Started process (PID=11059) to work on /home/airflow/.local/lib/python3.7/site-packages/airflow/example_dags/example_branch_operator_decorator.py
[2022-08-15 19:22:17,731] {processor.py:641} INFO - Processing file /home/airflow/.local/lib/python3.7/site-packages/airflow/example_dags/example_branch_operator_decorator.py for tasks to queue
[2022-08-15 19:22:17,835] {logging_mixin.py:115} INFO - [2022-08-15 19:22:17,834] {dagbag.py:507} INFO - Filling up the DagBag from /home/airflow/.local/lib/python3.7/site-packages/airflow/example_dags/example_branch_operator_decorator.py
[2022-08-15 19:22:18,174] {processor.py:651} INFO - DAG(s) dict_keys(['example_branch_python_operator_decorator']) retrieved from /home/airflow/.local/lib/python3.7/site-packages/airflow/example_dags/example_branch_operator_decorator.py
[2022-08-15 19:22:18,607] {logging_mixin.py:115} INFO - [2022-08-15 19:22:18,606] {dag.py:2371} INFO - Sync 1 DAGs
[2022-08-15 19:22:18,942] {logging_mixin.py:115} INFO - [2022-08-15 19:22:18,942] {dag.py:2919} INFO - Setting next_dagrun for example_branch_python_operator_decorator to 2022-08-14T00:00:00+00:00, run_after=2022-08-15T00:00:00+00:00
[2022-08-15 19:22:19,051] {processor.py:161} INFO - Processing /home/airflow/.local/lib/python3.7/site-packages/airflow/example_dags/example_branch_operator_decorator.py took 1.420 seconds
[2022-08-15 19:22:49,455] {processor.py:153} INFO - Started process (PID=11114) to work on /home/airflow/.local/lib/python3.7/site-packages/airflow/example_dags/example_branch_operator_decorator.py
[2022-08-15 19:22:49,457] {processor.py:641} INFO - Processing file /home/airflow/.local/lib/python3.7/site-packages/airflow/example_dags/example_branch_operator_decorator.py for tasks to queue
[2022-08-15 19:22:49,459] {logging_mixin.py:115} INFO - [2022-08-15 19:22:49,459] {dagbag.py:507} INFO - Filling up the DagBag from /home/airflow/.local/lib/python3.7/site-packages/airflow/example_dags/example_branch_operator_decorator.py
[2022-08-15 19:22:49,487] {processor.py:651} INFO - DAG(s) dict_keys(['example_branch_python_operator_decorator']) retrieved from /home/airflow/.local/lib/python3.7/site-packages/airflow/example_dags/example_branch_operator_decorator.py
[2022-08-15 19:22:49,518] {logging_mixin.py:115} INFO - [2022-08-15 19:22:49,518] {dag.py:2371} INFO - Sync 1 DAGs
[2022-08-15 19:22:49,540] {logging_mixin.py:115} INFO - [2022-08-15 19:22:49,539] {dag.py:2919} INFO - Setting next_dagrun for example_branch_python_operator_decorator to 2022-08-14T00:00:00+00:00, run_after=2022-08-15T00:00:00+00:00
[2022-08-15 19:22:49,552] {processor.py:161} INFO - Processing /home/airflow/.local/lib/python3.7/site-packages/airflow/example_dags/example_branch_operator_decorator.py took 0.106 seconds
