[2022-08-15 04:24:20,038] {processor.py:153} INFO - Started process (PID=10982) to work on /home/airflow/.local/lib/python3.7/site-packages/airflow/example_dags/example_time_delta_sensor_async.py
[2022-08-15 04:24:20,042] {processor.py:641} INFO - Processing file /home/airflow/.local/lib/python3.7/site-packages/airflow/example_dags/example_time_delta_sensor_async.py for tasks to queue
[2022-08-15 04:24:20,044] {logging_mixin.py:115} INFO - [2022-08-15 04:24:20,043] {dagbag.py:507} INFO - Filling up the DagBag from /home/airflow/.local/lib/python3.7/site-packages/airflow/example_dags/example_time_delta_sensor_async.py
[2022-08-15 04:24:20,056] {processor.py:651} INFO - DAG(s) dict_keys(['example_time_delta_sensor_async']) retrieved from /home/airflow/.local/lib/python3.7/site-packages/airflow/example_dags/example_time_delta_sensor_async.py
[2022-08-15 04:24:20,191] {logging_mixin.py:115} INFO - [2022-08-15 04:24:20,191] {dag.py:2371} INFO - Sync 1 DAGs
[2022-08-15 04:24:20,257] {logging_mixin.py:115} INFO - [2022-08-15 04:24:20,257] {dag.py:2919} INFO - Setting next_dagrun for example_time_delta_sensor_async to None, run_after=None
[2022-08-15 04:24:20,281] {processor.py:161} INFO - Processing /home/airflow/.local/lib/python3.7/site-packages/airflow/example_dags/example_time_delta_sensor_async.py took 0.251 seconds
[2022-08-15 14:34:17,751] {processor.py:153} INFO - Started process (PID=11025) to work on /home/airflow/.local/lib/python3.7/site-packages/airflow/example_dags/example_time_delta_sensor_async.py
[2022-08-15 14:34:17,754] {processor.py:641} INFO - Processing file /home/airflow/.local/lib/python3.7/site-packages/airflow/example_dags/example_time_delta_sensor_async.py for tasks to queue
[2022-08-15 14:34:17,756] {logging_mixin.py:115} INFO - [2022-08-15 14:34:17,755] {dagbag.py:507} INFO - Filling up the DagBag from /home/airflow/.local/lib/python3.7/site-packages/airflow/example_dags/example_time_delta_sensor_async.py
[2022-08-15 14:34:17,768] {processor.py:651} INFO - DAG(s) dict_keys(['example_time_delta_sensor_async']) retrieved from /home/airflow/.local/lib/python3.7/site-packages/airflow/example_dags/example_time_delta_sensor_async.py
[2022-08-15 14:34:17,908] {logging_mixin.py:115} INFO - [2022-08-15 14:34:17,908] {dag.py:2371} INFO - Sync 1 DAGs
[2022-08-15 14:34:17,963] {logging_mixin.py:115} INFO - [2022-08-15 14:34:17,963] {dag.py:2919} INFO - Setting next_dagrun for example_time_delta_sensor_async to None, run_after=None
[2022-08-15 14:34:17,990] {processor.py:161} INFO - Processing /home/airflow/.local/lib/python3.7/site-packages/airflow/example_dags/example_time_delta_sensor_async.py took 0.247 seconds
[2022-08-15 19:22:22,540] {processor.py:153} INFO - Started process (PID=11075) to work on /home/airflow/.local/lib/python3.7/site-packages/airflow/example_dags/example_time_delta_sensor_async.py
[2022-08-15 19:22:22,542] {processor.py:641} INFO - Processing file /home/airflow/.local/lib/python3.7/site-packages/airflow/example_dags/example_time_delta_sensor_async.py for tasks to queue
[2022-08-15 19:22:22,546] {logging_mixin.py:115} INFO - [2022-08-15 19:22:22,546] {dagbag.py:507} INFO - Filling up the DagBag from /home/airflow/.local/lib/python3.7/site-packages/airflow/example_dags/example_time_delta_sensor_async.py
[2022-08-15 19:22:22,556] {processor.py:651} INFO - DAG(s) dict_keys(['example_time_delta_sensor_async']) retrieved from /home/airflow/.local/lib/python3.7/site-packages/airflow/example_dags/example_time_delta_sensor_async.py
[2022-08-15 19:22:22,672] {logging_mixin.py:115} INFO - [2022-08-15 19:22:22,672] {dag.py:2371} INFO - Sync 1 DAGs
[2022-08-15 19:22:22,724] {logging_mixin.py:115} INFO - [2022-08-15 19:22:22,724] {dag.py:2919} INFO - Setting next_dagrun for example_time_delta_sensor_async to None, run_after=None
[2022-08-15 19:22:22,756] {processor.py:161} INFO - Processing /home/airflow/.local/lib/python3.7/site-packages/airflow/example_dags/example_time_delta_sensor_async.py took 0.220 seconds
[2022-08-15 19:22:53,294] {processor.py:153} INFO - Started process (PID=11128) to work on /home/airflow/.local/lib/python3.7/site-packages/airflow/example_dags/example_time_delta_sensor_async.py
[2022-08-15 19:22:53,296] {processor.py:641} INFO - Processing file /home/airflow/.local/lib/python3.7/site-packages/airflow/example_dags/example_time_delta_sensor_async.py for tasks to queue
[2022-08-15 19:22:53,297] {logging_mixin.py:115} INFO - [2022-08-15 19:22:53,297] {dagbag.py:507} INFO - Filling up the DagBag from /home/airflow/.local/lib/python3.7/site-packages/airflow/example_dags/example_time_delta_sensor_async.py
[2022-08-15 19:22:53,304] {processor.py:651} INFO - DAG(s) dict_keys(['example_time_delta_sensor_async']) retrieved from /home/airflow/.local/lib/python3.7/site-packages/airflow/example_dags/example_time_delta_sensor_async.py
[2022-08-15 19:22:53,349] {logging_mixin.py:115} INFO - [2022-08-15 19:22:53,349] {dag.py:2371} INFO - Sync 1 DAGs
[2022-08-15 19:22:53,370] {logging_mixin.py:115} INFO - [2022-08-15 19:22:53,370] {dag.py:2919} INFO - Setting next_dagrun for example_time_delta_sensor_async to None, run_after=None
[2022-08-15 19:22:53,386] {processor.py:161} INFO - Processing /home/airflow/.local/lib/python3.7/site-packages/airflow/example_dags/example_time_delta_sensor_async.py took 0.095 seconds
