[2022-08-15 04:24:20,939] {processor.py:153} INFO - Started process (PID=10988) to work on /home/airflow/.local/lib/python3.7/site-packages/airflow/example_dags/example_nested_branch_dag.py
[2022-08-15 04:24:20,957] {processor.py:641} INFO - Processing file /home/airflow/.local/lib/python3.7/site-packages/airflow/example_dags/example_nested_branch_dag.py for tasks to queue
[2022-08-15 04:24:20,959] {logging_mixin.py:115} INFO - [2022-08-15 04:24:20,959] {dagbag.py:507} INFO - Filling up the DagBag from /home/airflow/.local/lib/python3.7/site-packages/airflow/example_dags/example_nested_branch_dag.py
[2022-08-15 04:24:20,985] {processor.py:651} INFO - DAG(s) dict_keys(['example_nested_branch_dag']) retrieved from /home/airflow/.local/lib/python3.7/site-packages/airflow/example_dags/example_nested_branch_dag.py
[2022-08-15 04:24:21,042] {logging_mixin.py:115} INFO - [2022-08-15 04:24:21,041] {dag.py:2371} INFO - Sync 1 DAGs
[2022-08-15 04:24:21,082] {logging_mixin.py:115} INFO - [2022-08-15 04:24:21,082] {dag.py:2919} INFO - Setting next_dagrun for example_nested_branch_dag to 2022-08-14T00:00:00+00:00, run_after=2022-08-15T00:00:00+00:00
[2022-08-15 04:24:21,111] {processor.py:161} INFO - Processing /home/airflow/.local/lib/python3.7/site-packages/airflow/example_dags/example_nested_branch_dag.py took 0.178 seconds
[2022-08-15 14:34:18,587] {processor.py:153} INFO - Started process (PID=11031) to work on /home/airflow/.local/lib/python3.7/site-packages/airflow/example_dags/example_nested_branch_dag.py
[2022-08-15 14:34:18,593] {processor.py:641} INFO - Processing file /home/airflow/.local/lib/python3.7/site-packages/airflow/example_dags/example_nested_branch_dag.py for tasks to queue
[2022-08-15 14:34:18,595] {logging_mixin.py:115} INFO - [2022-08-15 14:34:18,595] {dagbag.py:507} INFO - Filling up the DagBag from /home/airflow/.local/lib/python3.7/site-packages/airflow/example_dags/example_nested_branch_dag.py
[2022-08-15 14:34:18,622] {processor.py:651} INFO - DAG(s) dict_keys(['example_nested_branch_dag']) retrieved from /home/airflow/.local/lib/python3.7/site-packages/airflow/example_dags/example_nested_branch_dag.py
[2022-08-15 14:34:18,740] {logging_mixin.py:115} INFO - [2022-08-15 14:34:18,740] {dag.py:2371} INFO - Sync 1 DAGs
[2022-08-15 14:34:18,835] {logging_mixin.py:115} INFO - [2022-08-15 14:34:18,835] {dag.py:2919} INFO - Setting next_dagrun for example_nested_branch_dag to 2022-08-14T00:00:00+00:00, run_after=2022-08-15T00:00:00+00:00
[2022-08-15 14:34:18,871] {processor.py:161} INFO - Processing /home/airflow/.local/lib/python3.7/site-packages/airflow/example_dags/example_nested_branch_dag.py took 0.291 seconds
[2022-08-15 19:22:23,226] {processor.py:153} INFO - Started process (PID=11081) to work on /home/airflow/.local/lib/python3.7/site-packages/airflow/example_dags/example_nested_branch_dag.py
[2022-08-15 19:22:23,227] {processor.py:641} INFO - Processing file /home/airflow/.local/lib/python3.7/site-packages/airflow/example_dags/example_nested_branch_dag.py for tasks to queue
[2022-08-15 19:22:23,229] {logging_mixin.py:115} INFO - [2022-08-15 19:22:23,229] {dagbag.py:507} INFO - Filling up the DagBag from /home/airflow/.local/lib/python3.7/site-packages/airflow/example_dags/example_nested_branch_dag.py
[2022-08-15 19:22:23,256] {processor.py:651} INFO - DAG(s) dict_keys(['example_nested_branch_dag']) retrieved from /home/airflow/.local/lib/python3.7/site-packages/airflow/example_dags/example_nested_branch_dag.py
[2022-08-15 19:22:23,328] {logging_mixin.py:115} INFO - [2022-08-15 19:22:23,328] {dag.py:2371} INFO - Sync 1 DAGs
[2022-08-15 19:22:23,377] {logging_mixin.py:115} INFO - [2022-08-15 19:22:23,377] {dag.py:2919} INFO - Setting next_dagrun for example_nested_branch_dag to 2022-08-14T00:00:00+00:00, run_after=2022-08-15T00:00:00+00:00
[2022-08-15 19:22:23,404] {processor.py:161} INFO - Processing /home/airflow/.local/lib/python3.7/site-packages/airflow/example_dags/example_nested_branch_dag.py took 0.186 seconds
[2022-08-15 19:22:53,639] {processor.py:153} INFO - Started process (PID=11134) to work on /home/airflow/.local/lib/python3.7/site-packages/airflow/example_dags/example_nested_branch_dag.py
[2022-08-15 19:22:53,641] {processor.py:641} INFO - Processing file /home/airflow/.local/lib/python3.7/site-packages/airflow/example_dags/example_nested_branch_dag.py for tasks to queue
[2022-08-15 19:22:53,642] {logging_mixin.py:115} INFO - [2022-08-15 19:22:53,642] {dagbag.py:507} INFO - Filling up the DagBag from /home/airflow/.local/lib/python3.7/site-packages/airflow/example_dags/example_nested_branch_dag.py
[2022-08-15 19:22:53,655] {processor.py:651} INFO - DAG(s) dict_keys(['example_nested_branch_dag']) retrieved from /home/airflow/.local/lib/python3.7/site-packages/airflow/example_dags/example_nested_branch_dag.py
[2022-08-15 19:22:53,684] {logging_mixin.py:115} INFO - [2022-08-15 19:22:53,684] {dag.py:2371} INFO - Sync 1 DAGs
[2022-08-15 19:22:53,709] {logging_mixin.py:115} INFO - [2022-08-15 19:22:53,709] {dag.py:2919} INFO - Setting next_dagrun for example_nested_branch_dag to 2022-08-14T00:00:00+00:00, run_after=2022-08-15T00:00:00+00:00
[2022-08-15 19:22:53,722] {processor.py:161} INFO - Processing /home/airflow/.local/lib/python3.7/site-packages/airflow/example_dags/example_nested_branch_dag.py took 0.087 seconds
