[2022-08-15 04:24:19,827] {processor.py:153} INFO - Started process (PID=10981) to work on /home/airflow/.local/lib/python3.7/site-packages/airflow/example_dags/example_latest_only_with_trigger.py
[2022-08-15 04:24:19,836] {processor.py:641} INFO - Processing file /home/airflow/.local/lib/python3.7/site-packages/airflow/example_dags/example_latest_only_with_trigger.py for tasks to queue
[2022-08-15 04:24:19,838] {logging_mixin.py:115} INFO - [2022-08-15 04:24:19,838] {dagbag.py:507} INFO - Filling up the DagBag from /home/airflow/.local/lib/python3.7/site-packages/airflow/example_dags/example_latest_only_with_trigger.py
[2022-08-15 04:24:19,878] {processor.py:651} INFO - DAG(s) dict_keys(['latest_only_with_trigger']) retrieved from /home/airflow/.local/lib/python3.7/site-packages/airflow/example_dags/example_latest_only_with_trigger.py
[2022-08-15 04:24:19,952] {logging_mixin.py:115} INFO - [2022-08-15 04:24:19,952] {dag.py:2371} INFO - Sync 1 DAGs
[2022-08-15 04:24:19,986] {logging_mixin.py:115} INFO - [2022-08-15 04:24:19,986] {dag.py:2919} INFO - Setting next_dagrun for latest_only_with_trigger to 2022-08-15T00:24:19.986035+00:00, run_after=2022-08-15T04:24:19.986035+00:00
[2022-08-15 04:24:20,018] {processor.py:161} INFO - Processing /home/airflow/.local/lib/python3.7/site-packages/airflow/example_dags/example_latest_only_with_trigger.py took 0.200 seconds
[2022-08-15 14:34:17,502] {processor.py:153} INFO - Started process (PID=11024) to work on /home/airflow/.local/lib/python3.7/site-packages/airflow/example_dags/example_latest_only_with_trigger.py
[2022-08-15 14:34:17,515] {processor.py:641} INFO - Processing file /home/airflow/.local/lib/python3.7/site-packages/airflow/example_dags/example_latest_only_with_trigger.py for tasks to queue
[2022-08-15 14:34:17,517] {logging_mixin.py:115} INFO - [2022-08-15 14:34:17,517] {dagbag.py:507} INFO - Filling up the DagBag from /home/airflow/.local/lib/python3.7/site-packages/airflow/example_dags/example_latest_only_with_trigger.py
[2022-08-15 14:34:17,552] {processor.py:651} INFO - DAG(s) dict_keys(['latest_only_with_trigger']) retrieved from /home/airflow/.local/lib/python3.7/site-packages/airflow/example_dags/example_latest_only_with_trigger.py
[2022-08-15 14:34:17,678] {logging_mixin.py:115} INFO - [2022-08-15 14:34:17,677] {dag.py:2371} INFO - Sync 1 DAGs
[2022-08-15 14:34:17,747] {logging_mixin.py:115} INFO - [2022-08-15 14:34:17,747] {dag.py:2919} INFO - Setting next_dagrun for latest_only_with_trigger to 2022-08-15T10:34:17.747484+00:00, run_after=2022-08-15T14:34:17.747484+00:00
[2022-08-15 14:34:17,786] {processor.py:161} INFO - Processing /home/airflow/.local/lib/python3.7/site-packages/airflow/example_dags/example_latest_only_with_trigger.py took 0.301 seconds
[2022-08-15 19:22:22,348] {processor.py:153} INFO - Started process (PID=11074) to work on /home/airflow/.local/lib/python3.7/site-packages/airflow/example_dags/example_latest_only_with_trigger.py
[2022-08-15 19:22:22,349] {processor.py:641} INFO - Processing file /home/airflow/.local/lib/python3.7/site-packages/airflow/example_dags/example_latest_only_with_trigger.py for tasks to queue
[2022-08-15 19:22:22,350] {logging_mixin.py:115} INFO - [2022-08-15 19:22:22,350] {dagbag.py:507} INFO - Filling up the DagBag from /home/airflow/.local/lib/python3.7/site-packages/airflow/example_dags/example_latest_only_with_trigger.py
[2022-08-15 19:22:22,361] {processor.py:651} INFO - DAG(s) dict_keys(['latest_only_with_trigger']) retrieved from /home/airflow/.local/lib/python3.7/site-packages/airflow/example_dags/example_latest_only_with_trigger.py
[2022-08-15 19:22:22,433] {logging_mixin.py:115} INFO - [2022-08-15 19:22:22,433] {dag.py:2371} INFO - Sync 1 DAGs
[2022-08-15 19:22:22,471] {logging_mixin.py:115} INFO - [2022-08-15 19:22:22,471] {dag.py:2919} INFO - Setting next_dagrun for latest_only_with_trigger to 2022-08-15T15:22:22.470979+00:00, run_after=2022-08-15T19:22:22.470979+00:00
[2022-08-15 19:22:22,494] {processor.py:161} INFO - Processing /home/airflow/.local/lib/python3.7/site-packages/airflow/example_dags/example_latest_only_with_trigger.py took 0.152 seconds
[2022-08-15 19:22:53,276] {processor.py:153} INFO - Started process (PID=11127) to work on /home/airflow/.local/lib/python3.7/site-packages/airflow/example_dags/example_latest_only_with_trigger.py
[2022-08-15 19:22:53,277] {processor.py:641} INFO - Processing file /home/airflow/.local/lib/python3.7/site-packages/airflow/example_dags/example_latest_only_with_trigger.py for tasks to queue
[2022-08-15 19:22:53,278] {logging_mixin.py:115} INFO - [2022-08-15 19:22:53,278] {dagbag.py:507} INFO - Filling up the DagBag from /home/airflow/.local/lib/python3.7/site-packages/airflow/example_dags/example_latest_only_with_trigger.py
[2022-08-15 19:22:53,286] {processor.py:651} INFO - DAG(s) dict_keys(['latest_only_with_trigger']) retrieved from /home/airflow/.local/lib/python3.7/site-packages/airflow/example_dags/example_latest_only_with_trigger.py
[2022-08-15 19:22:53,321] {logging_mixin.py:115} INFO - [2022-08-15 19:22:53,321] {dag.py:2371} INFO - Sync 1 DAGs
[2022-08-15 19:22:53,342] {logging_mixin.py:115} INFO - [2022-08-15 19:22:53,342] {dag.py:2919} INFO - Setting next_dagrun for latest_only_with_trigger to 2022-08-15T15:22:53.342063+00:00, run_after=2022-08-15T19:22:53.342063+00:00
[2022-08-15 19:22:53,355] {processor.py:161} INFO - Processing /home/airflow/.local/lib/python3.7/site-packages/airflow/example_dags/example_latest_only_with_trigger.py took 0.083 seconds
