[2022-08-14 00:45:44,617] {processor.py:153} INFO - Started process (PID=8413) to work on /home/airflow/.local/lib/python3.7/site-packages/airflow/example_dags/example_local_kubernetes_executor.py
[2022-08-14 00:45:44,629] {processor.py:641} INFO - Processing file /home/airflow/.local/lib/python3.7/site-packages/airflow/example_dags/example_local_kubernetes_executor.py for tasks to queue
[2022-08-14 00:45:44,632] {logging_mixin.py:115} INFO - [2022-08-14 00:45:44,632] {dagbag.py:507} INFO - Filling up the DagBag from /home/airflow/.local/lib/python3.7/site-packages/airflow/example_dags/example_local_kubernetes_executor.py
[2022-08-14 00:45:44,693] {processor.py:651} INFO - DAG(s) dict_keys(['example_local_kubernetes_executor']) retrieved from /home/airflow/.local/lib/python3.7/site-packages/airflow/example_dags/example_local_kubernetes_executor.py
[2022-08-14 00:45:44,736] {logging_mixin.py:115} INFO - [2022-08-14 00:45:44,736] {dag.py:2371} INFO - Sync 1 DAGs
[2022-08-14 00:45:44,787] {logging_mixin.py:115} INFO - [2022-08-14 00:45:44,787] {dag.py:2919} INFO - Setting next_dagrun for example_local_kubernetes_executor to None, run_after=None
[2022-08-14 00:45:44,814] {processor.py:161} INFO - Processing /home/airflow/.local/lib/python3.7/site-packages/airflow/example_dags/example_local_kubernetes_executor.py took 0.204 seconds
[2022-08-14 02:33:49,339] {processor.py:153} INFO - Started process (PID=8457) to work on /home/airflow/.local/lib/python3.7/site-packages/airflow/example_dags/example_local_kubernetes_executor.py
[2022-08-14 02:33:49,341] {processor.py:641} INFO - Processing file /home/airflow/.local/lib/python3.7/site-packages/airflow/example_dags/example_local_kubernetes_executor.py for tasks to queue
[2022-08-14 02:33:49,343] {logging_mixin.py:115} INFO - [2022-08-14 02:33:49,343] {dagbag.py:507} INFO - Filling up the DagBag from /home/airflow/.local/lib/python3.7/site-packages/airflow/example_dags/example_local_kubernetes_executor.py
[2022-08-14 02:33:49,371] {processor.py:651} INFO - DAG(s) dict_keys(['example_local_kubernetes_executor']) retrieved from /home/airflow/.local/lib/python3.7/site-packages/airflow/example_dags/example_local_kubernetes_executor.py
[2022-08-14 02:33:49,423] {logging_mixin.py:115} INFO - [2022-08-14 02:33:49,423] {dag.py:2371} INFO - Sync 1 DAGs
[2022-08-14 02:33:49,451] {logging_mixin.py:115} INFO - [2022-08-14 02:33:49,451] {dag.py:2919} INFO - Setting next_dagrun for example_local_kubernetes_executor to None, run_after=None
[2022-08-14 02:33:49,466] {processor.py:161} INFO - Processing /home/airflow/.local/lib/python3.7/site-packages/airflow/example_dags/example_local_kubernetes_executor.py took 0.132 seconds
[2022-08-14 03:54:02,284] {processor.py:153} INFO - Started process (PID=8509) to work on /home/airflow/.local/lib/python3.7/site-packages/airflow/example_dags/example_local_kubernetes_executor.py
[2022-08-14 03:54:02,297] {processor.py:641} INFO - Processing file /home/airflow/.local/lib/python3.7/site-packages/airflow/example_dags/example_local_kubernetes_executor.py for tasks to queue
[2022-08-14 03:54:02,313] {logging_mixin.py:115} INFO - [2022-08-14 03:54:02,312] {dagbag.py:507} INFO - Filling up the DagBag from /home/airflow/.local/lib/python3.7/site-packages/airflow/example_dags/example_local_kubernetes_executor.py
[2022-08-14 03:54:02,852] {processor.py:651} INFO - DAG(s) dict_keys(['example_local_kubernetes_executor']) retrieved from /home/airflow/.local/lib/python3.7/site-packages/airflow/example_dags/example_local_kubernetes_executor.py
[2022-08-14 03:54:03,418] {logging_mixin.py:115} INFO - [2022-08-14 03:54:03,418] {dag.py:2371} INFO - Sync 1 DAGs
[2022-08-14 03:54:03,710] {logging_mixin.py:115} INFO - [2022-08-14 03:54:03,710] {dag.py:2919} INFO - Setting next_dagrun for example_local_kubernetes_executor to None, run_after=None
[2022-08-14 03:54:03,989] {processor.py:161} INFO - Processing /home/airflow/.local/lib/python3.7/site-packages/airflow/example_dags/example_local_kubernetes_executor.py took 1.787 seconds
[2022-08-14 03:59:08,219] {processor.py:153} INFO - Started process (PID=8558) to work on /home/airflow/.local/lib/python3.7/site-packages/airflow/example_dags/example_local_kubernetes_executor.py
[2022-08-14 03:59:08,223] {processor.py:641} INFO - Processing file /home/airflow/.local/lib/python3.7/site-packages/airflow/example_dags/example_local_kubernetes_executor.py for tasks to queue
[2022-08-14 03:59:08,227] {logging_mixin.py:115} INFO - [2022-08-14 03:59:08,226] {dagbag.py:507} INFO - Filling up the DagBag from /home/airflow/.local/lib/python3.7/site-packages/airflow/example_dags/example_local_kubernetes_executor.py
[2022-08-14 03:59:08,279] {processor.py:651} INFO - DAG(s) dict_keys(['example_local_kubernetes_executor']) retrieved from /home/airflow/.local/lib/python3.7/site-packages/airflow/example_dags/example_local_kubernetes_executor.py
[2022-08-14 03:59:08,334] {logging_mixin.py:115} INFO - [2022-08-14 03:59:08,334] {dag.py:2371} INFO - Sync 1 DAGs
[2022-08-14 03:59:08,368] {logging_mixin.py:115} INFO - [2022-08-14 03:59:08,368] {dag.py:2919} INFO - Setting next_dagrun for example_local_kubernetes_executor to None, run_after=None
[2022-08-14 03:59:08,396] {processor.py:161} INFO - Processing /home/airflow/.local/lib/python3.7/site-packages/airflow/example_dags/example_local_kubernetes_executor.py took 0.184 seconds
[2022-08-14 03:59:40,908] {processor.py:153} INFO - Started process (PID=8610) to work on /home/airflow/.local/lib/python3.7/site-packages/airflow/example_dags/example_local_kubernetes_executor.py
[2022-08-14 03:59:40,912] {processor.py:641} INFO - Processing file /home/airflow/.local/lib/python3.7/site-packages/airflow/example_dags/example_local_kubernetes_executor.py for tasks to queue
[2022-08-14 03:59:40,918] {logging_mixin.py:115} INFO - [2022-08-14 03:59:40,917] {dagbag.py:507} INFO - Filling up the DagBag from /home/airflow/.local/lib/python3.7/site-packages/airflow/example_dags/example_local_kubernetes_executor.py
[2022-08-14 03:59:41,002] {processor.py:651} INFO - DAG(s) dict_keys(['example_local_kubernetes_executor']) retrieved from /home/airflow/.local/lib/python3.7/site-packages/airflow/example_dags/example_local_kubernetes_executor.py
[2022-08-14 03:59:41,106] {logging_mixin.py:115} INFO - [2022-08-14 03:59:41,106] {dag.py:2371} INFO - Sync 1 DAGs
[2022-08-14 03:59:41,190] {logging_mixin.py:115} INFO - [2022-08-14 03:59:41,189] {dag.py:2919} INFO - Setting next_dagrun for example_local_kubernetes_executor to None, run_after=None
[2022-08-14 03:59:41,241] {processor.py:161} INFO - Processing /home/airflow/.local/lib/python3.7/site-packages/airflow/example_dags/example_local_kubernetes_executor.py took 0.344 seconds
[2022-08-14 04:04:38,031] {processor.py:153} INFO - Started process (PID=8653) to work on /home/airflow/.local/lib/python3.7/site-packages/airflow/example_dags/example_local_kubernetes_executor.py
[2022-08-14 04:04:38,032] {processor.py:641} INFO - Processing file /home/airflow/.local/lib/python3.7/site-packages/airflow/example_dags/example_local_kubernetes_executor.py for tasks to queue
[2022-08-14 04:04:38,034] {logging_mixin.py:115} INFO - [2022-08-14 04:04:38,034] {dagbag.py:507} INFO - Filling up the DagBag from /home/airflow/.local/lib/python3.7/site-packages/airflow/example_dags/example_local_kubernetes_executor.py
[2022-08-14 04:04:38,055] {processor.py:651} INFO - DAG(s) dict_keys(['example_local_kubernetes_executor']) retrieved from /home/airflow/.local/lib/python3.7/site-packages/airflow/example_dags/example_local_kubernetes_executor.py
[2022-08-14 04:04:38,083] {logging_mixin.py:115} INFO - [2022-08-14 04:04:38,083] {dag.py:2371} INFO - Sync 1 DAGs
[2022-08-14 04:04:38,110] {logging_mixin.py:115} INFO - [2022-08-14 04:04:38,110] {dag.py:2919} INFO - Setting next_dagrun for example_local_kubernetes_executor to None, run_after=None
[2022-08-14 04:04:38,129] {processor.py:161} INFO - Processing /home/airflow/.local/lib/python3.7/site-packages/airflow/example_dags/example_local_kubernetes_executor.py took 0.104 seconds
[2022-08-14 04:05:10,585] {processor.py:153} INFO - Started process (PID=8705) to work on /home/airflow/.local/lib/python3.7/site-packages/airflow/example_dags/example_local_kubernetes_executor.py
[2022-08-14 04:05:10,589] {processor.py:641} INFO - Processing file /home/airflow/.local/lib/python3.7/site-packages/airflow/example_dags/example_local_kubernetes_executor.py for tasks to queue
[2022-08-14 04:05:10,592] {logging_mixin.py:115} INFO - [2022-08-14 04:05:10,591] {dagbag.py:507} INFO - Filling up the DagBag from /home/airflow/.local/lib/python3.7/site-packages/airflow/example_dags/example_local_kubernetes_executor.py
[2022-08-14 04:05:10,639] {processor.py:651} INFO - DAG(s) dict_keys(['example_local_kubernetes_executor']) retrieved from /home/airflow/.local/lib/python3.7/site-packages/airflow/example_dags/example_local_kubernetes_executor.py
[2022-08-14 04:05:10,707] {logging_mixin.py:115} INFO - [2022-08-14 04:05:10,707] {dag.py:2371} INFO - Sync 1 DAGs
[2022-08-14 04:05:10,767] {logging_mixin.py:115} INFO - [2022-08-14 04:05:10,767] {dag.py:2919} INFO - Setting next_dagrun for example_local_kubernetes_executor to None, run_after=None
[2022-08-14 04:05:10,799] {processor.py:161} INFO - Processing /home/airflow/.local/lib/python3.7/site-packages/airflow/example_dags/example_local_kubernetes_executor.py took 0.224 seconds
[2022-08-14 04:10:12,359] {processor.py:153} INFO - Started process (PID=8756) to work on /home/airflow/.local/lib/python3.7/site-packages/airflow/example_dags/example_local_kubernetes_executor.py
[2022-08-14 04:10:12,360] {processor.py:641} INFO - Processing file /home/airflow/.local/lib/python3.7/site-packages/airflow/example_dags/example_local_kubernetes_executor.py for tasks to queue
[2022-08-14 04:10:12,361] {logging_mixin.py:115} INFO - [2022-08-14 04:10:12,361] {dagbag.py:507} INFO - Filling up the DagBag from /home/airflow/.local/lib/python3.7/site-packages/airflow/example_dags/example_local_kubernetes_executor.py
[2022-08-14 04:10:12,390] {processor.py:651} INFO - DAG(s) dict_keys(['example_local_kubernetes_executor']) retrieved from /home/airflow/.local/lib/python3.7/site-packages/airflow/example_dags/example_local_kubernetes_executor.py
[2022-08-14 04:10:12,419] {logging_mixin.py:115} INFO - [2022-08-14 04:10:12,418] {dag.py:2371} INFO - Sync 1 DAGs
[2022-08-14 04:10:12,438] {logging_mixin.py:115} INFO - [2022-08-14 04:10:12,438] {dag.py:2919} INFO - Setting next_dagrun for example_local_kubernetes_executor to None, run_after=None
[2022-08-14 04:10:12,449] {processor.py:161} INFO - Processing /home/airflow/.local/lib/python3.7/site-packages/airflow/example_dags/example_local_kubernetes_executor.py took 0.095 seconds
[2022-08-14 04:10:44,330] {processor.py:153} INFO - Started process (PID=8808) to work on /home/airflow/.local/lib/python3.7/site-packages/airflow/example_dags/example_local_kubernetes_executor.py
[2022-08-14 04:10:44,335] {processor.py:641} INFO - Processing file /home/airflow/.local/lib/python3.7/site-packages/airflow/example_dags/example_local_kubernetes_executor.py for tasks to queue
[2022-08-14 04:10:44,340] {logging_mixin.py:115} INFO - [2022-08-14 04:10:44,339] {dagbag.py:507} INFO - Filling up the DagBag from /home/airflow/.local/lib/python3.7/site-packages/airflow/example_dags/example_local_kubernetes_executor.py
[2022-08-14 04:10:44,397] {processor.py:651} INFO - DAG(s) dict_keys(['example_local_kubernetes_executor']) retrieved from /home/airflow/.local/lib/python3.7/site-packages/airflow/example_dags/example_local_kubernetes_executor.py
[2022-08-14 04:10:44,455] {logging_mixin.py:115} INFO - [2022-08-14 04:10:44,455] {dag.py:2371} INFO - Sync 1 DAGs
[2022-08-14 04:10:44,500] {logging_mixin.py:115} INFO - [2022-08-14 04:10:44,500] {dag.py:2919} INFO - Setting next_dagrun for example_local_kubernetes_executor to None, run_after=None
[2022-08-14 04:10:44,529] {processor.py:161} INFO - Processing /home/airflow/.local/lib/python3.7/site-packages/airflow/example_dags/example_local_kubernetes_executor.py took 0.214 seconds
[2022-08-14 04:15:57,590] {processor.py:153} INFO - Started process (PID=8862) to work on /home/airflow/.local/lib/python3.7/site-packages/airflow/example_dags/example_local_kubernetes_executor.py
[2022-08-14 04:15:57,607] {processor.py:641} INFO - Processing file /home/airflow/.local/lib/python3.7/site-packages/airflow/example_dags/example_local_kubernetes_executor.py for tasks to queue
[2022-08-14 04:15:57,620] {logging_mixin.py:115} INFO - [2022-08-14 04:15:57,618] {dagbag.py:507} INFO - Filling up the DagBag from /home/airflow/.local/lib/python3.7/site-packages/airflow/example_dags/example_local_kubernetes_executor.py
[2022-08-14 04:15:57,781] {processor.py:651} INFO - DAG(s) dict_keys(['example_local_kubernetes_executor']) retrieved from /home/airflow/.local/lib/python3.7/site-packages/airflow/example_dags/example_local_kubernetes_executor.py
[2022-08-14 04:15:57,971] {logging_mixin.py:115} INFO - [2022-08-14 04:15:57,970] {dag.py:2371} INFO - Sync 1 DAGs
[2022-08-14 04:15:58,142] {logging_mixin.py:115} INFO - [2022-08-14 04:15:58,141] {dag.py:2919} INFO - Setting next_dagrun for example_local_kubernetes_executor to None, run_after=None
[2022-08-14 04:15:58,210] {processor.py:161} INFO - Processing /home/airflow/.local/lib/python3.7/site-packages/airflow/example_dags/example_local_kubernetes_executor.py took 0.656 seconds
[2022-08-14 04:16:29,072] {processor.py:153} INFO - Started process (PID=8914) to work on /home/airflow/.local/lib/python3.7/site-packages/airflow/example_dags/example_local_kubernetes_executor.py
[2022-08-14 04:16:29,077] {processor.py:641} INFO - Processing file /home/airflow/.local/lib/python3.7/site-packages/airflow/example_dags/example_local_kubernetes_executor.py for tasks to queue
[2022-08-14 04:16:29,081] {logging_mixin.py:115} INFO - [2022-08-14 04:16:29,081] {dagbag.py:507} INFO - Filling up the DagBag from /home/airflow/.local/lib/python3.7/site-packages/airflow/example_dags/example_local_kubernetes_executor.py
[2022-08-14 04:16:29,169] {processor.py:651} INFO - DAG(s) dict_keys(['example_local_kubernetes_executor']) retrieved from /home/airflow/.local/lib/python3.7/site-packages/airflow/example_dags/example_local_kubernetes_executor.py
[2022-08-14 04:16:29,260] {logging_mixin.py:115} INFO - [2022-08-14 04:16:29,260] {dag.py:2371} INFO - Sync 1 DAGs
[2022-08-14 04:16:29,319] {logging_mixin.py:115} INFO - [2022-08-14 04:16:29,319] {dag.py:2919} INFO - Setting next_dagrun for example_local_kubernetes_executor to None, run_after=None
[2022-08-14 04:16:29,356] {processor.py:161} INFO - Processing /home/airflow/.local/lib/python3.7/site-packages/airflow/example_dags/example_local_kubernetes_executor.py took 0.296 seconds
[2022-08-14 04:21:21,013] {processor.py:153} INFO - Started process (PID=8957) to work on /home/airflow/.local/lib/python3.7/site-packages/airflow/example_dags/example_local_kubernetes_executor.py
[2022-08-14 04:21:21,014] {processor.py:641} INFO - Processing file /home/airflow/.local/lib/python3.7/site-packages/airflow/example_dags/example_local_kubernetes_executor.py for tasks to queue
[2022-08-14 04:21:21,015] {logging_mixin.py:115} INFO - [2022-08-14 04:21:21,015] {dagbag.py:507} INFO - Filling up the DagBag from /home/airflow/.local/lib/python3.7/site-packages/airflow/example_dags/example_local_kubernetes_executor.py
[2022-08-14 04:21:21,038] {processor.py:651} INFO - DAG(s) dict_keys(['example_local_kubernetes_executor']) retrieved from /home/airflow/.local/lib/python3.7/site-packages/airflow/example_dags/example_local_kubernetes_executor.py
[2022-08-14 04:21:21,065] {logging_mixin.py:115} INFO - [2022-08-14 04:21:21,065] {dag.py:2371} INFO - Sync 1 DAGs
[2022-08-14 04:21:21,085] {logging_mixin.py:115} INFO - [2022-08-14 04:21:21,085] {dag.py:2919} INFO - Setting next_dagrun for example_local_kubernetes_executor to None, run_after=None
[2022-08-14 04:21:21,097] {processor.py:161} INFO - Processing /home/airflow/.local/lib/python3.7/site-packages/airflow/example_dags/example_local_kubernetes_executor.py took 0.088 seconds
[2022-08-14 04:21:53,409] {processor.py:153} INFO - Started process (PID=9009) to work on /home/airflow/.local/lib/python3.7/site-packages/airflow/example_dags/example_local_kubernetes_executor.py
[2022-08-14 04:21:53,413] {processor.py:641} INFO - Processing file /home/airflow/.local/lib/python3.7/site-packages/airflow/example_dags/example_local_kubernetes_executor.py for tasks to queue
[2022-08-14 04:21:53,416] {logging_mixin.py:115} INFO - [2022-08-14 04:21:53,415] {dagbag.py:507} INFO - Filling up the DagBag from /home/airflow/.local/lib/python3.7/site-packages/airflow/example_dags/example_local_kubernetes_executor.py
[2022-08-14 04:21:53,472] {processor.py:651} INFO - DAG(s) dict_keys(['example_local_kubernetes_executor']) retrieved from /home/airflow/.local/lib/python3.7/site-packages/airflow/example_dags/example_local_kubernetes_executor.py
[2022-08-14 04:21:53,539] {logging_mixin.py:115} INFO - [2022-08-14 04:21:53,539] {dag.py:2371} INFO - Sync 1 DAGs
[2022-08-14 04:21:53,588] {logging_mixin.py:115} INFO - [2022-08-14 04:21:53,588] {dag.py:2919} INFO - Setting next_dagrun for example_local_kubernetes_executor to None, run_after=None
[2022-08-14 04:21:53,617] {processor.py:161} INFO - Processing /home/airflow/.local/lib/python3.7/site-packages/airflow/example_dags/example_local_kubernetes_executor.py took 0.217 seconds
[2022-08-14 04:26:54,193] {processor.py:153} INFO - Started process (PID=9062) to work on /home/airflow/.local/lib/python3.7/site-packages/airflow/example_dags/example_local_kubernetes_executor.py
[2022-08-14 04:26:54,194] {processor.py:641} INFO - Processing file /home/airflow/.local/lib/python3.7/site-packages/airflow/example_dags/example_local_kubernetes_executor.py for tasks to queue
[2022-08-14 04:26:54,195] {logging_mixin.py:115} INFO - [2022-08-14 04:26:54,195] {dagbag.py:507} INFO - Filling up the DagBag from /home/airflow/.local/lib/python3.7/site-packages/airflow/example_dags/example_local_kubernetes_executor.py
[2022-08-14 04:26:54,216] {processor.py:651} INFO - DAG(s) dict_keys(['example_local_kubernetes_executor']) retrieved from /home/airflow/.local/lib/python3.7/site-packages/airflow/example_dags/example_local_kubernetes_executor.py
[2022-08-14 04:26:54,246] {logging_mixin.py:115} INFO - [2022-08-14 04:26:54,246] {dag.py:2371} INFO - Sync 1 DAGs
[2022-08-14 04:26:54,271] {logging_mixin.py:115} INFO - [2022-08-14 04:26:54,271] {dag.py:2919} INFO - Setting next_dagrun for example_local_kubernetes_executor to None, run_after=None
[2022-08-14 04:26:54,293] {processor.py:161} INFO - Processing /home/airflow/.local/lib/python3.7/site-packages/airflow/example_dags/example_local_kubernetes_executor.py took 0.104 seconds
[2022-08-14 04:27:25,857] {processor.py:153} INFO - Started process (PID=9114) to work on /home/airflow/.local/lib/python3.7/site-packages/airflow/example_dags/example_local_kubernetes_executor.py
[2022-08-14 04:27:25,860] {processor.py:641} INFO - Processing file /home/airflow/.local/lib/python3.7/site-packages/airflow/example_dags/example_local_kubernetes_executor.py for tasks to queue
[2022-08-14 04:27:25,863] {logging_mixin.py:115} INFO - [2022-08-14 04:27:25,863] {dagbag.py:507} INFO - Filling up the DagBag from /home/airflow/.local/lib/python3.7/site-packages/airflow/example_dags/example_local_kubernetes_executor.py
[2022-08-14 04:27:25,920] {processor.py:651} INFO - DAG(s) dict_keys(['example_local_kubernetes_executor']) retrieved from /home/airflow/.local/lib/python3.7/site-packages/airflow/example_dags/example_local_kubernetes_executor.py
[2022-08-14 04:27:25,986] {logging_mixin.py:115} INFO - [2022-08-14 04:27:25,986] {dag.py:2371} INFO - Sync 1 DAGs
[2022-08-14 04:27:26,036] {logging_mixin.py:115} INFO - [2022-08-14 04:27:26,036] {dag.py:2919} INFO - Setting next_dagrun for example_local_kubernetes_executor to None, run_after=None
[2022-08-14 04:27:26,068] {processor.py:161} INFO - Processing /home/airflow/.local/lib/python3.7/site-packages/airflow/example_dags/example_local_kubernetes_executor.py took 0.222 seconds
[2022-08-14 04:32:27,091] {processor.py:153} INFO - Started process (PID=9166) to work on /home/airflow/.local/lib/python3.7/site-packages/airflow/example_dags/example_local_kubernetes_executor.py
[2022-08-14 04:32:27,091] {processor.py:641} INFO - Processing file /home/airflow/.local/lib/python3.7/site-packages/airflow/example_dags/example_local_kubernetes_executor.py for tasks to queue
[2022-08-14 04:32:27,093] {logging_mixin.py:115} INFO - [2022-08-14 04:32:27,093] {dagbag.py:507} INFO - Filling up the DagBag from /home/airflow/.local/lib/python3.7/site-packages/airflow/example_dags/example_local_kubernetes_executor.py
[2022-08-14 04:32:27,118] {processor.py:651} INFO - DAG(s) dict_keys(['example_local_kubernetes_executor']) retrieved from /home/airflow/.local/lib/python3.7/site-packages/airflow/example_dags/example_local_kubernetes_executor.py
[2022-08-14 04:32:27,151] {logging_mixin.py:115} INFO - [2022-08-14 04:32:27,151] {dag.py:2371} INFO - Sync 1 DAGs
[2022-08-14 04:32:27,173] {logging_mixin.py:115} INFO - [2022-08-14 04:32:27,173] {dag.py:2919} INFO - Setting next_dagrun for example_local_kubernetes_executor to None, run_after=None
[2022-08-14 04:32:27,189] {processor.py:161} INFO - Processing /home/airflow/.local/lib/python3.7/site-packages/airflow/example_dags/example_local_kubernetes_executor.py took 0.103 seconds
[2022-08-14 04:32:58,865] {processor.py:153} INFO - Started process (PID=9218) to work on /home/airflow/.local/lib/python3.7/site-packages/airflow/example_dags/example_local_kubernetes_executor.py
[2022-08-14 04:32:58,867] {processor.py:641} INFO - Processing file /home/airflow/.local/lib/python3.7/site-packages/airflow/example_dags/example_local_kubernetes_executor.py for tasks to queue
[2022-08-14 04:32:58,870] {logging_mixin.py:115} INFO - [2022-08-14 04:32:58,870] {dagbag.py:507} INFO - Filling up the DagBag from /home/airflow/.local/lib/python3.7/site-packages/airflow/example_dags/example_local_kubernetes_executor.py
[2022-08-14 04:32:58,919] {processor.py:651} INFO - DAG(s) dict_keys(['example_local_kubernetes_executor']) retrieved from /home/airflow/.local/lib/python3.7/site-packages/airflow/example_dags/example_local_kubernetes_executor.py
[2022-08-14 04:32:58,983] {logging_mixin.py:115} INFO - [2022-08-14 04:32:58,983] {dag.py:2371} INFO - Sync 1 DAGs
[2022-08-14 04:32:59,029] {logging_mixin.py:115} INFO - [2022-08-14 04:32:59,029] {dag.py:2919} INFO - Setting next_dagrun for example_local_kubernetes_executor to None, run_after=None
[2022-08-14 04:32:59,056] {processor.py:161} INFO - Processing /home/airflow/.local/lib/python3.7/site-packages/airflow/example_dags/example_local_kubernetes_executor.py took 0.203 seconds
[2022-08-14 04:38:00,590] {processor.py:153} INFO - Started process (PID=9270) to work on /home/airflow/.local/lib/python3.7/site-packages/airflow/example_dags/example_local_kubernetes_executor.py
[2022-08-14 04:38:00,592] {processor.py:641} INFO - Processing file /home/airflow/.local/lib/python3.7/site-packages/airflow/example_dags/example_local_kubernetes_executor.py for tasks to queue
[2022-08-14 04:38:00,593] {logging_mixin.py:115} INFO - [2022-08-14 04:38:00,593] {dagbag.py:507} INFO - Filling up the DagBag from /home/airflow/.local/lib/python3.7/site-packages/airflow/example_dags/example_local_kubernetes_executor.py
[2022-08-14 04:38:00,613] {processor.py:651} INFO - DAG(s) dict_keys(['example_local_kubernetes_executor']) retrieved from /home/airflow/.local/lib/python3.7/site-packages/airflow/example_dags/example_local_kubernetes_executor.py
[2022-08-14 04:38:00,643] {logging_mixin.py:115} INFO - [2022-08-14 04:38:00,642] {dag.py:2371} INFO - Sync 1 DAGs
[2022-08-14 04:38:00,662] {logging_mixin.py:115} INFO - [2022-08-14 04:38:00,662] {dag.py:2919} INFO - Setting next_dagrun for example_local_kubernetes_executor to None, run_after=None
[2022-08-14 04:38:00,676] {processor.py:161} INFO - Processing /home/airflow/.local/lib/python3.7/site-packages/airflow/example_dags/example_local_kubernetes_executor.py took 0.090 seconds
[2022-08-14 04:38:32,567] {processor.py:153} INFO - Started process (PID=9322) to work on /home/airflow/.local/lib/python3.7/site-packages/airflow/example_dags/example_local_kubernetes_executor.py
[2022-08-14 04:38:32,570] {processor.py:641} INFO - Processing file /home/airflow/.local/lib/python3.7/site-packages/airflow/example_dags/example_local_kubernetes_executor.py for tasks to queue
[2022-08-14 04:38:32,573] {logging_mixin.py:115} INFO - [2022-08-14 04:38:32,573] {dagbag.py:507} INFO - Filling up the DagBag from /home/airflow/.local/lib/python3.7/site-packages/airflow/example_dags/example_local_kubernetes_executor.py
[2022-08-14 04:38:32,625] {processor.py:651} INFO - DAG(s) dict_keys(['example_local_kubernetes_executor']) retrieved from /home/airflow/.local/lib/python3.7/site-packages/airflow/example_dags/example_local_kubernetes_executor.py
[2022-08-14 04:38:32,699] {logging_mixin.py:115} INFO - [2022-08-14 04:38:32,699] {dag.py:2371} INFO - Sync 1 DAGs
[2022-08-14 04:38:32,746] {logging_mixin.py:115} INFO - [2022-08-14 04:38:32,746] {dag.py:2919} INFO - Setting next_dagrun for example_local_kubernetes_executor to None, run_after=None
[2022-08-14 04:38:32,778] {processor.py:161} INFO - Processing /home/airflow/.local/lib/python3.7/site-packages/airflow/example_dags/example_local_kubernetes_executor.py took 0.219 seconds
[2022-08-14 04:43:33,571] {processor.py:153} INFO - Started process (PID=9374) to work on /home/airflow/.local/lib/python3.7/site-packages/airflow/example_dags/example_local_kubernetes_executor.py
[2022-08-14 04:43:33,573] {processor.py:641} INFO - Processing file /home/airflow/.local/lib/python3.7/site-packages/airflow/example_dags/example_local_kubernetes_executor.py for tasks to queue
[2022-08-14 04:43:33,575] {logging_mixin.py:115} INFO - [2022-08-14 04:43:33,575] {dagbag.py:507} INFO - Filling up the DagBag from /home/airflow/.local/lib/python3.7/site-packages/airflow/example_dags/example_local_kubernetes_executor.py
[2022-08-14 04:43:33,609] {processor.py:651} INFO - DAG(s) dict_keys(['example_local_kubernetes_executor']) retrieved from /home/airflow/.local/lib/python3.7/site-packages/airflow/example_dags/example_local_kubernetes_executor.py
[2022-08-14 04:43:33,641] {logging_mixin.py:115} INFO - [2022-08-14 04:43:33,640] {dag.py:2371} INFO - Sync 1 DAGs
[2022-08-14 04:43:33,663] {logging_mixin.py:115} INFO - [2022-08-14 04:43:33,663] {dag.py:2919} INFO - Setting next_dagrun for example_local_kubernetes_executor to None, run_after=None
[2022-08-14 04:43:33,679] {processor.py:161} INFO - Processing /home/airflow/.local/lib/python3.7/site-packages/airflow/example_dags/example_local_kubernetes_executor.py took 0.119 seconds
[2022-08-14 04:44:05,264] {processor.py:153} INFO - Started process (PID=9427) to work on /home/airflow/.local/lib/python3.7/site-packages/airflow/example_dags/example_local_kubernetes_executor.py
[2022-08-14 04:44:05,267] {processor.py:641} INFO - Processing file /home/airflow/.local/lib/python3.7/site-packages/airflow/example_dags/example_local_kubernetes_executor.py for tasks to queue
[2022-08-14 04:44:05,269] {logging_mixin.py:115} INFO - [2022-08-14 04:44:05,269] {dagbag.py:507} INFO - Filling up the DagBag from /home/airflow/.local/lib/python3.7/site-packages/airflow/example_dags/example_local_kubernetes_executor.py
[2022-08-14 04:44:05,325] {processor.py:651} INFO - DAG(s) dict_keys(['example_local_kubernetes_executor']) retrieved from /home/airflow/.local/lib/python3.7/site-packages/airflow/example_dags/example_local_kubernetes_executor.py
[2022-08-14 04:44:05,394] {logging_mixin.py:115} INFO - [2022-08-14 04:44:05,394] {dag.py:2371} INFO - Sync 1 DAGs
[2022-08-14 04:44:05,442] {logging_mixin.py:115} INFO - [2022-08-14 04:44:05,442] {dag.py:2919} INFO - Setting next_dagrun for example_local_kubernetes_executor to None, run_after=None
[2022-08-14 04:44:05,473] {processor.py:161} INFO - Processing /home/airflow/.local/lib/python3.7/site-packages/airflow/example_dags/example_local_kubernetes_executor.py took 0.219 seconds
[2022-08-14 04:49:06,965] {processor.py:153} INFO - Started process (PID=9480) to work on /home/airflow/.local/lib/python3.7/site-packages/airflow/example_dags/example_local_kubernetes_executor.py
[2022-08-14 04:49:06,967] {processor.py:641} INFO - Processing file /home/airflow/.local/lib/python3.7/site-packages/airflow/example_dags/example_local_kubernetes_executor.py for tasks to queue
[2022-08-14 04:49:06,969] {logging_mixin.py:115} INFO - [2022-08-14 04:49:06,969] {dagbag.py:507} INFO - Filling up the DagBag from /home/airflow/.local/lib/python3.7/site-packages/airflow/example_dags/example_local_kubernetes_executor.py
[2022-08-14 04:49:06,997] {processor.py:651} INFO - DAG(s) dict_keys(['example_local_kubernetes_executor']) retrieved from /home/airflow/.local/lib/python3.7/site-packages/airflow/example_dags/example_local_kubernetes_executor.py
[2022-08-14 04:49:07,040] {logging_mixin.py:115} INFO - [2022-08-14 04:49:07,040] {dag.py:2371} INFO - Sync 1 DAGs
[2022-08-14 04:49:07,065] {logging_mixin.py:115} INFO - [2022-08-14 04:49:07,065] {dag.py:2919} INFO - Setting next_dagrun for example_local_kubernetes_executor to None, run_after=None
[2022-08-14 04:49:07,081] {processor.py:161} INFO - Processing /home/airflow/.local/lib/python3.7/site-packages/airflow/example_dags/example_local_kubernetes_executor.py took 0.120 seconds
[2022-08-14 04:49:38,830] {processor.py:153} INFO - Started process (PID=9532) to work on /home/airflow/.local/lib/python3.7/site-packages/airflow/example_dags/example_local_kubernetes_executor.py
[2022-08-14 04:49:38,833] {processor.py:641} INFO - Processing file /home/airflow/.local/lib/python3.7/site-packages/airflow/example_dags/example_local_kubernetes_executor.py for tasks to queue
[2022-08-14 04:49:38,836] {logging_mixin.py:115} INFO - [2022-08-14 04:49:38,836] {dagbag.py:507} INFO - Filling up the DagBag from /home/airflow/.local/lib/python3.7/site-packages/airflow/example_dags/example_local_kubernetes_executor.py
[2022-08-14 04:49:38,898] {processor.py:651} INFO - DAG(s) dict_keys(['example_local_kubernetes_executor']) retrieved from /home/airflow/.local/lib/python3.7/site-packages/airflow/example_dags/example_local_kubernetes_executor.py
[2022-08-14 04:49:38,970] {logging_mixin.py:115} INFO - [2022-08-14 04:49:38,970] {dag.py:2371} INFO - Sync 1 DAGs
[2022-08-14 04:49:39,042] {logging_mixin.py:115} INFO - [2022-08-14 04:49:39,042] {dag.py:2919} INFO - Setting next_dagrun for example_local_kubernetes_executor to None, run_after=None
[2022-08-14 04:49:39,078] {processor.py:161} INFO - Processing /home/airflow/.local/lib/python3.7/site-packages/airflow/example_dags/example_local_kubernetes_executor.py took 0.258 seconds
[2022-08-14 04:54:39,930] {processor.py:153} INFO - Started process (PID=9585) to work on /home/airflow/.local/lib/python3.7/site-packages/airflow/example_dags/example_local_kubernetes_executor.py
[2022-08-14 04:54:39,932] {processor.py:641} INFO - Processing file /home/airflow/.local/lib/python3.7/site-packages/airflow/example_dags/example_local_kubernetes_executor.py for tasks to queue
[2022-08-14 04:54:39,933] {logging_mixin.py:115} INFO - [2022-08-14 04:54:39,933] {dagbag.py:507} INFO - Filling up the DagBag from /home/airflow/.local/lib/python3.7/site-packages/airflow/example_dags/example_local_kubernetes_executor.py
[2022-08-14 04:54:39,961] {processor.py:651} INFO - DAG(s) dict_keys(['example_local_kubernetes_executor']) retrieved from /home/airflow/.local/lib/python3.7/site-packages/airflow/example_dags/example_local_kubernetes_executor.py
[2022-08-14 04:54:39,991] {logging_mixin.py:115} INFO - [2022-08-14 04:54:39,991] {dag.py:2371} INFO - Sync 1 DAGs
[2022-08-14 04:54:40,016] {logging_mixin.py:115} INFO - [2022-08-14 04:54:40,016] {dag.py:2919} INFO - Setting next_dagrun for example_local_kubernetes_executor to None, run_after=None
[2022-08-14 04:54:40,033] {processor.py:161} INFO - Processing /home/airflow/.local/lib/python3.7/site-packages/airflow/example_dags/example_local_kubernetes_executor.py took 0.108 seconds
[2022-08-14 04:55:11,859] {processor.py:153} INFO - Started process (PID=9637) to work on /home/airflow/.local/lib/python3.7/site-packages/airflow/example_dags/example_local_kubernetes_executor.py
[2022-08-14 04:55:11,863] {processor.py:641} INFO - Processing file /home/airflow/.local/lib/python3.7/site-packages/airflow/example_dags/example_local_kubernetes_executor.py for tasks to queue
[2022-08-14 04:55:11,870] {logging_mixin.py:115} INFO - [2022-08-14 04:55:11,869] {dagbag.py:507} INFO - Filling up the DagBag from /home/airflow/.local/lib/python3.7/site-packages/airflow/example_dags/example_local_kubernetes_executor.py
[2022-08-14 04:55:11,957] {processor.py:651} INFO - DAG(s) dict_keys(['example_local_kubernetes_executor']) retrieved from /home/airflow/.local/lib/python3.7/site-packages/airflow/example_dags/example_local_kubernetes_executor.py
[2022-08-14 04:55:12,070] {logging_mixin.py:115} INFO - [2022-08-14 04:55:12,070] {dag.py:2371} INFO - Sync 1 DAGs
[2022-08-14 04:55:12,123] {logging_mixin.py:115} INFO - [2022-08-14 04:55:12,123] {dag.py:2919} INFO - Setting next_dagrun for example_local_kubernetes_executor to None, run_after=None
[2022-08-14 04:55:12,162] {processor.py:161} INFO - Processing /home/airflow/.local/lib/python3.7/site-packages/airflow/example_dags/example_local_kubernetes_executor.py took 0.332 seconds
[2022-08-14 05:00:13,439] {processor.py:153} INFO - Started process (PID=9690) to work on /home/airflow/.local/lib/python3.7/site-packages/airflow/example_dags/example_local_kubernetes_executor.py
[2022-08-14 05:00:13,443] {processor.py:641} INFO - Processing file /home/airflow/.local/lib/python3.7/site-packages/airflow/example_dags/example_local_kubernetes_executor.py for tasks to queue
[2022-08-14 05:00:13,446] {logging_mixin.py:115} INFO - [2022-08-14 05:00:13,446] {dagbag.py:507} INFO - Filling up the DagBag from /home/airflow/.local/lib/python3.7/site-packages/airflow/example_dags/example_local_kubernetes_executor.py
[2022-08-14 05:00:13,492] {processor.py:651} INFO - DAG(s) dict_keys(['example_local_kubernetes_executor']) retrieved from /home/airflow/.local/lib/python3.7/site-packages/airflow/example_dags/example_local_kubernetes_executor.py
[2022-08-14 05:00:13,549] {logging_mixin.py:115} INFO - [2022-08-14 05:00:13,549] {dag.py:2371} INFO - Sync 1 DAGs
[2022-08-14 05:00:13,577] {logging_mixin.py:115} INFO - [2022-08-14 05:00:13,577] {dag.py:2919} INFO - Setting next_dagrun for example_local_kubernetes_executor to None, run_after=None
[2022-08-14 05:00:13,613] {processor.py:161} INFO - Processing /home/airflow/.local/lib/python3.7/site-packages/airflow/example_dags/example_local_kubernetes_executor.py took 0.181 seconds
[2022-08-14 05:00:44,504] {processor.py:153} INFO - Started process (PID=9744) to work on /home/airflow/.local/lib/python3.7/site-packages/airflow/example_dags/example_local_kubernetes_executor.py
[2022-08-14 05:00:44,515] {processor.py:641} INFO - Processing file /home/airflow/.local/lib/python3.7/site-packages/airflow/example_dags/example_local_kubernetes_executor.py for tasks to queue
[2022-08-14 05:00:44,521] {logging_mixin.py:115} INFO - [2022-08-14 05:00:44,521] {dagbag.py:507} INFO - Filling up the DagBag from /home/airflow/.local/lib/python3.7/site-packages/airflow/example_dags/example_local_kubernetes_executor.py
[2022-08-14 05:00:44,579] {processor.py:651} INFO - DAG(s) dict_keys(['example_local_kubernetes_executor']) retrieved from /home/airflow/.local/lib/python3.7/site-packages/airflow/example_dags/example_local_kubernetes_executor.py
[2022-08-14 05:00:44,687] {logging_mixin.py:115} INFO - [2022-08-14 05:00:44,686] {dag.py:2371} INFO - Sync 1 DAGs
[2022-08-14 05:00:44,745] {logging_mixin.py:115} INFO - [2022-08-14 05:00:44,745] {dag.py:2919} INFO - Setting next_dagrun for example_local_kubernetes_executor to None, run_after=None
[2022-08-14 05:00:44,780] {processor.py:161} INFO - Processing /home/airflow/.local/lib/python3.7/site-packages/airflow/example_dags/example_local_kubernetes_executor.py took 0.288 seconds
[2022-08-14 05:05:44,727] {processor.py:153} INFO - Started process (PID=9796) to work on /home/airflow/.local/lib/python3.7/site-packages/airflow/example_dags/example_local_kubernetes_executor.py
[2022-08-14 05:05:44,729] {processor.py:641} INFO - Processing file /home/airflow/.local/lib/python3.7/site-packages/airflow/example_dags/example_local_kubernetes_executor.py for tasks to queue
[2022-08-14 05:05:44,730] {logging_mixin.py:115} INFO - [2022-08-14 05:05:44,730] {dagbag.py:507} INFO - Filling up the DagBag from /home/airflow/.local/lib/python3.7/site-packages/airflow/example_dags/example_local_kubernetes_executor.py
[2022-08-14 05:05:44,759] {processor.py:651} INFO - DAG(s) dict_keys(['example_local_kubernetes_executor']) retrieved from /home/airflow/.local/lib/python3.7/site-packages/airflow/example_dags/example_local_kubernetes_executor.py
[2022-08-14 05:05:44,797] {logging_mixin.py:115} INFO - [2022-08-14 05:05:44,797] {dag.py:2371} INFO - Sync 1 DAGs
[2022-08-14 05:05:44,824] {logging_mixin.py:115} INFO - [2022-08-14 05:05:44,824] {dag.py:2919} INFO - Setting next_dagrun for example_local_kubernetes_executor to None, run_after=None
[2022-08-14 05:05:44,839] {processor.py:161} INFO - Processing /home/airflow/.local/lib/python3.7/site-packages/airflow/example_dags/example_local_kubernetes_executor.py took 0.116 seconds
[2022-08-14 05:06:16,591] {processor.py:153} INFO - Started process (PID=9848) to work on /home/airflow/.local/lib/python3.7/site-packages/airflow/example_dags/example_local_kubernetes_executor.py
[2022-08-14 05:06:16,594] {processor.py:641} INFO - Processing file /home/airflow/.local/lib/python3.7/site-packages/airflow/example_dags/example_local_kubernetes_executor.py for tasks to queue
[2022-08-14 05:06:16,597] {logging_mixin.py:115} INFO - [2022-08-14 05:06:16,597] {dagbag.py:507} INFO - Filling up the DagBag from /home/airflow/.local/lib/python3.7/site-packages/airflow/example_dags/example_local_kubernetes_executor.py
[2022-08-14 05:06:16,653] {processor.py:651} INFO - DAG(s) dict_keys(['example_local_kubernetes_executor']) retrieved from /home/airflow/.local/lib/python3.7/site-packages/airflow/example_dags/example_local_kubernetes_executor.py
[2022-08-14 05:06:16,738] {logging_mixin.py:115} INFO - [2022-08-14 05:06:16,738] {dag.py:2371} INFO - Sync 1 DAGs
[2022-08-14 05:06:16,799] {logging_mixin.py:115} INFO - [2022-08-14 05:06:16,799] {dag.py:2919} INFO - Setting next_dagrun for example_local_kubernetes_executor to None, run_after=None
[2022-08-14 05:06:16,834] {processor.py:161} INFO - Processing /home/airflow/.local/lib/python3.7/site-packages/airflow/example_dags/example_local_kubernetes_executor.py took 0.254 seconds
[2022-08-14 05:15:35,052] {processor.py:153} INFO - Started process (PID=9900) to work on /home/airflow/.local/lib/python3.7/site-packages/airflow/example_dags/example_local_kubernetes_executor.py
[2022-08-14 05:15:35,053] {processor.py:641} INFO - Processing file /home/airflow/.local/lib/python3.7/site-packages/airflow/example_dags/example_local_kubernetes_executor.py for tasks to queue
[2022-08-14 05:15:35,054] {logging_mixin.py:115} INFO - [2022-08-14 05:15:35,054] {dagbag.py:507} INFO - Filling up the DagBag from /home/airflow/.local/lib/python3.7/site-packages/airflow/example_dags/example_local_kubernetes_executor.py
[2022-08-14 05:15:35,079] {processor.py:651} INFO - DAG(s) dict_keys(['example_local_kubernetes_executor']) retrieved from /home/airflow/.local/lib/python3.7/site-packages/airflow/example_dags/example_local_kubernetes_executor.py
[2022-08-14 05:15:35,115] {logging_mixin.py:115} INFO - [2022-08-14 05:15:35,115] {dag.py:2371} INFO - Sync 1 DAGs
[2022-08-14 05:15:35,139] {logging_mixin.py:115} INFO - [2022-08-14 05:15:35,139] {dag.py:2919} INFO - Setting next_dagrun for example_local_kubernetes_executor to None, run_after=None
[2022-08-14 05:15:35,155] {processor.py:161} INFO - Processing /home/airflow/.local/lib/python3.7/site-packages/airflow/example_dags/example_local_kubernetes_executor.py took 0.109 seconds
[2022-08-14 05:16:06,659] {processor.py:153} INFO - Started process (PID=9953) to work on /home/airflow/.local/lib/python3.7/site-packages/airflow/example_dags/example_local_kubernetes_executor.py
[2022-08-14 05:16:06,662] {processor.py:641} INFO - Processing file /home/airflow/.local/lib/python3.7/site-packages/airflow/example_dags/example_local_kubernetes_executor.py for tasks to queue
[2022-08-14 05:16:06,665] {logging_mixin.py:115} INFO - [2022-08-14 05:16:06,665] {dagbag.py:507} INFO - Filling up the DagBag from /home/airflow/.local/lib/python3.7/site-packages/airflow/example_dags/example_local_kubernetes_executor.py
[2022-08-14 05:16:06,712] {processor.py:651} INFO - DAG(s) dict_keys(['example_local_kubernetes_executor']) retrieved from /home/airflow/.local/lib/python3.7/site-packages/airflow/example_dags/example_local_kubernetes_executor.py
[2022-08-14 05:16:06,779] {logging_mixin.py:115} INFO - [2022-08-14 05:16:06,779] {dag.py:2371} INFO - Sync 1 DAGs
[2022-08-14 05:16:06,825] {logging_mixin.py:115} INFO - [2022-08-14 05:16:06,825] {dag.py:2919} INFO - Setting next_dagrun for example_local_kubernetes_executor to None, run_after=None
[2022-08-14 05:16:06,848] {processor.py:161} INFO - Processing /home/airflow/.local/lib/python3.7/site-packages/airflow/example_dags/example_local_kubernetes_executor.py took 0.200 seconds
[2022-08-14 05:21:11,218] {processor.py:153} INFO - Started process (PID=10005) to work on /home/airflow/.local/lib/python3.7/site-packages/airflow/example_dags/example_local_kubernetes_executor.py
[2022-08-14 05:21:11,219] {processor.py:641} INFO - Processing file /home/airflow/.local/lib/python3.7/site-packages/airflow/example_dags/example_local_kubernetes_executor.py for tasks to queue
[2022-08-14 05:21:11,221] {logging_mixin.py:115} INFO - [2022-08-14 05:21:11,220] {dagbag.py:507} INFO - Filling up the DagBag from /home/airflow/.local/lib/python3.7/site-packages/airflow/example_dags/example_local_kubernetes_executor.py
[2022-08-14 05:21:11,247] {processor.py:651} INFO - DAG(s) dict_keys(['example_local_kubernetes_executor']) retrieved from /home/airflow/.local/lib/python3.7/site-packages/airflow/example_dags/example_local_kubernetes_executor.py
[2022-08-14 05:21:11,281] {logging_mixin.py:115} INFO - [2022-08-14 05:21:11,281] {dag.py:2371} INFO - Sync 1 DAGs
[2022-08-14 05:21:11,304] {logging_mixin.py:115} INFO - [2022-08-14 05:21:11,304] {dag.py:2919} INFO - Setting next_dagrun for example_local_kubernetes_executor to None, run_after=None
[2022-08-14 05:21:11,316] {processor.py:161} INFO - Processing /home/airflow/.local/lib/python3.7/site-packages/airflow/example_dags/example_local_kubernetes_executor.py took 0.102 seconds
[2022-08-14 05:21:43,774] {processor.py:153} INFO - Started process (PID=10058) to work on /home/airflow/.local/lib/python3.7/site-packages/airflow/example_dags/example_local_kubernetes_executor.py
[2022-08-14 05:21:43,777] {processor.py:641} INFO - Processing file /home/airflow/.local/lib/python3.7/site-packages/airflow/example_dags/example_local_kubernetes_executor.py for tasks to queue
[2022-08-14 05:21:43,780] {logging_mixin.py:115} INFO - [2022-08-14 05:21:43,780] {dagbag.py:507} INFO - Filling up the DagBag from /home/airflow/.local/lib/python3.7/site-packages/airflow/example_dags/example_local_kubernetes_executor.py
[2022-08-14 05:21:43,835] {processor.py:651} INFO - DAG(s) dict_keys(['example_local_kubernetes_executor']) retrieved from /home/airflow/.local/lib/python3.7/site-packages/airflow/example_dags/example_local_kubernetes_executor.py
[2022-08-14 05:21:43,910] {logging_mixin.py:115} INFO - [2022-08-14 05:21:43,909] {dag.py:2371} INFO - Sync 1 DAGs
[2022-08-14 05:21:43,968] {logging_mixin.py:115} INFO - [2022-08-14 05:21:43,967] {dag.py:2919} INFO - Setting next_dagrun for example_local_kubernetes_executor to None, run_after=None
[2022-08-14 05:21:44,023] {processor.py:161} INFO - Processing /home/airflow/.local/lib/python3.7/site-packages/airflow/example_dags/example_local_kubernetes_executor.py took 0.260 seconds
[2022-08-14 05:24:12,748] {processor.py:153} INFO - Started process (PID=10110) to work on /home/airflow/.local/lib/python3.7/site-packages/airflow/example_dags/example_local_kubernetes_executor.py
[2022-08-14 05:24:12,749] {processor.py:641} INFO - Processing file /home/airflow/.local/lib/python3.7/site-packages/airflow/example_dags/example_local_kubernetes_executor.py for tasks to queue
[2022-08-14 05:24:12,750] {logging_mixin.py:115} INFO - [2022-08-14 05:24:12,750] {dagbag.py:507} INFO - Filling up the DagBag from /home/airflow/.local/lib/python3.7/site-packages/airflow/example_dags/example_local_kubernetes_executor.py
[2022-08-14 05:24:12,780] {processor.py:651} INFO - DAG(s) dict_keys(['example_local_kubernetes_executor']) retrieved from /home/airflow/.local/lib/python3.7/site-packages/airflow/example_dags/example_local_kubernetes_executor.py
[2022-08-14 05:24:12,815] {logging_mixin.py:115} INFO - [2022-08-14 05:24:12,815] {dag.py:2371} INFO - Sync 1 DAGs
[2022-08-14 05:24:12,840] {logging_mixin.py:115} INFO - [2022-08-14 05:24:12,840] {dag.py:2919} INFO - Setting next_dagrun for example_local_kubernetes_executor to None, run_after=None
[2022-08-14 05:24:12,853] {processor.py:161} INFO - Processing /home/airflow/.local/lib/python3.7/site-packages/airflow/example_dags/example_local_kubernetes_executor.py took 0.111 seconds
[2022-08-14 05:29:28,230] {processor.py:153} INFO - Started process (PID=10162) to work on /home/airflow/.local/lib/python3.7/site-packages/airflow/example_dags/example_local_kubernetes_executor.py
[2022-08-14 05:29:28,232] {processor.py:641} INFO - Processing file /home/airflow/.local/lib/python3.7/site-packages/airflow/example_dags/example_local_kubernetes_executor.py for tasks to queue
[2022-08-14 05:29:28,234] {logging_mixin.py:115} INFO - [2022-08-14 05:29:28,234] {dagbag.py:507} INFO - Filling up the DagBag from /home/airflow/.local/lib/python3.7/site-packages/airflow/example_dags/example_local_kubernetes_executor.py
[2022-08-14 05:29:28,315] {processor.py:651} INFO - DAG(s) dict_keys(['example_local_kubernetes_executor']) retrieved from /home/airflow/.local/lib/python3.7/site-packages/airflow/example_dags/example_local_kubernetes_executor.py
[2022-08-14 05:29:28,388] {logging_mixin.py:115} INFO - [2022-08-14 05:29:28,388] {dag.py:2371} INFO - Sync 1 DAGs
[2022-08-14 05:29:28,442] {logging_mixin.py:115} INFO - [2022-08-14 05:29:28,442] {dag.py:2919} INFO - Setting next_dagrun for example_local_kubernetes_executor to None, run_after=None
[2022-08-14 05:29:28,479] {processor.py:161} INFO - Processing /home/airflow/.local/lib/python3.7/site-packages/airflow/example_dags/example_local_kubernetes_executor.py took 0.252 seconds
[2022-08-14 06:46:23,996] {processor.py:153} INFO - Started process (PID=10215) to work on /home/airflow/.local/lib/python3.7/site-packages/airflow/example_dags/example_local_kubernetes_executor.py
[2022-08-14 06:46:23,999] {processor.py:641} INFO - Processing file /home/airflow/.local/lib/python3.7/site-packages/airflow/example_dags/example_local_kubernetes_executor.py for tasks to queue
[2022-08-14 06:46:24,000] {logging_mixin.py:115} INFO - [2022-08-14 06:46:24,000] {dagbag.py:507} INFO - Filling up the DagBag from /home/airflow/.local/lib/python3.7/site-packages/airflow/example_dags/example_local_kubernetes_executor.py
[2022-08-14 06:46:24,032] {processor.py:651} INFO - DAG(s) dict_keys(['example_local_kubernetes_executor']) retrieved from /home/airflow/.local/lib/python3.7/site-packages/airflow/example_dags/example_local_kubernetes_executor.py
[2022-08-14 06:46:24,078] {logging_mixin.py:115} INFO - [2022-08-14 06:46:24,078] {dag.py:2371} INFO - Sync 1 DAGs
[2022-08-14 06:46:24,107] {logging_mixin.py:115} INFO - [2022-08-14 06:46:24,107] {dag.py:2919} INFO - Setting next_dagrun for example_local_kubernetes_executor to None, run_after=None
[2022-08-14 06:46:24,129] {processor.py:161} INFO - Processing /home/airflow/.local/lib/python3.7/site-packages/airflow/example_dags/example_local_kubernetes_executor.py took 0.138 seconds
[2022-08-14 08:00:39,457] {processor.py:153} INFO - Started process (PID=10266) to work on /home/airflow/.local/lib/python3.7/site-packages/airflow/example_dags/example_local_kubernetes_executor.py
[2022-08-14 08:00:39,458] {processor.py:641} INFO - Processing file /home/airflow/.local/lib/python3.7/site-packages/airflow/example_dags/example_local_kubernetes_executor.py for tasks to queue
[2022-08-14 08:00:39,460] {logging_mixin.py:115} INFO - [2022-08-14 08:00:39,460] {dagbag.py:507} INFO - Filling up the DagBag from /home/airflow/.local/lib/python3.7/site-packages/airflow/example_dags/example_local_kubernetes_executor.py
[2022-08-14 08:00:39,483] {processor.py:651} INFO - DAG(s) dict_keys(['example_local_kubernetes_executor']) retrieved from /home/airflow/.local/lib/python3.7/site-packages/airflow/example_dags/example_local_kubernetes_executor.py
[2022-08-14 08:00:39,512] {logging_mixin.py:115} INFO - [2022-08-14 08:00:39,512] {dag.py:2371} INFO - Sync 1 DAGs
[2022-08-14 08:00:39,546] {logging_mixin.py:115} INFO - [2022-08-14 08:00:39,546] {dag.py:2919} INFO - Setting next_dagrun for example_local_kubernetes_executor to None, run_after=None
[2022-08-14 08:00:39,571] {processor.py:161} INFO - Processing /home/airflow/.local/lib/python3.7/site-packages/airflow/example_dags/example_local_kubernetes_executor.py took 0.118 seconds
[2022-08-14 08:01:10,393] {processor.py:153} INFO - Started process (PID=10327) to work on /home/airflow/.local/lib/python3.7/site-packages/airflow/example_dags/example_local_kubernetes_executor.py
[2022-08-14 08:01:10,394] {processor.py:641} INFO - Processing file /home/airflow/.local/lib/python3.7/site-packages/airflow/example_dags/example_local_kubernetes_executor.py for tasks to queue
[2022-08-14 08:01:10,395] {logging_mixin.py:115} INFO - [2022-08-14 08:01:10,395] {dagbag.py:507} INFO - Filling up the DagBag from /home/airflow/.local/lib/python3.7/site-packages/airflow/example_dags/example_local_kubernetes_executor.py
[2022-08-14 08:01:10,416] {processor.py:651} INFO - DAG(s) dict_keys(['example_local_kubernetes_executor']) retrieved from /home/airflow/.local/lib/python3.7/site-packages/airflow/example_dags/example_local_kubernetes_executor.py
[2022-08-14 08:01:10,444] {logging_mixin.py:115} INFO - [2022-08-14 08:01:10,443] {dag.py:2371} INFO - Sync 1 DAGs
[2022-08-14 08:01:10,464] {logging_mixin.py:115} INFO - [2022-08-14 08:01:10,464] {dag.py:2919} INFO - Setting next_dagrun for example_local_kubernetes_executor to None, run_after=None
[2022-08-14 08:01:10,478] {processor.py:161} INFO - Processing /home/airflow/.local/lib/python3.7/site-packages/airflow/example_dags/example_local_kubernetes_executor.py took 0.089 seconds
[2022-08-14 08:06:25,025] {processor.py:153} INFO - Started process (PID=10386) to work on /home/airflow/.local/lib/python3.7/site-packages/airflow/example_dags/example_local_kubernetes_executor.py
[2022-08-14 08:06:25,027] {processor.py:641} INFO - Processing file /home/airflow/.local/lib/python3.7/site-packages/airflow/example_dags/example_local_kubernetes_executor.py for tasks to queue
[2022-08-14 08:06:25,028] {logging_mixin.py:115} INFO - [2022-08-14 08:06:25,028] {dagbag.py:507} INFO - Filling up the DagBag from /home/airflow/.local/lib/python3.7/site-packages/airflow/example_dags/example_local_kubernetes_executor.py
[2022-08-14 08:06:25,096] {processor.py:651} INFO - DAG(s) dict_keys(['example_local_kubernetes_executor']) retrieved from /home/airflow/.local/lib/python3.7/site-packages/airflow/example_dags/example_local_kubernetes_executor.py
[2022-08-14 08:06:25,184] {logging_mixin.py:115} INFO - [2022-08-14 08:06:25,184] {dag.py:2371} INFO - Sync 1 DAGs
[2022-08-14 08:06:25,239] {logging_mixin.py:115} INFO - [2022-08-14 08:06:25,239] {dag.py:2919} INFO - Setting next_dagrun for example_local_kubernetes_executor to None, run_after=None
[2022-08-14 08:06:25,265] {processor.py:161} INFO - Processing /home/airflow/.local/lib/python3.7/site-packages/airflow/example_dags/example_local_kubernetes_executor.py took 0.257 seconds
[2022-08-14 08:37:48,798] {processor.py:153} INFO - Started process (PID=10441) to work on /home/airflow/.local/lib/python3.7/site-packages/airflow/example_dags/example_local_kubernetes_executor.py
[2022-08-14 08:37:48,800] {processor.py:641} INFO - Processing file /home/airflow/.local/lib/python3.7/site-packages/airflow/example_dags/example_local_kubernetes_executor.py for tasks to queue
[2022-08-14 08:37:48,804] {logging_mixin.py:115} INFO - [2022-08-14 08:37:48,804] {dagbag.py:507} INFO - Filling up the DagBag from /home/airflow/.local/lib/python3.7/site-packages/airflow/example_dags/example_local_kubernetes_executor.py
[2022-08-14 08:37:48,839] {processor.py:651} INFO - DAG(s) dict_keys(['example_local_kubernetes_executor']) retrieved from /home/airflow/.local/lib/python3.7/site-packages/airflow/example_dags/example_local_kubernetes_executor.py
[2022-08-14 08:37:48,882] {logging_mixin.py:115} INFO - [2022-08-14 08:37:48,882] {dag.py:2371} INFO - Sync 1 DAGs
[2022-08-14 08:37:48,917] {logging_mixin.py:115} INFO - [2022-08-14 08:37:48,917] {dag.py:2919} INFO - Setting next_dagrun for example_local_kubernetes_executor to None, run_after=None
[2022-08-14 08:37:48,948] {processor.py:161} INFO - Processing /home/airflow/.local/lib/python3.7/site-packages/airflow/example_dags/example_local_kubernetes_executor.py took 0.155 seconds
[2022-08-14 08:38:19,411] {processor.py:153} INFO - Started process (PID=10493) to work on /home/airflow/.local/lib/python3.7/site-packages/airflow/example_dags/example_local_kubernetes_executor.py
[2022-08-14 08:38:19,412] {processor.py:641} INFO - Processing file /home/airflow/.local/lib/python3.7/site-packages/airflow/example_dags/example_local_kubernetes_executor.py for tasks to queue
[2022-08-14 08:38:19,413] {logging_mixin.py:115} INFO - [2022-08-14 08:38:19,413] {dagbag.py:507} INFO - Filling up the DagBag from /home/airflow/.local/lib/python3.7/site-packages/airflow/example_dags/example_local_kubernetes_executor.py
[2022-08-14 08:38:19,441] {processor.py:651} INFO - DAG(s) dict_keys(['example_local_kubernetes_executor']) retrieved from /home/airflow/.local/lib/python3.7/site-packages/airflow/example_dags/example_local_kubernetes_executor.py
[2022-08-14 08:38:19,472] {logging_mixin.py:115} INFO - [2022-08-14 08:38:19,472] {dag.py:2371} INFO - Sync 1 DAGs
[2022-08-14 08:38:19,494] {logging_mixin.py:115} INFO - [2022-08-14 08:38:19,494] {dag.py:2919} INFO - Setting next_dagrun for example_local_kubernetes_executor to None, run_after=None
[2022-08-14 08:38:19,509] {processor.py:161} INFO - Processing /home/airflow/.local/lib/python3.7/site-packages/airflow/example_dags/example_local_kubernetes_executor.py took 0.104 seconds
[2022-08-14 10:38:17,269] {processor.py:153} INFO - Started process (PID=10546) to work on /home/airflow/.local/lib/python3.7/site-packages/airflow/example_dags/example_local_kubernetes_executor.py
[2022-08-14 10:38:17,272] {processor.py:641} INFO - Processing file /home/airflow/.local/lib/python3.7/site-packages/airflow/example_dags/example_local_kubernetes_executor.py for tasks to queue
[2022-08-14 10:38:17,274] {logging_mixin.py:115} INFO - [2022-08-14 10:38:17,273] {dagbag.py:507} INFO - Filling up the DagBag from /home/airflow/.local/lib/python3.7/site-packages/airflow/example_dags/example_local_kubernetes_executor.py
[2022-08-14 10:38:17,306] {processor.py:651} INFO - DAG(s) dict_keys(['example_local_kubernetes_executor']) retrieved from /home/airflow/.local/lib/python3.7/site-packages/airflow/example_dags/example_local_kubernetes_executor.py
[2022-08-14 10:38:17,344] {logging_mixin.py:115} INFO - [2022-08-14 10:38:17,344] {dag.py:2371} INFO - Sync 1 DAGs
[2022-08-14 10:38:17,420] {logging_mixin.py:115} INFO - [2022-08-14 10:38:17,420] {dag.py:2919} INFO - Setting next_dagrun for example_local_kubernetes_executor to None, run_after=None
[2022-08-14 10:38:17,443] {processor.py:161} INFO - Processing /home/airflow/.local/lib/python3.7/site-packages/airflow/example_dags/example_local_kubernetes_executor.py took 0.178 seconds
[2022-08-14 12:39:15,448] {processor.py:153} INFO - Started process (PID=10607) to work on /home/airflow/.local/lib/python3.7/site-packages/airflow/example_dags/example_local_kubernetes_executor.py
[2022-08-14 12:39:15,449] {processor.py:641} INFO - Processing file /home/airflow/.local/lib/python3.7/site-packages/airflow/example_dags/example_local_kubernetes_executor.py for tasks to queue
[2022-08-14 12:39:15,452] {logging_mixin.py:115} INFO - [2022-08-14 12:39:15,452] {dagbag.py:507} INFO - Filling up the DagBag from /home/airflow/.local/lib/python3.7/site-packages/airflow/example_dags/example_local_kubernetes_executor.py
[2022-08-14 12:39:15,485] {processor.py:651} INFO - DAG(s) dict_keys(['example_local_kubernetes_executor']) retrieved from /home/airflow/.local/lib/python3.7/site-packages/airflow/example_dags/example_local_kubernetes_executor.py
[2022-08-14 12:39:15,516] {logging_mixin.py:115} INFO - [2022-08-14 12:39:15,516] {dag.py:2371} INFO - Sync 1 DAGs
[2022-08-14 12:39:15,545] {logging_mixin.py:115} INFO - [2022-08-14 12:39:15,545] {dag.py:2919} INFO - Setting next_dagrun for example_local_kubernetes_executor to None, run_after=None
[2022-08-14 12:39:15,564] {processor.py:161} INFO - Processing /home/airflow/.local/lib/python3.7/site-packages/airflow/example_dags/example_local_kubernetes_executor.py took 0.120 seconds
[2022-08-14 12:58:01,999] {processor.py:153} INFO - Started process (PID=10660) to work on /home/airflow/.local/lib/python3.7/site-packages/airflow/example_dags/example_local_kubernetes_executor.py
[2022-08-14 12:58:02,001] {processor.py:641} INFO - Processing file /home/airflow/.local/lib/python3.7/site-packages/airflow/example_dags/example_local_kubernetes_executor.py for tasks to queue
[2022-08-14 12:58:02,003] {logging_mixin.py:115} INFO - [2022-08-14 12:58:02,003] {dagbag.py:507} INFO - Filling up the DagBag from /home/airflow/.local/lib/python3.7/site-packages/airflow/example_dags/example_local_kubernetes_executor.py
[2022-08-14 12:58:02,059] {processor.py:651} INFO - DAG(s) dict_keys(['example_local_kubernetes_executor']) retrieved from /home/airflow/.local/lib/python3.7/site-packages/airflow/example_dags/example_local_kubernetes_executor.py
[2022-08-14 12:58:02,103] {logging_mixin.py:115} INFO - [2022-08-14 12:58:02,103] {dag.py:2371} INFO - Sync 1 DAGs
[2022-08-14 12:58:02,127] {logging_mixin.py:115} INFO - [2022-08-14 12:58:02,127] {dag.py:2919} INFO - Setting next_dagrun for example_local_kubernetes_executor to None, run_after=None
[2022-08-14 12:58:02,141] {processor.py:161} INFO - Processing /home/airflow/.local/lib/python3.7/site-packages/airflow/example_dags/example_local_kubernetes_executor.py took 0.147 seconds
[2022-08-14 12:59:23,301] {processor.py:153} INFO - Started process (PID=10721) to work on /home/airflow/.local/lib/python3.7/site-packages/airflow/example_dags/example_local_kubernetes_executor.py
[2022-08-14 12:59:23,303] {processor.py:641} INFO - Processing file /home/airflow/.local/lib/python3.7/site-packages/airflow/example_dags/example_local_kubernetes_executor.py for tasks to queue
[2022-08-14 12:59:23,304] {logging_mixin.py:115} INFO - [2022-08-14 12:59:23,304] {dagbag.py:507} INFO - Filling up the DagBag from /home/airflow/.local/lib/python3.7/site-packages/airflow/example_dags/example_local_kubernetes_executor.py
[2022-08-14 12:59:23,328] {processor.py:651} INFO - DAG(s) dict_keys(['example_local_kubernetes_executor']) retrieved from /home/airflow/.local/lib/python3.7/site-packages/airflow/example_dags/example_local_kubernetes_executor.py
[2022-08-14 12:59:23,359] {logging_mixin.py:115} INFO - [2022-08-14 12:59:23,359] {dag.py:2371} INFO - Sync 1 DAGs
[2022-08-14 12:59:23,381] {logging_mixin.py:115} INFO - [2022-08-14 12:59:23,381] {dag.py:2919} INFO - Setting next_dagrun for example_local_kubernetes_executor to None, run_after=None
[2022-08-14 12:59:23,394] {processor.py:161} INFO - Processing /home/airflow/.local/lib/python3.7/site-packages/airflow/example_dags/example_local_kubernetes_executor.py took 0.098 seconds
[2022-08-14 12:59:53,574] {processor.py:153} INFO - Started process (PID=10773) to work on /home/airflow/.local/lib/python3.7/site-packages/airflow/example_dags/example_local_kubernetes_executor.py
[2022-08-14 12:59:53,575] {processor.py:641} INFO - Processing file /home/airflow/.local/lib/python3.7/site-packages/airflow/example_dags/example_local_kubernetes_executor.py for tasks to queue
[2022-08-14 12:59:53,576] {logging_mixin.py:115} INFO - [2022-08-14 12:59:53,576] {dagbag.py:507} INFO - Filling up the DagBag from /home/airflow/.local/lib/python3.7/site-packages/airflow/example_dags/example_local_kubernetes_executor.py
[2022-08-14 12:59:53,596] {processor.py:651} INFO - DAG(s) dict_keys(['example_local_kubernetes_executor']) retrieved from /home/airflow/.local/lib/python3.7/site-packages/airflow/example_dags/example_local_kubernetes_executor.py
[2022-08-14 12:59:53,623] {logging_mixin.py:115} INFO - [2022-08-14 12:59:53,623] {dag.py:2371} INFO - Sync 1 DAGs
[2022-08-14 12:59:53,644] {logging_mixin.py:115} INFO - [2022-08-14 12:59:53,644] {dag.py:2919} INFO - Setting next_dagrun for example_local_kubernetes_executor to None, run_after=None
[2022-08-14 12:59:53,655] {processor.py:161} INFO - Processing /home/airflow/.local/lib/python3.7/site-packages/airflow/example_dags/example_local_kubernetes_executor.py took 0.085 seconds
[2022-08-14 13:15:51,059] {processor.py:153} INFO - Started process (PID=10835) to work on /home/airflow/.local/lib/python3.7/site-packages/airflow/example_dags/example_local_kubernetes_executor.py
[2022-08-14 13:15:51,060] {processor.py:641} INFO - Processing file /home/airflow/.local/lib/python3.7/site-packages/airflow/example_dags/example_local_kubernetes_executor.py for tasks to queue
[2022-08-14 13:15:51,062] {logging_mixin.py:115} INFO - [2022-08-14 13:15:51,061] {dagbag.py:507} INFO - Filling up the DagBag from /home/airflow/.local/lib/python3.7/site-packages/airflow/example_dags/example_local_kubernetes_executor.py
[2022-08-14 13:15:51,116] {processor.py:651} INFO - DAG(s) dict_keys(['example_local_kubernetes_executor']) retrieved from /home/airflow/.local/lib/python3.7/site-packages/airflow/example_dags/example_local_kubernetes_executor.py
[2022-08-14 13:15:51,173] {logging_mixin.py:115} INFO - [2022-08-14 13:15:51,173] {dag.py:2371} INFO - Sync 1 DAGs
[2022-08-14 13:15:51,213] {logging_mixin.py:115} INFO - [2022-08-14 13:15:51,212] {dag.py:2919} INFO - Setting next_dagrun for example_local_kubernetes_executor to None, run_after=None
[2022-08-14 13:15:51,239] {processor.py:161} INFO - Processing /home/airflow/.local/lib/python3.7/site-packages/airflow/example_dags/example_local_kubernetes_executor.py took 0.185 seconds
[2022-08-14 13:16:46,120] {processor.py:153} INFO - Started process (PID=10887) to work on /home/airflow/.local/lib/python3.7/site-packages/airflow/example_dags/example_local_kubernetes_executor.py
[2022-08-14 13:16:46,123] {processor.py:641} INFO - Processing file /home/airflow/.local/lib/python3.7/site-packages/airflow/example_dags/example_local_kubernetes_executor.py for tasks to queue
[2022-08-14 13:16:46,129] {logging_mixin.py:115} INFO - [2022-08-14 13:16:46,128] {dagbag.py:507} INFO - Filling up the DagBag from /home/airflow/.local/lib/python3.7/site-packages/airflow/example_dags/example_local_kubernetes_executor.py
[2022-08-14 13:16:46,183] {processor.py:651} INFO - DAG(s) dict_keys(['example_local_kubernetes_executor']) retrieved from /home/airflow/.local/lib/python3.7/site-packages/airflow/example_dags/example_local_kubernetes_executor.py
[2022-08-14 13:16:46,222] {logging_mixin.py:115} INFO - [2022-08-14 13:16:46,222] {dag.py:2371} INFO - Sync 1 DAGs
[2022-08-14 13:16:46,254] {logging_mixin.py:115} INFO - [2022-08-14 13:16:46,253] {dag.py:2919} INFO - Setting next_dagrun for example_local_kubernetes_executor to None, run_after=None
[2022-08-14 13:16:46,269] {processor.py:161} INFO - Processing /home/airflow/.local/lib/python3.7/site-packages/airflow/example_dags/example_local_kubernetes_executor.py took 0.156 seconds
[2022-08-14 16:37:23,437] {processor.py:153} INFO - Started process (PID=10940) to work on /home/airflow/.local/lib/python3.7/site-packages/airflow/example_dags/example_local_kubernetes_executor.py
[2022-08-14 16:37:23,439] {processor.py:641} INFO - Processing file /home/airflow/.local/lib/python3.7/site-packages/airflow/example_dags/example_local_kubernetes_executor.py for tasks to queue
[2022-08-14 16:37:23,440] {logging_mixin.py:115} INFO - [2022-08-14 16:37:23,440] {dagbag.py:507} INFO - Filling up the DagBag from /home/airflow/.local/lib/python3.7/site-packages/airflow/example_dags/example_local_kubernetes_executor.py
[2022-08-14 16:37:23,463] {processor.py:651} INFO - DAG(s) dict_keys(['example_local_kubernetes_executor']) retrieved from /home/airflow/.local/lib/python3.7/site-packages/airflow/example_dags/example_local_kubernetes_executor.py
[2022-08-14 16:37:23,503] {logging_mixin.py:115} INFO - [2022-08-14 16:37:23,503] {dag.py:2371} INFO - Sync 1 DAGs
[2022-08-14 16:37:23,544] {logging_mixin.py:115} INFO - [2022-08-14 16:37:23,544] {dag.py:2919} INFO - Setting next_dagrun for example_local_kubernetes_executor to None, run_after=None
[2022-08-14 16:37:23,571] {processor.py:161} INFO - Processing /home/airflow/.local/lib/python3.7/site-packages/airflow/example_dags/example_local_kubernetes_executor.py took 0.143 seconds
