[2022-08-14 02:33:49,007] {processor.py:153} INFO - Started process (PID=8453) to work on /home/airflow/.local/lib/python3.7/site-packages/airflow/example_dags/example_branch_python_dop_operator_3.py
[2022-08-14 02:33:49,009] {processor.py:641} INFO - Processing file /home/airflow/.local/lib/python3.7/site-packages/airflow/example_dags/example_branch_python_dop_operator_3.py for tasks to queue
[2022-08-14 02:33:49,012] {logging_mixin.py:115} INFO - [2022-08-14 02:33:49,011] {dagbag.py:507} INFO - Filling up the DagBag from /home/airflow/.local/lib/python3.7/site-packages/airflow/example_dags/example_branch_python_dop_operator_3.py
[2022-08-14 02:33:49,036] {processor.py:651} INFO - DAG(s) dict_keys(['example_branch_dop_operator_v3']) retrieved from /home/airflow/.local/lib/python3.7/site-packages/airflow/example_dags/example_branch_python_dop_operator_3.py
[2022-08-14 02:33:49,079] {logging_mixin.py:115} INFO - [2022-08-14 02:33:49,079] {dag.py:2371} INFO - Sync 1 DAGs
[2022-08-14 02:33:49,134] {logging_mixin.py:115} INFO - [2022-08-14 02:33:49,133] {dag.py:2919} INFO - Setting next_dagrun for example_branch_dop_operator_v3 to 2022-08-14T02:32:00+00:00, run_after=2022-08-14T02:33:00+00:00
[2022-08-14 02:33:49,157] {processor.py:161} INFO - Processing /home/airflow/.local/lib/python3.7/site-packages/airflow/example_dags/example_branch_python_dop_operator_3.py took 0.154 seconds
[2022-08-14 03:53:58,085] {processor.py:153} INFO - Started process (PID=8505) to work on /home/airflow/.local/lib/python3.7/site-packages/airflow/example_dags/example_branch_python_dop_operator_3.py
[2022-08-14 03:53:58,106] {processor.py:641} INFO - Processing file /home/airflow/.local/lib/python3.7/site-packages/airflow/example_dags/example_branch_python_dop_operator_3.py for tasks to queue
[2022-08-14 03:53:58,125] {logging_mixin.py:115} INFO - [2022-08-14 03:53:58,124] {dagbag.py:507} INFO - Filling up the DagBag from /home/airflow/.local/lib/python3.7/site-packages/airflow/example_dags/example_branch_python_dop_operator_3.py
[2022-08-14 03:53:58,522] {processor.py:651} INFO - DAG(s) dict_keys(['example_branch_dop_operator_v3']) retrieved from /home/airflow/.local/lib/python3.7/site-packages/airflow/example_dags/example_branch_python_dop_operator_3.py
[2022-08-14 03:53:59,443] {logging_mixin.py:115} INFO - [2022-08-14 03:53:59,441] {dag.py:2371} INFO - Sync 1 DAGs
[2022-08-14 03:54:00,211] {logging_mixin.py:115} INFO - [2022-08-14 03:54:00,211] {dag.py:2919} INFO - Setting next_dagrun for example_branch_dop_operator_v3 to 2022-08-14T03:53:00+00:00, run_after=2022-08-14T03:54:00+00:00
[2022-08-14 03:54:00,466] {processor.py:161} INFO - Processing /home/airflow/.local/lib/python3.7/site-packages/airflow/example_dags/example_branch_python_dop_operator_3.py took 2.516 seconds
[2022-08-14 03:59:07,667] {processor.py:153} INFO - Started process (PID=8554) to work on /home/airflow/.local/lib/python3.7/site-packages/airflow/example_dags/example_branch_python_dop_operator_3.py
[2022-08-14 03:59:07,669] {processor.py:641} INFO - Processing file /home/airflow/.local/lib/python3.7/site-packages/airflow/example_dags/example_branch_python_dop_operator_3.py for tasks to queue
[2022-08-14 03:59:07,671] {logging_mixin.py:115} INFO - [2022-08-14 03:59:07,670] {dagbag.py:507} INFO - Filling up the DagBag from /home/airflow/.local/lib/python3.7/site-packages/airflow/example_dags/example_branch_python_dop_operator_3.py
[2022-08-14 03:59:07,700] {processor.py:651} INFO - DAG(s) dict_keys(['example_branch_dop_operator_v3']) retrieved from /home/airflow/.local/lib/python3.7/site-packages/airflow/example_dags/example_branch_python_dop_operator_3.py
[2022-08-14 03:59:07,751] {logging_mixin.py:115} INFO - [2022-08-14 03:59:07,751] {dag.py:2371} INFO - Sync 1 DAGs
[2022-08-14 03:59:07,817] {logging_mixin.py:115} INFO - [2022-08-14 03:59:07,817] {dag.py:2919} INFO - Setting next_dagrun for example_branch_dop_operator_v3 to 2022-08-14T03:58:00+00:00, run_after=2022-08-14T03:59:00+00:00
[2022-08-14 03:59:07,843] {processor.py:161} INFO - Processing /home/airflow/.local/lib/python3.7/site-packages/airflow/example_dags/example_branch_python_dop_operator_3.py took 0.182 seconds
[2022-08-14 03:59:40,076] {processor.py:153} INFO - Started process (PID=8606) to work on /home/airflow/.local/lib/python3.7/site-packages/airflow/example_dags/example_branch_python_dop_operator_3.py
[2022-08-14 03:59:40,081] {processor.py:641} INFO - Processing file /home/airflow/.local/lib/python3.7/site-packages/airflow/example_dags/example_branch_python_dop_operator_3.py for tasks to queue
[2022-08-14 03:59:40,090] {logging_mixin.py:115} INFO - [2022-08-14 03:59:40,089] {dagbag.py:507} INFO - Filling up the DagBag from /home/airflow/.local/lib/python3.7/site-packages/airflow/example_dags/example_branch_python_dop_operator_3.py
[2022-08-14 03:59:40,166] {processor.py:651} INFO - DAG(s) dict_keys(['example_branch_dop_operator_v3']) retrieved from /home/airflow/.local/lib/python3.7/site-packages/airflow/example_dags/example_branch_python_dop_operator_3.py
[2022-08-14 03:59:40,256] {logging_mixin.py:115} INFO - [2022-08-14 03:59:40,256] {dag.py:2371} INFO - Sync 1 DAGs
[2022-08-14 03:59:40,368] {logging_mixin.py:115} INFO - [2022-08-14 03:59:40,368] {dag.py:2919} INFO - Setting next_dagrun for example_branch_dop_operator_v3 to 2022-08-14T03:58:00+00:00, run_after=2022-08-14T03:59:00+00:00
[2022-08-14 03:59:40,401] {processor.py:161} INFO - Processing /home/airflow/.local/lib/python3.7/site-packages/airflow/example_dags/example_branch_python_dop_operator_3.py took 0.341 seconds
[2022-08-14 04:04:37,808] {processor.py:153} INFO - Started process (PID=8649) to work on /home/airflow/.local/lib/python3.7/site-packages/airflow/example_dags/example_branch_python_dop_operator_3.py
[2022-08-14 04:04:37,810] {processor.py:641} INFO - Processing file /home/airflow/.local/lib/python3.7/site-packages/airflow/example_dags/example_branch_python_dop_operator_3.py for tasks to queue
[2022-08-14 04:04:37,811] {logging_mixin.py:115} INFO - [2022-08-14 04:04:37,811] {dagbag.py:507} INFO - Filling up the DagBag from /home/airflow/.local/lib/python3.7/site-packages/airflow/example_dags/example_branch_python_dop_operator_3.py
[2022-08-14 04:04:37,823] {processor.py:651} INFO - DAG(s) dict_keys(['example_branch_dop_operator_v3']) retrieved from /home/airflow/.local/lib/python3.7/site-packages/airflow/example_dags/example_branch_python_dop_operator_3.py
[2022-08-14 04:04:37,855] {logging_mixin.py:115} INFO - [2022-08-14 04:04:37,855] {dag.py:2371} INFO - Sync 1 DAGs
[2022-08-14 04:04:37,886] {logging_mixin.py:115} INFO - [2022-08-14 04:04:37,886] {dag.py:2919} INFO - Setting next_dagrun for example_branch_dop_operator_v3 to 2022-08-14T04:03:00+00:00, run_after=2022-08-14T04:04:00+00:00
[2022-08-14 04:04:37,899] {processor.py:161} INFO - Processing /home/airflow/.local/lib/python3.7/site-packages/airflow/example_dags/example_branch_python_dop_operator_3.py took 0.095 seconds
[2022-08-14 04:05:10,084] {processor.py:153} INFO - Started process (PID=8701) to work on /home/airflow/.local/lib/python3.7/site-packages/airflow/example_dags/example_branch_python_dop_operator_3.py
[2022-08-14 04:05:10,087] {processor.py:641} INFO - Processing file /home/airflow/.local/lib/python3.7/site-packages/airflow/example_dags/example_branch_python_dop_operator_3.py for tasks to queue
[2022-08-14 04:05:10,092] {logging_mixin.py:115} INFO - [2022-08-14 04:05:10,092] {dagbag.py:507} INFO - Filling up the DagBag from /home/airflow/.local/lib/python3.7/site-packages/airflow/example_dags/example_branch_python_dop_operator_3.py
[2022-08-14 04:05:10,126] {processor.py:651} INFO - DAG(s) dict_keys(['example_branch_dop_operator_v3']) retrieved from /home/airflow/.local/lib/python3.7/site-packages/airflow/example_dags/example_branch_python_dop_operator_3.py
[2022-08-14 04:05:10,191] {logging_mixin.py:115} INFO - [2022-08-14 04:05:10,191] {dag.py:2371} INFO - Sync 1 DAGs
[2022-08-14 04:05:10,256] {logging_mixin.py:115} INFO - [2022-08-14 04:05:10,255] {dag.py:2919} INFO - Setting next_dagrun for example_branch_dop_operator_v3 to 2022-08-14T04:04:00+00:00, run_after=2022-08-14T04:05:00+00:00
[2022-08-14 04:05:10,287] {processor.py:161} INFO - Processing /home/airflow/.local/lib/python3.7/site-packages/airflow/example_dags/example_branch_python_dop_operator_3.py took 0.214 seconds
[2022-08-14 04:10:12,139] {processor.py:153} INFO - Started process (PID=8752) to work on /home/airflow/.local/lib/python3.7/site-packages/airflow/example_dags/example_branch_python_dop_operator_3.py
[2022-08-14 04:10:12,141] {processor.py:641} INFO - Processing file /home/airflow/.local/lib/python3.7/site-packages/airflow/example_dags/example_branch_python_dop_operator_3.py for tasks to queue
[2022-08-14 04:10:12,142] {logging_mixin.py:115} INFO - [2022-08-14 04:10:12,142] {dagbag.py:507} INFO - Filling up the DagBag from /home/airflow/.local/lib/python3.7/site-packages/airflow/example_dags/example_branch_python_dop_operator_3.py
[2022-08-14 04:10:12,154] {processor.py:651} INFO - DAG(s) dict_keys(['example_branch_dop_operator_v3']) retrieved from /home/airflow/.local/lib/python3.7/site-packages/airflow/example_dags/example_branch_python_dop_operator_3.py
[2022-08-14 04:10:12,184] {logging_mixin.py:115} INFO - [2022-08-14 04:10:12,184] {dag.py:2371} INFO - Sync 1 DAGs
[2022-08-14 04:10:12,212] {logging_mixin.py:115} INFO - [2022-08-14 04:10:12,212] {dag.py:2919} INFO - Setting next_dagrun for example_branch_dop_operator_v3 to 2022-08-14T04:09:00+00:00, run_after=2022-08-14T04:10:00+00:00
[2022-08-14 04:10:12,227] {processor.py:161} INFO - Processing /home/airflow/.local/lib/python3.7/site-packages/airflow/example_dags/example_branch_python_dop_operator_3.py took 0.092 seconds
[2022-08-14 04:10:43,831] {processor.py:153} INFO - Started process (PID=8804) to work on /home/airflow/.local/lib/python3.7/site-packages/airflow/example_dags/example_branch_python_dop_operator_3.py
[2022-08-14 04:10:43,833] {processor.py:641} INFO - Processing file /home/airflow/.local/lib/python3.7/site-packages/airflow/example_dags/example_branch_python_dop_operator_3.py for tasks to queue
[2022-08-14 04:10:43,837] {logging_mixin.py:115} INFO - [2022-08-14 04:10:43,836] {dagbag.py:507} INFO - Filling up the DagBag from /home/airflow/.local/lib/python3.7/site-packages/airflow/example_dags/example_branch_python_dop_operator_3.py
[2022-08-14 04:10:43,873] {processor.py:651} INFO - DAG(s) dict_keys(['example_branch_dop_operator_v3']) retrieved from /home/airflow/.local/lib/python3.7/site-packages/airflow/example_dags/example_branch_python_dop_operator_3.py
[2022-08-14 04:10:43,947] {logging_mixin.py:115} INFO - [2022-08-14 04:10:43,947] {dag.py:2371} INFO - Sync 1 DAGs
[2022-08-14 04:10:44,013] {logging_mixin.py:115} INFO - [2022-08-14 04:10:44,013] {dag.py:2919} INFO - Setting next_dagrun for example_branch_dop_operator_v3 to 2022-08-14T04:09:00+00:00, run_after=2022-08-14T04:10:00+00:00
[2022-08-14 04:10:44,041] {processor.py:161} INFO - Processing /home/airflow/.local/lib/python3.7/site-packages/airflow/example_dags/example_branch_python_dop_operator_3.py took 0.224 seconds
[2022-08-14 04:15:55,787] {processor.py:153} INFO - Started process (PID=8858) to work on /home/airflow/.local/lib/python3.7/site-packages/airflow/example_dags/example_branch_python_dop_operator_3.py
[2022-08-14 04:15:55,795] {processor.py:641} INFO - Processing file /home/airflow/.local/lib/python3.7/site-packages/airflow/example_dags/example_branch_python_dop_operator_3.py for tasks to queue
[2022-08-14 04:15:55,818] {logging_mixin.py:115} INFO - [2022-08-14 04:15:55,803] {dagbag.py:507} INFO - Filling up the DagBag from /home/airflow/.local/lib/python3.7/site-packages/airflow/example_dags/example_branch_python_dop_operator_3.py
[2022-08-14 04:15:55,967] {processor.py:651} INFO - DAG(s) dict_keys(['example_branch_dop_operator_v3']) retrieved from /home/airflow/.local/lib/python3.7/site-packages/airflow/example_dags/example_branch_python_dop_operator_3.py
[2022-08-14 04:15:56,192] {logging_mixin.py:115} INFO - [2022-08-14 04:15:56,192] {dag.py:2371} INFO - Sync 1 DAGs
[2022-08-14 04:15:56,531] {logging_mixin.py:115} INFO - [2022-08-14 04:15:56,528] {dag.py:2919} INFO - Setting next_dagrun for example_branch_dop_operator_v3 to 2022-08-14T04:14:00+00:00, run_after=2022-08-14T04:15:00+00:00
[2022-08-14 04:15:56,623] {processor.py:161} INFO - Processing /home/airflow/.local/lib/python3.7/site-packages/airflow/example_dags/example_branch_python_dop_operator_3.py took 0.880 seconds
[2022-08-14 04:16:27,328] {processor.py:153} INFO - Started process (PID=8910) to work on /home/airflow/.local/lib/python3.7/site-packages/airflow/example_dags/example_branch_python_dop_operator_3.py
[2022-08-14 04:16:27,332] {processor.py:641} INFO - Processing file /home/airflow/.local/lib/python3.7/site-packages/airflow/example_dags/example_branch_python_dop_operator_3.py for tasks to queue
[2022-08-14 04:16:27,336] {logging_mixin.py:115} INFO - [2022-08-14 04:16:27,336] {dagbag.py:507} INFO - Filling up the DagBag from /home/airflow/.local/lib/python3.7/site-packages/airflow/example_dags/example_branch_python_dop_operator_3.py
[2022-08-14 04:16:27,373] {processor.py:651} INFO - DAG(s) dict_keys(['example_branch_dop_operator_v3']) retrieved from /home/airflow/.local/lib/python3.7/site-packages/airflow/example_dags/example_branch_python_dop_operator_3.py
[2022-08-14 04:16:27,485] {logging_mixin.py:115} INFO - [2022-08-14 04:16:27,485] {dag.py:2371} INFO - Sync 1 DAGs
[2022-08-14 04:16:27,580] {logging_mixin.py:115} INFO - [2022-08-14 04:16:27,579] {dag.py:2919} INFO - Setting next_dagrun for example_branch_dop_operator_v3 to 2022-08-14T04:15:00+00:00, run_after=2022-08-14T04:16:00+00:00
[2022-08-14 04:16:27,626] {processor.py:161} INFO - Processing /home/airflow/.local/lib/python3.7/site-packages/airflow/example_dags/example_branch_python_dop_operator_3.py took 0.309 seconds
[2022-08-14 04:21:20,793] {processor.py:153} INFO - Started process (PID=8953) to work on /home/airflow/.local/lib/python3.7/site-packages/airflow/example_dags/example_branch_python_dop_operator_3.py
[2022-08-14 04:21:20,794] {processor.py:641} INFO - Processing file /home/airflow/.local/lib/python3.7/site-packages/airflow/example_dags/example_branch_python_dop_operator_3.py for tasks to queue
[2022-08-14 04:21:20,795] {logging_mixin.py:115} INFO - [2022-08-14 04:21:20,795] {dagbag.py:507} INFO - Filling up the DagBag from /home/airflow/.local/lib/python3.7/site-packages/airflow/example_dags/example_branch_python_dop_operator_3.py
[2022-08-14 04:21:20,810] {processor.py:651} INFO - DAG(s) dict_keys(['example_branch_dop_operator_v3']) retrieved from /home/airflow/.local/lib/python3.7/site-packages/airflow/example_dags/example_branch_python_dop_operator_3.py
[2022-08-14 04:21:20,838] {logging_mixin.py:115} INFO - [2022-08-14 04:21:20,838] {dag.py:2371} INFO - Sync 1 DAGs
[2022-08-14 04:21:20,867] {logging_mixin.py:115} INFO - [2022-08-14 04:21:20,867] {dag.py:2919} INFO - Setting next_dagrun for example_branch_dop_operator_v3 to 2022-08-14T04:20:00+00:00, run_after=2022-08-14T04:21:00+00:00
[2022-08-14 04:21:20,880] {processor.py:161} INFO - Processing /home/airflow/.local/lib/python3.7/site-packages/airflow/example_dags/example_branch_python_dop_operator_3.py took 0.091 seconds
[2022-08-14 04:21:52,654] {processor.py:153} INFO - Started process (PID=9005) to work on /home/airflow/.local/lib/python3.7/site-packages/airflow/example_dags/example_branch_python_dop_operator_3.py
[2022-08-14 04:21:52,657] {processor.py:641} INFO - Processing file /home/airflow/.local/lib/python3.7/site-packages/airflow/example_dags/example_branch_python_dop_operator_3.py for tasks to queue
[2022-08-14 04:21:52,660] {logging_mixin.py:115} INFO - [2022-08-14 04:21:52,659] {dagbag.py:507} INFO - Filling up the DagBag from /home/airflow/.local/lib/python3.7/site-packages/airflow/example_dags/example_branch_python_dop_operator_3.py
[2022-08-14 04:21:52,693] {processor.py:651} INFO - DAG(s) dict_keys(['example_branch_dop_operator_v3']) retrieved from /home/airflow/.local/lib/python3.7/site-packages/airflow/example_dags/example_branch_python_dop_operator_3.py
[2022-08-14 04:21:52,757] {logging_mixin.py:115} INFO - [2022-08-14 04:21:52,757] {dag.py:2371} INFO - Sync 1 DAGs
[2022-08-14 04:21:52,819] {logging_mixin.py:115} INFO - [2022-08-14 04:21:52,819] {dag.py:2919} INFO - Setting next_dagrun for example_branch_dop_operator_v3 to 2022-08-14T04:20:00+00:00, run_after=2022-08-14T04:21:00+00:00
[2022-08-14 04:21:52,849] {processor.py:161} INFO - Processing /home/airflow/.local/lib/python3.7/site-packages/airflow/example_dags/example_branch_python_dop_operator_3.py took 0.203 seconds
[2022-08-14 04:26:53,957] {processor.py:153} INFO - Started process (PID=9058) to work on /home/airflow/.local/lib/python3.7/site-packages/airflow/example_dags/example_branch_python_dop_operator_3.py
[2022-08-14 04:26:53,958] {processor.py:641} INFO - Processing file /home/airflow/.local/lib/python3.7/site-packages/airflow/example_dags/example_branch_python_dop_operator_3.py for tasks to queue
[2022-08-14 04:26:53,959] {logging_mixin.py:115} INFO - [2022-08-14 04:26:53,959] {dagbag.py:507} INFO - Filling up the DagBag from /home/airflow/.local/lib/python3.7/site-packages/airflow/example_dags/example_branch_python_dop_operator_3.py
[2022-08-14 04:26:53,972] {processor.py:651} INFO - DAG(s) dict_keys(['example_branch_dop_operator_v3']) retrieved from /home/airflow/.local/lib/python3.7/site-packages/airflow/example_dags/example_branch_python_dop_operator_3.py
[2022-08-14 04:26:54,006] {logging_mixin.py:115} INFO - [2022-08-14 04:26:54,006] {dag.py:2371} INFO - Sync 1 DAGs
[2022-08-14 04:26:54,037] {logging_mixin.py:115} INFO - [2022-08-14 04:26:54,036] {dag.py:2919} INFO - Setting next_dagrun for example_branch_dop_operator_v3 to 2022-08-14T04:25:00+00:00, run_after=2022-08-14T04:26:00+00:00
[2022-08-14 04:26:54,050] {processor.py:161} INFO - Processing /home/airflow/.local/lib/python3.7/site-packages/airflow/example_dags/example_branch_python_dop_operator_3.py took 0.098 seconds
[2022-08-14 04:27:25,273] {processor.py:153} INFO - Started process (PID=9110) to work on /home/airflow/.local/lib/python3.7/site-packages/airflow/example_dags/example_branch_python_dop_operator_3.py
[2022-08-14 04:27:25,276] {processor.py:641} INFO - Processing file /home/airflow/.local/lib/python3.7/site-packages/airflow/example_dags/example_branch_python_dop_operator_3.py for tasks to queue
[2022-08-14 04:27:25,280] {logging_mixin.py:115} INFO - [2022-08-14 04:27:25,279] {dagbag.py:507} INFO - Filling up the DagBag from /home/airflow/.local/lib/python3.7/site-packages/airflow/example_dags/example_branch_python_dop_operator_3.py
[2022-08-14 04:27:25,313] {processor.py:651} INFO - DAG(s) dict_keys(['example_branch_dop_operator_v3']) retrieved from /home/airflow/.local/lib/python3.7/site-packages/airflow/example_dags/example_branch_python_dop_operator_3.py
[2022-08-14 04:27:25,384] {logging_mixin.py:115} INFO - [2022-08-14 04:27:25,384] {dag.py:2371} INFO - Sync 1 DAGs
[2022-08-14 04:27:25,462] {logging_mixin.py:115} INFO - [2022-08-14 04:27:25,462] {dag.py:2919} INFO - Setting next_dagrun for example_branch_dop_operator_v3 to 2022-08-14T04:26:00+00:00, run_after=2022-08-14T04:27:00+00:00
[2022-08-14 04:27:25,495] {processor.py:161} INFO - Processing /home/airflow/.local/lib/python3.7/site-packages/airflow/example_dags/example_branch_python_dop_operator_3.py took 0.233 seconds
[2022-08-14 04:32:26,793] {processor.py:153} INFO - Started process (PID=9162) to work on /home/airflow/.local/lib/python3.7/site-packages/airflow/example_dags/example_branch_python_dop_operator_3.py
[2022-08-14 04:32:26,796] {processor.py:641} INFO - Processing file /home/airflow/.local/lib/python3.7/site-packages/airflow/example_dags/example_branch_python_dop_operator_3.py for tasks to queue
[2022-08-14 04:32:26,798] {logging_mixin.py:115} INFO - [2022-08-14 04:32:26,798] {dagbag.py:507} INFO - Filling up the DagBag from /home/airflow/.local/lib/python3.7/site-packages/airflow/example_dags/example_branch_python_dop_operator_3.py
[2022-08-14 04:32:26,815] {processor.py:651} INFO - DAG(s) dict_keys(['example_branch_dop_operator_v3']) retrieved from /home/airflow/.local/lib/python3.7/site-packages/airflow/example_dags/example_branch_python_dop_operator_3.py
[2022-08-14 04:32:26,852] {logging_mixin.py:115} INFO - [2022-08-14 04:32:26,852] {dag.py:2371} INFO - Sync 1 DAGs
[2022-08-14 04:32:26,900] {logging_mixin.py:115} INFO - [2022-08-14 04:32:26,900] {dag.py:2919} INFO - Setting next_dagrun for example_branch_dop_operator_v3 to 2022-08-14T04:31:00+00:00, run_after=2022-08-14T04:32:00+00:00
[2022-08-14 04:32:26,919] {processor.py:161} INFO - Processing /home/airflow/.local/lib/python3.7/site-packages/airflow/example_dags/example_branch_python_dop_operator_3.py took 0.131 seconds
[2022-08-14 04:32:58,093] {processor.py:153} INFO - Started process (PID=9214) to work on /home/airflow/.local/lib/python3.7/site-packages/airflow/example_dags/example_branch_python_dop_operator_3.py
[2022-08-14 04:32:58,096] {processor.py:641} INFO - Processing file /home/airflow/.local/lib/python3.7/site-packages/airflow/example_dags/example_branch_python_dop_operator_3.py for tasks to queue
[2022-08-14 04:32:58,098] {logging_mixin.py:115} INFO - [2022-08-14 04:32:58,098] {dagbag.py:507} INFO - Filling up the DagBag from /home/airflow/.local/lib/python3.7/site-packages/airflow/example_dags/example_branch_python_dop_operator_3.py
[2022-08-14 04:32:58,128] {processor.py:651} INFO - DAG(s) dict_keys(['example_branch_dop_operator_v3']) retrieved from /home/airflow/.local/lib/python3.7/site-packages/airflow/example_dags/example_branch_python_dop_operator_3.py
[2022-08-14 04:32:58,197] {logging_mixin.py:115} INFO - [2022-08-14 04:32:58,197] {dag.py:2371} INFO - Sync 1 DAGs
[2022-08-14 04:32:58,259] {logging_mixin.py:115} INFO - [2022-08-14 04:32:58,259] {dag.py:2919} INFO - Setting next_dagrun for example_branch_dop_operator_v3 to 2022-08-14T04:31:00+00:00, run_after=2022-08-14T04:32:00+00:00
[2022-08-14 04:32:58,286] {processor.py:161} INFO - Processing /home/airflow/.local/lib/python3.7/site-packages/airflow/example_dags/example_branch_python_dop_operator_3.py took 0.203 seconds
[2022-08-14 04:38:00,353] {processor.py:153} INFO - Started process (PID=9266) to work on /home/airflow/.local/lib/python3.7/site-packages/airflow/example_dags/example_branch_python_dop_operator_3.py
[2022-08-14 04:38:00,354] {processor.py:641} INFO - Processing file /home/airflow/.local/lib/python3.7/site-packages/airflow/example_dags/example_branch_python_dop_operator_3.py for tasks to queue
[2022-08-14 04:38:00,356] {logging_mixin.py:115} INFO - [2022-08-14 04:38:00,355] {dagbag.py:507} INFO - Filling up the DagBag from /home/airflow/.local/lib/python3.7/site-packages/airflow/example_dags/example_branch_python_dop_operator_3.py
[2022-08-14 04:38:00,377] {processor.py:651} INFO - DAG(s) dict_keys(['example_branch_dop_operator_v3']) retrieved from /home/airflow/.local/lib/python3.7/site-packages/airflow/example_dags/example_branch_python_dop_operator_3.py
[2022-08-14 04:38:00,407] {logging_mixin.py:115} INFO - [2022-08-14 04:38:00,407] {dag.py:2371} INFO - Sync 1 DAGs
[2022-08-14 04:38:00,437] {logging_mixin.py:115} INFO - [2022-08-14 04:38:00,437] {dag.py:2919} INFO - Setting next_dagrun for example_branch_dop_operator_v3 to 2022-08-14T04:37:00+00:00, run_after=2022-08-14T04:38:00+00:00
[2022-08-14 04:38:00,454] {processor.py:161} INFO - Processing /home/airflow/.local/lib/python3.7/site-packages/airflow/example_dags/example_branch_python_dop_operator_3.py took 0.107 seconds
[2022-08-14 04:38:32,072] {processor.py:153} INFO - Started process (PID=9318) to work on /home/airflow/.local/lib/python3.7/site-packages/airflow/example_dags/example_branch_python_dop_operator_3.py
[2022-08-14 04:38:32,076] {processor.py:641} INFO - Processing file /home/airflow/.local/lib/python3.7/site-packages/airflow/example_dags/example_branch_python_dop_operator_3.py for tasks to queue
[2022-08-14 04:38:32,079] {logging_mixin.py:115} INFO - [2022-08-14 04:38:32,078] {dagbag.py:507} INFO - Filling up the DagBag from /home/airflow/.local/lib/python3.7/site-packages/airflow/example_dags/example_branch_python_dop_operator_3.py
[2022-08-14 04:38:32,109] {processor.py:651} INFO - DAG(s) dict_keys(['example_branch_dop_operator_v3']) retrieved from /home/airflow/.local/lib/python3.7/site-packages/airflow/example_dags/example_branch_python_dop_operator_3.py
[2022-08-14 04:38:32,179] {logging_mixin.py:115} INFO - [2022-08-14 04:38:32,179] {dag.py:2371} INFO - Sync 1 DAGs
[2022-08-14 04:38:32,245] {logging_mixin.py:115} INFO - [2022-08-14 04:38:32,245] {dag.py:2919} INFO - Setting next_dagrun for example_branch_dop_operator_v3 to 2022-08-14T04:37:00+00:00, run_after=2022-08-14T04:38:00+00:00
[2022-08-14 04:38:32,273] {processor.py:161} INFO - Processing /home/airflow/.local/lib/python3.7/site-packages/airflow/example_dags/example_branch_python_dop_operator_3.py took 0.215 seconds
[2022-08-14 04:43:33,294] {processor.py:153} INFO - Started process (PID=9370) to work on /home/airflow/.local/lib/python3.7/site-packages/airflow/example_dags/example_branch_python_dop_operator_3.py
[2022-08-14 04:43:33,295] {processor.py:641} INFO - Processing file /home/airflow/.local/lib/python3.7/site-packages/airflow/example_dags/example_branch_python_dop_operator_3.py for tasks to queue
[2022-08-14 04:43:33,297] {logging_mixin.py:115} INFO - [2022-08-14 04:43:33,297] {dagbag.py:507} INFO - Filling up the DagBag from /home/airflow/.local/lib/python3.7/site-packages/airflow/example_dags/example_branch_python_dop_operator_3.py
[2022-08-14 04:43:33,310] {processor.py:651} INFO - DAG(s) dict_keys(['example_branch_dop_operator_v3']) retrieved from /home/airflow/.local/lib/python3.7/site-packages/airflow/example_dags/example_branch_python_dop_operator_3.py
[2022-08-14 04:43:33,340] {logging_mixin.py:115} INFO - [2022-08-14 04:43:33,340] {dag.py:2371} INFO - Sync 1 DAGs
[2022-08-14 04:43:33,366] {logging_mixin.py:115} INFO - [2022-08-14 04:43:33,366] {dag.py:2919} INFO - Setting next_dagrun for example_branch_dop_operator_v3 to 2022-08-14T04:42:00+00:00, run_after=2022-08-14T04:43:00+00:00
[2022-08-14 04:43:33,381] {processor.py:161} INFO - Processing /home/airflow/.local/lib/python3.7/site-packages/airflow/example_dags/example_branch_python_dop_operator_3.py took 0.090 seconds
[2022-08-14 04:44:04,694] {processor.py:153} INFO - Started process (PID=9423) to work on /home/airflow/.local/lib/python3.7/site-packages/airflow/example_dags/example_branch_python_dop_operator_3.py
[2022-08-14 04:44:04,697] {processor.py:641} INFO - Processing file /home/airflow/.local/lib/python3.7/site-packages/airflow/example_dags/example_branch_python_dop_operator_3.py for tasks to queue
[2022-08-14 04:44:04,701] {logging_mixin.py:115} INFO - [2022-08-14 04:44:04,700] {dagbag.py:507} INFO - Filling up the DagBag from /home/airflow/.local/lib/python3.7/site-packages/airflow/example_dags/example_branch_python_dop_operator_3.py
[2022-08-14 04:44:04,771] {processor.py:651} INFO - DAG(s) dict_keys(['example_branch_dop_operator_v3']) retrieved from /home/airflow/.local/lib/python3.7/site-packages/airflow/example_dags/example_branch_python_dop_operator_3.py
[2022-08-14 04:44:04,869] {logging_mixin.py:115} INFO - [2022-08-14 04:44:04,869] {dag.py:2371} INFO - Sync 1 DAGs
[2022-08-14 04:44:04,932] {logging_mixin.py:115} INFO - [2022-08-14 04:44:04,932] {dag.py:2919} INFO - Setting next_dagrun for example_branch_dop_operator_v3 to 2022-08-14T04:43:00+00:00, run_after=2022-08-14T04:44:00+00:00
[2022-08-14 04:44:04,965] {processor.py:161} INFO - Processing /home/airflow/.local/lib/python3.7/site-packages/airflow/example_dags/example_branch_python_dop_operator_3.py took 0.287 seconds
[2022-08-14 04:49:06,600] {processor.py:153} INFO - Started process (PID=9476) to work on /home/airflow/.local/lib/python3.7/site-packages/airflow/example_dags/example_branch_python_dop_operator_3.py
[2022-08-14 04:49:06,602] {processor.py:641} INFO - Processing file /home/airflow/.local/lib/python3.7/site-packages/airflow/example_dags/example_branch_python_dop_operator_3.py for tasks to queue
[2022-08-14 04:49:06,603] {logging_mixin.py:115} INFO - [2022-08-14 04:49:06,603] {dagbag.py:507} INFO - Filling up the DagBag from /home/airflow/.local/lib/python3.7/site-packages/airflow/example_dags/example_branch_python_dop_operator_3.py
[2022-08-14 04:49:06,644] {processor.py:651} INFO - DAG(s) dict_keys(['example_branch_dop_operator_v3']) retrieved from /home/airflow/.local/lib/python3.7/site-packages/airflow/example_dags/example_branch_python_dop_operator_3.py
[2022-08-14 04:49:06,692] {logging_mixin.py:115} INFO - [2022-08-14 04:49:06,692] {dag.py:2371} INFO - Sync 1 DAGs
[2022-08-14 04:49:06,740] {logging_mixin.py:115} INFO - [2022-08-14 04:49:06,739] {dag.py:2919} INFO - Setting next_dagrun for example_branch_dop_operator_v3 to 2022-08-14T04:48:00+00:00, run_after=2022-08-14T04:49:00+00:00
[2022-08-14 04:49:06,763] {processor.py:161} INFO - Processing /home/airflow/.local/lib/python3.7/site-packages/airflow/example_dags/example_branch_python_dop_operator_3.py took 0.167 seconds
[2022-08-14 04:49:38,234] {processor.py:153} INFO - Started process (PID=9528) to work on /home/airflow/.local/lib/python3.7/site-packages/airflow/example_dags/example_branch_python_dop_operator_3.py
[2022-08-14 04:49:38,237] {processor.py:641} INFO - Processing file /home/airflow/.local/lib/python3.7/site-packages/airflow/example_dags/example_branch_python_dop_operator_3.py for tasks to queue
[2022-08-14 04:49:38,240] {logging_mixin.py:115} INFO - [2022-08-14 04:49:38,240] {dagbag.py:507} INFO - Filling up the DagBag from /home/airflow/.local/lib/python3.7/site-packages/airflow/example_dags/example_branch_python_dop_operator_3.py
[2022-08-14 04:49:38,281] {processor.py:651} INFO - DAG(s) dict_keys(['example_branch_dop_operator_v3']) retrieved from /home/airflow/.local/lib/python3.7/site-packages/airflow/example_dags/example_branch_python_dop_operator_3.py
[2022-08-14 04:49:38,350] {logging_mixin.py:115} INFO - [2022-08-14 04:49:38,350] {dag.py:2371} INFO - Sync 1 DAGs
[2022-08-14 04:49:38,423] {logging_mixin.py:115} INFO - [2022-08-14 04:49:38,422] {dag.py:2919} INFO - Setting next_dagrun for example_branch_dop_operator_v3 to 2022-08-14T04:48:00+00:00, run_after=2022-08-14T04:49:00+00:00
[2022-08-14 04:49:38,456] {processor.py:161} INFO - Processing /home/airflow/.local/lib/python3.7/site-packages/airflow/example_dags/example_branch_python_dop_operator_3.py took 0.232 seconds
[2022-08-14 04:54:39,666] {processor.py:153} INFO - Started process (PID=9581) to work on /home/airflow/.local/lib/python3.7/site-packages/airflow/example_dags/example_branch_python_dop_operator_3.py
[2022-08-14 04:54:39,668] {processor.py:641} INFO - Processing file /home/airflow/.local/lib/python3.7/site-packages/airflow/example_dags/example_branch_python_dop_operator_3.py for tasks to queue
[2022-08-14 04:54:39,669] {logging_mixin.py:115} INFO - [2022-08-14 04:54:39,669] {dagbag.py:507} INFO - Filling up the DagBag from /home/airflow/.local/lib/python3.7/site-packages/airflow/example_dags/example_branch_python_dop_operator_3.py
[2022-08-14 04:54:39,684] {processor.py:651} INFO - DAG(s) dict_keys(['example_branch_dop_operator_v3']) retrieved from /home/airflow/.local/lib/python3.7/site-packages/airflow/example_dags/example_branch_python_dop_operator_3.py
[2022-08-14 04:54:39,713] {logging_mixin.py:115} INFO - [2022-08-14 04:54:39,712] {dag.py:2371} INFO - Sync 1 DAGs
[2022-08-14 04:54:39,747] {logging_mixin.py:115} INFO - [2022-08-14 04:54:39,747] {dag.py:2919} INFO - Setting next_dagrun for example_branch_dop_operator_v3 to 2022-08-14T04:53:00+00:00, run_after=2022-08-14T04:54:00+00:00
[2022-08-14 04:54:39,762] {processor.py:161} INFO - Processing /home/airflow/.local/lib/python3.7/site-packages/airflow/example_dags/example_branch_python_dop_operator_3.py took 0.100 seconds
[2022-08-14 04:55:11,154] {processor.py:153} INFO - Started process (PID=9633) to work on /home/airflow/.local/lib/python3.7/site-packages/airflow/example_dags/example_branch_python_dop_operator_3.py
[2022-08-14 04:55:11,158] {processor.py:641} INFO - Processing file /home/airflow/.local/lib/python3.7/site-packages/airflow/example_dags/example_branch_python_dop_operator_3.py for tasks to queue
[2022-08-14 04:55:11,162] {logging_mixin.py:115} INFO - [2022-08-14 04:55:11,162] {dagbag.py:507} INFO - Filling up the DagBag from /home/airflow/.local/lib/python3.7/site-packages/airflow/example_dags/example_branch_python_dop_operator_3.py
[2022-08-14 04:55:11,202] {processor.py:651} INFO - DAG(s) dict_keys(['example_branch_dop_operator_v3']) retrieved from /home/airflow/.local/lib/python3.7/site-packages/airflow/example_dags/example_branch_python_dop_operator_3.py
[2022-08-14 04:55:11,290] {logging_mixin.py:115} INFO - [2022-08-14 04:55:11,290] {dag.py:2371} INFO - Sync 1 DAGs
[2022-08-14 04:55:11,396] {logging_mixin.py:115} INFO - [2022-08-14 04:55:11,395] {dag.py:2919} INFO - Setting next_dagrun for example_branch_dop_operator_v3 to 2022-08-14T04:54:00+00:00, run_after=2022-08-14T04:55:00+00:00
[2022-08-14 04:55:11,448] {processor.py:161} INFO - Processing /home/airflow/.local/lib/python3.7/site-packages/airflow/example_dags/example_branch_python_dop_operator_3.py took 0.307 seconds
[2022-08-14 05:00:12,952] {processor.py:153} INFO - Started process (PID=9686) to work on /home/airflow/.local/lib/python3.7/site-packages/airflow/example_dags/example_branch_python_dop_operator_3.py
[2022-08-14 05:00:12,954] {processor.py:641} INFO - Processing file /home/airflow/.local/lib/python3.7/site-packages/airflow/example_dags/example_branch_python_dop_operator_3.py for tasks to queue
[2022-08-14 05:00:12,955] {logging_mixin.py:115} INFO - [2022-08-14 05:00:12,955] {dagbag.py:507} INFO - Filling up the DagBag from /home/airflow/.local/lib/python3.7/site-packages/airflow/example_dags/example_branch_python_dop_operator_3.py
[2022-08-14 05:00:12,979] {processor.py:651} INFO - DAG(s) dict_keys(['example_branch_dop_operator_v3']) retrieved from /home/airflow/.local/lib/python3.7/site-packages/airflow/example_dags/example_branch_python_dop_operator_3.py
[2022-08-14 05:00:13,056] {logging_mixin.py:115} INFO - [2022-08-14 05:00:13,056] {dag.py:2371} INFO - Sync 1 DAGs
[2022-08-14 05:00:13,112] {logging_mixin.py:115} INFO - [2022-08-14 05:00:13,112] {dag.py:2919} INFO - Setting next_dagrun for example_branch_dop_operator_v3 to 2022-08-14T04:59:00+00:00, run_after=2022-08-14T05:00:00+00:00
[2022-08-14 05:00:13,136] {processor.py:161} INFO - Processing /home/airflow/.local/lib/python3.7/site-packages/airflow/example_dags/example_branch_python_dop_operator_3.py took 0.193 seconds
[2022-08-14 05:00:43,926] {processor.py:153} INFO - Started process (PID=9740) to work on /home/airflow/.local/lib/python3.7/site-packages/airflow/example_dags/example_branch_python_dop_operator_3.py
[2022-08-14 05:00:43,929] {processor.py:641} INFO - Processing file /home/airflow/.local/lib/python3.7/site-packages/airflow/example_dags/example_branch_python_dop_operator_3.py for tasks to queue
[2022-08-14 05:00:43,932] {logging_mixin.py:115} INFO - [2022-08-14 05:00:43,932] {dagbag.py:507} INFO - Filling up the DagBag from /home/airflow/.local/lib/python3.7/site-packages/airflow/example_dags/example_branch_python_dop_operator_3.py
[2022-08-14 05:00:43,966] {processor.py:651} INFO - DAG(s) dict_keys(['example_branch_dop_operator_v3']) retrieved from /home/airflow/.local/lib/python3.7/site-packages/airflow/example_dags/example_branch_python_dop_operator_3.py
[2022-08-14 05:00:44,053] {logging_mixin.py:115} INFO - [2022-08-14 05:00:44,052] {dag.py:2371} INFO - Sync 1 DAGs
[2022-08-14 05:00:44,125] {logging_mixin.py:115} INFO - [2022-08-14 05:00:44,124] {dag.py:2919} INFO - Setting next_dagrun for example_branch_dop_operator_v3 to 2022-08-14T04:59:00+00:00, run_after=2022-08-14T05:00:00+00:00
[2022-08-14 05:00:44,158] {processor.py:161} INFO - Processing /home/airflow/.local/lib/python3.7/site-packages/airflow/example_dags/example_branch_python_dop_operator_3.py took 0.242 seconds
[2022-08-14 05:05:44,415] {processor.py:153} INFO - Started process (PID=9792) to work on /home/airflow/.local/lib/python3.7/site-packages/airflow/example_dags/example_branch_python_dop_operator_3.py
[2022-08-14 05:05:44,417] {processor.py:641} INFO - Processing file /home/airflow/.local/lib/python3.7/site-packages/airflow/example_dags/example_branch_python_dop_operator_3.py for tasks to queue
[2022-08-14 05:05:44,419] {logging_mixin.py:115} INFO - [2022-08-14 05:05:44,419] {dagbag.py:507} INFO - Filling up the DagBag from /home/airflow/.local/lib/python3.7/site-packages/airflow/example_dags/example_branch_python_dop_operator_3.py
[2022-08-14 05:05:44,450] {processor.py:651} INFO - DAG(s) dict_keys(['example_branch_dop_operator_v3']) retrieved from /home/airflow/.local/lib/python3.7/site-packages/airflow/example_dags/example_branch_python_dop_operator_3.py
[2022-08-14 05:05:44,506] {logging_mixin.py:115} INFO - [2022-08-14 05:05:44,505] {dag.py:2371} INFO - Sync 1 DAGs
[2022-08-14 05:05:44,542] {logging_mixin.py:115} INFO - [2022-08-14 05:05:44,542] {dag.py:2919} INFO - Setting next_dagrun for example_branch_dop_operator_v3 to 2022-08-14T05:04:00+00:00, run_after=2022-08-14T05:05:00+00:00
[2022-08-14 05:05:44,559] {processor.py:161} INFO - Processing /home/airflow/.local/lib/python3.7/site-packages/airflow/example_dags/example_branch_python_dop_operator_3.py took 0.158 seconds
[2022-08-14 05:06:16,008] {processor.py:153} INFO - Started process (PID=9844) to work on /home/airflow/.local/lib/python3.7/site-packages/airflow/example_dags/example_branch_python_dop_operator_3.py
[2022-08-14 05:06:16,012] {processor.py:641} INFO - Processing file /home/airflow/.local/lib/python3.7/site-packages/airflow/example_dags/example_branch_python_dop_operator_3.py for tasks to queue
[2022-08-14 05:06:16,016] {logging_mixin.py:115} INFO - [2022-08-14 05:06:16,015] {dagbag.py:507} INFO - Filling up the DagBag from /home/airflow/.local/lib/python3.7/site-packages/airflow/example_dags/example_branch_python_dop_operator_3.py
[2022-08-14 05:06:16,053] {processor.py:651} INFO - DAG(s) dict_keys(['example_branch_dop_operator_v3']) retrieved from /home/airflow/.local/lib/python3.7/site-packages/airflow/example_dags/example_branch_python_dop_operator_3.py
[2022-08-14 05:06:16,129] {logging_mixin.py:115} INFO - [2022-08-14 05:06:16,129] {dag.py:2371} INFO - Sync 1 DAGs
[2022-08-14 05:06:16,205] {logging_mixin.py:115} INFO - [2022-08-14 05:06:16,204] {dag.py:2919} INFO - Setting next_dagrun for example_branch_dop_operator_v3 to 2022-08-14T05:05:00+00:00, run_after=2022-08-14T05:06:00+00:00
[2022-08-14 05:06:16,248] {processor.py:161} INFO - Processing /home/airflow/.local/lib/python3.7/site-packages/airflow/example_dags/example_branch_python_dop_operator_3.py took 0.250 seconds
[2022-08-14 05:15:34,830] {processor.py:153} INFO - Started process (PID=9896) to work on /home/airflow/.local/lib/python3.7/site-packages/airflow/example_dags/example_branch_python_dop_operator_3.py
[2022-08-14 05:15:34,831] {processor.py:641} INFO - Processing file /home/airflow/.local/lib/python3.7/site-packages/airflow/example_dags/example_branch_python_dop_operator_3.py for tasks to queue
[2022-08-14 05:15:34,832] {logging_mixin.py:115} INFO - [2022-08-14 05:15:34,832] {dagbag.py:507} INFO - Filling up the DagBag from /home/airflow/.local/lib/python3.7/site-packages/airflow/example_dags/example_branch_python_dop_operator_3.py
[2022-08-14 05:15:34,843] {processor.py:651} INFO - DAG(s) dict_keys(['example_branch_dop_operator_v3']) retrieved from /home/airflow/.local/lib/python3.7/site-packages/airflow/example_dags/example_branch_python_dop_operator_3.py
[2022-08-14 05:15:34,874] {logging_mixin.py:115} INFO - [2022-08-14 05:15:34,874] {dag.py:2371} INFO - Sync 1 DAGs
[2022-08-14 05:15:34,903] {logging_mixin.py:115} INFO - [2022-08-14 05:15:34,903] {dag.py:2919} INFO - Setting next_dagrun for example_branch_dop_operator_v3 to 2022-08-14T05:14:00+00:00, run_after=2022-08-14T05:15:00+00:00
[2022-08-14 05:15:34,916] {processor.py:161} INFO - Processing /home/airflow/.local/lib/python3.7/site-packages/airflow/example_dags/example_branch_python_dop_operator_3.py took 0.090 seconds
[2022-08-14 05:16:06,074] {processor.py:153} INFO - Started process (PID=9949) to work on /home/airflow/.local/lib/python3.7/site-packages/airflow/example_dags/example_branch_python_dop_operator_3.py
[2022-08-14 05:16:06,076] {processor.py:641} INFO - Processing file /home/airflow/.local/lib/python3.7/site-packages/airflow/example_dags/example_branch_python_dop_operator_3.py for tasks to queue
[2022-08-14 05:16:06,080] {logging_mixin.py:115} INFO - [2022-08-14 05:16:06,080] {dagbag.py:507} INFO - Filling up the DagBag from /home/airflow/.local/lib/python3.7/site-packages/airflow/example_dags/example_branch_python_dop_operator_3.py
[2022-08-14 05:16:06,105] {processor.py:651} INFO - DAG(s) dict_keys(['example_branch_dop_operator_v3']) retrieved from /home/airflow/.local/lib/python3.7/site-packages/airflow/example_dags/example_branch_python_dop_operator_3.py
[2022-08-14 05:16:06,178] {logging_mixin.py:115} INFO - [2022-08-14 05:16:06,177] {dag.py:2371} INFO - Sync 1 DAGs
[2022-08-14 05:16:06,249] {logging_mixin.py:115} INFO - [2022-08-14 05:16:06,249] {dag.py:2919} INFO - Setting next_dagrun for example_branch_dop_operator_v3 to 2022-08-14T05:15:00+00:00, run_after=2022-08-14T05:16:00+00:00
[2022-08-14 05:16:06,281] {processor.py:161} INFO - Processing /home/airflow/.local/lib/python3.7/site-packages/airflow/example_dags/example_branch_python_dop_operator_3.py took 0.215 seconds
[2022-08-14 05:21:10,791] {processor.py:153} INFO - Started process (PID=10001) to work on /home/airflow/.local/lib/python3.7/site-packages/airflow/example_dags/example_branch_python_dop_operator_3.py
[2022-08-14 05:21:10,793] {processor.py:641} INFO - Processing file /home/airflow/.local/lib/python3.7/site-packages/airflow/example_dags/example_branch_python_dop_operator_3.py for tasks to queue
[2022-08-14 05:21:10,800] {logging_mixin.py:115} INFO - [2022-08-14 05:21:10,796] {dagbag.py:507} INFO - Filling up the DagBag from /home/airflow/.local/lib/python3.7/site-packages/airflow/example_dags/example_branch_python_dop_operator_3.py
[2022-08-14 05:21:10,825] {processor.py:651} INFO - DAG(s) dict_keys(['example_branch_dop_operator_v3']) retrieved from /home/airflow/.local/lib/python3.7/site-packages/airflow/example_dags/example_branch_python_dop_operator_3.py
[2022-08-14 05:21:10,871] {logging_mixin.py:115} INFO - [2022-08-14 05:21:10,871] {dag.py:2371} INFO - Sync 1 DAGs
[2022-08-14 05:21:10,898] {logging_mixin.py:115} INFO - [2022-08-14 05:21:10,898] {dag.py:2919} INFO - Setting next_dagrun for example_branch_dop_operator_v3 to 2022-08-14T05:20:00+00:00, run_after=2022-08-14T05:21:00+00:00
[2022-08-14 05:21:10,912] {processor.py:161} INFO - Processing /home/airflow/.local/lib/python3.7/site-packages/airflow/example_dags/example_branch_python_dop_operator_3.py took 0.125 seconds
[2022-08-14 05:21:43,189] {processor.py:153} INFO - Started process (PID=10054) to work on /home/airflow/.local/lib/python3.7/site-packages/airflow/example_dags/example_branch_python_dop_operator_3.py
[2022-08-14 05:21:43,192] {processor.py:641} INFO - Processing file /home/airflow/.local/lib/python3.7/site-packages/airflow/example_dags/example_branch_python_dop_operator_3.py for tasks to queue
[2022-08-14 05:21:43,196] {logging_mixin.py:115} INFO - [2022-08-14 05:21:43,195] {dagbag.py:507} INFO - Filling up the DagBag from /home/airflow/.local/lib/python3.7/site-packages/airflow/example_dags/example_branch_python_dop_operator_3.py
[2022-08-14 05:21:43,230] {processor.py:651} INFO - DAG(s) dict_keys(['example_branch_dop_operator_v3']) retrieved from /home/airflow/.local/lib/python3.7/site-packages/airflow/example_dags/example_branch_python_dop_operator_3.py
[2022-08-14 05:21:43,309] {logging_mixin.py:115} INFO - [2022-08-14 05:21:43,309] {dag.py:2371} INFO - Sync 1 DAGs
[2022-08-14 05:21:43,383] {logging_mixin.py:115} INFO - [2022-08-14 05:21:43,383] {dag.py:2919} INFO - Setting next_dagrun for example_branch_dop_operator_v3 to 2022-08-14T05:20:00+00:00, run_after=2022-08-14T05:21:00+00:00
[2022-08-14 05:21:43,428] {processor.py:161} INFO - Processing /home/airflow/.local/lib/python3.7/site-packages/airflow/example_dags/example_branch_python_dop_operator_3.py took 0.250 seconds
[2022-08-14 05:24:12,424] {processor.py:153} INFO - Started process (PID=10106) to work on /home/airflow/.local/lib/python3.7/site-packages/airflow/example_dags/example_branch_python_dop_operator_3.py
[2022-08-14 05:24:12,427] {processor.py:641} INFO - Processing file /home/airflow/.local/lib/python3.7/site-packages/airflow/example_dags/example_branch_python_dop_operator_3.py for tasks to queue
[2022-08-14 05:24:12,429] {logging_mixin.py:115} INFO - [2022-08-14 05:24:12,429] {dagbag.py:507} INFO - Filling up the DagBag from /home/airflow/.local/lib/python3.7/site-packages/airflow/example_dags/example_branch_python_dop_operator_3.py
[2022-08-14 05:24:12,445] {processor.py:651} INFO - DAG(s) dict_keys(['example_branch_dop_operator_v3']) retrieved from /home/airflow/.local/lib/python3.7/site-packages/airflow/example_dags/example_branch_python_dop_operator_3.py
[2022-08-14 05:24:12,475] {logging_mixin.py:115} INFO - [2022-08-14 05:24:12,475] {dag.py:2371} INFO - Sync 1 DAGs
[2022-08-14 05:24:12,503] {logging_mixin.py:115} INFO - [2022-08-14 05:24:12,503] {dag.py:2919} INFO - Setting next_dagrun for example_branch_dop_operator_v3 to 2022-08-14T05:23:00+00:00, run_after=2022-08-14T05:24:00+00:00
[2022-08-14 05:24:12,545] {processor.py:161} INFO - Processing /home/airflow/.local/lib/python3.7/site-packages/airflow/example_dags/example_branch_python_dop_operator_3.py took 0.125 seconds
[2022-08-14 05:29:27,530] {processor.py:153} INFO - Started process (PID=10156) to work on /home/airflow/.local/lib/python3.7/site-packages/airflow/example_dags/example_branch_python_dop_operator_3.py
[2022-08-14 05:29:27,532] {processor.py:641} INFO - Processing file /home/airflow/.local/lib/python3.7/site-packages/airflow/example_dags/example_branch_python_dop_operator_3.py for tasks to queue
[2022-08-14 05:29:27,537] {logging_mixin.py:115} INFO - [2022-08-14 05:29:27,537] {dagbag.py:507} INFO - Filling up the DagBag from /home/airflow/.local/lib/python3.7/site-packages/airflow/example_dags/example_branch_python_dop_operator_3.py
[2022-08-14 05:29:27,557] {processor.py:651} INFO - DAG(s) dict_keys(['example_branch_dop_operator_v3']) retrieved from /home/airflow/.local/lib/python3.7/site-packages/airflow/example_dags/example_branch_python_dop_operator_3.py
[2022-08-14 05:29:27,621] {logging_mixin.py:115} INFO - [2022-08-14 05:29:27,621] {dag.py:2371} INFO - Sync 1 DAGs
[2022-08-14 05:29:27,662] {logging_mixin.py:115} INFO - [2022-08-14 05:29:27,661] {dag.py:2919} INFO - Setting next_dagrun for example_branch_dop_operator_v3 to 2022-08-14T05:28:00+00:00, run_after=2022-08-14T05:29:00+00:00
[2022-08-14 05:29:27,682] {processor.py:161} INFO - Processing /home/airflow/.local/lib/python3.7/site-packages/airflow/example_dags/example_branch_python_dop_operator_3.py took 0.157 seconds
[2022-08-14 06:46:23,624] {processor.py:153} INFO - Started process (PID=10211) to work on /home/airflow/.local/lib/python3.7/site-packages/airflow/example_dags/example_branch_python_dop_operator_3.py
[2022-08-14 06:46:23,631] {processor.py:641} INFO - Processing file /home/airflow/.local/lib/python3.7/site-packages/airflow/example_dags/example_branch_python_dop_operator_3.py for tasks to queue
[2022-08-14 06:46:23,632] {logging_mixin.py:115} INFO - [2022-08-14 06:46:23,632] {dagbag.py:507} INFO - Filling up the DagBag from /home/airflow/.local/lib/python3.7/site-packages/airflow/example_dags/example_branch_python_dop_operator_3.py
[2022-08-14 06:46:23,665] {processor.py:651} INFO - DAG(s) dict_keys(['example_branch_dop_operator_v3']) retrieved from /home/airflow/.local/lib/python3.7/site-packages/airflow/example_dags/example_branch_python_dop_operator_3.py
[2022-08-14 06:46:23,728] {logging_mixin.py:115} INFO - [2022-08-14 06:46:23,727] {dag.py:2371} INFO - Sync 1 DAGs
[2022-08-14 06:46:23,783] {logging_mixin.py:115} INFO - [2022-08-14 06:46:23,782] {dag.py:2919} INFO - Setting next_dagrun for example_branch_dop_operator_v3 to 2022-08-14T06:45:00+00:00, run_after=2022-08-14T06:46:00+00:00
[2022-08-14 06:46:23,804] {processor.py:161} INFO - Processing /home/airflow/.local/lib/python3.7/site-packages/airflow/example_dags/example_branch_python_dop_operator_3.py took 0.187 seconds
[2022-08-14 08:00:39,038] {processor.py:153} INFO - Started process (PID=10262) to work on /home/airflow/.local/lib/python3.7/site-packages/airflow/example_dags/example_branch_python_dop_operator_3.py
[2022-08-14 08:00:39,040] {processor.py:641} INFO - Processing file /home/airflow/.local/lib/python3.7/site-packages/airflow/example_dags/example_branch_python_dop_operator_3.py for tasks to queue
[2022-08-14 08:00:39,043] {logging_mixin.py:115} INFO - [2022-08-14 08:00:39,043] {dagbag.py:507} INFO - Filling up the DagBag from /home/airflow/.local/lib/python3.7/site-packages/airflow/example_dags/example_branch_python_dop_operator_3.py
[2022-08-14 08:00:39,059] {processor.py:651} INFO - DAG(s) dict_keys(['example_branch_dop_operator_v3']) retrieved from /home/airflow/.local/lib/python3.7/site-packages/airflow/example_dags/example_branch_python_dop_operator_3.py
[2022-08-14 08:00:39,123] {logging_mixin.py:115} INFO - [2022-08-14 08:00:39,123] {dag.py:2371} INFO - Sync 1 DAGs
[2022-08-14 08:00:39,184] {logging_mixin.py:115} INFO - [2022-08-14 08:00:39,184] {dag.py:2919} INFO - Setting next_dagrun for example_branch_dop_operator_v3 to 2022-08-14T07:59:00+00:00, run_after=2022-08-14T08:00:00+00:00
[2022-08-14 08:00:39,260] {processor.py:161} INFO - Processing /home/airflow/.local/lib/python3.7/site-packages/airflow/example_dags/example_branch_python_dop_operator_3.py took 0.229 seconds
[2022-08-14 08:01:10,183] {processor.py:153} INFO - Started process (PID=10323) to work on /home/airflow/.local/lib/python3.7/site-packages/airflow/example_dags/example_branch_python_dop_operator_3.py
[2022-08-14 08:01:10,184] {processor.py:641} INFO - Processing file /home/airflow/.local/lib/python3.7/site-packages/airflow/example_dags/example_branch_python_dop_operator_3.py for tasks to queue
[2022-08-14 08:01:10,186] {logging_mixin.py:115} INFO - [2022-08-14 08:01:10,185] {dagbag.py:507} INFO - Filling up the DagBag from /home/airflow/.local/lib/python3.7/site-packages/airflow/example_dags/example_branch_python_dop_operator_3.py
[2022-08-14 08:01:10,201] {processor.py:651} INFO - DAG(s) dict_keys(['example_branch_dop_operator_v3']) retrieved from /home/airflow/.local/lib/python3.7/site-packages/airflow/example_dags/example_branch_python_dop_operator_3.py
[2022-08-14 08:01:10,230] {logging_mixin.py:115} INFO - [2022-08-14 08:01:10,230] {dag.py:2371} INFO - Sync 1 DAGs
[2022-08-14 08:01:10,257] {logging_mixin.py:115} INFO - [2022-08-14 08:01:10,257] {dag.py:2919} INFO - Setting next_dagrun for example_branch_dop_operator_v3 to 2022-08-14T08:00:00+00:00, run_after=2022-08-14T08:01:00+00:00
[2022-08-14 08:01:10,270] {processor.py:161} INFO - Processing /home/airflow/.local/lib/python3.7/site-packages/airflow/example_dags/example_branch_python_dop_operator_3.py took 0.096 seconds
[2022-08-14 08:06:24,584] {processor.py:153} INFO - Started process (PID=10376) to work on /home/airflow/.local/lib/python3.7/site-packages/airflow/example_dags/example_branch_python_dop_operator_3.py
[2022-08-14 08:06:24,586] {processor.py:641} INFO - Processing file /home/airflow/.local/lib/python3.7/site-packages/airflow/example_dags/example_branch_python_dop_operator_3.py for tasks to queue
[2022-08-14 08:06:24,587] {logging_mixin.py:115} INFO - [2022-08-14 08:06:24,587] {dagbag.py:507} INFO - Filling up the DagBag from /home/airflow/.local/lib/python3.7/site-packages/airflow/example_dags/example_branch_python_dop_operator_3.py
[2022-08-14 08:06:24,605] {processor.py:651} INFO - DAG(s) dict_keys(['example_branch_dop_operator_v3']) retrieved from /home/airflow/.local/lib/python3.7/site-packages/airflow/example_dags/example_branch_python_dop_operator_3.py
[2022-08-14 08:06:24,653] {logging_mixin.py:115} INFO - [2022-08-14 08:06:24,653] {dag.py:2371} INFO - Sync 1 DAGs
[2022-08-14 08:06:24,690] {logging_mixin.py:115} INFO - [2022-08-14 08:06:24,690] {dag.py:2919} INFO - Setting next_dagrun for example_branch_dop_operator_v3 to 2022-08-14T08:05:00+00:00, run_after=2022-08-14T08:06:00+00:00
[2022-08-14 08:06:24,708] {processor.py:161} INFO - Processing /home/airflow/.local/lib/python3.7/site-packages/airflow/example_dags/example_branch_python_dop_operator_3.py took 0.129 seconds
[2022-08-14 08:37:48,426] {processor.py:153} INFO - Started process (PID=10437) to work on /home/airflow/.local/lib/python3.7/site-packages/airflow/example_dags/example_branch_python_dop_operator_3.py
[2022-08-14 08:37:48,429] {processor.py:641} INFO - Processing file /home/airflow/.local/lib/python3.7/site-packages/airflow/example_dags/example_branch_python_dop_operator_3.py for tasks to queue
[2022-08-14 08:37:48,430] {logging_mixin.py:115} INFO - [2022-08-14 08:37:48,430] {dagbag.py:507} INFO - Filling up the DagBag from /home/airflow/.local/lib/python3.7/site-packages/airflow/example_dags/example_branch_python_dop_operator_3.py
[2022-08-14 08:37:48,448] {processor.py:651} INFO - DAG(s) dict_keys(['example_branch_dop_operator_v3']) retrieved from /home/airflow/.local/lib/python3.7/site-packages/airflow/example_dags/example_branch_python_dop_operator_3.py
[2022-08-14 08:37:48,505] {logging_mixin.py:115} INFO - [2022-08-14 08:37:48,505] {dag.py:2371} INFO - Sync 1 DAGs
[2022-08-14 08:37:48,543] {logging_mixin.py:115} INFO - [2022-08-14 08:37:48,543] {dag.py:2919} INFO - Setting next_dagrun for example_branch_dop_operator_v3 to 2022-08-14T08:36:00+00:00, run_after=2022-08-14T08:37:00+00:00
[2022-08-14 08:37:48,565] {processor.py:161} INFO - Processing /home/airflow/.local/lib/python3.7/site-packages/airflow/example_dags/example_branch_python_dop_operator_3.py took 0.143 seconds
[2022-08-14 08:38:19,062] {processor.py:153} INFO - Started process (PID=10489) to work on /home/airflow/.local/lib/python3.7/site-packages/airflow/example_dags/example_branch_python_dop_operator_3.py
[2022-08-14 08:38:19,064] {processor.py:641} INFO - Processing file /home/airflow/.local/lib/python3.7/site-packages/airflow/example_dags/example_branch_python_dop_operator_3.py for tasks to queue
[2022-08-14 08:38:19,066] {logging_mixin.py:115} INFO - [2022-08-14 08:38:19,065] {dagbag.py:507} INFO - Filling up the DagBag from /home/airflow/.local/lib/python3.7/site-packages/airflow/example_dags/example_branch_python_dop_operator_3.py
[2022-08-14 08:38:19,077] {processor.py:651} INFO - DAG(s) dict_keys(['example_branch_dop_operator_v3']) retrieved from /home/airflow/.local/lib/python3.7/site-packages/airflow/example_dags/example_branch_python_dop_operator_3.py
[2022-08-14 08:38:19,117] {logging_mixin.py:115} INFO - [2022-08-14 08:38:19,117] {dag.py:2371} INFO - Sync 1 DAGs
[2022-08-14 08:38:19,143] {logging_mixin.py:115} INFO - [2022-08-14 08:38:19,143] {dag.py:2919} INFO - Setting next_dagrun for example_branch_dop_operator_v3 to 2022-08-14T08:37:00+00:00, run_after=2022-08-14T08:38:00+00:00
[2022-08-14 08:38:19,156] {processor.py:161} INFO - Processing /home/airflow/.local/lib/python3.7/site-packages/airflow/example_dags/example_branch_python_dop_operator_3.py took 0.097 seconds
[2022-08-14 10:38:16,805] {processor.py:153} INFO - Started process (PID=10542) to work on /home/airflow/.local/lib/python3.7/site-packages/airflow/example_dags/example_branch_python_dop_operator_3.py
[2022-08-14 10:38:16,806] {processor.py:641} INFO - Processing file /home/airflow/.local/lib/python3.7/site-packages/airflow/example_dags/example_branch_python_dop_operator_3.py for tasks to queue
[2022-08-14 10:38:16,809] {logging_mixin.py:115} INFO - [2022-08-14 10:38:16,809] {dagbag.py:507} INFO - Filling up the DagBag from /home/airflow/.local/lib/python3.7/site-packages/airflow/example_dags/example_branch_python_dop_operator_3.py
[2022-08-14 10:38:16,831] {processor.py:651} INFO - DAG(s) dict_keys(['example_branch_dop_operator_v3']) retrieved from /home/airflow/.local/lib/python3.7/site-packages/airflow/example_dags/example_branch_python_dop_operator_3.py
[2022-08-14 10:38:16,886] {logging_mixin.py:115} INFO - [2022-08-14 10:38:16,886] {dag.py:2371} INFO - Sync 1 DAGs
[2022-08-14 10:38:16,938] {logging_mixin.py:115} INFO - [2022-08-14 10:38:16,938] {dag.py:2919} INFO - Setting next_dagrun for example_branch_dop_operator_v3 to 2022-08-14T10:37:00+00:00, run_after=2022-08-14T10:38:00+00:00
[2022-08-14 10:38:16,967] {processor.py:161} INFO - Processing /home/airflow/.local/lib/python3.7/site-packages/airflow/example_dags/example_branch_python_dop_operator_3.py took 0.167 seconds
[2022-08-14 12:39:15,076] {processor.py:153} INFO - Started process (PID=10603) to work on /home/airflow/.local/lib/python3.7/site-packages/airflow/example_dags/example_branch_python_dop_operator_3.py
[2022-08-14 12:39:15,078] {processor.py:641} INFO - Processing file /home/airflow/.local/lib/python3.7/site-packages/airflow/example_dags/example_branch_python_dop_operator_3.py for tasks to queue
[2022-08-14 12:39:15,080] {logging_mixin.py:115} INFO - [2022-08-14 12:39:15,080] {dagbag.py:507} INFO - Filling up the DagBag from /home/airflow/.local/lib/python3.7/site-packages/airflow/example_dags/example_branch_python_dop_operator_3.py
[2022-08-14 12:39:15,104] {processor.py:651} INFO - DAG(s) dict_keys(['example_branch_dop_operator_v3']) retrieved from /home/airflow/.local/lib/python3.7/site-packages/airflow/example_dags/example_branch_python_dop_operator_3.py
[2022-08-14 12:39:15,146] {logging_mixin.py:115} INFO - [2022-08-14 12:39:15,146] {dag.py:2371} INFO - Sync 1 DAGs
[2022-08-14 12:39:15,184] {logging_mixin.py:115} INFO - [2022-08-14 12:39:15,184] {dag.py:2919} INFO - Setting next_dagrun for example_branch_dop_operator_v3 to 2022-08-14T12:38:00+00:00, run_after=2022-08-14T12:39:00+00:00
[2022-08-14 12:39:15,200] {processor.py:161} INFO - Processing /home/airflow/.local/lib/python3.7/site-packages/airflow/example_dags/example_branch_python_dop_operator_3.py took 0.128 seconds
[2022-08-14 12:58:01,675] {processor.py:153} INFO - Started process (PID=10656) to work on /home/airflow/.local/lib/python3.7/site-packages/airflow/example_dags/example_branch_python_dop_operator_3.py
[2022-08-14 12:58:01,678] {processor.py:641} INFO - Processing file /home/airflow/.local/lib/python3.7/site-packages/airflow/example_dags/example_branch_python_dop_operator_3.py for tasks to queue
[2022-08-14 12:58:01,679] {logging_mixin.py:115} INFO - [2022-08-14 12:58:01,679] {dagbag.py:507} INFO - Filling up the DagBag from /home/airflow/.local/lib/python3.7/site-packages/airflow/example_dags/example_branch_python_dop_operator_3.py
[2022-08-14 12:58:01,697] {processor.py:651} INFO - DAG(s) dict_keys(['example_branch_dop_operator_v3']) retrieved from /home/airflow/.local/lib/python3.7/site-packages/airflow/example_dags/example_branch_python_dop_operator_3.py
[2022-08-14 12:58:01,731] {logging_mixin.py:115} INFO - [2022-08-14 12:58:01,731] {dag.py:2371} INFO - Sync 1 DAGs
[2022-08-14 12:58:01,780] {logging_mixin.py:115} INFO - [2022-08-14 12:58:01,780] {dag.py:2919} INFO - Setting next_dagrun for example_branch_dop_operator_v3 to 2022-08-14T12:57:00+00:00, run_after=2022-08-14T12:58:00+00:00
[2022-08-14 12:58:01,795] {processor.py:161} INFO - Processing /home/airflow/.local/lib/python3.7/site-packages/airflow/example_dags/example_branch_python_dop_operator_3.py took 0.124 seconds
[2022-08-14 12:59:22,935] {processor.py:153} INFO - Started process (PID=10717) to work on /home/airflow/.local/lib/python3.7/site-packages/airflow/example_dags/example_branch_python_dop_operator_3.py
[2022-08-14 12:59:22,936] {processor.py:641} INFO - Processing file /home/airflow/.local/lib/python3.7/site-packages/airflow/example_dags/example_branch_python_dop_operator_3.py for tasks to queue
[2022-08-14 12:59:22,937] {logging_mixin.py:115} INFO - [2022-08-14 12:59:22,937] {dagbag.py:507} INFO - Filling up the DagBag from /home/airflow/.local/lib/python3.7/site-packages/airflow/example_dags/example_branch_python_dop_operator_3.py
[2022-08-14 12:59:22,950] {processor.py:651} INFO - DAG(s) dict_keys(['example_branch_dop_operator_v3']) retrieved from /home/airflow/.local/lib/python3.7/site-packages/airflow/example_dags/example_branch_python_dop_operator_3.py
[2022-08-14 12:59:22,987] {logging_mixin.py:115} INFO - [2022-08-14 12:59:22,987] {dag.py:2371} INFO - Sync 1 DAGs
[2022-08-14 12:59:23,015] {logging_mixin.py:115} INFO - [2022-08-14 12:59:23,015] {dag.py:2919} INFO - Setting next_dagrun for example_branch_dop_operator_v3 to 2022-08-14T12:58:00+00:00, run_after=2022-08-14T12:59:00+00:00
[2022-08-14 12:59:23,029] {processor.py:161} INFO - Processing /home/airflow/.local/lib/python3.7/site-packages/airflow/example_dags/example_branch_python_dop_operator_3.py took 0.098 seconds
[2022-08-14 12:59:53,360] {processor.py:153} INFO - Started process (PID=10769) to work on /home/airflow/.local/lib/python3.7/site-packages/airflow/example_dags/example_branch_python_dop_operator_3.py
[2022-08-14 12:59:53,361] {processor.py:641} INFO - Processing file /home/airflow/.local/lib/python3.7/site-packages/airflow/example_dags/example_branch_python_dop_operator_3.py for tasks to queue
[2022-08-14 12:59:53,363] {logging_mixin.py:115} INFO - [2022-08-14 12:59:53,363] {dagbag.py:507} INFO - Filling up the DagBag from /home/airflow/.local/lib/python3.7/site-packages/airflow/example_dags/example_branch_python_dop_operator_3.py
[2022-08-14 12:59:53,377] {processor.py:651} INFO - DAG(s) dict_keys(['example_branch_dop_operator_v3']) retrieved from /home/airflow/.local/lib/python3.7/site-packages/airflow/example_dags/example_branch_python_dop_operator_3.py
[2022-08-14 12:59:53,408] {logging_mixin.py:115} INFO - [2022-08-14 12:59:53,408] {dag.py:2371} INFO - Sync 1 DAGs
[2022-08-14 12:59:53,435] {logging_mixin.py:115} INFO - [2022-08-14 12:59:53,435] {dag.py:2919} INFO - Setting next_dagrun for example_branch_dop_operator_v3 to 2022-08-14T12:58:00+00:00, run_after=2022-08-14T12:59:00+00:00
[2022-08-14 12:59:53,449] {processor.py:161} INFO - Processing /home/airflow/.local/lib/python3.7/site-packages/airflow/example_dags/example_branch_python_dop_operator_3.py took 0.093 seconds
[2022-08-14 13:15:50,644] {processor.py:153} INFO - Started process (PID=10831) to work on /home/airflow/.local/lib/python3.7/site-packages/airflow/example_dags/example_branch_python_dop_operator_3.py
[2022-08-14 13:15:50,646] {processor.py:641} INFO - Processing file /home/airflow/.local/lib/python3.7/site-packages/airflow/example_dags/example_branch_python_dop_operator_3.py for tasks to queue
[2022-08-14 13:15:50,648] {logging_mixin.py:115} INFO - [2022-08-14 13:15:50,647] {dagbag.py:507} INFO - Filling up the DagBag from /home/airflow/.local/lib/python3.7/site-packages/airflow/example_dags/example_branch_python_dop_operator_3.py
[2022-08-14 13:15:50,662] {processor.py:651} INFO - DAG(s) dict_keys(['example_branch_dop_operator_v3']) retrieved from /home/airflow/.local/lib/python3.7/site-packages/airflow/example_dags/example_branch_python_dop_operator_3.py
[2022-08-14 13:15:50,718] {logging_mixin.py:115} INFO - [2022-08-14 13:15:50,718] {dag.py:2371} INFO - Sync 1 DAGs
[2022-08-14 13:15:50,755] {logging_mixin.py:115} INFO - [2022-08-14 13:15:50,755] {dag.py:2919} INFO - Setting next_dagrun for example_branch_dop_operator_v3 to 2022-08-14T13:14:00+00:00, run_after=2022-08-14T13:15:00+00:00
[2022-08-14 13:15:50,791] {processor.py:161} INFO - Processing /home/airflow/.local/lib/python3.7/site-packages/airflow/example_dags/example_branch_python_dop_operator_3.py took 0.153 seconds
[2022-08-14 13:16:45,856] {processor.py:153} INFO - Started process (PID=10883) to work on /home/airflow/.local/lib/python3.7/site-packages/airflow/example_dags/example_branch_python_dop_operator_3.py
[2022-08-14 13:16:45,858] {processor.py:641} INFO - Processing file /home/airflow/.local/lib/python3.7/site-packages/airflow/example_dags/example_branch_python_dop_operator_3.py for tasks to queue
[2022-08-14 13:16:45,859] {logging_mixin.py:115} INFO - [2022-08-14 13:16:45,859] {dagbag.py:507} INFO - Filling up the DagBag from /home/airflow/.local/lib/python3.7/site-packages/airflow/example_dags/example_branch_python_dop_operator_3.py
[2022-08-14 13:16:45,870] {processor.py:651} INFO - DAG(s) dict_keys(['example_branch_dop_operator_v3']) retrieved from /home/airflow/.local/lib/python3.7/site-packages/airflow/example_dags/example_branch_python_dop_operator_3.py
[2022-08-14 13:16:45,902] {logging_mixin.py:115} INFO - [2022-08-14 13:16:45,902] {dag.py:2371} INFO - Sync 1 DAGs
[2022-08-14 13:16:45,944] {logging_mixin.py:115} INFO - [2022-08-14 13:16:45,944] {dag.py:2919} INFO - Setting next_dagrun for example_branch_dop_operator_v3 to 2022-08-14T13:15:00+00:00, run_after=2022-08-14T13:16:00+00:00
[2022-08-14 13:16:45,960] {processor.py:161} INFO - Processing /home/airflow/.local/lib/python3.7/site-packages/airflow/example_dags/example_branch_python_dop_operator_3.py took 0.107 seconds
[2022-08-14 16:37:23,064] {processor.py:153} INFO - Started process (PID=10936) to work on /home/airflow/.local/lib/python3.7/site-packages/airflow/example_dags/example_branch_python_dop_operator_3.py
[2022-08-14 16:37:23,071] {processor.py:641} INFO - Processing file /home/airflow/.local/lib/python3.7/site-packages/airflow/example_dags/example_branch_python_dop_operator_3.py for tasks to queue
[2022-08-14 16:37:23,072] {logging_mixin.py:115} INFO - [2022-08-14 16:37:23,072] {dagbag.py:507} INFO - Filling up the DagBag from /home/airflow/.local/lib/python3.7/site-packages/airflow/example_dags/example_branch_python_dop_operator_3.py
[2022-08-14 16:37:23,091] {processor.py:651} INFO - DAG(s) dict_keys(['example_branch_dop_operator_v3']) retrieved from /home/airflow/.local/lib/python3.7/site-packages/airflow/example_dags/example_branch_python_dop_operator_3.py
[2022-08-14 16:37:23,137] {logging_mixin.py:115} INFO - [2022-08-14 16:37:23,137] {dag.py:2371} INFO - Sync 1 DAGs
[2022-08-14 16:37:23,172] {logging_mixin.py:115} INFO - [2022-08-14 16:37:23,172] {dag.py:2919} INFO - Setting next_dagrun for example_branch_dop_operator_v3 to 2022-08-14T16:36:00+00:00, run_after=2022-08-14T16:37:00+00:00
[2022-08-14 16:37:23,193] {processor.py:161} INFO - Processing /home/airflow/.local/lib/python3.7/site-packages/airflow/example_dags/example_branch_python_dop_operator_3.py took 0.134 seconds
