[2022-08-14 00:45:50,957] {processor.py:153} INFO - Started process (PID=8429) to work on /home/airflow/.local/lib/python3.7/site-packages/airflow/example_dags/example_kubernetes_executor.py
[2022-08-14 00:45:51,072] {processor.py:641} INFO - Processing file /home/airflow/.local/lib/python3.7/site-packages/airflow/example_dags/example_kubernetes_executor.py for tasks to queue
[2022-08-14 00:45:51,077] {logging_mixin.py:115} INFO - [2022-08-14 00:45:51,077] {dagbag.py:507} INFO - Filling up the DagBag from /home/airflow/.local/lib/python3.7/site-packages/airflow/example_dags/example_kubernetes_executor.py
[2022-08-14 00:45:51,360] {processor.py:651} INFO - DAG(s) dict_keys(['example_kubernetes_executor']) retrieved from /home/airflow/.local/lib/python3.7/site-packages/airflow/example_dags/example_kubernetes_executor.py
[2022-08-14 00:45:51,695] {logging_mixin.py:115} INFO - [2022-08-14 00:45:51,695] {dag.py:2371} INFO - Sync 1 DAGs
[2022-08-14 00:45:53,236] {logging_mixin.py:115} INFO - [2022-08-14 00:45:53,233] {dag.py:2919} INFO - Setting next_dagrun for example_kubernetes_executor to None, run_after=None
[2022-08-14 00:45:53,905] {processor.py:161} INFO - Processing /home/airflow/.local/lib/python3.7/site-packages/airflow/example_dags/example_kubernetes_executor.py took 3.018 seconds
[2022-08-14 02:33:47,316] {processor.py:153} INFO - Started process (PID=8439) to work on /home/airflow/.local/lib/python3.7/site-packages/airflow/example_dags/example_kubernetes_executor.py
[2022-08-14 02:33:47,318] {processor.py:641} INFO - Processing file /home/airflow/.local/lib/python3.7/site-packages/airflow/example_dags/example_kubernetes_executor.py for tasks to queue
[2022-08-14 02:33:47,319] {logging_mixin.py:115} INFO - [2022-08-14 02:33:47,319] {dagbag.py:507} INFO - Filling up the DagBag from /home/airflow/.local/lib/python3.7/site-packages/airflow/example_dags/example_kubernetes_executor.py
[2022-08-14 02:33:47,357] {processor.py:651} INFO - DAG(s) dict_keys(['example_kubernetes_executor']) retrieved from /home/airflow/.local/lib/python3.7/site-packages/airflow/example_dags/example_kubernetes_executor.py
[2022-08-14 02:33:47,421] {logging_mixin.py:115} INFO - [2022-08-14 02:33:47,421] {dag.py:2371} INFO - Sync 1 DAGs
[2022-08-14 02:33:47,464] {logging_mixin.py:115} INFO - [2022-08-14 02:33:47,464] {dag.py:2919} INFO - Setting next_dagrun for example_kubernetes_executor to None, run_after=None
[2022-08-14 02:33:47,493] {processor.py:161} INFO - Processing /home/airflow/.local/lib/python3.7/site-packages/airflow/example_dags/example_kubernetes_executor.py took 0.182 seconds
[2022-08-14 03:53:49,345] {processor.py:153} INFO - Started process (PID=8483) to work on /home/airflow/.local/lib/python3.7/site-packages/airflow/example_dags/example_kubernetes_executor.py
[2022-08-14 03:53:49,373] {processor.py:641} INFO - Processing file /home/airflow/.local/lib/python3.7/site-packages/airflow/example_dags/example_kubernetes_executor.py for tasks to queue
[2022-08-14 03:53:49,379] {logging_mixin.py:115} INFO - [2022-08-14 03:53:49,379] {dagbag.py:507} INFO - Filling up the DagBag from /home/airflow/.local/lib/python3.7/site-packages/airflow/example_dags/example_kubernetes_executor.py
[2022-08-14 03:53:49,798] {processor.py:651} INFO - DAG(s) dict_keys(['example_kubernetes_executor']) retrieved from /home/airflow/.local/lib/python3.7/site-packages/airflow/example_dags/example_kubernetes_executor.py
[2022-08-14 03:53:50,225] {logging_mixin.py:115} INFO - [2022-08-14 03:53:50,225] {dag.py:2371} INFO - Sync 1 DAGs
[2022-08-14 03:53:50,490] {logging_mixin.py:115} INFO - [2022-08-14 03:53:50,490] {dag.py:2919} INFO - Setting next_dagrun for example_kubernetes_executor to None, run_after=None
[2022-08-14 03:53:50,565] {processor.py:161} INFO - Processing /home/airflow/.local/lib/python3.7/site-packages/airflow/example_dags/example_kubernetes_executor.py took 1.253 seconds
[2022-08-14 03:59:04,119] {processor.py:153} INFO - Started process (PID=8540) to work on /home/airflow/.local/lib/python3.7/site-packages/airflow/example_dags/example_kubernetes_executor.py
[2022-08-14 03:59:04,128] {processor.py:641} INFO - Processing file /home/airflow/.local/lib/python3.7/site-packages/airflow/example_dags/example_kubernetes_executor.py for tasks to queue
[2022-08-14 03:59:04,131] {logging_mixin.py:115} INFO - [2022-08-14 03:59:04,131] {dagbag.py:507} INFO - Filling up the DagBag from /home/airflow/.local/lib/python3.7/site-packages/airflow/example_dags/example_kubernetes_executor.py
[2022-08-14 03:59:04,304] {processor.py:651} INFO - DAG(s) dict_keys(['example_kubernetes_executor']) retrieved from /home/airflow/.local/lib/python3.7/site-packages/airflow/example_dags/example_kubernetes_executor.py
[2022-08-14 03:59:04,405] {logging_mixin.py:115} INFO - [2022-08-14 03:59:04,405] {dag.py:2371} INFO - Sync 1 DAGs
[2022-08-14 03:59:04,486] {logging_mixin.py:115} INFO - [2022-08-14 03:59:04,486] {dag.py:2919} INFO - Setting next_dagrun for example_kubernetes_executor to None, run_after=None
[2022-08-14 03:59:04,525] {processor.py:161} INFO - Processing /home/airflow/.local/lib/python3.7/site-packages/airflow/example_dags/example_kubernetes_executor.py took 0.419 seconds
[2022-08-14 03:59:36,025] {processor.py:153} INFO - Started process (PID=8592) to work on /home/airflow/.local/lib/python3.7/site-packages/airflow/example_dags/example_kubernetes_executor.py
[2022-08-14 03:59:36,030] {processor.py:641} INFO - Processing file /home/airflow/.local/lib/python3.7/site-packages/airflow/example_dags/example_kubernetes_executor.py for tasks to queue
[2022-08-14 03:59:36,035] {logging_mixin.py:115} INFO - [2022-08-14 03:59:36,034] {dagbag.py:507} INFO - Filling up the DagBag from /home/airflow/.local/lib/python3.7/site-packages/airflow/example_dags/example_kubernetes_executor.py
[2022-08-14 03:59:36,262] {processor.py:651} INFO - DAG(s) dict_keys(['example_kubernetes_executor']) retrieved from /home/airflow/.local/lib/python3.7/site-packages/airflow/example_dags/example_kubernetes_executor.py
[2022-08-14 03:59:36,390] {logging_mixin.py:115} INFO - [2022-08-14 03:59:36,390] {dag.py:2371} INFO - Sync 1 DAGs
[2022-08-14 03:59:36,570] {logging_mixin.py:115} INFO - [2022-08-14 03:59:36,570] {dag.py:2919} INFO - Setting next_dagrun for example_kubernetes_executor to None, run_after=None
[2022-08-14 03:59:36,672] {processor.py:161} INFO - Processing /home/airflow/.local/lib/python3.7/site-packages/airflow/example_dags/example_kubernetes_executor.py took 0.679 seconds
[2022-08-14 04:04:36,661] {processor.py:153} INFO - Started process (PID=8635) to work on /home/airflow/.local/lib/python3.7/site-packages/airflow/example_dags/example_kubernetes_executor.py
[2022-08-14 04:04:36,663] {processor.py:641} INFO - Processing file /home/airflow/.local/lib/python3.7/site-packages/airflow/example_dags/example_kubernetes_executor.py for tasks to queue
[2022-08-14 04:04:36,664] {logging_mixin.py:115} INFO - [2022-08-14 04:04:36,664] {dagbag.py:507} INFO - Filling up the DagBag from /home/airflow/.local/lib/python3.7/site-packages/airflow/example_dags/example_kubernetes_executor.py
[2022-08-14 04:04:36,697] {processor.py:651} INFO - DAG(s) dict_keys(['example_kubernetes_executor']) retrieved from /home/airflow/.local/lib/python3.7/site-packages/airflow/example_dags/example_kubernetes_executor.py
[2022-08-14 04:04:36,751] {logging_mixin.py:115} INFO - [2022-08-14 04:04:36,751] {dag.py:2371} INFO - Sync 1 DAGs
[2022-08-14 04:04:36,784] {logging_mixin.py:115} INFO - [2022-08-14 04:04:36,784] {dag.py:2919} INFO - Setting next_dagrun for example_kubernetes_executor to None, run_after=None
[2022-08-14 04:04:36,801] {processor.py:161} INFO - Processing /home/airflow/.local/lib/python3.7/site-packages/airflow/example_dags/example_kubernetes_executor.py took 0.146 seconds
[2022-08-14 04:05:08,098] {processor.py:153} INFO - Started process (PID=8687) to work on /home/airflow/.local/lib/python3.7/site-packages/airflow/example_dags/example_kubernetes_executor.py
[2022-08-14 04:05:08,104] {processor.py:641} INFO - Processing file /home/airflow/.local/lib/python3.7/site-packages/airflow/example_dags/example_kubernetes_executor.py for tasks to queue
[2022-08-14 04:05:08,109] {logging_mixin.py:115} INFO - [2022-08-14 04:05:08,108] {dagbag.py:507} INFO - Filling up the DagBag from /home/airflow/.local/lib/python3.7/site-packages/airflow/example_dags/example_kubernetes_executor.py
[2022-08-14 04:05:08,185] {processor.py:651} INFO - DAG(s) dict_keys(['example_kubernetes_executor']) retrieved from /home/airflow/.local/lib/python3.7/site-packages/airflow/example_dags/example_kubernetes_executor.py
[2022-08-14 04:05:08,265] {logging_mixin.py:115} INFO - [2022-08-14 04:05:08,265] {dag.py:2371} INFO - Sync 1 DAGs
[2022-08-14 04:05:08,316] {logging_mixin.py:115} INFO - [2022-08-14 04:05:08,316] {dag.py:2919} INFO - Setting next_dagrun for example_kubernetes_executor to None, run_after=None
[2022-08-14 04:05:08,347] {processor.py:161} INFO - Processing /home/airflow/.local/lib/python3.7/site-packages/airflow/example_dags/example_kubernetes_executor.py took 0.262 seconds
[2022-08-14 04:10:10,579] {processor.py:153} INFO - Started process (PID=8738) to work on /home/airflow/.local/lib/python3.7/site-packages/airflow/example_dags/example_kubernetes_executor.py
[2022-08-14 04:10:10,580] {processor.py:641} INFO - Processing file /home/airflow/.local/lib/python3.7/site-packages/airflow/example_dags/example_kubernetes_executor.py for tasks to queue
[2022-08-14 04:10:10,582] {logging_mixin.py:115} INFO - [2022-08-14 04:10:10,582] {dagbag.py:507} INFO - Filling up the DagBag from /home/airflow/.local/lib/python3.7/site-packages/airflow/example_dags/example_kubernetes_executor.py
[2022-08-14 04:10:10,641] {processor.py:651} INFO - DAG(s) dict_keys(['example_kubernetes_executor']) retrieved from /home/airflow/.local/lib/python3.7/site-packages/airflow/example_dags/example_kubernetes_executor.py
[2022-08-14 04:10:10,689] {logging_mixin.py:115} INFO - [2022-08-14 04:10:10,689] {dag.py:2371} INFO - Sync 1 DAGs
[2022-08-14 04:10:10,719] {logging_mixin.py:115} INFO - [2022-08-14 04:10:10,719] {dag.py:2919} INFO - Setting next_dagrun for example_kubernetes_executor to None, run_after=None
[2022-08-14 04:10:10,734] {processor.py:161} INFO - Processing /home/airflow/.local/lib/python3.7/site-packages/airflow/example_dags/example_kubernetes_executor.py took 0.160 seconds
[2022-08-14 04:10:41,923] {processor.py:153} INFO - Started process (PID=8790) to work on /home/airflow/.local/lib/python3.7/site-packages/airflow/example_dags/example_kubernetes_executor.py
[2022-08-14 04:10:41,926] {processor.py:641} INFO - Processing file /home/airflow/.local/lib/python3.7/site-packages/airflow/example_dags/example_kubernetes_executor.py for tasks to queue
[2022-08-14 04:10:41,928] {logging_mixin.py:115} INFO - [2022-08-14 04:10:41,928] {dagbag.py:507} INFO - Filling up the DagBag from /home/airflow/.local/lib/python3.7/site-packages/airflow/example_dags/example_kubernetes_executor.py
[2022-08-14 04:10:41,990] {processor.py:651} INFO - DAG(s) dict_keys(['example_kubernetes_executor']) retrieved from /home/airflow/.local/lib/python3.7/site-packages/airflow/example_dags/example_kubernetes_executor.py
[2022-08-14 04:10:42,058] {logging_mixin.py:115} INFO - [2022-08-14 04:10:42,058] {dag.py:2371} INFO - Sync 1 DAGs
[2022-08-14 04:10:42,113] {logging_mixin.py:115} INFO - [2022-08-14 04:10:42,113] {dag.py:2919} INFO - Setting next_dagrun for example_kubernetes_executor to None, run_after=None
[2022-08-14 04:10:42,140] {processor.py:161} INFO - Processing /home/airflow/.local/lib/python3.7/site-packages/airflow/example_dags/example_kubernetes_executor.py took 0.225 seconds
[2022-08-14 04:15:47,306] {processor.py:153} INFO - Started process (PID=8844) to work on /home/airflow/.local/lib/python3.7/site-packages/airflow/example_dags/example_kubernetes_executor.py
[2022-08-14 04:15:47,308] {processor.py:641} INFO - Processing file /home/airflow/.local/lib/python3.7/site-packages/airflow/example_dags/example_kubernetes_executor.py for tasks to queue
[2022-08-14 04:15:47,309] {logging_mixin.py:115} INFO - [2022-08-14 04:15:47,309] {dagbag.py:507} INFO - Filling up the DagBag from /home/airflow/.local/lib/python3.7/site-packages/airflow/example_dags/example_kubernetes_executor.py
[2022-08-14 04:15:47,471] {processor.py:651} INFO - DAG(s) dict_keys(['example_kubernetes_executor']) retrieved from /home/airflow/.local/lib/python3.7/site-packages/airflow/example_dags/example_kubernetes_executor.py
[2022-08-14 04:15:48,683] {logging_mixin.py:115} INFO - [2022-08-14 04:15:48,681] {dag.py:2371} INFO - Sync 1 DAGs
[2022-08-14 04:15:50,358] {logging_mixin.py:115} INFO - [2022-08-14 04:15:50,357] {dag.py:2919} INFO - Setting next_dagrun for example_kubernetes_executor to None, run_after=None
[2022-08-14 04:15:52,380] {processor.py:161} INFO - Processing /home/airflow/.local/lib/python3.7/site-packages/airflow/example_dags/example_kubernetes_executor.py took 5.071 seconds
[2022-08-14 04:16:23,023] {processor.py:153} INFO - Started process (PID=8896) to work on /home/airflow/.local/lib/python3.7/site-packages/airflow/example_dags/example_kubernetes_executor.py
[2022-08-14 04:16:23,027] {processor.py:641} INFO - Processing file /home/airflow/.local/lib/python3.7/site-packages/airflow/example_dags/example_kubernetes_executor.py for tasks to queue
[2022-08-14 04:16:23,030] {logging_mixin.py:115} INFO - [2022-08-14 04:16:23,030] {dagbag.py:507} INFO - Filling up the DagBag from /home/airflow/.local/lib/python3.7/site-packages/airflow/example_dags/example_kubernetes_executor.py
[2022-08-14 04:16:23,132] {processor.py:651} INFO - DAG(s) dict_keys(['example_kubernetes_executor']) retrieved from /home/airflow/.local/lib/python3.7/site-packages/airflow/example_dags/example_kubernetes_executor.py
[2022-08-14 04:16:23,212] {logging_mixin.py:115} INFO - [2022-08-14 04:16:23,212] {dag.py:2371} INFO - Sync 1 DAGs
[2022-08-14 04:16:23,267] {logging_mixin.py:115} INFO - [2022-08-14 04:16:23,267] {dag.py:2919} INFO - Setting next_dagrun for example_kubernetes_executor to None, run_after=None
[2022-08-14 04:16:23,303] {processor.py:161} INFO - Processing /home/airflow/.local/lib/python3.7/site-packages/airflow/example_dags/example_kubernetes_executor.py took 0.291 seconds
[2022-08-14 04:21:19,718] {processor.py:153} INFO - Started process (PID=8939) to work on /home/airflow/.local/lib/python3.7/site-packages/airflow/example_dags/example_kubernetes_executor.py
[2022-08-14 04:21:19,719] {processor.py:641} INFO - Processing file /home/airflow/.local/lib/python3.7/site-packages/airflow/example_dags/example_kubernetes_executor.py for tasks to queue
[2022-08-14 04:21:19,723] {logging_mixin.py:115} INFO - [2022-08-14 04:21:19,723] {dagbag.py:507} INFO - Filling up the DagBag from /home/airflow/.local/lib/python3.7/site-packages/airflow/example_dags/example_kubernetes_executor.py
[2022-08-14 04:21:19,783] {processor.py:651} INFO - DAG(s) dict_keys(['example_kubernetes_executor']) retrieved from /home/airflow/.local/lib/python3.7/site-packages/airflow/example_dags/example_kubernetes_executor.py
[2022-08-14 04:21:19,827] {logging_mixin.py:115} INFO - [2022-08-14 04:21:19,826] {dag.py:2371} INFO - Sync 1 DAGs
[2022-08-14 04:21:19,856] {logging_mixin.py:115} INFO - [2022-08-14 04:21:19,856] {dag.py:2919} INFO - Setting next_dagrun for example_kubernetes_executor to None, run_after=None
[2022-08-14 04:21:19,871] {processor.py:161} INFO - Processing /home/airflow/.local/lib/python3.7/site-packages/airflow/example_dags/example_kubernetes_executor.py took 0.163 seconds
[2022-08-14 04:21:50,495] {processor.py:153} INFO - Started process (PID=8991) to work on /home/airflow/.local/lib/python3.7/site-packages/airflow/example_dags/example_kubernetes_executor.py
[2022-08-14 04:21:50,498] {processor.py:641} INFO - Processing file /home/airflow/.local/lib/python3.7/site-packages/airflow/example_dags/example_kubernetes_executor.py for tasks to queue
[2022-08-14 04:21:50,501] {logging_mixin.py:115} INFO - [2022-08-14 04:21:50,501] {dagbag.py:507} INFO - Filling up the DagBag from /home/airflow/.local/lib/python3.7/site-packages/airflow/example_dags/example_kubernetes_executor.py
[2022-08-14 04:21:50,571] {processor.py:651} INFO - DAG(s) dict_keys(['example_kubernetes_executor']) retrieved from /home/airflow/.local/lib/python3.7/site-packages/airflow/example_dags/example_kubernetes_executor.py
[2022-08-14 04:21:50,652] {logging_mixin.py:115} INFO - [2022-08-14 04:21:50,651] {dag.py:2371} INFO - Sync 1 DAGs
[2022-08-14 04:21:50,706] {logging_mixin.py:115} INFO - [2022-08-14 04:21:50,706] {dag.py:2919} INFO - Setting next_dagrun for example_kubernetes_executor to None, run_after=None
[2022-08-14 04:21:50,734] {processor.py:161} INFO - Processing /home/airflow/.local/lib/python3.7/site-packages/airflow/example_dags/example_kubernetes_executor.py took 0.247 seconds
[2022-08-14 04:26:52,297] {processor.py:153} INFO - Started process (PID=9044) to work on /home/airflow/.local/lib/python3.7/site-packages/airflow/example_dags/example_kubernetes_executor.py
[2022-08-14 04:26:52,304] {processor.py:641} INFO - Processing file /home/airflow/.local/lib/python3.7/site-packages/airflow/example_dags/example_kubernetes_executor.py for tasks to queue
[2022-08-14 04:26:52,314] {logging_mixin.py:115} INFO - [2022-08-14 04:26:52,306] {dagbag.py:507} INFO - Filling up the DagBag from /home/airflow/.local/lib/python3.7/site-packages/airflow/example_dags/example_kubernetes_executor.py
[2022-08-14 04:26:52,438] {processor.py:651} INFO - DAG(s) dict_keys(['example_kubernetes_executor']) retrieved from /home/airflow/.local/lib/python3.7/site-packages/airflow/example_dags/example_kubernetes_executor.py
[2022-08-14 04:26:52,579] {logging_mixin.py:115} INFO - [2022-08-14 04:26:52,579] {dag.py:2371} INFO - Sync 1 DAGs
[2022-08-14 04:26:52,679] {logging_mixin.py:115} INFO - [2022-08-14 04:26:52,679] {dag.py:2919} INFO - Setting next_dagrun for example_kubernetes_executor to None, run_after=None
[2022-08-14 04:26:52,731] {processor.py:161} INFO - Processing /home/airflow/.local/lib/python3.7/site-packages/airflow/example_dags/example_kubernetes_executor.py took 0.446 seconds
[2022-08-14 04:27:23,180] {processor.py:153} INFO - Started process (PID=9096) to work on /home/airflow/.local/lib/python3.7/site-packages/airflow/example_dags/example_kubernetes_executor.py
[2022-08-14 04:27:23,183] {processor.py:641} INFO - Processing file /home/airflow/.local/lib/python3.7/site-packages/airflow/example_dags/example_kubernetes_executor.py for tasks to queue
[2022-08-14 04:27:23,189] {logging_mixin.py:115} INFO - [2022-08-14 04:27:23,188] {dagbag.py:507} INFO - Filling up the DagBag from /home/airflow/.local/lib/python3.7/site-packages/airflow/example_dags/example_kubernetes_executor.py
[2022-08-14 04:27:23,258] {processor.py:651} INFO - DAG(s) dict_keys(['example_kubernetes_executor']) retrieved from /home/airflow/.local/lib/python3.7/site-packages/airflow/example_dags/example_kubernetes_executor.py
[2022-08-14 04:27:23,331] {logging_mixin.py:115} INFO - [2022-08-14 04:27:23,331] {dag.py:2371} INFO - Sync 1 DAGs
[2022-08-14 04:27:23,380] {logging_mixin.py:115} INFO - [2022-08-14 04:27:23,380] {dag.py:2919} INFO - Setting next_dagrun for example_kubernetes_executor to None, run_after=None
[2022-08-14 04:27:23,422] {processor.py:161} INFO - Processing /home/airflow/.local/lib/python3.7/site-packages/airflow/example_dags/example_kubernetes_executor.py took 0.252 seconds
[2022-08-14 04:32:25,198] {processor.py:153} INFO - Started process (PID=9148) to work on /home/airflow/.local/lib/python3.7/site-packages/airflow/example_dags/example_kubernetes_executor.py
[2022-08-14 04:32:25,208] {processor.py:641} INFO - Processing file /home/airflow/.local/lib/python3.7/site-packages/airflow/example_dags/example_kubernetes_executor.py for tasks to queue
[2022-08-14 04:32:25,210] {logging_mixin.py:115} INFO - [2022-08-14 04:32:25,210] {dagbag.py:507} INFO - Filling up the DagBag from /home/airflow/.local/lib/python3.7/site-packages/airflow/example_dags/example_kubernetes_executor.py
[2022-08-14 04:32:25,313] {processor.py:651} INFO - DAG(s) dict_keys(['example_kubernetes_executor']) retrieved from /home/airflow/.local/lib/python3.7/site-packages/airflow/example_dags/example_kubernetes_executor.py
[2022-08-14 04:32:25,397] {logging_mixin.py:115} INFO - [2022-08-14 04:32:25,397] {dag.py:2371} INFO - Sync 1 DAGs
[2022-08-14 04:32:25,439] {logging_mixin.py:115} INFO - [2022-08-14 04:32:25,439] {dag.py:2919} INFO - Setting next_dagrun for example_kubernetes_executor to None, run_after=None
[2022-08-14 04:32:25,468] {processor.py:161} INFO - Processing /home/airflow/.local/lib/python3.7/site-packages/airflow/example_dags/example_kubernetes_executor.py took 0.274 seconds
[2022-08-14 04:32:55,761] {processor.py:153} INFO - Started process (PID=9200) to work on /home/airflow/.local/lib/python3.7/site-packages/airflow/example_dags/example_kubernetes_executor.py
[2022-08-14 04:32:55,764] {processor.py:641} INFO - Processing file /home/airflow/.local/lib/python3.7/site-packages/airflow/example_dags/example_kubernetes_executor.py for tasks to queue
[2022-08-14 04:32:55,766] {logging_mixin.py:115} INFO - [2022-08-14 04:32:55,766] {dagbag.py:507} INFO - Filling up the DagBag from /home/airflow/.local/lib/python3.7/site-packages/airflow/example_dags/example_kubernetes_executor.py
[2022-08-14 04:32:55,836] {processor.py:651} INFO - DAG(s) dict_keys(['example_kubernetes_executor']) retrieved from /home/airflow/.local/lib/python3.7/site-packages/airflow/example_dags/example_kubernetes_executor.py
[2022-08-14 04:32:55,908] {logging_mixin.py:115} INFO - [2022-08-14 04:32:55,908] {dag.py:2371} INFO - Sync 1 DAGs
[2022-08-14 04:32:55,962] {logging_mixin.py:115} INFO - [2022-08-14 04:32:55,962] {dag.py:2919} INFO - Setting next_dagrun for example_kubernetes_executor to None, run_after=None
[2022-08-14 04:32:56,000] {processor.py:161} INFO - Processing /home/airflow/.local/lib/python3.7/site-packages/airflow/example_dags/example_kubernetes_executor.py took 0.249 seconds
[2022-08-14 04:37:59,236] {processor.py:153} INFO - Started process (PID=9252) to work on /home/airflow/.local/lib/python3.7/site-packages/airflow/example_dags/example_kubernetes_executor.py
[2022-08-14 04:37:59,238] {processor.py:641} INFO - Processing file /home/airflow/.local/lib/python3.7/site-packages/airflow/example_dags/example_kubernetes_executor.py for tasks to queue
[2022-08-14 04:37:59,239] {logging_mixin.py:115} INFO - [2022-08-14 04:37:59,239] {dagbag.py:507} INFO - Filling up the DagBag from /home/airflow/.local/lib/python3.7/site-packages/airflow/example_dags/example_kubernetes_executor.py
[2022-08-14 04:37:59,278] {processor.py:651} INFO - DAG(s) dict_keys(['example_kubernetes_executor']) retrieved from /home/airflow/.local/lib/python3.7/site-packages/airflow/example_dags/example_kubernetes_executor.py
[2022-08-14 04:37:59,313] {logging_mixin.py:115} INFO - [2022-08-14 04:37:59,313] {dag.py:2371} INFO - Sync 1 DAGs
[2022-08-14 04:37:59,336] {logging_mixin.py:115} INFO - [2022-08-14 04:37:59,336] {dag.py:2919} INFO - Setting next_dagrun for example_kubernetes_executor to None, run_after=None
[2022-08-14 04:37:59,351] {processor.py:161} INFO - Processing /home/airflow/.local/lib/python3.7/site-packages/airflow/example_dags/example_kubernetes_executor.py took 0.118 seconds
[2022-08-14 04:38:30,146] {processor.py:153} INFO - Started process (PID=9304) to work on /home/airflow/.local/lib/python3.7/site-packages/airflow/example_dags/example_kubernetes_executor.py
[2022-08-14 04:38:30,149] {processor.py:641} INFO - Processing file /home/airflow/.local/lib/python3.7/site-packages/airflow/example_dags/example_kubernetes_executor.py for tasks to queue
[2022-08-14 04:38:30,152] {logging_mixin.py:115} INFO - [2022-08-14 04:38:30,151] {dagbag.py:507} INFO - Filling up the DagBag from /home/airflow/.local/lib/python3.7/site-packages/airflow/example_dags/example_kubernetes_executor.py
[2022-08-14 04:38:30,226] {processor.py:651} INFO - DAG(s) dict_keys(['example_kubernetes_executor']) retrieved from /home/airflow/.local/lib/python3.7/site-packages/airflow/example_dags/example_kubernetes_executor.py
[2022-08-14 04:38:30,296] {logging_mixin.py:115} INFO - [2022-08-14 04:38:30,296] {dag.py:2371} INFO - Sync 1 DAGs
[2022-08-14 04:38:30,340] {logging_mixin.py:115} INFO - [2022-08-14 04:38:30,340] {dag.py:2919} INFO - Setting next_dagrun for example_kubernetes_executor to None, run_after=None
[2022-08-14 04:38:30,370] {processor.py:161} INFO - Processing /home/airflow/.local/lib/python3.7/site-packages/airflow/example_dags/example_kubernetes_executor.py took 0.232 seconds
[2022-08-14 04:43:31,703] {processor.py:153} INFO - Started process (PID=9356) to work on /home/airflow/.local/lib/python3.7/site-packages/airflow/example_dags/example_kubernetes_executor.py
[2022-08-14 04:43:31,704] {processor.py:641} INFO - Processing file /home/airflow/.local/lib/python3.7/site-packages/airflow/example_dags/example_kubernetes_executor.py for tasks to queue
[2022-08-14 04:43:31,706] {logging_mixin.py:115} INFO - [2022-08-14 04:43:31,705] {dagbag.py:507} INFO - Filling up the DagBag from /home/airflow/.local/lib/python3.7/site-packages/airflow/example_dags/example_kubernetes_executor.py
[2022-08-14 04:43:31,833] {processor.py:651} INFO - DAG(s) dict_keys(['example_kubernetes_executor']) retrieved from /home/airflow/.local/lib/python3.7/site-packages/airflow/example_dags/example_kubernetes_executor.py
[2022-08-14 04:43:31,976] {logging_mixin.py:115} INFO - [2022-08-14 04:43:31,976] {dag.py:2371} INFO - Sync 1 DAGs
[2022-08-14 04:43:32,057] {logging_mixin.py:115} INFO - [2022-08-14 04:43:32,057] {dag.py:2919} INFO - Setting next_dagrun for example_kubernetes_executor to None, run_after=None
[2022-08-14 04:43:32,113] {processor.py:161} INFO - Processing /home/airflow/.local/lib/python3.7/site-packages/airflow/example_dags/example_kubernetes_executor.py took 0.415 seconds
[2022-08-14 04:44:02,533] {processor.py:153} INFO - Started process (PID=9409) to work on /home/airflow/.local/lib/python3.7/site-packages/airflow/example_dags/example_kubernetes_executor.py
[2022-08-14 04:44:02,535] {processor.py:641} INFO - Processing file /home/airflow/.local/lib/python3.7/site-packages/airflow/example_dags/example_kubernetes_executor.py for tasks to queue
[2022-08-14 04:44:02,538] {logging_mixin.py:115} INFO - [2022-08-14 04:44:02,537] {dagbag.py:507} INFO - Filling up the DagBag from /home/airflow/.local/lib/python3.7/site-packages/airflow/example_dags/example_kubernetes_executor.py
[2022-08-14 04:44:02,609] {processor.py:651} INFO - DAG(s) dict_keys(['example_kubernetes_executor']) retrieved from /home/airflow/.local/lib/python3.7/site-packages/airflow/example_dags/example_kubernetes_executor.py
[2022-08-14 04:44:02,678] {logging_mixin.py:115} INFO - [2022-08-14 04:44:02,677] {dag.py:2371} INFO - Sync 1 DAGs
[2022-08-14 04:44:02,728] {logging_mixin.py:115} INFO - [2022-08-14 04:44:02,728] {dag.py:2919} INFO - Setting next_dagrun for example_kubernetes_executor to None, run_after=None
[2022-08-14 04:44:02,757] {processor.py:161} INFO - Processing /home/airflow/.local/lib/python3.7/site-packages/airflow/example_dags/example_kubernetes_executor.py took 0.234 seconds
[2022-08-14 04:49:04,867] {processor.py:153} INFO - Started process (PID=9462) to work on /home/airflow/.local/lib/python3.7/site-packages/airflow/example_dags/example_kubernetes_executor.py
[2022-08-14 04:49:04,870] {processor.py:641} INFO - Processing file /home/airflow/.local/lib/python3.7/site-packages/airflow/example_dags/example_kubernetes_executor.py for tasks to queue
[2022-08-14 04:49:04,872] {logging_mixin.py:115} INFO - [2022-08-14 04:49:04,872] {dagbag.py:507} INFO - Filling up the DagBag from /home/airflow/.local/lib/python3.7/site-packages/airflow/example_dags/example_kubernetes_executor.py
[2022-08-14 04:49:04,940] {processor.py:651} INFO - DAG(s) dict_keys(['example_kubernetes_executor']) retrieved from /home/airflow/.local/lib/python3.7/site-packages/airflow/example_dags/example_kubernetes_executor.py
[2022-08-14 04:49:04,995] {logging_mixin.py:115} INFO - [2022-08-14 04:49:04,995] {dag.py:2371} INFO - Sync 1 DAGs
[2022-08-14 04:49:05,039] {logging_mixin.py:115} INFO - [2022-08-14 04:49:05,039] {dag.py:2919} INFO - Setting next_dagrun for example_kubernetes_executor to None, run_after=None
[2022-08-14 04:49:05,065] {processor.py:161} INFO - Processing /home/airflow/.local/lib/python3.7/site-packages/airflow/example_dags/example_kubernetes_executor.py took 0.213 seconds
[2022-08-14 04:49:35,708] {processor.py:153} INFO - Started process (PID=9514) to work on /home/airflow/.local/lib/python3.7/site-packages/airflow/example_dags/example_kubernetes_executor.py
[2022-08-14 04:49:35,713] {processor.py:641} INFO - Processing file /home/airflow/.local/lib/python3.7/site-packages/airflow/example_dags/example_kubernetes_executor.py for tasks to queue
[2022-08-14 04:49:35,717] {logging_mixin.py:115} INFO - [2022-08-14 04:49:35,717] {dagbag.py:507} INFO - Filling up the DagBag from /home/airflow/.local/lib/python3.7/site-packages/airflow/example_dags/example_kubernetes_executor.py
[2022-08-14 04:49:35,805] {processor.py:651} INFO - DAG(s) dict_keys(['example_kubernetes_executor']) retrieved from /home/airflow/.local/lib/python3.7/site-packages/airflow/example_dags/example_kubernetes_executor.py
[2022-08-14 04:49:35,885] {logging_mixin.py:115} INFO - [2022-08-14 04:49:35,885] {dag.py:2371} INFO - Sync 1 DAGs
[2022-08-14 04:49:35,949] {logging_mixin.py:115} INFO - [2022-08-14 04:49:35,949] {dag.py:2919} INFO - Setting next_dagrun for example_kubernetes_executor to None, run_after=None
[2022-08-14 04:49:35,983] {processor.py:161} INFO - Processing /home/airflow/.local/lib/python3.7/site-packages/airflow/example_dags/example_kubernetes_executor.py took 0.285 seconds
[2022-08-14 04:54:38,148] {processor.py:153} INFO - Started process (PID=9567) to work on /home/airflow/.local/lib/python3.7/site-packages/airflow/example_dags/example_kubernetes_executor.py
[2022-08-14 04:54:38,155] {processor.py:641} INFO - Processing file /home/airflow/.local/lib/python3.7/site-packages/airflow/example_dags/example_kubernetes_executor.py for tasks to queue
[2022-08-14 04:54:38,166] {logging_mixin.py:115} INFO - [2022-08-14 04:54:38,165] {dagbag.py:507} INFO - Filling up the DagBag from /home/airflow/.local/lib/python3.7/site-packages/airflow/example_dags/example_kubernetes_executor.py
[2022-08-14 04:54:38,254] {processor.py:651} INFO - DAG(s) dict_keys(['example_kubernetes_executor']) retrieved from /home/airflow/.local/lib/python3.7/site-packages/airflow/example_dags/example_kubernetes_executor.py
[2022-08-14 04:54:38,323] {logging_mixin.py:115} INFO - [2022-08-14 04:54:38,323] {dag.py:2371} INFO - Sync 1 DAGs
[2022-08-14 04:54:38,366] {logging_mixin.py:115} INFO - [2022-08-14 04:54:38,366] {dag.py:2919} INFO - Setting next_dagrun for example_kubernetes_executor to None, run_after=None
[2022-08-14 04:54:38,405] {processor.py:161} INFO - Processing /home/airflow/.local/lib/python3.7/site-packages/airflow/example_dags/example_kubernetes_executor.py took 0.284 seconds
[2022-08-14 04:55:08,783] {processor.py:153} INFO - Started process (PID=9619) to work on /home/airflow/.local/lib/python3.7/site-packages/airflow/example_dags/example_kubernetes_executor.py
[2022-08-14 04:55:08,787] {processor.py:641} INFO - Processing file /home/airflow/.local/lib/python3.7/site-packages/airflow/example_dags/example_kubernetes_executor.py for tasks to queue
[2022-08-14 04:55:08,791] {logging_mixin.py:115} INFO - [2022-08-14 04:55:08,791] {dagbag.py:507} INFO - Filling up the DagBag from /home/airflow/.local/lib/python3.7/site-packages/airflow/example_dags/example_kubernetes_executor.py
[2022-08-14 04:55:08,891] {processor.py:651} INFO - DAG(s) dict_keys(['example_kubernetes_executor']) retrieved from /home/airflow/.local/lib/python3.7/site-packages/airflow/example_dags/example_kubernetes_executor.py
[2022-08-14 04:55:08,974] {logging_mixin.py:115} INFO - [2022-08-14 04:55:08,974] {dag.py:2371} INFO - Sync 1 DAGs
[2022-08-14 04:55:09,034] {logging_mixin.py:115} INFO - [2022-08-14 04:55:09,033] {dag.py:2919} INFO - Setting next_dagrun for example_kubernetes_executor to None, run_after=None
[2022-08-14 04:55:09,072] {processor.py:161} INFO - Processing /home/airflow/.local/lib/python3.7/site-packages/airflow/example_dags/example_kubernetes_executor.py took 0.301 seconds
[2022-08-14 05:00:10,580] {processor.py:153} INFO - Started process (PID=9672) to work on /home/airflow/.local/lib/python3.7/site-packages/airflow/example_dags/example_kubernetes_executor.py
[2022-08-14 05:00:10,595] {processor.py:641} INFO - Processing file /home/airflow/.local/lib/python3.7/site-packages/airflow/example_dags/example_kubernetes_executor.py for tasks to queue
[2022-08-14 05:00:10,600] {logging_mixin.py:115} INFO - [2022-08-14 05:00:10,600] {dagbag.py:507} INFO - Filling up the DagBag from /home/airflow/.local/lib/python3.7/site-packages/airflow/example_dags/example_kubernetes_executor.py
[2022-08-14 05:00:10,824] {processor.py:651} INFO - DAG(s) dict_keys(['example_kubernetes_executor']) retrieved from /home/airflow/.local/lib/python3.7/site-packages/airflow/example_dags/example_kubernetes_executor.py
[2022-08-14 05:00:11,033] {logging_mixin.py:115} INFO - [2022-08-14 05:00:11,033] {dag.py:2371} INFO - Sync 1 DAGs
[2022-08-14 05:00:11,111] {logging_mixin.py:115} INFO - [2022-08-14 05:00:11,111] {dag.py:2919} INFO - Setting next_dagrun for example_kubernetes_executor to None, run_after=None
[2022-08-14 05:00:11,147] {processor.py:161} INFO - Processing /home/airflow/.local/lib/python3.7/site-packages/airflow/example_dags/example_kubernetes_executor.py took 0.588 seconds
[2022-08-14 05:00:41,467] {processor.py:153} INFO - Started process (PID=9726) to work on /home/airflow/.local/lib/python3.7/site-packages/airflow/example_dags/example_kubernetes_executor.py
[2022-08-14 05:00:41,470] {processor.py:641} INFO - Processing file /home/airflow/.local/lib/python3.7/site-packages/airflow/example_dags/example_kubernetes_executor.py for tasks to queue
[2022-08-14 05:00:41,473] {logging_mixin.py:115} INFO - [2022-08-14 05:00:41,473] {dagbag.py:507} INFO - Filling up the DagBag from /home/airflow/.local/lib/python3.7/site-packages/airflow/example_dags/example_kubernetes_executor.py
[2022-08-14 05:00:41,547] {processor.py:651} INFO - DAG(s) dict_keys(['example_kubernetes_executor']) retrieved from /home/airflow/.local/lib/python3.7/site-packages/airflow/example_dags/example_kubernetes_executor.py
[2022-08-14 05:00:41,625] {logging_mixin.py:115} INFO - [2022-08-14 05:00:41,624] {dag.py:2371} INFO - Sync 1 DAGs
[2022-08-14 05:00:41,678] {logging_mixin.py:115} INFO - [2022-08-14 05:00:41,677] {dag.py:2919} INFO - Setting next_dagrun for example_kubernetes_executor to None, run_after=None
[2022-08-14 05:00:41,710] {processor.py:161} INFO - Processing /home/airflow/.local/lib/python3.7/site-packages/airflow/example_dags/example_kubernetes_executor.py took 0.255 seconds
[2022-08-14 05:05:42,724] {processor.py:153} INFO - Started process (PID=9778) to work on /home/airflow/.local/lib/python3.7/site-packages/airflow/example_dags/example_kubernetes_executor.py
[2022-08-14 05:05:42,733] {processor.py:641} INFO - Processing file /home/airflow/.local/lib/python3.7/site-packages/airflow/example_dags/example_kubernetes_executor.py for tasks to queue
[2022-08-14 05:05:42,738] {logging_mixin.py:115} INFO - [2022-08-14 05:05:42,737] {dagbag.py:507} INFO - Filling up the DagBag from /home/airflow/.local/lib/python3.7/site-packages/airflow/example_dags/example_kubernetes_executor.py
[2022-08-14 05:05:42,840] {processor.py:651} INFO - DAG(s) dict_keys(['example_kubernetes_executor']) retrieved from /home/airflow/.local/lib/python3.7/site-packages/airflow/example_dags/example_kubernetes_executor.py
[2022-08-14 05:05:42,894] {logging_mixin.py:115} INFO - [2022-08-14 05:05:42,894] {dag.py:2371} INFO - Sync 1 DAGs
[2022-08-14 05:05:42,940] {logging_mixin.py:115} INFO - [2022-08-14 05:05:42,940] {dag.py:2919} INFO - Setting next_dagrun for example_kubernetes_executor to None, run_after=None
[2022-08-14 05:05:42,988] {processor.py:161} INFO - Processing /home/airflow/.local/lib/python3.7/site-packages/airflow/example_dags/example_kubernetes_executor.py took 0.279 seconds
[2022-08-14 05:06:13,499] {processor.py:153} INFO - Started process (PID=9830) to work on /home/airflow/.local/lib/python3.7/site-packages/airflow/example_dags/example_kubernetes_executor.py
[2022-08-14 05:06:13,517] {processor.py:641} INFO - Processing file /home/airflow/.local/lib/python3.7/site-packages/airflow/example_dags/example_kubernetes_executor.py for tasks to queue
[2022-08-14 05:06:13,522] {logging_mixin.py:115} INFO - [2022-08-14 05:06:13,521] {dagbag.py:507} INFO - Filling up the DagBag from /home/airflow/.local/lib/python3.7/site-packages/airflow/example_dags/example_kubernetes_executor.py
[2022-08-14 05:06:13,601] {processor.py:651} INFO - DAG(s) dict_keys(['example_kubernetes_executor']) retrieved from /home/airflow/.local/lib/python3.7/site-packages/airflow/example_dags/example_kubernetes_executor.py
[2022-08-14 05:06:13,690] {logging_mixin.py:115} INFO - [2022-08-14 05:06:13,690] {dag.py:2371} INFO - Sync 1 DAGs
[2022-08-14 05:06:13,751] {logging_mixin.py:115} INFO - [2022-08-14 05:06:13,750] {dag.py:2919} INFO - Setting next_dagrun for example_kubernetes_executor to None, run_after=None
[2022-08-14 05:06:13,785] {processor.py:161} INFO - Processing /home/airflow/.local/lib/python3.7/site-packages/airflow/example_dags/example_kubernetes_executor.py took 0.296 seconds
[2022-08-14 05:15:33,408] {processor.py:153} INFO - Started process (PID=9882) to work on /home/airflow/.local/lib/python3.7/site-packages/airflow/example_dags/example_kubernetes_executor.py
[2022-08-14 05:15:33,409] {processor.py:641} INFO - Processing file /home/airflow/.local/lib/python3.7/site-packages/airflow/example_dags/example_kubernetes_executor.py for tasks to queue
[2022-08-14 05:15:33,411] {logging_mixin.py:115} INFO - [2022-08-14 05:15:33,410] {dagbag.py:507} INFO - Filling up the DagBag from /home/airflow/.local/lib/python3.7/site-packages/airflow/example_dags/example_kubernetes_executor.py
[2022-08-14 05:15:33,439] {processor.py:651} INFO - DAG(s) dict_keys(['example_kubernetes_executor']) retrieved from /home/airflow/.local/lib/python3.7/site-packages/airflow/example_dags/example_kubernetes_executor.py
[2022-08-14 05:15:33,474] {logging_mixin.py:115} INFO - [2022-08-14 05:15:33,474] {dag.py:2371} INFO - Sync 1 DAGs
[2022-08-14 05:15:33,496] {logging_mixin.py:115} INFO - [2022-08-14 05:15:33,496] {dag.py:2919} INFO - Setting next_dagrun for example_kubernetes_executor to None, run_after=None
[2022-08-14 05:15:33,527] {processor.py:161} INFO - Processing /home/airflow/.local/lib/python3.7/site-packages/airflow/example_dags/example_kubernetes_executor.py took 0.123 seconds
[2022-08-14 05:16:04,361] {processor.py:153} INFO - Started process (PID=9935) to work on /home/airflow/.local/lib/python3.7/site-packages/airflow/example_dags/example_kubernetes_executor.py
[2022-08-14 05:16:04,364] {processor.py:641} INFO - Processing file /home/airflow/.local/lib/python3.7/site-packages/airflow/example_dags/example_kubernetes_executor.py for tasks to queue
[2022-08-14 05:16:04,366] {logging_mixin.py:115} INFO - [2022-08-14 05:16:04,366] {dagbag.py:507} INFO - Filling up the DagBag from /home/airflow/.local/lib/python3.7/site-packages/airflow/example_dags/example_kubernetes_executor.py
[2022-08-14 05:16:04,435] {processor.py:651} INFO - DAG(s) dict_keys(['example_kubernetes_executor']) retrieved from /home/airflow/.local/lib/python3.7/site-packages/airflow/example_dags/example_kubernetes_executor.py
[2022-08-14 05:16:04,510] {logging_mixin.py:115} INFO - [2022-08-14 05:16:04,510] {dag.py:2371} INFO - Sync 1 DAGs
[2022-08-14 05:16:04,554] {logging_mixin.py:115} INFO - [2022-08-14 05:16:04,554] {dag.py:2919} INFO - Setting next_dagrun for example_kubernetes_executor to None, run_after=None
[2022-08-14 05:16:04,581] {processor.py:161} INFO - Processing /home/airflow/.local/lib/python3.7/site-packages/airflow/example_dags/example_kubernetes_executor.py took 0.229 seconds
[2022-08-14 05:21:09,196] {processor.py:153} INFO - Started process (PID=9987) to work on /home/airflow/.local/lib/python3.7/site-packages/airflow/example_dags/example_kubernetes_executor.py
[2022-08-14 05:21:09,204] {processor.py:641} INFO - Processing file /home/airflow/.local/lib/python3.7/site-packages/airflow/example_dags/example_kubernetes_executor.py for tasks to queue
[2022-08-14 05:21:09,208] {logging_mixin.py:115} INFO - [2022-08-14 05:21:09,208] {dagbag.py:507} INFO - Filling up the DagBag from /home/airflow/.local/lib/python3.7/site-packages/airflow/example_dags/example_kubernetes_executor.py
[2022-08-14 05:21:09,313] {processor.py:651} INFO - DAG(s) dict_keys(['example_kubernetes_executor']) retrieved from /home/airflow/.local/lib/python3.7/site-packages/airflow/example_dags/example_kubernetes_executor.py
[2022-08-14 05:21:09,409] {logging_mixin.py:115} INFO - [2022-08-14 05:21:09,408] {dag.py:2371} INFO - Sync 1 DAGs
[2022-08-14 05:21:09,458] {logging_mixin.py:115} INFO - [2022-08-14 05:21:09,458] {dag.py:2919} INFO - Setting next_dagrun for example_kubernetes_executor to None, run_after=None
[2022-08-14 05:21:09,510] {processor.py:161} INFO - Processing /home/airflow/.local/lib/python3.7/site-packages/airflow/example_dags/example_kubernetes_executor.py took 0.332 seconds
[2022-08-14 05:21:40,260] {processor.py:153} INFO - Started process (PID=10040) to work on /home/airflow/.local/lib/python3.7/site-packages/airflow/example_dags/example_kubernetes_executor.py
[2022-08-14 05:21:40,264] {processor.py:641} INFO - Processing file /home/airflow/.local/lib/python3.7/site-packages/airflow/example_dags/example_kubernetes_executor.py for tasks to queue
[2022-08-14 05:21:40,269] {logging_mixin.py:115} INFO - [2022-08-14 05:21:40,269] {dagbag.py:507} INFO - Filling up the DagBag from /home/airflow/.local/lib/python3.7/site-packages/airflow/example_dags/example_kubernetes_executor.py
[2022-08-14 05:21:40,365] {processor.py:651} INFO - DAG(s) dict_keys(['example_kubernetes_executor']) retrieved from /home/airflow/.local/lib/python3.7/site-packages/airflow/example_dags/example_kubernetes_executor.py
[2022-08-14 05:21:40,476] {logging_mixin.py:115} INFO - [2022-08-14 05:21:40,475] {dag.py:2371} INFO - Sync 1 DAGs
[2022-08-14 05:21:40,571] {logging_mixin.py:115} INFO - [2022-08-14 05:21:40,571] {dag.py:2919} INFO - Setting next_dagrun for example_kubernetes_executor to None, run_after=None
[2022-08-14 05:21:40,611] {processor.py:161} INFO - Processing /home/airflow/.local/lib/python3.7/site-packages/airflow/example_dags/example_kubernetes_executor.py took 0.370 seconds
[2022-08-14 05:24:10,690] {processor.py:153} INFO - Started process (PID=10092) to work on /home/airflow/.local/lib/python3.7/site-packages/airflow/example_dags/example_kubernetes_executor.py
[2022-08-14 05:24:10,691] {processor.py:641} INFO - Processing file /home/airflow/.local/lib/python3.7/site-packages/airflow/example_dags/example_kubernetes_executor.py for tasks to queue
[2022-08-14 05:24:10,692] {logging_mixin.py:115} INFO - [2022-08-14 05:24:10,692] {dagbag.py:507} INFO - Filling up the DagBag from /home/airflow/.local/lib/python3.7/site-packages/airflow/example_dags/example_kubernetes_executor.py
[2022-08-14 05:24:10,738] {processor.py:651} INFO - DAG(s) dict_keys(['example_kubernetes_executor']) retrieved from /home/airflow/.local/lib/python3.7/site-packages/airflow/example_dags/example_kubernetes_executor.py
[2022-08-14 05:24:10,902] {logging_mixin.py:115} INFO - [2022-08-14 05:24:10,902] {dag.py:2371} INFO - Sync 1 DAGs
[2022-08-14 05:24:10,977] {logging_mixin.py:115} INFO - [2022-08-14 05:24:10,977] {dag.py:2919} INFO - Setting next_dagrun for example_kubernetes_executor to None, run_after=None
[2022-08-14 05:24:11,038] {processor.py:161} INFO - Processing /home/airflow/.local/lib/python3.7/site-packages/airflow/example_dags/example_kubernetes_executor.py took 0.361 seconds
[2022-08-14 05:29:25,788] {processor.py:153} INFO - Started process (PID=10135) to work on /home/airflow/.local/lib/python3.7/site-packages/airflow/example_dags/example_kubernetes_executor.py
[2022-08-14 05:29:25,798] {processor.py:641} INFO - Processing file /home/airflow/.local/lib/python3.7/site-packages/airflow/example_dags/example_kubernetes_executor.py for tasks to queue
[2022-08-14 05:29:25,799] {logging_mixin.py:115} INFO - [2022-08-14 05:29:25,799] {dagbag.py:507} INFO - Filling up the DagBag from /home/airflow/.local/lib/python3.7/site-packages/airflow/example_dags/example_kubernetes_executor.py
[2022-08-14 05:29:25,861] {processor.py:651} INFO - DAG(s) dict_keys(['example_kubernetes_executor']) retrieved from /home/airflow/.local/lib/python3.7/site-packages/airflow/example_dags/example_kubernetes_executor.py
[2022-08-14 05:29:25,921] {logging_mixin.py:115} INFO - [2022-08-14 05:29:25,921] {dag.py:2371} INFO - Sync 1 DAGs
[2022-08-14 05:29:25,951] {logging_mixin.py:115} INFO - [2022-08-14 05:29:25,951] {dag.py:2919} INFO - Setting next_dagrun for example_kubernetes_executor to None, run_after=None
[2022-08-14 05:29:25,968] {processor.py:161} INFO - Processing /home/airflow/.local/lib/python3.7/site-packages/airflow/example_dags/example_kubernetes_executor.py took 0.186 seconds
[2022-08-14 06:46:22,023] {processor.py:153} INFO - Started process (PID=10197) to work on /home/airflow/.local/lib/python3.7/site-packages/airflow/example_dags/example_kubernetes_executor.py
[2022-08-14 06:46:22,026] {processor.py:641} INFO - Processing file /home/airflow/.local/lib/python3.7/site-packages/airflow/example_dags/example_kubernetes_executor.py for tasks to queue
[2022-08-14 06:46:22,029] {logging_mixin.py:115} INFO - [2022-08-14 06:46:22,029] {dagbag.py:507} INFO - Filling up the DagBag from /home/airflow/.local/lib/python3.7/site-packages/airflow/example_dags/example_kubernetes_executor.py
[2022-08-14 06:46:22,078] {processor.py:651} INFO - DAG(s) dict_keys(['example_kubernetes_executor']) retrieved from /home/airflow/.local/lib/python3.7/site-packages/airflow/example_dags/example_kubernetes_executor.py
[2022-08-14 06:46:22,131] {logging_mixin.py:115} INFO - [2022-08-14 06:46:22,131] {dag.py:2371} INFO - Sync 1 DAGs
[2022-08-14 06:46:22,168] {logging_mixin.py:115} INFO - [2022-08-14 06:46:22,168] {dag.py:2919} INFO - Setting next_dagrun for example_kubernetes_executor to None, run_after=None
[2022-08-14 06:46:22,185] {processor.py:161} INFO - Processing /home/airflow/.local/lib/python3.7/site-packages/airflow/example_dags/example_kubernetes_executor.py took 0.166 seconds
[2022-08-14 08:00:37,600] {processor.py:153} INFO - Started process (PID=10248) to work on /home/airflow/.local/lib/python3.7/site-packages/airflow/example_dags/example_kubernetes_executor.py
[2022-08-14 08:00:37,602] {processor.py:641} INFO - Processing file /home/airflow/.local/lib/python3.7/site-packages/airflow/example_dags/example_kubernetes_executor.py for tasks to queue
[2022-08-14 08:00:37,603] {logging_mixin.py:115} INFO - [2022-08-14 08:00:37,603] {dagbag.py:507} INFO - Filling up the DagBag from /home/airflow/.local/lib/python3.7/site-packages/airflow/example_dags/example_kubernetes_executor.py
[2022-08-14 08:00:37,635] {processor.py:651} INFO - DAG(s) dict_keys(['example_kubernetes_executor']) retrieved from /home/airflow/.local/lib/python3.7/site-packages/airflow/example_dags/example_kubernetes_executor.py
[2022-08-14 08:00:37,671] {logging_mixin.py:115} INFO - [2022-08-14 08:00:37,671] {dag.py:2371} INFO - Sync 1 DAGs
[2022-08-14 08:00:37,692] {logging_mixin.py:115} INFO - [2022-08-14 08:00:37,691] {dag.py:2919} INFO - Setting next_dagrun for example_kubernetes_executor to None, run_after=None
[2022-08-14 08:00:37,710] {processor.py:161} INFO - Processing /home/airflow/.local/lib/python3.7/site-packages/airflow/example_dags/example_kubernetes_executor.py took 0.114 seconds
[2022-08-14 08:01:08,233] {processor.py:153} INFO - Started process (PID=10309) to work on /home/airflow/.local/lib/python3.7/site-packages/airflow/example_dags/example_kubernetes_executor.py
[2022-08-14 08:01:08,234] {processor.py:641} INFO - Processing file /home/airflow/.local/lib/python3.7/site-packages/airflow/example_dags/example_kubernetes_executor.py for tasks to queue
[2022-08-14 08:01:08,235] {logging_mixin.py:115} INFO - [2022-08-14 08:01:08,235] {dagbag.py:507} INFO - Filling up the DagBag from /home/airflow/.local/lib/python3.7/site-packages/airflow/example_dags/example_kubernetes_executor.py
[2022-08-14 08:01:08,261] {processor.py:651} INFO - DAG(s) dict_keys(['example_kubernetes_executor']) retrieved from /home/airflow/.local/lib/python3.7/site-packages/airflow/example_dags/example_kubernetes_executor.py
[2022-08-14 08:01:08,291] {logging_mixin.py:115} INFO - [2022-08-14 08:01:08,291] {dag.py:2371} INFO - Sync 1 DAGs
[2022-08-14 08:01:08,311] {logging_mixin.py:115} INFO - [2022-08-14 08:01:08,310] {dag.py:2919} INFO - Setting next_dagrun for example_kubernetes_executor to None, run_after=None
[2022-08-14 08:01:08,325] {processor.py:161} INFO - Processing /home/airflow/.local/lib/python3.7/site-packages/airflow/example_dags/example_kubernetes_executor.py took 0.096 seconds
[2022-08-14 08:06:23,289] {processor.py:153} INFO - Started process (PID=10362) to work on /home/airflow/.local/lib/python3.7/site-packages/airflow/example_dags/example_kubernetes_executor.py
[2022-08-14 08:06:23,290] {processor.py:641} INFO - Processing file /home/airflow/.local/lib/python3.7/site-packages/airflow/example_dags/example_kubernetes_executor.py for tasks to queue
[2022-08-14 08:06:23,292] {logging_mixin.py:115} INFO - [2022-08-14 08:06:23,292] {dagbag.py:507} INFO - Filling up the DagBag from /home/airflow/.local/lib/python3.7/site-packages/airflow/example_dags/example_kubernetes_executor.py
[2022-08-14 08:06:23,368] {processor.py:651} INFO - DAG(s) dict_keys(['example_kubernetes_executor']) retrieved from /home/airflow/.local/lib/python3.7/site-packages/airflow/example_dags/example_kubernetes_executor.py
[2022-08-14 08:06:23,411] {logging_mixin.py:115} INFO - [2022-08-14 08:06:23,411] {dag.py:2371} INFO - Sync 1 DAGs
[2022-08-14 08:06:23,450] {logging_mixin.py:115} INFO - [2022-08-14 08:06:23,450] {dag.py:2919} INFO - Setting next_dagrun for example_kubernetes_executor to None, run_after=None
[2022-08-14 08:06:23,469] {processor.py:161} INFO - Processing /home/airflow/.local/lib/python3.7/site-packages/airflow/example_dags/example_kubernetes_executor.py took 0.185 seconds
[2022-08-14 08:37:46,539] {processor.py:153} INFO - Started process (PID=10423) to work on /home/airflow/.local/lib/python3.7/site-packages/airflow/example_dags/example_kubernetes_executor.py
[2022-08-14 08:37:46,543] {processor.py:641} INFO - Processing file /home/airflow/.local/lib/python3.7/site-packages/airflow/example_dags/example_kubernetes_executor.py for tasks to queue
[2022-08-14 08:37:46,547] {logging_mixin.py:115} INFO - [2022-08-14 08:37:46,546] {dagbag.py:507} INFO - Filling up the DagBag from /home/airflow/.local/lib/python3.7/site-packages/airflow/example_dags/example_kubernetes_executor.py
[2022-08-14 08:37:46,654] {processor.py:651} INFO - DAG(s) dict_keys(['example_kubernetes_executor']) retrieved from /home/airflow/.local/lib/python3.7/site-packages/airflow/example_dags/example_kubernetes_executor.py
[2022-08-14 08:37:46,747] {logging_mixin.py:115} INFO - [2022-08-14 08:37:46,747] {dag.py:2371} INFO - Sync 1 DAGs
[2022-08-14 08:37:46,800] {logging_mixin.py:115} INFO - [2022-08-14 08:37:46,800] {dag.py:2919} INFO - Setting next_dagrun for example_kubernetes_executor to None, run_after=None
[2022-08-14 08:37:46,838] {processor.py:161} INFO - Processing /home/airflow/.local/lib/python3.7/site-packages/airflow/example_dags/example_kubernetes_executor.py took 0.310 seconds
[2022-08-14 08:38:17,169] {processor.py:153} INFO - Started process (PID=10475) to work on /home/airflow/.local/lib/python3.7/site-packages/airflow/example_dags/example_kubernetes_executor.py
[2022-08-14 08:38:17,171] {processor.py:641} INFO - Processing file /home/airflow/.local/lib/python3.7/site-packages/airflow/example_dags/example_kubernetes_executor.py for tasks to queue
[2022-08-14 08:38:17,172] {logging_mixin.py:115} INFO - [2022-08-14 08:38:17,172] {dagbag.py:507} INFO - Filling up the DagBag from /home/airflow/.local/lib/python3.7/site-packages/airflow/example_dags/example_kubernetes_executor.py
[2022-08-14 08:38:17,207] {processor.py:651} INFO - DAG(s) dict_keys(['example_kubernetes_executor']) retrieved from /home/airflow/.local/lib/python3.7/site-packages/airflow/example_dags/example_kubernetes_executor.py
[2022-08-14 08:38:17,237] {logging_mixin.py:115} INFO - [2022-08-14 08:38:17,237] {dag.py:2371} INFO - Sync 1 DAGs
[2022-08-14 08:38:17,257] {logging_mixin.py:115} INFO - [2022-08-14 08:38:17,257] {dag.py:2919} INFO - Setting next_dagrun for example_kubernetes_executor to None, run_after=None
[2022-08-14 08:38:17,269] {processor.py:161} INFO - Processing /home/airflow/.local/lib/python3.7/site-packages/airflow/example_dags/example_kubernetes_executor.py took 0.105 seconds
[2022-08-14 10:38:15,104] {processor.py:153} INFO - Started process (PID=10528) to work on /home/airflow/.local/lib/python3.7/site-packages/airflow/example_dags/example_kubernetes_executor.py
[2022-08-14 10:38:15,109] {processor.py:641} INFO - Processing file /home/airflow/.local/lib/python3.7/site-packages/airflow/example_dags/example_kubernetes_executor.py for tasks to queue
[2022-08-14 10:38:15,113] {logging_mixin.py:115} INFO - [2022-08-14 10:38:15,113] {dagbag.py:507} INFO - Filling up the DagBag from /home/airflow/.local/lib/python3.7/site-packages/airflow/example_dags/example_kubernetes_executor.py
[2022-08-14 10:38:15,165] {processor.py:651} INFO - DAG(s) dict_keys(['example_kubernetes_executor']) retrieved from /home/airflow/.local/lib/python3.7/site-packages/airflow/example_dags/example_kubernetes_executor.py
[2022-08-14 10:38:15,220] {logging_mixin.py:115} INFO - [2022-08-14 10:38:15,220] {dag.py:2371} INFO - Sync 1 DAGs
[2022-08-14 10:38:15,276] {logging_mixin.py:115} INFO - [2022-08-14 10:38:15,276] {dag.py:2919} INFO - Setting next_dagrun for example_kubernetes_executor to None, run_after=None
[2022-08-14 10:38:15,335] {processor.py:161} INFO - Processing /home/airflow/.local/lib/python3.7/site-packages/airflow/example_dags/example_kubernetes_executor.py took 0.235 seconds
[2022-08-14 12:39:13,081] {processor.py:153} INFO - Started process (PID=10589) to work on /home/airflow/.local/lib/python3.7/site-packages/airflow/example_dags/example_kubernetes_executor.py
[2022-08-14 12:39:13,084] {processor.py:641} INFO - Processing file /home/airflow/.local/lib/python3.7/site-packages/airflow/example_dags/example_kubernetes_executor.py for tasks to queue
[2022-08-14 12:39:13,087] {logging_mixin.py:115} INFO - [2022-08-14 12:39:13,087] {dagbag.py:507} INFO - Filling up the DagBag from /home/airflow/.local/lib/python3.7/site-packages/airflow/example_dags/example_kubernetes_executor.py
[2022-08-14 12:39:13,159] {processor.py:651} INFO - DAG(s) dict_keys(['example_kubernetes_executor']) retrieved from /home/airflow/.local/lib/python3.7/site-packages/airflow/example_dags/example_kubernetes_executor.py
[2022-08-14 12:39:13,255] {logging_mixin.py:115} INFO - [2022-08-14 12:39:13,254] {dag.py:2371} INFO - Sync 1 DAGs
[2022-08-14 12:39:13,305] {logging_mixin.py:115} INFO - [2022-08-14 12:39:13,305] {dag.py:2919} INFO - Setting next_dagrun for example_kubernetes_executor to None, run_after=None
[2022-08-14 12:39:13,337] {processor.py:161} INFO - Processing /home/airflow/.local/lib/python3.7/site-packages/airflow/example_dags/example_kubernetes_executor.py took 0.260 seconds
[2022-08-14 12:58:00,055] {processor.py:153} INFO - Started process (PID=10642) to work on /home/airflow/.local/lib/python3.7/site-packages/airflow/example_dags/example_kubernetes_executor.py
[2022-08-14 12:58:00,061] {processor.py:641} INFO - Processing file /home/airflow/.local/lib/python3.7/site-packages/airflow/example_dags/example_kubernetes_executor.py for tasks to queue
[2022-08-14 12:58:00,063] {logging_mixin.py:115} INFO - [2022-08-14 12:58:00,063] {dagbag.py:507} INFO - Filling up the DagBag from /home/airflow/.local/lib/python3.7/site-packages/airflow/example_dags/example_kubernetes_executor.py
[2022-08-14 12:58:00,140] {processor.py:651} INFO - DAG(s) dict_keys(['example_kubernetes_executor']) retrieved from /home/airflow/.local/lib/python3.7/site-packages/airflow/example_dags/example_kubernetes_executor.py
[2022-08-14 12:58:00,216] {logging_mixin.py:115} INFO - [2022-08-14 12:58:00,216] {dag.py:2371} INFO - Sync 1 DAGs
[2022-08-14 12:58:00,285] {logging_mixin.py:115} INFO - [2022-08-14 12:58:00,284] {dag.py:2919} INFO - Setting next_dagrun for example_kubernetes_executor to None, run_after=None
[2022-08-14 12:58:00,316] {processor.py:161} INFO - Processing /home/airflow/.local/lib/python3.7/site-packages/airflow/example_dags/example_kubernetes_executor.py took 0.269 seconds
[2022-08-14 12:59:21,298] {processor.py:153} INFO - Started process (PID=10703) to work on /home/airflow/.local/lib/python3.7/site-packages/airflow/example_dags/example_kubernetes_executor.py
[2022-08-14 12:59:21,302] {processor.py:641} INFO - Processing file /home/airflow/.local/lib/python3.7/site-packages/airflow/example_dags/example_kubernetes_executor.py for tasks to queue
[2022-08-14 12:59:21,305] {logging_mixin.py:115} INFO - [2022-08-14 12:59:21,305] {dagbag.py:507} INFO - Filling up the DagBag from /home/airflow/.local/lib/python3.7/site-packages/airflow/example_dags/example_kubernetes_executor.py
[2022-08-14 12:59:21,405] {processor.py:651} INFO - DAG(s) dict_keys(['example_kubernetes_executor']) retrieved from /home/airflow/.local/lib/python3.7/site-packages/airflow/example_dags/example_kubernetes_executor.py
[2022-08-14 12:59:21,490] {logging_mixin.py:115} INFO - [2022-08-14 12:59:21,490] {dag.py:2371} INFO - Sync 1 DAGs
[2022-08-14 12:59:21,518] {logging_mixin.py:115} INFO - [2022-08-14 12:59:21,518] {dag.py:2919} INFO - Setting next_dagrun for example_kubernetes_executor to None, run_after=None
[2022-08-14 12:59:21,536] {processor.py:161} INFO - Processing /home/airflow/.local/lib/python3.7/site-packages/airflow/example_dags/example_kubernetes_executor.py took 0.248 seconds
[2022-08-14 12:59:51,600] {processor.py:153} INFO - Started process (PID=10755) to work on /home/airflow/.local/lib/python3.7/site-packages/airflow/example_dags/example_kubernetes_executor.py
[2022-08-14 12:59:51,601] {processor.py:641} INFO - Processing file /home/airflow/.local/lib/python3.7/site-packages/airflow/example_dags/example_kubernetes_executor.py for tasks to queue
[2022-08-14 12:59:51,602] {logging_mixin.py:115} INFO - [2022-08-14 12:59:51,602] {dagbag.py:507} INFO - Filling up the DagBag from /home/airflow/.local/lib/python3.7/site-packages/airflow/example_dags/example_kubernetes_executor.py
[2022-08-14 12:59:51,629] {processor.py:651} INFO - DAG(s) dict_keys(['example_kubernetes_executor']) retrieved from /home/airflow/.local/lib/python3.7/site-packages/airflow/example_dags/example_kubernetes_executor.py
[2022-08-14 12:59:51,658] {logging_mixin.py:115} INFO - [2022-08-14 12:59:51,658] {dag.py:2371} INFO - Sync 1 DAGs
[2022-08-14 12:59:51,677] {logging_mixin.py:115} INFO - [2022-08-14 12:59:51,677] {dag.py:2919} INFO - Setting next_dagrun for example_kubernetes_executor to None, run_after=None
[2022-08-14 12:59:51,690] {processor.py:161} INFO - Processing /home/airflow/.local/lib/python3.7/site-packages/airflow/example_dags/example_kubernetes_executor.py took 0.094 seconds
[2022-08-14 13:15:48,737] {processor.py:153} INFO - Started process (PID=10817) to work on /home/airflow/.local/lib/python3.7/site-packages/airflow/example_dags/example_kubernetes_executor.py
[2022-08-14 13:15:48,741] {processor.py:641} INFO - Processing file /home/airflow/.local/lib/python3.7/site-packages/airflow/example_dags/example_kubernetes_executor.py for tasks to queue
[2022-08-14 13:15:48,742] {logging_mixin.py:115} INFO - [2022-08-14 13:15:48,742] {dagbag.py:507} INFO - Filling up the DagBag from /home/airflow/.local/lib/python3.7/site-packages/airflow/example_dags/example_kubernetes_executor.py
[2022-08-14 13:15:48,831] {processor.py:651} INFO - DAG(s) dict_keys(['example_kubernetes_executor']) retrieved from /home/airflow/.local/lib/python3.7/site-packages/airflow/example_dags/example_kubernetes_executor.py
[2022-08-14 13:15:48,970] {logging_mixin.py:115} INFO - [2022-08-14 13:15:48,969] {dag.py:2371} INFO - Sync 1 DAGs
[2022-08-14 13:15:49,030] {logging_mixin.py:115} INFO - [2022-08-14 13:15:49,030] {dag.py:2919} INFO - Setting next_dagrun for example_kubernetes_executor to None, run_after=None
[2022-08-14 13:15:49,064] {processor.py:161} INFO - Processing /home/airflow/.local/lib/python3.7/site-packages/airflow/example_dags/example_kubernetes_executor.py took 0.331 seconds
[2022-08-14 13:16:44,950] {processor.py:153} INFO - Started process (PID=10869) to work on /home/airflow/.local/lib/python3.7/site-packages/airflow/example_dags/example_kubernetes_executor.py
[2022-08-14 13:16:44,951] {processor.py:641} INFO - Processing file /home/airflow/.local/lib/python3.7/site-packages/airflow/example_dags/example_kubernetes_executor.py for tasks to queue
[2022-08-14 13:16:44,952] {logging_mixin.py:115} INFO - [2022-08-14 13:16:44,952] {dagbag.py:507} INFO - Filling up the DagBag from /home/airflow/.local/lib/python3.7/site-packages/airflow/example_dags/example_kubernetes_executor.py
[2022-08-14 13:16:44,983] {processor.py:651} INFO - DAG(s) dict_keys(['example_kubernetes_executor']) retrieved from /home/airflow/.local/lib/python3.7/site-packages/airflow/example_dags/example_kubernetes_executor.py
[2022-08-14 13:16:45,014] {logging_mixin.py:115} INFO - [2022-08-14 13:16:45,014] {dag.py:2371} INFO - Sync 1 DAGs
[2022-08-14 13:16:45,036] {logging_mixin.py:115} INFO - [2022-08-14 13:16:45,036] {dag.py:2919} INFO - Setting next_dagrun for example_kubernetes_executor to None, run_after=None
[2022-08-14 13:16:45,049] {processor.py:161} INFO - Processing /home/airflow/.local/lib/python3.7/site-packages/airflow/example_dags/example_kubernetes_executor.py took 0.104 seconds
[2022-08-14 16:37:21,457] {processor.py:153} INFO - Started process (PID=10922) to work on /home/airflow/.local/lib/python3.7/site-packages/airflow/example_dags/example_kubernetes_executor.py
[2022-08-14 16:37:21,460] {processor.py:641} INFO - Processing file /home/airflow/.local/lib/python3.7/site-packages/airflow/example_dags/example_kubernetes_executor.py for tasks to queue
[2022-08-14 16:37:21,465] {logging_mixin.py:115} INFO - [2022-08-14 16:37:21,464] {dagbag.py:507} INFO - Filling up the DagBag from /home/airflow/.local/lib/python3.7/site-packages/airflow/example_dags/example_kubernetes_executor.py
[2022-08-14 16:37:21,525] {processor.py:651} INFO - DAG(s) dict_keys(['example_kubernetes_executor']) retrieved from /home/airflow/.local/lib/python3.7/site-packages/airflow/example_dags/example_kubernetes_executor.py
[2022-08-14 16:37:21,582] {logging_mixin.py:115} INFO - [2022-08-14 16:37:21,582] {dag.py:2371} INFO - Sync 1 DAGs
[2022-08-14 16:37:21,622] {logging_mixin.py:115} INFO - [2022-08-14 16:37:21,621] {dag.py:2919} INFO - Setting next_dagrun for example_kubernetes_executor to None, run_after=None
[2022-08-14 16:37:21,856] {processor.py:161} INFO - Processing /home/airflow/.local/lib/python3.7/site-packages/airflow/example_dags/example_kubernetes_executor.py took 0.410 seconds
