[2022-08-14 00:45:44,871] {processor.py:153} INFO - Started process (PID=8415) to work on /home/airflow/.local/lib/python3.7/site-packages/airflow/example_dags/example_task_group.py
[2022-08-14 00:45:44,873] {processor.py:641} INFO - Processing file /home/airflow/.local/lib/python3.7/site-packages/airflow/example_dags/example_task_group.py for tasks to queue
[2022-08-14 00:45:44,874] {logging_mixin.py:115} INFO - [2022-08-14 00:45:44,874] {dagbag.py:507} INFO - Filling up the DagBag from /home/airflow/.local/lib/python3.7/site-packages/airflow/example_dags/example_task_group.py
[2022-08-14 00:45:44,892] {processor.py:651} INFO - DAG(s) dict_keys(['example_task_group']) retrieved from /home/airflow/.local/lib/python3.7/site-packages/airflow/example_dags/example_task_group.py
[2022-08-14 00:45:44,954] {logging_mixin.py:115} INFO - [2022-08-14 00:45:44,954] {dag.py:2371} INFO - Sync 1 DAGs
[2022-08-14 00:45:45,000] {logging_mixin.py:115} INFO - [2022-08-14 00:45:44,999] {dag.py:2919} INFO - Setting next_dagrun for example_task_group to 2022-08-13T00:45:44.999536+00:00, run_after=2022-08-14T00:45:44.999536+00:00
[2022-08-14 00:45:45,038] {processor.py:161} INFO - Processing /home/airflow/.local/lib/python3.7/site-packages/airflow/example_dags/example_task_group.py took 0.171 seconds
[2022-08-14 02:33:49,515] {processor.py:153} INFO - Started process (PID=8459) to work on /home/airflow/.local/lib/python3.7/site-packages/airflow/example_dags/example_task_group.py
[2022-08-14 02:33:49,518] {processor.py:641} INFO - Processing file /home/airflow/.local/lib/python3.7/site-packages/airflow/example_dags/example_task_group.py for tasks to queue
[2022-08-14 02:33:49,520] {logging_mixin.py:115} INFO - [2022-08-14 02:33:49,519] {dagbag.py:507} INFO - Filling up the DagBag from /home/airflow/.local/lib/python3.7/site-packages/airflow/example_dags/example_task_group.py
[2022-08-14 02:33:49,544] {processor.py:651} INFO - DAG(s) dict_keys(['example_task_group']) retrieved from /home/airflow/.local/lib/python3.7/site-packages/airflow/example_dags/example_task_group.py
[2022-08-14 02:33:49,617] {logging_mixin.py:115} INFO - [2022-08-14 02:33:49,616] {dag.py:2371} INFO - Sync 1 DAGs
[2022-08-14 02:33:49,652] {logging_mixin.py:115} INFO - [2022-08-14 02:33:49,652] {dag.py:2919} INFO - Setting next_dagrun for example_task_group to 2022-08-13T02:33:49.652279+00:00, run_after=2022-08-14T02:33:49.652279+00:00
[2022-08-14 02:33:49,674] {processor.py:161} INFO - Processing /home/airflow/.local/lib/python3.7/site-packages/airflow/example_dags/example_task_group.py took 0.164 seconds
[2022-08-14 03:54:05,212] {processor.py:153} INFO - Started process (PID=8513) to work on /home/airflow/.local/lib/python3.7/site-packages/airflow/example_dags/example_task_group.py
[2022-08-14 03:54:05,233] {processor.py:641} INFO - Processing file /home/airflow/.local/lib/python3.7/site-packages/airflow/example_dags/example_task_group.py for tasks to queue
[2022-08-14 03:54:05,249] {logging_mixin.py:115} INFO - [2022-08-14 03:54:05,249] {dagbag.py:507} INFO - Filling up the DagBag from /home/airflow/.local/lib/python3.7/site-packages/airflow/example_dags/example_task_group.py
[2022-08-14 03:54:05,354] {processor.py:651} INFO - DAG(s) dict_keys(['example_task_group']) retrieved from /home/airflow/.local/lib/python3.7/site-packages/airflow/example_dags/example_task_group.py
[2022-08-14 03:54:06,101] {logging_mixin.py:115} INFO - [2022-08-14 03:54:06,101] {dag.py:2371} INFO - Sync 1 DAGs
[2022-08-14 03:54:06,550] {logging_mixin.py:115} INFO - [2022-08-14 03:54:06,550] {dag.py:2919} INFO - Setting next_dagrun for example_task_group to 2022-08-13T03:54:06.548605+00:00, run_after=2022-08-14T03:54:06.548605+00:00
[2022-08-14 03:54:06,805] {processor.py:161} INFO - Processing /home/airflow/.local/lib/python3.7/site-packages/airflow/example_dags/example_task_group.py took 1.755 seconds
[2022-08-14 03:59:08,723] {processor.py:153} INFO - Started process (PID=8560) to work on /home/airflow/.local/lib/python3.7/site-packages/airflow/example_dags/example_task_group.py
[2022-08-14 03:59:08,726] {processor.py:641} INFO - Processing file /home/airflow/.local/lib/python3.7/site-packages/airflow/example_dags/example_task_group.py for tasks to queue
[2022-08-14 03:59:08,730] {logging_mixin.py:115} INFO - [2022-08-14 03:59:08,729] {dagbag.py:507} INFO - Filling up the DagBag from /home/airflow/.local/lib/python3.7/site-packages/airflow/example_dags/example_task_group.py
[2022-08-14 03:59:08,747] {processor.py:651} INFO - DAG(s) dict_keys(['example_task_group']) retrieved from /home/airflow/.local/lib/python3.7/site-packages/airflow/example_dags/example_task_group.py
[2022-08-14 03:59:08,815] {logging_mixin.py:115} INFO - [2022-08-14 03:59:08,815] {dag.py:2371} INFO - Sync 1 DAGs
[2022-08-14 03:59:08,853] {logging_mixin.py:115} INFO - [2022-08-14 03:59:08,853] {dag.py:2919} INFO - Setting next_dagrun for example_task_group to 2022-08-13T03:59:08.852989+00:00, run_after=2022-08-14T03:59:08.852989+00:00
[2022-08-14 03:59:08,882] {processor.py:161} INFO - Processing /home/airflow/.local/lib/python3.7/site-packages/airflow/example_dags/example_task_group.py took 0.164 seconds
[2022-08-14 03:59:41,785] {processor.py:153} INFO - Started process (PID=8612) to work on /home/airflow/.local/lib/python3.7/site-packages/airflow/example_dags/example_task_group.py
[2022-08-14 03:59:41,788] {processor.py:641} INFO - Processing file /home/airflow/.local/lib/python3.7/site-packages/airflow/example_dags/example_task_group.py for tasks to queue
[2022-08-14 03:59:41,791] {logging_mixin.py:115} INFO - [2022-08-14 03:59:41,791] {dagbag.py:507} INFO - Filling up the DagBag from /home/airflow/.local/lib/python3.7/site-packages/airflow/example_dags/example_task_group.py
[2022-08-14 03:59:41,818] {processor.py:651} INFO - DAG(s) dict_keys(['example_task_group']) retrieved from /home/airflow/.local/lib/python3.7/site-packages/airflow/example_dags/example_task_group.py
[2022-08-14 03:59:41,907] {logging_mixin.py:115} INFO - [2022-08-14 03:59:41,907] {dag.py:2371} INFO - Sync 1 DAGs
[2022-08-14 03:59:41,974] {logging_mixin.py:115} INFO - [2022-08-14 03:59:41,973] {dag.py:2919} INFO - Setting next_dagrun for example_task_group to 2022-08-13T03:59:41.972870+00:00, run_after=2022-08-14T03:59:41.972870+00:00
[2022-08-14 03:59:42,019] {processor.py:161} INFO - Processing /home/airflow/.local/lib/python3.7/site-packages/airflow/example_dags/example_task_group.py took 0.262 seconds
[2022-08-14 04:04:38,155] {processor.py:153} INFO - Started process (PID=8655) to work on /home/airflow/.local/lib/python3.7/site-packages/airflow/example_dags/example_task_group.py
[2022-08-14 04:04:38,156] {processor.py:641} INFO - Processing file /home/airflow/.local/lib/python3.7/site-packages/airflow/example_dags/example_task_group.py for tasks to queue
[2022-08-14 04:04:38,157] {logging_mixin.py:115} INFO - [2022-08-14 04:04:38,157] {dagbag.py:507} INFO - Filling up the DagBag from /home/airflow/.local/lib/python3.7/site-packages/airflow/example_dags/example_task_group.py
[2022-08-14 04:04:38,168] {processor.py:651} INFO - DAG(s) dict_keys(['example_task_group']) retrieved from /home/airflow/.local/lib/python3.7/site-packages/airflow/example_dags/example_task_group.py
[2022-08-14 04:04:38,198] {logging_mixin.py:115} INFO - [2022-08-14 04:04:38,198] {dag.py:2371} INFO - Sync 1 DAGs
[2022-08-14 04:04:38,220] {logging_mixin.py:115} INFO - [2022-08-14 04:04:38,220] {dag.py:2919} INFO - Setting next_dagrun for example_task_group to 2022-08-13T04:04:38.219909+00:00, run_after=2022-08-14T04:04:38.219909+00:00
[2022-08-14 04:04:38,234] {processor.py:161} INFO - Processing /home/airflow/.local/lib/python3.7/site-packages/airflow/example_dags/example_task_group.py took 0.083 seconds
[2022-08-14 04:05:10,859] {processor.py:153} INFO - Started process (PID=8707) to work on /home/airflow/.local/lib/python3.7/site-packages/airflow/example_dags/example_task_group.py
[2022-08-14 04:05:10,861] {processor.py:641} INFO - Processing file /home/airflow/.local/lib/python3.7/site-packages/airflow/example_dags/example_task_group.py for tasks to queue
[2022-08-14 04:05:10,864] {logging_mixin.py:115} INFO - [2022-08-14 04:05:10,864] {dagbag.py:507} INFO - Filling up the DagBag from /home/airflow/.local/lib/python3.7/site-packages/airflow/example_dags/example_task_group.py
[2022-08-14 04:05:10,886] {processor.py:651} INFO - DAG(s) dict_keys(['example_task_group']) retrieved from /home/airflow/.local/lib/python3.7/site-packages/airflow/example_dags/example_task_group.py
[2022-08-14 04:05:10,962] {logging_mixin.py:115} INFO - [2022-08-14 04:05:10,961] {dag.py:2371} INFO - Sync 1 DAGs
[2022-08-14 04:05:11,007] {logging_mixin.py:115} INFO - [2022-08-14 04:05:11,007] {dag.py:2919} INFO - Setting next_dagrun for example_task_group to 2022-08-13T04:05:11.006786+00:00, run_after=2022-08-14T04:05:11.006786+00:00
[2022-08-14 04:05:11,037] {processor.py:161} INFO - Processing /home/airflow/.local/lib/python3.7/site-packages/airflow/example_dags/example_task_group.py took 0.187 seconds
[2022-08-14 04:10:12,482] {processor.py:153} INFO - Started process (PID=8758) to work on /home/airflow/.local/lib/python3.7/site-packages/airflow/example_dags/example_task_group.py
[2022-08-14 04:10:12,483] {processor.py:641} INFO - Processing file /home/airflow/.local/lib/python3.7/site-packages/airflow/example_dags/example_task_group.py for tasks to queue
[2022-08-14 04:10:12,485] {logging_mixin.py:115} INFO - [2022-08-14 04:10:12,485] {dagbag.py:507} INFO - Filling up the DagBag from /home/airflow/.local/lib/python3.7/site-packages/airflow/example_dags/example_task_group.py
[2022-08-14 04:10:12,497] {processor.py:651} INFO - DAG(s) dict_keys(['example_task_group']) retrieved from /home/airflow/.local/lib/python3.7/site-packages/airflow/example_dags/example_task_group.py
[2022-08-14 04:10:12,529] {logging_mixin.py:115} INFO - [2022-08-14 04:10:12,529] {dag.py:2371} INFO - Sync 1 DAGs
[2022-08-14 04:10:12,549] {logging_mixin.py:115} INFO - [2022-08-14 04:10:12,549] {dag.py:2919} INFO - Setting next_dagrun for example_task_group to 2022-08-13T04:10:12.549172+00:00, run_after=2022-08-14T04:10:12.549172+00:00
[2022-08-14 04:10:12,565] {processor.py:161} INFO - Processing /home/airflow/.local/lib/python3.7/site-packages/airflow/example_dags/example_task_group.py took 0.089 seconds
[2022-08-14 04:10:44,592] {processor.py:153} INFO - Started process (PID=8810) to work on /home/airflow/.local/lib/python3.7/site-packages/airflow/example_dags/example_task_group.py
[2022-08-14 04:10:44,596] {processor.py:641} INFO - Processing file /home/airflow/.local/lib/python3.7/site-packages/airflow/example_dags/example_task_group.py for tasks to queue
[2022-08-14 04:10:44,600] {logging_mixin.py:115} INFO - [2022-08-14 04:10:44,599] {dagbag.py:507} INFO - Filling up the DagBag from /home/airflow/.local/lib/python3.7/site-packages/airflow/example_dags/example_task_group.py
[2022-08-14 04:10:44,625] {processor.py:651} INFO - DAG(s) dict_keys(['example_task_group']) retrieved from /home/airflow/.local/lib/python3.7/site-packages/airflow/example_dags/example_task_group.py
[2022-08-14 04:10:44,697] {logging_mixin.py:115} INFO - [2022-08-14 04:10:44,697] {dag.py:2371} INFO - Sync 1 DAGs
[2022-08-14 04:10:44,751] {logging_mixin.py:115} INFO - [2022-08-14 04:10:44,751] {dag.py:2919} INFO - Setting next_dagrun for example_task_group to 2022-08-13T04:10:44.750513+00:00, run_after=2022-08-14T04:10:44.750513+00:00
[2022-08-14 04:10:44,786] {processor.py:161} INFO - Processing /home/airflow/.local/lib/python3.7/site-packages/airflow/example_dags/example_task_group.py took 0.209 seconds
[2022-08-14 04:15:58,579] {processor.py:153} INFO - Started process (PID=8864) to work on /home/airflow/.local/lib/python3.7/site-packages/airflow/example_dags/example_task_group.py
[2022-08-14 04:15:58,585] {processor.py:641} INFO - Processing file /home/airflow/.local/lib/python3.7/site-packages/airflow/example_dags/example_task_group.py for tasks to queue
[2022-08-14 04:15:58,591] {logging_mixin.py:115} INFO - [2022-08-14 04:15:58,590] {dagbag.py:507} INFO - Filling up the DagBag from /home/airflow/.local/lib/python3.7/site-packages/airflow/example_dags/example_task_group.py
[2022-08-14 04:15:58,639] {processor.py:651} INFO - DAG(s) dict_keys(['example_task_group']) retrieved from /home/airflow/.local/lib/python3.7/site-packages/airflow/example_dags/example_task_group.py
[2022-08-14 04:15:58,800] {logging_mixin.py:115} INFO - [2022-08-14 04:15:58,799] {dag.py:2371} INFO - Sync 1 DAGs
[2022-08-14 04:15:58,906] {logging_mixin.py:115} INFO - [2022-08-14 04:15:58,906] {dag.py:2919} INFO - Setting next_dagrun for example_task_group to 2022-08-13T04:15:58.904788+00:00, run_after=2022-08-14T04:15:58.904788+00:00
[2022-08-14 04:15:58,967] {processor.py:161} INFO - Processing /home/airflow/.local/lib/python3.7/site-packages/airflow/example_dags/example_task_group.py took 0.409 seconds
[2022-08-14 04:16:29,461] {processor.py:153} INFO - Started process (PID=8916) to work on /home/airflow/.local/lib/python3.7/site-packages/airflow/example_dags/example_task_group.py
[2022-08-14 04:16:29,466] {processor.py:641} INFO - Processing file /home/airflow/.local/lib/python3.7/site-packages/airflow/example_dags/example_task_group.py for tasks to queue
[2022-08-14 04:16:29,471] {logging_mixin.py:115} INFO - [2022-08-14 04:16:29,471] {dagbag.py:507} INFO - Filling up the DagBag from /home/airflow/.local/lib/python3.7/site-packages/airflow/example_dags/example_task_group.py
[2022-08-14 04:16:29,501] {processor.py:651} INFO - DAG(s) dict_keys(['example_task_group']) retrieved from /home/airflow/.local/lib/python3.7/site-packages/airflow/example_dags/example_task_group.py
[2022-08-14 04:16:29,603] {logging_mixin.py:115} INFO - [2022-08-14 04:16:29,603] {dag.py:2371} INFO - Sync 1 DAGs
[2022-08-14 04:16:29,662] {logging_mixin.py:115} INFO - [2022-08-14 04:16:29,662] {dag.py:2919} INFO - Setting next_dagrun for example_task_group to 2022-08-13T04:16:29.661586+00:00, run_after=2022-08-14T04:16:29.661586+00:00
[2022-08-14 04:16:29,704] {processor.py:161} INFO - Processing /home/airflow/.local/lib/python3.7/site-packages/airflow/example_dags/example_task_group.py took 0.256 seconds
[2022-08-14 04:21:21,124] {processor.py:153} INFO - Started process (PID=8959) to work on /home/airflow/.local/lib/python3.7/site-packages/airflow/example_dags/example_task_group.py
[2022-08-14 04:21:21,125] {processor.py:641} INFO - Processing file /home/airflow/.local/lib/python3.7/site-packages/airflow/example_dags/example_task_group.py for tasks to queue
[2022-08-14 04:21:21,126] {logging_mixin.py:115} INFO - [2022-08-14 04:21:21,126] {dagbag.py:507} INFO - Filling up the DagBag from /home/airflow/.local/lib/python3.7/site-packages/airflow/example_dags/example_task_group.py
[2022-08-14 04:21:21,138] {processor.py:651} INFO - DAG(s) dict_keys(['example_task_group']) retrieved from /home/airflow/.local/lib/python3.7/site-packages/airflow/example_dags/example_task_group.py
[2022-08-14 04:21:21,168] {logging_mixin.py:115} INFO - [2022-08-14 04:21:21,168] {dag.py:2371} INFO - Sync 1 DAGs
[2022-08-14 04:21:21,188] {logging_mixin.py:115} INFO - [2022-08-14 04:21:21,188] {dag.py:2919} INFO - Setting next_dagrun for example_task_group to 2022-08-13T04:21:21.188411+00:00, run_after=2022-08-14T04:21:21.188411+00:00
[2022-08-14 04:21:21,202] {processor.py:161} INFO - Processing /home/airflow/.local/lib/python3.7/site-packages/airflow/example_dags/example_task_group.py took 0.082 seconds
[2022-08-14 04:21:53,682] {processor.py:153} INFO - Started process (PID=9011) to work on /home/airflow/.local/lib/python3.7/site-packages/airflow/example_dags/example_task_group.py
[2022-08-14 04:21:53,684] {processor.py:641} INFO - Processing file /home/airflow/.local/lib/python3.7/site-packages/airflow/example_dags/example_task_group.py for tasks to queue
[2022-08-14 04:21:53,687] {logging_mixin.py:115} INFO - [2022-08-14 04:21:53,687] {dagbag.py:507} INFO - Filling up the DagBag from /home/airflow/.local/lib/python3.7/site-packages/airflow/example_dags/example_task_group.py
[2022-08-14 04:21:53,726] {processor.py:651} INFO - DAG(s) dict_keys(['example_task_group']) retrieved from /home/airflow/.local/lib/python3.7/site-packages/airflow/example_dags/example_task_group.py
[2022-08-14 04:21:53,801] {logging_mixin.py:115} INFO - [2022-08-14 04:21:53,801] {dag.py:2371} INFO - Sync 1 DAGs
[2022-08-14 04:21:53,845] {logging_mixin.py:115} INFO - [2022-08-14 04:21:53,844] {dag.py:2919} INFO - Setting next_dagrun for example_task_group to 2022-08-13T04:21:53.844110+00:00, run_after=2022-08-14T04:21:53.844110+00:00
[2022-08-14 04:21:53,875] {processor.py:161} INFO - Processing /home/airflow/.local/lib/python3.7/site-packages/airflow/example_dags/example_task_group.py took 0.204 seconds
[2022-08-14 04:26:54,326] {processor.py:153} INFO - Started process (PID=9064) to work on /home/airflow/.local/lib/python3.7/site-packages/airflow/example_dags/example_task_group.py
[2022-08-14 04:26:54,327] {processor.py:641} INFO - Processing file /home/airflow/.local/lib/python3.7/site-packages/airflow/example_dags/example_task_group.py for tasks to queue
[2022-08-14 04:26:54,329] {logging_mixin.py:115} INFO - [2022-08-14 04:26:54,328] {dagbag.py:507} INFO - Filling up the DagBag from /home/airflow/.local/lib/python3.7/site-packages/airflow/example_dags/example_task_group.py
[2022-08-14 04:26:54,338] {processor.py:651} INFO - DAG(s) dict_keys(['example_task_group']) retrieved from /home/airflow/.local/lib/python3.7/site-packages/airflow/example_dags/example_task_group.py
[2022-08-14 04:26:54,371] {logging_mixin.py:115} INFO - [2022-08-14 04:26:54,371] {dag.py:2371} INFO - Sync 1 DAGs
[2022-08-14 04:26:54,392] {logging_mixin.py:115} INFO - [2022-08-14 04:26:54,392] {dag.py:2919} INFO - Setting next_dagrun for example_task_group to 2022-08-13T04:26:54.392448+00:00, run_after=2022-08-14T04:26:54.392448+00:00
[2022-08-14 04:26:54,410] {processor.py:161} INFO - Processing /home/airflow/.local/lib/python3.7/site-packages/airflow/example_dags/example_task_group.py took 0.087 seconds
[2022-08-14 04:27:26,127] {processor.py:153} INFO - Started process (PID=9116) to work on /home/airflow/.local/lib/python3.7/site-packages/airflow/example_dags/example_task_group.py
[2022-08-14 04:27:26,129] {processor.py:641} INFO - Processing file /home/airflow/.local/lib/python3.7/site-packages/airflow/example_dags/example_task_group.py for tasks to queue
[2022-08-14 04:27:26,132] {logging_mixin.py:115} INFO - [2022-08-14 04:27:26,132] {dagbag.py:507} INFO - Filling up the DagBag from /home/airflow/.local/lib/python3.7/site-packages/airflow/example_dags/example_task_group.py
[2022-08-14 04:27:26,155] {processor.py:651} INFO - DAG(s) dict_keys(['example_task_group']) retrieved from /home/airflow/.local/lib/python3.7/site-packages/airflow/example_dags/example_task_group.py
[2022-08-14 04:27:26,244] {logging_mixin.py:115} INFO - [2022-08-14 04:27:26,244] {dag.py:2371} INFO - Sync 1 DAGs
[2022-08-14 04:27:26,295] {logging_mixin.py:115} INFO - [2022-08-14 04:27:26,295] {dag.py:2919} INFO - Setting next_dagrun for example_task_group to 2022-08-13T04:27:26.294705+00:00, run_after=2022-08-14T04:27:26.294705+00:00
[2022-08-14 04:27:26,326] {processor.py:161} INFO - Processing /home/airflow/.local/lib/python3.7/site-packages/airflow/example_dags/example_task_group.py took 0.209 seconds
[2022-08-14 04:32:27,271] {processor.py:153} INFO - Started process (PID=9168) to work on /home/airflow/.local/lib/python3.7/site-packages/airflow/example_dags/example_task_group.py
[2022-08-14 04:32:27,272] {processor.py:641} INFO - Processing file /home/airflow/.local/lib/python3.7/site-packages/airflow/example_dags/example_task_group.py for tasks to queue
[2022-08-14 04:32:27,273] {logging_mixin.py:115} INFO - [2022-08-14 04:32:27,273] {dagbag.py:507} INFO - Filling up the DagBag from /home/airflow/.local/lib/python3.7/site-packages/airflow/example_dags/example_task_group.py
[2022-08-14 04:32:27,285] {processor.py:651} INFO - DAG(s) dict_keys(['example_task_group']) retrieved from /home/airflow/.local/lib/python3.7/site-packages/airflow/example_dags/example_task_group.py
[2022-08-14 04:32:27,317] {logging_mixin.py:115} INFO - [2022-08-14 04:32:27,317] {dag.py:2371} INFO - Sync 1 DAGs
[2022-08-14 04:32:27,341] {logging_mixin.py:115} INFO - [2022-08-14 04:32:27,340] {dag.py:2919} INFO - Setting next_dagrun for example_task_group to 2022-08-13T04:32:27.340509+00:00, run_after=2022-08-14T04:32:27.340509+00:00
[2022-08-14 04:32:27,402] {processor.py:161} INFO - Processing /home/airflow/.local/lib/python3.7/site-packages/airflow/example_dags/example_task_group.py took 0.136 seconds
[2022-08-14 04:32:59,124] {processor.py:153} INFO - Started process (PID=9220) to work on /home/airflow/.local/lib/python3.7/site-packages/airflow/example_dags/example_task_group.py
[2022-08-14 04:32:59,126] {processor.py:641} INFO - Processing file /home/airflow/.local/lib/python3.7/site-packages/airflow/example_dags/example_task_group.py for tasks to queue
[2022-08-14 04:32:59,131] {logging_mixin.py:115} INFO - [2022-08-14 04:32:59,131] {dagbag.py:507} INFO - Filling up the DagBag from /home/airflow/.local/lib/python3.7/site-packages/airflow/example_dags/example_task_group.py
[2022-08-14 04:32:59,166] {processor.py:651} INFO - DAG(s) dict_keys(['example_task_group']) retrieved from /home/airflow/.local/lib/python3.7/site-packages/airflow/example_dags/example_task_group.py
[2022-08-14 04:32:59,253] {logging_mixin.py:115} INFO - [2022-08-14 04:32:59,252] {dag.py:2371} INFO - Sync 1 DAGs
[2022-08-14 04:32:59,301] {logging_mixin.py:115} INFO - [2022-08-14 04:32:59,300] {dag.py:2919} INFO - Setting next_dagrun for example_task_group to 2022-08-13T04:32:59.300141+00:00, run_after=2022-08-14T04:32:59.300141+00:00
[2022-08-14 04:32:59,331] {processor.py:161} INFO - Processing /home/airflow/.local/lib/python3.7/site-packages/airflow/example_dags/example_task_group.py took 0.221 seconds
[2022-08-14 04:38:00,860] {processor.py:153} INFO - Started process (PID=9272) to work on /home/airflow/.local/lib/python3.7/site-packages/airflow/example_dags/example_task_group.py
[2022-08-14 04:38:00,861] {processor.py:641} INFO - Processing file /home/airflow/.local/lib/python3.7/site-packages/airflow/example_dags/example_task_group.py for tasks to queue
[2022-08-14 04:38:00,862] {logging_mixin.py:115} INFO - [2022-08-14 04:38:00,862] {dagbag.py:507} INFO - Filling up the DagBag from /home/airflow/.local/lib/python3.7/site-packages/airflow/example_dags/example_task_group.py
[2022-08-14 04:38:00,874] {processor.py:651} INFO - DAG(s) dict_keys(['example_task_group']) retrieved from /home/airflow/.local/lib/python3.7/site-packages/airflow/example_dags/example_task_group.py
[2022-08-14 04:38:00,906] {logging_mixin.py:115} INFO - [2022-08-14 04:38:00,906] {dag.py:2371} INFO - Sync 1 DAGs
[2022-08-14 04:38:00,928] {logging_mixin.py:115} INFO - [2022-08-14 04:38:00,928] {dag.py:2919} INFO - Setting next_dagrun for example_task_group to 2022-08-13T04:38:00.928250+00:00, run_after=2022-08-14T04:38:00.928250+00:00
[2022-08-14 04:38:00,941] {processor.py:161} INFO - Processing /home/airflow/.local/lib/python3.7/site-packages/airflow/example_dags/example_task_group.py took 0.087 seconds
[2022-08-14 04:38:32,838] {processor.py:153} INFO - Started process (PID=9324) to work on /home/airflow/.local/lib/python3.7/site-packages/airflow/example_dags/example_task_group.py
[2022-08-14 04:38:32,841] {processor.py:641} INFO - Processing file /home/airflow/.local/lib/python3.7/site-packages/airflow/example_dags/example_task_group.py for tasks to queue
[2022-08-14 04:38:32,844] {logging_mixin.py:115} INFO - [2022-08-14 04:38:32,844] {dagbag.py:507} INFO - Filling up the DagBag from /home/airflow/.local/lib/python3.7/site-packages/airflow/example_dags/example_task_group.py
[2022-08-14 04:38:32,867] {processor.py:651} INFO - DAG(s) dict_keys(['example_task_group']) retrieved from /home/airflow/.local/lib/python3.7/site-packages/airflow/example_dags/example_task_group.py
[2022-08-14 04:38:32,968] {logging_mixin.py:115} INFO - [2022-08-14 04:38:32,968] {dag.py:2371} INFO - Sync 1 DAGs
[2022-08-14 04:38:33,047] {logging_mixin.py:115} INFO - [2022-08-14 04:38:33,047] {dag.py:2919} INFO - Setting next_dagrun for example_task_group to 2022-08-13T04:38:33.046577+00:00, run_after=2022-08-14T04:38:33.046577+00:00
[2022-08-14 04:38:33,080] {processor.py:161} INFO - Processing /home/airflow/.local/lib/python3.7/site-packages/airflow/example_dags/example_task_group.py took 0.251 seconds
[2022-08-14 04:43:33,708] {processor.py:153} INFO - Started process (PID=9376) to work on /home/airflow/.local/lib/python3.7/site-packages/airflow/example_dags/example_task_group.py
[2022-08-14 04:43:33,709] {processor.py:641} INFO - Processing file /home/airflow/.local/lib/python3.7/site-packages/airflow/example_dags/example_task_group.py for tasks to queue
[2022-08-14 04:43:33,712] {logging_mixin.py:115} INFO - [2022-08-14 04:43:33,712] {dagbag.py:507} INFO - Filling up the DagBag from /home/airflow/.local/lib/python3.7/site-packages/airflow/example_dags/example_task_group.py
[2022-08-14 04:43:33,724] {processor.py:651} INFO - DAG(s) dict_keys(['example_task_group']) retrieved from /home/airflow/.local/lib/python3.7/site-packages/airflow/example_dags/example_task_group.py
[2022-08-14 04:43:33,765] {logging_mixin.py:115} INFO - [2022-08-14 04:43:33,765] {dag.py:2371} INFO - Sync 1 DAGs
[2022-08-14 04:43:33,793] {logging_mixin.py:115} INFO - [2022-08-14 04:43:33,793] {dag.py:2919} INFO - Setting next_dagrun for example_task_group to 2022-08-13T04:43:33.793115+00:00, run_after=2022-08-14T04:43:33.793115+00:00
[2022-08-14 04:43:33,808] {processor.py:161} INFO - Processing /home/airflow/.local/lib/python3.7/site-packages/airflow/example_dags/example_task_group.py took 0.104 seconds
[2022-08-14 04:44:05,527] {processor.py:153} INFO - Started process (PID=9429) to work on /home/airflow/.local/lib/python3.7/site-packages/airflow/example_dags/example_task_group.py
[2022-08-14 04:44:05,530] {processor.py:641} INFO - Processing file /home/airflow/.local/lib/python3.7/site-packages/airflow/example_dags/example_task_group.py for tasks to queue
[2022-08-14 04:44:05,532] {logging_mixin.py:115} INFO - [2022-08-14 04:44:05,532] {dagbag.py:507} INFO - Filling up the DagBag from /home/airflow/.local/lib/python3.7/site-packages/airflow/example_dags/example_task_group.py
[2022-08-14 04:44:05,555] {processor.py:651} INFO - DAG(s) dict_keys(['example_task_group']) retrieved from /home/airflow/.local/lib/python3.7/site-packages/airflow/example_dags/example_task_group.py
[2022-08-14 04:44:05,634] {logging_mixin.py:115} INFO - [2022-08-14 04:44:05,634] {dag.py:2371} INFO - Sync 1 DAGs
[2022-08-14 04:44:05,680] {logging_mixin.py:115} INFO - [2022-08-14 04:44:05,680] {dag.py:2919} INFO - Setting next_dagrun for example_task_group to 2022-08-13T04:44:05.679919+00:00, run_after=2022-08-14T04:44:05.679919+00:00
[2022-08-14 04:44:05,709] {processor.py:161} INFO - Processing /home/airflow/.local/lib/python3.7/site-packages/airflow/example_dags/example_task_group.py took 0.192 seconds
[2022-08-14 04:49:07,116] {processor.py:153} INFO - Started process (PID=9482) to work on /home/airflow/.local/lib/python3.7/site-packages/airflow/example_dags/example_task_group.py
[2022-08-14 04:49:07,117] {processor.py:641} INFO - Processing file /home/airflow/.local/lib/python3.7/site-packages/airflow/example_dags/example_task_group.py for tasks to queue
[2022-08-14 04:49:07,119] {logging_mixin.py:115} INFO - [2022-08-14 04:49:07,119] {dagbag.py:507} INFO - Filling up the DagBag from /home/airflow/.local/lib/python3.7/site-packages/airflow/example_dags/example_task_group.py
[2022-08-14 04:49:07,134] {processor.py:651} INFO - DAG(s) dict_keys(['example_task_group']) retrieved from /home/airflow/.local/lib/python3.7/site-packages/airflow/example_dags/example_task_group.py
[2022-08-14 04:49:07,177] {logging_mixin.py:115} INFO - [2022-08-14 04:49:07,177] {dag.py:2371} INFO - Sync 1 DAGs
[2022-08-14 04:49:07,197] {logging_mixin.py:115} INFO - [2022-08-14 04:49:07,197] {dag.py:2919} INFO - Setting next_dagrun for example_task_group to 2022-08-13T04:49:07.197491+00:00, run_after=2022-08-14T04:49:07.197491+00:00
[2022-08-14 04:49:07,210] {processor.py:161} INFO - Processing /home/airflow/.local/lib/python3.7/site-packages/airflow/example_dags/example_task_group.py took 0.100 seconds
[2022-08-14 04:49:39,169] {processor.py:153} INFO - Started process (PID=9534) to work on /home/airflow/.local/lib/python3.7/site-packages/airflow/example_dags/example_task_group.py
[2022-08-14 04:49:39,173] {processor.py:641} INFO - Processing file /home/airflow/.local/lib/python3.7/site-packages/airflow/example_dags/example_task_group.py for tasks to queue
[2022-08-14 04:49:39,176] {logging_mixin.py:115} INFO - [2022-08-14 04:49:39,176] {dagbag.py:507} INFO - Filling up the DagBag from /home/airflow/.local/lib/python3.7/site-packages/airflow/example_dags/example_task_group.py
[2022-08-14 04:49:39,202] {processor.py:651} INFO - DAG(s) dict_keys(['example_task_group']) retrieved from /home/airflow/.local/lib/python3.7/site-packages/airflow/example_dags/example_task_group.py
[2022-08-14 04:49:39,287] {logging_mixin.py:115} INFO - [2022-08-14 04:49:39,287] {dag.py:2371} INFO - Sync 1 DAGs
[2022-08-14 04:49:39,341] {logging_mixin.py:115} INFO - [2022-08-14 04:49:39,340] {dag.py:2919} INFO - Setting next_dagrun for example_task_group to 2022-08-13T04:49:39.340267+00:00, run_after=2022-08-14T04:49:39.340267+00:00
[2022-08-14 04:49:39,377] {processor.py:161} INFO - Processing /home/airflow/.local/lib/python3.7/site-packages/airflow/example_dags/example_task_group.py took 0.218 seconds
[2022-08-14 04:54:40,065] {processor.py:153} INFO - Started process (PID=9587) to work on /home/airflow/.local/lib/python3.7/site-packages/airflow/example_dags/example_task_group.py
[2022-08-14 04:54:40,067] {processor.py:641} INFO - Processing file /home/airflow/.local/lib/python3.7/site-packages/airflow/example_dags/example_task_group.py for tasks to queue
[2022-08-14 04:54:40,069] {logging_mixin.py:115} INFO - [2022-08-14 04:54:40,069] {dagbag.py:507} INFO - Filling up the DagBag from /home/airflow/.local/lib/python3.7/site-packages/airflow/example_dags/example_task_group.py
[2022-08-14 04:54:40,088] {processor.py:651} INFO - DAG(s) dict_keys(['example_task_group']) retrieved from /home/airflow/.local/lib/python3.7/site-packages/airflow/example_dags/example_task_group.py
[2022-08-14 04:54:40,129] {logging_mixin.py:115} INFO - [2022-08-14 04:54:40,129] {dag.py:2371} INFO - Sync 1 DAGs
[2022-08-14 04:54:40,150] {logging_mixin.py:115} INFO - [2022-08-14 04:54:40,149] {dag.py:2919} INFO - Setting next_dagrun for example_task_group to 2022-08-13T04:54:40.149666+00:00, run_after=2022-08-14T04:54:40.149666+00:00
[2022-08-14 04:54:40,163] {processor.py:161} INFO - Processing /home/airflow/.local/lib/python3.7/site-packages/airflow/example_dags/example_task_group.py took 0.104 seconds
[2022-08-14 04:55:12,754] {processor.py:153} INFO - Started process (PID=9639) to work on /home/airflow/.local/lib/python3.7/site-packages/airflow/example_dags/example_task_group.py
[2022-08-14 04:55:12,759] {processor.py:641} INFO - Processing file /home/airflow/.local/lib/python3.7/site-packages/airflow/example_dags/example_task_group.py for tasks to queue
[2022-08-14 04:55:12,763] {logging_mixin.py:115} INFO - [2022-08-14 04:55:12,762] {dagbag.py:507} INFO - Filling up the DagBag from /home/airflow/.local/lib/python3.7/site-packages/airflow/example_dags/example_task_group.py
[2022-08-14 04:55:12,800] {processor.py:651} INFO - DAG(s) dict_keys(['example_task_group']) retrieved from /home/airflow/.local/lib/python3.7/site-packages/airflow/example_dags/example_task_group.py
[2022-08-14 04:55:12,906] {logging_mixin.py:115} INFO - [2022-08-14 04:55:12,906] {dag.py:2371} INFO - Sync 1 DAGs
[2022-08-14 04:55:12,968] {logging_mixin.py:115} INFO - [2022-08-14 04:55:12,968] {dag.py:2919} INFO - Setting next_dagrun for example_task_group to 2022-08-13T04:55:12.967208+00:00, run_after=2022-08-14T04:55:12.967208+00:00
[2022-08-14 04:55:13,003] {processor.py:161} INFO - Processing /home/airflow/.local/lib/python3.7/site-packages/airflow/example_dags/example_task_group.py took 0.264 seconds
[2022-08-14 05:00:13,687] {processor.py:153} INFO - Started process (PID=9692) to work on /home/airflow/.local/lib/python3.7/site-packages/airflow/example_dags/example_task_group.py
[2022-08-14 05:00:13,688] {processor.py:641} INFO - Processing file /home/airflow/.local/lib/python3.7/site-packages/airflow/example_dags/example_task_group.py for tasks to queue
[2022-08-14 05:00:13,690] {logging_mixin.py:115} INFO - [2022-08-14 05:00:13,690] {dagbag.py:507} INFO - Filling up the DagBag from /home/airflow/.local/lib/python3.7/site-packages/airflow/example_dags/example_task_group.py
[2022-08-14 05:00:13,706] {processor.py:651} INFO - DAG(s) dict_keys(['example_task_group']) retrieved from /home/airflow/.local/lib/python3.7/site-packages/airflow/example_dags/example_task_group.py
[2022-08-14 05:00:13,776] {logging_mixin.py:115} INFO - [2022-08-14 05:00:13,776] {dag.py:2371} INFO - Sync 1 DAGs
[2022-08-14 05:00:13,804] {logging_mixin.py:115} INFO - [2022-08-14 05:00:13,804] {dag.py:2919} INFO - Setting next_dagrun for example_task_group to 2022-08-13T05:00:13.804093+00:00, run_after=2022-08-14T05:00:13.804093+00:00
[2022-08-14 05:00:13,820] {processor.py:161} INFO - Processing /home/airflow/.local/lib/python3.7/site-packages/airflow/example_dags/example_task_group.py took 0.136 seconds
[2022-08-14 05:00:44,861] {processor.py:153} INFO - Started process (PID=9746) to work on /home/airflow/.local/lib/python3.7/site-packages/airflow/example_dags/example_task_group.py
[2022-08-14 05:00:44,865] {processor.py:641} INFO - Processing file /home/airflow/.local/lib/python3.7/site-packages/airflow/example_dags/example_task_group.py for tasks to queue
[2022-08-14 05:00:44,868] {logging_mixin.py:115} INFO - [2022-08-14 05:00:44,868] {dagbag.py:507} INFO - Filling up the DagBag from /home/airflow/.local/lib/python3.7/site-packages/airflow/example_dags/example_task_group.py
[2022-08-14 05:00:44,894] {processor.py:651} INFO - DAG(s) dict_keys(['example_task_group']) retrieved from /home/airflow/.local/lib/python3.7/site-packages/airflow/example_dags/example_task_group.py
[2022-08-14 05:00:44,975] {logging_mixin.py:115} INFO - [2022-08-14 05:00:44,975] {dag.py:2371} INFO - Sync 1 DAGs
[2022-08-14 05:00:45,040] {logging_mixin.py:115} INFO - [2022-08-14 05:00:45,039] {dag.py:2919} INFO - Setting next_dagrun for example_task_group to 2022-08-13T05:00:45.036319+00:00, run_after=2022-08-14T05:00:45.036319+00:00
[2022-08-14 05:00:45,080] {processor.py:161} INFO - Processing /home/airflow/.local/lib/python3.7/site-packages/airflow/example_dags/example_task_group.py took 0.231 seconds
[2022-08-14 05:05:44,866] {processor.py:153} INFO - Started process (PID=9798) to work on /home/airflow/.local/lib/python3.7/site-packages/airflow/example_dags/example_task_group.py
[2022-08-14 05:05:44,868] {processor.py:641} INFO - Processing file /home/airflow/.local/lib/python3.7/site-packages/airflow/example_dags/example_task_group.py for tasks to queue
[2022-08-14 05:05:44,869] {logging_mixin.py:115} INFO - [2022-08-14 05:05:44,869] {dagbag.py:507} INFO - Filling up the DagBag from /home/airflow/.local/lib/python3.7/site-packages/airflow/example_dags/example_task_group.py
[2022-08-14 05:05:44,878] {processor.py:651} INFO - DAG(s) dict_keys(['example_task_group']) retrieved from /home/airflow/.local/lib/python3.7/site-packages/airflow/example_dags/example_task_group.py
[2022-08-14 05:05:44,911] {logging_mixin.py:115} INFO - [2022-08-14 05:05:44,911] {dag.py:2371} INFO - Sync 1 DAGs
[2022-08-14 05:05:44,938] {logging_mixin.py:115} INFO - [2022-08-14 05:05:44,938] {dag.py:2919} INFO - Setting next_dagrun for example_task_group to 2022-08-13T05:05:44.938283+00:00, run_after=2022-08-14T05:05:44.938283+00:00
[2022-08-14 05:05:44,956] {processor.py:161} INFO - Processing /home/airflow/.local/lib/python3.7/site-packages/airflow/example_dags/example_task_group.py took 0.093 seconds
[2022-08-14 05:06:16,961] {processor.py:153} INFO - Started process (PID=9850) to work on /home/airflow/.local/lib/python3.7/site-packages/airflow/example_dags/example_task_group.py
[2022-08-14 05:06:16,964] {processor.py:641} INFO - Processing file /home/airflow/.local/lib/python3.7/site-packages/airflow/example_dags/example_task_group.py for tasks to queue
[2022-08-14 05:06:16,968] {logging_mixin.py:115} INFO - [2022-08-14 05:06:16,967] {dagbag.py:507} INFO - Filling up the DagBag from /home/airflow/.local/lib/python3.7/site-packages/airflow/example_dags/example_task_group.py
[2022-08-14 05:06:16,993] {processor.py:651} INFO - DAG(s) dict_keys(['example_task_group']) retrieved from /home/airflow/.local/lib/python3.7/site-packages/airflow/example_dags/example_task_group.py
[2022-08-14 05:06:17,078] {logging_mixin.py:115} INFO - [2022-08-14 05:06:17,078] {dag.py:2371} INFO - Sync 1 DAGs
[2022-08-14 05:06:17,136] {logging_mixin.py:115} INFO - [2022-08-14 05:06:17,135] {dag.py:2919} INFO - Setting next_dagrun for example_task_group to 2022-08-13T05:06:17.135129+00:00, run_after=2022-08-14T05:06:17.135129+00:00
[2022-08-14 05:06:17,173] {processor.py:161} INFO - Processing /home/airflow/.local/lib/python3.7/site-packages/airflow/example_dags/example_task_group.py took 0.222 seconds
[2022-08-14 05:15:35,179] {processor.py:153} INFO - Started process (PID=9902) to work on /home/airflow/.local/lib/python3.7/site-packages/airflow/example_dags/example_task_group.py
[2022-08-14 05:15:35,181] {processor.py:641} INFO - Processing file /home/airflow/.local/lib/python3.7/site-packages/airflow/example_dags/example_task_group.py for tasks to queue
[2022-08-14 05:15:35,182] {logging_mixin.py:115} INFO - [2022-08-14 05:15:35,182] {dagbag.py:507} INFO - Filling up the DagBag from /home/airflow/.local/lib/python3.7/site-packages/airflow/example_dags/example_task_group.py
[2022-08-14 05:15:35,191] {processor.py:651} INFO - DAG(s) dict_keys(['example_task_group']) retrieved from /home/airflow/.local/lib/python3.7/site-packages/airflow/example_dags/example_task_group.py
[2022-08-14 05:15:35,221] {logging_mixin.py:115} INFO - [2022-08-14 05:15:35,221] {dag.py:2371} INFO - Sync 1 DAGs
[2022-08-14 05:15:35,242] {logging_mixin.py:115} INFO - [2022-08-14 05:15:35,242] {dag.py:2919} INFO - Setting next_dagrun for example_task_group to 2022-08-13T05:15:35.242245+00:00, run_after=2022-08-14T05:15:35.242245+00:00
[2022-08-14 05:15:35,258] {processor.py:161} INFO - Processing /home/airflow/.local/lib/python3.7/site-packages/airflow/example_dags/example_task_group.py took 0.082 seconds
[2022-08-14 05:16:06,900] {processor.py:153} INFO - Started process (PID=9955) to work on /home/airflow/.local/lib/python3.7/site-packages/airflow/example_dags/example_task_group.py
[2022-08-14 05:16:06,903] {processor.py:641} INFO - Processing file /home/airflow/.local/lib/python3.7/site-packages/airflow/example_dags/example_task_group.py for tasks to queue
[2022-08-14 05:16:06,905] {logging_mixin.py:115} INFO - [2022-08-14 05:16:06,905] {dagbag.py:507} INFO - Filling up the DagBag from /home/airflow/.local/lib/python3.7/site-packages/airflow/example_dags/example_task_group.py
[2022-08-14 05:16:06,924] {processor.py:651} INFO - DAG(s) dict_keys(['example_task_group']) retrieved from /home/airflow/.local/lib/python3.7/site-packages/airflow/example_dags/example_task_group.py
[2022-08-14 05:16:06,991] {logging_mixin.py:115} INFO - [2022-08-14 05:16:06,991] {dag.py:2371} INFO - Sync 1 DAGs
[2022-08-14 05:16:07,035] {logging_mixin.py:115} INFO - [2022-08-14 05:16:07,035] {dag.py:2919} INFO - Setting next_dagrun for example_task_group to 2022-08-13T05:16:07.034442+00:00, run_after=2022-08-14T05:16:07.034442+00:00
[2022-08-14 05:16:07,068] {processor.py:161} INFO - Processing /home/airflow/.local/lib/python3.7/site-packages/airflow/example_dags/example_task_group.py took 0.177 seconds
[2022-08-14 05:21:11,350] {processor.py:153} INFO - Started process (PID=10007) to work on /home/airflow/.local/lib/python3.7/site-packages/airflow/example_dags/example_task_group.py
[2022-08-14 05:21:11,352] {processor.py:641} INFO - Processing file /home/airflow/.local/lib/python3.7/site-packages/airflow/example_dags/example_task_group.py for tasks to queue
[2022-08-14 05:21:11,353] {logging_mixin.py:115} INFO - [2022-08-14 05:21:11,353] {dagbag.py:507} INFO - Filling up the DagBag from /home/airflow/.local/lib/python3.7/site-packages/airflow/example_dags/example_task_group.py
[2022-08-14 05:21:11,362] {processor.py:651} INFO - DAG(s) dict_keys(['example_task_group']) retrieved from /home/airflow/.local/lib/python3.7/site-packages/airflow/example_dags/example_task_group.py
[2022-08-14 05:21:11,394] {logging_mixin.py:115} INFO - [2022-08-14 05:21:11,394] {dag.py:2371} INFO - Sync 1 DAGs
[2022-08-14 05:21:11,415] {logging_mixin.py:115} INFO - [2022-08-14 05:21:11,415] {dag.py:2919} INFO - Setting next_dagrun for example_task_group to 2022-08-13T05:21:11.414697+00:00, run_after=2022-08-14T05:21:11.414697+00:00
[2022-08-14 05:21:11,429] {processor.py:161} INFO - Processing /home/airflow/.local/lib/python3.7/site-packages/airflow/example_dags/example_task_group.py took 0.083 seconds
[2022-08-14 05:21:44,115] {processor.py:153} INFO - Started process (PID=10060) to work on /home/airflow/.local/lib/python3.7/site-packages/airflow/example_dags/example_task_group.py
[2022-08-14 05:21:44,118] {processor.py:641} INFO - Processing file /home/airflow/.local/lib/python3.7/site-packages/airflow/example_dags/example_task_group.py for tasks to queue
[2022-08-14 05:21:44,121] {logging_mixin.py:115} INFO - [2022-08-14 05:21:44,121] {dagbag.py:507} INFO - Filling up the DagBag from /home/airflow/.local/lib/python3.7/site-packages/airflow/example_dags/example_task_group.py
[2022-08-14 05:21:44,192] {processor.py:651} INFO - DAG(s) dict_keys(['example_task_group']) retrieved from /home/airflow/.local/lib/python3.7/site-packages/airflow/example_dags/example_task_group.py
[2022-08-14 05:21:44,305] {logging_mixin.py:115} INFO - [2022-08-14 05:21:44,304] {dag.py:2371} INFO - Sync 1 DAGs
[2022-08-14 05:21:44,358] {logging_mixin.py:115} INFO - [2022-08-14 05:21:44,357] {dag.py:2919} INFO - Setting next_dagrun for example_task_group to 2022-08-13T05:21:44.357127+00:00, run_after=2022-08-14T05:21:44.357127+00:00
[2022-08-14 05:21:44,398] {processor.py:161} INFO - Processing /home/airflow/.local/lib/python3.7/site-packages/airflow/example_dags/example_task_group.py took 0.294 seconds
[2022-08-14 05:24:12,885] {processor.py:153} INFO - Started process (PID=10112) to work on /home/airflow/.local/lib/python3.7/site-packages/airflow/example_dags/example_task_group.py
[2022-08-14 05:24:12,887] {processor.py:641} INFO - Processing file /home/airflow/.local/lib/python3.7/site-packages/airflow/example_dags/example_task_group.py for tasks to queue
[2022-08-14 05:24:12,888] {logging_mixin.py:115} INFO - [2022-08-14 05:24:12,888] {dagbag.py:507} INFO - Filling up the DagBag from /home/airflow/.local/lib/python3.7/site-packages/airflow/example_dags/example_task_group.py
[2022-08-14 05:24:12,897] {processor.py:651} INFO - DAG(s) dict_keys(['example_task_group']) retrieved from /home/airflow/.local/lib/python3.7/site-packages/airflow/example_dags/example_task_group.py
[2022-08-14 05:24:12,933] {logging_mixin.py:115} INFO - [2022-08-14 05:24:12,933] {dag.py:2371} INFO - Sync 1 DAGs
[2022-08-14 05:24:12,968] {logging_mixin.py:115} INFO - [2022-08-14 05:24:12,968] {dag.py:2919} INFO - Setting next_dagrun for example_task_group to 2022-08-13T05:24:12.968133+00:00, run_after=2022-08-14T05:24:12.968133+00:00
[2022-08-14 05:24:12,992] {processor.py:161} INFO - Processing /home/airflow/.local/lib/python3.7/site-packages/airflow/example_dags/example_task_group.py took 0.113 seconds
[2022-08-14 05:29:28,541] {processor.py:153} INFO - Started process (PID=10164) to work on /home/airflow/.local/lib/python3.7/site-packages/airflow/example_dags/example_task_group.py
[2022-08-14 05:29:28,556] {processor.py:641} INFO - Processing file /home/airflow/.local/lib/python3.7/site-packages/airflow/example_dags/example_task_group.py for tasks to queue
[2022-08-14 05:29:28,557] {logging_mixin.py:115} INFO - [2022-08-14 05:29:28,557] {dagbag.py:507} INFO - Filling up the DagBag from /home/airflow/.local/lib/python3.7/site-packages/airflow/example_dags/example_task_group.py
[2022-08-14 05:29:28,586] {processor.py:651} INFO - DAG(s) dict_keys(['example_task_group']) retrieved from /home/airflow/.local/lib/python3.7/site-packages/airflow/example_dags/example_task_group.py
[2022-08-14 05:29:28,672] {logging_mixin.py:115} INFO - [2022-08-14 05:29:28,672] {dag.py:2371} INFO - Sync 1 DAGs
[2022-08-14 05:29:28,765] {logging_mixin.py:115} INFO - [2022-08-14 05:29:28,765] {dag.py:2919} INFO - Setting next_dagrun for example_task_group to 2022-08-13T05:29:28.764797+00:00, run_after=2022-08-14T05:29:28.764797+00:00
[2022-08-14 05:29:28,813] {processor.py:161} INFO - Processing /home/airflow/.local/lib/python3.7/site-packages/airflow/example_dags/example_task_group.py took 0.276 seconds
[2022-08-14 06:46:24,197] {processor.py:153} INFO - Started process (PID=10217) to work on /home/airflow/.local/lib/python3.7/site-packages/airflow/example_dags/example_task_group.py
[2022-08-14 06:46:24,199] {processor.py:641} INFO - Processing file /home/airflow/.local/lib/python3.7/site-packages/airflow/example_dags/example_task_group.py for tasks to queue
[2022-08-14 06:46:24,201] {logging_mixin.py:115} INFO - [2022-08-14 06:46:24,201] {dagbag.py:507} INFO - Filling up the DagBag from /home/airflow/.local/lib/python3.7/site-packages/airflow/example_dags/example_task_group.py
[2022-08-14 06:46:24,226] {processor.py:651} INFO - DAG(s) dict_keys(['example_task_group']) retrieved from /home/airflow/.local/lib/python3.7/site-packages/airflow/example_dags/example_task_group.py
[2022-08-14 06:46:24,273] {logging_mixin.py:115} INFO - [2022-08-14 06:46:24,273] {dag.py:2371} INFO - Sync 1 DAGs
[2022-08-14 06:46:24,309] {logging_mixin.py:115} INFO - [2022-08-14 06:46:24,309] {dag.py:2919} INFO - Setting next_dagrun for example_task_group to 2022-08-13T06:46:24.308897+00:00, run_after=2022-08-14T06:46:24.308897+00:00
[2022-08-14 06:46:24,336] {processor.py:161} INFO - Processing /home/airflow/.local/lib/python3.7/site-packages/airflow/example_dags/example_task_group.py took 0.146 seconds
[2022-08-14 08:00:39,613] {processor.py:153} INFO - Started process (PID=10268) to work on /home/airflow/.local/lib/python3.7/site-packages/airflow/example_dags/example_task_group.py
[2022-08-14 08:00:39,617] {processor.py:641} INFO - Processing file /home/airflow/.local/lib/python3.7/site-packages/airflow/example_dags/example_task_group.py for tasks to queue
[2022-08-14 08:00:39,618] {logging_mixin.py:115} INFO - [2022-08-14 08:00:39,618] {dagbag.py:507} INFO - Filling up the DagBag from /home/airflow/.local/lib/python3.7/site-packages/airflow/example_dags/example_task_group.py
[2022-08-14 08:00:39,644] {processor.py:651} INFO - DAG(s) dict_keys(['example_task_group']) retrieved from /home/airflow/.local/lib/python3.7/site-packages/airflow/example_dags/example_task_group.py
[2022-08-14 08:00:39,820] {logging_mixin.py:115} INFO - [2022-08-14 08:00:39,820] {dag.py:2371} INFO - Sync 1 DAGs
[2022-08-14 08:00:39,891] {logging_mixin.py:115} INFO - [2022-08-14 08:00:39,891] {dag.py:2919} INFO - Setting next_dagrun for example_task_group to 2022-08-13T08:00:39.891412+00:00, run_after=2022-08-14T08:00:39.891412+00:00
[2022-08-14 08:00:39,920] {processor.py:161} INFO - Processing /home/airflow/.local/lib/python3.7/site-packages/airflow/example_dags/example_task_group.py took 0.316 seconds
[2022-08-14 08:01:10,502] {processor.py:153} INFO - Started process (PID=10329) to work on /home/airflow/.local/lib/python3.7/site-packages/airflow/example_dags/example_task_group.py
[2022-08-14 08:01:10,503] {processor.py:641} INFO - Processing file /home/airflow/.local/lib/python3.7/site-packages/airflow/example_dags/example_task_group.py for tasks to queue
[2022-08-14 08:01:10,504] {logging_mixin.py:115} INFO - [2022-08-14 08:01:10,504] {dagbag.py:507} INFO - Filling up the DagBag from /home/airflow/.local/lib/python3.7/site-packages/airflow/example_dags/example_task_group.py
[2022-08-14 08:01:10,513] {processor.py:651} INFO - DAG(s) dict_keys(['example_task_group']) retrieved from /home/airflow/.local/lib/python3.7/site-packages/airflow/example_dags/example_task_group.py
[2022-08-14 08:01:10,543] {logging_mixin.py:115} INFO - [2022-08-14 08:01:10,543] {dag.py:2371} INFO - Sync 1 DAGs
[2022-08-14 08:01:10,563] {logging_mixin.py:115} INFO - [2022-08-14 08:01:10,563] {dag.py:2919} INFO - Setting next_dagrun for example_task_group to 2022-08-13T08:01:10.562983+00:00, run_after=2022-08-14T08:01:10.562983+00:00
[2022-08-14 08:01:10,580] {processor.py:161} INFO - Processing /home/airflow/.local/lib/python3.7/site-packages/airflow/example_dags/example_task_group.py took 0.081 seconds
[2022-08-14 08:06:25,368] {processor.py:153} INFO - Started process (PID=10389) to work on /home/airflow/.local/lib/python3.7/site-packages/airflow/example_dags/example_task_group.py
[2022-08-14 08:06:25,370] {processor.py:641} INFO - Processing file /home/airflow/.local/lib/python3.7/site-packages/airflow/example_dags/example_task_group.py for tasks to queue
[2022-08-14 08:06:25,372] {logging_mixin.py:115} INFO - [2022-08-14 08:06:25,371] {dagbag.py:507} INFO - Filling up the DagBag from /home/airflow/.local/lib/python3.7/site-packages/airflow/example_dags/example_task_group.py
[2022-08-14 08:06:25,384] {processor.py:651} INFO - DAG(s) dict_keys(['example_task_group']) retrieved from /home/airflow/.local/lib/python3.7/site-packages/airflow/example_dags/example_task_group.py
[2022-08-14 08:06:25,425] {logging_mixin.py:115} INFO - [2022-08-14 08:06:25,425] {dag.py:2371} INFO - Sync 1 DAGs
[2022-08-14 08:06:25,454] {logging_mixin.py:115} INFO - [2022-08-14 08:06:25,454] {dag.py:2919} INFO - Setting next_dagrun for example_task_group to 2022-08-13T08:06:25.454422+00:00, run_after=2022-08-14T08:06:25.454422+00:00
[2022-08-14 08:06:25,473] {processor.py:161} INFO - Processing /home/airflow/.local/lib/python3.7/site-packages/airflow/example_dags/example_task_group.py took 0.112 seconds
[2022-08-14 08:37:49,001] {processor.py:153} INFO - Started process (PID=10443) to work on /home/airflow/.local/lib/python3.7/site-packages/airflow/example_dags/example_task_group.py
[2022-08-14 08:37:49,004] {processor.py:641} INFO - Processing file /home/airflow/.local/lib/python3.7/site-packages/airflow/example_dags/example_task_group.py for tasks to queue
[2022-08-14 08:37:49,008] {logging_mixin.py:115} INFO - [2022-08-14 08:37:49,008] {dagbag.py:507} INFO - Filling up the DagBag from /home/airflow/.local/lib/python3.7/site-packages/airflow/example_dags/example_task_group.py
[2022-08-14 08:37:49,017] {processor.py:651} INFO - DAG(s) dict_keys(['example_task_group']) retrieved from /home/airflow/.local/lib/python3.7/site-packages/airflow/example_dags/example_task_group.py
[2022-08-14 08:37:49,072] {logging_mixin.py:115} INFO - [2022-08-14 08:37:49,072] {dag.py:2371} INFO - Sync 1 DAGs
[2022-08-14 08:37:49,109] {logging_mixin.py:115} INFO - [2022-08-14 08:37:49,109] {dag.py:2919} INFO - Setting next_dagrun for example_task_group to 2022-08-13T08:37:49.109334+00:00, run_after=2022-08-14T08:37:49.109334+00:00
[2022-08-14 08:37:49,130] {processor.py:161} INFO - Processing /home/airflow/.local/lib/python3.7/site-packages/airflow/example_dags/example_task_group.py took 0.133 seconds
[2022-08-14 08:38:19,535] {processor.py:153} INFO - Started process (PID=10495) to work on /home/airflow/.local/lib/python3.7/site-packages/airflow/example_dags/example_task_group.py
[2022-08-14 08:38:19,537] {processor.py:641} INFO - Processing file /home/airflow/.local/lib/python3.7/site-packages/airflow/example_dags/example_task_group.py for tasks to queue
[2022-08-14 08:38:19,538] {logging_mixin.py:115} INFO - [2022-08-14 08:38:19,538] {dagbag.py:507} INFO - Filling up the DagBag from /home/airflow/.local/lib/python3.7/site-packages/airflow/example_dags/example_task_group.py
[2022-08-14 08:38:19,547] {processor.py:651} INFO - DAG(s) dict_keys(['example_task_group']) retrieved from /home/airflow/.local/lib/python3.7/site-packages/airflow/example_dags/example_task_group.py
[2022-08-14 08:38:19,577] {logging_mixin.py:115} INFO - [2022-08-14 08:38:19,577] {dag.py:2371} INFO - Sync 1 DAGs
[2022-08-14 08:38:19,597] {logging_mixin.py:115} INFO - [2022-08-14 08:38:19,597] {dag.py:2919} INFO - Setting next_dagrun for example_task_group to 2022-08-13T08:38:19.597022+00:00, run_after=2022-08-14T08:38:19.597022+00:00
[2022-08-14 08:38:19,610] {processor.py:161} INFO - Processing /home/airflow/.local/lib/python3.7/site-packages/airflow/example_dags/example_task_group.py took 0.078 seconds
[2022-08-14 10:38:17,521] {processor.py:153} INFO - Started process (PID=10548) to work on /home/airflow/.local/lib/python3.7/site-packages/airflow/example_dags/example_task_group.py
[2022-08-14 10:38:17,527] {processor.py:641} INFO - Processing file /home/airflow/.local/lib/python3.7/site-packages/airflow/example_dags/example_task_group.py for tasks to queue
[2022-08-14 10:38:17,529] {logging_mixin.py:115} INFO - [2022-08-14 10:38:17,528] {dagbag.py:507} INFO - Filling up the DagBag from /home/airflow/.local/lib/python3.7/site-packages/airflow/example_dags/example_task_group.py
[2022-08-14 10:38:17,549] {processor.py:651} INFO - DAG(s) dict_keys(['example_task_group']) retrieved from /home/airflow/.local/lib/python3.7/site-packages/airflow/example_dags/example_task_group.py
[2022-08-14 10:38:17,606] {logging_mixin.py:115} INFO - [2022-08-14 10:38:17,606] {dag.py:2371} INFO - Sync 1 DAGs
[2022-08-14 10:38:17,632] {logging_mixin.py:115} INFO - [2022-08-14 10:38:17,632] {dag.py:2919} INFO - Setting next_dagrun for example_task_group to 2022-08-13T10:38:17.632430+00:00, run_after=2022-08-14T10:38:17.632430+00:00
[2022-08-14 10:38:17,648] {processor.py:161} INFO - Processing /home/airflow/.local/lib/python3.7/site-packages/airflow/example_dags/example_task_group.py took 0.141 seconds
[2022-08-14 12:39:15,772] {processor.py:153} INFO - Started process (PID=10609) to work on /home/airflow/.local/lib/python3.7/site-packages/airflow/example_dags/example_task_group.py
[2022-08-14 12:39:15,777] {processor.py:641} INFO - Processing file /home/airflow/.local/lib/python3.7/site-packages/airflow/example_dags/example_task_group.py for tasks to queue
[2022-08-14 12:39:15,778] {logging_mixin.py:115} INFO - [2022-08-14 12:39:15,778] {dagbag.py:507} INFO - Filling up the DagBag from /home/airflow/.local/lib/python3.7/site-packages/airflow/example_dags/example_task_group.py
[2022-08-14 12:39:15,794] {processor.py:651} INFO - DAG(s) dict_keys(['example_task_group']) retrieved from /home/airflow/.local/lib/python3.7/site-packages/airflow/example_dags/example_task_group.py
[2022-08-14 12:39:15,844] {logging_mixin.py:115} INFO - [2022-08-14 12:39:15,843] {dag.py:2371} INFO - Sync 1 DAGs
[2022-08-14 12:39:15,882] {logging_mixin.py:115} INFO - [2022-08-14 12:39:15,881] {dag.py:2919} INFO - Setting next_dagrun for example_task_group to 2022-08-13T12:39:15.881550+00:00, run_after=2022-08-14T12:39:15.881550+00:00
[2022-08-14 12:39:15,899] {processor.py:161} INFO - Processing /home/airflow/.local/lib/python3.7/site-packages/airflow/example_dags/example_task_group.py took 0.131 seconds
[2022-08-14 12:58:02,389] {processor.py:153} INFO - Started process (PID=10662) to work on /home/airflow/.local/lib/python3.7/site-packages/airflow/example_dags/example_task_group.py
[2022-08-14 12:58:02,394] {processor.py:641} INFO - Processing file /home/airflow/.local/lib/python3.7/site-packages/airflow/example_dags/example_task_group.py for tasks to queue
[2022-08-14 12:58:02,397] {logging_mixin.py:115} INFO - [2022-08-14 12:58:02,397] {dagbag.py:507} INFO - Filling up the DagBag from /home/airflow/.local/lib/python3.7/site-packages/airflow/example_dags/example_task_group.py
[2022-08-14 12:58:02,423] {processor.py:651} INFO - DAG(s) dict_keys(['example_task_group']) retrieved from /home/airflow/.local/lib/python3.7/site-packages/airflow/example_dags/example_task_group.py
[2022-08-14 12:58:02,470] {logging_mixin.py:115} INFO - [2022-08-14 12:58:02,470] {dag.py:2371} INFO - Sync 1 DAGs
[2022-08-14 12:58:02,508] {logging_mixin.py:115} INFO - [2022-08-14 12:58:02,508] {dag.py:2919} INFO - Setting next_dagrun for example_task_group to 2022-08-13T12:58:02.507723+00:00, run_after=2022-08-14T12:58:02.507723+00:00
[2022-08-14 12:58:02,538] {processor.py:161} INFO - Processing /home/airflow/.local/lib/python3.7/site-packages/airflow/example_dags/example_task_group.py took 0.153 seconds
[2022-08-14 12:59:23,422] {processor.py:153} INFO - Started process (PID=10723) to work on /home/airflow/.local/lib/python3.7/site-packages/airflow/example_dags/example_task_group.py
[2022-08-14 12:59:23,424] {processor.py:641} INFO - Processing file /home/airflow/.local/lib/python3.7/site-packages/airflow/example_dags/example_task_group.py for tasks to queue
[2022-08-14 12:59:23,426] {logging_mixin.py:115} INFO - [2022-08-14 12:59:23,426] {dagbag.py:507} INFO - Filling up the DagBag from /home/airflow/.local/lib/python3.7/site-packages/airflow/example_dags/example_task_group.py
[2022-08-14 12:59:23,437] {processor.py:651} INFO - DAG(s) dict_keys(['example_task_group']) retrieved from /home/airflow/.local/lib/python3.7/site-packages/airflow/example_dags/example_task_group.py
[2022-08-14 12:59:23,475] {logging_mixin.py:115} INFO - [2022-08-14 12:59:23,475] {dag.py:2371} INFO - Sync 1 DAGs
[2022-08-14 12:59:23,514] {logging_mixin.py:115} INFO - [2022-08-14 12:59:23,514] {dag.py:2919} INFO - Setting next_dagrun for example_task_group to 2022-08-13T12:59:23.513696+00:00, run_after=2022-08-14T12:59:23.513696+00:00
[2022-08-14 12:59:23,567] {processor.py:161} INFO - Processing /home/airflow/.local/lib/python3.7/site-packages/airflow/example_dags/example_task_group.py took 0.150 seconds
[2022-08-14 12:59:53,684] {processor.py:153} INFO - Started process (PID=10775) to work on /home/airflow/.local/lib/python3.7/site-packages/airflow/example_dags/example_task_group.py
[2022-08-14 12:59:53,685] {processor.py:641} INFO - Processing file /home/airflow/.local/lib/python3.7/site-packages/airflow/example_dags/example_task_group.py for tasks to queue
[2022-08-14 12:59:53,686] {logging_mixin.py:115} INFO - [2022-08-14 12:59:53,686] {dagbag.py:507} INFO - Filling up the DagBag from /home/airflow/.local/lib/python3.7/site-packages/airflow/example_dags/example_task_group.py
[2022-08-14 12:59:53,695] {processor.py:651} INFO - DAG(s) dict_keys(['example_task_group']) retrieved from /home/airflow/.local/lib/python3.7/site-packages/airflow/example_dags/example_task_group.py
[2022-08-14 12:59:53,726] {logging_mixin.py:115} INFO - [2022-08-14 12:59:53,726] {dag.py:2371} INFO - Sync 1 DAGs
[2022-08-14 12:59:53,746] {logging_mixin.py:115} INFO - [2022-08-14 12:59:53,746] {dag.py:2919} INFO - Setting next_dagrun for example_task_group to 2022-08-13T12:59:53.746451+00:00, run_after=2022-08-14T12:59:53.746451+00:00
[2022-08-14 12:59:53,759] {processor.py:161} INFO - Processing /home/airflow/.local/lib/python3.7/site-packages/airflow/example_dags/example_task_group.py took 0.079 seconds
[2022-08-14 13:15:51,302] {processor.py:153} INFO - Started process (PID=10837) to work on /home/airflow/.local/lib/python3.7/site-packages/airflow/example_dags/example_task_group.py
[2022-08-14 13:15:51,305] {processor.py:641} INFO - Processing file /home/airflow/.local/lib/python3.7/site-packages/airflow/example_dags/example_task_group.py for tasks to queue
[2022-08-14 13:15:51,306] {logging_mixin.py:115} INFO - [2022-08-14 13:15:51,306] {dagbag.py:507} INFO - Filling up the DagBag from /home/airflow/.local/lib/python3.7/site-packages/airflow/example_dags/example_task_group.py
[2022-08-14 13:15:51,324] {processor.py:651} INFO - DAG(s) dict_keys(['example_task_group']) retrieved from /home/airflow/.local/lib/python3.7/site-packages/airflow/example_dags/example_task_group.py
[2022-08-14 13:15:51,439] {logging_mixin.py:115} INFO - [2022-08-14 13:15:51,439] {dag.py:2371} INFO - Sync 1 DAGs
[2022-08-14 13:15:51,478] {logging_mixin.py:115} INFO - [2022-08-14 13:15:51,478] {dag.py:2919} INFO - Setting next_dagrun for example_task_group to 2022-08-13T13:15:51.476505+00:00, run_after=2022-08-14T13:15:51.476505+00:00
[2022-08-14 13:15:51,506] {processor.py:161} INFO - Processing /home/airflow/.local/lib/python3.7/site-packages/airflow/example_dags/example_task_group.py took 0.210 seconds
[2022-08-14 13:16:46,305] {processor.py:153} INFO - Started process (PID=10889) to work on /home/airflow/.local/lib/python3.7/site-packages/airflow/example_dags/example_task_group.py
[2022-08-14 13:16:46,307] {processor.py:641} INFO - Processing file /home/airflow/.local/lib/python3.7/site-packages/airflow/example_dags/example_task_group.py for tasks to queue
[2022-08-14 13:16:46,309] {logging_mixin.py:115} INFO - [2022-08-14 13:16:46,309] {dagbag.py:507} INFO - Filling up the DagBag from /home/airflow/.local/lib/python3.7/site-packages/airflow/example_dags/example_task_group.py
[2022-08-14 13:16:46,318] {processor.py:651} INFO - DAG(s) dict_keys(['example_task_group']) retrieved from /home/airflow/.local/lib/python3.7/site-packages/airflow/example_dags/example_task_group.py
[2022-08-14 13:16:46,349] {logging_mixin.py:115} INFO - [2022-08-14 13:16:46,349] {dag.py:2371} INFO - Sync 1 DAGs
[2022-08-14 13:16:46,370] {logging_mixin.py:115} INFO - [2022-08-14 13:16:46,370] {dag.py:2919} INFO - Setting next_dagrun for example_task_group to 2022-08-13T13:16:46.369738+00:00, run_after=2022-08-14T13:16:46.369738+00:00
[2022-08-14 13:16:46,385] {processor.py:161} INFO - Processing /home/airflow/.local/lib/python3.7/site-packages/airflow/example_dags/example_task_group.py took 0.085 seconds
[2022-08-14 16:37:23,642] {processor.py:153} INFO - Started process (PID=10942) to work on /home/airflow/.local/lib/python3.7/site-packages/airflow/example_dags/example_task_group.py
[2022-08-14 16:37:23,657] {processor.py:641} INFO - Processing file /home/airflow/.local/lib/python3.7/site-packages/airflow/example_dags/example_task_group.py for tasks to queue
[2022-08-14 16:37:23,665] {logging_mixin.py:115} INFO - [2022-08-14 16:37:23,665] {dagbag.py:507} INFO - Filling up the DagBag from /home/airflow/.local/lib/python3.7/site-packages/airflow/example_dags/example_task_group.py
[2022-08-14 16:37:23,685] {processor.py:651} INFO - DAG(s) dict_keys(['example_task_group']) retrieved from /home/airflow/.local/lib/python3.7/site-packages/airflow/example_dags/example_task_group.py
[2022-08-14 16:37:23,733] {logging_mixin.py:115} INFO - [2022-08-14 16:37:23,732] {dag.py:2371} INFO - Sync 1 DAGs
[2022-08-14 16:37:23,776] {logging_mixin.py:115} INFO - [2022-08-14 16:37:23,776] {dag.py:2919} INFO - Setting next_dagrun for example_task_group to 2022-08-13T16:37:23.775190+00:00, run_after=2022-08-14T16:37:23.775190+00:00
[2022-08-14 16:37:23,803] {processor.py:161} INFO - Processing /home/airflow/.local/lib/python3.7/site-packages/airflow/example_dags/example_task_group.py took 0.166 seconds
