[2022-08-14 02:33:48,048] {processor.py:153} INFO - Started process (PID=8444) to work on /home/airflow/.local/lib/python3.7/site-packages/airflow/example_dags/example_bash_operator.py
[2022-08-14 02:33:48,050] {processor.py:641} INFO - Processing file /home/airflow/.local/lib/python3.7/site-packages/airflow/example_dags/example_bash_operator.py for tasks to queue
[2022-08-14 02:33:48,052] {logging_mixin.py:115} INFO - [2022-08-14 02:33:48,052] {dagbag.py:507} INFO - Filling up the DagBag from /home/airflow/.local/lib/python3.7/site-packages/airflow/example_dags/example_bash_operator.py
[2022-08-14 02:33:48,079] {processor.py:651} INFO - DAG(s) dict_keys(['example_bash_operator']) retrieved from /home/airflow/.local/lib/python3.7/site-packages/airflow/example_dags/example_bash_operator.py
[2022-08-14 02:33:48,157] {logging_mixin.py:115} INFO - [2022-08-14 02:33:48,157] {dag.py:2371} INFO - Sync 1 DAGs
[2022-08-14 02:33:48,200] {logging_mixin.py:115} INFO - [2022-08-14 02:33:48,199] {dag.py:2919} INFO - Setting next_dagrun for example_bash_operator to 2022-08-13T00:00:00+00:00, run_after=2022-08-14T00:00:00+00:00
[2022-08-14 02:33:48,223] {processor.py:161} INFO - Processing /home/airflow/.local/lib/python3.7/site-packages/airflow/example_dags/example_bash_operator.py took 0.183 seconds
[2022-08-14 03:53:52,471] {processor.py:153} INFO - Started process (PID=8488) to work on /home/airflow/.local/lib/python3.7/site-packages/airflow/example_dags/example_bash_operator.py
[2022-08-14 03:53:52,483] {processor.py:641} INFO - Processing file /home/airflow/.local/lib/python3.7/site-packages/airflow/example_dags/example_bash_operator.py for tasks to queue
[2022-08-14 03:53:52,497] {logging_mixin.py:115} INFO - [2022-08-14 03:53:52,495] {dagbag.py:507} INFO - Filling up the DagBag from /home/airflow/.local/lib/python3.7/site-packages/airflow/example_dags/example_bash_operator.py
[2022-08-14 03:53:52,601] {processor.py:651} INFO - DAG(s) dict_keys(['example_bash_operator']) retrieved from /home/airflow/.local/lib/python3.7/site-packages/airflow/example_dags/example_bash_operator.py
[2022-08-14 03:53:52,880] {logging_mixin.py:115} INFO - [2022-08-14 03:53:52,879] {dag.py:2371} INFO - Sync 1 DAGs
[2022-08-14 03:53:53,066] {logging_mixin.py:115} INFO - [2022-08-14 03:53:53,065] {dag.py:2919} INFO - Setting next_dagrun for example_bash_operator to 2022-08-13T00:00:00+00:00, run_after=2022-08-14T00:00:00+00:00
[2022-08-14 03:53:53,175] {processor.py:161} INFO - Processing /home/airflow/.local/lib/python3.7/site-packages/airflow/example_dags/example_bash_operator.py took 0.732 seconds
[2022-08-14 03:59:06,048] {processor.py:153} INFO - Started process (PID=8545) to work on /home/airflow/.local/lib/python3.7/site-packages/airflow/example_dags/example_bash_operator.py
[2022-08-14 03:59:06,055] {processor.py:641} INFO - Processing file /home/airflow/.local/lib/python3.7/site-packages/airflow/example_dags/example_bash_operator.py for tasks to queue
[2022-08-14 03:59:06,058] {logging_mixin.py:115} INFO - [2022-08-14 03:59:06,058] {dagbag.py:507} INFO - Filling up the DagBag from /home/airflow/.local/lib/python3.7/site-packages/airflow/example_dags/example_bash_operator.py
[2022-08-14 03:59:06,147] {processor.py:651} INFO - DAG(s) dict_keys(['example_bash_operator']) retrieved from /home/airflow/.local/lib/python3.7/site-packages/airflow/example_dags/example_bash_operator.py
[2022-08-14 03:59:06,273] {logging_mixin.py:115} INFO - [2022-08-14 03:59:06,273] {dag.py:2371} INFO - Sync 1 DAGs
[2022-08-14 03:59:06,336] {logging_mixin.py:115} INFO - [2022-08-14 03:59:06,336] {dag.py:2919} INFO - Setting next_dagrun for example_bash_operator to 2022-08-13T00:00:00+00:00, run_after=2022-08-14T00:00:00+00:00
[2022-08-14 03:59:06,365] {processor.py:161} INFO - Processing /home/airflow/.local/lib/python3.7/site-packages/airflow/example_dags/example_bash_operator.py took 0.341 seconds
[2022-08-14 03:59:37,778] {processor.py:153} INFO - Started process (PID=8597) to work on /home/airflow/.local/lib/python3.7/site-packages/airflow/example_dags/example_bash_operator.py
[2022-08-14 03:59:37,785] {processor.py:641} INFO - Processing file /home/airflow/.local/lib/python3.7/site-packages/airflow/example_dags/example_bash_operator.py for tasks to queue
[2022-08-14 03:59:37,790] {logging_mixin.py:115} INFO - [2022-08-14 03:59:37,789] {dagbag.py:507} INFO - Filling up the DagBag from /home/airflow/.local/lib/python3.7/site-packages/airflow/example_dags/example_bash_operator.py
[2022-08-14 03:59:37,850] {processor.py:651} INFO - DAG(s) dict_keys(['example_bash_operator']) retrieved from /home/airflow/.local/lib/python3.7/site-packages/airflow/example_dags/example_bash_operator.py
[2022-08-14 03:59:38,019] {logging_mixin.py:115} INFO - [2022-08-14 03:59:38,019] {dag.py:2371} INFO - Sync 1 DAGs
[2022-08-14 03:59:38,131] {logging_mixin.py:115} INFO - [2022-08-14 03:59:38,131] {dag.py:2919} INFO - Setting next_dagrun for example_bash_operator to 2022-08-13T00:00:00+00:00, run_after=2022-08-14T00:00:00+00:00
[2022-08-14 03:59:38,194] {processor.py:161} INFO - Processing /home/airflow/.local/lib/python3.7/site-packages/airflow/example_dags/example_bash_operator.py took 0.435 seconds
[2022-08-14 04:04:37,194] {processor.py:153} INFO - Started process (PID=8640) to work on /home/airflow/.local/lib/python3.7/site-packages/airflow/example_dags/example_bash_operator.py
[2022-08-14 04:04:37,196] {processor.py:641} INFO - Processing file /home/airflow/.local/lib/python3.7/site-packages/airflow/example_dags/example_bash_operator.py for tasks to queue
[2022-08-14 04:04:37,197] {logging_mixin.py:115} INFO - [2022-08-14 04:04:37,197] {dagbag.py:507} INFO - Filling up the DagBag from /home/airflow/.local/lib/python3.7/site-packages/airflow/example_dags/example_bash_operator.py
[2022-08-14 04:04:37,215] {processor.py:651} INFO - DAG(s) dict_keys(['example_bash_operator']) retrieved from /home/airflow/.local/lib/python3.7/site-packages/airflow/example_dags/example_bash_operator.py
[2022-08-14 04:04:37,246] {logging_mixin.py:115} INFO - [2022-08-14 04:04:37,246] {dag.py:2371} INFO - Sync 1 DAGs
[2022-08-14 04:04:37,271] {logging_mixin.py:115} INFO - [2022-08-14 04:04:37,271] {dag.py:2919} INFO - Setting next_dagrun for example_bash_operator to 2022-08-13T00:00:00+00:00, run_after=2022-08-14T00:00:00+00:00
[2022-08-14 04:04:37,287] {processor.py:161} INFO - Processing /home/airflow/.local/lib/python3.7/site-packages/airflow/example_dags/example_bash_operator.py took 0.098 seconds
[2022-08-14 04:05:08,943] {processor.py:153} INFO - Started process (PID=8692) to work on /home/airflow/.local/lib/python3.7/site-packages/airflow/example_dags/example_bash_operator.py
[2022-08-14 04:05:08,946] {processor.py:641} INFO - Processing file /home/airflow/.local/lib/python3.7/site-packages/airflow/example_dags/example_bash_operator.py for tasks to queue
[2022-08-14 04:05:08,948] {logging_mixin.py:115} INFO - [2022-08-14 04:05:08,948] {dagbag.py:507} INFO - Filling up the DagBag from /home/airflow/.local/lib/python3.7/site-packages/airflow/example_dags/example_bash_operator.py
[2022-08-14 04:05:08,985] {processor.py:651} INFO - DAG(s) dict_keys(['example_bash_operator']) retrieved from /home/airflow/.local/lib/python3.7/site-packages/airflow/example_dags/example_bash_operator.py
[2022-08-14 04:05:09,066] {logging_mixin.py:115} INFO - [2022-08-14 04:05:09,066] {dag.py:2371} INFO - Sync 1 DAGs
[2022-08-14 04:05:09,119] {logging_mixin.py:115} INFO - [2022-08-14 04:05:09,119] {dag.py:2919} INFO - Setting next_dagrun for example_bash_operator to 2022-08-13T00:00:00+00:00, run_after=2022-08-14T00:00:00+00:00
[2022-08-14 04:05:09,145] {processor.py:161} INFO - Processing /home/airflow/.local/lib/python3.7/site-packages/airflow/example_dags/example_bash_operator.py took 0.212 seconds
[2022-08-14 04:10:11,186] {processor.py:153} INFO - Started process (PID=8743) to work on /home/airflow/.local/lib/python3.7/site-packages/airflow/example_dags/example_bash_operator.py
[2022-08-14 04:10:11,193] {processor.py:641} INFO - Processing file /home/airflow/.local/lib/python3.7/site-packages/airflow/example_dags/example_bash_operator.py for tasks to queue
[2022-08-14 04:10:11,196] {logging_mixin.py:115} INFO - [2022-08-14 04:10:11,195] {dagbag.py:507} INFO - Filling up the DagBag from /home/airflow/.local/lib/python3.7/site-packages/airflow/example_dags/example_bash_operator.py
[2022-08-14 04:10:11,223] {processor.py:651} INFO - DAG(s) dict_keys(['example_bash_operator']) retrieved from /home/airflow/.local/lib/python3.7/site-packages/airflow/example_dags/example_bash_operator.py
[2022-08-14 04:10:11,306] {logging_mixin.py:115} INFO - [2022-08-14 04:10:11,306] {dag.py:2371} INFO - Sync 1 DAGs
[2022-08-14 04:10:11,367] {logging_mixin.py:115} INFO - [2022-08-14 04:10:11,367] {dag.py:2919} INFO - Setting next_dagrun for example_bash_operator to 2022-08-13T00:00:00+00:00, run_after=2022-08-14T00:00:00+00:00
[2022-08-14 04:10:11,396] {processor.py:161} INFO - Processing /home/airflow/.local/lib/python3.7/site-packages/airflow/example_dags/example_bash_operator.py took 0.215 seconds
[2022-08-14 04:10:42,763] {processor.py:153} INFO - Started process (PID=8795) to work on /home/airflow/.local/lib/python3.7/site-packages/airflow/example_dags/example_bash_operator.py
[2022-08-14 04:10:42,765] {processor.py:641} INFO - Processing file /home/airflow/.local/lib/python3.7/site-packages/airflow/example_dags/example_bash_operator.py for tasks to queue
[2022-08-14 04:10:42,768] {logging_mixin.py:115} INFO - [2022-08-14 04:10:42,768] {dagbag.py:507} INFO - Filling up the DagBag from /home/airflow/.local/lib/python3.7/site-packages/airflow/example_dags/example_bash_operator.py
[2022-08-14 04:10:42,804] {processor.py:651} INFO - DAG(s) dict_keys(['example_bash_operator']) retrieved from /home/airflow/.local/lib/python3.7/site-packages/airflow/example_dags/example_bash_operator.py
[2022-08-14 04:10:42,875] {logging_mixin.py:115} INFO - [2022-08-14 04:10:42,875] {dag.py:2371} INFO - Sync 1 DAGs
[2022-08-14 04:10:42,929] {logging_mixin.py:115} INFO - [2022-08-14 04:10:42,928] {dag.py:2919} INFO - Setting next_dagrun for example_bash_operator to 2022-08-13T00:00:00+00:00, run_after=2022-08-14T00:00:00+00:00
[2022-08-14 04:10:42,955] {processor.py:161} INFO - Processing /home/airflow/.local/lib/python3.7/site-packages/airflow/example_dags/example_bash_operator.py took 0.200 seconds
[2022-08-14 04:15:54,293] {processor.py:153} INFO - Started process (PID=8849) to work on /home/airflow/.local/lib/python3.7/site-packages/airflow/example_dags/example_bash_operator.py
[2022-08-14 04:15:54,296] {processor.py:641} INFO - Processing file /home/airflow/.local/lib/python3.7/site-packages/airflow/example_dags/example_bash_operator.py for tasks to queue
[2022-08-14 04:15:54,298] {logging_mixin.py:115} INFO - [2022-08-14 04:15:54,298] {dagbag.py:507} INFO - Filling up the DagBag from /home/airflow/.local/lib/python3.7/site-packages/airflow/example_dags/example_bash_operator.py
[2022-08-14 04:15:54,348] {processor.py:651} INFO - DAG(s) dict_keys(['example_bash_operator']) retrieved from /home/airflow/.local/lib/python3.7/site-packages/airflow/example_dags/example_bash_operator.py
[2022-08-14 04:15:54,414] {logging_mixin.py:115} INFO - [2022-08-14 04:15:54,413] {dag.py:2371} INFO - Sync 1 DAGs
[2022-08-14 04:15:54,453] {logging_mixin.py:115} INFO - [2022-08-14 04:15:54,452] {dag.py:2919} INFO - Setting next_dagrun for example_bash_operator to 2022-08-13T00:00:00+00:00, run_after=2022-08-14T00:00:00+00:00
[2022-08-14 04:15:54,481] {processor.py:161} INFO - Processing /home/airflow/.local/lib/python3.7/site-packages/airflow/example_dags/example_bash_operator.py took 0.195 seconds
[2022-08-14 04:16:25,276] {processor.py:153} INFO - Started process (PID=8901) to work on /home/airflow/.local/lib/python3.7/site-packages/airflow/example_dags/example_bash_operator.py
[2022-08-14 04:16:25,280] {processor.py:641} INFO - Processing file /home/airflow/.local/lib/python3.7/site-packages/airflow/example_dags/example_bash_operator.py for tasks to queue
[2022-08-14 04:16:25,286] {logging_mixin.py:115} INFO - [2022-08-14 04:16:25,285] {dagbag.py:507} INFO - Filling up the DagBag from /home/airflow/.local/lib/python3.7/site-packages/airflow/example_dags/example_bash_operator.py
[2022-08-14 04:16:25,333] {processor.py:651} INFO - DAG(s) dict_keys(['example_bash_operator']) retrieved from /home/airflow/.local/lib/python3.7/site-packages/airflow/example_dags/example_bash_operator.py
[2022-08-14 04:16:25,461] {logging_mixin.py:115} INFO - [2022-08-14 04:16:25,460] {dag.py:2371} INFO - Sync 1 DAGs
[2022-08-14 04:16:25,625] {logging_mixin.py:115} INFO - [2022-08-14 04:16:25,625] {dag.py:2919} INFO - Setting next_dagrun for example_bash_operator to 2022-08-13T00:00:00+00:00, run_after=2022-08-14T00:00:00+00:00
[2022-08-14 04:16:25,786] {processor.py:161} INFO - Processing /home/airflow/.local/lib/python3.7/site-packages/airflow/example_dags/example_bash_operator.py took 0.524 seconds
[2022-08-14 04:21:20,108] {processor.py:153} INFO - Started process (PID=8944) to work on /home/airflow/.local/lib/python3.7/site-packages/airflow/example_dags/example_bash_operator.py
[2022-08-14 04:21:20,110] {processor.py:641} INFO - Processing file /home/airflow/.local/lib/python3.7/site-packages/airflow/example_dags/example_bash_operator.py for tasks to queue
[2022-08-14 04:21:20,112] {logging_mixin.py:115} INFO - [2022-08-14 04:21:20,111] {dagbag.py:507} INFO - Filling up the DagBag from /home/airflow/.local/lib/python3.7/site-packages/airflow/example_dags/example_bash_operator.py
[2022-08-14 04:21:20,142] {processor.py:651} INFO - DAG(s) dict_keys(['example_bash_operator']) retrieved from /home/airflow/.local/lib/python3.7/site-packages/airflow/example_dags/example_bash_operator.py
[2022-08-14 04:21:20,179] {logging_mixin.py:115} INFO - [2022-08-14 04:21:20,179] {dag.py:2371} INFO - Sync 1 DAGs
[2022-08-14 04:21:20,204] {logging_mixin.py:115} INFO - [2022-08-14 04:21:20,204] {dag.py:2919} INFO - Setting next_dagrun for example_bash_operator to 2022-08-13T00:00:00+00:00, run_after=2022-08-14T00:00:00+00:00
[2022-08-14 04:21:20,221] {processor.py:161} INFO - Processing /home/airflow/.local/lib/python3.7/site-packages/airflow/example_dags/example_bash_operator.py took 0.120 seconds
[2022-08-14 04:21:51,311] {processor.py:153} INFO - Started process (PID=8996) to work on /home/airflow/.local/lib/python3.7/site-packages/airflow/example_dags/example_bash_operator.py
[2022-08-14 04:21:51,316] {processor.py:641} INFO - Processing file /home/airflow/.local/lib/python3.7/site-packages/airflow/example_dags/example_bash_operator.py for tasks to queue
[2022-08-14 04:21:51,320] {logging_mixin.py:115} INFO - [2022-08-14 04:21:51,320] {dagbag.py:507} INFO - Filling up the DagBag from /home/airflow/.local/lib/python3.7/site-packages/airflow/example_dags/example_bash_operator.py
[2022-08-14 04:21:51,383] {processor.py:651} INFO - DAG(s) dict_keys(['example_bash_operator']) retrieved from /home/airflow/.local/lib/python3.7/site-packages/airflow/example_dags/example_bash_operator.py
[2022-08-14 04:21:51,450] {logging_mixin.py:115} INFO - [2022-08-14 04:21:51,450] {dag.py:2371} INFO - Sync 1 DAGs
[2022-08-14 04:21:51,500] {logging_mixin.py:115} INFO - [2022-08-14 04:21:51,500] {dag.py:2919} INFO - Setting next_dagrun for example_bash_operator to 2022-08-13T00:00:00+00:00, run_after=2022-08-14T00:00:00+00:00
[2022-08-14 04:21:51,530] {processor.py:161} INFO - Processing /home/airflow/.local/lib/python3.7/site-packages/airflow/example_dags/example_bash_operator.py took 0.230 seconds
[2022-08-14 04:26:53,176] {processor.py:153} INFO - Started process (PID=9049) to work on /home/airflow/.local/lib/python3.7/site-packages/airflow/example_dags/example_bash_operator.py
[2022-08-14 04:26:53,177] {processor.py:641} INFO - Processing file /home/airflow/.local/lib/python3.7/site-packages/airflow/example_dags/example_bash_operator.py for tasks to queue
[2022-08-14 04:26:53,179] {logging_mixin.py:115} INFO - [2022-08-14 04:26:53,179] {dagbag.py:507} INFO - Filling up the DagBag from /home/airflow/.local/lib/python3.7/site-packages/airflow/example_dags/example_bash_operator.py
[2022-08-14 04:26:53,199] {processor.py:651} INFO - DAG(s) dict_keys(['example_bash_operator']) retrieved from /home/airflow/.local/lib/python3.7/site-packages/airflow/example_dags/example_bash_operator.py
[2022-08-14 04:26:53,248] {logging_mixin.py:115} INFO - [2022-08-14 04:26:53,248] {dag.py:2371} INFO - Sync 1 DAGs
[2022-08-14 04:26:53,274] {logging_mixin.py:115} INFO - [2022-08-14 04:26:53,274] {dag.py:2919} INFO - Setting next_dagrun for example_bash_operator to 2022-08-13T00:00:00+00:00, run_after=2022-08-14T00:00:00+00:00
[2022-08-14 04:26:53,300] {processor.py:161} INFO - Processing /home/airflow/.local/lib/python3.7/site-packages/airflow/example_dags/example_bash_operator.py took 0.129 seconds
[2022-08-14 04:27:23,962] {processor.py:153} INFO - Started process (PID=9101) to work on /home/airflow/.local/lib/python3.7/site-packages/airflow/example_dags/example_bash_operator.py
[2022-08-14 04:27:23,964] {processor.py:641} INFO - Processing file /home/airflow/.local/lib/python3.7/site-packages/airflow/example_dags/example_bash_operator.py for tasks to queue
[2022-08-14 04:27:23,967] {logging_mixin.py:115} INFO - [2022-08-14 04:27:23,967] {dagbag.py:507} INFO - Filling up the DagBag from /home/airflow/.local/lib/python3.7/site-packages/airflow/example_dags/example_bash_operator.py
[2022-08-14 04:27:24,009] {processor.py:651} INFO - DAG(s) dict_keys(['example_bash_operator']) retrieved from /home/airflow/.local/lib/python3.7/site-packages/airflow/example_dags/example_bash_operator.py
[2022-08-14 04:27:24,089] {logging_mixin.py:115} INFO - [2022-08-14 04:27:24,089] {dag.py:2371} INFO - Sync 1 DAGs
[2022-08-14 04:27:24,153] {logging_mixin.py:115} INFO - [2022-08-14 04:27:24,152] {dag.py:2919} INFO - Setting next_dagrun for example_bash_operator to 2022-08-13T00:00:00+00:00, run_after=2022-08-14T00:00:00+00:00
[2022-08-14 04:27:24,191] {processor.py:161} INFO - Processing /home/airflow/.local/lib/python3.7/site-packages/airflow/example_dags/example_bash_operator.py took 0.240 seconds
[2022-08-14 04:32:25,981] {processor.py:153} INFO - Started process (PID=9153) to work on /home/airflow/.local/lib/python3.7/site-packages/airflow/example_dags/example_bash_operator.py
[2022-08-14 04:32:25,983] {processor.py:641} INFO - Processing file /home/airflow/.local/lib/python3.7/site-packages/airflow/example_dags/example_bash_operator.py for tasks to queue
[2022-08-14 04:32:25,984] {logging_mixin.py:115} INFO - [2022-08-14 04:32:25,984] {dagbag.py:507} INFO - Filling up the DagBag from /home/airflow/.local/lib/python3.7/site-packages/airflow/example_dags/example_bash_operator.py
[2022-08-14 04:32:26,020] {processor.py:651} INFO - DAG(s) dict_keys(['example_bash_operator']) retrieved from /home/airflow/.local/lib/python3.7/site-packages/airflow/example_dags/example_bash_operator.py
[2022-08-14 04:32:26,075] {logging_mixin.py:115} INFO - [2022-08-14 04:32:26,075] {dag.py:2371} INFO - Sync 1 DAGs
[2022-08-14 04:32:26,105] {logging_mixin.py:115} INFO - [2022-08-14 04:32:26,105] {dag.py:2919} INFO - Setting next_dagrun for example_bash_operator to 2022-08-13T00:00:00+00:00, run_after=2022-08-14T00:00:00+00:00
[2022-08-14 04:32:26,122] {processor.py:161} INFO - Processing /home/airflow/.local/lib/python3.7/site-packages/airflow/example_dags/example_bash_operator.py took 0.146 seconds
[2022-08-14 04:32:56,699] {processor.py:153} INFO - Started process (PID=9205) to work on /home/airflow/.local/lib/python3.7/site-packages/airflow/example_dags/example_bash_operator.py
[2022-08-14 04:32:56,701] {processor.py:641} INFO - Processing file /home/airflow/.local/lib/python3.7/site-packages/airflow/example_dags/example_bash_operator.py for tasks to queue
[2022-08-14 04:32:56,704] {logging_mixin.py:115} INFO - [2022-08-14 04:32:56,704] {dagbag.py:507} INFO - Filling up the DagBag from /home/airflow/.local/lib/python3.7/site-packages/airflow/example_dags/example_bash_operator.py
[2022-08-14 04:32:56,752] {processor.py:651} INFO - DAG(s) dict_keys(['example_bash_operator']) retrieved from /home/airflow/.local/lib/python3.7/site-packages/airflow/example_dags/example_bash_operator.py
[2022-08-14 04:32:56,835] {logging_mixin.py:115} INFO - [2022-08-14 04:32:56,835] {dag.py:2371} INFO - Sync 1 DAGs
[2022-08-14 04:32:56,893] {logging_mixin.py:115} INFO - [2022-08-14 04:32:56,893] {dag.py:2919} INFO - Setting next_dagrun for example_bash_operator to 2022-08-13T00:00:00+00:00, run_after=2022-08-14T00:00:00+00:00
[2022-08-14 04:32:56,933] {processor.py:161} INFO - Processing /home/airflow/.local/lib/python3.7/site-packages/airflow/example_dags/example_bash_operator.py took 0.246 seconds
[2022-08-14 04:37:59,735] {processor.py:153} INFO - Started process (PID=9257) to work on /home/airflow/.local/lib/python3.7/site-packages/airflow/example_dags/example_bash_operator.py
[2022-08-14 04:37:59,737] {processor.py:641} INFO - Processing file /home/airflow/.local/lib/python3.7/site-packages/airflow/example_dags/example_bash_operator.py for tasks to queue
[2022-08-14 04:37:59,740] {logging_mixin.py:115} INFO - [2022-08-14 04:37:59,740] {dagbag.py:507} INFO - Filling up the DagBag from /home/airflow/.local/lib/python3.7/site-packages/airflow/example_dags/example_bash_operator.py
[2022-08-14 04:37:59,759] {processor.py:651} INFO - DAG(s) dict_keys(['example_bash_operator']) retrieved from /home/airflow/.local/lib/python3.7/site-packages/airflow/example_dags/example_bash_operator.py
[2022-08-14 04:37:59,799] {logging_mixin.py:115} INFO - [2022-08-14 04:37:59,799] {dag.py:2371} INFO - Sync 1 DAGs
[2022-08-14 04:37:59,824] {logging_mixin.py:115} INFO - [2022-08-14 04:37:59,824] {dag.py:2919} INFO - Setting next_dagrun for example_bash_operator to 2022-08-13T00:00:00+00:00, run_after=2022-08-14T00:00:00+00:00
[2022-08-14 04:37:59,839] {processor.py:161} INFO - Processing /home/airflow/.local/lib/python3.7/site-packages/airflow/example_dags/example_bash_operator.py took 0.122 seconds
[2022-08-14 04:38:30,834] {processor.py:153} INFO - Started process (PID=9309) to work on /home/airflow/.local/lib/python3.7/site-packages/airflow/example_dags/example_bash_operator.py
[2022-08-14 04:38:30,836] {processor.py:641} INFO - Processing file /home/airflow/.local/lib/python3.7/site-packages/airflow/example_dags/example_bash_operator.py for tasks to queue
[2022-08-14 04:38:30,839] {logging_mixin.py:115} INFO - [2022-08-14 04:38:30,839] {dagbag.py:507} INFO - Filling up the DagBag from /home/airflow/.local/lib/python3.7/site-packages/airflow/example_dags/example_bash_operator.py
[2022-08-14 04:38:30,873] {processor.py:651} INFO - DAG(s) dict_keys(['example_bash_operator']) retrieved from /home/airflow/.local/lib/python3.7/site-packages/airflow/example_dags/example_bash_operator.py
[2022-08-14 04:38:30,945] {logging_mixin.py:115} INFO - [2022-08-14 04:38:30,945] {dag.py:2371} INFO - Sync 1 DAGs
[2022-08-14 04:38:30,998] {logging_mixin.py:115} INFO - [2022-08-14 04:38:30,998] {dag.py:2919} INFO - Setting next_dagrun for example_bash_operator to 2022-08-13T00:00:00+00:00, run_after=2022-08-14T00:00:00+00:00
[2022-08-14 04:38:31,028] {processor.py:161} INFO - Processing /home/airflow/.local/lib/python3.7/site-packages/airflow/example_dags/example_bash_operator.py took 0.202 seconds
[2022-08-14 04:43:32,462] {processor.py:153} INFO - Started process (PID=9361) to work on /home/airflow/.local/lib/python3.7/site-packages/airflow/example_dags/example_bash_operator.py
[2022-08-14 04:43:32,467] {processor.py:641} INFO - Processing file /home/airflow/.local/lib/python3.7/site-packages/airflow/example_dags/example_bash_operator.py for tasks to queue
[2022-08-14 04:43:32,468] {logging_mixin.py:115} INFO - [2022-08-14 04:43:32,468] {dagbag.py:507} INFO - Filling up the DagBag from /home/airflow/.local/lib/python3.7/site-packages/airflow/example_dags/example_bash_operator.py
[2022-08-14 04:43:32,499] {processor.py:651} INFO - DAG(s) dict_keys(['example_bash_operator']) retrieved from /home/airflow/.local/lib/python3.7/site-packages/airflow/example_dags/example_bash_operator.py
[2022-08-14 04:43:32,558] {logging_mixin.py:115} INFO - [2022-08-14 04:43:32,558] {dag.py:2371} INFO - Sync 1 DAGs
[2022-08-14 04:43:32,612] {logging_mixin.py:115} INFO - [2022-08-14 04:43:32,612] {dag.py:2919} INFO - Setting next_dagrun for example_bash_operator to 2022-08-13T00:00:00+00:00, run_after=2022-08-14T00:00:00+00:00
[2022-08-14 04:43:32,642] {processor.py:161} INFO - Processing /home/airflow/.local/lib/python3.7/site-packages/airflow/example_dags/example_bash_operator.py took 0.190 seconds
[2022-08-14 04:44:03,377] {processor.py:153} INFO - Started process (PID=9414) to work on /home/airflow/.local/lib/python3.7/site-packages/airflow/example_dags/example_bash_operator.py
[2022-08-14 04:44:03,381] {processor.py:641} INFO - Processing file /home/airflow/.local/lib/python3.7/site-packages/airflow/example_dags/example_bash_operator.py for tasks to queue
[2022-08-14 04:44:03,385] {logging_mixin.py:115} INFO - [2022-08-14 04:44:03,384] {dagbag.py:507} INFO - Filling up the DagBag from /home/airflow/.local/lib/python3.7/site-packages/airflow/example_dags/example_bash_operator.py
[2022-08-14 04:44:03,420] {processor.py:651} INFO - DAG(s) dict_keys(['example_bash_operator']) retrieved from /home/airflow/.local/lib/python3.7/site-packages/airflow/example_dags/example_bash_operator.py
[2022-08-14 04:44:03,512] {logging_mixin.py:115} INFO - [2022-08-14 04:44:03,512] {dag.py:2371} INFO - Sync 1 DAGs
[2022-08-14 04:44:03,576] {logging_mixin.py:115} INFO - [2022-08-14 04:44:03,576] {dag.py:2919} INFO - Setting next_dagrun for example_bash_operator to 2022-08-13T00:00:00+00:00, run_after=2022-08-14T00:00:00+00:00
[2022-08-14 04:44:03,611] {processor.py:161} INFO - Processing /home/airflow/.local/lib/python3.7/site-packages/airflow/example_dags/example_bash_operator.py took 0.244 seconds
[2022-08-14 04:49:05,687] {processor.py:153} INFO - Started process (PID=9467) to work on /home/airflow/.local/lib/python3.7/site-packages/airflow/example_dags/example_bash_operator.py
[2022-08-14 04:49:05,695] {processor.py:641} INFO - Processing file /home/airflow/.local/lib/python3.7/site-packages/airflow/example_dags/example_bash_operator.py for tasks to queue
[2022-08-14 04:49:05,696] {logging_mixin.py:115} INFO - [2022-08-14 04:49:05,696] {dagbag.py:507} INFO - Filling up the DagBag from /home/airflow/.local/lib/python3.7/site-packages/airflow/example_dags/example_bash_operator.py
[2022-08-14 04:49:05,720] {processor.py:651} INFO - DAG(s) dict_keys(['example_bash_operator']) retrieved from /home/airflow/.local/lib/python3.7/site-packages/airflow/example_dags/example_bash_operator.py
[2022-08-14 04:49:05,779] {logging_mixin.py:115} INFO - [2022-08-14 04:49:05,779] {dag.py:2371} INFO - Sync 1 DAGs
[2022-08-14 04:49:05,825] {logging_mixin.py:115} INFO - [2022-08-14 04:49:05,825] {dag.py:2919} INFO - Setting next_dagrun for example_bash_operator to 2022-08-13T00:00:00+00:00, run_after=2022-08-14T00:00:00+00:00
[2022-08-14 04:49:05,852] {processor.py:161} INFO - Processing /home/airflow/.local/lib/python3.7/site-packages/airflow/example_dags/example_bash_operator.py took 0.168 seconds
[2022-08-14 04:49:36,905] {processor.py:153} INFO - Started process (PID=9519) to work on /home/airflow/.local/lib/python3.7/site-packages/airflow/example_dags/example_bash_operator.py
[2022-08-14 04:49:36,909] {processor.py:641} INFO - Processing file /home/airflow/.local/lib/python3.7/site-packages/airflow/example_dags/example_bash_operator.py for tasks to queue
[2022-08-14 04:49:36,915] {logging_mixin.py:115} INFO - [2022-08-14 04:49:36,914] {dagbag.py:507} INFO - Filling up the DagBag from /home/airflow/.local/lib/python3.7/site-packages/airflow/example_dags/example_bash_operator.py
[2022-08-14 04:49:36,967] {processor.py:651} INFO - DAG(s) dict_keys(['example_bash_operator']) retrieved from /home/airflow/.local/lib/python3.7/site-packages/airflow/example_dags/example_bash_operator.py
[2022-08-14 04:49:37,048] {logging_mixin.py:115} INFO - [2022-08-14 04:49:37,048] {dag.py:2371} INFO - Sync 1 DAGs
[2022-08-14 04:49:37,110] {logging_mixin.py:115} INFO - [2022-08-14 04:49:37,110] {dag.py:2919} INFO - Setting next_dagrun for example_bash_operator to 2022-08-13T00:00:00+00:00, run_after=2022-08-14T00:00:00+00:00
[2022-08-14 04:49:37,139] {processor.py:161} INFO - Processing /home/airflow/.local/lib/python3.7/site-packages/airflow/example_dags/example_bash_operator.py took 0.246 seconds
[2022-08-14 04:54:38,916] {processor.py:153} INFO - Started process (PID=9572) to work on /home/airflow/.local/lib/python3.7/site-packages/airflow/example_dags/example_bash_operator.py
[2022-08-14 04:54:38,917] {processor.py:641} INFO - Processing file /home/airflow/.local/lib/python3.7/site-packages/airflow/example_dags/example_bash_operator.py for tasks to queue
[2022-08-14 04:54:38,919] {logging_mixin.py:115} INFO - [2022-08-14 04:54:38,919] {dagbag.py:507} INFO - Filling up the DagBag from /home/airflow/.local/lib/python3.7/site-packages/airflow/example_dags/example_bash_operator.py
[2022-08-14 04:54:38,965] {processor.py:651} INFO - DAG(s) dict_keys(['example_bash_operator']) retrieved from /home/airflow/.local/lib/python3.7/site-packages/airflow/example_dags/example_bash_operator.py
[2022-08-14 04:54:39,022] {logging_mixin.py:115} INFO - [2022-08-14 04:54:39,022] {dag.py:2371} INFO - Sync 1 DAGs
[2022-08-14 04:54:39,067] {logging_mixin.py:115} INFO - [2022-08-14 04:54:39,067] {dag.py:2919} INFO - Setting next_dagrun for example_bash_operator to 2022-08-13T00:00:00+00:00, run_after=2022-08-14T00:00:00+00:00
[2022-08-14 04:54:39,093] {processor.py:161} INFO - Processing /home/airflow/.local/lib/python3.7/site-packages/airflow/example_dags/example_bash_operator.py took 0.191 seconds
[2022-08-14 04:55:09,740] {processor.py:153} INFO - Started process (PID=9624) to work on /home/airflow/.local/lib/python3.7/site-packages/airflow/example_dags/example_bash_operator.py
[2022-08-14 04:55:09,743] {processor.py:641} INFO - Processing file /home/airflow/.local/lib/python3.7/site-packages/airflow/example_dags/example_bash_operator.py for tasks to queue
[2022-08-14 04:55:09,748] {logging_mixin.py:115} INFO - [2022-08-14 04:55:09,747] {dagbag.py:507} INFO - Filling up the DagBag from /home/airflow/.local/lib/python3.7/site-packages/airflow/example_dags/example_bash_operator.py
[2022-08-14 04:55:09,796] {processor.py:651} INFO - DAG(s) dict_keys(['example_bash_operator']) retrieved from /home/airflow/.local/lib/python3.7/site-packages/airflow/example_dags/example_bash_operator.py
[2022-08-14 04:55:09,906] {logging_mixin.py:115} INFO - [2022-08-14 04:55:09,906] {dag.py:2371} INFO - Sync 1 DAGs
[2022-08-14 04:55:09,971] {logging_mixin.py:115} INFO - [2022-08-14 04:55:09,971] {dag.py:2919} INFO - Setting next_dagrun for example_bash_operator to 2022-08-13T00:00:00+00:00, run_after=2022-08-14T00:00:00+00:00
[2022-08-14 04:55:10,010] {processor.py:161} INFO - Processing /home/airflow/.local/lib/python3.7/site-packages/airflow/example_dags/example_bash_operator.py took 0.282 seconds
[2022-08-14 05:00:11,907] {processor.py:153} INFO - Started process (PID=9677) to work on /home/airflow/.local/lib/python3.7/site-packages/airflow/example_dags/example_bash_operator.py
[2022-08-14 05:00:11,909] {processor.py:641} INFO - Processing file /home/airflow/.local/lib/python3.7/site-packages/airflow/example_dags/example_bash_operator.py for tasks to queue
[2022-08-14 05:00:11,910] {logging_mixin.py:115} INFO - [2022-08-14 05:00:11,910] {dagbag.py:507} INFO - Filling up the DagBag from /home/airflow/.local/lib/python3.7/site-packages/airflow/example_dags/example_bash_operator.py
[2022-08-14 05:00:11,938] {processor.py:651} INFO - DAG(s) dict_keys(['example_bash_operator']) retrieved from /home/airflow/.local/lib/python3.7/site-packages/airflow/example_dags/example_bash_operator.py
[2022-08-14 05:00:12,018] {logging_mixin.py:115} INFO - [2022-08-14 05:00:12,018] {dag.py:2371} INFO - Sync 1 DAGs
[2022-08-14 05:00:12,069] {logging_mixin.py:115} INFO - [2022-08-14 05:00:12,069] {dag.py:2919} INFO - Setting next_dagrun for example_bash_operator to 2022-08-13T00:00:00+00:00, run_after=2022-08-14T00:00:00+00:00
[2022-08-14 05:00:12,103] {processor.py:161} INFO - Processing /home/airflow/.local/lib/python3.7/site-packages/airflow/example_dags/example_bash_operator.py took 0.200 seconds
[2022-08-14 05:00:42,499] {processor.py:153} INFO - Started process (PID=9731) to work on /home/airflow/.local/lib/python3.7/site-packages/airflow/example_dags/example_bash_operator.py
[2022-08-14 05:00:42,503] {processor.py:641} INFO - Processing file /home/airflow/.local/lib/python3.7/site-packages/airflow/example_dags/example_bash_operator.py for tasks to queue
[2022-08-14 05:00:42,506] {logging_mixin.py:115} INFO - [2022-08-14 05:00:42,506] {dagbag.py:507} INFO - Filling up the DagBag from /home/airflow/.local/lib/python3.7/site-packages/airflow/example_dags/example_bash_operator.py
[2022-08-14 05:00:42,549] {processor.py:651} INFO - DAG(s) dict_keys(['example_bash_operator']) retrieved from /home/airflow/.local/lib/python3.7/site-packages/airflow/example_dags/example_bash_operator.py
[2022-08-14 05:00:42,640] {logging_mixin.py:115} INFO - [2022-08-14 05:00:42,640] {dag.py:2371} INFO - Sync 1 DAGs
[2022-08-14 05:00:42,712] {logging_mixin.py:115} INFO - [2022-08-14 05:00:42,712] {dag.py:2919} INFO - Setting next_dagrun for example_bash_operator to 2022-08-13T00:00:00+00:00, run_after=2022-08-14T00:00:00+00:00
[2022-08-14 05:00:42,763] {processor.py:161} INFO - Processing /home/airflow/.local/lib/python3.7/site-packages/airflow/example_dags/example_bash_operator.py took 0.275 seconds
[2022-08-14 05:05:43,618] {processor.py:153} INFO - Started process (PID=9783) to work on /home/airflow/.local/lib/python3.7/site-packages/airflow/example_dags/example_bash_operator.py
[2022-08-14 05:05:43,620] {processor.py:641} INFO - Processing file /home/airflow/.local/lib/python3.7/site-packages/airflow/example_dags/example_bash_operator.py for tasks to queue
[2022-08-14 05:05:43,621] {logging_mixin.py:115} INFO - [2022-08-14 05:05:43,621] {dagbag.py:507} INFO - Filling up the DagBag from /home/airflow/.local/lib/python3.7/site-packages/airflow/example_dags/example_bash_operator.py
[2022-08-14 05:05:43,652] {processor.py:651} INFO - DAG(s) dict_keys(['example_bash_operator']) retrieved from /home/airflow/.local/lib/python3.7/site-packages/airflow/example_dags/example_bash_operator.py
[2022-08-14 05:05:43,702] {logging_mixin.py:115} INFO - [2022-08-14 05:05:43,702] {dag.py:2371} INFO - Sync 1 DAGs
[2022-08-14 05:05:43,730] {logging_mixin.py:115} INFO - [2022-08-14 05:05:43,730] {dag.py:2919} INFO - Setting next_dagrun for example_bash_operator to 2022-08-13T00:00:00+00:00, run_after=2022-08-14T00:00:00+00:00
[2022-08-14 05:05:43,745] {processor.py:161} INFO - Processing /home/airflow/.local/lib/python3.7/site-packages/airflow/example_dags/example_bash_operator.py took 0.130 seconds
[2022-08-14 05:06:14,501] {processor.py:153} INFO - Started process (PID=9835) to work on /home/airflow/.local/lib/python3.7/site-packages/airflow/example_dags/example_bash_operator.py
[2022-08-14 05:06:14,504] {processor.py:641} INFO - Processing file /home/airflow/.local/lib/python3.7/site-packages/airflow/example_dags/example_bash_operator.py for tasks to queue
[2022-08-14 05:06:14,507] {logging_mixin.py:115} INFO - [2022-08-14 05:06:14,507] {dagbag.py:507} INFO - Filling up the DagBag from /home/airflow/.local/lib/python3.7/site-packages/airflow/example_dags/example_bash_operator.py
[2022-08-14 05:06:14,547] {processor.py:651} INFO - DAG(s) dict_keys(['example_bash_operator']) retrieved from /home/airflow/.local/lib/python3.7/site-packages/airflow/example_dags/example_bash_operator.py
[2022-08-14 05:06:14,654] {logging_mixin.py:115} INFO - [2022-08-14 05:06:14,654] {dag.py:2371} INFO - Sync 1 DAGs
[2022-08-14 05:06:14,732] {logging_mixin.py:115} INFO - [2022-08-14 05:06:14,732] {dag.py:2919} INFO - Setting next_dagrun for example_bash_operator to 2022-08-13T00:00:00+00:00, run_after=2022-08-14T00:00:00+00:00
[2022-08-14 05:06:14,768] {processor.py:161} INFO - Processing /home/airflow/.local/lib/python3.7/site-packages/airflow/example_dags/example_bash_operator.py took 0.277 seconds
[2022-08-14 05:15:34,038] {processor.py:153} INFO - Started process (PID=9887) to work on /home/airflow/.local/lib/python3.7/site-packages/airflow/example_dags/example_bash_operator.py
[2022-08-14 05:15:34,039] {processor.py:641} INFO - Processing file /home/airflow/.local/lib/python3.7/site-packages/airflow/example_dags/example_bash_operator.py for tasks to queue
[2022-08-14 05:15:34,041] {logging_mixin.py:115} INFO - [2022-08-14 05:15:34,041] {dagbag.py:507} INFO - Filling up the DagBag from /home/airflow/.local/lib/python3.7/site-packages/airflow/example_dags/example_bash_operator.py
[2022-08-14 05:15:34,064] {processor.py:651} INFO - DAG(s) dict_keys(['example_bash_operator']) retrieved from /home/airflow/.local/lib/python3.7/site-packages/airflow/example_dags/example_bash_operator.py
[2022-08-14 05:15:34,126] {logging_mixin.py:115} INFO - [2022-08-14 05:15:34,125] {dag.py:2371} INFO - Sync 1 DAGs
[2022-08-14 05:15:34,190] {logging_mixin.py:115} INFO - [2022-08-14 05:15:34,189] {dag.py:2919} INFO - Setting next_dagrun for example_bash_operator to 2022-08-13T00:00:00+00:00, run_after=2022-08-14T00:00:00+00:00
[2022-08-14 05:15:34,237] {processor.py:161} INFO - Processing /home/airflow/.local/lib/python3.7/site-packages/airflow/example_dags/example_bash_operator.py took 0.209 seconds
[2022-08-14 05:16:04,999] {processor.py:153} INFO - Started process (PID=9940) to work on /home/airflow/.local/lib/python3.7/site-packages/airflow/example_dags/example_bash_operator.py
[2022-08-14 05:16:05,005] {processor.py:641} INFO - Processing file /home/airflow/.local/lib/python3.7/site-packages/airflow/example_dags/example_bash_operator.py for tasks to queue
[2022-08-14 05:16:05,008] {logging_mixin.py:115} INFO - [2022-08-14 05:16:05,007] {dagbag.py:507} INFO - Filling up the DagBag from /home/airflow/.local/lib/python3.7/site-packages/airflow/example_dags/example_bash_operator.py
[2022-08-14 05:16:05,038] {processor.py:651} INFO - DAG(s) dict_keys(['example_bash_operator']) retrieved from /home/airflow/.local/lib/python3.7/site-packages/airflow/example_dags/example_bash_operator.py
[2022-08-14 05:16:05,104] {logging_mixin.py:115} INFO - [2022-08-14 05:16:05,104] {dag.py:2371} INFO - Sync 1 DAGs
[2022-08-14 05:16:05,158] {logging_mixin.py:115} INFO - [2022-08-14 05:16:05,158] {dag.py:2919} INFO - Setting next_dagrun for example_bash_operator to 2022-08-13T00:00:00+00:00, run_after=2022-08-14T00:00:00+00:00
[2022-08-14 05:16:05,188] {processor.py:161} INFO - Processing /home/airflow/.local/lib/python3.7/site-packages/airflow/example_dags/example_bash_operator.py took 0.199 seconds
[2022-08-14 05:21:10,008] {processor.py:153} INFO - Started process (PID=9992) to work on /home/airflow/.local/lib/python3.7/site-packages/airflow/example_dags/example_bash_operator.py
[2022-08-14 05:21:10,009] {processor.py:641} INFO - Processing file /home/airflow/.local/lib/python3.7/site-packages/airflow/example_dags/example_bash_operator.py for tasks to queue
[2022-08-14 05:21:10,010] {logging_mixin.py:115} INFO - [2022-08-14 05:21:10,010] {dagbag.py:507} INFO - Filling up the DagBag from /home/airflow/.local/lib/python3.7/site-packages/airflow/example_dags/example_bash_operator.py
[2022-08-14 05:21:10,026] {processor.py:651} INFO - DAG(s) dict_keys(['example_bash_operator']) retrieved from /home/airflow/.local/lib/python3.7/site-packages/airflow/example_dags/example_bash_operator.py
[2022-08-14 05:21:10,054] {logging_mixin.py:115} INFO - [2022-08-14 05:21:10,054] {dag.py:2371} INFO - Sync 1 DAGs
[2022-08-14 05:21:10,080] {logging_mixin.py:115} INFO - [2022-08-14 05:21:10,080] {dag.py:2919} INFO - Setting next_dagrun for example_bash_operator to 2022-08-13T00:00:00+00:00, run_after=2022-08-14T00:00:00+00:00
[2022-08-14 05:21:10,095] {processor.py:161} INFO - Processing /home/airflow/.local/lib/python3.7/site-packages/airflow/example_dags/example_bash_operator.py took 0.092 seconds
[2022-08-14 05:21:41,503] {processor.py:153} INFO - Started process (PID=10045) to work on /home/airflow/.local/lib/python3.7/site-packages/airflow/example_dags/example_bash_operator.py
[2022-08-14 05:21:41,507] {processor.py:641} INFO - Processing file /home/airflow/.local/lib/python3.7/site-packages/airflow/example_dags/example_bash_operator.py for tasks to queue
[2022-08-14 05:21:41,512] {logging_mixin.py:115} INFO - [2022-08-14 05:21:41,512] {dagbag.py:507} INFO - Filling up the DagBag from /home/airflow/.local/lib/python3.7/site-packages/airflow/example_dags/example_bash_operator.py
[2022-08-14 05:21:41,568] {processor.py:651} INFO - DAG(s) dict_keys(['example_bash_operator']) retrieved from /home/airflow/.local/lib/python3.7/site-packages/airflow/example_dags/example_bash_operator.py
[2022-08-14 05:21:41,711] {logging_mixin.py:115} INFO - [2022-08-14 05:21:41,711] {dag.py:2371} INFO - Sync 1 DAGs
[2022-08-14 05:21:41,796] {logging_mixin.py:115} INFO - [2022-08-14 05:21:41,796] {dag.py:2919} INFO - Setting next_dagrun for example_bash_operator to 2022-08-13T00:00:00+00:00, run_after=2022-08-14T00:00:00+00:00
[2022-08-14 05:21:41,848] {processor.py:161} INFO - Processing /home/airflow/.local/lib/python3.7/site-packages/airflow/example_dags/example_bash_operator.py took 0.361 seconds
[2022-08-14 05:24:11,608] {processor.py:153} INFO - Started process (PID=10097) to work on /home/airflow/.local/lib/python3.7/site-packages/airflow/example_dags/example_bash_operator.py
[2022-08-14 05:24:11,613] {processor.py:641} INFO - Processing file /home/airflow/.local/lib/python3.7/site-packages/airflow/example_dags/example_bash_operator.py for tasks to queue
[2022-08-14 05:24:11,615] {logging_mixin.py:115} INFO - [2022-08-14 05:24:11,615] {dagbag.py:507} INFO - Filling up the DagBag from /home/airflow/.local/lib/python3.7/site-packages/airflow/example_dags/example_bash_operator.py
[2022-08-14 05:24:11,647] {processor.py:651} INFO - DAG(s) dict_keys(['example_bash_operator']) retrieved from /home/airflow/.local/lib/python3.7/site-packages/airflow/example_dags/example_bash_operator.py
[2022-08-14 05:24:11,717] {logging_mixin.py:115} INFO - [2022-08-14 05:24:11,717] {dag.py:2371} INFO - Sync 1 DAGs
[2022-08-14 05:24:11,757] {logging_mixin.py:115} INFO - [2022-08-14 05:24:11,757] {dag.py:2919} INFO - Setting next_dagrun for example_bash_operator to 2022-08-13T00:00:00+00:00, run_after=2022-08-14T00:00:00+00:00
[2022-08-14 05:24:11,769] {processor.py:161} INFO - Processing /home/airflow/.local/lib/python3.7/site-packages/airflow/example_dags/example_bash_operator.py took 0.167 seconds
[2022-08-14 05:29:26,439] {processor.py:153} INFO - Started process (PID=10140) to work on /home/airflow/.local/lib/python3.7/site-packages/airflow/example_dags/example_bash_operator.py
[2022-08-14 05:29:26,442] {processor.py:641} INFO - Processing file /home/airflow/.local/lib/python3.7/site-packages/airflow/example_dags/example_bash_operator.py for tasks to queue
[2022-08-14 05:29:26,443] {logging_mixin.py:115} INFO - [2022-08-14 05:29:26,443] {dagbag.py:507} INFO - Filling up the DagBag from /home/airflow/.local/lib/python3.7/site-packages/airflow/example_dags/example_bash_operator.py
[2022-08-14 05:29:26,472] {processor.py:651} INFO - DAG(s) dict_keys(['example_bash_operator']) retrieved from /home/airflow/.local/lib/python3.7/site-packages/airflow/example_dags/example_bash_operator.py
[2022-08-14 05:29:26,532] {logging_mixin.py:115} INFO - [2022-08-14 05:29:26,532] {dag.py:2371} INFO - Sync 1 DAGs
[2022-08-14 05:29:26,608] {logging_mixin.py:115} INFO - [2022-08-14 05:29:26,608] {dag.py:2919} INFO - Setting next_dagrun for example_bash_operator to 2022-08-13T00:00:00+00:00, run_after=2022-08-14T00:00:00+00:00
[2022-08-14 05:29:26,650] {processor.py:161} INFO - Processing /home/airflow/.local/lib/python3.7/site-packages/airflow/example_dags/example_bash_operator.py took 0.216 seconds
[2022-08-14 06:46:22,525] {processor.py:153} INFO - Started process (PID=10202) to work on /home/airflow/.local/lib/python3.7/site-packages/airflow/example_dags/example_bash_operator.py
[2022-08-14 06:46:22,528] {processor.py:641} INFO - Processing file /home/airflow/.local/lib/python3.7/site-packages/airflow/example_dags/example_bash_operator.py for tasks to queue
[2022-08-14 06:46:22,530] {logging_mixin.py:115} INFO - [2022-08-14 06:46:22,530] {dagbag.py:507} INFO - Filling up the DagBag from /home/airflow/.local/lib/python3.7/site-packages/airflow/example_dags/example_bash_operator.py
[2022-08-14 06:46:22,554] {processor.py:651} INFO - DAG(s) dict_keys(['example_bash_operator']) retrieved from /home/airflow/.local/lib/python3.7/site-packages/airflow/example_dags/example_bash_operator.py
[2022-08-14 06:46:22,606] {logging_mixin.py:115} INFO - [2022-08-14 06:46:22,606] {dag.py:2371} INFO - Sync 1 DAGs
[2022-08-14 06:46:22,649] {logging_mixin.py:115} INFO - [2022-08-14 06:46:22,649] {dag.py:2919} INFO - Setting next_dagrun for example_bash_operator to 2022-08-13T00:00:00+00:00, run_after=2022-08-14T00:00:00+00:00
[2022-08-14 06:46:22,677] {processor.py:161} INFO - Processing /home/airflow/.local/lib/python3.7/site-packages/airflow/example_dags/example_bash_operator.py took 0.156 seconds
[2022-08-14 08:00:38,234] {processor.py:153} INFO - Started process (PID=10253) to work on /home/airflow/.local/lib/python3.7/site-packages/airflow/example_dags/example_bash_operator.py
[2022-08-14 08:00:38,237] {processor.py:641} INFO - Processing file /home/airflow/.local/lib/python3.7/site-packages/airflow/example_dags/example_bash_operator.py for tasks to queue
[2022-08-14 08:00:38,238] {logging_mixin.py:115} INFO - [2022-08-14 08:00:38,238] {dagbag.py:507} INFO - Filling up the DagBag from /home/airflow/.local/lib/python3.7/site-packages/airflow/example_dags/example_bash_operator.py
[2022-08-14 08:00:38,263] {processor.py:651} INFO - DAG(s) dict_keys(['example_bash_operator']) retrieved from /home/airflow/.local/lib/python3.7/site-packages/airflow/example_dags/example_bash_operator.py
[2022-08-14 08:00:38,306] {logging_mixin.py:115} INFO - [2022-08-14 08:00:38,306] {dag.py:2371} INFO - Sync 1 DAGs
[2022-08-14 08:00:38,342] {logging_mixin.py:115} INFO - [2022-08-14 08:00:38,341] {dag.py:2919} INFO - Setting next_dagrun for example_bash_operator to 2022-08-13T00:00:00+00:00, run_after=2022-08-14T00:00:00+00:00
[2022-08-14 08:00:38,355] {processor.py:161} INFO - Processing /home/airflow/.local/lib/python3.7/site-packages/airflow/example_dags/example_bash_operator.py took 0.128 seconds
[2022-08-14 08:01:08,700] {processor.py:153} INFO - Started process (PID=10314) to work on /home/airflow/.local/lib/python3.7/site-packages/airflow/example_dags/example_bash_operator.py
[2022-08-14 08:01:08,701] {processor.py:641} INFO - Processing file /home/airflow/.local/lib/python3.7/site-packages/airflow/example_dags/example_bash_operator.py for tasks to queue
[2022-08-14 08:01:08,702] {logging_mixin.py:115} INFO - [2022-08-14 08:01:08,702] {dagbag.py:507} INFO - Filling up the DagBag from /home/airflow/.local/lib/python3.7/site-packages/airflow/example_dags/example_bash_operator.py
[2022-08-14 08:01:08,727] {processor.py:651} INFO - DAG(s) dict_keys(['example_bash_operator']) retrieved from /home/airflow/.local/lib/python3.7/site-packages/airflow/example_dags/example_bash_operator.py
[2022-08-14 08:01:08,762] {logging_mixin.py:115} INFO - [2022-08-14 08:01:08,762] {dag.py:2371} INFO - Sync 1 DAGs
[2022-08-14 08:01:08,786] {logging_mixin.py:115} INFO - [2022-08-14 08:01:08,785] {dag.py:2919} INFO - Setting next_dagrun for example_bash_operator to 2022-08-13T00:00:00+00:00, run_after=2022-08-14T00:00:00+00:00
[2022-08-14 08:01:08,799] {processor.py:161} INFO - Processing /home/airflow/.local/lib/python3.7/site-packages/airflow/example_dags/example_bash_operator.py took 0.105 seconds
[2022-08-14 08:06:23,785] {processor.py:153} INFO - Started process (PID=10367) to work on /home/airflow/.local/lib/python3.7/site-packages/airflow/example_dags/example_bash_operator.py
[2022-08-14 08:06:23,788] {processor.py:641} INFO - Processing file /home/airflow/.local/lib/python3.7/site-packages/airflow/example_dags/example_bash_operator.py for tasks to queue
[2022-08-14 08:06:23,789] {logging_mixin.py:115} INFO - [2022-08-14 08:06:23,789] {dagbag.py:507} INFO - Filling up the DagBag from /home/airflow/.local/lib/python3.7/site-packages/airflow/example_dags/example_bash_operator.py
[2022-08-14 08:06:23,817] {processor.py:651} INFO - DAG(s) dict_keys(['example_bash_operator']) retrieved from /home/airflow/.local/lib/python3.7/site-packages/airflow/example_dags/example_bash_operator.py
[2022-08-14 08:06:23,910] {logging_mixin.py:115} INFO - [2022-08-14 08:06:23,910] {dag.py:2371} INFO - Sync 1 DAGs
[2022-08-14 08:06:23,949] {logging_mixin.py:115} INFO - [2022-08-14 08:06:23,948] {dag.py:2919} INFO - Setting next_dagrun for example_bash_operator to 2022-08-13T00:00:00+00:00, run_after=2022-08-14T00:00:00+00:00
[2022-08-14 08:06:23,972] {processor.py:161} INFO - Processing /home/airflow/.local/lib/python3.7/site-packages/airflow/example_dags/example_bash_operator.py took 0.193 seconds
[2022-08-14 08:37:47,428] {processor.py:153} INFO - Started process (PID=10428) to work on /home/airflow/.local/lib/python3.7/site-packages/airflow/example_dags/example_bash_operator.py
[2022-08-14 08:37:47,429] {processor.py:641} INFO - Processing file /home/airflow/.local/lib/python3.7/site-packages/airflow/example_dags/example_bash_operator.py for tasks to queue
[2022-08-14 08:37:47,431] {logging_mixin.py:115} INFO - [2022-08-14 08:37:47,431] {dagbag.py:507} INFO - Filling up the DagBag from /home/airflow/.local/lib/python3.7/site-packages/airflow/example_dags/example_bash_operator.py
[2022-08-14 08:37:47,468] {processor.py:651} INFO - DAG(s) dict_keys(['example_bash_operator']) retrieved from /home/airflow/.local/lib/python3.7/site-packages/airflow/example_dags/example_bash_operator.py
[2022-08-14 08:37:47,527] {logging_mixin.py:115} INFO - [2022-08-14 08:37:47,527] {dag.py:2371} INFO - Sync 1 DAGs
[2022-08-14 08:37:47,561] {logging_mixin.py:115} INFO - [2022-08-14 08:37:47,561] {dag.py:2919} INFO - Setting next_dagrun for example_bash_operator to 2022-08-13T00:00:00+00:00, run_after=2022-08-14T00:00:00+00:00
[2022-08-14 08:37:47,594] {processor.py:161} INFO - Processing /home/airflow/.local/lib/python3.7/site-packages/airflow/example_dags/example_bash_operator.py took 0.171 seconds
[2022-08-14 08:38:18,497] {processor.py:153} INFO - Started process (PID=10480) to work on /home/airflow/.local/lib/python3.7/site-packages/airflow/example_dags/example_bash_operator.py
[2022-08-14 08:38:18,498] {processor.py:641} INFO - Processing file /home/airflow/.local/lib/python3.7/site-packages/airflow/example_dags/example_bash_operator.py for tasks to queue
[2022-08-14 08:38:18,500] {logging_mixin.py:115} INFO - [2022-08-14 08:38:18,500] {dagbag.py:507} INFO - Filling up the DagBag from /home/airflow/.local/lib/python3.7/site-packages/airflow/example_dags/example_bash_operator.py
[2022-08-14 08:38:18,517] {processor.py:651} INFO - DAG(s) dict_keys(['example_bash_operator']) retrieved from /home/airflow/.local/lib/python3.7/site-packages/airflow/example_dags/example_bash_operator.py
[2022-08-14 08:38:18,548] {logging_mixin.py:115} INFO - [2022-08-14 08:38:18,548] {dag.py:2371} INFO - Sync 1 DAGs
[2022-08-14 08:38:18,570] {logging_mixin.py:115} INFO - [2022-08-14 08:38:18,570] {dag.py:2919} INFO - Setting next_dagrun for example_bash_operator to 2022-08-13T00:00:00+00:00, run_after=2022-08-14T00:00:00+00:00
[2022-08-14 08:38:18,588] {processor.py:161} INFO - Processing /home/airflow/.local/lib/python3.7/site-packages/airflow/example_dags/example_bash_operator.py took 0.095 seconds
[2022-08-14 10:38:15,695] {processor.py:153} INFO - Started process (PID=10533) to work on /home/airflow/.local/lib/python3.7/site-packages/airflow/example_dags/example_bash_operator.py
[2022-08-14 10:38:15,698] {processor.py:641} INFO - Processing file /home/airflow/.local/lib/python3.7/site-packages/airflow/example_dags/example_bash_operator.py for tasks to queue
[2022-08-14 10:38:15,700] {logging_mixin.py:115} INFO - [2022-08-14 10:38:15,700] {dagbag.py:507} INFO - Filling up the DagBag from /home/airflow/.local/lib/python3.7/site-packages/airflow/example_dags/example_bash_operator.py
[2022-08-14 10:38:15,737] {processor.py:651} INFO - DAG(s) dict_keys(['example_bash_operator']) retrieved from /home/airflow/.local/lib/python3.7/site-packages/airflow/example_dags/example_bash_operator.py
[2022-08-14 10:38:15,794] {logging_mixin.py:115} INFO - [2022-08-14 10:38:15,792] {dag.py:2371} INFO - Sync 1 DAGs
[2022-08-14 10:38:15,835] {logging_mixin.py:115} INFO - [2022-08-14 10:38:15,834] {dag.py:2919} INFO - Setting next_dagrun for example_bash_operator to 2022-08-13T00:00:00+00:00, run_after=2022-08-14T00:00:00+00:00
[2022-08-14 10:38:15,899] {processor.py:161} INFO - Processing /home/airflow/.local/lib/python3.7/site-packages/airflow/example_dags/example_bash_operator.py took 0.207 seconds
[2022-08-14 12:39:13,914] {processor.py:153} INFO - Started process (PID=10594) to work on /home/airflow/.local/lib/python3.7/site-packages/airflow/example_dags/example_bash_operator.py
[2022-08-14 12:39:13,916] {processor.py:641} INFO - Processing file /home/airflow/.local/lib/python3.7/site-packages/airflow/example_dags/example_bash_operator.py for tasks to queue
[2022-08-14 12:39:13,918] {logging_mixin.py:115} INFO - [2022-08-14 12:39:13,917] {dagbag.py:507} INFO - Filling up the DagBag from /home/airflow/.local/lib/python3.7/site-packages/airflow/example_dags/example_bash_operator.py
[2022-08-14 12:39:13,967] {processor.py:651} INFO - DAG(s) dict_keys(['example_bash_operator']) retrieved from /home/airflow/.local/lib/python3.7/site-packages/airflow/example_dags/example_bash_operator.py
[2022-08-14 12:39:14,050] {logging_mixin.py:115} INFO - [2022-08-14 12:39:14,050] {dag.py:2371} INFO - Sync 1 DAGs
[2022-08-14 12:39:14,103] {logging_mixin.py:115} INFO - [2022-08-14 12:39:14,103] {dag.py:2919} INFO - Setting next_dagrun for example_bash_operator to 2022-08-13T00:00:00+00:00, run_after=2022-08-14T00:00:00+00:00
[2022-08-14 12:39:14,132] {processor.py:161} INFO - Processing /home/airflow/.local/lib/python3.7/site-packages/airflow/example_dags/example_bash_operator.py took 0.227 seconds
[2022-08-14 12:58:00,741] {processor.py:153} INFO - Started process (PID=10647) to work on /home/airflow/.local/lib/python3.7/site-packages/airflow/example_dags/example_bash_operator.py
[2022-08-14 12:58:00,744] {processor.py:641} INFO - Processing file /home/airflow/.local/lib/python3.7/site-packages/airflow/example_dags/example_bash_operator.py for tasks to queue
[2022-08-14 12:58:00,745] {logging_mixin.py:115} INFO - [2022-08-14 12:58:00,745] {dagbag.py:507} INFO - Filling up the DagBag from /home/airflow/.local/lib/python3.7/site-packages/airflow/example_dags/example_bash_operator.py
[2022-08-14 12:58:00,790] {processor.py:651} INFO - DAG(s) dict_keys(['example_bash_operator']) retrieved from /home/airflow/.local/lib/python3.7/site-packages/airflow/example_dags/example_bash_operator.py
[2022-08-14 12:58:00,862] {logging_mixin.py:115} INFO - [2022-08-14 12:58:00,861] {dag.py:2371} INFO - Sync 1 DAGs
[2022-08-14 12:58:00,911] {logging_mixin.py:115} INFO - [2022-08-14 12:58:00,911] {dag.py:2919} INFO - Setting next_dagrun for example_bash_operator to 2022-08-13T00:00:00+00:00, run_after=2022-08-14T00:00:00+00:00
[2022-08-14 12:58:00,944] {processor.py:161} INFO - Processing /home/airflow/.local/lib/python3.7/site-packages/airflow/example_dags/example_bash_operator.py took 0.210 seconds
[2022-08-14 12:59:21,994] {processor.py:153} INFO - Started process (PID=10708) to work on /home/airflow/.local/lib/python3.7/site-packages/airflow/example_dags/example_bash_operator.py
[2022-08-14 12:59:21,995] {processor.py:641} INFO - Processing file /home/airflow/.local/lib/python3.7/site-packages/airflow/example_dags/example_bash_operator.py for tasks to queue
[2022-08-14 12:59:21,997] {logging_mixin.py:115} INFO - [2022-08-14 12:59:21,997] {dagbag.py:507} INFO - Filling up the DagBag from /home/airflow/.local/lib/python3.7/site-packages/airflow/example_dags/example_bash_operator.py
[2022-08-14 12:59:22,053] {processor.py:651} INFO - DAG(s) dict_keys(['example_bash_operator']) retrieved from /home/airflow/.local/lib/python3.7/site-packages/airflow/example_dags/example_bash_operator.py
[2022-08-14 12:59:22,141] {logging_mixin.py:115} INFO - [2022-08-14 12:59:22,137] {dag.py:2371} INFO - Sync 1 DAGs
[2022-08-14 12:59:22,196] {logging_mixin.py:115} INFO - [2022-08-14 12:59:22,196] {dag.py:2919} INFO - Setting next_dagrun for example_bash_operator to 2022-08-13T00:00:00+00:00, run_after=2022-08-14T00:00:00+00:00
[2022-08-14 12:59:22,214] {processor.py:161} INFO - Processing /home/airflow/.local/lib/python3.7/site-packages/airflow/example_dags/example_bash_operator.py took 0.229 seconds
[2022-08-14 12:59:52,859] {processor.py:153} INFO - Started process (PID=10760) to work on /home/airflow/.local/lib/python3.7/site-packages/airflow/example_dags/example_bash_operator.py
[2022-08-14 12:59:52,860] {processor.py:641} INFO - Processing file /home/airflow/.local/lib/python3.7/site-packages/airflow/example_dags/example_bash_operator.py for tasks to queue
[2022-08-14 12:59:52,861] {logging_mixin.py:115} INFO - [2022-08-14 12:59:52,861] {dagbag.py:507} INFO - Filling up the DagBag from /home/airflow/.local/lib/python3.7/site-packages/airflow/example_dags/example_bash_operator.py
[2022-08-14 12:59:52,875] {processor.py:651} INFO - DAG(s) dict_keys(['example_bash_operator']) retrieved from /home/airflow/.local/lib/python3.7/site-packages/airflow/example_dags/example_bash_operator.py
[2022-08-14 12:59:52,908] {logging_mixin.py:115} INFO - [2022-08-14 12:59:52,908] {dag.py:2371} INFO - Sync 1 DAGs
[2022-08-14 12:59:52,931] {logging_mixin.py:115} INFO - [2022-08-14 12:59:52,931] {dag.py:2919} INFO - Setting next_dagrun for example_bash_operator to 2022-08-13T00:00:00+00:00, run_after=2022-08-14T00:00:00+00:00
[2022-08-14 12:59:52,944] {processor.py:161} INFO - Processing /home/airflow/.local/lib/python3.7/site-packages/airflow/example_dags/example_bash_operator.py took 0.089 seconds
[2022-08-14 13:15:49,633] {processor.py:153} INFO - Started process (PID=10822) to work on /home/airflow/.local/lib/python3.7/site-packages/airflow/example_dags/example_bash_operator.py
[2022-08-14 13:15:49,635] {processor.py:641} INFO - Processing file /home/airflow/.local/lib/python3.7/site-packages/airflow/example_dags/example_bash_operator.py for tasks to queue
[2022-08-14 13:15:49,638] {logging_mixin.py:115} INFO - [2022-08-14 13:15:49,638] {dagbag.py:507} INFO - Filling up the DagBag from /home/airflow/.local/lib/python3.7/site-packages/airflow/example_dags/example_bash_operator.py
[2022-08-14 13:15:49,668] {processor.py:651} INFO - DAG(s) dict_keys(['example_bash_operator']) retrieved from /home/airflow/.local/lib/python3.7/site-packages/airflow/example_dags/example_bash_operator.py
[2022-08-14 13:15:49,738] {logging_mixin.py:115} INFO - [2022-08-14 13:15:49,738] {dag.py:2371} INFO - Sync 1 DAGs
[2022-08-14 13:15:49,842] {logging_mixin.py:115} INFO - [2022-08-14 13:15:49,841] {dag.py:2919} INFO - Setting next_dagrun for example_bash_operator to 2022-08-13T00:00:00+00:00, run_after=2022-08-14T00:00:00+00:00
[2022-08-14 13:15:49,883] {processor.py:161} INFO - Processing /home/airflow/.local/lib/python3.7/site-packages/airflow/example_dags/example_bash_operator.py took 0.254 seconds
[2022-08-14 13:16:45,370] {processor.py:153} INFO - Started process (PID=10874) to work on /home/airflow/.local/lib/python3.7/site-packages/airflow/example_dags/example_bash_operator.py
[2022-08-14 13:16:45,372] {processor.py:641} INFO - Processing file /home/airflow/.local/lib/python3.7/site-packages/airflow/example_dags/example_bash_operator.py for tasks to queue
[2022-08-14 13:16:45,373] {logging_mixin.py:115} INFO - [2022-08-14 13:16:45,373] {dagbag.py:507} INFO - Filling up the DagBag from /home/airflow/.local/lib/python3.7/site-packages/airflow/example_dags/example_bash_operator.py
[2022-08-14 13:16:45,395] {processor.py:651} INFO - DAG(s) dict_keys(['example_bash_operator']) retrieved from /home/airflow/.local/lib/python3.7/site-packages/airflow/example_dags/example_bash_operator.py
[2022-08-14 13:16:45,431] {logging_mixin.py:115} INFO - [2022-08-14 13:16:45,431] {dag.py:2371} INFO - Sync 1 DAGs
[2022-08-14 13:16:45,455] {logging_mixin.py:115} INFO - [2022-08-14 13:16:45,455] {dag.py:2919} INFO - Setting next_dagrun for example_bash_operator to 2022-08-13T00:00:00+00:00, run_after=2022-08-14T00:00:00+00:00
[2022-08-14 13:16:45,468] {processor.py:161} INFO - Processing /home/airflow/.local/lib/python3.7/site-packages/airflow/example_dags/example_bash_operator.py took 0.101 seconds
[2022-08-14 16:37:22,342] {processor.py:153} INFO - Started process (PID=10927) to work on /home/airflow/.local/lib/python3.7/site-packages/airflow/example_dags/example_bash_operator.py
[2022-08-14 16:37:22,346] {processor.py:641} INFO - Processing file /home/airflow/.local/lib/python3.7/site-packages/airflow/example_dags/example_bash_operator.py for tasks to queue
[2022-08-14 16:37:22,348] {logging_mixin.py:115} INFO - [2022-08-14 16:37:22,348] {dagbag.py:507} INFO - Filling up the DagBag from /home/airflow/.local/lib/python3.7/site-packages/airflow/example_dags/example_bash_operator.py
[2022-08-14 16:37:22,384] {processor.py:651} INFO - DAG(s) dict_keys(['example_bash_operator']) retrieved from /home/airflow/.local/lib/python3.7/site-packages/airflow/example_dags/example_bash_operator.py
[2022-08-14 16:37:22,441] {logging_mixin.py:115} INFO - [2022-08-14 16:37:22,441] {dag.py:2371} INFO - Sync 1 DAGs
[2022-08-14 16:37:22,483] {logging_mixin.py:115} INFO - [2022-08-14 16:37:22,483] {dag.py:2919} INFO - Setting next_dagrun for example_bash_operator to 2022-08-13T00:00:00+00:00, run_after=2022-08-14T00:00:00+00:00
[2022-08-14 16:37:22,500] {processor.py:161} INFO - Processing /home/airflow/.local/lib/python3.7/site-packages/airflow/example_dags/example_bash_operator.py took 0.164 seconds
