[2022-08-14 02:33:48,264] {processor.py:153} INFO - Started process (PID=8446) to work on /home/airflow/.local/lib/python3.7/site-packages/airflow/example_dags/example_time_delta_sensor_async.py
[2022-08-14 02:33:48,266] {processor.py:641} INFO - Processing file /home/airflow/.local/lib/python3.7/site-packages/airflow/example_dags/example_time_delta_sensor_async.py for tasks to queue
[2022-08-14 02:33:48,268] {logging_mixin.py:115} INFO - [2022-08-14 02:33:48,268] {dagbag.py:507} INFO - Filling up the DagBag from /home/airflow/.local/lib/python3.7/site-packages/airflow/example_dags/example_time_delta_sensor_async.py
[2022-08-14 02:33:48,284] {processor.py:651} INFO - DAG(s) dict_keys(['example_time_delta_sensor_async']) retrieved from /home/airflow/.local/lib/python3.7/site-packages/airflow/example_dags/example_time_delta_sensor_async.py
[2022-08-14 02:33:48,381] {logging_mixin.py:115} INFO - [2022-08-14 02:33:48,381] {dag.py:2371} INFO - Sync 1 DAGs
[2022-08-14 02:33:48,411] {logging_mixin.py:115} INFO - [2022-08-14 02:33:48,411] {dag.py:2919} INFO - Setting next_dagrun for example_time_delta_sensor_async to None, run_after=None
[2022-08-14 02:33:48,426] {processor.py:161} INFO - Processing /home/airflow/.local/lib/python3.7/site-packages/airflow/example_dags/example_time_delta_sensor_async.py took 0.167 seconds
[2022-08-14 03:53:53,398] {processor.py:153} INFO - Started process (PID=8490) to work on /home/airflow/.local/lib/python3.7/site-packages/airflow/example_dags/example_time_delta_sensor_async.py
[2022-08-14 03:53:53,412] {processor.py:641} INFO - Processing file /home/airflow/.local/lib/python3.7/site-packages/airflow/example_dags/example_time_delta_sensor_async.py for tasks to queue
[2022-08-14 03:53:53,423] {logging_mixin.py:115} INFO - [2022-08-14 03:53:53,422] {dagbag.py:507} INFO - Filling up the DagBag from /home/airflow/.local/lib/python3.7/site-packages/airflow/example_dags/example_time_delta_sensor_async.py
[2022-08-14 03:53:53,499] {processor.py:651} INFO - DAG(s) dict_keys(['example_time_delta_sensor_async']) retrieved from /home/airflow/.local/lib/python3.7/site-packages/airflow/example_dags/example_time_delta_sensor_async.py
[2022-08-14 03:53:54,389] {logging_mixin.py:115} INFO - [2022-08-14 03:53:54,388] {dag.py:2371} INFO - Sync 1 DAGs
[2022-08-14 03:53:54,630] {logging_mixin.py:115} INFO - [2022-08-14 03:53:54,629] {dag.py:2919} INFO - Setting next_dagrun for example_time_delta_sensor_async to None, run_after=None
[2022-08-14 03:53:54,751] {processor.py:161} INFO - Processing /home/airflow/.local/lib/python3.7/site-packages/airflow/example_dags/example_time_delta_sensor_async.py took 1.396 seconds
[2022-08-14 03:59:06,435] {processor.py:153} INFO - Started process (PID=8547) to work on /home/airflow/.local/lib/python3.7/site-packages/airflow/example_dags/example_time_delta_sensor_async.py
[2022-08-14 03:59:06,442] {processor.py:641} INFO - Processing file /home/airflow/.local/lib/python3.7/site-packages/airflow/example_dags/example_time_delta_sensor_async.py for tasks to queue
[2022-08-14 03:59:06,445] {logging_mixin.py:115} INFO - [2022-08-14 03:59:06,444] {dagbag.py:507} INFO - Filling up the DagBag from /home/airflow/.local/lib/python3.7/site-packages/airflow/example_dags/example_time_delta_sensor_async.py
[2022-08-14 03:59:06,469] {processor.py:651} INFO - DAG(s) dict_keys(['example_time_delta_sensor_async']) retrieved from /home/airflow/.local/lib/python3.7/site-packages/airflow/example_dags/example_time_delta_sensor_async.py
[2022-08-14 03:59:06,618] {logging_mixin.py:115} INFO - [2022-08-14 03:59:06,618] {dag.py:2371} INFO - Sync 1 DAGs
[2022-08-14 03:59:06,655] {logging_mixin.py:115} INFO - [2022-08-14 03:59:06,655] {dag.py:2919} INFO - Setting next_dagrun for example_time_delta_sensor_async to None, run_after=None
[2022-08-14 03:59:06,680] {processor.py:161} INFO - Processing /home/airflow/.local/lib/python3.7/site-packages/airflow/example_dags/example_time_delta_sensor_async.py took 0.252 seconds
[2022-08-14 03:59:38,316] {processor.py:153} INFO - Started process (PID=8599) to work on /home/airflow/.local/lib/python3.7/site-packages/airflow/example_dags/example_time_delta_sensor_async.py
[2022-08-14 03:59:38,322] {processor.py:641} INFO - Processing file /home/airflow/.local/lib/python3.7/site-packages/airflow/example_dags/example_time_delta_sensor_async.py for tasks to queue
[2022-08-14 03:59:38,328] {logging_mixin.py:115} INFO - [2022-08-14 03:59:38,327] {dagbag.py:507} INFO - Filling up the DagBag from /home/airflow/.local/lib/python3.7/site-packages/airflow/example_dags/example_time_delta_sensor_async.py
[2022-08-14 03:59:38,353] {processor.py:651} INFO - DAG(s) dict_keys(['example_time_delta_sensor_async']) retrieved from /home/airflow/.local/lib/python3.7/site-packages/airflow/example_dags/example_time_delta_sensor_async.py
[2022-08-14 03:59:38,620] {logging_mixin.py:115} INFO - [2022-08-14 03:59:38,619] {dag.py:2371} INFO - Sync 1 DAGs
[2022-08-14 03:59:38,716] {logging_mixin.py:115} INFO - [2022-08-14 03:59:38,716] {dag.py:2919} INFO - Setting next_dagrun for example_time_delta_sensor_async to None, run_after=None
[2022-08-14 03:59:38,762] {processor.py:161} INFO - Processing /home/airflow/.local/lib/python3.7/site-packages/airflow/example_dags/example_time_delta_sensor_async.py took 0.463 seconds
[2022-08-14 04:04:37,353] {processor.py:153} INFO - Started process (PID=8642) to work on /home/airflow/.local/lib/python3.7/site-packages/airflow/example_dags/example_time_delta_sensor_async.py
[2022-08-14 04:04:37,358] {processor.py:641} INFO - Processing file /home/airflow/.local/lib/python3.7/site-packages/airflow/example_dags/example_time_delta_sensor_async.py for tasks to queue
[2022-08-14 04:04:37,360] {logging_mixin.py:115} INFO - [2022-08-14 04:04:37,360] {dagbag.py:507} INFO - Filling up the DagBag from /home/airflow/.local/lib/python3.7/site-packages/airflow/example_dags/example_time_delta_sensor_async.py
[2022-08-14 04:04:37,372] {processor.py:651} INFO - DAG(s) dict_keys(['example_time_delta_sensor_async']) retrieved from /home/airflow/.local/lib/python3.7/site-packages/airflow/example_dags/example_time_delta_sensor_async.py
[2022-08-14 04:04:37,441] {logging_mixin.py:115} INFO - [2022-08-14 04:04:37,441] {dag.py:2371} INFO - Sync 1 DAGs
[2022-08-14 04:04:37,467] {logging_mixin.py:115} INFO - [2022-08-14 04:04:37,467] {dag.py:2919} INFO - Setting next_dagrun for example_time_delta_sensor_async to None, run_after=None
[2022-08-14 04:04:37,482] {processor.py:161} INFO - Processing /home/airflow/.local/lib/python3.7/site-packages/airflow/example_dags/example_time_delta_sensor_async.py took 0.142 seconds
[2022-08-14 04:05:09,212] {processor.py:153} INFO - Started process (PID=8694) to work on /home/airflow/.local/lib/python3.7/site-packages/airflow/example_dags/example_time_delta_sensor_async.py
[2022-08-14 04:05:09,215] {processor.py:641} INFO - Processing file /home/airflow/.local/lib/python3.7/site-packages/airflow/example_dags/example_time_delta_sensor_async.py for tasks to queue
[2022-08-14 04:05:09,220] {logging_mixin.py:115} INFO - [2022-08-14 04:05:09,219] {dagbag.py:507} INFO - Filling up the DagBag from /home/airflow/.local/lib/python3.7/site-packages/airflow/example_dags/example_time_delta_sensor_async.py
[2022-08-14 04:05:09,241] {processor.py:651} INFO - DAG(s) dict_keys(['example_time_delta_sensor_async']) retrieved from /home/airflow/.local/lib/python3.7/site-packages/airflow/example_dags/example_time_delta_sensor_async.py
[2022-08-14 04:05:09,358] {logging_mixin.py:115} INFO - [2022-08-14 04:05:09,358] {dag.py:2371} INFO - Sync 1 DAGs
[2022-08-14 04:05:09,405] {logging_mixin.py:115} INFO - [2022-08-14 04:05:09,405] {dag.py:2919} INFO - Setting next_dagrun for example_time_delta_sensor_async to None, run_after=None
[2022-08-14 04:05:09,434] {processor.py:161} INFO - Processing /home/airflow/.local/lib/python3.7/site-packages/airflow/example_dags/example_time_delta_sensor_async.py took 0.236 seconds
[2022-08-14 04:10:11,440] {processor.py:153} INFO - Started process (PID=8745) to work on /home/airflow/.local/lib/python3.7/site-packages/airflow/example_dags/example_time_delta_sensor_async.py
[2022-08-14 04:10:11,442] {processor.py:641} INFO - Processing file /home/airflow/.local/lib/python3.7/site-packages/airflow/example_dags/example_time_delta_sensor_async.py for tasks to queue
[2022-08-14 04:10:11,443] {logging_mixin.py:115} INFO - [2022-08-14 04:10:11,443] {dagbag.py:507} INFO - Filling up the DagBag from /home/airflow/.local/lib/python3.7/site-packages/airflow/example_dags/example_time_delta_sensor_async.py
[2022-08-14 04:10:11,458] {processor.py:651} INFO - DAG(s) dict_keys(['example_time_delta_sensor_async']) retrieved from /home/airflow/.local/lib/python3.7/site-packages/airflow/example_dags/example_time_delta_sensor_async.py
[2022-08-14 04:10:11,566] {logging_mixin.py:115} INFO - [2022-08-14 04:10:11,566] {dag.py:2371} INFO - Sync 1 DAGs
[2022-08-14 04:10:11,618] {logging_mixin.py:115} INFO - [2022-08-14 04:10:11,617] {dag.py:2919} INFO - Setting next_dagrun for example_time_delta_sensor_async to None, run_after=None
[2022-08-14 04:10:11,645] {processor.py:161} INFO - Processing /home/airflow/.local/lib/python3.7/site-packages/airflow/example_dags/example_time_delta_sensor_async.py took 0.211 seconds
[2022-08-14 04:10:43,005] {processor.py:153} INFO - Started process (PID=8797) to work on /home/airflow/.local/lib/python3.7/site-packages/airflow/example_dags/example_time_delta_sensor_async.py
[2022-08-14 04:10:43,007] {processor.py:641} INFO - Processing file /home/airflow/.local/lib/python3.7/site-packages/airflow/example_dags/example_time_delta_sensor_async.py for tasks to queue
[2022-08-14 04:10:43,009] {logging_mixin.py:115} INFO - [2022-08-14 04:10:43,009] {dagbag.py:507} INFO - Filling up the DagBag from /home/airflow/.local/lib/python3.7/site-packages/airflow/example_dags/example_time_delta_sensor_async.py
[2022-08-14 04:10:43,030] {processor.py:651} INFO - DAG(s) dict_keys(['example_time_delta_sensor_async']) retrieved from /home/airflow/.local/lib/python3.7/site-packages/airflow/example_dags/example_time_delta_sensor_async.py
[2022-08-14 04:10:43,139] {logging_mixin.py:115} INFO - [2022-08-14 04:10:43,138] {dag.py:2371} INFO - Sync 1 DAGs
[2022-08-14 04:10:43,187] {logging_mixin.py:115} INFO - [2022-08-14 04:10:43,187] {dag.py:2919} INFO - Setting next_dagrun for example_time_delta_sensor_async to None, run_after=None
[2022-08-14 04:10:43,218] {processor.py:161} INFO - Processing /home/airflow/.local/lib/python3.7/site-packages/airflow/example_dags/example_time_delta_sensor_async.py took 0.221 seconds
[2022-08-14 04:15:54,489] {processor.py:153} INFO - Started process (PID=8851) to work on /home/airflow/.local/lib/python3.7/site-packages/airflow/example_dags/example_time_delta_sensor_async.py
[2022-08-14 04:15:54,493] {processor.py:641} INFO - Processing file /home/airflow/.local/lib/python3.7/site-packages/airflow/example_dags/example_time_delta_sensor_async.py for tasks to queue
[2022-08-14 04:15:54,495] {logging_mixin.py:115} INFO - [2022-08-14 04:15:54,495] {dagbag.py:507} INFO - Filling up the DagBag from /home/airflow/.local/lib/python3.7/site-packages/airflow/example_dags/example_time_delta_sensor_async.py
[2022-08-14 04:15:54,517] {processor.py:651} INFO - DAG(s) dict_keys(['example_time_delta_sensor_async']) retrieved from /home/airflow/.local/lib/python3.7/site-packages/airflow/example_dags/example_time_delta_sensor_async.py
[2022-08-14 04:15:54,645] {logging_mixin.py:115} INFO - [2022-08-14 04:15:54,645] {dag.py:2371} INFO - Sync 1 DAGs
[2022-08-14 04:15:54,682] {logging_mixin.py:115} INFO - [2022-08-14 04:15:54,681] {dag.py:2919} INFO - Setting next_dagrun for example_time_delta_sensor_async to None, run_after=None
[2022-08-14 04:15:54,735] {processor.py:161} INFO - Processing /home/airflow/.local/lib/python3.7/site-packages/airflow/example_dags/example_time_delta_sensor_async.py took 0.253 seconds
[2022-08-14 04:16:25,905] {processor.py:153} INFO - Started process (PID=8903) to work on /home/airflow/.local/lib/python3.7/site-packages/airflow/example_dags/example_time_delta_sensor_async.py
[2022-08-14 04:16:25,909] {processor.py:641} INFO - Processing file /home/airflow/.local/lib/python3.7/site-packages/airflow/example_dags/example_time_delta_sensor_async.py for tasks to queue
[2022-08-14 04:16:25,916] {logging_mixin.py:115} INFO - [2022-08-14 04:16:25,915] {dagbag.py:507} INFO - Filling up the DagBag from /home/airflow/.local/lib/python3.7/site-packages/airflow/example_dags/example_time_delta_sensor_async.py
[2022-08-14 04:16:25,942] {processor.py:651} INFO - DAG(s) dict_keys(['example_time_delta_sensor_async']) retrieved from /home/airflow/.local/lib/python3.7/site-packages/airflow/example_dags/example_time_delta_sensor_async.py
[2022-08-14 04:16:26,130] {logging_mixin.py:115} INFO - [2022-08-14 04:16:26,130] {dag.py:2371} INFO - Sync 1 DAGs
[2022-08-14 04:16:26,212] {logging_mixin.py:115} INFO - [2022-08-14 04:16:26,212] {dag.py:2919} INFO - Setting next_dagrun for example_time_delta_sensor_async to None, run_after=None
[2022-08-14 04:16:26,294] {processor.py:161} INFO - Processing /home/airflow/.local/lib/python3.7/site-packages/airflow/example_dags/example_time_delta_sensor_async.py took 0.402 seconds
[2022-08-14 04:21:20,249] {processor.py:153} INFO - Started process (PID=8946) to work on /home/airflow/.local/lib/python3.7/site-packages/airflow/example_dags/example_time_delta_sensor_async.py
[2022-08-14 04:21:20,250] {processor.py:641} INFO - Processing file /home/airflow/.local/lib/python3.7/site-packages/airflow/example_dags/example_time_delta_sensor_async.py for tasks to queue
[2022-08-14 04:21:20,251] {logging_mixin.py:115} INFO - [2022-08-14 04:21:20,251] {dagbag.py:507} INFO - Filling up the DagBag from /home/airflow/.local/lib/python3.7/site-packages/airflow/example_dags/example_time_delta_sensor_async.py
[2022-08-14 04:21:20,260] {processor.py:651} INFO - DAG(s) dict_keys(['example_time_delta_sensor_async']) retrieved from /home/airflow/.local/lib/python3.7/site-packages/airflow/example_dags/example_time_delta_sensor_async.py
[2022-08-14 04:21:20,317] {logging_mixin.py:115} INFO - [2022-08-14 04:21:20,317] {dag.py:2371} INFO - Sync 1 DAGs
[2022-08-14 04:21:20,345] {logging_mixin.py:115} INFO - [2022-08-14 04:21:20,345] {dag.py:2919} INFO - Setting next_dagrun for example_time_delta_sensor_async to None, run_after=None
[2022-08-14 04:21:20,363] {processor.py:161} INFO - Processing /home/airflow/.local/lib/python3.7/site-packages/airflow/example_dags/example_time_delta_sensor_async.py took 0.118 seconds
[2022-08-14 04:21:51,581] {processor.py:153} INFO - Started process (PID=8998) to work on /home/airflow/.local/lib/python3.7/site-packages/airflow/example_dags/example_time_delta_sensor_async.py
[2022-08-14 04:21:51,583] {processor.py:641} INFO - Processing file /home/airflow/.local/lib/python3.7/site-packages/airflow/example_dags/example_time_delta_sensor_async.py for tasks to queue
[2022-08-14 04:21:51,585] {logging_mixin.py:115} INFO - [2022-08-14 04:21:51,585] {dagbag.py:507} INFO - Filling up the DagBag from /home/airflow/.local/lib/python3.7/site-packages/airflow/example_dags/example_time_delta_sensor_async.py
[2022-08-14 04:21:51,603] {processor.py:651} INFO - DAG(s) dict_keys(['example_time_delta_sensor_async']) retrieved from /home/airflow/.local/lib/python3.7/site-packages/airflow/example_dags/example_time_delta_sensor_async.py
[2022-08-14 04:21:51,715] {logging_mixin.py:115} INFO - [2022-08-14 04:21:51,715] {dag.py:2371} INFO - Sync 1 DAGs
[2022-08-14 04:21:51,760] {logging_mixin.py:115} INFO - [2022-08-14 04:21:51,760] {dag.py:2919} INFO - Setting next_dagrun for example_time_delta_sensor_async to None, run_after=None
[2022-08-14 04:21:51,788] {processor.py:161} INFO - Processing /home/airflow/.local/lib/python3.7/site-packages/airflow/example_dags/example_time_delta_sensor_async.py took 0.215 seconds
[2022-08-14 04:26:53,335] {processor.py:153} INFO - Started process (PID=9051) to work on /home/airflow/.local/lib/python3.7/site-packages/airflow/example_dags/example_time_delta_sensor_async.py
[2022-08-14 04:26:53,365] {processor.py:641} INFO - Processing file /home/airflow/.local/lib/python3.7/site-packages/airflow/example_dags/example_time_delta_sensor_async.py for tasks to queue
[2022-08-14 04:26:53,420] {logging_mixin.py:115} INFO - [2022-08-14 04:26:53,420] {dagbag.py:507} INFO - Filling up the DagBag from /home/airflow/.local/lib/python3.7/site-packages/airflow/example_dags/example_time_delta_sensor_async.py
[2022-08-14 04:26:53,457] {processor.py:651} INFO - DAG(s) dict_keys(['example_time_delta_sensor_async']) retrieved from /home/airflow/.local/lib/python3.7/site-packages/airflow/example_dags/example_time_delta_sensor_async.py
[2022-08-14 04:26:53,527] {logging_mixin.py:115} INFO - [2022-08-14 04:26:53,527] {dag.py:2371} INFO - Sync 1 DAGs
[2022-08-14 04:26:53,553] {logging_mixin.py:115} INFO - [2022-08-14 04:26:53,552] {dag.py:2919} INFO - Setting next_dagrun for example_time_delta_sensor_async to None, run_after=None
[2022-08-14 04:26:53,578] {processor.py:161} INFO - Processing /home/airflow/.local/lib/python3.7/site-packages/airflow/example_dags/example_time_delta_sensor_async.py took 0.247 seconds
[2022-08-14 04:27:24,257] {processor.py:153} INFO - Started process (PID=9103) to work on /home/airflow/.local/lib/python3.7/site-packages/airflow/example_dags/example_time_delta_sensor_async.py
[2022-08-14 04:27:24,260] {processor.py:641} INFO - Processing file /home/airflow/.local/lib/python3.7/site-packages/airflow/example_dags/example_time_delta_sensor_async.py for tasks to queue
[2022-08-14 04:27:24,264] {logging_mixin.py:115} INFO - [2022-08-14 04:27:24,263] {dagbag.py:507} INFO - Filling up the DagBag from /home/airflow/.local/lib/python3.7/site-packages/airflow/example_dags/example_time_delta_sensor_async.py
[2022-08-14 04:27:24,285] {processor.py:651} INFO - DAG(s) dict_keys(['example_time_delta_sensor_async']) retrieved from /home/airflow/.local/lib/python3.7/site-packages/airflow/example_dags/example_time_delta_sensor_async.py
[2022-08-14 04:27:24,490] {logging_mixin.py:115} INFO - [2022-08-14 04:27:24,490] {dag.py:2371} INFO - Sync 1 DAGs
[2022-08-14 04:27:24,544] {logging_mixin.py:115} INFO - [2022-08-14 04:27:24,544] {dag.py:2919} INFO - Setting next_dagrun for example_time_delta_sensor_async to None, run_after=None
[2022-08-14 04:27:24,578] {processor.py:161} INFO - Processing /home/airflow/.local/lib/python3.7/site-packages/airflow/example_dags/example_time_delta_sensor_async.py took 0.332 seconds
[2022-08-14 04:32:26,237] {processor.py:153} INFO - Started process (PID=9155) to work on /home/airflow/.local/lib/python3.7/site-packages/airflow/example_dags/example_time_delta_sensor_async.py
[2022-08-14 04:32:26,238] {processor.py:641} INFO - Processing file /home/airflow/.local/lib/python3.7/site-packages/airflow/example_dags/example_time_delta_sensor_async.py for tasks to queue
[2022-08-14 04:32:26,242] {logging_mixin.py:115} INFO - [2022-08-14 04:32:26,242] {dagbag.py:507} INFO - Filling up the DagBag from /home/airflow/.local/lib/python3.7/site-packages/airflow/example_dags/example_time_delta_sensor_async.py
[2022-08-14 04:32:26,252] {processor.py:651} INFO - DAG(s) dict_keys(['example_time_delta_sensor_async']) retrieved from /home/airflow/.local/lib/python3.7/site-packages/airflow/example_dags/example_time_delta_sensor_async.py
[2022-08-14 04:32:26,309] {logging_mixin.py:115} INFO - [2022-08-14 04:32:26,309] {dag.py:2371} INFO - Sync 1 DAGs
[2022-08-14 04:32:26,335] {logging_mixin.py:115} INFO - [2022-08-14 04:32:26,335] {dag.py:2919} INFO - Setting next_dagrun for example_time_delta_sensor_async to None, run_after=None
[2022-08-14 04:32:26,353] {processor.py:161} INFO - Processing /home/airflow/.local/lib/python3.7/site-packages/airflow/example_dags/example_time_delta_sensor_async.py took 0.121 seconds
[2022-08-14 04:32:57,006] {processor.py:153} INFO - Started process (PID=9207) to work on /home/airflow/.local/lib/python3.7/site-packages/airflow/example_dags/example_time_delta_sensor_async.py
[2022-08-14 04:32:57,011] {processor.py:641} INFO - Processing file /home/airflow/.local/lib/python3.7/site-packages/airflow/example_dags/example_time_delta_sensor_async.py for tasks to queue
[2022-08-14 04:32:57,016] {logging_mixin.py:115} INFO - [2022-08-14 04:32:57,015] {dagbag.py:507} INFO - Filling up the DagBag from /home/airflow/.local/lib/python3.7/site-packages/airflow/example_dags/example_time_delta_sensor_async.py
[2022-08-14 04:32:57,045] {processor.py:651} INFO - DAG(s) dict_keys(['example_time_delta_sensor_async']) retrieved from /home/airflow/.local/lib/python3.7/site-packages/airflow/example_dags/example_time_delta_sensor_async.py
[2022-08-14 04:32:57,184] {logging_mixin.py:115} INFO - [2022-08-14 04:32:57,183] {dag.py:2371} INFO - Sync 1 DAGs
[2022-08-14 04:32:57,240] {logging_mixin.py:115} INFO - [2022-08-14 04:32:57,240] {dag.py:2919} INFO - Setting next_dagrun for example_time_delta_sensor_async to None, run_after=None
[2022-08-14 04:32:57,277] {processor.py:161} INFO - Processing /home/airflow/.local/lib/python3.7/site-packages/airflow/example_dags/example_time_delta_sensor_async.py took 0.285 seconds
[2022-08-14 04:37:59,873] {processor.py:153} INFO - Started process (PID=9259) to work on /home/airflow/.local/lib/python3.7/site-packages/airflow/example_dags/example_time_delta_sensor_async.py
[2022-08-14 04:37:59,875] {processor.py:641} INFO - Processing file /home/airflow/.local/lib/python3.7/site-packages/airflow/example_dags/example_time_delta_sensor_async.py for tasks to queue
[2022-08-14 04:37:59,877] {logging_mixin.py:115} INFO - [2022-08-14 04:37:59,877] {dagbag.py:507} INFO - Filling up the DagBag from /home/airflow/.local/lib/python3.7/site-packages/airflow/example_dags/example_time_delta_sensor_async.py
[2022-08-14 04:37:59,887] {processor.py:651} INFO - DAG(s) dict_keys(['example_time_delta_sensor_async']) retrieved from /home/airflow/.local/lib/python3.7/site-packages/airflow/example_dags/example_time_delta_sensor_async.py
[2022-08-14 04:37:59,939] {logging_mixin.py:115} INFO - [2022-08-14 04:37:59,939] {dag.py:2371} INFO - Sync 1 DAGs
[2022-08-14 04:37:59,976] {logging_mixin.py:115} INFO - [2022-08-14 04:37:59,976] {dag.py:2919} INFO - Setting next_dagrun for example_time_delta_sensor_async to None, run_after=None
[2022-08-14 04:37:59,994] {processor.py:161} INFO - Processing /home/airflow/.local/lib/python3.7/site-packages/airflow/example_dags/example_time_delta_sensor_async.py took 0.127 seconds
[2022-08-14 04:38:31,087] {processor.py:153} INFO - Started process (PID=9311) to work on /home/airflow/.local/lib/python3.7/site-packages/airflow/example_dags/example_time_delta_sensor_async.py
[2022-08-14 04:38:31,090] {processor.py:641} INFO - Processing file /home/airflow/.local/lib/python3.7/site-packages/airflow/example_dags/example_time_delta_sensor_async.py for tasks to queue
[2022-08-14 04:38:31,093] {logging_mixin.py:115} INFO - [2022-08-14 04:38:31,093] {dagbag.py:507} INFO - Filling up the DagBag from /home/airflow/.local/lib/python3.7/site-packages/airflow/example_dags/example_time_delta_sensor_async.py
[2022-08-14 04:38:31,108] {processor.py:651} INFO - DAG(s) dict_keys(['example_time_delta_sensor_async']) retrieved from /home/airflow/.local/lib/python3.7/site-packages/airflow/example_dags/example_time_delta_sensor_async.py
[2022-08-14 04:38:31,214] {logging_mixin.py:115} INFO - [2022-08-14 04:38:31,213] {dag.py:2371} INFO - Sync 1 DAGs
[2022-08-14 04:38:31,268] {logging_mixin.py:115} INFO - [2022-08-14 04:38:31,268] {dag.py:2919} INFO - Setting next_dagrun for example_time_delta_sensor_async to None, run_after=None
[2022-08-14 04:38:31,297] {processor.py:161} INFO - Processing /home/airflow/.local/lib/python3.7/site-packages/airflow/example_dags/example_time_delta_sensor_async.py took 0.219 seconds
[2022-08-14 04:43:32,681] {processor.py:153} INFO - Started process (PID=9363) to work on /home/airflow/.local/lib/python3.7/site-packages/airflow/example_dags/example_time_delta_sensor_async.py
[2022-08-14 04:43:32,684] {processor.py:641} INFO - Processing file /home/airflow/.local/lib/python3.7/site-packages/airflow/example_dags/example_time_delta_sensor_async.py for tasks to queue
[2022-08-14 04:43:32,686] {logging_mixin.py:115} INFO - [2022-08-14 04:43:32,685] {dagbag.py:507} INFO - Filling up the DagBag from /home/airflow/.local/lib/python3.7/site-packages/airflow/example_dags/example_time_delta_sensor_async.py
[2022-08-14 04:43:32,697] {processor.py:651} INFO - DAG(s) dict_keys(['example_time_delta_sensor_async']) retrieved from /home/airflow/.local/lib/python3.7/site-packages/airflow/example_dags/example_time_delta_sensor_async.py
[2022-08-14 04:43:32,803] {logging_mixin.py:115} INFO - [2022-08-14 04:43:32,803] {dag.py:2371} INFO - Sync 1 DAGs
[2022-08-14 04:43:32,844] {logging_mixin.py:115} INFO - [2022-08-14 04:43:32,844] {dag.py:2919} INFO - Setting next_dagrun for example_time_delta_sensor_async to None, run_after=None
[2022-08-14 04:43:32,857] {processor.py:161} INFO - Processing /home/airflow/.local/lib/python3.7/site-packages/airflow/example_dags/example_time_delta_sensor_async.py took 0.179 seconds
[2022-08-14 04:44:03,671] {processor.py:153} INFO - Started process (PID=9416) to work on /home/airflow/.local/lib/python3.7/site-packages/airflow/example_dags/example_time_delta_sensor_async.py
[2022-08-14 04:44:03,674] {processor.py:641} INFO - Processing file /home/airflow/.local/lib/python3.7/site-packages/airflow/example_dags/example_time_delta_sensor_async.py for tasks to queue
[2022-08-14 04:44:03,676] {logging_mixin.py:115} INFO - [2022-08-14 04:44:03,676] {dagbag.py:507} INFO - Filling up the DagBag from /home/airflow/.local/lib/python3.7/site-packages/airflow/example_dags/example_time_delta_sensor_async.py
[2022-08-14 04:44:03,692] {processor.py:651} INFO - DAG(s) dict_keys(['example_time_delta_sensor_async']) retrieved from /home/airflow/.local/lib/python3.7/site-packages/airflow/example_dags/example_time_delta_sensor_async.py
[2022-08-14 04:44:03,800] {logging_mixin.py:115} INFO - [2022-08-14 04:44:03,799] {dag.py:2371} INFO - Sync 1 DAGs
[2022-08-14 04:44:03,845] {logging_mixin.py:115} INFO - [2022-08-14 04:44:03,845] {dag.py:2919} INFO - Setting next_dagrun for example_time_delta_sensor_async to None, run_after=None
[2022-08-14 04:44:03,874] {processor.py:161} INFO - Processing /home/airflow/.local/lib/python3.7/site-packages/airflow/example_dags/example_time_delta_sensor_async.py took 0.212 seconds
[2022-08-14 04:49:05,896] {processor.py:153} INFO - Started process (PID=9469) to work on /home/airflow/.local/lib/python3.7/site-packages/airflow/example_dags/example_time_delta_sensor_async.py
[2022-08-14 04:49:05,897] {processor.py:641} INFO - Processing file /home/airflow/.local/lib/python3.7/site-packages/airflow/example_dags/example_time_delta_sensor_async.py for tasks to queue
[2022-08-14 04:49:05,899] {logging_mixin.py:115} INFO - [2022-08-14 04:49:05,899] {dagbag.py:507} INFO - Filling up the DagBag from /home/airflow/.local/lib/python3.7/site-packages/airflow/example_dags/example_time_delta_sensor_async.py
[2022-08-14 04:49:05,909] {processor.py:651} INFO - DAG(s) dict_keys(['example_time_delta_sensor_async']) retrieved from /home/airflow/.local/lib/python3.7/site-packages/airflow/example_dags/example_time_delta_sensor_async.py
[2022-08-14 04:49:05,973] {logging_mixin.py:115} INFO - [2022-08-14 04:49:05,973] {dag.py:2371} INFO - Sync 1 DAGs
[2022-08-14 04:49:06,016] {logging_mixin.py:115} INFO - [2022-08-14 04:49:06,016] {dag.py:2919} INFO - Setting next_dagrun for example_time_delta_sensor_async to None, run_after=None
[2022-08-14 04:49:06,042] {processor.py:161} INFO - Processing /home/airflow/.local/lib/python3.7/site-packages/airflow/example_dags/example_time_delta_sensor_async.py took 0.153 seconds
[2022-08-14 04:49:37,215] {processor.py:153} INFO - Started process (PID=9521) to work on /home/airflow/.local/lib/python3.7/site-packages/airflow/example_dags/example_time_delta_sensor_async.py
[2022-08-14 04:49:37,218] {processor.py:641} INFO - Processing file /home/airflow/.local/lib/python3.7/site-packages/airflow/example_dags/example_time_delta_sensor_async.py for tasks to queue
[2022-08-14 04:49:37,222] {logging_mixin.py:115} INFO - [2022-08-14 04:49:37,222] {dagbag.py:507} INFO - Filling up the DagBag from /home/airflow/.local/lib/python3.7/site-packages/airflow/example_dags/example_time_delta_sensor_async.py
[2022-08-14 04:49:37,241] {processor.py:651} INFO - DAG(s) dict_keys(['example_time_delta_sensor_async']) retrieved from /home/airflow/.local/lib/python3.7/site-packages/airflow/example_dags/example_time_delta_sensor_async.py
[2022-08-14 04:49:37,392] {logging_mixin.py:115} INFO - [2022-08-14 04:49:37,392] {dag.py:2371} INFO - Sync 1 DAGs
[2022-08-14 04:49:37,446] {logging_mixin.py:115} INFO - [2022-08-14 04:49:37,446] {dag.py:2919} INFO - Setting next_dagrun for example_time_delta_sensor_async to None, run_after=None
[2022-08-14 04:49:37,482] {processor.py:161} INFO - Processing /home/airflow/.local/lib/python3.7/site-packages/airflow/example_dags/example_time_delta_sensor_async.py took 0.277 seconds
[2022-08-14 04:54:39,148] {processor.py:153} INFO - Started process (PID=9574) to work on /home/airflow/.local/lib/python3.7/site-packages/airflow/example_dags/example_time_delta_sensor_async.py
[2022-08-14 04:54:39,151] {processor.py:641} INFO - Processing file /home/airflow/.local/lib/python3.7/site-packages/airflow/example_dags/example_time_delta_sensor_async.py for tasks to queue
[2022-08-14 04:54:39,155] {logging_mixin.py:115} INFO - [2022-08-14 04:54:39,154] {dagbag.py:507} INFO - Filling up the DagBag from /home/airflow/.local/lib/python3.7/site-packages/airflow/example_dags/example_time_delta_sensor_async.py
[2022-08-14 04:54:39,170] {processor.py:651} INFO - DAG(s) dict_keys(['example_time_delta_sensor_async']) retrieved from /home/airflow/.local/lib/python3.7/site-packages/airflow/example_dags/example_time_delta_sensor_async.py
[2022-08-14 04:54:39,259] {logging_mixin.py:115} INFO - [2022-08-14 04:54:39,258] {dag.py:2371} INFO - Sync 1 DAGs
[2022-08-14 04:54:39,293] {logging_mixin.py:115} INFO - [2022-08-14 04:54:39,293] {dag.py:2919} INFO - Setting next_dagrun for example_time_delta_sensor_async to None, run_after=None
[2022-08-14 04:54:39,311] {processor.py:161} INFO - Processing /home/airflow/.local/lib/python3.7/site-packages/airflow/example_dags/example_time_delta_sensor_async.py took 0.173 seconds
[2022-08-14 04:55:10,086] {processor.py:153} INFO - Started process (PID=9626) to work on /home/airflow/.local/lib/python3.7/site-packages/airflow/example_dags/example_time_delta_sensor_async.py
[2022-08-14 04:55:10,091] {processor.py:641} INFO - Processing file /home/airflow/.local/lib/python3.7/site-packages/airflow/example_dags/example_time_delta_sensor_async.py for tasks to queue
[2022-08-14 04:55:10,094] {logging_mixin.py:115} INFO - [2022-08-14 04:55:10,094] {dagbag.py:507} INFO - Filling up the DagBag from /home/airflow/.local/lib/python3.7/site-packages/airflow/example_dags/example_time_delta_sensor_async.py
[2022-08-14 04:55:10,117] {processor.py:651} INFO - DAG(s) dict_keys(['example_time_delta_sensor_async']) retrieved from /home/airflow/.local/lib/python3.7/site-packages/airflow/example_dags/example_time_delta_sensor_async.py
[2022-08-14 04:55:10,263] {logging_mixin.py:115} INFO - [2022-08-14 04:55:10,262] {dag.py:2371} INFO - Sync 1 DAGs
[2022-08-14 04:55:10,317] {logging_mixin.py:115} INFO - [2022-08-14 04:55:10,317] {dag.py:2919} INFO - Setting next_dagrun for example_time_delta_sensor_async to None, run_after=None
[2022-08-14 04:55:10,350] {processor.py:161} INFO - Processing /home/airflow/.local/lib/python3.7/site-packages/airflow/example_dags/example_time_delta_sensor_async.py took 0.276 seconds
[2022-08-14 05:00:12,158] {processor.py:153} INFO - Started process (PID=9679) to work on /home/airflow/.local/lib/python3.7/site-packages/airflow/example_dags/example_time_delta_sensor_async.py
[2022-08-14 05:00:12,161] {processor.py:641} INFO - Processing file /home/airflow/.local/lib/python3.7/site-packages/airflow/example_dags/example_time_delta_sensor_async.py for tasks to queue
[2022-08-14 05:00:12,165] {logging_mixin.py:115} INFO - [2022-08-14 05:00:12,163] {dagbag.py:507} INFO - Filling up the DagBag from /home/airflow/.local/lib/python3.7/site-packages/airflow/example_dags/example_time_delta_sensor_async.py
[2022-08-14 05:00:12,186] {processor.py:651} INFO - DAG(s) dict_keys(['example_time_delta_sensor_async']) retrieved from /home/airflow/.local/lib/python3.7/site-packages/airflow/example_dags/example_time_delta_sensor_async.py
[2022-08-14 05:00:12,269] {logging_mixin.py:115} INFO - [2022-08-14 05:00:12,269] {dag.py:2371} INFO - Sync 1 DAGs
[2022-08-14 05:00:12,291] {logging_mixin.py:115} INFO - [2022-08-14 05:00:12,291] {dag.py:2919} INFO - Setting next_dagrun for example_time_delta_sensor_async to None, run_after=None
[2022-08-14 05:00:12,311] {processor.py:161} INFO - Processing /home/airflow/.local/lib/python3.7/site-packages/airflow/example_dags/example_time_delta_sensor_async.py took 0.163 seconds
[2022-08-14 05:00:42,829] {processor.py:153} INFO - Started process (PID=9733) to work on /home/airflow/.local/lib/python3.7/site-packages/airflow/example_dags/example_time_delta_sensor_async.py
[2022-08-14 05:00:42,832] {processor.py:641} INFO - Processing file /home/airflow/.local/lib/python3.7/site-packages/airflow/example_dags/example_time_delta_sensor_async.py for tasks to queue
[2022-08-14 05:00:42,835] {logging_mixin.py:115} INFO - [2022-08-14 05:00:42,835] {dagbag.py:507} INFO - Filling up the DagBag from /home/airflow/.local/lib/python3.7/site-packages/airflow/example_dags/example_time_delta_sensor_async.py
[2022-08-14 05:00:42,859] {processor.py:651} INFO - DAG(s) dict_keys(['example_time_delta_sensor_async']) retrieved from /home/airflow/.local/lib/python3.7/site-packages/airflow/example_dags/example_time_delta_sensor_async.py
[2022-08-14 05:00:42,983] {logging_mixin.py:115} INFO - [2022-08-14 05:00:42,983] {dag.py:2371} INFO - Sync 1 DAGs
[2022-08-14 05:00:43,037] {logging_mixin.py:115} INFO - [2022-08-14 05:00:43,037] {dag.py:2919} INFO - Setting next_dagrun for example_time_delta_sensor_async to None, run_after=None
[2022-08-14 05:00:43,071] {processor.py:161} INFO - Processing /home/airflow/.local/lib/python3.7/site-packages/airflow/example_dags/example_time_delta_sensor_async.py took 0.253 seconds
[2022-08-14 05:05:43,789] {processor.py:153} INFO - Started process (PID=9785) to work on /home/airflow/.local/lib/python3.7/site-packages/airflow/example_dags/example_time_delta_sensor_async.py
[2022-08-14 05:05:43,790] {processor.py:641} INFO - Processing file /home/airflow/.local/lib/python3.7/site-packages/airflow/example_dags/example_time_delta_sensor_async.py for tasks to queue
[2022-08-14 05:05:43,792] {logging_mixin.py:115} INFO - [2022-08-14 05:05:43,792] {dagbag.py:507} INFO - Filling up the DagBag from /home/airflow/.local/lib/python3.7/site-packages/airflow/example_dags/example_time_delta_sensor_async.py
[2022-08-14 05:05:43,800] {processor.py:651} INFO - DAG(s) dict_keys(['example_time_delta_sensor_async']) retrieved from /home/airflow/.local/lib/python3.7/site-packages/airflow/example_dags/example_time_delta_sensor_async.py
[2022-08-14 05:05:43,891] {logging_mixin.py:115} INFO - [2022-08-14 05:05:43,891] {dag.py:2371} INFO - Sync 1 DAGs
[2022-08-14 05:05:43,932] {logging_mixin.py:115} INFO - [2022-08-14 05:05:43,932] {dag.py:2919} INFO - Setting next_dagrun for example_time_delta_sensor_async to None, run_after=None
[2022-08-14 05:05:43,961] {processor.py:161} INFO - Processing /home/airflow/.local/lib/python3.7/site-packages/airflow/example_dags/example_time_delta_sensor_async.py took 0.177 seconds
[2022-08-14 05:06:14,857] {processor.py:153} INFO - Started process (PID=9837) to work on /home/airflow/.local/lib/python3.7/site-packages/airflow/example_dags/example_time_delta_sensor_async.py
[2022-08-14 05:06:14,862] {processor.py:641} INFO - Processing file /home/airflow/.local/lib/python3.7/site-packages/airflow/example_dags/example_time_delta_sensor_async.py for tasks to queue
[2022-08-14 05:06:14,872] {logging_mixin.py:115} INFO - [2022-08-14 05:06:14,872] {dagbag.py:507} INFO - Filling up the DagBag from /home/airflow/.local/lib/python3.7/site-packages/airflow/example_dags/example_time_delta_sensor_async.py
[2022-08-14 05:06:14,894] {processor.py:651} INFO - DAG(s) dict_keys(['example_time_delta_sensor_async']) retrieved from /home/airflow/.local/lib/python3.7/site-packages/airflow/example_dags/example_time_delta_sensor_async.py
[2022-08-14 05:06:15,024] {logging_mixin.py:115} INFO - [2022-08-14 05:06:15,024] {dag.py:2371} INFO - Sync 1 DAGs
[2022-08-14 05:06:15,078] {logging_mixin.py:115} INFO - [2022-08-14 05:06:15,078] {dag.py:2919} INFO - Setting next_dagrun for example_time_delta_sensor_async to None, run_after=None
[2022-08-14 05:06:15,110] {processor.py:161} INFO - Processing /home/airflow/.local/lib/python3.7/site-packages/airflow/example_dags/example_time_delta_sensor_async.py took 0.273 seconds
[2022-08-14 05:15:34,280] {processor.py:153} INFO - Started process (PID=9889) to work on /home/airflow/.local/lib/python3.7/site-packages/airflow/example_dags/example_time_delta_sensor_async.py
[2022-08-14 05:15:34,282] {processor.py:641} INFO - Processing file /home/airflow/.local/lib/python3.7/site-packages/airflow/example_dags/example_time_delta_sensor_async.py for tasks to queue
[2022-08-14 05:15:34,283] {logging_mixin.py:115} INFO - [2022-08-14 05:15:34,283] {dagbag.py:507} INFO - Filling up the DagBag from /home/airflow/.local/lib/python3.7/site-packages/airflow/example_dags/example_time_delta_sensor_async.py
[2022-08-14 05:15:34,290] {processor.py:651} INFO - DAG(s) dict_keys(['example_time_delta_sensor_async']) retrieved from /home/airflow/.local/lib/python3.7/site-packages/airflow/example_dags/example_time_delta_sensor_async.py
[2022-08-14 05:15:34,390] {logging_mixin.py:115} INFO - [2022-08-14 05:15:34,390] {dag.py:2371} INFO - Sync 1 DAGs
[2022-08-14 05:15:34,428] {logging_mixin.py:115} INFO - [2022-08-14 05:15:34,428] {dag.py:2919} INFO - Setting next_dagrun for example_time_delta_sensor_async to None, run_after=None
[2022-08-14 05:15:34,482] {processor.py:161} INFO - Processing /home/airflow/.local/lib/python3.7/site-packages/airflow/example_dags/example_time_delta_sensor_async.py took 0.206 seconds
[2022-08-14 05:16:05,249] {processor.py:153} INFO - Started process (PID=9942) to work on /home/airflow/.local/lib/python3.7/site-packages/airflow/example_dags/example_time_delta_sensor_async.py
[2022-08-14 05:16:05,251] {processor.py:641} INFO - Processing file /home/airflow/.local/lib/python3.7/site-packages/airflow/example_dags/example_time_delta_sensor_async.py for tasks to queue
[2022-08-14 05:16:05,254] {logging_mixin.py:115} INFO - [2022-08-14 05:16:05,254] {dagbag.py:507} INFO - Filling up the DagBag from /home/airflow/.local/lib/python3.7/site-packages/airflow/example_dags/example_time_delta_sensor_async.py
[2022-08-14 05:16:05,268] {processor.py:651} INFO - DAG(s) dict_keys(['example_time_delta_sensor_async']) retrieved from /home/airflow/.local/lib/python3.7/site-packages/airflow/example_dags/example_time_delta_sensor_async.py
[2022-08-14 05:16:05,373] {logging_mixin.py:115} INFO - [2022-08-14 05:16:05,373] {dag.py:2371} INFO - Sync 1 DAGs
[2022-08-14 05:16:05,417] {logging_mixin.py:115} INFO - [2022-08-14 05:16:05,417] {dag.py:2919} INFO - Setting next_dagrun for example_time_delta_sensor_async to None, run_after=None
[2022-08-14 05:16:05,445] {processor.py:161} INFO - Processing /home/airflow/.local/lib/python3.7/site-packages/airflow/example_dags/example_time_delta_sensor_async.py took 0.205 seconds
[2022-08-14 05:21:10,224] {processor.py:153} INFO - Started process (PID=9994) to work on /home/airflow/.local/lib/python3.7/site-packages/airflow/example_dags/example_time_delta_sensor_async.py
[2022-08-14 05:21:10,225] {processor.py:641} INFO - Processing file /home/airflow/.local/lib/python3.7/site-packages/airflow/example_dags/example_time_delta_sensor_async.py for tasks to queue
[2022-08-14 05:21:10,227] {logging_mixin.py:115} INFO - [2022-08-14 05:21:10,227] {dagbag.py:507} INFO - Filling up the DagBag from /home/airflow/.local/lib/python3.7/site-packages/airflow/example_dags/example_time_delta_sensor_async.py
[2022-08-14 05:21:10,233] {processor.py:651} INFO - DAG(s) dict_keys(['example_time_delta_sensor_async']) retrieved from /home/airflow/.local/lib/python3.7/site-packages/airflow/example_dags/example_time_delta_sensor_async.py
[2022-08-14 05:21:10,293] {logging_mixin.py:115} INFO - [2022-08-14 05:21:10,292] {dag.py:2371} INFO - Sync 1 DAGs
[2022-08-14 05:21:10,321] {logging_mixin.py:115} INFO - [2022-08-14 05:21:10,320] {dag.py:2919} INFO - Setting next_dagrun for example_time_delta_sensor_async to None, run_after=None
[2022-08-14 05:21:10,334] {processor.py:161} INFO - Processing /home/airflow/.local/lib/python3.7/site-packages/airflow/example_dags/example_time_delta_sensor_async.py took 0.124 seconds
[2022-08-14 05:21:41,935] {processor.py:153} INFO - Started process (PID=10047) to work on /home/airflow/.local/lib/python3.7/site-packages/airflow/example_dags/example_time_delta_sensor_async.py
[2022-08-14 05:21:41,939] {processor.py:641} INFO - Processing file /home/airflow/.local/lib/python3.7/site-packages/airflow/example_dags/example_time_delta_sensor_async.py for tasks to queue
[2022-08-14 05:21:41,942] {logging_mixin.py:115} INFO - [2022-08-14 05:21:41,942] {dagbag.py:507} INFO - Filling up the DagBag from /home/airflow/.local/lib/python3.7/site-packages/airflow/example_dags/example_time_delta_sensor_async.py
[2022-08-14 05:21:41,969] {processor.py:651} INFO - DAG(s) dict_keys(['example_time_delta_sensor_async']) retrieved from /home/airflow/.local/lib/python3.7/site-packages/airflow/example_dags/example_time_delta_sensor_async.py
[2022-08-14 05:21:42,163] {logging_mixin.py:115} INFO - [2022-08-14 05:21:42,163] {dag.py:2371} INFO - Sync 1 DAGs
[2022-08-14 05:21:42,249] {logging_mixin.py:115} INFO - [2022-08-14 05:21:42,249] {dag.py:2919} INFO - Setting next_dagrun for example_time_delta_sensor_async to None, run_after=None
[2022-08-14 05:21:42,298] {processor.py:161} INFO - Processing /home/airflow/.local/lib/python3.7/site-packages/airflow/example_dags/example_time_delta_sensor_async.py took 0.380 seconds
[2022-08-14 05:24:11,811] {processor.py:153} INFO - Started process (PID=10099) to work on /home/airflow/.local/lib/python3.7/site-packages/airflow/example_dags/example_time_delta_sensor_async.py
[2022-08-14 05:24:11,813] {processor.py:641} INFO - Processing file /home/airflow/.local/lib/python3.7/site-packages/airflow/example_dags/example_time_delta_sensor_async.py for tasks to queue
[2022-08-14 05:24:11,816] {logging_mixin.py:115} INFO - [2022-08-14 05:24:11,816] {dagbag.py:507} INFO - Filling up the DagBag from /home/airflow/.local/lib/python3.7/site-packages/airflow/example_dags/example_time_delta_sensor_async.py
[2022-08-14 05:24:11,830] {processor.py:651} INFO - DAG(s) dict_keys(['example_time_delta_sensor_async']) retrieved from /home/airflow/.local/lib/python3.7/site-packages/airflow/example_dags/example_time_delta_sensor_async.py
[2022-08-14 05:24:11,910] {logging_mixin.py:115} INFO - [2022-08-14 05:24:11,910] {dag.py:2371} INFO - Sync 1 DAGs
[2022-08-14 05:24:11,945] {logging_mixin.py:115} INFO - [2022-08-14 05:24:11,945] {dag.py:2919} INFO - Setting next_dagrun for example_time_delta_sensor_async to None, run_after=None
[2022-08-14 05:24:11,960] {processor.py:161} INFO - Processing /home/airflow/.local/lib/python3.7/site-packages/airflow/example_dags/example_time_delta_sensor_async.py took 0.156 seconds
[2022-08-14 05:29:26,689] {processor.py:153} INFO - Started process (PID=10142) to work on /home/airflow/.local/lib/python3.7/site-packages/airflow/example_dags/example_time_delta_sensor_async.py
[2022-08-14 05:29:26,690] {processor.py:641} INFO - Processing file /home/airflow/.local/lib/python3.7/site-packages/airflow/example_dags/example_time_delta_sensor_async.py for tasks to queue
[2022-08-14 05:29:26,692] {logging_mixin.py:115} INFO - [2022-08-14 05:29:26,692] {dagbag.py:507} INFO - Filling up the DagBag from /home/airflow/.local/lib/python3.7/site-packages/airflow/example_dags/example_time_delta_sensor_async.py
[2022-08-14 05:29:26,702] {processor.py:651} INFO - DAG(s) dict_keys(['example_time_delta_sensor_async']) retrieved from /home/airflow/.local/lib/python3.7/site-packages/airflow/example_dags/example_time_delta_sensor_async.py
[2022-08-14 05:29:26,770] {logging_mixin.py:115} INFO - [2022-08-14 05:29:26,770] {dag.py:2371} INFO - Sync 1 DAGs
[2022-08-14 05:29:26,793] {logging_mixin.py:115} INFO - [2022-08-14 05:29:26,793] {dag.py:2919} INFO - Setting next_dagrun for example_time_delta_sensor_async to None, run_after=None
[2022-08-14 05:29:26,813] {processor.py:161} INFO - Processing /home/airflow/.local/lib/python3.7/site-packages/airflow/example_dags/example_time_delta_sensor_async.py took 0.128 seconds
[2022-08-14 06:46:22,820] {processor.py:153} INFO - Started process (PID=10204) to work on /home/airflow/.local/lib/python3.7/site-packages/airflow/example_dags/example_time_delta_sensor_async.py
[2022-08-14 06:46:22,838] {processor.py:641} INFO - Processing file /home/airflow/.local/lib/python3.7/site-packages/airflow/example_dags/example_time_delta_sensor_async.py for tasks to queue
[2022-08-14 06:46:22,840] {logging_mixin.py:115} INFO - [2022-08-14 06:46:22,839] {dagbag.py:507} INFO - Filling up the DagBag from /home/airflow/.local/lib/python3.7/site-packages/airflow/example_dags/example_time_delta_sensor_async.py
[2022-08-14 06:46:22,853] {processor.py:651} INFO - DAG(s) dict_keys(['example_time_delta_sensor_async']) retrieved from /home/airflow/.local/lib/python3.7/site-packages/airflow/example_dags/example_time_delta_sensor_async.py
[2022-08-14 06:46:22,956] {logging_mixin.py:115} INFO - [2022-08-14 06:46:22,956] {dag.py:2371} INFO - Sync 1 DAGs
[2022-08-14 06:46:22,986] {logging_mixin.py:115} INFO - [2022-08-14 06:46:22,986] {dag.py:2919} INFO - Setting next_dagrun for example_time_delta_sensor_async to None, run_after=None
[2022-08-14 06:46:23,019] {processor.py:161} INFO - Processing /home/airflow/.local/lib/python3.7/site-packages/airflow/example_dags/example_time_delta_sensor_async.py took 0.206 seconds
[2022-08-14 08:00:38,395] {processor.py:153} INFO - Started process (PID=10255) to work on /home/airflow/.local/lib/python3.7/site-packages/airflow/example_dags/example_time_delta_sensor_async.py
[2022-08-14 08:00:38,400] {processor.py:641} INFO - Processing file /home/airflow/.local/lib/python3.7/site-packages/airflow/example_dags/example_time_delta_sensor_async.py for tasks to queue
[2022-08-14 08:00:38,403] {logging_mixin.py:115} INFO - [2022-08-14 08:00:38,403] {dagbag.py:507} INFO - Filling up the DagBag from /home/airflow/.local/lib/python3.7/site-packages/airflow/example_dags/example_time_delta_sensor_async.py
[2022-08-14 08:00:38,421] {processor.py:651} INFO - DAG(s) dict_keys(['example_time_delta_sensor_async']) retrieved from /home/airflow/.local/lib/python3.7/site-packages/airflow/example_dags/example_time_delta_sensor_async.py
[2022-08-14 08:00:38,515] {logging_mixin.py:115} INFO - [2022-08-14 08:00:38,514] {dag.py:2371} INFO - Sync 1 DAGs
[2022-08-14 08:00:38,564] {logging_mixin.py:115} INFO - [2022-08-14 08:00:38,564] {dag.py:2919} INFO - Setting next_dagrun for example_time_delta_sensor_async to None, run_after=None
[2022-08-14 08:00:38,640] {processor.py:161} INFO - Processing /home/airflow/.local/lib/python3.7/site-packages/airflow/example_dags/example_time_delta_sensor_async.py took 0.252 seconds
[2022-08-14 08:01:08,826] {processor.py:153} INFO - Started process (PID=10317) to work on /home/airflow/.local/lib/python3.7/site-packages/airflow/example_dags/example_time_delta_sensor_async.py
[2022-08-14 08:01:08,827] {processor.py:641} INFO - Processing file /home/airflow/.local/lib/python3.7/site-packages/airflow/example_dags/example_time_delta_sensor_async.py for tasks to queue
[2022-08-14 08:01:08,829] {logging_mixin.py:115} INFO - [2022-08-14 08:01:08,829] {dagbag.py:507} INFO - Filling up the DagBag from /home/airflow/.local/lib/python3.7/site-packages/airflow/example_dags/example_time_delta_sensor_async.py
[2022-08-14 08:01:08,836] {processor.py:651} INFO - DAG(s) dict_keys(['example_time_delta_sensor_async']) retrieved from /home/airflow/.local/lib/python3.7/site-packages/airflow/example_dags/example_time_delta_sensor_async.py
[2022-08-14 08:01:08,880] {logging_mixin.py:115} INFO - [2022-08-14 08:01:08,880] {dag.py:2371} INFO - Sync 1 DAGs
[2022-08-14 08:01:08,900] {logging_mixin.py:115} INFO - [2022-08-14 08:01:08,900] {dag.py:2919} INFO - Setting next_dagrun for example_time_delta_sensor_async to None, run_after=None
[2022-08-14 08:01:08,913] {processor.py:161} INFO - Processing /home/airflow/.local/lib/python3.7/site-packages/airflow/example_dags/example_time_delta_sensor_async.py took 0.092 seconds
[2022-08-14 08:06:24,024] {processor.py:153} INFO - Started process (PID=10369) to work on /home/airflow/.local/lib/python3.7/site-packages/airflow/example_dags/example_time_delta_sensor_async.py
[2022-08-14 08:06:24,027] {processor.py:641} INFO - Processing file /home/airflow/.local/lib/python3.7/site-packages/airflow/example_dags/example_time_delta_sensor_async.py for tasks to queue
[2022-08-14 08:06:24,029] {logging_mixin.py:115} INFO - [2022-08-14 08:06:24,029] {dagbag.py:507} INFO - Filling up the DagBag from /home/airflow/.local/lib/python3.7/site-packages/airflow/example_dags/example_time_delta_sensor_async.py
[2022-08-14 08:06:24,048] {processor.py:651} INFO - DAG(s) dict_keys(['example_time_delta_sensor_async']) retrieved from /home/airflow/.local/lib/python3.7/site-packages/airflow/example_dags/example_time_delta_sensor_async.py
[2022-08-14 08:06:24,157] {logging_mixin.py:115} INFO - [2022-08-14 08:06:24,156] {dag.py:2371} INFO - Sync 1 DAGs
[2022-08-14 08:06:24,178] {logging_mixin.py:115} INFO - [2022-08-14 08:06:24,178] {dag.py:2919} INFO - Setting next_dagrun for example_time_delta_sensor_async to None, run_after=None
[2022-08-14 08:06:24,196] {processor.py:161} INFO - Processing /home/airflow/.local/lib/python3.7/site-packages/airflow/example_dags/example_time_delta_sensor_async.py took 0.181 seconds
[2022-08-14 08:37:47,665] {processor.py:153} INFO - Started process (PID=10430) to work on /home/airflow/.local/lib/python3.7/site-packages/airflow/example_dags/example_time_delta_sensor_async.py
[2022-08-14 08:37:47,669] {processor.py:641} INFO - Processing file /home/airflow/.local/lib/python3.7/site-packages/airflow/example_dags/example_time_delta_sensor_async.py for tasks to queue
[2022-08-14 08:37:47,673] {logging_mixin.py:115} INFO - [2022-08-14 08:37:47,673] {dagbag.py:507} INFO - Filling up the DagBag from /home/airflow/.local/lib/python3.7/site-packages/airflow/example_dags/example_time_delta_sensor_async.py
[2022-08-14 08:37:47,708] {processor.py:651} INFO - DAG(s) dict_keys(['example_time_delta_sensor_async']) retrieved from /home/airflow/.local/lib/python3.7/site-packages/airflow/example_dags/example_time_delta_sensor_async.py
[2022-08-14 08:37:47,821] {logging_mixin.py:115} INFO - [2022-08-14 08:37:47,821] {dag.py:2371} INFO - Sync 1 DAGs
[2022-08-14 08:37:47,864] {logging_mixin.py:115} INFO - [2022-08-14 08:37:47,864] {dag.py:2919} INFO - Setting next_dagrun for example_time_delta_sensor_async to None, run_after=None
[2022-08-14 08:37:47,891] {processor.py:161} INFO - Processing /home/airflow/.local/lib/python3.7/site-packages/airflow/example_dags/example_time_delta_sensor_async.py took 0.232 seconds
[2022-08-14 08:38:18,622] {processor.py:153} INFO - Started process (PID=10482) to work on /home/airflow/.local/lib/python3.7/site-packages/airflow/example_dags/example_time_delta_sensor_async.py
[2022-08-14 08:38:18,623] {processor.py:641} INFO - Processing file /home/airflow/.local/lib/python3.7/site-packages/airflow/example_dags/example_time_delta_sensor_async.py for tasks to queue
[2022-08-14 08:38:18,624] {logging_mixin.py:115} INFO - [2022-08-14 08:38:18,624] {dagbag.py:507} INFO - Filling up the DagBag from /home/airflow/.local/lib/python3.7/site-packages/airflow/example_dags/example_time_delta_sensor_async.py
[2022-08-14 08:38:18,632] {processor.py:651} INFO - DAG(s) dict_keys(['example_time_delta_sensor_async']) retrieved from /home/airflow/.local/lib/python3.7/site-packages/airflow/example_dags/example_time_delta_sensor_async.py
[2022-08-14 08:38:18,686] {logging_mixin.py:115} INFO - [2022-08-14 08:38:18,686] {dag.py:2371} INFO - Sync 1 DAGs
[2022-08-14 08:38:18,706] {logging_mixin.py:115} INFO - [2022-08-14 08:38:18,706] {dag.py:2919} INFO - Setting next_dagrun for example_time_delta_sensor_async to None, run_after=None
[2022-08-14 08:38:18,720] {processor.py:161} INFO - Processing /home/airflow/.local/lib/python3.7/site-packages/airflow/example_dags/example_time_delta_sensor_async.py took 0.102 seconds
[2022-08-14 10:38:16,017] {processor.py:153} INFO - Started process (PID=10535) to work on /home/airflow/.local/lib/python3.7/site-packages/airflow/example_dags/example_time_delta_sensor_async.py
[2022-08-14 10:38:16,019] {processor.py:641} INFO - Processing file /home/airflow/.local/lib/python3.7/site-packages/airflow/example_dags/example_time_delta_sensor_async.py for tasks to queue
[2022-08-14 10:38:16,021] {logging_mixin.py:115} INFO - [2022-08-14 10:38:16,021] {dagbag.py:507} INFO - Filling up the DagBag from /home/airflow/.local/lib/python3.7/site-packages/airflow/example_dags/example_time_delta_sensor_async.py
[2022-08-14 10:38:16,033] {processor.py:651} INFO - DAG(s) dict_keys(['example_time_delta_sensor_async']) retrieved from /home/airflow/.local/lib/python3.7/site-packages/airflow/example_dags/example_time_delta_sensor_async.py
[2022-08-14 10:38:16,133] {logging_mixin.py:115} INFO - [2022-08-14 10:38:16,133] {dag.py:2371} INFO - Sync 1 DAGs
[2022-08-14 10:38:16,161] {logging_mixin.py:115} INFO - [2022-08-14 10:38:16,161] {dag.py:2919} INFO - Setting next_dagrun for example_time_delta_sensor_async to None, run_after=None
[2022-08-14 10:38:16,206] {processor.py:161} INFO - Processing /home/airflow/.local/lib/python3.7/site-packages/airflow/example_dags/example_time_delta_sensor_async.py took 0.196 seconds
[2022-08-14 12:39:14,211] {processor.py:153} INFO - Started process (PID=10596) to work on /home/airflow/.local/lib/python3.7/site-packages/airflow/example_dags/example_time_delta_sensor_async.py
[2022-08-14 12:39:14,212] {processor.py:641} INFO - Processing file /home/airflow/.local/lib/python3.7/site-packages/airflow/example_dags/example_time_delta_sensor_async.py for tasks to queue
[2022-08-14 12:39:14,213] {logging_mixin.py:115} INFO - [2022-08-14 12:39:14,213] {dagbag.py:507} INFO - Filling up the DagBag from /home/airflow/.local/lib/python3.7/site-packages/airflow/example_dags/example_time_delta_sensor_async.py
[2022-08-14 12:39:14,226] {processor.py:651} INFO - DAG(s) dict_keys(['example_time_delta_sensor_async']) retrieved from /home/airflow/.local/lib/python3.7/site-packages/airflow/example_dags/example_time_delta_sensor_async.py
[2022-08-14 12:39:14,365] {logging_mixin.py:115} INFO - [2022-08-14 12:39:14,365] {dag.py:2371} INFO - Sync 1 DAGs
[2022-08-14 12:39:14,414] {logging_mixin.py:115} INFO - [2022-08-14 12:39:14,414] {dag.py:2919} INFO - Setting next_dagrun for example_time_delta_sensor_async to None, run_after=None
[2022-08-14 12:39:14,437] {processor.py:161} INFO - Processing /home/airflow/.local/lib/python3.7/site-packages/airflow/example_dags/example_time_delta_sensor_async.py took 0.231 seconds
[2022-08-14 12:58:00,994] {processor.py:153} INFO - Started process (PID=10649) to work on /home/airflow/.local/lib/python3.7/site-packages/airflow/example_dags/example_time_delta_sensor_async.py
[2022-08-14 12:58:00,996] {processor.py:641} INFO - Processing file /home/airflow/.local/lib/python3.7/site-packages/airflow/example_dags/example_time_delta_sensor_async.py for tasks to queue
[2022-08-14 12:58:00,998] {logging_mixin.py:115} INFO - [2022-08-14 12:58:00,998] {dagbag.py:507} INFO - Filling up the DagBag from /home/airflow/.local/lib/python3.7/site-packages/airflow/example_dags/example_time_delta_sensor_async.py
[2022-08-14 12:58:01,013] {processor.py:651} INFO - DAG(s) dict_keys(['example_time_delta_sensor_async']) retrieved from /home/airflow/.local/lib/python3.7/site-packages/airflow/example_dags/example_time_delta_sensor_async.py
[2022-08-14 12:58:01,133] {logging_mixin.py:115} INFO - [2022-08-14 12:58:01,132] {dag.py:2371} INFO - Sync 1 DAGs
[2022-08-14 12:58:01,172] {logging_mixin.py:115} INFO - [2022-08-14 12:58:01,172] {dag.py:2919} INFO - Setting next_dagrun for example_time_delta_sensor_async to None, run_after=None
[2022-08-14 12:58:01,216] {processor.py:161} INFO - Processing /home/airflow/.local/lib/python3.7/site-packages/airflow/example_dags/example_time_delta_sensor_async.py took 0.227 seconds
[2022-08-14 12:59:22,249] {processor.py:153} INFO - Started process (PID=10710) to work on /home/airflow/.local/lib/python3.7/site-packages/airflow/example_dags/example_time_delta_sensor_async.py
[2022-08-14 12:59:22,250] {processor.py:641} INFO - Processing file /home/airflow/.local/lib/python3.7/site-packages/airflow/example_dags/example_time_delta_sensor_async.py for tasks to queue
[2022-08-14 12:59:22,252] {logging_mixin.py:115} INFO - [2022-08-14 12:59:22,252] {dagbag.py:507} INFO - Filling up the DagBag from /home/airflow/.local/lib/python3.7/site-packages/airflow/example_dags/example_time_delta_sensor_async.py
[2022-08-14 12:59:22,261] {processor.py:651} INFO - DAG(s) dict_keys(['example_time_delta_sensor_async']) retrieved from /home/airflow/.local/lib/python3.7/site-packages/airflow/example_dags/example_time_delta_sensor_async.py
[2022-08-14 12:59:22,340] {logging_mixin.py:115} INFO - [2022-08-14 12:59:22,340] {dag.py:2371} INFO - Sync 1 DAGs
[2022-08-14 12:59:22,366] {logging_mixin.py:115} INFO - [2022-08-14 12:59:22,366] {dag.py:2919} INFO - Setting next_dagrun for example_time_delta_sensor_async to None, run_after=None
[2022-08-14 12:59:22,384] {processor.py:161} INFO - Processing /home/airflow/.local/lib/python3.7/site-packages/airflow/example_dags/example_time_delta_sensor_async.py took 0.140 seconds
[2022-08-14 12:59:52,969] {processor.py:153} INFO - Started process (PID=10762) to work on /home/airflow/.local/lib/python3.7/site-packages/airflow/example_dags/example_time_delta_sensor_async.py
[2022-08-14 12:59:52,970] {processor.py:641} INFO - Processing file /home/airflow/.local/lib/python3.7/site-packages/airflow/example_dags/example_time_delta_sensor_async.py for tasks to queue
[2022-08-14 12:59:52,971] {logging_mixin.py:115} INFO - [2022-08-14 12:59:52,971] {dagbag.py:507} INFO - Filling up the DagBag from /home/airflow/.local/lib/python3.7/site-packages/airflow/example_dags/example_time_delta_sensor_async.py
[2022-08-14 12:59:52,977] {processor.py:651} INFO - DAG(s) dict_keys(['example_time_delta_sensor_async']) retrieved from /home/airflow/.local/lib/python3.7/site-packages/airflow/example_dags/example_time_delta_sensor_async.py
[2022-08-14 12:59:53,026] {logging_mixin.py:115} INFO - [2022-08-14 12:59:53,026] {dag.py:2371} INFO - Sync 1 DAGs
[2022-08-14 12:59:53,047] {logging_mixin.py:115} INFO - [2022-08-14 12:59:53,047] {dag.py:2919} INFO - Setting next_dagrun for example_time_delta_sensor_async to None, run_after=None
[2022-08-14 12:59:53,060] {processor.py:161} INFO - Processing /home/airflow/.local/lib/python3.7/site-packages/airflow/example_dags/example_time_delta_sensor_async.py took 0.096 seconds
[2022-08-14 13:15:49,942] {processor.py:153} INFO - Started process (PID=10824) to work on /home/airflow/.local/lib/python3.7/site-packages/airflow/example_dags/example_time_delta_sensor_async.py
[2022-08-14 13:15:49,943] {processor.py:641} INFO - Processing file /home/airflow/.local/lib/python3.7/site-packages/airflow/example_dags/example_time_delta_sensor_async.py for tasks to queue
[2022-08-14 13:15:49,945] {logging_mixin.py:115} INFO - [2022-08-14 13:15:49,945] {dagbag.py:507} INFO - Filling up the DagBag from /home/airflow/.local/lib/python3.7/site-packages/airflow/example_dags/example_time_delta_sensor_async.py
[2022-08-14 13:15:49,954] {processor.py:651} INFO - DAG(s) dict_keys(['example_time_delta_sensor_async']) retrieved from /home/airflow/.local/lib/python3.7/site-packages/airflow/example_dags/example_time_delta_sensor_async.py
[2022-08-14 13:15:50,082] {logging_mixin.py:115} INFO - [2022-08-14 13:15:50,082] {dag.py:2371} INFO - Sync 1 DAGs
[2022-08-14 13:15:50,123] {logging_mixin.py:115} INFO - [2022-08-14 13:15:50,123] {dag.py:2919} INFO - Setting next_dagrun for example_time_delta_sensor_async to None, run_after=None
[2022-08-14 13:15:50,143] {processor.py:161} INFO - Processing /home/airflow/.local/lib/python3.7/site-packages/airflow/example_dags/example_time_delta_sensor_async.py took 0.211 seconds
[2022-08-14 13:16:45,489] {processor.py:153} INFO - Started process (PID=10876) to work on /home/airflow/.local/lib/python3.7/site-packages/airflow/example_dags/example_time_delta_sensor_async.py
[2022-08-14 13:16:45,492] {processor.py:641} INFO - Processing file /home/airflow/.local/lib/python3.7/site-packages/airflow/example_dags/example_time_delta_sensor_async.py for tasks to queue
[2022-08-14 13:16:45,493] {logging_mixin.py:115} INFO - [2022-08-14 13:16:45,493] {dagbag.py:507} INFO - Filling up the DagBag from /home/airflow/.local/lib/python3.7/site-packages/airflow/example_dags/example_time_delta_sensor_async.py
[2022-08-14 13:16:45,501] {processor.py:651} INFO - DAG(s) dict_keys(['example_time_delta_sensor_async']) retrieved from /home/airflow/.local/lib/python3.7/site-packages/airflow/example_dags/example_time_delta_sensor_async.py
[2022-08-14 13:16:45,568] {logging_mixin.py:115} INFO - [2022-08-14 13:16:45,567] {dag.py:2371} INFO - Sync 1 DAGs
[2022-08-14 13:16:45,590] {logging_mixin.py:115} INFO - [2022-08-14 13:16:45,590] {dag.py:2919} INFO - Setting next_dagrun for example_time_delta_sensor_async to None, run_after=None
[2022-08-14 13:16:45,603] {processor.py:161} INFO - Processing /home/airflow/.local/lib/python3.7/site-packages/airflow/example_dags/example_time_delta_sensor_async.py took 0.119 seconds
[2022-08-14 16:37:22,535] {processor.py:153} INFO - Started process (PID=10929) to work on /home/airflow/.local/lib/python3.7/site-packages/airflow/example_dags/example_time_delta_sensor_async.py
[2022-08-14 16:37:22,538] {processor.py:641} INFO - Processing file /home/airflow/.local/lib/python3.7/site-packages/airflow/example_dags/example_time_delta_sensor_async.py for tasks to queue
[2022-08-14 16:37:22,539] {logging_mixin.py:115} INFO - [2022-08-14 16:37:22,539] {dagbag.py:507} INFO - Filling up the DagBag from /home/airflow/.local/lib/python3.7/site-packages/airflow/example_dags/example_time_delta_sensor_async.py
[2022-08-14 16:37:22,549] {processor.py:651} INFO - DAG(s) dict_keys(['example_time_delta_sensor_async']) retrieved from /home/airflow/.local/lib/python3.7/site-packages/airflow/example_dags/example_time_delta_sensor_async.py
[2022-08-14 16:37:22,660] {logging_mixin.py:115} INFO - [2022-08-14 16:37:22,659] {dag.py:2371} INFO - Sync 1 DAGs
[2022-08-14 16:37:22,688] {logging_mixin.py:115} INFO - [2022-08-14 16:37:22,688] {dag.py:2919} INFO - Setting next_dagrun for example_time_delta_sensor_async to None, run_after=None
[2022-08-14 16:37:22,709] {processor.py:161} INFO - Processing /home/airflow/.local/lib/python3.7/site-packages/airflow/example_dags/example_time_delta_sensor_async.py took 0.179 seconds
