[2022-08-14 02:33:48,685] {processor.py:153} INFO - Started process (PID=8450) to work on /home/airflow/.local/lib/python3.7/site-packages/airflow/example_dags/tutorial.py
[2022-08-14 02:33:48,686] {processor.py:641} INFO - Processing file /home/airflow/.local/lib/python3.7/site-packages/airflow/example_dags/tutorial.py for tasks to queue
[2022-08-14 02:33:48,688] {logging_mixin.py:115} INFO - [2022-08-14 02:33:48,688] {dagbag.py:507} INFO - Filling up the DagBag from /home/airflow/.local/lib/python3.7/site-packages/airflow/example_dags/tutorial.py
[2022-08-14 02:33:48,696] {processor.py:651} INFO - DAG(s) dict_keys(['tutorial']) retrieved from /home/airflow/.local/lib/python3.7/site-packages/airflow/example_dags/tutorial.py
[2022-08-14 02:33:48,750] {logging_mixin.py:115} INFO - [2022-08-14 02:33:48,750] {dag.py:2371} INFO - Sync 1 DAGs
[2022-08-14 02:33:48,796] {logging_mixin.py:115} INFO - [2022-08-14 02:33:48,796] {dag.py:2919} INFO - Setting next_dagrun for tutorial to 2022-08-13T02:33:48.795491+00:00, run_after=2022-08-14T02:33:48.795491+00:00
[2022-08-14 02:33:48,817] {processor.py:161} INFO - Processing /home/airflow/.local/lib/python3.7/site-packages/airflow/example_dags/tutorial.py took 0.136 seconds
[2022-08-14 03:53:56,110] {processor.py:153} INFO - Started process (PID=8494) to work on /home/airflow/.local/lib/python3.7/site-packages/airflow/example_dags/tutorial.py
[2022-08-14 03:53:56,120] {processor.py:641} INFO - Processing file /home/airflow/.local/lib/python3.7/site-packages/airflow/example_dags/tutorial.py for tasks to queue
[2022-08-14 03:53:56,127] {logging_mixin.py:115} INFO - [2022-08-14 03:53:56,126] {dagbag.py:507} INFO - Filling up the DagBag from /home/airflow/.local/lib/python3.7/site-packages/airflow/example_dags/tutorial.py
[2022-08-14 03:53:56,230] {processor.py:651} INFO - DAG(s) dict_keys(['tutorial']) retrieved from /home/airflow/.local/lib/python3.7/site-packages/airflow/example_dags/tutorial.py
[2022-08-14 03:53:56,631] {logging_mixin.py:115} INFO - [2022-08-14 03:53:56,630] {dag.py:2371} INFO - Sync 1 DAGs
[2022-08-14 03:53:56,987] {logging_mixin.py:115} INFO - [2022-08-14 03:53:56,986] {dag.py:2919} INFO - Setting next_dagrun for tutorial to 2022-08-13T03:53:56.979064+00:00, run_after=2022-08-14T03:53:56.979064+00:00
[2022-08-14 03:53:57,160] {processor.py:161} INFO - Processing /home/airflow/.local/lib/python3.7/site-packages/airflow/example_dags/tutorial.py took 1.077 seconds
[2022-08-14 03:59:07,003] {processor.py:153} INFO - Started process (PID=8551) to work on /home/airflow/.local/lib/python3.7/site-packages/airflow/example_dags/tutorial.py
[2022-08-14 03:59:07,005] {processor.py:641} INFO - Processing file /home/airflow/.local/lib/python3.7/site-packages/airflow/example_dags/tutorial.py for tasks to queue
[2022-08-14 03:59:07,008] {logging_mixin.py:115} INFO - [2022-08-14 03:59:07,008] {dagbag.py:507} INFO - Filling up the DagBag from /home/airflow/.local/lib/python3.7/site-packages/airflow/example_dags/tutorial.py
[2022-08-14 03:59:07,022] {processor.py:651} INFO - DAG(s) dict_keys(['tutorial']) retrieved from /home/airflow/.local/lib/python3.7/site-packages/airflow/example_dags/tutorial.py
[2022-08-14 03:59:07,092] {logging_mixin.py:115} INFO - [2022-08-14 03:59:07,092] {dag.py:2371} INFO - Sync 1 DAGs
[2022-08-14 03:59:07,157] {logging_mixin.py:115} INFO - [2022-08-14 03:59:07,156] {dag.py:2919} INFO - Setting next_dagrun for tutorial to 2022-08-13T03:59:07.156237+00:00, run_after=2022-08-14T03:59:07.156237+00:00
[2022-08-14 03:59:07,213] {processor.py:161} INFO - Processing /home/airflow/.local/lib/python3.7/site-packages/airflow/example_dags/tutorial.py took 0.226 seconds
[2022-08-14 03:59:39,289] {processor.py:153} INFO - Started process (PID=8603) to work on /home/airflow/.local/lib/python3.7/site-packages/airflow/example_dags/tutorial.py
[2022-08-14 03:59:39,292] {processor.py:641} INFO - Processing file /home/airflow/.local/lib/python3.7/site-packages/airflow/example_dags/tutorial.py for tasks to queue
[2022-08-14 03:59:39,298] {logging_mixin.py:115} INFO - [2022-08-14 03:59:39,298] {dagbag.py:507} INFO - Filling up the DagBag from /home/airflow/.local/lib/python3.7/site-packages/airflow/example_dags/tutorial.py
[2022-08-14 03:59:39,322] {processor.py:651} INFO - DAG(s) dict_keys(['tutorial']) retrieved from /home/airflow/.local/lib/python3.7/site-packages/airflow/example_dags/tutorial.py
[2022-08-14 03:59:39,432] {logging_mixin.py:115} INFO - [2022-08-14 03:59:39,432] {dag.py:2371} INFO - Sync 1 DAGs
[2022-08-14 03:59:39,498] {logging_mixin.py:115} INFO - [2022-08-14 03:59:39,498] {dag.py:2919} INFO - Setting next_dagrun for tutorial to 2022-08-13T03:59:39.497184+00:00, run_after=2022-08-14T03:59:39.497184+00:00
[2022-08-14 03:59:39,534] {processor.py:161} INFO - Processing /home/airflow/.local/lib/python3.7/site-packages/airflow/example_dags/tutorial.py took 0.262 seconds
[2022-08-14 04:04:37,639] {processor.py:153} INFO - Started process (PID=8646) to work on /home/airflow/.local/lib/python3.7/site-packages/airflow/example_dags/tutorial.py
[2022-08-14 04:04:37,640] {processor.py:641} INFO - Processing file /home/airflow/.local/lib/python3.7/site-packages/airflow/example_dags/tutorial.py for tasks to queue
[2022-08-14 04:04:37,641] {logging_mixin.py:115} INFO - [2022-08-14 04:04:37,641] {dagbag.py:507} INFO - Filling up the DagBag from /home/airflow/.local/lib/python3.7/site-packages/airflow/example_dags/tutorial.py
[2022-08-14 04:04:37,648] {processor.py:651} INFO - DAG(s) dict_keys(['tutorial']) retrieved from /home/airflow/.local/lib/python3.7/site-packages/airflow/example_dags/tutorial.py
[2022-08-14 04:04:37,680] {logging_mixin.py:115} INFO - [2022-08-14 04:04:37,680] {dag.py:2371} INFO - Sync 1 DAGs
[2022-08-14 04:04:37,703] {logging_mixin.py:115} INFO - [2022-08-14 04:04:37,703] {dag.py:2919} INFO - Setting next_dagrun for tutorial to 2022-08-13T04:04:37.702850+00:00, run_after=2022-08-14T04:04:37.702850+00:00
[2022-08-14 04:04:37,715] {processor.py:161} INFO - Processing /home/airflow/.local/lib/python3.7/site-packages/airflow/example_dags/tutorial.py took 0.080 seconds
[2022-08-14 04:05:09,739] {processor.py:153} INFO - Started process (PID=8698) to work on /home/airflow/.local/lib/python3.7/site-packages/airflow/example_dags/tutorial.py
[2022-08-14 04:05:09,741] {processor.py:641} INFO - Processing file /home/airflow/.local/lib/python3.7/site-packages/airflow/example_dags/tutorial.py for tasks to queue
[2022-08-14 04:05:09,744] {logging_mixin.py:115} INFO - [2022-08-14 04:05:09,744] {dagbag.py:507} INFO - Filling up the DagBag from /home/airflow/.local/lib/python3.7/site-packages/airflow/example_dags/tutorial.py
[2022-08-14 04:05:09,761] {processor.py:651} INFO - DAG(s) dict_keys(['tutorial']) retrieved from /home/airflow/.local/lib/python3.7/site-packages/airflow/example_dags/tutorial.py
[2022-08-14 04:05:09,839] {logging_mixin.py:115} INFO - [2022-08-14 04:05:09,839] {dag.py:2371} INFO - Sync 1 DAGs
[2022-08-14 04:05:09,888] {logging_mixin.py:115} INFO - [2022-08-14 04:05:09,888] {dag.py:2919} INFO - Setting next_dagrun for tutorial to 2022-08-13T04:05:09.887820+00:00, run_after=2022-08-14T04:05:09.887820+00:00
[2022-08-14 04:05:09,925] {processor.py:161} INFO - Processing /home/airflow/.local/lib/python3.7/site-packages/airflow/example_dags/tutorial.py took 0.195 seconds
[2022-08-14 04:10:11,885] {processor.py:153} INFO - Started process (PID=8749) to work on /home/airflow/.local/lib/python3.7/site-packages/airflow/example_dags/tutorial.py
[2022-08-14 04:10:11,887] {processor.py:641} INFO - Processing file /home/airflow/.local/lib/python3.7/site-packages/airflow/example_dags/tutorial.py for tasks to queue
[2022-08-14 04:10:11,889] {logging_mixin.py:115} INFO - [2022-08-14 04:10:11,889] {dagbag.py:507} INFO - Filling up the DagBag from /home/airflow/.local/lib/python3.7/site-packages/airflow/example_dags/tutorial.py
[2022-08-14 04:10:11,904] {processor.py:651} INFO - DAG(s) dict_keys(['tutorial']) retrieved from /home/airflow/.local/lib/python3.7/site-packages/airflow/example_dags/tutorial.py
[2022-08-14 04:10:11,959] {logging_mixin.py:115} INFO - [2022-08-14 04:10:11,959] {dag.py:2371} INFO - Sync 1 DAGs
[2022-08-14 04:10:11,989] {logging_mixin.py:115} INFO - [2022-08-14 04:10:11,988] {dag.py:2919} INFO - Setting next_dagrun for tutorial to 2022-08-13T04:10:11.988481+00:00, run_after=2022-08-14T04:10:11.988481+00:00
[2022-08-14 04:10:12,006] {processor.py:161} INFO - Processing /home/airflow/.local/lib/python3.7/site-packages/airflow/example_dags/tutorial.py took 0.128 seconds
[2022-08-14 04:10:43,457] {processor.py:153} INFO - Started process (PID=8801) to work on /home/airflow/.local/lib/python3.7/site-packages/airflow/example_dags/tutorial.py
[2022-08-14 04:10:43,460] {processor.py:641} INFO - Processing file /home/airflow/.local/lib/python3.7/site-packages/airflow/example_dags/tutorial.py for tasks to queue
[2022-08-14 04:10:43,463] {logging_mixin.py:115} INFO - [2022-08-14 04:10:43,463] {dagbag.py:507} INFO - Filling up the DagBag from /home/airflow/.local/lib/python3.7/site-packages/airflow/example_dags/tutorial.py
[2022-08-14 04:10:43,479] {processor.py:651} INFO - DAG(s) dict_keys(['tutorial']) retrieved from /home/airflow/.local/lib/python3.7/site-packages/airflow/example_dags/tutorial.py
[2022-08-14 04:10:43,547] {logging_mixin.py:115} INFO - [2022-08-14 04:10:43,547] {dag.py:2371} INFO - Sync 1 DAGs
[2022-08-14 04:10:43,598] {logging_mixin.py:115} INFO - [2022-08-14 04:10:43,598] {dag.py:2919} INFO - Setting next_dagrun for tutorial to 2022-08-13T04:10:43.597902+00:00, run_after=2022-08-14T04:10:43.597902+00:00
[2022-08-14 04:10:43,693] {processor.py:161} INFO - Processing /home/airflow/.local/lib/python3.7/site-packages/airflow/example_dags/tutorial.py took 0.244 seconds
[2022-08-14 04:15:54,953] {processor.py:153} INFO - Started process (PID=8855) to work on /home/airflow/.local/lib/python3.7/site-packages/airflow/example_dags/tutorial.py
[2022-08-14 04:15:54,957] {processor.py:641} INFO - Processing file /home/airflow/.local/lib/python3.7/site-packages/airflow/example_dags/tutorial.py for tasks to queue
[2022-08-14 04:15:54,959] {logging_mixin.py:115} INFO - [2022-08-14 04:15:54,959] {dagbag.py:507} INFO - Filling up the DagBag from /home/airflow/.local/lib/python3.7/site-packages/airflow/example_dags/tutorial.py
[2022-08-14 04:15:54,967] {processor.py:651} INFO - DAG(s) dict_keys(['tutorial']) retrieved from /home/airflow/.local/lib/python3.7/site-packages/airflow/example_dags/tutorial.py
[2022-08-14 04:15:55,134] {logging_mixin.py:115} INFO - [2022-08-14 04:15:55,133] {dag.py:2371} INFO - Sync 1 DAGs
[2022-08-14 04:15:55,258] {logging_mixin.py:115} INFO - [2022-08-14 04:15:55,258] {dag.py:2919} INFO - Setting next_dagrun for tutorial to 2022-08-13T04:15:55.256635+00:00, run_after=2022-08-14T04:15:55.256635+00:00
[2022-08-14 04:15:55,319] {processor.py:161} INFO - Processing /home/airflow/.local/lib/python3.7/site-packages/airflow/example_dags/tutorial.py took 0.377 seconds
[2022-08-14 04:16:26,770] {processor.py:153} INFO - Started process (PID=8907) to work on /home/airflow/.local/lib/python3.7/site-packages/airflow/example_dags/tutorial.py
[2022-08-14 04:16:26,798] {processor.py:641} INFO - Processing file /home/airflow/.local/lib/python3.7/site-packages/airflow/example_dags/tutorial.py for tasks to queue
[2022-08-14 04:16:26,802] {logging_mixin.py:115} INFO - [2022-08-14 04:16:26,801] {dagbag.py:507} INFO - Filling up the DagBag from /home/airflow/.local/lib/python3.7/site-packages/airflow/example_dags/tutorial.py
[2022-08-14 04:16:26,840] {processor.py:651} INFO - DAG(s) dict_keys(['tutorial']) retrieved from /home/airflow/.local/lib/python3.7/site-packages/airflow/example_dags/tutorial.py
[2022-08-14 04:16:26,947] {logging_mixin.py:115} INFO - [2022-08-14 04:16:26,946] {dag.py:2371} INFO - Sync 1 DAGs
[2022-08-14 04:16:27,011] {logging_mixin.py:115} INFO - [2022-08-14 04:16:27,011] {dag.py:2919} INFO - Setting next_dagrun for tutorial to 2022-08-13T04:16:27.010443+00:00, run_after=2022-08-14T04:16:27.010443+00:00
[2022-08-14 04:16:27,087] {processor.py:161} INFO - Processing /home/airflow/.local/lib/python3.7/site-packages/airflow/example_dags/tutorial.py took 0.329 seconds
[2022-08-14 04:21:20,550] {processor.py:153} INFO - Started process (PID=8950) to work on /home/airflow/.local/lib/python3.7/site-packages/airflow/example_dags/tutorial.py
[2022-08-14 04:21:20,551] {processor.py:641} INFO - Processing file /home/airflow/.local/lib/python3.7/site-packages/airflow/example_dags/tutorial.py for tasks to queue
[2022-08-14 04:21:20,554] {logging_mixin.py:115} INFO - [2022-08-14 04:21:20,553] {dagbag.py:507} INFO - Filling up the DagBag from /home/airflow/.local/lib/python3.7/site-packages/airflow/example_dags/tutorial.py
[2022-08-14 04:21:20,573] {processor.py:651} INFO - DAG(s) dict_keys(['tutorial']) retrieved from /home/airflow/.local/lib/python3.7/site-packages/airflow/example_dags/tutorial.py
[2022-08-14 04:21:20,654] {logging_mixin.py:115} INFO - [2022-08-14 04:21:20,654] {dag.py:2371} INFO - Sync 1 DAGs
[2022-08-14 04:21:20,687] {logging_mixin.py:115} INFO - [2022-08-14 04:21:20,687] {dag.py:2919} INFO - Setting next_dagrun for tutorial to 2022-08-13T04:21:20.686711+00:00, run_after=2022-08-14T04:21:20.686711+00:00
[2022-08-14 04:21:20,701] {processor.py:161} INFO - Processing /home/airflow/.local/lib/python3.7/site-packages/airflow/example_dags/tutorial.py took 0.157 seconds
[2022-08-14 04:21:52,070] {processor.py:153} INFO - Started process (PID=9002) to work on /home/airflow/.local/lib/python3.7/site-packages/airflow/example_dags/tutorial.py
[2022-08-14 04:21:52,072] {processor.py:641} INFO - Processing file /home/airflow/.local/lib/python3.7/site-packages/airflow/example_dags/tutorial.py for tasks to queue
[2022-08-14 04:21:52,075] {logging_mixin.py:115} INFO - [2022-08-14 04:21:52,075] {dagbag.py:507} INFO - Filling up the DagBag from /home/airflow/.local/lib/python3.7/site-packages/airflow/example_dags/tutorial.py
[2022-08-14 04:21:52,092] {processor.py:651} INFO - DAG(s) dict_keys(['tutorial']) retrieved from /home/airflow/.local/lib/python3.7/site-packages/airflow/example_dags/tutorial.py
[2022-08-14 04:21:52,167] {logging_mixin.py:115} INFO - [2022-08-14 04:21:52,167] {dag.py:2371} INFO - Sync 1 DAGs
[2022-08-14 04:21:52,226] {logging_mixin.py:115} INFO - [2022-08-14 04:21:52,226] {dag.py:2919} INFO - Setting next_dagrun for tutorial to 2022-08-13T04:21:52.225555+00:00, run_after=2022-08-14T04:21:52.225555+00:00
[2022-08-14 04:21:52,262] {processor.py:161} INFO - Processing /home/airflow/.local/lib/python3.7/site-packages/airflow/example_dags/tutorial.py took 0.201 seconds
[2022-08-14 04:26:53,741] {processor.py:153} INFO - Started process (PID=9055) to work on /home/airflow/.local/lib/python3.7/site-packages/airflow/example_dags/tutorial.py
[2022-08-14 04:26:53,764] {processor.py:641} INFO - Processing file /home/airflow/.local/lib/python3.7/site-packages/airflow/example_dags/tutorial.py for tasks to queue
[2022-08-14 04:26:53,766] {logging_mixin.py:115} INFO - [2022-08-14 04:26:53,766] {dagbag.py:507} INFO - Filling up the DagBag from /home/airflow/.local/lib/python3.7/site-packages/airflow/example_dags/tutorial.py
[2022-08-14 04:26:53,775] {processor.py:651} INFO - DAG(s) dict_keys(['tutorial']) retrieved from /home/airflow/.local/lib/python3.7/site-packages/airflow/example_dags/tutorial.py
[2022-08-14 04:26:53,824] {logging_mixin.py:115} INFO - [2022-08-14 04:26:53,823] {dag.py:2371} INFO - Sync 1 DAGs
[2022-08-14 04:26:53,853] {logging_mixin.py:115} INFO - [2022-08-14 04:26:53,853] {dag.py:2919} INFO - Setting next_dagrun for tutorial to 2022-08-13T04:26:53.852766+00:00, run_after=2022-08-14T04:26:53.852766+00:00
[2022-08-14 04:26:53,868] {processor.py:161} INFO - Processing /home/airflow/.local/lib/python3.7/site-packages/airflow/example_dags/tutorial.py took 0.133 seconds
[2022-08-14 04:27:24,934] {processor.py:153} INFO - Started process (PID=9107) to work on /home/airflow/.local/lib/python3.7/site-packages/airflow/example_dags/tutorial.py
[2022-08-14 04:27:24,942] {processor.py:641} INFO - Processing file /home/airflow/.local/lib/python3.7/site-packages/airflow/example_dags/tutorial.py for tasks to queue
[2022-08-14 04:27:24,964] {logging_mixin.py:115} INFO - [2022-08-14 04:27:24,963] {dagbag.py:507} INFO - Filling up the DagBag from /home/airflow/.local/lib/python3.7/site-packages/airflow/example_dags/tutorial.py
[2022-08-14 04:27:24,985] {processor.py:651} INFO - DAG(s) dict_keys(['tutorial']) retrieved from /home/airflow/.local/lib/python3.7/site-packages/airflow/example_dags/tutorial.py
[2022-08-14 04:27:25,072] {logging_mixin.py:115} INFO - [2022-08-14 04:27:25,072] {dag.py:2371} INFO - Sync 1 DAGs
[2022-08-14 04:27:25,132] {logging_mixin.py:115} INFO - [2022-08-14 04:27:25,131] {dag.py:2919} INFO - Setting next_dagrun for tutorial to 2022-08-13T04:27:25.129974+00:00, run_after=2022-08-14T04:27:25.129974+00:00
[2022-08-14 04:27:25,165] {processor.py:161} INFO - Processing /home/airflow/.local/lib/python3.7/site-packages/airflow/example_dags/tutorial.py took 0.240 seconds
[2022-08-14 04:32:26,644] {processor.py:153} INFO - Started process (PID=9159) to work on /home/airflow/.local/lib/python3.7/site-packages/airflow/example_dags/tutorial.py
[2022-08-14 04:32:26,645] {processor.py:641} INFO - Processing file /home/airflow/.local/lib/python3.7/site-packages/airflow/example_dags/tutorial.py for tasks to queue
[2022-08-14 04:32:26,647] {logging_mixin.py:115} INFO - [2022-08-14 04:32:26,646] {dagbag.py:507} INFO - Filling up the DagBag from /home/airflow/.local/lib/python3.7/site-packages/airflow/example_dags/tutorial.py
[2022-08-14 04:32:26,654] {processor.py:651} INFO - DAG(s) dict_keys(['tutorial']) retrieved from /home/airflow/.local/lib/python3.7/site-packages/airflow/example_dags/tutorial.py
[2022-08-14 04:32:26,689] {logging_mixin.py:115} INFO - [2022-08-14 04:32:26,688] {dag.py:2371} INFO - Sync 1 DAGs
[2022-08-14 04:32:26,710] {logging_mixin.py:115} INFO - [2022-08-14 04:32:26,710] {dag.py:2919} INFO - Setting next_dagrun for tutorial to 2022-08-13T04:32:26.710143+00:00, run_after=2022-08-14T04:32:26.710143+00:00
[2022-08-14 04:32:26,726] {processor.py:161} INFO - Processing /home/airflow/.local/lib/python3.7/site-packages/airflow/example_dags/tutorial.py took 0.085 seconds
[2022-08-14 04:32:57,580] {processor.py:153} INFO - Started process (PID=9211) to work on /home/airflow/.local/lib/python3.7/site-packages/airflow/example_dags/tutorial.py
[2022-08-14 04:32:57,582] {processor.py:641} INFO - Processing file /home/airflow/.local/lib/python3.7/site-packages/airflow/example_dags/tutorial.py for tasks to queue
[2022-08-14 04:32:57,585] {logging_mixin.py:115} INFO - [2022-08-14 04:32:57,585] {dagbag.py:507} INFO - Filling up the DagBag from /home/airflow/.local/lib/python3.7/site-packages/airflow/example_dags/tutorial.py
[2022-08-14 04:32:57,602] {processor.py:651} INFO - DAG(s) dict_keys(['tutorial']) retrieved from /home/airflow/.local/lib/python3.7/site-packages/airflow/example_dags/tutorial.py
[2022-08-14 04:32:57,677] {logging_mixin.py:115} INFO - [2022-08-14 04:32:57,677] {dag.py:2371} INFO - Sync 1 DAGs
[2022-08-14 04:32:57,741] {logging_mixin.py:115} INFO - [2022-08-14 04:32:57,740] {dag.py:2919} INFO - Setting next_dagrun for tutorial to 2022-08-13T04:32:57.740087+00:00, run_after=2022-08-14T04:32:57.740087+00:00
[2022-08-14 04:32:57,776] {processor.py:161} INFO - Processing /home/airflow/.local/lib/python3.7/site-packages/airflow/example_dags/tutorial.py took 0.207 seconds
[2022-08-14 04:38:00,140] {processor.py:153} INFO - Started process (PID=9263) to work on /home/airflow/.local/lib/python3.7/site-packages/airflow/example_dags/tutorial.py
[2022-08-14 04:38:00,141] {processor.py:641} INFO - Processing file /home/airflow/.local/lib/python3.7/site-packages/airflow/example_dags/tutorial.py for tasks to queue
[2022-08-14 04:38:00,143] {logging_mixin.py:115} INFO - [2022-08-14 04:38:00,142] {dagbag.py:507} INFO - Filling up the DagBag from /home/airflow/.local/lib/python3.7/site-packages/airflow/example_dags/tutorial.py
[2022-08-14 04:38:00,150] {processor.py:651} INFO - DAG(s) dict_keys(['tutorial']) retrieved from /home/airflow/.local/lib/python3.7/site-packages/airflow/example_dags/tutorial.py
[2022-08-14 04:38:00,182] {logging_mixin.py:115} INFO - [2022-08-14 04:38:00,182] {dag.py:2371} INFO - Sync 1 DAGs
[2022-08-14 04:38:00,210] {logging_mixin.py:115} INFO - [2022-08-14 04:38:00,210] {dag.py:2919} INFO - Setting next_dagrun for tutorial to 2022-08-13T04:38:00.210287+00:00, run_after=2022-08-14T04:38:00.210287+00:00
[2022-08-14 04:38:00,231] {processor.py:161} INFO - Processing /home/airflow/.local/lib/python3.7/site-packages/airflow/example_dags/tutorial.py took 0.095 seconds
[2022-08-14 04:38:31,598] {processor.py:153} INFO - Started process (PID=9315) to work on /home/airflow/.local/lib/python3.7/site-packages/airflow/example_dags/tutorial.py
[2022-08-14 04:38:31,602] {processor.py:641} INFO - Processing file /home/airflow/.local/lib/python3.7/site-packages/airflow/example_dags/tutorial.py for tasks to queue
[2022-08-14 04:38:31,607] {logging_mixin.py:115} INFO - [2022-08-14 04:38:31,607] {dagbag.py:507} INFO - Filling up the DagBag from /home/airflow/.local/lib/python3.7/site-packages/airflow/example_dags/tutorial.py
[2022-08-14 04:38:31,627] {processor.py:651} INFO - DAG(s) dict_keys(['tutorial']) retrieved from /home/airflow/.local/lib/python3.7/site-packages/airflow/example_dags/tutorial.py
[2022-08-14 04:38:31,702] {logging_mixin.py:115} INFO - [2022-08-14 04:38:31,702] {dag.py:2371} INFO - Sync 1 DAGs
[2022-08-14 04:38:31,755] {logging_mixin.py:115} INFO - [2022-08-14 04:38:31,755] {dag.py:2919} INFO - Setting next_dagrun for tutorial to 2022-08-13T04:38:31.754960+00:00, run_after=2022-08-14T04:38:31.754960+00:00
[2022-08-14 04:38:31,787] {processor.py:161} INFO - Processing /home/airflow/.local/lib/python3.7/site-packages/airflow/example_dags/tutorial.py took 0.202 seconds
[2022-08-14 04:43:33,025] {processor.py:153} INFO - Started process (PID=9367) to work on /home/airflow/.local/lib/python3.7/site-packages/airflow/example_dags/tutorial.py
[2022-08-14 04:43:33,026] {processor.py:641} INFO - Processing file /home/airflow/.local/lib/python3.7/site-packages/airflow/example_dags/tutorial.py for tasks to queue
[2022-08-14 04:43:33,028] {logging_mixin.py:115} INFO - [2022-08-14 04:43:33,028] {dagbag.py:507} INFO - Filling up the DagBag from /home/airflow/.local/lib/python3.7/site-packages/airflow/example_dags/tutorial.py
[2022-08-14 04:43:33,037] {processor.py:651} INFO - DAG(s) dict_keys(['tutorial']) retrieved from /home/airflow/.local/lib/python3.7/site-packages/airflow/example_dags/tutorial.py
[2022-08-14 04:43:33,073] {logging_mixin.py:115} INFO - [2022-08-14 04:43:33,073] {dag.py:2371} INFO - Sync 1 DAGs
[2022-08-14 04:43:33,103] {logging_mixin.py:115} INFO - [2022-08-14 04:43:33,102] {dag.py:2919} INFO - Setting next_dagrun for tutorial to 2022-08-13T04:43:33.102570+00:00, run_after=2022-08-14T04:43:33.102570+00:00
[2022-08-14 04:43:33,122] {processor.py:161} INFO - Processing /home/airflow/.local/lib/python3.7/site-packages/airflow/example_dags/tutorial.py took 0.103 seconds
[2022-08-14 04:44:04,193] {processor.py:153} INFO - Started process (PID=9420) to work on /home/airflow/.local/lib/python3.7/site-packages/airflow/example_dags/tutorial.py
[2022-08-14 04:44:04,196] {processor.py:641} INFO - Processing file /home/airflow/.local/lib/python3.7/site-packages/airflow/example_dags/tutorial.py for tasks to queue
[2022-08-14 04:44:04,199] {logging_mixin.py:115} INFO - [2022-08-14 04:44:04,199] {dagbag.py:507} INFO - Filling up the DagBag from /home/airflow/.local/lib/python3.7/site-packages/airflow/example_dags/tutorial.py
[2022-08-14 04:44:04,217] {processor.py:651} INFO - DAG(s) dict_keys(['tutorial']) retrieved from /home/airflow/.local/lib/python3.7/site-packages/airflow/example_dags/tutorial.py
[2022-08-14 04:44:04,291] {logging_mixin.py:115} INFO - [2022-08-14 04:44:04,290] {dag.py:2371} INFO - Sync 1 DAGs
[2022-08-14 04:44:04,343] {logging_mixin.py:115} INFO - [2022-08-14 04:44:04,343] {dag.py:2919} INFO - Setting next_dagrun for tutorial to 2022-08-13T04:44:04.342835+00:00, run_after=2022-08-14T04:44:04.342835+00:00
[2022-08-14 04:44:04,377] {processor.py:161} INFO - Processing /home/airflow/.local/lib/python3.7/site-packages/airflow/example_dags/tutorial.py took 0.196 seconds
[2022-08-14 04:49:06,243] {processor.py:153} INFO - Started process (PID=9473) to work on /home/airflow/.local/lib/python3.7/site-packages/airflow/example_dags/tutorial.py
[2022-08-14 04:49:06,245] {processor.py:641} INFO - Processing file /home/airflow/.local/lib/python3.7/site-packages/airflow/example_dags/tutorial.py for tasks to queue
[2022-08-14 04:49:06,247] {logging_mixin.py:115} INFO - [2022-08-14 04:49:06,246] {dagbag.py:507} INFO - Filling up the DagBag from /home/airflow/.local/lib/python3.7/site-packages/airflow/example_dags/tutorial.py
[2022-08-14 04:49:06,258] {processor.py:651} INFO - DAG(s) dict_keys(['tutorial']) retrieved from /home/airflow/.local/lib/python3.7/site-packages/airflow/example_dags/tutorial.py
[2022-08-14 04:49:06,300] {logging_mixin.py:115} INFO - [2022-08-14 04:49:06,299] {dag.py:2371} INFO - Sync 1 DAGs
[2022-08-14 04:49:06,322] {logging_mixin.py:115} INFO - [2022-08-14 04:49:06,322] {dag.py:2919} INFO - Setting next_dagrun for tutorial to 2022-08-13T04:49:06.322206+00:00, run_after=2022-08-14T04:49:06.322206+00:00
[2022-08-14 04:49:06,337] {processor.py:161} INFO - Processing /home/airflow/.local/lib/python3.7/site-packages/airflow/example_dags/tutorial.py took 0.100 seconds
[2022-08-14 04:49:37,798] {processor.py:153} INFO - Started process (PID=9525) to work on /home/airflow/.local/lib/python3.7/site-packages/airflow/example_dags/tutorial.py
[2022-08-14 04:49:37,800] {processor.py:641} INFO - Processing file /home/airflow/.local/lib/python3.7/site-packages/airflow/example_dags/tutorial.py for tasks to queue
[2022-08-14 04:49:37,804] {logging_mixin.py:115} INFO - [2022-08-14 04:49:37,803] {dagbag.py:507} INFO - Filling up the DagBag from /home/airflow/.local/lib/python3.7/site-packages/airflow/example_dags/tutorial.py
[2022-08-14 04:49:37,823] {processor.py:651} INFO - DAG(s) dict_keys(['tutorial']) retrieved from /home/airflow/.local/lib/python3.7/site-packages/airflow/example_dags/tutorial.py
[2022-08-14 04:49:37,922] {logging_mixin.py:115} INFO - [2022-08-14 04:49:37,922] {dag.py:2371} INFO - Sync 1 DAGs
[2022-08-14 04:49:37,982] {logging_mixin.py:115} INFO - [2022-08-14 04:49:37,982] {dag.py:2919} INFO - Setting next_dagrun for tutorial to 2022-08-13T04:49:37.981410+00:00, run_after=2022-08-14T04:49:37.981410+00:00
[2022-08-14 04:49:38,016] {processor.py:161} INFO - Processing /home/airflow/.local/lib/python3.7/site-packages/airflow/example_dags/tutorial.py took 0.228 seconds
[2022-08-14 04:54:39,491] {processor.py:153} INFO - Started process (PID=9578) to work on /home/airflow/.local/lib/python3.7/site-packages/airflow/example_dags/tutorial.py
[2022-08-14 04:54:39,493] {processor.py:641} INFO - Processing file /home/airflow/.local/lib/python3.7/site-packages/airflow/example_dags/tutorial.py for tasks to queue
[2022-08-14 04:54:39,495] {logging_mixin.py:115} INFO - [2022-08-14 04:54:39,494] {dagbag.py:507} INFO - Filling up the DagBag from /home/airflow/.local/lib/python3.7/site-packages/airflow/example_dags/tutorial.py
[2022-08-14 04:54:39,505] {processor.py:651} INFO - DAG(s) dict_keys(['tutorial']) retrieved from /home/airflow/.local/lib/python3.7/site-packages/airflow/example_dags/tutorial.py
[2022-08-14 04:54:39,541] {logging_mixin.py:115} INFO - [2022-08-14 04:54:39,541] {dag.py:2371} INFO - Sync 1 DAGs
[2022-08-14 04:54:39,573] {logging_mixin.py:115} INFO - [2022-08-14 04:54:39,573] {dag.py:2919} INFO - Setting next_dagrun for tutorial to 2022-08-13T04:54:39.573344+00:00, run_after=2022-08-14T04:54:39.573344+00:00
[2022-08-14 04:54:39,589] {processor.py:161} INFO - Processing /home/airflow/.local/lib/python3.7/site-packages/airflow/example_dags/tutorial.py took 0.110 seconds
[2022-08-14 04:55:10,747] {processor.py:153} INFO - Started process (PID=9630) to work on /home/airflow/.local/lib/python3.7/site-packages/airflow/example_dags/tutorial.py
[2022-08-14 04:55:10,750] {processor.py:641} INFO - Processing file /home/airflow/.local/lib/python3.7/site-packages/airflow/example_dags/tutorial.py for tasks to queue
[2022-08-14 04:55:10,754] {logging_mixin.py:115} INFO - [2022-08-14 04:55:10,754] {dagbag.py:507} INFO - Filling up the DagBag from /home/airflow/.local/lib/python3.7/site-packages/airflow/example_dags/tutorial.py
[2022-08-14 04:55:10,798] {processor.py:651} INFO - DAG(s) dict_keys(['tutorial']) retrieved from /home/airflow/.local/lib/python3.7/site-packages/airflow/example_dags/tutorial.py
[2022-08-14 04:55:10,887] {logging_mixin.py:115} INFO - [2022-08-14 04:55:10,887] {dag.py:2371} INFO - Sync 1 DAGs
[2022-08-14 04:55:10,956] {logging_mixin.py:115} INFO - [2022-08-14 04:55:10,956] {dag.py:2919} INFO - Setting next_dagrun for tutorial to 2022-08-13T04:55:10.955719+00:00, run_after=2022-08-14T04:55:10.955719+00:00
[2022-08-14 04:55:11,007] {processor.py:161} INFO - Processing /home/airflow/.local/lib/python3.7/site-packages/airflow/example_dags/tutorial.py took 0.272 seconds
[2022-08-14 05:00:12,562] {processor.py:153} INFO - Started process (PID=9683) to work on /home/airflow/.local/lib/python3.7/site-packages/airflow/example_dags/tutorial.py
[2022-08-14 05:00:12,564] {processor.py:641} INFO - Processing file /home/airflow/.local/lib/python3.7/site-packages/airflow/example_dags/tutorial.py for tasks to queue
[2022-08-14 05:00:12,566] {logging_mixin.py:115} INFO - [2022-08-14 05:00:12,566] {dagbag.py:507} INFO - Filling up the DagBag from /home/airflow/.local/lib/python3.7/site-packages/airflow/example_dags/tutorial.py
[2022-08-14 05:00:12,574] {processor.py:651} INFO - DAG(s) dict_keys(['tutorial']) retrieved from /home/airflow/.local/lib/python3.7/site-packages/airflow/example_dags/tutorial.py
[2022-08-14 05:00:12,637] {logging_mixin.py:115} INFO - [2022-08-14 05:00:12,637] {dag.py:2371} INFO - Sync 1 DAGs
[2022-08-14 05:00:12,664] {logging_mixin.py:115} INFO - [2022-08-14 05:00:12,664] {dag.py:2919} INFO - Setting next_dagrun for tutorial to 2022-08-13T05:00:12.664127+00:00, run_after=2022-08-14T05:00:12.664127+00:00
[2022-08-14 05:00:12,682] {processor.py:161} INFO - Processing /home/airflow/.local/lib/python3.7/site-packages/airflow/example_dags/tutorial.py took 0.127 seconds
[2022-08-14 05:00:43,458] {processor.py:153} INFO - Started process (PID=9737) to work on /home/airflow/.local/lib/python3.7/site-packages/airflow/example_dags/tutorial.py
[2022-08-14 05:00:43,461] {processor.py:641} INFO - Processing file /home/airflow/.local/lib/python3.7/site-packages/airflow/example_dags/tutorial.py for tasks to queue
[2022-08-14 05:00:43,465] {logging_mixin.py:115} INFO - [2022-08-14 05:00:43,464] {dagbag.py:507} INFO - Filling up the DagBag from /home/airflow/.local/lib/python3.7/site-packages/airflow/example_dags/tutorial.py
[2022-08-14 05:00:43,488] {processor.py:651} INFO - DAG(s) dict_keys(['tutorial']) retrieved from /home/airflow/.local/lib/python3.7/site-packages/airflow/example_dags/tutorial.py
[2022-08-14 05:00:43,579] {logging_mixin.py:115} INFO - [2022-08-14 05:00:43,579] {dag.py:2371} INFO - Sync 1 DAGs
[2022-08-14 05:00:43,652] {logging_mixin.py:115} INFO - [2022-08-14 05:00:43,652] {dag.py:2919} INFO - Setting next_dagrun for tutorial to 2022-08-13T05:00:43.651549+00:00, run_after=2022-08-14T05:00:43.651549+00:00
[2022-08-14 05:00:43,688] {processor.py:161} INFO - Processing /home/airflow/.local/lib/python3.7/site-packages/airflow/example_dags/tutorial.py took 0.247 seconds
[2022-08-14 05:05:44,083] {processor.py:153} INFO - Started process (PID=9789) to work on /home/airflow/.local/lib/python3.7/site-packages/airflow/example_dags/tutorial.py
[2022-08-14 05:05:44,085] {processor.py:641} INFO - Processing file /home/airflow/.local/lib/python3.7/site-packages/airflow/example_dags/tutorial.py for tasks to queue
[2022-08-14 05:05:44,087] {logging_mixin.py:115} INFO - [2022-08-14 05:05:44,086] {dagbag.py:507} INFO - Filling up the DagBag from /home/airflow/.local/lib/python3.7/site-packages/airflow/example_dags/tutorial.py
[2022-08-14 05:05:44,103] {processor.py:651} INFO - DAG(s) dict_keys(['tutorial']) retrieved from /home/airflow/.local/lib/python3.7/site-packages/airflow/example_dags/tutorial.py
[2022-08-14 05:05:44,166] {logging_mixin.py:115} INFO - [2022-08-14 05:05:44,166] {dag.py:2371} INFO - Sync 1 DAGs
[2022-08-14 05:05:44,194] {logging_mixin.py:115} INFO - [2022-08-14 05:05:44,194] {dag.py:2919} INFO - Setting next_dagrun for tutorial to 2022-08-13T05:05:44.194348+00:00, run_after=2022-08-14T05:05:44.194348+00:00
[2022-08-14 05:05:44,217] {processor.py:161} INFO - Processing /home/airflow/.local/lib/python3.7/site-packages/airflow/example_dags/tutorial.py took 0.137 seconds
[2022-08-14 05:06:15,420] {processor.py:153} INFO - Started process (PID=9841) to work on /home/airflow/.local/lib/python3.7/site-packages/airflow/example_dags/tutorial.py
[2022-08-14 05:06:15,423] {processor.py:641} INFO - Processing file /home/airflow/.local/lib/python3.7/site-packages/airflow/example_dags/tutorial.py for tasks to queue
[2022-08-14 05:06:15,426] {logging_mixin.py:115} INFO - [2022-08-14 05:06:15,426] {dagbag.py:507} INFO - Filling up the DagBag from /home/airflow/.local/lib/python3.7/site-packages/airflow/example_dags/tutorial.py
[2022-08-14 05:06:15,446] {processor.py:651} INFO - DAG(s) dict_keys(['tutorial']) retrieved from /home/airflow/.local/lib/python3.7/site-packages/airflow/example_dags/tutorial.py
[2022-08-14 05:06:15,524] {logging_mixin.py:115} INFO - [2022-08-14 05:06:15,524] {dag.py:2371} INFO - Sync 1 DAGs
[2022-08-14 05:06:15,580] {logging_mixin.py:115} INFO - [2022-08-14 05:06:15,580] {dag.py:2919} INFO - Setting next_dagrun for tutorial to 2022-08-13T05:06:15.579755+00:00, run_after=2022-08-14T05:06:15.579755+00:00
[2022-08-14 05:06:15,621] {processor.py:161} INFO - Processing /home/airflow/.local/lib/python3.7/site-packages/airflow/example_dags/tutorial.py took 0.211 seconds
[2022-08-14 05:15:34,648] {processor.py:153} INFO - Started process (PID=9893) to work on /home/airflow/.local/lib/python3.7/site-packages/airflow/example_dags/tutorial.py
[2022-08-14 05:15:34,649] {processor.py:641} INFO - Processing file /home/airflow/.local/lib/python3.7/site-packages/airflow/example_dags/tutorial.py for tasks to queue
[2022-08-14 05:15:34,650] {logging_mixin.py:115} INFO - [2022-08-14 05:15:34,650] {dagbag.py:507} INFO - Filling up the DagBag from /home/airflow/.local/lib/python3.7/site-packages/airflow/example_dags/tutorial.py
[2022-08-14 05:15:34,661] {processor.py:651} INFO - DAG(s) dict_keys(['tutorial']) retrieved from /home/airflow/.local/lib/python3.7/site-packages/airflow/example_dags/tutorial.py
[2022-08-14 05:15:34,711] {logging_mixin.py:115} INFO - [2022-08-14 05:15:34,711] {dag.py:2371} INFO - Sync 1 DAGs
[2022-08-14 05:15:34,738] {logging_mixin.py:115} INFO - [2022-08-14 05:15:34,738] {dag.py:2919} INFO - Setting next_dagrun for tutorial to 2022-08-13T05:15:34.738196+00:00, run_after=2022-08-14T05:15:34.738196+00:00
[2022-08-14 05:15:34,756] {processor.py:161} INFO - Processing /home/airflow/.local/lib/python3.7/site-packages/airflow/example_dags/tutorial.py took 0.115 seconds
[2022-08-14 05:16:05,708] {processor.py:153} INFO - Started process (PID=9946) to work on /home/airflow/.local/lib/python3.7/site-packages/airflow/example_dags/tutorial.py
[2022-08-14 05:16:05,711] {processor.py:641} INFO - Processing file /home/airflow/.local/lib/python3.7/site-packages/airflow/example_dags/tutorial.py for tasks to queue
[2022-08-14 05:16:05,713] {logging_mixin.py:115} INFO - [2022-08-14 05:16:05,713] {dagbag.py:507} INFO - Filling up the DagBag from /home/airflow/.local/lib/python3.7/site-packages/airflow/example_dags/tutorial.py
[2022-08-14 05:16:05,729] {processor.py:651} INFO - DAG(s) dict_keys(['tutorial']) retrieved from /home/airflow/.local/lib/python3.7/site-packages/airflow/example_dags/tutorial.py
[2022-08-14 05:16:05,817] {logging_mixin.py:115} INFO - [2022-08-14 05:16:05,817] {dag.py:2371} INFO - Sync 1 DAGs
[2022-08-14 05:16:05,863] {logging_mixin.py:115} INFO - [2022-08-14 05:16:05,863] {dag.py:2919} INFO - Setting next_dagrun for tutorial to 2022-08-13T05:16:05.863187+00:00, run_after=2022-08-14T05:16:05.863187+00:00
[2022-08-14 05:16:05,898] {processor.py:161} INFO - Processing /home/airflow/.local/lib/python3.7/site-packages/airflow/example_dags/tutorial.py took 0.198 seconds
[2022-08-14 05:21:10,520] {processor.py:153} INFO - Started process (PID=9998) to work on /home/airflow/.local/lib/python3.7/site-packages/airflow/example_dags/tutorial.py
[2022-08-14 05:21:10,525] {processor.py:641} INFO - Processing file /home/airflow/.local/lib/python3.7/site-packages/airflow/example_dags/tutorial.py for tasks to queue
[2022-08-14 05:21:10,527] {logging_mixin.py:115} INFO - [2022-08-14 05:21:10,527] {dagbag.py:507} INFO - Filling up the DagBag from /home/airflow/.local/lib/python3.7/site-packages/airflow/example_dags/tutorial.py
[2022-08-14 05:21:10,538] {processor.py:651} INFO - DAG(s) dict_keys(['tutorial']) retrieved from /home/airflow/.local/lib/python3.7/site-packages/airflow/example_dags/tutorial.py
[2022-08-14 05:21:10,605] {logging_mixin.py:115} INFO - [2022-08-14 05:21:10,605] {dag.py:2371} INFO - Sync 1 DAGs
[2022-08-14 05:21:10,665] {logging_mixin.py:115} INFO - [2022-08-14 05:21:10,665] {dag.py:2919} INFO - Setting next_dagrun for tutorial to 2022-08-13T05:21:10.665334+00:00, run_after=2022-08-14T05:21:10.665334+00:00
[2022-08-14 05:21:10,697] {processor.py:161} INFO - Processing /home/airflow/.local/lib/python3.7/site-packages/airflow/example_dags/tutorial.py took 0.181 seconds
[2022-08-14 05:21:42,738] {processor.py:153} INFO - Started process (PID=10051) to work on /home/airflow/.local/lib/python3.7/site-packages/airflow/example_dags/tutorial.py
[2022-08-14 05:21:42,742] {processor.py:641} INFO - Processing file /home/airflow/.local/lib/python3.7/site-packages/airflow/example_dags/tutorial.py for tasks to queue
[2022-08-14 05:21:42,747] {logging_mixin.py:115} INFO - [2022-08-14 05:21:42,747] {dagbag.py:507} INFO - Filling up the DagBag from /home/airflow/.local/lib/python3.7/site-packages/airflow/example_dags/tutorial.py
[2022-08-14 05:21:42,780] {processor.py:651} INFO - DAG(s) dict_keys(['tutorial']) retrieved from /home/airflow/.local/lib/python3.7/site-packages/airflow/example_dags/tutorial.py
[2022-08-14 05:21:42,917] {logging_mixin.py:115} INFO - [2022-08-14 05:21:42,917] {dag.py:2371} INFO - Sync 1 DAGs
[2022-08-14 05:21:42,973] {logging_mixin.py:115} INFO - [2022-08-14 05:21:42,972] {dag.py:2919} INFO - Setting next_dagrun for tutorial to 2022-08-13T05:21:42.971989+00:00, run_after=2022-08-14T05:21:42.971989+00:00
[2022-08-14 05:21:43,006] {processor.py:161} INFO - Processing /home/airflow/.local/lib/python3.7/site-packages/airflow/example_dags/tutorial.py took 0.283 seconds
[2022-08-14 05:24:12,161] {processor.py:153} INFO - Started process (PID=10103) to work on /home/airflow/.local/lib/python3.7/site-packages/airflow/example_dags/tutorial.py
[2022-08-14 05:24:12,162] {processor.py:641} INFO - Processing file /home/airflow/.local/lib/python3.7/site-packages/airflow/example_dags/tutorial.py for tasks to queue
[2022-08-14 05:24:12,164] {logging_mixin.py:115} INFO - [2022-08-14 05:24:12,163] {dagbag.py:507} INFO - Filling up the DagBag from /home/airflow/.local/lib/python3.7/site-packages/airflow/example_dags/tutorial.py
[2022-08-14 05:24:12,171] {processor.py:651} INFO - DAG(s) dict_keys(['tutorial']) retrieved from /home/airflow/.local/lib/python3.7/site-packages/airflow/example_dags/tutorial.py
[2022-08-14 05:24:12,203] {logging_mixin.py:115} INFO - [2022-08-14 05:24:12,203] {dag.py:2371} INFO - Sync 1 DAGs
[2022-08-14 05:24:12,234] {logging_mixin.py:115} INFO - [2022-08-14 05:24:12,233] {dag.py:2919} INFO - Setting next_dagrun for tutorial to 2022-08-13T05:24:12.233596+00:00, run_after=2022-08-14T05:24:12.233596+00:00
[2022-08-14 05:24:12,253] {processor.py:161} INFO - Processing /home/airflow/.local/lib/python3.7/site-packages/airflow/example_dags/tutorial.py took 0.099 seconds
[2022-08-14 05:29:27,161] {processor.py:153} INFO - Started process (PID=10146) to work on /home/airflow/.local/lib/python3.7/site-packages/airflow/example_dags/tutorial.py
[2022-08-14 05:29:27,167] {processor.py:641} INFO - Processing file /home/airflow/.local/lib/python3.7/site-packages/airflow/example_dags/tutorial.py for tasks to queue
[2022-08-14 05:29:27,171] {logging_mixin.py:115} INFO - [2022-08-14 05:29:27,171] {dagbag.py:507} INFO - Filling up the DagBag from /home/airflow/.local/lib/python3.7/site-packages/airflow/example_dags/tutorial.py
[2022-08-14 05:29:27,205] {processor.py:651} INFO - DAG(s) dict_keys(['tutorial']) retrieved from /home/airflow/.local/lib/python3.7/site-packages/airflow/example_dags/tutorial.py
[2022-08-14 05:29:27,279] {logging_mixin.py:115} INFO - [2022-08-14 05:29:27,279] {dag.py:2371} INFO - Sync 1 DAGs
[2022-08-14 05:29:27,325] {logging_mixin.py:115} INFO - [2022-08-14 05:29:27,324] {dag.py:2919} INFO - Setting next_dagrun for tutorial to 2022-08-13T05:29:27.324615+00:00, run_after=2022-08-14T05:29:27.324615+00:00
[2022-08-14 05:29:27,348] {processor.py:161} INFO - Processing /home/airflow/.local/lib/python3.7/site-packages/airflow/example_dags/tutorial.py took 0.192 seconds
[2022-08-14 06:46:23,318] {processor.py:153} INFO - Started process (PID=10208) to work on /home/airflow/.local/lib/python3.7/site-packages/airflow/example_dags/tutorial.py
[2022-08-14 06:46:23,321] {processor.py:641} INFO - Processing file /home/airflow/.local/lib/python3.7/site-packages/airflow/example_dags/tutorial.py for tasks to queue
[2022-08-14 06:46:23,327] {logging_mixin.py:115} INFO - [2022-08-14 06:46:23,327] {dagbag.py:507} INFO - Filling up the DagBag from /home/airflow/.local/lib/python3.7/site-packages/airflow/example_dags/tutorial.py
[2022-08-14 06:46:23,343] {processor.py:651} INFO - DAG(s) dict_keys(['tutorial']) retrieved from /home/airflow/.local/lib/python3.7/site-packages/airflow/example_dags/tutorial.py
[2022-08-14 06:46:23,405] {logging_mixin.py:115} INFO - [2022-08-14 06:46:23,405] {dag.py:2371} INFO - Sync 1 DAGs
[2022-08-14 06:46:23,440] {logging_mixin.py:115} INFO - [2022-08-14 06:46:23,440] {dag.py:2919} INFO - Setting next_dagrun for tutorial to 2022-08-13T06:46:23.439700+00:00, run_after=2022-08-14T06:46:23.439700+00:00
[2022-08-14 06:46:23,468] {processor.py:161} INFO - Processing /home/airflow/.local/lib/python3.7/site-packages/airflow/example_dags/tutorial.py took 0.154 seconds
[2022-08-14 08:00:38,767] {processor.py:153} INFO - Started process (PID=10259) to work on /home/airflow/.local/lib/python3.7/site-packages/airflow/example_dags/tutorial.py
[2022-08-14 08:00:38,769] {processor.py:641} INFO - Processing file /home/airflow/.local/lib/python3.7/site-packages/airflow/example_dags/tutorial.py for tasks to queue
[2022-08-14 08:00:38,770] {logging_mixin.py:115} INFO - [2022-08-14 08:00:38,770] {dagbag.py:507} INFO - Filling up the DagBag from /home/airflow/.local/lib/python3.7/site-packages/airflow/example_dags/tutorial.py
[2022-08-14 08:00:38,777] {processor.py:651} INFO - DAG(s) dict_keys(['tutorial']) retrieved from /home/airflow/.local/lib/python3.7/site-packages/airflow/example_dags/tutorial.py
[2022-08-14 08:00:38,816] {logging_mixin.py:115} INFO - [2022-08-14 08:00:38,816] {dag.py:2371} INFO - Sync 1 DAGs
[2022-08-14 08:00:38,857] {logging_mixin.py:115} INFO - [2022-08-14 08:00:38,857] {dag.py:2919} INFO - Setting next_dagrun for tutorial to 2022-08-13T08:00:38.856689+00:00, run_after=2022-08-14T08:00:38.856689+00:00
[2022-08-14 08:00:38,882] {processor.py:161} INFO - Processing /home/airflow/.local/lib/python3.7/site-packages/airflow/example_dags/tutorial.py took 0.121 seconds
[2022-08-14 08:01:09,018] {processor.py:153} INFO - Started process (PID=10320) to work on /home/airflow/.local/lib/python3.7/site-packages/airflow/example_dags/tutorial.py
[2022-08-14 08:01:09,019] {processor.py:641} INFO - Processing file /home/airflow/.local/lib/python3.7/site-packages/airflow/example_dags/tutorial.py for tasks to queue
[2022-08-14 08:01:09,021] {logging_mixin.py:115} INFO - [2022-08-14 08:01:09,021] {dagbag.py:507} INFO - Filling up the DagBag from /home/airflow/.local/lib/python3.7/site-packages/airflow/example_dags/tutorial.py
[2022-08-14 08:01:09,030] {processor.py:651} INFO - DAG(s) dict_keys(['tutorial']) retrieved from /home/airflow/.local/lib/python3.7/site-packages/airflow/example_dags/tutorial.py
[2022-08-14 08:01:09,068] {logging_mixin.py:115} INFO - [2022-08-14 08:01:09,068] {dag.py:2371} INFO - Sync 1 DAGs
[2022-08-14 08:01:09,090] {logging_mixin.py:115} INFO - [2022-08-14 08:01:09,089] {dag.py:2919} INFO - Setting next_dagrun for tutorial to 2022-08-13T08:01:09.089645+00:00, run_after=2022-08-14T08:01:09.089645+00:00
[2022-08-14 08:01:09,108] {processor.py:161} INFO - Processing /home/airflow/.local/lib/python3.7/site-packages/airflow/example_dags/tutorial.py took 0.094 seconds
[2022-08-14 08:06:24,381] {processor.py:153} INFO - Started process (PID=10373) to work on /home/airflow/.local/lib/python3.7/site-packages/airflow/example_dags/tutorial.py
[2022-08-14 08:06:24,383] {processor.py:641} INFO - Processing file /home/airflow/.local/lib/python3.7/site-packages/airflow/example_dags/tutorial.py for tasks to queue
[2022-08-14 08:06:24,384] {logging_mixin.py:115} INFO - [2022-08-14 08:06:24,384] {dagbag.py:507} INFO - Filling up the DagBag from /home/airflow/.local/lib/python3.7/site-packages/airflow/example_dags/tutorial.py
[2022-08-14 08:06:24,399] {processor.py:651} INFO - DAG(s) dict_keys(['tutorial']) retrieved from /home/airflow/.local/lib/python3.7/site-packages/airflow/example_dags/tutorial.py
[2022-08-14 08:06:24,431] {logging_mixin.py:115} INFO - [2022-08-14 08:06:24,431] {dag.py:2371} INFO - Sync 1 DAGs
[2022-08-14 08:06:24,476] {logging_mixin.py:115} INFO - [2022-08-14 08:06:24,476] {dag.py:2919} INFO - Setting next_dagrun for tutorial to 2022-08-13T08:06:24.475927+00:00, run_after=2022-08-14T08:06:24.475927+00:00
[2022-08-14 08:06:24,494] {processor.py:161} INFO - Processing /home/airflow/.local/lib/python3.7/site-packages/airflow/example_dags/tutorial.py took 0.117 seconds
[2022-08-14 08:37:48,177] {processor.py:153} INFO - Started process (PID=10434) to work on /home/airflow/.local/lib/python3.7/site-packages/airflow/example_dags/tutorial.py
[2022-08-14 08:37:48,179] {processor.py:641} INFO - Processing file /home/airflow/.local/lib/python3.7/site-packages/airflow/example_dags/tutorial.py for tasks to queue
[2022-08-14 08:37:48,181] {logging_mixin.py:115} INFO - [2022-08-14 08:37:48,181] {dagbag.py:507} INFO - Filling up the DagBag from /home/airflow/.local/lib/python3.7/site-packages/airflow/example_dags/tutorial.py
[2022-08-14 08:37:48,196] {processor.py:651} INFO - DAG(s) dict_keys(['tutorial']) retrieved from /home/airflow/.local/lib/python3.7/site-packages/airflow/example_dags/tutorial.py
[2022-08-14 08:37:48,276] {logging_mixin.py:115} INFO - [2022-08-14 08:37:48,276] {dag.py:2371} INFO - Sync 1 DAGs
[2022-08-14 08:37:48,324] {logging_mixin.py:115} INFO - [2022-08-14 08:37:48,324] {dag.py:2919} INFO - Setting next_dagrun for tutorial to 2022-08-13T08:37:48.324119+00:00, run_after=2022-08-14T08:37:48.324119+00:00
[2022-08-14 08:37:48,345] {processor.py:161} INFO - Processing /home/airflow/.local/lib/python3.7/site-packages/airflow/example_dags/tutorial.py took 0.174 seconds
[2022-08-14 08:38:18,842] {processor.py:153} INFO - Started process (PID=10486) to work on /home/airflow/.local/lib/python3.7/site-packages/airflow/example_dags/tutorial.py
[2022-08-14 08:38:18,844] {processor.py:641} INFO - Processing file /home/airflow/.local/lib/python3.7/site-packages/airflow/example_dags/tutorial.py for tasks to queue
[2022-08-14 08:38:18,846] {logging_mixin.py:115} INFO - [2022-08-14 08:38:18,846] {dagbag.py:507} INFO - Filling up the DagBag from /home/airflow/.local/lib/python3.7/site-packages/airflow/example_dags/tutorial.py
[2022-08-14 08:38:18,852] {processor.py:651} INFO - DAG(s) dict_keys(['tutorial']) retrieved from /home/airflow/.local/lib/python3.7/site-packages/airflow/example_dags/tutorial.py
[2022-08-14 08:38:18,883] {logging_mixin.py:115} INFO - [2022-08-14 08:38:18,882] {dag.py:2371} INFO - Sync 1 DAGs
[2022-08-14 08:38:18,903] {logging_mixin.py:115} INFO - [2022-08-14 08:38:18,903] {dag.py:2919} INFO - Setting next_dagrun for tutorial to 2022-08-13T08:38:18.903344+00:00, run_after=2022-08-14T08:38:18.903344+00:00
[2022-08-14 08:38:18,918] {processor.py:161} INFO - Processing /home/airflow/.local/lib/python3.7/site-packages/airflow/example_dags/tutorial.py took 0.079 seconds
[2022-08-14 10:38:16,473] {processor.py:153} INFO - Started process (PID=10539) to work on /home/airflow/.local/lib/python3.7/site-packages/airflow/example_dags/tutorial.py
[2022-08-14 10:38:16,478] {processor.py:641} INFO - Processing file /home/airflow/.local/lib/python3.7/site-packages/airflow/example_dags/tutorial.py for tasks to queue
[2022-08-14 10:38:16,483] {logging_mixin.py:115} INFO - [2022-08-14 10:38:16,483] {dagbag.py:507} INFO - Filling up the DagBag from /home/airflow/.local/lib/python3.7/site-packages/airflow/example_dags/tutorial.py
[2022-08-14 10:38:16,492] {processor.py:651} INFO - DAG(s) dict_keys(['tutorial']) retrieved from /home/airflow/.local/lib/python3.7/site-packages/airflow/example_dags/tutorial.py
[2022-08-14 10:38:16,564] {logging_mixin.py:115} INFO - [2022-08-14 10:38:16,564] {dag.py:2371} INFO - Sync 1 DAGs
[2022-08-14 10:38:16,608] {logging_mixin.py:115} INFO - [2022-08-14 10:38:16,608] {dag.py:2919} INFO - Setting next_dagrun for tutorial to 2022-08-13T10:38:16.607707+00:00, run_after=2022-08-14T10:38:16.607707+00:00
[2022-08-14 10:38:16,630] {processor.py:161} INFO - Processing /home/airflow/.local/lib/python3.7/site-packages/airflow/example_dags/tutorial.py took 0.167 seconds
[2022-08-14 12:39:14,692] {processor.py:153} INFO - Started process (PID=10600) to work on /home/airflow/.local/lib/python3.7/site-packages/airflow/example_dags/tutorial.py
[2022-08-14 12:39:14,694] {processor.py:641} INFO - Processing file /home/airflow/.local/lib/python3.7/site-packages/airflow/example_dags/tutorial.py for tasks to queue
[2022-08-14 12:39:14,697] {logging_mixin.py:115} INFO - [2022-08-14 12:39:14,697] {dagbag.py:507} INFO - Filling up the DagBag from /home/airflow/.local/lib/python3.7/site-packages/airflow/example_dags/tutorial.py
[2022-08-14 12:39:14,713] {processor.py:651} INFO - DAG(s) dict_keys(['tutorial']) retrieved from /home/airflow/.local/lib/python3.7/site-packages/airflow/example_dags/tutorial.py
[2022-08-14 12:39:14,794] {logging_mixin.py:115} INFO - [2022-08-14 12:39:14,794] {dag.py:2371} INFO - Sync 1 DAGs
[2022-08-14 12:39:14,840] {logging_mixin.py:115} INFO - [2022-08-14 12:39:14,840] {dag.py:2919} INFO - Setting next_dagrun for tutorial to 2022-08-13T12:39:14.840298+00:00, run_after=2022-08-14T12:39:14.840298+00:00
[2022-08-14 12:39:14,855] {processor.py:161} INFO - Processing /home/airflow/.local/lib/python3.7/site-packages/airflow/example_dags/tutorial.py took 0.181 seconds
[2022-08-14 12:58:01,416] {processor.py:153} INFO - Started process (PID=10653) to work on /home/airflow/.local/lib/python3.7/site-packages/airflow/example_dags/tutorial.py
[2022-08-14 12:58:01,419] {processor.py:641} INFO - Processing file /home/airflow/.local/lib/python3.7/site-packages/airflow/example_dags/tutorial.py for tasks to queue
[2022-08-14 12:58:01,439] {logging_mixin.py:115} INFO - [2022-08-14 12:58:01,438] {dagbag.py:507} INFO - Filling up the DagBag from /home/airflow/.local/lib/python3.7/site-packages/airflow/example_dags/tutorial.py
[2022-08-14 12:58:01,449] {processor.py:651} INFO - DAG(s) dict_keys(['tutorial']) retrieved from /home/airflow/.local/lib/python3.7/site-packages/airflow/example_dags/tutorial.py
[2022-08-14 12:58:01,505] {logging_mixin.py:115} INFO - [2022-08-14 12:58:01,505] {dag.py:2371} INFO - Sync 1 DAGs
[2022-08-14 12:58:01,538] {logging_mixin.py:115} INFO - [2022-08-14 12:58:01,538] {dag.py:2919} INFO - Setting next_dagrun for tutorial to 2022-08-13T12:58:01.537895+00:00, run_after=2022-08-14T12:58:01.537895+00:00
[2022-08-14 12:58:01,571] {processor.py:161} INFO - Processing /home/airflow/.local/lib/python3.7/site-packages/airflow/example_dags/tutorial.py took 0.162 seconds
[2022-08-14 12:59:22,792] {processor.py:153} INFO - Started process (PID=10714) to work on /home/airflow/.local/lib/python3.7/site-packages/airflow/example_dags/tutorial.py
[2022-08-14 12:59:22,793] {processor.py:641} INFO - Processing file /home/airflow/.local/lib/python3.7/site-packages/airflow/example_dags/tutorial.py for tasks to queue
[2022-08-14 12:59:22,794] {logging_mixin.py:115} INFO - [2022-08-14 12:59:22,794] {dagbag.py:507} INFO - Filling up the DagBag from /home/airflow/.local/lib/python3.7/site-packages/airflow/example_dags/tutorial.py
[2022-08-14 12:59:22,803] {processor.py:651} INFO - DAG(s) dict_keys(['tutorial']) retrieved from /home/airflow/.local/lib/python3.7/site-packages/airflow/example_dags/tutorial.py
[2022-08-14 12:59:22,838] {logging_mixin.py:115} INFO - [2022-08-14 12:59:22,838] {dag.py:2371} INFO - Sync 1 DAGs
[2022-08-14 12:59:22,863] {logging_mixin.py:115} INFO - [2022-08-14 12:59:22,863] {dag.py:2919} INFO - Setting next_dagrun for tutorial to 2022-08-13T12:59:22.862733+00:00, run_after=2022-08-14T12:59:22.862733+00:00
[2022-08-14 12:59:22,891] {processor.py:161} INFO - Processing /home/airflow/.local/lib/python3.7/site-packages/airflow/example_dags/tutorial.py took 0.104 seconds
[2022-08-14 12:59:53,186] {processor.py:153} INFO - Started process (PID=10766) to work on /home/airflow/.local/lib/python3.7/site-packages/airflow/example_dags/tutorial.py
[2022-08-14 12:59:53,188] {processor.py:641} INFO - Processing file /home/airflow/.local/lib/python3.7/site-packages/airflow/example_dags/tutorial.py for tasks to queue
[2022-08-14 12:59:53,189] {logging_mixin.py:115} INFO - [2022-08-14 12:59:53,188] {dagbag.py:507} INFO - Filling up the DagBag from /home/airflow/.local/lib/python3.7/site-packages/airflow/example_dags/tutorial.py
[2022-08-14 12:59:53,195] {processor.py:651} INFO - DAG(s) dict_keys(['tutorial']) retrieved from /home/airflow/.local/lib/python3.7/site-packages/airflow/example_dags/tutorial.py
[2022-08-14 12:59:53,225] {logging_mixin.py:115} INFO - [2022-08-14 12:59:53,225] {dag.py:2371} INFO - Sync 1 DAGs
[2022-08-14 12:59:53,248] {logging_mixin.py:115} INFO - [2022-08-14 12:59:53,248] {dag.py:2919} INFO - Setting next_dagrun for tutorial to 2022-08-13T12:59:53.248323+00:00, run_after=2022-08-14T12:59:53.248323+00:00
[2022-08-14 12:59:53,262] {processor.py:161} INFO - Processing /home/airflow/.local/lib/python3.7/site-packages/airflow/example_dags/tutorial.py took 0.079 seconds
[2022-08-14 13:15:50,425] {processor.py:153} INFO - Started process (PID=10828) to work on /home/airflow/.local/lib/python3.7/site-packages/airflow/example_dags/tutorial.py
[2022-08-14 13:15:50,429] {processor.py:641} INFO - Processing file /home/airflow/.local/lib/python3.7/site-packages/airflow/example_dags/tutorial.py for tasks to queue
[2022-08-14 13:15:50,430] {logging_mixin.py:115} INFO - [2022-08-14 13:15:50,430] {dagbag.py:507} INFO - Filling up the DagBag from /home/airflow/.local/lib/python3.7/site-packages/airflow/example_dags/tutorial.py
[2022-08-14 13:15:50,439] {processor.py:651} INFO - DAG(s) dict_keys(['tutorial']) retrieved from /home/airflow/.local/lib/python3.7/site-packages/airflow/example_dags/tutorial.py
[2022-08-14 13:15:50,507] {logging_mixin.py:115} INFO - [2022-08-14 13:15:50,507] {dag.py:2371} INFO - Sync 1 DAGs
[2022-08-14 13:15:50,542] {logging_mixin.py:115} INFO - [2022-08-14 13:15:50,542] {dag.py:2919} INFO - Setting next_dagrun for tutorial to 2022-08-13T13:15:50.541739+00:00, run_after=2022-08-14T13:15:50.541739+00:00
[2022-08-14 13:15:50,564] {processor.py:161} INFO - Processing /home/airflow/.local/lib/python3.7/site-packages/airflow/example_dags/tutorial.py took 0.155 seconds
[2022-08-14 13:16:45,724] {processor.py:153} INFO - Started process (PID=10880) to work on /home/airflow/.local/lib/python3.7/site-packages/airflow/example_dags/tutorial.py
[2022-08-14 13:16:45,725] {processor.py:641} INFO - Processing file /home/airflow/.local/lib/python3.7/site-packages/airflow/example_dags/tutorial.py for tasks to queue
[2022-08-14 13:16:45,727] {logging_mixin.py:115} INFO - [2022-08-14 13:16:45,727] {dagbag.py:507} INFO - Filling up the DagBag from /home/airflow/.local/lib/python3.7/site-packages/airflow/example_dags/tutorial.py
[2022-08-14 13:16:45,734] {processor.py:651} INFO - DAG(s) dict_keys(['tutorial']) retrieved from /home/airflow/.local/lib/python3.7/site-packages/airflow/example_dags/tutorial.py
[2022-08-14 13:16:45,765] {logging_mixin.py:115} INFO - [2022-08-14 13:16:45,765] {dag.py:2371} INFO - Sync 1 DAGs
[2022-08-14 13:16:45,786] {logging_mixin.py:115} INFO - [2022-08-14 13:16:45,786] {dag.py:2919} INFO - Setting next_dagrun for tutorial to 2022-08-13T13:16:45.786407+00:00, run_after=2022-08-14T13:16:45.786407+00:00
[2022-08-14 13:16:45,799] {processor.py:161} INFO - Processing /home/airflow/.local/lib/python3.7/site-packages/airflow/example_dags/tutorial.py took 0.079 seconds
[2022-08-14 16:37:22,862] {processor.py:153} INFO - Started process (PID=10933) to work on /home/airflow/.local/lib/python3.7/site-packages/airflow/example_dags/tutorial.py
[2022-08-14 16:37:22,864] {processor.py:641} INFO - Processing file /home/airflow/.local/lib/python3.7/site-packages/airflow/example_dags/tutorial.py for tasks to queue
[2022-08-14 16:37:22,865] {logging_mixin.py:115} INFO - [2022-08-14 16:37:22,865] {dagbag.py:507} INFO - Filling up the DagBag from /home/airflow/.local/lib/python3.7/site-packages/airflow/example_dags/tutorial.py
[2022-08-14 16:37:22,877] {processor.py:651} INFO - DAG(s) dict_keys(['tutorial']) retrieved from /home/airflow/.local/lib/python3.7/site-packages/airflow/example_dags/tutorial.py
[2022-08-14 16:37:22,943] {logging_mixin.py:115} INFO - [2022-08-14 16:37:22,943] {dag.py:2371} INFO - Sync 1 DAGs
[2022-08-14 16:37:22,972] {logging_mixin.py:115} INFO - [2022-08-14 16:37:22,971] {dag.py:2919} INFO - Setting next_dagrun for tutorial to 2022-08-13T16:37:22.971446+00:00, run_after=2022-08-14T16:37:22.971446+00:00
[2022-08-14 16:37:22,988] {processor.py:161} INFO - Processing /home/airflow/.local/lib/python3.7/site-packages/airflow/example_dags/tutorial.py took 0.134 seconds
