[2022-07-20 04:54:08,167] {taskinstance.py:1159} INFO - Dependencies all met for <TaskInstance: example_bash_operator.runme_0 scheduled__2022-07-19T00:00:00+00:00 [queued]>
[2022-07-20 04:54:08,314] {taskinstance.py:1159} INFO - Dependencies all met for <TaskInstance: example_bash_operator.runme_0 scheduled__2022-07-19T00:00:00+00:00 [queued]>
[2022-07-20 04:54:08,317] {taskinstance.py:1356} INFO - 
--------------------------------------------------------------------------------
[2022-07-20 04:54:08,319] {taskinstance.py:1357} INFO - Starting attempt 1 of 1
[2022-07-20 04:54:08,332] {taskinstance.py:1358} INFO - 
--------------------------------------------------------------------------------
[2022-07-20 04:54:09,175] {taskinstance.py:1377} INFO - Executing <Task(BashOperator): runme_0> on 2022-07-19 00:00:00+00:00
[2022-07-20 04:54:09,254] {standard_task_runner.py:52} INFO - Started process 1399 to run task
[2022-07-20 04:54:09,294] {standard_task_runner.py:79} INFO - Running: ['***', 'tasks', 'run', 'example_bash_operator', 'runme_0', 'scheduled__2022-07-19T00:00:00+00:00', '--job-id', '5', '--raw', '--subdir', '/home/***/.local/lib/python3.7/site-packages/***/example_dags/example_bash_operator.py', '--cfg-path', '/tmp/tmpjsc_t8p7', '--error-file', '/tmp/tmpmbzy_g8e']
[2022-07-20 04:54:09,296] {standard_task_runner.py:80} INFO - Job 5: Subtask runme_0
[2022-07-20 04:54:11,630] {task_command.py:369} INFO - Running <TaskInstance: example_bash_operator.runme_0 scheduled__2022-07-19T00:00:00+00:00 [running]> on host ea504f80065b
[2022-07-20 04:54:13,781] {taskinstance.py:1571} INFO - Exporting the following env vars:
AIRFLOW_CTX_DAG_OWNER=***
AIRFLOW_CTX_DAG_ID=example_bash_operator
AIRFLOW_CTX_TASK_ID=runme_0
AIRFLOW_CTX_EXECUTION_DATE=2022-07-19T00:00:00+00:00
AIRFLOW_CTX_TRY_NUMBER=1
AIRFLOW_CTX_DAG_RUN_ID=scheduled__2022-07-19T00:00:00+00:00
[2022-07-20 04:54:13,845] {subprocess.py:62} INFO - Tmp dir root location: 
 /tmp
[2022-07-20 04:54:13,893] {subprocess.py:74} INFO - Running command: ['bash', '-c', 'echo "example_bash_operator__runme_0__20220719" && sleep 1']
[2022-07-20 04:54:14,630] {subprocess.py:85} INFO - Output:
[2022-07-20 04:54:14,848] {subprocess.py:92} INFO - example_bash_operator__runme_0__20220719
[2022-07-20 04:54:15,916] {subprocess.py:96} INFO - Command exited with return code 0
[2022-07-20 04:54:16,920] {taskinstance.py:1400} INFO - Marking task as SUCCESS. dag_id=example_bash_operator, task_id=runme_0, execution_date=20220719T000000, start_date=20220720T045408, end_date=20220720T045416
[2022-07-20 04:54:17,795] {local_task_job.py:156} INFO - Task exited with return code 0
[2022-07-20 04:54:18,437] {local_task_job.py:273} INFO - 0 downstream tasks scheduled from follow-on schedule check
