[2022-08-19 00:19:04,315] {processor.py:153} INFO - Started process (PID=25544) to work on /home/airflow/.local/lib/python3.7/site-packages/airflow/example_dags/example_branch_day_of_week_operator.py
[2022-08-19 00:19:04,318] {processor.py:641} INFO - Processing file /home/airflow/.local/lib/python3.7/site-packages/airflow/example_dags/example_branch_day_of_week_operator.py for tasks to queue
[2022-08-19 00:19:04,333] {logging_mixin.py:115} INFO - [2022-08-19 00:19:04,333] {dagbag.py:507} INFO - Filling up the DagBag from /home/airflow/.local/lib/python3.7/site-packages/airflow/example_dags/example_branch_day_of_week_operator.py
[2022-08-19 00:19:04,488] {processor.py:651} INFO - DAG(s) dict_keys(['example_weekday_branch_operator']) retrieved from /home/airflow/.local/lib/python3.7/site-packages/airflow/example_dags/example_branch_day_of_week_operator.py
[2022-08-19 00:19:04,876] {logging_mixin.py:115} INFO - [2022-08-19 00:19:04,875] {dag.py:2371} INFO - Sync 1 DAGs
[2022-08-19 00:19:05,050] {logging_mixin.py:115} INFO - [2022-08-19 00:19:05,050] {dag.py:2919} INFO - Setting next_dagrun for example_weekday_branch_operator to 2022-08-18T00:00:00+00:00, run_after=2022-08-19T00:00:00+00:00
[2022-08-19 00:19:05,159] {processor.py:161} INFO - Processing /home/airflow/.local/lib/python3.7/site-packages/airflow/example_dags/example_branch_day_of_week_operator.py took 0.891 seconds
[2022-08-19 01:21:23,649] {processor.py:153} INFO - Started process (PID=25587) to work on /home/airflow/.local/lib/python3.7/site-packages/airflow/example_dags/example_branch_day_of_week_operator.py
[2022-08-19 01:21:23,651] {processor.py:641} INFO - Processing file /home/airflow/.local/lib/python3.7/site-packages/airflow/example_dags/example_branch_day_of_week_operator.py for tasks to queue
[2022-08-19 01:21:23,654] {logging_mixin.py:115} INFO - [2022-08-19 01:21:23,653] {dagbag.py:507} INFO - Filling up the DagBag from /home/airflow/.local/lib/python3.7/site-packages/airflow/example_dags/example_branch_day_of_week_operator.py
[2022-08-19 01:21:23,687] {processor.py:651} INFO - DAG(s) dict_keys(['example_weekday_branch_operator']) retrieved from /home/airflow/.local/lib/python3.7/site-packages/airflow/example_dags/example_branch_day_of_week_operator.py
[2022-08-19 01:21:23,775] {logging_mixin.py:115} INFO - [2022-08-19 01:21:23,775] {dag.py:2371} INFO - Sync 1 DAGs
[2022-08-19 01:21:23,825] {logging_mixin.py:115} INFO - [2022-08-19 01:21:23,825] {dag.py:2919} INFO - Setting next_dagrun for example_weekday_branch_operator to 2022-08-18T00:00:00+00:00, run_after=2022-08-19T00:00:00+00:00
[2022-08-19 01:21:23,853] {processor.py:161} INFO - Processing /home/airflow/.local/lib/python3.7/site-packages/airflow/example_dags/example_branch_day_of_week_operator.py took 0.221 seconds
[2022-08-19 01:26:43,439] {processor.py:153} INFO - Started process (PID=25648) to work on /home/airflow/.local/lib/python3.7/site-packages/airflow/example_dags/example_branch_day_of_week_operator.py
[2022-08-19 01:26:43,444] {processor.py:641} INFO - Processing file /home/airflow/.local/lib/python3.7/site-packages/airflow/example_dags/example_branch_day_of_week_operator.py for tasks to queue
[2022-08-19 01:26:43,446] {logging_mixin.py:115} INFO - [2022-08-19 01:26:43,446] {dagbag.py:507} INFO - Filling up the DagBag from /home/airflow/.local/lib/python3.7/site-packages/airflow/example_dags/example_branch_day_of_week_operator.py
[2022-08-19 01:26:43,467] {processor.py:651} INFO - DAG(s) dict_keys(['example_weekday_branch_operator']) retrieved from /home/airflow/.local/lib/python3.7/site-packages/airflow/example_dags/example_branch_day_of_week_operator.py
[2022-08-19 01:26:43,560] {logging_mixin.py:115} INFO - [2022-08-19 01:26:43,560] {dag.py:2371} INFO - Sync 1 DAGs
[2022-08-19 01:26:43,654] {logging_mixin.py:115} INFO - [2022-08-19 01:26:43,654] {dag.py:2919} INFO - Setting next_dagrun for example_weekday_branch_operator to 2022-08-18T00:00:00+00:00, run_after=2022-08-19T00:00:00+00:00
[2022-08-19 01:26:43,682] {processor.py:161} INFO - Processing /home/airflow/.local/lib/python3.7/site-packages/airflow/example_dags/example_branch_day_of_week_operator.py took 0.248 seconds
[2022-08-19 01:27:14,493] {processor.py:153} INFO - Started process (PID=25701) to work on /home/airflow/.local/lib/python3.7/site-packages/airflow/example_dags/example_branch_day_of_week_operator.py
[2022-08-19 01:27:14,495] {processor.py:641} INFO - Processing file /home/airflow/.local/lib/python3.7/site-packages/airflow/example_dags/example_branch_day_of_week_operator.py for tasks to queue
[2022-08-19 01:27:14,496] {logging_mixin.py:115} INFO - [2022-08-19 01:27:14,496] {dagbag.py:507} INFO - Filling up the DagBag from /home/airflow/.local/lib/python3.7/site-packages/airflow/example_dags/example_branch_day_of_week_operator.py
[2022-08-19 01:27:14,512] {processor.py:651} INFO - DAG(s) dict_keys(['example_weekday_branch_operator']) retrieved from /home/airflow/.local/lib/python3.7/site-packages/airflow/example_dags/example_branch_day_of_week_operator.py
[2022-08-19 01:27:14,555] {logging_mixin.py:115} INFO - [2022-08-19 01:27:14,555] {dag.py:2371} INFO - Sync 1 DAGs
[2022-08-19 01:27:14,589] {logging_mixin.py:115} INFO - [2022-08-19 01:27:14,589] {dag.py:2919} INFO - Setting next_dagrun for example_weekday_branch_operator to 2022-08-18T00:00:00+00:00, run_after=2022-08-19T00:00:00+00:00
[2022-08-19 01:27:14,608] {processor.py:161} INFO - Processing /home/airflow/.local/lib/python3.7/site-packages/airflow/example_dags/example_branch_day_of_week_operator.py took 0.128 seconds
[2022-08-19 01:27:45,248] {processor.py:153} INFO - Started process (PID=25762) to work on /home/airflow/.local/lib/python3.7/site-packages/airflow/example_dags/example_branch_day_of_week_operator.py
[2022-08-19 01:27:45,250] {processor.py:641} INFO - Processing file /home/airflow/.local/lib/python3.7/site-packages/airflow/example_dags/example_branch_day_of_week_operator.py for tasks to queue
[2022-08-19 01:27:45,251] {logging_mixin.py:115} INFO - [2022-08-19 01:27:45,251] {dagbag.py:507} INFO - Filling up the DagBag from /home/airflow/.local/lib/python3.7/site-packages/airflow/example_dags/example_branch_day_of_week_operator.py
[2022-08-19 01:27:45,261] {processor.py:651} INFO - DAG(s) dict_keys(['example_weekday_branch_operator']) retrieved from /home/airflow/.local/lib/python3.7/site-packages/airflow/example_dags/example_branch_day_of_week_operator.py
[2022-08-19 01:27:45,292] {logging_mixin.py:115} INFO - [2022-08-19 01:27:45,292] {dag.py:2371} INFO - Sync 1 DAGs
[2022-08-19 01:27:45,319] {logging_mixin.py:115} INFO - [2022-08-19 01:27:45,319] {dag.py:2919} INFO - Setting next_dagrun for example_weekday_branch_operator to 2022-08-18T00:00:00+00:00, run_after=2022-08-19T00:00:00+00:00
[2022-08-19 01:27:45,333] {processor.py:161} INFO - Processing /home/airflow/.local/lib/python3.7/site-packages/airflow/example_dags/example_branch_day_of_week_operator.py took 0.096 seconds
[2022-08-19 01:28:15,596] {processor.py:153} INFO - Started process (PID=25823) to work on /home/airflow/.local/lib/python3.7/site-packages/airflow/example_dags/example_branch_day_of_week_operator.py
[2022-08-19 01:28:15,597] {processor.py:641} INFO - Processing file /home/airflow/.local/lib/python3.7/site-packages/airflow/example_dags/example_branch_day_of_week_operator.py for tasks to queue
[2022-08-19 01:28:15,598] {logging_mixin.py:115} INFO - [2022-08-19 01:28:15,598] {dagbag.py:507} INFO - Filling up the DagBag from /home/airflow/.local/lib/python3.7/site-packages/airflow/example_dags/example_branch_day_of_week_operator.py
[2022-08-19 01:28:15,608] {processor.py:651} INFO - DAG(s) dict_keys(['example_weekday_branch_operator']) retrieved from /home/airflow/.local/lib/python3.7/site-packages/airflow/example_dags/example_branch_day_of_week_operator.py
[2022-08-19 01:28:15,644] {logging_mixin.py:115} INFO - [2022-08-19 01:28:15,644] {dag.py:2371} INFO - Sync 1 DAGs
[2022-08-19 01:28:15,670] {logging_mixin.py:115} INFO - [2022-08-19 01:28:15,670] {dag.py:2919} INFO - Setting next_dagrun for example_weekday_branch_operator to 2022-08-18T00:00:00+00:00, run_after=2022-08-19T00:00:00+00:00
[2022-08-19 01:28:15,690] {processor.py:161} INFO - Processing /home/airflow/.local/lib/python3.7/site-packages/airflow/example_dags/example_branch_day_of_week_operator.py took 0.099 seconds
[2022-08-19 01:28:46,087] {processor.py:153} INFO - Started process (PID=25875) to work on /home/airflow/.local/lib/python3.7/site-packages/airflow/example_dags/example_branch_day_of_week_operator.py
[2022-08-19 01:28:46,088] {processor.py:641} INFO - Processing file /home/airflow/.local/lib/python3.7/site-packages/airflow/example_dags/example_branch_day_of_week_operator.py for tasks to queue
[2022-08-19 01:28:46,090] {logging_mixin.py:115} INFO - [2022-08-19 01:28:46,090] {dagbag.py:507} INFO - Filling up the DagBag from /home/airflow/.local/lib/python3.7/site-packages/airflow/example_dags/example_branch_day_of_week_operator.py
[2022-08-19 01:28:46,099] {processor.py:651} INFO - DAG(s) dict_keys(['example_weekday_branch_operator']) retrieved from /home/airflow/.local/lib/python3.7/site-packages/airflow/example_dags/example_branch_day_of_week_operator.py
[2022-08-19 01:28:46,129] {logging_mixin.py:115} INFO - [2022-08-19 01:28:46,129] {dag.py:2371} INFO - Sync 1 DAGs
[2022-08-19 01:28:46,153] {logging_mixin.py:115} INFO - [2022-08-19 01:28:46,152] {dag.py:2919} INFO - Setting next_dagrun for example_weekday_branch_operator to 2022-08-18T00:00:00+00:00, run_after=2022-08-19T00:00:00+00:00
[2022-08-19 01:28:46,173] {processor.py:161} INFO - Processing /home/airflow/.local/lib/python3.7/site-packages/airflow/example_dags/example_branch_day_of_week_operator.py took 0.091 seconds
[2022-08-19 01:29:16,323] {processor.py:153} INFO - Started process (PID=25936) to work on /home/airflow/.local/lib/python3.7/site-packages/airflow/example_dags/example_branch_day_of_week_operator.py
[2022-08-19 01:29:16,324] {processor.py:641} INFO - Processing file /home/airflow/.local/lib/python3.7/site-packages/airflow/example_dags/example_branch_day_of_week_operator.py for tasks to queue
[2022-08-19 01:29:16,325] {logging_mixin.py:115} INFO - [2022-08-19 01:29:16,325] {dagbag.py:507} INFO - Filling up the DagBag from /home/airflow/.local/lib/python3.7/site-packages/airflow/example_dags/example_branch_day_of_week_operator.py
[2022-08-19 01:29:16,334] {processor.py:651} INFO - DAG(s) dict_keys(['example_weekday_branch_operator']) retrieved from /home/airflow/.local/lib/python3.7/site-packages/airflow/example_dags/example_branch_day_of_week_operator.py
[2022-08-19 01:29:16,366] {logging_mixin.py:115} INFO - [2022-08-19 01:29:16,365] {dag.py:2371} INFO - Sync 1 DAGs
[2022-08-19 01:29:16,388] {logging_mixin.py:115} INFO - [2022-08-19 01:29:16,388] {dag.py:2919} INFO - Setting next_dagrun for example_weekday_branch_operator to 2022-08-18T00:00:00+00:00, run_after=2022-08-19T00:00:00+00:00
[2022-08-19 01:29:16,404] {processor.py:161} INFO - Processing /home/airflow/.local/lib/python3.7/site-packages/airflow/example_dags/example_branch_day_of_week_operator.py took 0.085 seconds
[2022-08-19 01:29:46,513] {processor.py:153} INFO - Started process (PID=25996) to work on /home/airflow/.local/lib/python3.7/site-packages/airflow/example_dags/example_branch_day_of_week_operator.py
[2022-08-19 01:29:46,514] {processor.py:641} INFO - Processing file /home/airflow/.local/lib/python3.7/site-packages/airflow/example_dags/example_branch_day_of_week_operator.py for tasks to queue
[2022-08-19 01:29:46,517] {logging_mixin.py:115} INFO - [2022-08-19 01:29:46,516] {dagbag.py:507} INFO - Filling up the DagBag from /home/airflow/.local/lib/python3.7/site-packages/airflow/example_dags/example_branch_day_of_week_operator.py
[2022-08-19 01:29:46,526] {processor.py:651} INFO - DAG(s) dict_keys(['example_weekday_branch_operator']) retrieved from /home/airflow/.local/lib/python3.7/site-packages/airflow/example_dags/example_branch_day_of_week_operator.py
[2022-08-19 01:29:46,556] {logging_mixin.py:115} INFO - [2022-08-19 01:29:46,556] {dag.py:2371} INFO - Sync 1 DAGs
[2022-08-19 01:29:46,581] {logging_mixin.py:115} INFO - [2022-08-19 01:29:46,581] {dag.py:2919} INFO - Setting next_dagrun for example_weekday_branch_operator to 2022-08-18T00:00:00+00:00, run_after=2022-08-19T00:00:00+00:00
[2022-08-19 01:29:46,595] {processor.py:161} INFO - Processing /home/airflow/.local/lib/python3.7/site-packages/airflow/example_dags/example_branch_day_of_week_operator.py took 0.085 seconds
[2022-08-19 01:30:16,972] {processor.py:153} INFO - Started process (PID=26050) to work on /home/airflow/.local/lib/python3.7/site-packages/airflow/example_dags/example_branch_day_of_week_operator.py
[2022-08-19 01:30:16,973] {processor.py:641} INFO - Processing file /home/airflow/.local/lib/python3.7/site-packages/airflow/example_dags/example_branch_day_of_week_operator.py for tasks to queue
[2022-08-19 01:30:16,974] {logging_mixin.py:115} INFO - [2022-08-19 01:30:16,974] {dagbag.py:507} INFO - Filling up the DagBag from /home/airflow/.local/lib/python3.7/site-packages/airflow/example_dags/example_branch_day_of_week_operator.py
[2022-08-19 01:30:16,985] {processor.py:651} INFO - DAG(s) dict_keys(['example_weekday_branch_operator']) retrieved from /home/airflow/.local/lib/python3.7/site-packages/airflow/example_dags/example_branch_day_of_week_operator.py
[2022-08-19 01:30:17,014] {logging_mixin.py:115} INFO - [2022-08-19 01:30:17,014] {dag.py:2371} INFO - Sync 1 DAGs
[2022-08-19 01:30:17,040] {logging_mixin.py:115} INFO - [2022-08-19 01:30:17,039] {dag.py:2919} INFO - Setting next_dagrun for example_weekday_branch_operator to 2022-08-18T00:00:00+00:00, run_after=2022-08-19T00:00:00+00:00
[2022-08-19 01:30:17,060] {processor.py:161} INFO - Processing /home/airflow/.local/lib/python3.7/site-packages/airflow/example_dags/example_branch_day_of_week_operator.py took 0.094 seconds
[2022-08-19 01:30:47,482] {processor.py:153} INFO - Started process (PID=26111) to work on /home/airflow/.local/lib/python3.7/site-packages/airflow/example_dags/example_branch_day_of_week_operator.py
[2022-08-19 01:30:47,483] {processor.py:641} INFO - Processing file /home/airflow/.local/lib/python3.7/site-packages/airflow/example_dags/example_branch_day_of_week_operator.py for tasks to queue
[2022-08-19 01:30:47,484] {logging_mixin.py:115} INFO - [2022-08-19 01:30:47,484] {dagbag.py:507} INFO - Filling up the DagBag from /home/airflow/.local/lib/python3.7/site-packages/airflow/example_dags/example_branch_day_of_week_operator.py
[2022-08-19 01:30:47,496] {processor.py:651} INFO - DAG(s) dict_keys(['example_weekday_branch_operator']) retrieved from /home/airflow/.local/lib/python3.7/site-packages/airflow/example_dags/example_branch_day_of_week_operator.py
[2022-08-19 01:30:47,532] {logging_mixin.py:115} INFO - [2022-08-19 01:30:47,532] {dag.py:2371} INFO - Sync 1 DAGs
[2022-08-19 01:30:47,571] {logging_mixin.py:115} INFO - [2022-08-19 01:30:47,571] {dag.py:2919} INFO - Setting next_dagrun for example_weekday_branch_operator to 2022-08-18T00:00:00+00:00, run_after=2022-08-19T00:00:00+00:00
[2022-08-19 01:30:47,585] {processor.py:161} INFO - Processing /home/airflow/.local/lib/python3.7/site-packages/airflow/example_dags/example_branch_day_of_week_operator.py took 0.106 seconds
[2022-08-19 01:31:17,679] {processor.py:153} INFO - Started process (PID=26170) to work on /home/airflow/.local/lib/python3.7/site-packages/airflow/example_dags/example_branch_day_of_week_operator.py
[2022-08-19 01:31:17,680] {processor.py:641} INFO - Processing file /home/airflow/.local/lib/python3.7/site-packages/airflow/example_dags/example_branch_day_of_week_operator.py for tasks to queue
[2022-08-19 01:31:17,681] {logging_mixin.py:115} INFO - [2022-08-19 01:31:17,681] {dagbag.py:507} INFO - Filling up the DagBag from /home/airflow/.local/lib/python3.7/site-packages/airflow/example_dags/example_branch_day_of_week_operator.py
[2022-08-19 01:31:17,690] {processor.py:651} INFO - DAG(s) dict_keys(['example_weekday_branch_operator']) retrieved from /home/airflow/.local/lib/python3.7/site-packages/airflow/example_dags/example_branch_day_of_week_operator.py
[2022-08-19 01:31:17,718] {logging_mixin.py:115} INFO - [2022-08-19 01:31:17,718] {dag.py:2371} INFO - Sync 1 DAGs
[2022-08-19 01:31:17,741] {logging_mixin.py:115} INFO - [2022-08-19 01:31:17,741] {dag.py:2919} INFO - Setting next_dagrun for example_weekday_branch_operator to 2022-08-18T00:00:00+00:00, run_after=2022-08-19T00:00:00+00:00
[2022-08-19 01:31:17,753] {processor.py:161} INFO - Processing /home/airflow/.local/lib/python3.7/site-packages/airflow/example_dags/example_branch_day_of_week_operator.py took 0.080 seconds
[2022-08-19 01:31:48,039] {processor.py:153} INFO - Started process (PID=26224) to work on /home/airflow/.local/lib/python3.7/site-packages/airflow/example_dags/example_branch_day_of_week_operator.py
[2022-08-19 01:31:48,040] {processor.py:641} INFO - Processing file /home/airflow/.local/lib/python3.7/site-packages/airflow/example_dags/example_branch_day_of_week_operator.py for tasks to queue
[2022-08-19 01:31:48,041] {logging_mixin.py:115} INFO - [2022-08-19 01:31:48,041] {dagbag.py:507} INFO - Filling up the DagBag from /home/airflow/.local/lib/python3.7/site-packages/airflow/example_dags/example_branch_day_of_week_operator.py
[2022-08-19 01:31:48,053] {processor.py:651} INFO - DAG(s) dict_keys(['example_weekday_branch_operator']) retrieved from /home/airflow/.local/lib/python3.7/site-packages/airflow/example_dags/example_branch_day_of_week_operator.py
[2022-08-19 01:31:48,083] {logging_mixin.py:115} INFO - [2022-08-19 01:31:48,083] {dag.py:2371} INFO - Sync 1 DAGs
[2022-08-19 01:31:48,105] {logging_mixin.py:115} INFO - [2022-08-19 01:31:48,104] {dag.py:2919} INFO - Setting next_dagrun for example_weekday_branch_operator to 2022-08-18T00:00:00+00:00, run_after=2022-08-19T00:00:00+00:00
[2022-08-19 01:31:48,117] {processor.py:161} INFO - Processing /home/airflow/.local/lib/python3.7/site-packages/airflow/example_dags/example_branch_day_of_week_operator.py took 0.083 seconds
[2022-08-19 01:32:37,465] {processor.py:153} INFO - Started process (PID=26276) to work on /home/airflow/.local/lib/python3.7/site-packages/airflow/example_dags/example_branch_day_of_week_operator.py
[2022-08-19 01:32:37,466] {processor.py:641} INFO - Processing file /home/airflow/.local/lib/python3.7/site-packages/airflow/example_dags/example_branch_day_of_week_operator.py for tasks to queue
[2022-08-19 01:32:37,467] {logging_mixin.py:115} INFO - [2022-08-19 01:32:37,467] {dagbag.py:507} INFO - Filling up the DagBag from /home/airflow/.local/lib/python3.7/site-packages/airflow/example_dags/example_branch_day_of_week_operator.py
[2022-08-19 01:32:37,478] {processor.py:651} INFO - DAG(s) dict_keys(['example_weekday_branch_operator']) retrieved from /home/airflow/.local/lib/python3.7/site-packages/airflow/example_dags/example_branch_day_of_week_operator.py
[2022-08-19 01:32:37,510] {logging_mixin.py:115} INFO - [2022-08-19 01:32:37,510] {dag.py:2371} INFO - Sync 1 DAGs
[2022-08-19 01:32:37,532] {logging_mixin.py:115} INFO - [2022-08-19 01:32:37,532] {dag.py:2919} INFO - Setting next_dagrun for example_weekday_branch_operator to 2022-08-18T00:00:00+00:00, run_after=2022-08-19T00:00:00+00:00
[2022-08-19 01:32:37,547] {processor.py:161} INFO - Processing /home/airflow/.local/lib/python3.7/site-packages/airflow/example_dags/example_branch_day_of_week_operator.py took 0.086 seconds
[2022-08-19 03:33:05,844] {processor.py:153} INFO - Started process (PID=26329) to work on /home/airflow/.local/lib/python3.7/site-packages/airflow/example_dags/example_branch_day_of_week_operator.py
[2022-08-19 03:33:05,845] {processor.py:641} INFO - Processing file /home/airflow/.local/lib/python3.7/site-packages/airflow/example_dags/example_branch_day_of_week_operator.py for tasks to queue
[2022-08-19 03:33:05,847] {logging_mixin.py:115} INFO - [2022-08-19 03:33:05,847] {dagbag.py:507} INFO - Filling up the DagBag from /home/airflow/.local/lib/python3.7/site-packages/airflow/example_dags/example_branch_day_of_week_operator.py
[2022-08-19 03:33:05,863] {processor.py:651} INFO - DAG(s) dict_keys(['example_weekday_branch_operator']) retrieved from /home/airflow/.local/lib/python3.7/site-packages/airflow/example_dags/example_branch_day_of_week_operator.py
[2022-08-19 03:33:05,908] {logging_mixin.py:115} INFO - [2022-08-19 03:33:05,907] {dag.py:2371} INFO - Sync 1 DAGs
[2022-08-19 03:33:05,935] {logging_mixin.py:115} INFO - [2022-08-19 03:33:05,935] {dag.py:2919} INFO - Setting next_dagrun for example_weekday_branch_operator to 2022-08-18T00:00:00+00:00, run_after=2022-08-19T00:00:00+00:00
[2022-08-19 03:33:05,957] {processor.py:161} INFO - Processing /home/airflow/.local/lib/python3.7/site-packages/airflow/example_dags/example_branch_day_of_week_operator.py took 0.117 seconds
[2022-08-19 06:13:52,837] {processor.py:153} INFO - Started process (PID=26380) to work on /home/airflow/.local/lib/python3.7/site-packages/airflow/example_dags/example_branch_day_of_week_operator.py
[2022-08-19 06:13:52,839] {processor.py:641} INFO - Processing file /home/airflow/.local/lib/python3.7/site-packages/airflow/example_dags/example_branch_day_of_week_operator.py for tasks to queue
[2022-08-19 06:13:52,840] {logging_mixin.py:115} INFO - [2022-08-19 06:13:52,840] {dagbag.py:507} INFO - Filling up the DagBag from /home/airflow/.local/lib/python3.7/site-packages/airflow/example_dags/example_branch_day_of_week_operator.py
[2022-08-19 06:13:52,860] {processor.py:651} INFO - DAG(s) dict_keys(['example_weekday_branch_operator']) retrieved from /home/airflow/.local/lib/python3.7/site-packages/airflow/example_dags/example_branch_day_of_week_operator.py
[2022-08-19 06:13:52,908] {logging_mixin.py:115} INFO - [2022-08-19 06:13:52,908] {dag.py:2371} INFO - Sync 1 DAGs
[2022-08-19 06:13:52,937] {logging_mixin.py:115} INFO - [2022-08-19 06:13:52,936] {dag.py:2919} INFO - Setting next_dagrun for example_weekday_branch_operator to 2022-08-18T00:00:00+00:00, run_after=2022-08-19T00:00:00+00:00
[2022-08-19 06:13:52,950] {processor.py:161} INFO - Processing /home/airflow/.local/lib/python3.7/site-packages/airflow/example_dags/example_branch_day_of_week_operator.py took 0.117 seconds
