[2022-08-19 00:18:55,398] {processor.py:153} INFO - Started process (PID=25520) to work on /home/airflow/.local/lib/python3.7/site-packages/airflow/example_dags/example_branch_operator.py
[2022-08-19 00:18:55,416] {processor.py:641} INFO - Processing file /home/airflow/.local/lib/python3.7/site-packages/airflow/example_dags/example_branch_operator.py for tasks to queue
[2022-08-19 00:18:55,418] {logging_mixin.py:115} INFO - [2022-08-19 00:18:55,418] {dagbag.py:507} INFO - Filling up the DagBag from /home/airflow/.local/lib/python3.7/site-packages/airflow/example_dags/example_branch_operator.py
[2022-08-19 00:18:55,510] {processor.py:651} INFO - DAG(s) dict_keys(['example_branch_operator']) retrieved from /home/airflow/.local/lib/python3.7/site-packages/airflow/example_dags/example_branch_operator.py
[2022-08-19 00:18:55,621] {logging_mixin.py:115} INFO - [2022-08-19 00:18:55,621] {dag.py:2371} INFO - Sync 1 DAGs
[2022-08-19 00:18:55,697] {logging_mixin.py:115} INFO - [2022-08-19 00:18:55,697] {dag.py:2919} INFO - Setting next_dagrun for example_branch_operator to 2022-08-18T00:00:00+00:00, run_after=2022-08-19T00:00:00+00:00
[2022-08-19 00:18:55,751] {processor.py:161} INFO - Processing /home/airflow/.local/lib/python3.7/site-packages/airflow/example_dags/example_branch_operator.py took 0.365 seconds
[2022-08-19 01:21:20,043] {processor.py:153} INFO - Started process (PID=25571) to work on /home/airflow/.local/lib/python3.7/site-packages/airflow/example_dags/example_branch_operator.py
[2022-08-19 01:21:20,051] {processor.py:641} INFO - Processing file /home/airflow/.local/lib/python3.7/site-packages/airflow/example_dags/example_branch_operator.py for tasks to queue
[2022-08-19 01:21:20,056] {logging_mixin.py:115} INFO - [2022-08-19 01:21:20,056] {dagbag.py:507} INFO - Filling up the DagBag from /home/airflow/.local/lib/python3.7/site-packages/airflow/example_dags/example_branch_operator.py
[2022-08-19 01:21:20,177] {processor.py:651} INFO - DAG(s) dict_keys(['example_branch_operator']) retrieved from /home/airflow/.local/lib/python3.7/site-packages/airflow/example_dags/example_branch_operator.py
[2022-08-19 01:21:20,381] {logging_mixin.py:115} INFO - [2022-08-19 01:21:20,381] {dag.py:2371} INFO - Sync 1 DAGs
[2022-08-19 01:21:20,521] {logging_mixin.py:115} INFO - [2022-08-19 01:21:20,521] {dag.py:2919} INFO - Setting next_dagrun for example_branch_operator to 2022-08-18T00:00:00+00:00, run_after=2022-08-19T00:00:00+00:00
[2022-08-19 01:21:20,550] {processor.py:161} INFO - Processing /home/airflow/.local/lib/python3.7/site-packages/airflow/example_dags/example_branch_operator.py took 0.528 seconds
[2022-08-19 01:26:39,371] {processor.py:153} INFO - Started process (PID=25624) to work on /home/airflow/.local/lib/python3.7/site-packages/airflow/example_dags/example_branch_operator.py
[2022-08-19 01:26:39,383] {processor.py:641} INFO - Processing file /home/airflow/.local/lib/python3.7/site-packages/airflow/example_dags/example_branch_operator.py for tasks to queue
[2022-08-19 01:26:39,385] {logging_mixin.py:115} INFO - [2022-08-19 01:26:39,384] {dagbag.py:507} INFO - Filling up the DagBag from /home/airflow/.local/lib/python3.7/site-packages/airflow/example_dags/example_branch_operator.py
[2022-08-19 01:26:39,447] {processor.py:651} INFO - DAG(s) dict_keys(['example_branch_operator']) retrieved from /home/airflow/.local/lib/python3.7/site-packages/airflow/example_dags/example_branch_operator.py
[2022-08-19 01:26:40,143] {logging_mixin.py:115} INFO - [2022-08-19 01:26:40,143] {dag.py:2371} INFO - Sync 1 DAGs
[2022-08-19 01:26:40,367] {logging_mixin.py:115} INFO - [2022-08-19 01:26:40,348] {dag.py:2919} INFO - Setting next_dagrun for example_branch_operator to 2022-08-18T00:00:00+00:00, run_after=2022-08-19T00:00:00+00:00
[2022-08-19 01:26:40,463] {processor.py:161} INFO - Processing /home/airflow/.local/lib/python3.7/site-packages/airflow/example_dags/example_branch_operator.py took 1.103 seconds
[2022-08-19 01:27:11,464] {processor.py:153} INFO - Started process (PID=25685) to work on /home/airflow/.local/lib/python3.7/site-packages/airflow/example_dags/example_branch_operator.py
[2022-08-19 01:27:11,469] {processor.py:641} INFO - Processing file /home/airflow/.local/lib/python3.7/site-packages/airflow/example_dags/example_branch_operator.py for tasks to queue
[2022-08-19 01:27:11,470] {logging_mixin.py:115} INFO - [2022-08-19 01:27:11,470] {dagbag.py:507} INFO - Filling up the DagBag from /home/airflow/.local/lib/python3.7/site-packages/airflow/example_dags/example_branch_operator.py
[2022-08-19 01:27:11,484] {processor.py:651} INFO - DAG(s) dict_keys(['example_branch_operator']) retrieved from /home/airflow/.local/lib/python3.7/site-packages/airflow/example_dags/example_branch_operator.py
[2022-08-19 01:27:11,519] {logging_mixin.py:115} INFO - [2022-08-19 01:27:11,519] {dag.py:2371} INFO - Sync 1 DAGs
[2022-08-19 01:27:11,575] {logging_mixin.py:115} INFO - [2022-08-19 01:27:11,575] {dag.py:2919} INFO - Setting next_dagrun for example_branch_operator to 2022-08-18T00:00:00+00:00, run_after=2022-08-19T00:00:00+00:00
[2022-08-19 01:27:11,609] {processor.py:161} INFO - Processing /home/airflow/.local/lib/python3.7/site-packages/airflow/example_dags/example_branch_operator.py took 0.149 seconds
[2022-08-19 01:27:42,210] {processor.py:153} INFO - Started process (PID=25746) to work on /home/airflow/.local/lib/python3.7/site-packages/airflow/example_dags/example_branch_operator.py
[2022-08-19 01:27:42,211] {processor.py:641} INFO - Processing file /home/airflow/.local/lib/python3.7/site-packages/airflow/example_dags/example_branch_operator.py for tasks to queue
[2022-08-19 01:27:42,213] {logging_mixin.py:115} INFO - [2022-08-19 01:27:42,213] {dagbag.py:507} INFO - Filling up the DagBag from /home/airflow/.local/lib/python3.7/site-packages/airflow/example_dags/example_branch_operator.py
[2022-08-19 01:27:42,230] {processor.py:651} INFO - DAG(s) dict_keys(['example_branch_operator']) retrieved from /home/airflow/.local/lib/python3.7/site-packages/airflow/example_dags/example_branch_operator.py
[2022-08-19 01:27:42,261] {logging_mixin.py:115} INFO - [2022-08-19 01:27:42,261] {dag.py:2371} INFO - Sync 1 DAGs
[2022-08-19 01:27:42,285] {logging_mixin.py:115} INFO - [2022-08-19 01:27:42,285] {dag.py:2919} INFO - Setting next_dagrun for example_branch_operator to 2022-08-18T00:00:00+00:00, run_after=2022-08-19T00:00:00+00:00
[2022-08-19 01:27:42,301] {processor.py:161} INFO - Processing /home/airflow/.local/lib/python3.7/site-packages/airflow/example_dags/example_branch_operator.py took 0.097 seconds
[2022-08-19 01:28:12,494] {processor.py:153} INFO - Started process (PID=25798) to work on /home/airflow/.local/lib/python3.7/site-packages/airflow/example_dags/example_branch_operator.py
[2022-08-19 01:28:12,495] {processor.py:641} INFO - Processing file /home/airflow/.local/lib/python3.7/site-packages/airflow/example_dags/example_branch_operator.py for tasks to queue
[2022-08-19 01:28:12,496] {logging_mixin.py:115} INFO - [2022-08-19 01:28:12,496] {dagbag.py:507} INFO - Filling up the DagBag from /home/airflow/.local/lib/python3.7/site-packages/airflow/example_dags/example_branch_operator.py
[2022-08-19 01:28:12,509] {processor.py:651} INFO - DAG(s) dict_keys(['example_branch_operator']) retrieved from /home/airflow/.local/lib/python3.7/site-packages/airflow/example_dags/example_branch_operator.py
[2022-08-19 01:28:12,542] {logging_mixin.py:115} INFO - [2022-08-19 01:28:12,542] {dag.py:2371} INFO - Sync 1 DAGs
[2022-08-19 01:28:12,566] {logging_mixin.py:115} INFO - [2022-08-19 01:28:12,565] {dag.py:2919} INFO - Setting next_dagrun for example_branch_operator to 2022-08-18T00:00:00+00:00, run_after=2022-08-19T00:00:00+00:00
[2022-08-19 01:28:12,578] {processor.py:161} INFO - Processing /home/airflow/.local/lib/python3.7/site-packages/airflow/example_dags/example_branch_operator.py took 0.088 seconds
[2022-08-19 01:28:43,120] {processor.py:153} INFO - Started process (PID=25859) to work on /home/airflow/.local/lib/python3.7/site-packages/airflow/example_dags/example_branch_operator.py
[2022-08-19 01:28:43,121] {processor.py:641} INFO - Processing file /home/airflow/.local/lib/python3.7/site-packages/airflow/example_dags/example_branch_operator.py for tasks to queue
[2022-08-19 01:28:43,123] {logging_mixin.py:115} INFO - [2022-08-19 01:28:43,123] {dagbag.py:507} INFO - Filling up the DagBag from /home/airflow/.local/lib/python3.7/site-packages/airflow/example_dags/example_branch_operator.py
[2022-08-19 01:28:43,136] {processor.py:651} INFO - DAG(s) dict_keys(['example_branch_operator']) retrieved from /home/airflow/.local/lib/python3.7/site-packages/airflow/example_dags/example_branch_operator.py
[2022-08-19 01:28:43,168] {logging_mixin.py:115} INFO - [2022-08-19 01:28:43,168] {dag.py:2371} INFO - Sync 1 DAGs
[2022-08-19 01:28:43,191] {logging_mixin.py:115} INFO - [2022-08-19 01:28:43,191] {dag.py:2919} INFO - Setting next_dagrun for example_branch_operator to 2022-08-18T00:00:00+00:00, run_after=2022-08-19T00:00:00+00:00
[2022-08-19 01:28:43,203] {processor.py:161} INFO - Processing /home/airflow/.local/lib/python3.7/site-packages/airflow/example_dags/example_branch_operator.py took 0.088 seconds
[2022-08-19 01:29:13,377] {processor.py:153} INFO - Started process (PID=25920) to work on /home/airflow/.local/lib/python3.7/site-packages/airflow/example_dags/example_branch_operator.py
[2022-08-19 01:29:13,378] {processor.py:641} INFO - Processing file /home/airflow/.local/lib/python3.7/site-packages/airflow/example_dags/example_branch_operator.py for tasks to queue
[2022-08-19 01:29:13,380] {logging_mixin.py:115} INFO - [2022-08-19 01:29:13,380] {dagbag.py:507} INFO - Filling up the DagBag from /home/airflow/.local/lib/python3.7/site-packages/airflow/example_dags/example_branch_operator.py
[2022-08-19 01:29:13,395] {processor.py:651} INFO - DAG(s) dict_keys(['example_branch_operator']) retrieved from /home/airflow/.local/lib/python3.7/site-packages/airflow/example_dags/example_branch_operator.py
[2022-08-19 01:29:13,435] {logging_mixin.py:115} INFO - [2022-08-19 01:29:13,435] {dag.py:2371} INFO - Sync 1 DAGs
[2022-08-19 01:29:13,464] {logging_mixin.py:115} INFO - [2022-08-19 01:29:13,464] {dag.py:2919} INFO - Setting next_dagrun for example_branch_operator to 2022-08-18T00:00:00+00:00, run_after=2022-08-19T00:00:00+00:00
[2022-08-19 01:29:13,480] {processor.py:161} INFO - Processing /home/airflow/.local/lib/python3.7/site-packages/airflow/example_dags/example_branch_operator.py took 0.109 seconds
[2022-08-19 01:29:43,597] {processor.py:153} INFO - Started process (PID=25973) to work on /home/airflow/.local/lib/python3.7/site-packages/airflow/example_dags/example_branch_operator.py
[2022-08-19 01:29:43,599] {processor.py:641} INFO - Processing file /home/airflow/.local/lib/python3.7/site-packages/airflow/example_dags/example_branch_operator.py for tasks to queue
[2022-08-19 01:29:43,600] {logging_mixin.py:115} INFO - [2022-08-19 01:29:43,600] {dagbag.py:507} INFO - Filling up the DagBag from /home/airflow/.local/lib/python3.7/site-packages/airflow/example_dags/example_branch_operator.py
[2022-08-19 01:29:43,615] {processor.py:651} INFO - DAG(s) dict_keys(['example_branch_operator']) retrieved from /home/airflow/.local/lib/python3.7/site-packages/airflow/example_dags/example_branch_operator.py
[2022-08-19 01:29:43,645] {logging_mixin.py:115} INFO - [2022-08-19 01:29:43,645] {dag.py:2371} INFO - Sync 1 DAGs
[2022-08-19 01:29:43,677] {logging_mixin.py:115} INFO - [2022-08-19 01:29:43,677] {dag.py:2919} INFO - Setting next_dagrun for example_branch_operator to 2022-08-18T00:00:00+00:00, run_after=2022-08-19T00:00:00+00:00
[2022-08-19 01:29:43,694] {processor.py:161} INFO - Processing /home/airflow/.local/lib/python3.7/site-packages/airflow/example_dags/example_branch_operator.py took 0.102 seconds
[2022-08-19 01:30:13,817] {processor.py:153} INFO - Started process (PID=26034) to work on /home/airflow/.local/lib/python3.7/site-packages/airflow/example_dags/example_branch_operator.py
[2022-08-19 01:30:13,820] {processor.py:641} INFO - Processing file /home/airflow/.local/lib/python3.7/site-packages/airflow/example_dags/example_branch_operator.py for tasks to queue
[2022-08-19 01:30:13,821] {logging_mixin.py:115} INFO - [2022-08-19 01:30:13,821] {dagbag.py:507} INFO - Filling up the DagBag from /home/airflow/.local/lib/python3.7/site-packages/airflow/example_dags/example_branch_operator.py
[2022-08-19 01:30:13,833] {processor.py:651} INFO - DAG(s) dict_keys(['example_branch_operator']) retrieved from /home/airflow/.local/lib/python3.7/site-packages/airflow/example_dags/example_branch_operator.py
[2022-08-19 01:30:13,863] {logging_mixin.py:115} INFO - [2022-08-19 01:30:13,863] {dag.py:2371} INFO - Sync 1 DAGs
[2022-08-19 01:30:13,886] {logging_mixin.py:115} INFO - [2022-08-19 01:30:13,885] {dag.py:2919} INFO - Setting next_dagrun for example_branch_operator to 2022-08-18T00:00:00+00:00, run_after=2022-08-19T00:00:00+00:00
[2022-08-19 01:30:13,898] {processor.py:161} INFO - Processing /home/airflow/.local/lib/python3.7/site-packages/airflow/example_dags/example_branch_operator.py took 0.086 seconds
[2022-08-19 01:30:44,335] {processor.py:153} INFO - Started process (PID=26095) to work on /home/airflow/.local/lib/python3.7/site-packages/airflow/example_dags/example_branch_operator.py
[2022-08-19 01:30:44,346] {processor.py:641} INFO - Processing file /home/airflow/.local/lib/python3.7/site-packages/airflow/example_dags/example_branch_operator.py for tasks to queue
[2022-08-19 01:30:44,347] {logging_mixin.py:115} INFO - [2022-08-19 01:30:44,347] {dagbag.py:507} INFO - Filling up the DagBag from /home/airflow/.local/lib/python3.7/site-packages/airflow/example_dags/example_branch_operator.py
[2022-08-19 01:30:44,368] {processor.py:651} INFO - DAG(s) dict_keys(['example_branch_operator']) retrieved from /home/airflow/.local/lib/python3.7/site-packages/airflow/example_dags/example_branch_operator.py
[2022-08-19 01:30:44,415] {logging_mixin.py:115} INFO - [2022-08-19 01:30:44,414] {dag.py:2371} INFO - Sync 1 DAGs
[2022-08-19 01:30:44,445] {logging_mixin.py:115} INFO - [2022-08-19 01:30:44,445] {dag.py:2919} INFO - Setting next_dagrun for example_branch_operator to 2022-08-18T00:00:00+00:00, run_after=2022-08-19T00:00:00+00:00
[2022-08-19 01:30:44,478] {processor.py:161} INFO - Processing /home/airflow/.local/lib/python3.7/site-packages/airflow/example_dags/example_branch_operator.py took 0.147 seconds
[2022-08-19 01:31:14,813] {processor.py:153} INFO - Started process (PID=26147) to work on /home/airflow/.local/lib/python3.7/site-packages/airflow/example_dags/example_branch_operator.py
[2022-08-19 01:31:14,814] {processor.py:641} INFO - Processing file /home/airflow/.local/lib/python3.7/site-packages/airflow/example_dags/example_branch_operator.py for tasks to queue
[2022-08-19 01:31:14,815] {logging_mixin.py:115} INFO - [2022-08-19 01:31:14,815] {dagbag.py:507} INFO - Filling up the DagBag from /home/airflow/.local/lib/python3.7/site-packages/airflow/example_dags/example_branch_operator.py
[2022-08-19 01:31:14,828] {processor.py:651} INFO - DAG(s) dict_keys(['example_branch_operator']) retrieved from /home/airflow/.local/lib/python3.7/site-packages/airflow/example_dags/example_branch_operator.py
[2022-08-19 01:31:14,858] {logging_mixin.py:115} INFO - [2022-08-19 01:31:14,858] {dag.py:2371} INFO - Sync 1 DAGs
[2022-08-19 01:31:14,881] {logging_mixin.py:115} INFO - [2022-08-19 01:31:14,881] {dag.py:2919} INFO - Setting next_dagrun for example_branch_operator to 2022-08-18T00:00:00+00:00, run_after=2022-08-19T00:00:00+00:00
[2022-08-19 01:31:14,895] {processor.py:161} INFO - Processing /home/airflow/.local/lib/python3.7/site-packages/airflow/example_dags/example_branch_operator.py took 0.085 seconds
[2022-08-19 01:31:45,101] {processor.py:153} INFO - Started process (PID=26208) to work on /home/airflow/.local/lib/python3.7/site-packages/airflow/example_dags/example_branch_operator.py
[2022-08-19 01:31:45,102] {processor.py:641} INFO - Processing file /home/airflow/.local/lib/python3.7/site-packages/airflow/example_dags/example_branch_operator.py for tasks to queue
[2022-08-19 01:31:45,103] {logging_mixin.py:115} INFO - [2022-08-19 01:31:45,103] {dagbag.py:507} INFO - Filling up the DagBag from /home/airflow/.local/lib/python3.7/site-packages/airflow/example_dags/example_branch_operator.py
[2022-08-19 01:31:45,116] {processor.py:651} INFO - DAG(s) dict_keys(['example_branch_operator']) retrieved from /home/airflow/.local/lib/python3.7/site-packages/airflow/example_dags/example_branch_operator.py
[2022-08-19 01:31:45,147] {logging_mixin.py:115} INFO - [2022-08-19 01:31:45,147] {dag.py:2371} INFO - Sync 1 DAGs
[2022-08-19 01:31:45,169] {logging_mixin.py:115} INFO - [2022-08-19 01:31:45,169] {dag.py:2919} INFO - Setting next_dagrun for example_branch_operator to 2022-08-18T00:00:00+00:00, run_after=2022-08-19T00:00:00+00:00
[2022-08-19 01:31:45,183] {processor.py:161} INFO - Processing /home/airflow/.local/lib/python3.7/site-packages/airflow/example_dags/example_branch_operator.py took 0.086 seconds
[2022-08-19 01:32:36,209] {processor.py:153} INFO - Started process (PID=26260) to work on /home/airflow/.local/lib/python3.7/site-packages/airflow/example_dags/example_branch_operator.py
[2022-08-19 01:32:36,211] {processor.py:641} INFO - Processing file /home/airflow/.local/lib/python3.7/site-packages/airflow/example_dags/example_branch_operator.py for tasks to queue
[2022-08-19 01:32:36,213] {logging_mixin.py:115} INFO - [2022-08-19 01:32:36,213] {dagbag.py:507} INFO - Filling up the DagBag from /home/airflow/.local/lib/python3.7/site-packages/airflow/example_dags/example_branch_operator.py
[2022-08-19 01:32:36,259] {processor.py:651} INFO - DAG(s) dict_keys(['example_branch_operator']) retrieved from /home/airflow/.local/lib/python3.7/site-packages/airflow/example_dags/example_branch_operator.py
[2022-08-19 01:32:36,325] {logging_mixin.py:115} INFO - [2022-08-19 01:32:36,325] {dag.py:2371} INFO - Sync 1 DAGs
[2022-08-19 01:32:36,361] {logging_mixin.py:115} INFO - [2022-08-19 01:32:36,361] {dag.py:2919} INFO - Setting next_dagrun for example_branch_operator to 2022-08-18T00:00:00+00:00, run_after=2022-08-19T00:00:00+00:00
[2022-08-19 01:32:36,378] {processor.py:161} INFO - Processing /home/airflow/.local/lib/python3.7/site-packages/airflow/example_dags/example_branch_operator.py took 0.182 seconds
[2022-08-19 03:33:04,118] {processor.py:153} INFO - Started process (PID=26313) to work on /home/airflow/.local/lib/python3.7/site-packages/airflow/example_dags/example_branch_operator.py
[2022-08-19 03:33:04,121] {processor.py:641} INFO - Processing file /home/airflow/.local/lib/python3.7/site-packages/airflow/example_dags/example_branch_operator.py for tasks to queue
[2022-08-19 03:33:04,123] {logging_mixin.py:115} INFO - [2022-08-19 03:33:04,123] {dagbag.py:507} INFO - Filling up the DagBag from /home/airflow/.local/lib/python3.7/site-packages/airflow/example_dags/example_branch_operator.py
[2022-08-19 03:33:04,195] {processor.py:651} INFO - DAG(s) dict_keys(['example_branch_operator']) retrieved from /home/airflow/.local/lib/python3.7/site-packages/airflow/example_dags/example_branch_operator.py
[2022-08-19 03:33:04,255] {logging_mixin.py:115} INFO - [2022-08-19 03:33:04,255] {dag.py:2371} INFO - Sync 1 DAGs
[2022-08-19 03:33:04,293] {logging_mixin.py:115} INFO - [2022-08-19 03:33:04,292] {dag.py:2919} INFO - Setting next_dagrun for example_branch_operator to 2022-08-18T00:00:00+00:00, run_after=2022-08-19T00:00:00+00:00
[2022-08-19 03:33:04,310] {processor.py:161} INFO - Processing /home/airflow/.local/lib/python3.7/site-packages/airflow/example_dags/example_branch_operator.py took 0.204 seconds
[2022-08-19 06:13:50,429] {processor.py:153} INFO - Started process (PID=26364) to work on /home/airflow/.local/lib/python3.7/site-packages/airflow/example_dags/example_branch_operator.py
[2022-08-19 06:13:50,432] {processor.py:641} INFO - Processing file /home/airflow/.local/lib/python3.7/site-packages/airflow/example_dags/example_branch_operator.py for tasks to queue
[2022-08-19 06:13:50,435] {logging_mixin.py:115} INFO - [2022-08-19 06:13:50,434] {dagbag.py:507} INFO - Filling up the DagBag from /home/airflow/.local/lib/python3.7/site-packages/airflow/example_dags/example_branch_operator.py
[2022-08-19 06:13:50,565] {processor.py:651} INFO - DAG(s) dict_keys(['example_branch_operator']) retrieved from /home/airflow/.local/lib/python3.7/site-packages/airflow/example_dags/example_branch_operator.py
[2022-08-19 06:13:50,712] {logging_mixin.py:115} INFO - [2022-08-19 06:13:50,712] {dag.py:2371} INFO - Sync 1 DAGs
[2022-08-19 06:13:50,791] {logging_mixin.py:115} INFO - [2022-08-19 06:13:50,791] {dag.py:2919} INFO - Setting next_dagrun for example_branch_operator to 2022-08-18T00:00:00+00:00, run_after=2022-08-19T00:00:00+00:00
[2022-08-19 06:13:50,820] {processor.py:161} INFO - Processing /home/airflow/.local/lib/python3.7/site-packages/airflow/example_dags/example_branch_operator.py took 0.418 seconds
