[2022-08-19 00:18:56,533] {processor.py:153} INFO - Started process (PID=25526) to work on /home/airflow/.local/lib/python3.7/site-packages/airflow/example_dags/example_kubernetes_executor.py
[2022-08-19 00:18:56,537] {processor.py:641} INFO - Processing file /home/airflow/.local/lib/python3.7/site-packages/airflow/example_dags/example_kubernetes_executor.py for tasks to queue
[2022-08-19 00:18:56,538] {logging_mixin.py:115} INFO - [2022-08-19 00:18:56,538] {dagbag.py:507} INFO - Filling up the DagBag from /home/airflow/.local/lib/python3.7/site-packages/airflow/example_dags/example_kubernetes_executor.py
[2022-08-19 00:18:56,590] {processor.py:651} INFO - DAG(s) dict_keys(['example_kubernetes_executor']) retrieved from /home/airflow/.local/lib/python3.7/site-packages/airflow/example_dags/example_kubernetes_executor.py
[2022-08-19 00:18:56,632] {logging_mixin.py:115} INFO - [2022-08-19 00:18:56,632] {dag.py:2371} INFO - Sync 1 DAGs
[2022-08-19 00:18:56,660] {logging_mixin.py:115} INFO - [2022-08-19 00:18:56,660] {dag.py:2919} INFO - Setting next_dagrun for example_kubernetes_executor to None, run_after=None
[2022-08-19 00:18:56,672] {processor.py:161} INFO - Processing /home/airflow/.local/lib/python3.7/site-packages/airflow/example_dags/example_kubernetes_executor.py took 0.144 seconds
[2022-08-19 01:21:22,060] {processor.py:153} INFO - Started process (PID=25577) to work on /home/airflow/.local/lib/python3.7/site-packages/airflow/example_dags/example_kubernetes_executor.py
[2022-08-19 01:21:22,062] {processor.py:641} INFO - Processing file /home/airflow/.local/lib/python3.7/site-packages/airflow/example_dags/example_kubernetes_executor.py for tasks to queue
[2022-08-19 01:21:22,064] {logging_mixin.py:115} INFO - [2022-08-19 01:21:22,064] {dagbag.py:507} INFO - Filling up the DagBag from /home/airflow/.local/lib/python3.7/site-packages/airflow/example_dags/example_kubernetes_executor.py
[2022-08-19 01:21:22,203] {processor.py:651} INFO - DAG(s) dict_keys(['example_kubernetes_executor']) retrieved from /home/airflow/.local/lib/python3.7/site-packages/airflow/example_dags/example_kubernetes_executor.py
[2022-08-19 01:21:22,290] {logging_mixin.py:115} INFO - [2022-08-19 01:21:22,290] {dag.py:2371} INFO - Sync 1 DAGs
[2022-08-19 01:21:22,349] {logging_mixin.py:115} INFO - [2022-08-19 01:21:22,349] {dag.py:2919} INFO - Setting next_dagrun for example_kubernetes_executor to None, run_after=None
[2022-08-19 01:21:22,388] {processor.py:161} INFO - Processing /home/airflow/.local/lib/python3.7/site-packages/airflow/example_dags/example_kubernetes_executor.py took 0.348 seconds
[2022-08-19 01:26:42,004] {processor.py:153} INFO - Started process (PID=25638) to work on /home/airflow/.local/lib/python3.7/site-packages/airflow/example_dags/example_kubernetes_executor.py
[2022-08-19 01:26:42,009] {processor.py:641} INFO - Processing file /home/airflow/.local/lib/python3.7/site-packages/airflow/example_dags/example_kubernetes_executor.py for tasks to queue
[2022-08-19 01:26:42,010] {logging_mixin.py:115} INFO - [2022-08-19 01:26:42,010] {dagbag.py:507} INFO - Filling up the DagBag from /home/airflow/.local/lib/python3.7/site-packages/airflow/example_dags/example_kubernetes_executor.py
[2022-08-19 01:26:42,078] {processor.py:651} INFO - DAG(s) dict_keys(['example_kubernetes_executor']) retrieved from /home/airflow/.local/lib/python3.7/site-packages/airflow/example_dags/example_kubernetes_executor.py
[2022-08-19 01:26:42,189] {logging_mixin.py:115} INFO - [2022-08-19 01:26:42,189] {dag.py:2371} INFO - Sync 1 DAGs
[2022-08-19 01:26:42,250] {logging_mixin.py:115} INFO - [2022-08-19 01:26:42,250] {dag.py:2919} INFO - Setting next_dagrun for example_kubernetes_executor to None, run_after=None
[2022-08-19 01:26:42,288] {processor.py:161} INFO - Processing /home/airflow/.local/lib/python3.7/site-packages/airflow/example_dags/example_kubernetes_executor.py took 0.290 seconds
[2022-08-19 01:27:12,918] {processor.py:153} INFO - Started process (PID=25691) to work on /home/airflow/.local/lib/python3.7/site-packages/airflow/example_dags/example_kubernetes_executor.py
[2022-08-19 01:27:12,920] {processor.py:641} INFO - Processing file /home/airflow/.local/lib/python3.7/site-packages/airflow/example_dags/example_kubernetes_executor.py for tasks to queue
[2022-08-19 01:27:12,921] {logging_mixin.py:115} INFO - [2022-08-19 01:27:12,921] {dagbag.py:507} INFO - Filling up the DagBag from /home/airflow/.local/lib/python3.7/site-packages/airflow/example_dags/example_kubernetes_executor.py
[2022-08-19 01:27:12,948] {processor.py:651} INFO - DAG(s) dict_keys(['example_kubernetes_executor']) retrieved from /home/airflow/.local/lib/python3.7/site-packages/airflow/example_dags/example_kubernetes_executor.py
[2022-08-19 01:27:12,982] {logging_mixin.py:115} INFO - [2022-08-19 01:27:12,982] {dag.py:2371} INFO - Sync 1 DAGs
[2022-08-19 01:27:13,003] {logging_mixin.py:115} INFO - [2022-08-19 01:27:13,003] {dag.py:2919} INFO - Setting next_dagrun for example_kubernetes_executor to None, run_after=None
[2022-08-19 01:27:13,015] {processor.py:161} INFO - Processing /home/airflow/.local/lib/python3.7/site-packages/airflow/example_dags/example_kubernetes_executor.py took 0.102 seconds
[2022-08-19 01:27:43,575] {processor.py:153} INFO - Started process (PID=25752) to work on /home/airflow/.local/lib/python3.7/site-packages/airflow/example_dags/example_kubernetes_executor.py
[2022-08-19 01:27:43,576] {processor.py:641} INFO - Processing file /home/airflow/.local/lib/python3.7/site-packages/airflow/example_dags/example_kubernetes_executor.py for tasks to queue
[2022-08-19 01:27:43,578] {logging_mixin.py:115} INFO - [2022-08-19 01:27:43,577] {dagbag.py:507} INFO - Filling up the DagBag from /home/airflow/.local/lib/python3.7/site-packages/airflow/example_dags/example_kubernetes_executor.py
[2022-08-19 01:27:43,614] {processor.py:651} INFO - DAG(s) dict_keys(['example_kubernetes_executor']) retrieved from /home/airflow/.local/lib/python3.7/site-packages/airflow/example_dags/example_kubernetes_executor.py
[2022-08-19 01:27:43,648] {logging_mixin.py:115} INFO - [2022-08-19 01:27:43,648] {dag.py:2371} INFO - Sync 1 DAGs
[2022-08-19 01:27:43,677] {logging_mixin.py:115} INFO - [2022-08-19 01:27:43,677] {dag.py:2919} INFO - Setting next_dagrun for example_kubernetes_executor to None, run_after=None
[2022-08-19 01:27:43,724] {processor.py:161} INFO - Processing /home/airflow/.local/lib/python3.7/site-packages/airflow/example_dags/example_kubernetes_executor.py took 0.154 seconds
[2022-08-19 01:28:13,920] {processor.py:153} INFO - Started process (PID=25804) to work on /home/airflow/.local/lib/python3.7/site-packages/airflow/example_dags/example_kubernetes_executor.py
[2022-08-19 01:28:13,921] {processor.py:641} INFO - Processing file /home/airflow/.local/lib/python3.7/site-packages/airflow/example_dags/example_kubernetes_executor.py for tasks to queue
[2022-08-19 01:28:13,922] {logging_mixin.py:115} INFO - [2022-08-19 01:28:13,922] {dagbag.py:507} INFO - Filling up the DagBag from /home/airflow/.local/lib/python3.7/site-packages/airflow/example_dags/example_kubernetes_executor.py
[2022-08-19 01:28:13,950] {processor.py:651} INFO - DAG(s) dict_keys(['example_kubernetes_executor']) retrieved from /home/airflow/.local/lib/python3.7/site-packages/airflow/example_dags/example_kubernetes_executor.py
[2022-08-19 01:28:13,979] {logging_mixin.py:115} INFO - [2022-08-19 01:28:13,979] {dag.py:2371} INFO - Sync 1 DAGs
[2022-08-19 01:28:14,000] {logging_mixin.py:115} INFO - [2022-08-19 01:28:14,000] {dag.py:2919} INFO - Setting next_dagrun for example_kubernetes_executor to None, run_after=None
[2022-08-19 01:28:14,013] {processor.py:161} INFO - Processing /home/airflow/.local/lib/python3.7/site-packages/airflow/example_dags/example_kubernetes_executor.py took 0.097 seconds
[2022-08-19 01:28:44,567] {processor.py:153} INFO - Started process (PID=25865) to work on /home/airflow/.local/lib/python3.7/site-packages/airflow/example_dags/example_kubernetes_executor.py
[2022-08-19 01:28:44,568] {processor.py:641} INFO - Processing file /home/airflow/.local/lib/python3.7/site-packages/airflow/example_dags/example_kubernetes_executor.py for tasks to queue
[2022-08-19 01:28:44,569] {logging_mixin.py:115} INFO - [2022-08-19 01:28:44,569] {dagbag.py:507} INFO - Filling up the DagBag from /home/airflow/.local/lib/python3.7/site-packages/airflow/example_dags/example_kubernetes_executor.py
[2022-08-19 01:28:44,606] {processor.py:651} INFO - DAG(s) dict_keys(['example_kubernetes_executor']) retrieved from /home/airflow/.local/lib/python3.7/site-packages/airflow/example_dags/example_kubernetes_executor.py
[2022-08-19 01:28:44,637] {logging_mixin.py:115} INFO - [2022-08-19 01:28:44,637] {dag.py:2371} INFO - Sync 1 DAGs
[2022-08-19 01:28:44,658] {logging_mixin.py:115} INFO - [2022-08-19 01:28:44,658] {dag.py:2919} INFO - Setting next_dagrun for example_kubernetes_executor to None, run_after=None
[2022-08-19 01:28:44,671] {processor.py:161} INFO - Processing /home/airflow/.local/lib/python3.7/site-packages/airflow/example_dags/example_kubernetes_executor.py took 0.109 seconds
[2022-08-19 01:29:14,740] {processor.py:153} INFO - Started process (PID=25926) to work on /home/airflow/.local/lib/python3.7/site-packages/airflow/example_dags/example_kubernetes_executor.py
[2022-08-19 01:29:14,741] {processor.py:641} INFO - Processing file /home/airflow/.local/lib/python3.7/site-packages/airflow/example_dags/example_kubernetes_executor.py for tasks to queue
[2022-08-19 01:29:14,742] {logging_mixin.py:115} INFO - [2022-08-19 01:29:14,742] {dagbag.py:507} INFO - Filling up the DagBag from /home/airflow/.local/lib/python3.7/site-packages/airflow/example_dags/example_kubernetes_executor.py
[2022-08-19 01:29:14,771] {processor.py:651} INFO - DAG(s) dict_keys(['example_kubernetes_executor']) retrieved from /home/airflow/.local/lib/python3.7/site-packages/airflow/example_dags/example_kubernetes_executor.py
[2022-08-19 01:29:14,805] {logging_mixin.py:115} INFO - [2022-08-19 01:29:14,805] {dag.py:2371} INFO - Sync 1 DAGs
[2022-08-19 01:29:14,824] {logging_mixin.py:115} INFO - [2022-08-19 01:29:14,824] {dag.py:2919} INFO - Setting next_dagrun for example_kubernetes_executor to None, run_after=None
[2022-08-19 01:29:14,837] {processor.py:161} INFO - Processing /home/airflow/.local/lib/python3.7/site-packages/airflow/example_dags/example_kubernetes_executor.py took 0.100 seconds
[2022-08-19 01:29:45,065] {processor.py:153} INFO - Started process (PID=25979) to work on /home/airflow/.local/lib/python3.7/site-packages/airflow/example_dags/example_kubernetes_executor.py
[2022-08-19 01:29:45,067] {processor.py:641} INFO - Processing file /home/airflow/.local/lib/python3.7/site-packages/airflow/example_dags/example_kubernetes_executor.py for tasks to queue
[2022-08-19 01:29:45,068] {logging_mixin.py:115} INFO - [2022-08-19 01:29:45,068] {dagbag.py:507} INFO - Filling up the DagBag from /home/airflow/.local/lib/python3.7/site-packages/airflow/example_dags/example_kubernetes_executor.py
[2022-08-19 01:29:45,094] {processor.py:651} INFO - DAG(s) dict_keys(['example_kubernetes_executor']) retrieved from /home/airflow/.local/lib/python3.7/site-packages/airflow/example_dags/example_kubernetes_executor.py
[2022-08-19 01:29:45,124] {logging_mixin.py:115} INFO - [2022-08-19 01:29:45,124] {dag.py:2371} INFO - Sync 1 DAGs
[2022-08-19 01:29:45,146] {logging_mixin.py:115} INFO - [2022-08-19 01:29:45,146] {dag.py:2919} INFO - Setting next_dagrun for example_kubernetes_executor to None, run_after=None
[2022-08-19 01:29:45,158] {processor.py:161} INFO - Processing /home/airflow/.local/lib/python3.7/site-packages/airflow/example_dags/example_kubernetes_executor.py took 0.096 seconds
[2022-08-19 01:30:15,233] {processor.py:153} INFO - Started process (PID=26040) to work on /home/airflow/.local/lib/python3.7/site-packages/airflow/example_dags/example_kubernetes_executor.py
[2022-08-19 01:30:15,234] {processor.py:641} INFO - Processing file /home/airflow/.local/lib/python3.7/site-packages/airflow/example_dags/example_kubernetes_executor.py for tasks to queue
[2022-08-19 01:30:15,235] {logging_mixin.py:115} INFO - [2022-08-19 01:30:15,235] {dagbag.py:507} INFO - Filling up the DagBag from /home/airflow/.local/lib/python3.7/site-packages/airflow/example_dags/example_kubernetes_executor.py
[2022-08-19 01:30:15,263] {processor.py:651} INFO - DAG(s) dict_keys(['example_kubernetes_executor']) retrieved from /home/airflow/.local/lib/python3.7/site-packages/airflow/example_dags/example_kubernetes_executor.py
[2022-08-19 01:30:15,295] {logging_mixin.py:115} INFO - [2022-08-19 01:30:15,295] {dag.py:2371} INFO - Sync 1 DAGs
[2022-08-19 01:30:15,315] {logging_mixin.py:115} INFO - [2022-08-19 01:30:15,315] {dag.py:2919} INFO - Setting next_dagrun for example_kubernetes_executor to None, run_after=None
[2022-08-19 01:30:15,326] {processor.py:161} INFO - Processing /home/airflow/.local/lib/python3.7/site-packages/airflow/example_dags/example_kubernetes_executor.py took 0.097 seconds
[2022-08-19 01:30:45,882] {processor.py:153} INFO - Started process (PID=26101) to work on /home/airflow/.local/lib/python3.7/site-packages/airflow/example_dags/example_kubernetes_executor.py
[2022-08-19 01:30:45,883] {processor.py:641} INFO - Processing file /home/airflow/.local/lib/python3.7/site-packages/airflow/example_dags/example_kubernetes_executor.py for tasks to queue
[2022-08-19 01:30:45,884] {logging_mixin.py:115} INFO - [2022-08-19 01:30:45,884] {dagbag.py:507} INFO - Filling up the DagBag from /home/airflow/.local/lib/python3.7/site-packages/airflow/example_dags/example_kubernetes_executor.py
[2022-08-19 01:30:45,910] {processor.py:651} INFO - DAG(s) dict_keys(['example_kubernetes_executor']) retrieved from /home/airflow/.local/lib/python3.7/site-packages/airflow/example_dags/example_kubernetes_executor.py
[2022-08-19 01:30:45,940] {logging_mixin.py:115} INFO - [2022-08-19 01:30:45,940] {dag.py:2371} INFO - Sync 1 DAGs
[2022-08-19 01:30:45,960] {logging_mixin.py:115} INFO - [2022-08-19 01:30:45,960] {dag.py:2919} INFO - Setting next_dagrun for example_kubernetes_executor to None, run_after=None
[2022-08-19 01:30:45,972] {processor.py:161} INFO - Processing /home/airflow/.local/lib/python3.7/site-packages/airflow/example_dags/example_kubernetes_executor.py took 0.094 seconds
[2022-08-19 01:31:16,189] {processor.py:153} INFO - Started process (PID=26153) to work on /home/airflow/.local/lib/python3.7/site-packages/airflow/example_dags/example_kubernetes_executor.py
[2022-08-19 01:31:16,190] {processor.py:641} INFO - Processing file /home/airflow/.local/lib/python3.7/site-packages/airflow/example_dags/example_kubernetes_executor.py for tasks to queue
[2022-08-19 01:31:16,191] {logging_mixin.py:115} INFO - [2022-08-19 01:31:16,191] {dagbag.py:507} INFO - Filling up the DagBag from /home/airflow/.local/lib/python3.7/site-packages/airflow/example_dags/example_kubernetes_executor.py
[2022-08-19 01:31:16,219] {processor.py:651} INFO - DAG(s) dict_keys(['example_kubernetes_executor']) retrieved from /home/airflow/.local/lib/python3.7/site-packages/airflow/example_dags/example_kubernetes_executor.py
[2022-08-19 01:31:16,248] {logging_mixin.py:115} INFO - [2022-08-19 01:31:16,248] {dag.py:2371} INFO - Sync 1 DAGs
[2022-08-19 01:31:16,269] {logging_mixin.py:115} INFO - [2022-08-19 01:31:16,268] {dag.py:2919} INFO - Setting next_dagrun for example_kubernetes_executor to None, run_after=None
[2022-08-19 01:31:16,281] {processor.py:161} INFO - Processing /home/airflow/.local/lib/python3.7/site-packages/airflow/example_dags/example_kubernetes_executor.py took 0.096 seconds
[2022-08-19 01:31:46,490] {processor.py:153} INFO - Started process (PID=26214) to work on /home/airflow/.local/lib/python3.7/site-packages/airflow/example_dags/example_kubernetes_executor.py
[2022-08-19 01:31:46,492] {processor.py:641} INFO - Processing file /home/airflow/.local/lib/python3.7/site-packages/airflow/example_dags/example_kubernetes_executor.py for tasks to queue
[2022-08-19 01:31:46,493] {logging_mixin.py:115} INFO - [2022-08-19 01:31:46,493] {dagbag.py:507} INFO - Filling up the DagBag from /home/airflow/.local/lib/python3.7/site-packages/airflow/example_dags/example_kubernetes_executor.py
[2022-08-19 01:31:46,523] {processor.py:651} INFO - DAG(s) dict_keys(['example_kubernetes_executor']) retrieved from /home/airflow/.local/lib/python3.7/site-packages/airflow/example_dags/example_kubernetes_executor.py
[2022-08-19 01:31:46,552] {logging_mixin.py:115} INFO - [2022-08-19 01:31:46,552] {dag.py:2371} INFO - Sync 1 DAGs
[2022-08-19 01:31:46,572] {logging_mixin.py:115} INFO - [2022-08-19 01:31:46,572] {dag.py:2919} INFO - Setting next_dagrun for example_kubernetes_executor to None, run_after=None
[2022-08-19 01:31:46,586] {processor.py:161} INFO - Processing /home/airflow/.local/lib/python3.7/site-packages/airflow/example_dags/example_kubernetes_executor.py took 0.099 seconds
[2022-08-19 01:32:36,773] {processor.py:153} INFO - Started process (PID=26266) to work on /home/airflow/.local/lib/python3.7/site-packages/airflow/example_dags/example_kubernetes_executor.py
[2022-08-19 01:32:36,799] {processor.py:641} INFO - Processing file /home/airflow/.local/lib/python3.7/site-packages/airflow/example_dags/example_kubernetes_executor.py for tasks to queue
[2022-08-19 01:32:36,805] {logging_mixin.py:115} INFO - [2022-08-19 01:32:36,805] {dagbag.py:507} INFO - Filling up the DagBag from /home/airflow/.local/lib/python3.7/site-packages/airflow/example_dags/example_kubernetes_executor.py
[2022-08-19 01:32:36,842] {processor.py:651} INFO - DAG(s) dict_keys(['example_kubernetes_executor']) retrieved from /home/airflow/.local/lib/python3.7/site-packages/airflow/example_dags/example_kubernetes_executor.py
[2022-08-19 01:32:36,875] {logging_mixin.py:115} INFO - [2022-08-19 01:32:36,875] {dag.py:2371} INFO - Sync 1 DAGs
[2022-08-19 01:32:36,897] {logging_mixin.py:115} INFO - [2022-08-19 01:32:36,897] {dag.py:2919} INFO - Setting next_dagrun for example_kubernetes_executor to None, run_after=None
[2022-08-19 01:32:36,910] {processor.py:161} INFO - Processing /home/airflow/.local/lib/python3.7/site-packages/airflow/example_dags/example_kubernetes_executor.py took 0.141 seconds
[2022-08-19 03:33:04,835] {processor.py:153} INFO - Started process (PID=26319) to work on /home/airflow/.local/lib/python3.7/site-packages/airflow/example_dags/example_kubernetes_executor.py
[2022-08-19 03:33:04,836] {processor.py:641} INFO - Processing file /home/airflow/.local/lib/python3.7/site-packages/airflow/example_dags/example_kubernetes_executor.py for tasks to queue
[2022-08-19 03:33:04,839] {logging_mixin.py:115} INFO - [2022-08-19 03:33:04,839] {dagbag.py:507} INFO - Filling up the DagBag from /home/airflow/.local/lib/python3.7/site-packages/airflow/example_dags/example_kubernetes_executor.py
[2022-08-19 03:33:04,895] {processor.py:651} INFO - DAG(s) dict_keys(['example_kubernetes_executor']) retrieved from /home/airflow/.local/lib/python3.7/site-packages/airflow/example_dags/example_kubernetes_executor.py
[2022-08-19 03:33:04,951] {logging_mixin.py:115} INFO - [2022-08-19 03:33:04,951] {dag.py:2371} INFO - Sync 1 DAGs
[2022-08-19 03:33:04,976] {logging_mixin.py:115} INFO - [2022-08-19 03:33:04,976] {dag.py:2919} INFO - Setting next_dagrun for example_kubernetes_executor to None, run_after=None
[2022-08-19 03:33:04,992] {processor.py:161} INFO - Processing /home/airflow/.local/lib/python3.7/site-packages/airflow/example_dags/example_kubernetes_executor.py took 0.162 seconds
[2022-08-19 06:13:51,468] {processor.py:153} INFO - Started process (PID=26370) to work on /home/airflow/.local/lib/python3.7/site-packages/airflow/example_dags/example_kubernetes_executor.py
[2022-08-19 06:13:51,471] {processor.py:641} INFO - Processing file /home/airflow/.local/lib/python3.7/site-packages/airflow/example_dags/example_kubernetes_executor.py for tasks to queue
[2022-08-19 06:13:51,482] {logging_mixin.py:115} INFO - [2022-08-19 06:13:51,482] {dagbag.py:507} INFO - Filling up the DagBag from /home/airflow/.local/lib/python3.7/site-packages/airflow/example_dags/example_kubernetes_executor.py
[2022-08-19 06:13:51,568] {processor.py:651} INFO - DAG(s) dict_keys(['example_kubernetes_executor']) retrieved from /home/airflow/.local/lib/python3.7/site-packages/airflow/example_dags/example_kubernetes_executor.py
[2022-08-19 06:13:51,612] {logging_mixin.py:115} INFO - [2022-08-19 06:13:51,612] {dag.py:2371} INFO - Sync 1 DAGs
[2022-08-19 06:13:51,656] {logging_mixin.py:115} INFO - [2022-08-19 06:13:51,656] {dag.py:2919} INFO - Setting next_dagrun for example_kubernetes_executor to None, run_after=None
[2022-08-19 06:13:51,683] {processor.py:161} INFO - Processing /home/airflow/.local/lib/python3.7/site-packages/airflow/example_dags/example_kubernetes_executor.py took 0.220 seconds
