[2022-08-19 00:19:06,811] {processor.py:153} INFO - Started process (PID=25553) to work on /home/airflow/.local/lib/python3.7/site-packages/airflow/example_dags/example_xcom.py
[2022-08-19 00:19:06,816] {processor.py:641} INFO - Processing file /home/airflow/.local/lib/python3.7/site-packages/airflow/example_dags/example_xcom.py for tasks to queue
[2022-08-19 00:19:06,817] {logging_mixin.py:115} INFO - [2022-08-19 00:19:06,817] {dagbag.py:507} INFO - Filling up the DagBag from /home/airflow/.local/lib/python3.7/site-packages/airflow/example_dags/example_xcom.py
[2022-08-19 00:19:06,859] {processor.py:651} INFO - DAG(s) dict_keys(['example_xcom']) retrieved from /home/airflow/.local/lib/python3.7/site-packages/airflow/example_dags/example_xcom.py
[2022-08-19 00:19:06,994] {logging_mixin.py:115} INFO - [2022-08-19 00:19:06,994] {dag.py:2371} INFO - Sync 1 DAGs
[2022-08-19 00:19:07,026] {logging_mixin.py:115} INFO - [2022-08-19 00:19:07,026] {dag.py:2919} INFO - Setting next_dagrun for example_xcom to 2021-01-01T00:00:00+00:00, run_after=2021-01-01T00:00:00+00:00
[2022-08-19 00:19:07,045] {processor.py:161} INFO - Processing /home/airflow/.local/lib/python3.7/site-packages/airflow/example_dags/example_xcom.py took 0.238 seconds
[2022-08-19 01:21:24,704] {processor.py:153} INFO - Started process (PID=25596) to work on /home/airflow/.local/lib/python3.7/site-packages/airflow/example_dags/example_xcom.py
[2022-08-19 01:21:24,708] {processor.py:641} INFO - Processing file /home/airflow/.local/lib/python3.7/site-packages/airflow/example_dags/example_xcom.py for tasks to queue
[2022-08-19 01:21:24,709] {logging_mixin.py:115} INFO - [2022-08-19 01:21:24,709] {dagbag.py:507} INFO - Filling up the DagBag from /home/airflow/.local/lib/python3.7/site-packages/airflow/example_dags/example_xcom.py
[2022-08-19 01:21:24,753] {processor.py:651} INFO - DAG(s) dict_keys(['example_xcom']) retrieved from /home/airflow/.local/lib/python3.7/site-packages/airflow/example_dags/example_xcom.py
[2022-08-19 01:21:24,907] {logging_mixin.py:115} INFO - [2022-08-19 01:21:24,907] {dag.py:2371} INFO - Sync 1 DAGs
[2022-08-19 01:21:24,933] {logging_mixin.py:115} INFO - [2022-08-19 01:21:24,932] {dag.py:2919} INFO - Setting next_dagrun for example_xcom to 2021-01-01T00:00:00+00:00, run_after=2021-01-01T00:00:00+00:00
[2022-08-19 01:21:24,959] {processor.py:161} INFO - Processing /home/airflow/.local/lib/python3.7/site-packages/airflow/example_dags/example_xcom.py took 0.261 seconds
[2022-08-19 01:26:44,751] {processor.py:153} INFO - Started process (PID=25657) to work on /home/airflow/.local/lib/python3.7/site-packages/airflow/example_dags/example_xcom.py
[2022-08-19 01:26:44,755] {processor.py:641} INFO - Processing file /home/airflow/.local/lib/python3.7/site-packages/airflow/example_dags/example_xcom.py for tasks to queue
[2022-08-19 01:26:44,760] {logging_mixin.py:115} INFO - [2022-08-19 01:26:44,760] {dagbag.py:507} INFO - Filling up the DagBag from /home/airflow/.local/lib/python3.7/site-packages/airflow/example_dags/example_xcom.py
[2022-08-19 01:26:44,802] {processor.py:651} INFO - DAG(s) dict_keys(['example_xcom']) retrieved from /home/airflow/.local/lib/python3.7/site-packages/airflow/example_dags/example_xcom.py
[2022-08-19 01:26:44,936] {logging_mixin.py:115} INFO - [2022-08-19 01:26:44,936] {dag.py:2371} INFO - Sync 1 DAGs
[2022-08-19 01:26:44,973] {logging_mixin.py:115} INFO - [2022-08-19 01:26:44,973] {dag.py:2919} INFO - Setting next_dagrun for example_xcom to 2021-01-01T00:00:00+00:00, run_after=2021-01-01T00:00:00+00:00
[2022-08-19 01:26:44,996] {processor.py:161} INFO - Processing /home/airflow/.local/lib/python3.7/site-packages/airflow/example_dags/example_xcom.py took 0.249 seconds
[2022-08-19 01:27:15,404] {processor.py:153} INFO - Started process (PID=25710) to work on /home/airflow/.local/lib/python3.7/site-packages/airflow/example_dags/example_xcom.py
[2022-08-19 01:27:15,406] {processor.py:641} INFO - Processing file /home/airflow/.local/lib/python3.7/site-packages/airflow/example_dags/example_xcom.py for tasks to queue
[2022-08-19 01:27:15,407] {logging_mixin.py:115} INFO - [2022-08-19 01:27:15,407] {dagbag.py:507} INFO - Filling up the DagBag from /home/airflow/.local/lib/python3.7/site-packages/airflow/example_dags/example_xcom.py
[2022-08-19 01:27:15,437] {processor.py:651} INFO - DAG(s) dict_keys(['example_xcom']) retrieved from /home/airflow/.local/lib/python3.7/site-packages/airflow/example_dags/example_xcom.py
[2022-08-19 01:27:15,485] {logging_mixin.py:115} INFO - [2022-08-19 01:27:15,484] {dag.py:2371} INFO - Sync 1 DAGs
[2022-08-19 01:27:15,509] {logging_mixin.py:115} INFO - [2022-08-19 01:27:15,509] {dag.py:2919} INFO - Setting next_dagrun for example_xcom to 2021-01-01T00:00:00+00:00, run_after=2021-01-01T00:00:00+00:00
[2022-08-19 01:27:15,526] {processor.py:161} INFO - Processing /home/airflow/.local/lib/python3.7/site-packages/airflow/example_dags/example_xcom.py took 0.127 seconds
[2022-08-19 01:27:45,801] {processor.py:153} INFO - Started process (PID=25771) to work on /home/airflow/.local/lib/python3.7/site-packages/airflow/example_dags/example_xcom.py
[2022-08-19 01:27:45,802] {processor.py:641} INFO - Processing file /home/airflow/.local/lib/python3.7/site-packages/airflow/example_dags/example_xcom.py for tasks to queue
[2022-08-19 01:27:45,804] {logging_mixin.py:115} INFO - [2022-08-19 01:27:45,804] {dagbag.py:507} INFO - Filling up the DagBag from /home/airflow/.local/lib/python3.7/site-packages/airflow/example_dags/example_xcom.py
[2022-08-19 01:27:45,832] {processor.py:651} INFO - DAG(s) dict_keys(['example_xcom']) retrieved from /home/airflow/.local/lib/python3.7/site-packages/airflow/example_dags/example_xcom.py
[2022-08-19 01:27:45,865] {logging_mixin.py:115} INFO - [2022-08-19 01:27:45,865] {dag.py:2371} INFO - Sync 1 DAGs
[2022-08-19 01:27:45,885] {logging_mixin.py:115} INFO - [2022-08-19 01:27:45,885] {dag.py:2919} INFO - Setting next_dagrun for example_xcom to 2021-01-01T00:00:00+00:00, run_after=2021-01-01T00:00:00+00:00
[2022-08-19 01:27:45,898] {processor.py:161} INFO - Processing /home/airflow/.local/lib/python3.7/site-packages/airflow/example_dags/example_xcom.py took 0.102 seconds
[2022-08-19 01:28:16,393] {processor.py:153} INFO - Started process (PID=25832) to work on /home/airflow/.local/lib/python3.7/site-packages/airflow/example_dags/example_xcom.py
[2022-08-19 01:28:16,399] {processor.py:641} INFO - Processing file /home/airflow/.local/lib/python3.7/site-packages/airflow/example_dags/example_xcom.py for tasks to queue
[2022-08-19 01:28:16,401] {logging_mixin.py:115} INFO - [2022-08-19 01:28:16,401] {dagbag.py:507} INFO - Filling up the DagBag from /home/airflow/.local/lib/python3.7/site-packages/airflow/example_dags/example_xcom.py
[2022-08-19 01:28:16,422] {processor.py:651} INFO - DAG(s) dict_keys(['example_xcom']) retrieved from /home/airflow/.local/lib/python3.7/site-packages/airflow/example_dags/example_xcom.py
[2022-08-19 01:28:16,519] {logging_mixin.py:115} INFO - [2022-08-19 01:28:16,519] {dag.py:2371} INFO - Sync 1 DAGs
[2022-08-19 01:28:16,538] {logging_mixin.py:115} INFO - [2022-08-19 01:28:16,538] {dag.py:2919} INFO - Setting next_dagrun for example_xcom to 2021-01-01T00:00:00+00:00, run_after=2021-01-01T00:00:00+00:00
[2022-08-19 01:28:16,553] {processor.py:161} INFO - Processing /home/airflow/.local/lib/python3.7/site-packages/airflow/example_dags/example_xcom.py took 0.165 seconds
[2022-08-19 01:28:46,704] {processor.py:153} INFO - Started process (PID=25884) to work on /home/airflow/.local/lib/python3.7/site-packages/airflow/example_dags/example_xcom.py
[2022-08-19 01:28:46,705] {processor.py:641} INFO - Processing file /home/airflow/.local/lib/python3.7/site-packages/airflow/example_dags/example_xcom.py for tasks to queue
[2022-08-19 01:28:46,707] {logging_mixin.py:115} INFO - [2022-08-19 01:28:46,706] {dagbag.py:507} INFO - Filling up the DagBag from /home/airflow/.local/lib/python3.7/site-packages/airflow/example_dags/example_xcom.py
[2022-08-19 01:28:46,727] {processor.py:651} INFO - DAG(s) dict_keys(['example_xcom']) retrieved from /home/airflow/.local/lib/python3.7/site-packages/airflow/example_dags/example_xcom.py
[2022-08-19 01:28:46,809] {logging_mixin.py:115} INFO - [2022-08-19 01:28:46,808] {dag.py:2371} INFO - Sync 1 DAGs
[2022-08-19 01:28:46,829] {logging_mixin.py:115} INFO - [2022-08-19 01:28:46,829] {dag.py:2919} INFO - Setting next_dagrun for example_xcom to 2021-01-01T00:00:00+00:00, run_after=2021-01-01T00:00:00+00:00
[2022-08-19 01:28:46,844] {processor.py:161} INFO - Processing /home/airflow/.local/lib/python3.7/site-packages/airflow/example_dags/example_xcom.py took 0.144 seconds
[2022-08-19 01:29:16,921] {processor.py:153} INFO - Started process (PID=25945) to work on /home/airflow/.local/lib/python3.7/site-packages/airflow/example_dags/example_xcom.py
[2022-08-19 01:29:16,922] {processor.py:641} INFO - Processing file /home/airflow/.local/lib/python3.7/site-packages/airflow/example_dags/example_xcom.py for tasks to queue
[2022-08-19 01:29:16,923] {logging_mixin.py:115} INFO - [2022-08-19 01:29:16,923] {dagbag.py:507} INFO - Filling up the DagBag from /home/airflow/.local/lib/python3.7/site-packages/airflow/example_dags/example_xcom.py
[2022-08-19 01:29:16,944] {processor.py:651} INFO - DAG(s) dict_keys(['example_xcom']) retrieved from /home/airflow/.local/lib/python3.7/site-packages/airflow/example_dags/example_xcom.py
[2022-08-19 01:29:17,020] {logging_mixin.py:115} INFO - [2022-08-19 01:29:17,020] {dag.py:2371} INFO - Sync 1 DAGs
[2022-08-19 01:29:17,039] {logging_mixin.py:115} INFO - [2022-08-19 01:29:17,039] {dag.py:2919} INFO - Setting next_dagrun for example_xcom to 2021-01-01T00:00:00+00:00, run_after=2021-01-01T00:00:00+00:00
[2022-08-19 01:29:17,053] {processor.py:161} INFO - Processing /home/airflow/.local/lib/python3.7/site-packages/airflow/example_dags/example_xcom.py took 0.136 seconds
[2022-08-19 01:29:47,136] {processor.py:153} INFO - Started process (PID=26007) to work on /home/airflow/.local/lib/python3.7/site-packages/airflow/example_dags/example_xcom.py
[2022-08-19 01:29:47,137] {processor.py:641} INFO - Processing file /home/airflow/.local/lib/python3.7/site-packages/airflow/example_dags/example_xcom.py for tasks to queue
[2022-08-19 01:29:47,138] {logging_mixin.py:115} INFO - [2022-08-19 01:29:47,138] {dagbag.py:507} INFO - Filling up the DagBag from /home/airflow/.local/lib/python3.7/site-packages/airflow/example_dags/example_xcom.py
[2022-08-19 01:29:47,158] {processor.py:651} INFO - DAG(s) dict_keys(['example_xcom']) retrieved from /home/airflow/.local/lib/python3.7/site-packages/airflow/example_dags/example_xcom.py
[2022-08-19 01:29:47,187] {logging_mixin.py:115} INFO - [2022-08-19 01:29:47,187] {dag.py:2371} INFO - Sync 1 DAGs
[2022-08-19 01:29:47,210] {logging_mixin.py:115} INFO - [2022-08-19 01:29:47,210] {dag.py:2919} INFO - Setting next_dagrun for example_xcom to 2021-01-01T00:00:00+00:00, run_after=2021-01-01T00:00:00+00:00
[2022-08-19 01:29:47,225] {processor.py:161} INFO - Processing /home/airflow/.local/lib/python3.7/site-packages/airflow/example_dags/example_xcom.py took 0.093 seconds
[2022-08-19 01:30:17,672] {processor.py:153} INFO - Started process (PID=26059) to work on /home/airflow/.local/lib/python3.7/site-packages/airflow/example_dags/example_xcom.py
[2022-08-19 01:30:17,673] {processor.py:641} INFO - Processing file /home/airflow/.local/lib/python3.7/site-packages/airflow/example_dags/example_xcom.py for tasks to queue
[2022-08-19 01:30:17,674] {logging_mixin.py:115} INFO - [2022-08-19 01:30:17,674] {dagbag.py:507} INFO - Filling up the DagBag from /home/airflow/.local/lib/python3.7/site-packages/airflow/example_dags/example_xcom.py
[2022-08-19 01:30:17,700] {processor.py:651} INFO - DAG(s) dict_keys(['example_xcom']) retrieved from /home/airflow/.local/lib/python3.7/site-packages/airflow/example_dags/example_xcom.py
[2022-08-19 01:30:17,782] {logging_mixin.py:115} INFO - [2022-08-19 01:30:17,782] {dag.py:2371} INFO - Sync 1 DAGs
[2022-08-19 01:30:17,806] {logging_mixin.py:115} INFO - [2022-08-19 01:30:17,806] {dag.py:2919} INFO - Setting next_dagrun for example_xcom to 2021-01-01T00:00:00+00:00, run_after=2021-01-01T00:00:00+00:00
[2022-08-19 01:30:17,821] {processor.py:161} INFO - Processing /home/airflow/.local/lib/python3.7/site-packages/airflow/example_dags/example_xcom.py took 0.154 seconds
[2022-08-19 01:30:48,217] {processor.py:153} INFO - Started process (PID=26120) to work on /home/airflow/.local/lib/python3.7/site-packages/airflow/example_dags/example_xcom.py
[2022-08-19 01:30:48,218] {processor.py:641} INFO - Processing file /home/airflow/.local/lib/python3.7/site-packages/airflow/example_dags/example_xcom.py for tasks to queue
[2022-08-19 01:30:48,220] {logging_mixin.py:115} INFO - [2022-08-19 01:30:48,220] {dagbag.py:507} INFO - Filling up the DagBag from /home/airflow/.local/lib/python3.7/site-packages/airflow/example_dags/example_xcom.py
[2022-08-19 01:30:48,244] {processor.py:651} INFO - DAG(s) dict_keys(['example_xcom']) retrieved from /home/airflow/.local/lib/python3.7/site-packages/airflow/example_dags/example_xcom.py
[2022-08-19 01:30:48,322] {logging_mixin.py:115} INFO - [2022-08-19 01:30:48,322] {dag.py:2371} INFO - Sync 1 DAGs
[2022-08-19 01:30:48,341] {logging_mixin.py:115} INFO - [2022-08-19 01:30:48,340] {dag.py:2919} INFO - Setting next_dagrun for example_xcom to 2021-01-01T00:00:00+00:00, run_after=2021-01-01T00:00:00+00:00
[2022-08-19 01:30:48,354] {processor.py:161} INFO - Processing /home/airflow/.local/lib/python3.7/site-packages/airflow/example_dags/example_xcom.py took 0.141 seconds
[2022-08-19 01:31:18,411] {processor.py:153} INFO - Started process (PID=26181) to work on /home/airflow/.local/lib/python3.7/site-packages/airflow/example_dags/example_xcom.py
[2022-08-19 01:31:18,412] {processor.py:641} INFO - Processing file /home/airflow/.local/lib/python3.7/site-packages/airflow/example_dags/example_xcom.py for tasks to queue
[2022-08-19 01:31:18,413] {logging_mixin.py:115} INFO - [2022-08-19 01:31:18,413] {dagbag.py:507} INFO - Filling up the DagBag from /home/airflow/.local/lib/python3.7/site-packages/airflow/example_dags/example_xcom.py
[2022-08-19 01:31:18,434] {processor.py:651} INFO - DAG(s) dict_keys(['example_xcom']) retrieved from /home/airflow/.local/lib/python3.7/site-packages/airflow/example_dags/example_xcom.py
[2022-08-19 01:31:18,463] {logging_mixin.py:115} INFO - [2022-08-19 01:31:18,463] {dag.py:2371} INFO - Sync 1 DAGs
[2022-08-19 01:31:18,483] {logging_mixin.py:115} INFO - [2022-08-19 01:31:18,483] {dag.py:2919} INFO - Setting next_dagrun for example_xcom to 2021-01-01T00:00:00+00:00, run_after=2021-01-01T00:00:00+00:00
[2022-08-19 01:31:18,495] {processor.py:161} INFO - Processing /home/airflow/.local/lib/python3.7/site-packages/airflow/example_dags/example_xcom.py took 0.088 seconds
[2022-08-19 01:31:48,650] {processor.py:153} INFO - Started process (PID=26233) to work on /home/airflow/.local/lib/python3.7/site-packages/airflow/example_dags/example_xcom.py
[2022-08-19 01:31:48,651] {processor.py:641} INFO - Processing file /home/airflow/.local/lib/python3.7/site-packages/airflow/example_dags/example_xcom.py for tasks to queue
[2022-08-19 01:31:48,652] {logging_mixin.py:115} INFO - [2022-08-19 01:31:48,652] {dagbag.py:507} INFO - Filling up the DagBag from /home/airflow/.local/lib/python3.7/site-packages/airflow/example_dags/example_xcom.py
[2022-08-19 01:31:48,675] {processor.py:651} INFO - DAG(s) dict_keys(['example_xcom']) retrieved from /home/airflow/.local/lib/python3.7/site-packages/airflow/example_dags/example_xcom.py
[2022-08-19 01:31:48,773] {logging_mixin.py:115} INFO - [2022-08-19 01:31:48,773] {dag.py:2371} INFO - Sync 1 DAGs
[2022-08-19 01:31:48,797] {logging_mixin.py:115} INFO - [2022-08-19 01:31:48,797] {dag.py:2919} INFO - Setting next_dagrun for example_xcom to 2021-01-01T00:00:00+00:00, run_after=2021-01-01T00:00:00+00:00
[2022-08-19 01:31:48,817] {processor.py:161} INFO - Processing /home/airflow/.local/lib/python3.7/site-packages/airflow/example_dags/example_xcom.py took 0.172 seconds
[2022-08-19 01:32:38,019] {processor.py:153} INFO - Started process (PID=26285) to work on /home/airflow/.local/lib/python3.7/site-packages/airflow/example_dags/example_xcom.py
[2022-08-19 01:32:38,021] {processor.py:641} INFO - Processing file /home/airflow/.local/lib/python3.7/site-packages/airflow/example_dags/example_xcom.py for tasks to queue
[2022-08-19 01:32:38,023] {logging_mixin.py:115} INFO - [2022-08-19 01:32:38,023] {dagbag.py:507} INFO - Filling up the DagBag from /home/airflow/.local/lib/python3.7/site-packages/airflow/example_dags/example_xcom.py
[2022-08-19 01:32:38,047] {processor.py:651} INFO - DAG(s) dict_keys(['example_xcom']) retrieved from /home/airflow/.local/lib/python3.7/site-packages/airflow/example_dags/example_xcom.py
[2022-08-19 01:32:38,075] {logging_mixin.py:115} INFO - [2022-08-19 01:32:38,075] {dag.py:2371} INFO - Sync 1 DAGs
[2022-08-19 01:32:38,096] {logging_mixin.py:115} INFO - [2022-08-19 01:32:38,096] {dag.py:2919} INFO - Setting next_dagrun for example_xcom to 2021-01-01T00:00:00+00:00, run_after=2021-01-01T00:00:00+00:00
[2022-08-19 01:32:38,109] {processor.py:161} INFO - Processing /home/airflow/.local/lib/python3.7/site-packages/airflow/example_dags/example_xcom.py took 0.094 seconds
[2022-08-19 03:33:06,695] {processor.py:153} INFO - Started process (PID=26338) to work on /home/airflow/.local/lib/python3.7/site-packages/airflow/example_dags/example_xcom.py
[2022-08-19 03:33:06,701] {processor.py:641} INFO - Processing file /home/airflow/.local/lib/python3.7/site-packages/airflow/example_dags/example_xcom.py for tasks to queue
[2022-08-19 03:33:06,703] {logging_mixin.py:115} INFO - [2022-08-19 03:33:06,703] {dagbag.py:507} INFO - Filling up the DagBag from /home/airflow/.local/lib/python3.7/site-packages/airflow/example_dags/example_xcom.py
[2022-08-19 03:33:06,753] {processor.py:651} INFO - DAG(s) dict_keys(['example_xcom']) retrieved from /home/airflow/.local/lib/python3.7/site-packages/airflow/example_dags/example_xcom.py
[2022-08-19 03:33:06,879] {logging_mixin.py:115} INFO - [2022-08-19 03:33:06,878] {dag.py:2371} INFO - Sync 1 DAGs
[2022-08-19 03:33:06,915] {logging_mixin.py:115} INFO - [2022-08-19 03:33:06,915] {dag.py:2919} INFO - Setting next_dagrun for example_xcom to 2021-01-01T00:00:00+00:00, run_after=2021-01-01T00:00:00+00:00
[2022-08-19 03:33:06,930] {processor.py:161} INFO - Processing /home/airflow/.local/lib/python3.7/site-packages/airflow/example_dags/example_xcom.py took 0.239 seconds
[2022-08-19 06:13:53,924] {processor.py:153} INFO - Started process (PID=26396) to work on /home/airflow/.local/lib/python3.7/site-packages/airflow/example_dags/example_xcom.py
[2022-08-19 06:13:53,927] {processor.py:641} INFO - Processing file /home/airflow/.local/lib/python3.7/site-packages/airflow/example_dags/example_xcom.py for tasks to queue
[2022-08-19 06:13:53,929] {logging_mixin.py:115} INFO - [2022-08-19 06:13:53,929] {dagbag.py:507} INFO - Filling up the DagBag from /home/airflow/.local/lib/python3.7/site-packages/airflow/example_dags/example_xcom.py
[2022-08-19 06:13:53,976] {processor.py:651} INFO - DAG(s) dict_keys(['example_xcom']) retrieved from /home/airflow/.local/lib/python3.7/site-packages/airflow/example_dags/example_xcom.py
[2022-08-19 06:13:54,153] {logging_mixin.py:115} INFO - [2022-08-19 06:13:54,153] {dag.py:2371} INFO - Sync 1 DAGs
[2022-08-19 06:13:54,219] {logging_mixin.py:115} INFO - [2022-08-19 06:13:54,219] {dag.py:2919} INFO - Setting next_dagrun for example_xcom to 2021-01-01T00:00:00+00:00, run_after=2021-01-01T00:00:00+00:00
[2022-08-19 06:13:54,263] {processor.py:161} INFO - Processing /home/airflow/.local/lib/python3.7/site-packages/airflow/example_dags/example_xcom.py took 0.342 seconds
