[2022-08-19 00:19:05,807] {processor.py:153} INFO - Started process (PID=25548) to work on /home/airflow/.local/lib/python3.7/site-packages/airflow/example_dags/example_branch_python_dop_operator_3.py
[2022-08-19 00:19:05,809] {processor.py:641} INFO - Processing file /home/airflow/.local/lib/python3.7/site-packages/airflow/example_dags/example_branch_python_dop_operator_3.py for tasks to queue
[2022-08-19 00:19:05,811] {logging_mixin.py:115} INFO - [2022-08-19 00:19:05,811] {dagbag.py:507} INFO - Filling up the DagBag from /home/airflow/.local/lib/python3.7/site-packages/airflow/example_dags/example_branch_python_dop_operator_3.py
[2022-08-19 00:19:05,859] {processor.py:651} INFO - DAG(s) dict_keys(['example_branch_dop_operator_v3']) retrieved from /home/airflow/.local/lib/python3.7/site-packages/airflow/example_dags/example_branch_python_dop_operator_3.py
[2022-08-19 00:19:05,998] {logging_mixin.py:115} INFO - [2022-08-19 00:19:05,997] {dag.py:2371} INFO - Sync 1 DAGs
[2022-08-19 00:19:06,087] {logging_mixin.py:115} INFO - [2022-08-19 00:19:06,087] {dag.py:2919} INFO - Setting next_dagrun for example_branch_dop_operator_v3 to 2022-08-19T00:18:00+00:00, run_after=2022-08-19T00:19:00+00:00
[2022-08-19 00:19:06,172] {processor.py:161} INFO - Processing /home/airflow/.local/lib/python3.7/site-packages/airflow/example_dags/example_branch_python_dop_operator_3.py took 0.377 seconds
[2022-08-19 01:21:24,138] {processor.py:153} INFO - Started process (PID=25591) to work on /home/airflow/.local/lib/python3.7/site-packages/airflow/example_dags/example_branch_python_dop_operator_3.py
[2022-08-19 01:21:24,142] {processor.py:641} INFO - Processing file /home/airflow/.local/lib/python3.7/site-packages/airflow/example_dags/example_branch_python_dop_operator_3.py for tasks to queue
[2022-08-19 01:21:24,147] {logging_mixin.py:115} INFO - [2022-08-19 01:21:24,146] {dagbag.py:507} INFO - Filling up the DagBag from /home/airflow/.local/lib/python3.7/site-packages/airflow/example_dags/example_branch_python_dop_operator_3.py
[2022-08-19 01:21:24,206] {processor.py:651} INFO - DAG(s) dict_keys(['example_branch_dop_operator_v3']) retrieved from /home/airflow/.local/lib/python3.7/site-packages/airflow/example_dags/example_branch_python_dop_operator_3.py
[2022-08-19 01:21:24,248] {logging_mixin.py:115} INFO - [2022-08-19 01:21:24,248] {dag.py:2371} INFO - Sync 1 DAGs
[2022-08-19 01:21:24,290] {logging_mixin.py:115} INFO - [2022-08-19 01:21:24,290] {dag.py:2919} INFO - Setting next_dagrun for example_branch_dop_operator_v3 to 2022-08-19T01:20:00+00:00, run_after=2022-08-19T01:21:00+00:00
[2022-08-19 01:21:24,310] {processor.py:161} INFO - Processing /home/airflow/.local/lib/python3.7/site-packages/airflow/example_dags/example_branch_python_dop_operator_3.py took 0.176 seconds
[2022-08-19 01:26:43,991] {processor.py:153} INFO - Started process (PID=25652) to work on /home/airflow/.local/lib/python3.7/site-packages/airflow/example_dags/example_branch_python_dop_operator_3.py
[2022-08-19 01:26:43,992] {processor.py:641} INFO - Processing file /home/airflow/.local/lib/python3.7/site-packages/airflow/example_dags/example_branch_python_dop_operator_3.py for tasks to queue
[2022-08-19 01:26:43,995] {logging_mixin.py:115} INFO - [2022-08-19 01:26:43,995] {dagbag.py:507} INFO - Filling up the DagBag from /home/airflow/.local/lib/python3.7/site-packages/airflow/example_dags/example_branch_python_dop_operator_3.py
[2022-08-19 01:26:44,021] {processor.py:651} INFO - DAG(s) dict_keys(['example_branch_dop_operator_v3']) retrieved from /home/airflow/.local/lib/python3.7/site-packages/airflow/example_dags/example_branch_python_dop_operator_3.py
[2022-08-19 01:26:44,073] {logging_mixin.py:115} INFO - [2022-08-19 01:26:44,073] {dag.py:2371} INFO - Sync 1 DAGs
[2022-08-19 01:26:44,117] {logging_mixin.py:115} INFO - [2022-08-19 01:26:44,117] {dag.py:2919} INFO - Setting next_dagrun for example_branch_dop_operator_v3 to 2022-08-19T01:25:00+00:00, run_after=2022-08-19T01:26:00+00:00
[2022-08-19 01:26:44,164] {processor.py:161} INFO - Processing /home/airflow/.local/lib/python3.7/site-packages/airflow/example_dags/example_branch_python_dop_operator_3.py took 0.178 seconds
[2022-08-19 01:27:14,922] {processor.py:153} INFO - Started process (PID=25705) to work on /home/airflow/.local/lib/python3.7/site-packages/airflow/example_dags/example_branch_python_dop_operator_3.py
[2022-08-19 01:27:14,925] {processor.py:641} INFO - Processing file /home/airflow/.local/lib/python3.7/site-packages/airflow/example_dags/example_branch_python_dop_operator_3.py for tasks to queue
[2022-08-19 01:27:14,930] {logging_mixin.py:115} INFO - [2022-08-19 01:27:14,929] {dagbag.py:507} INFO - Filling up the DagBag from /home/airflow/.local/lib/python3.7/site-packages/airflow/example_dags/example_branch_python_dop_operator_3.py
[2022-08-19 01:27:14,947] {processor.py:651} INFO - DAG(s) dict_keys(['example_branch_dop_operator_v3']) retrieved from /home/airflow/.local/lib/python3.7/site-packages/airflow/example_dags/example_branch_python_dop_operator_3.py
[2022-08-19 01:27:14,996] {logging_mixin.py:115} INFO - [2022-08-19 01:27:14,995] {dag.py:2371} INFO - Sync 1 DAGs
[2022-08-19 01:27:15,044] {logging_mixin.py:115} INFO - [2022-08-19 01:27:15,043] {dag.py:2919} INFO - Setting next_dagrun for example_branch_dop_operator_v3 to 2022-08-19T01:26:00+00:00, run_after=2022-08-19T01:27:00+00:00
[2022-08-19 01:27:15,065] {processor.py:161} INFO - Processing /home/airflow/.local/lib/python3.7/site-packages/airflow/example_dags/example_branch_python_dop_operator_3.py took 0.151 seconds
[2022-08-19 01:27:45,478] {processor.py:153} INFO - Started process (PID=25766) to work on /home/airflow/.local/lib/python3.7/site-packages/airflow/example_dags/example_branch_python_dop_operator_3.py
[2022-08-19 01:27:45,479] {processor.py:641} INFO - Processing file /home/airflow/.local/lib/python3.7/site-packages/airflow/example_dags/example_branch_python_dop_operator_3.py for tasks to queue
[2022-08-19 01:27:45,481] {logging_mixin.py:115} INFO - [2022-08-19 01:27:45,480] {dagbag.py:507} INFO - Filling up the DagBag from /home/airflow/.local/lib/python3.7/site-packages/airflow/example_dags/example_branch_python_dop_operator_3.py
[2022-08-19 01:27:45,492] {processor.py:651} INFO - DAG(s) dict_keys(['example_branch_dop_operator_v3']) retrieved from /home/airflow/.local/lib/python3.7/site-packages/airflow/example_dags/example_branch_python_dop_operator_3.py
[2022-08-19 01:27:45,522] {logging_mixin.py:115} INFO - [2022-08-19 01:27:45,521] {dag.py:2371} INFO - Sync 1 DAGs
[2022-08-19 01:27:45,562] {logging_mixin.py:115} INFO - [2022-08-19 01:27:45,561] {dag.py:2919} INFO - Setting next_dagrun for example_branch_dop_operator_v3 to 2022-08-19T01:26:00+00:00, run_after=2022-08-19T01:27:00+00:00
[2022-08-19 01:27:45,574] {processor.py:161} INFO - Processing /home/airflow/.local/lib/python3.7/site-packages/airflow/example_dags/example_branch_python_dop_operator_3.py took 0.099 seconds
[2022-08-19 01:28:15,887] {processor.py:153} INFO - Started process (PID=25827) to work on /home/airflow/.local/lib/python3.7/site-packages/airflow/example_dags/example_branch_python_dop_operator_3.py
[2022-08-19 01:28:15,889] {processor.py:641} INFO - Processing file /home/airflow/.local/lib/python3.7/site-packages/airflow/example_dags/example_branch_python_dop_operator_3.py for tasks to queue
[2022-08-19 01:28:15,890] {logging_mixin.py:115} INFO - [2022-08-19 01:28:15,890] {dagbag.py:507} INFO - Filling up the DagBag from /home/airflow/.local/lib/python3.7/site-packages/airflow/example_dags/example_branch_python_dop_operator_3.py
[2022-08-19 01:28:15,916] {processor.py:651} INFO - DAG(s) dict_keys(['example_branch_dop_operator_v3']) retrieved from /home/airflow/.local/lib/python3.7/site-packages/airflow/example_dags/example_branch_python_dop_operator_3.py
[2022-08-19 01:28:15,946] {logging_mixin.py:115} INFO - [2022-08-19 01:28:15,946] {dag.py:2371} INFO - Sync 1 DAGs
[2022-08-19 01:28:15,974] {logging_mixin.py:115} INFO - [2022-08-19 01:28:15,974] {dag.py:2919} INFO - Setting next_dagrun for example_branch_dop_operator_v3 to 2022-08-19T01:27:00+00:00, run_after=2022-08-19T01:28:00+00:00
[2022-08-19 01:28:15,991] {processor.py:161} INFO - Processing /home/airflow/.local/lib/python3.7/site-packages/airflow/example_dags/example_branch_python_dop_operator_3.py took 0.109 seconds
[2022-08-19 01:28:46,418] {processor.py:153} INFO - Started process (PID=25879) to work on /home/airflow/.local/lib/python3.7/site-packages/airflow/example_dags/example_branch_python_dop_operator_3.py
[2022-08-19 01:28:46,421] {processor.py:641} INFO - Processing file /home/airflow/.local/lib/python3.7/site-packages/airflow/example_dags/example_branch_python_dop_operator_3.py for tasks to queue
[2022-08-19 01:28:46,422] {logging_mixin.py:115} INFO - [2022-08-19 01:28:46,422] {dagbag.py:507} INFO - Filling up the DagBag from /home/airflow/.local/lib/python3.7/site-packages/airflow/example_dags/example_branch_python_dop_operator_3.py
[2022-08-19 01:28:46,437] {processor.py:651} INFO - DAG(s) dict_keys(['example_branch_dop_operator_v3']) retrieved from /home/airflow/.local/lib/python3.7/site-packages/airflow/example_dags/example_branch_python_dop_operator_3.py
[2022-08-19 01:28:46,467] {logging_mixin.py:115} INFO - [2022-08-19 01:28:46,467] {dag.py:2371} INFO - Sync 1 DAGs
[2022-08-19 01:28:46,496] {logging_mixin.py:115} INFO - [2022-08-19 01:28:46,496] {dag.py:2919} INFO - Setting next_dagrun for example_branch_dop_operator_v3 to 2022-08-19T01:27:00+00:00, run_after=2022-08-19T01:28:00+00:00
[2022-08-19 01:28:46,510] {processor.py:161} INFO - Processing /home/airflow/.local/lib/python3.7/site-packages/airflow/example_dags/example_branch_python_dop_operator_3.py took 0.096 seconds
[2022-08-19 01:29:16,636] {processor.py:153} INFO - Started process (PID=25940) to work on /home/airflow/.local/lib/python3.7/site-packages/airflow/example_dags/example_branch_python_dop_operator_3.py
[2022-08-19 01:29:16,638] {processor.py:641} INFO - Processing file /home/airflow/.local/lib/python3.7/site-packages/airflow/example_dags/example_branch_python_dop_operator_3.py for tasks to queue
[2022-08-19 01:29:16,639] {logging_mixin.py:115} INFO - [2022-08-19 01:29:16,639] {dagbag.py:507} INFO - Filling up the DagBag from /home/airflow/.local/lib/python3.7/site-packages/airflow/example_dags/example_branch_python_dop_operator_3.py
[2022-08-19 01:29:16,657] {processor.py:651} INFO - DAG(s) dict_keys(['example_branch_dop_operator_v3']) retrieved from /home/airflow/.local/lib/python3.7/site-packages/airflow/example_dags/example_branch_python_dop_operator_3.py
[2022-08-19 01:29:16,689] {logging_mixin.py:115} INFO - [2022-08-19 01:29:16,689] {dag.py:2371} INFO - Sync 1 DAGs
[2022-08-19 01:29:16,717] {logging_mixin.py:115} INFO - [2022-08-19 01:29:16,716] {dag.py:2919} INFO - Setting next_dagrun for example_branch_dop_operator_v3 to 2022-08-19T01:28:00+00:00, run_after=2022-08-19T01:29:00+00:00
[2022-08-19 01:29:16,730] {processor.py:161} INFO - Processing /home/airflow/.local/lib/python3.7/site-packages/airflow/example_dags/example_branch_python_dop_operator_3.py took 0.100 seconds
[2022-08-19 01:29:46,852] {processor.py:153} INFO - Started process (PID=26002) to work on /home/airflow/.local/lib/python3.7/site-packages/airflow/example_dags/example_branch_python_dop_operator_3.py
[2022-08-19 01:29:46,853] {processor.py:641} INFO - Processing file /home/airflow/.local/lib/python3.7/site-packages/airflow/example_dags/example_branch_python_dop_operator_3.py for tasks to queue
[2022-08-19 01:29:46,854] {logging_mixin.py:115} INFO - [2022-08-19 01:29:46,854] {dagbag.py:507} INFO - Filling up the DagBag from /home/airflow/.local/lib/python3.7/site-packages/airflow/example_dags/example_branch_python_dop_operator_3.py
[2022-08-19 01:29:46,866] {processor.py:651} INFO - DAG(s) dict_keys(['example_branch_dop_operator_v3']) retrieved from /home/airflow/.local/lib/python3.7/site-packages/airflow/example_dags/example_branch_python_dop_operator_3.py
[2022-08-19 01:29:46,894] {logging_mixin.py:115} INFO - [2022-08-19 01:29:46,894] {dag.py:2371} INFO - Sync 1 DAGs
[2022-08-19 01:29:46,922] {logging_mixin.py:115} INFO - [2022-08-19 01:29:46,922] {dag.py:2919} INFO - Setting next_dagrun for example_branch_dop_operator_v3 to 2022-08-19T01:28:00+00:00, run_after=2022-08-19T01:29:00+00:00
[2022-08-19 01:29:46,935] {processor.py:161} INFO - Processing /home/airflow/.local/lib/python3.7/site-packages/airflow/example_dags/example_branch_python_dop_operator_3.py took 0.087 seconds
[2022-08-19 01:30:17,219] {processor.py:153} INFO - Started process (PID=26054) to work on /home/airflow/.local/lib/python3.7/site-packages/airflow/example_dags/example_branch_python_dop_operator_3.py
[2022-08-19 01:30:17,220] {processor.py:641} INFO - Processing file /home/airflow/.local/lib/python3.7/site-packages/airflow/example_dags/example_branch_python_dop_operator_3.py for tasks to queue
[2022-08-19 01:30:17,221] {logging_mixin.py:115} INFO - [2022-08-19 01:30:17,221] {dagbag.py:507} INFO - Filling up the DagBag from /home/airflow/.local/lib/python3.7/site-packages/airflow/example_dags/example_branch_python_dop_operator_3.py
[2022-08-19 01:30:17,234] {processor.py:651} INFO - DAG(s) dict_keys(['example_branch_dop_operator_v3']) retrieved from /home/airflow/.local/lib/python3.7/site-packages/airflow/example_dags/example_branch_python_dop_operator_3.py
[2022-08-19 01:30:17,262] {logging_mixin.py:115} INFO - [2022-08-19 01:30:17,262] {dag.py:2371} INFO - Sync 1 DAGs
[2022-08-19 01:30:17,291] {logging_mixin.py:115} INFO - [2022-08-19 01:30:17,291] {dag.py:2919} INFO - Setting next_dagrun for example_branch_dop_operator_v3 to 2022-08-19T01:29:00+00:00, run_after=2022-08-19T01:30:00+00:00
[2022-08-19 01:30:17,305] {processor.py:161} INFO - Processing /home/airflow/.local/lib/python3.7/site-packages/airflow/example_dags/example_branch_python_dop_operator_3.py took 0.090 seconds
[2022-08-19 01:30:47,847] {processor.py:153} INFO - Started process (PID=26115) to work on /home/airflow/.local/lib/python3.7/site-packages/airflow/example_dags/example_branch_python_dop_operator_3.py
[2022-08-19 01:30:47,848] {processor.py:641} INFO - Processing file /home/airflow/.local/lib/python3.7/site-packages/airflow/example_dags/example_branch_python_dop_operator_3.py for tasks to queue
[2022-08-19 01:30:47,849] {logging_mixin.py:115} INFO - [2022-08-19 01:30:47,849] {dagbag.py:507} INFO - Filling up the DagBag from /home/airflow/.local/lib/python3.7/site-packages/airflow/example_dags/example_branch_python_dop_operator_3.py
[2022-08-19 01:30:47,861] {processor.py:651} INFO - DAG(s) dict_keys(['example_branch_dop_operator_v3']) retrieved from /home/airflow/.local/lib/python3.7/site-packages/airflow/example_dags/example_branch_python_dop_operator_3.py
[2022-08-19 01:30:47,889] {logging_mixin.py:115} INFO - [2022-08-19 01:30:47,889] {dag.py:2371} INFO - Sync 1 DAGs
[2022-08-19 01:30:47,917] {logging_mixin.py:115} INFO - [2022-08-19 01:30:47,917] {dag.py:2919} INFO - Setting next_dagrun for example_branch_dop_operator_v3 to 2022-08-19T01:29:00+00:00, run_after=2022-08-19T01:30:00+00:00
[2022-08-19 01:30:47,929] {processor.py:161} INFO - Processing /home/airflow/.local/lib/python3.7/site-packages/airflow/example_dags/example_branch_python_dop_operator_3.py took 0.086 seconds
[2022-08-19 01:31:18,033] {processor.py:153} INFO - Started process (PID=26176) to work on /home/airflow/.local/lib/python3.7/site-packages/airflow/example_dags/example_branch_python_dop_operator_3.py
[2022-08-19 01:31:18,034] {processor.py:641} INFO - Processing file /home/airflow/.local/lib/python3.7/site-packages/airflow/example_dags/example_branch_python_dop_operator_3.py for tasks to queue
[2022-08-19 01:31:18,035] {logging_mixin.py:115} INFO - [2022-08-19 01:31:18,035] {dagbag.py:507} INFO - Filling up the DagBag from /home/airflow/.local/lib/python3.7/site-packages/airflow/example_dags/example_branch_python_dop_operator_3.py
[2022-08-19 01:31:18,046] {processor.py:651} INFO - DAG(s) dict_keys(['example_branch_dop_operator_v3']) retrieved from /home/airflow/.local/lib/python3.7/site-packages/airflow/example_dags/example_branch_python_dop_operator_3.py
[2022-08-19 01:31:18,091] {logging_mixin.py:115} INFO - [2022-08-19 01:31:18,091] {dag.py:2371} INFO - Sync 1 DAGs
[2022-08-19 01:31:18,124] {logging_mixin.py:115} INFO - [2022-08-19 01:31:18,124] {dag.py:2919} INFO - Setting next_dagrun for example_branch_dop_operator_v3 to 2022-08-19T01:30:00+00:00, run_after=2022-08-19T01:31:00+00:00
[2022-08-19 01:31:18,137] {processor.py:161} INFO - Processing /home/airflow/.local/lib/python3.7/site-packages/airflow/example_dags/example_branch_python_dop_operator_3.py took 0.108 seconds
[2022-08-19 01:31:48,379] {processor.py:153} INFO - Started process (PID=26228) to work on /home/airflow/.local/lib/python3.7/site-packages/airflow/example_dags/example_branch_python_dop_operator_3.py
[2022-08-19 01:31:48,382] {processor.py:641} INFO - Processing file /home/airflow/.local/lib/python3.7/site-packages/airflow/example_dags/example_branch_python_dop_operator_3.py for tasks to queue
[2022-08-19 01:31:48,384] {logging_mixin.py:115} INFO - [2022-08-19 01:31:48,384] {dagbag.py:507} INFO - Filling up the DagBag from /home/airflow/.local/lib/python3.7/site-packages/airflow/example_dags/example_branch_python_dop_operator_3.py
[2022-08-19 01:31:48,400] {processor.py:651} INFO - DAG(s) dict_keys(['example_branch_dop_operator_v3']) retrieved from /home/airflow/.local/lib/python3.7/site-packages/airflow/example_dags/example_branch_python_dop_operator_3.py
[2022-08-19 01:31:48,433] {logging_mixin.py:115} INFO - [2022-08-19 01:31:48,433] {dag.py:2371} INFO - Sync 1 DAGs
[2022-08-19 01:31:48,459] {logging_mixin.py:115} INFO - [2022-08-19 01:31:48,459] {dag.py:2919} INFO - Setting next_dagrun for example_branch_dop_operator_v3 to 2022-08-19T01:30:00+00:00, run_after=2022-08-19T01:31:00+00:00
[2022-08-19 01:31:48,471] {processor.py:161} INFO - Processing /home/airflow/.local/lib/python3.7/site-packages/airflow/example_dags/example_branch_python_dop_operator_3.py took 0.100 seconds
[2022-08-19 01:32:37,694] {processor.py:153} INFO - Started process (PID=26280) to work on /home/airflow/.local/lib/python3.7/site-packages/airflow/example_dags/example_branch_python_dop_operator_3.py
[2022-08-19 01:32:37,695] {processor.py:641} INFO - Processing file /home/airflow/.local/lib/python3.7/site-packages/airflow/example_dags/example_branch_python_dop_operator_3.py for tasks to queue
[2022-08-19 01:32:37,696] {logging_mixin.py:115} INFO - [2022-08-19 01:32:37,696] {dagbag.py:507} INFO - Filling up the DagBag from /home/airflow/.local/lib/python3.7/site-packages/airflow/example_dags/example_branch_python_dop_operator_3.py
[2022-08-19 01:32:37,707] {processor.py:651} INFO - DAG(s) dict_keys(['example_branch_dop_operator_v3']) retrieved from /home/airflow/.local/lib/python3.7/site-packages/airflow/example_dags/example_branch_python_dop_operator_3.py
[2022-08-19 01:32:37,737] {logging_mixin.py:115} INFO - [2022-08-19 01:32:37,737] {dag.py:2371} INFO - Sync 1 DAGs
[2022-08-19 01:32:37,764] {logging_mixin.py:115} INFO - [2022-08-19 01:32:37,764] {dag.py:2919} INFO - Setting next_dagrun for example_branch_dop_operator_v3 to 2022-08-19T01:31:00+00:00, run_after=2022-08-19T01:32:00+00:00
[2022-08-19 01:32:37,778] {processor.py:161} INFO - Processing /home/airflow/.local/lib/python3.7/site-packages/airflow/example_dags/example_branch_python_dop_operator_3.py took 0.088 seconds
[2022-08-19 03:33:06,133] {processor.py:153} INFO - Started process (PID=26333) to work on /home/airflow/.local/lib/python3.7/site-packages/airflow/example_dags/example_branch_python_dop_operator_3.py
[2022-08-19 03:33:06,134] {processor.py:641} INFO - Processing file /home/airflow/.local/lib/python3.7/site-packages/airflow/example_dags/example_branch_python_dop_operator_3.py for tasks to queue
[2022-08-19 03:33:06,135] {logging_mixin.py:115} INFO - [2022-08-19 03:33:06,135] {dagbag.py:507} INFO - Filling up the DagBag from /home/airflow/.local/lib/python3.7/site-packages/airflow/example_dags/example_branch_python_dop_operator_3.py
[2022-08-19 03:33:06,152] {processor.py:651} INFO - DAG(s) dict_keys(['example_branch_dop_operator_v3']) retrieved from /home/airflow/.local/lib/python3.7/site-packages/airflow/example_dags/example_branch_python_dop_operator_3.py
[2022-08-19 03:33:06,215] {logging_mixin.py:115} INFO - [2022-08-19 03:33:06,215] {dag.py:2371} INFO - Sync 1 DAGs
[2022-08-19 03:33:06,275] {logging_mixin.py:115} INFO - [2022-08-19 03:33:06,275] {dag.py:2919} INFO - Setting next_dagrun for example_branch_dop_operator_v3 to 2022-08-19T03:32:00+00:00, run_after=2022-08-19T03:33:00+00:00
[2022-08-19 03:33:06,295] {processor.py:161} INFO - Processing /home/airflow/.local/lib/python3.7/site-packages/airflow/example_dags/example_branch_python_dop_operator_3.py took 0.165 seconds
[2022-08-19 06:13:53,192] {processor.py:153} INFO - Started process (PID=26384) to work on /home/airflow/.local/lib/python3.7/site-packages/airflow/example_dags/example_branch_python_dop_operator_3.py
[2022-08-19 06:13:53,195] {processor.py:641} INFO - Processing file /home/airflow/.local/lib/python3.7/site-packages/airflow/example_dags/example_branch_python_dop_operator_3.py for tasks to queue
[2022-08-19 06:13:53,196] {logging_mixin.py:115} INFO - [2022-08-19 06:13:53,196] {dagbag.py:507} INFO - Filling up the DagBag from /home/airflow/.local/lib/python3.7/site-packages/airflow/example_dags/example_branch_python_dop_operator_3.py
[2022-08-19 06:13:53,215] {processor.py:651} INFO - DAG(s) dict_keys(['example_branch_dop_operator_v3']) retrieved from /home/airflow/.local/lib/python3.7/site-packages/airflow/example_dags/example_branch_python_dop_operator_3.py
[2022-08-19 06:13:53,265] {logging_mixin.py:115} INFO - [2022-08-19 06:13:53,265] {dag.py:2371} INFO - Sync 1 DAGs
[2022-08-19 06:13:53,322] {logging_mixin.py:115} INFO - [2022-08-19 06:13:53,322] {dag.py:2919} INFO - Setting next_dagrun for example_branch_dop_operator_v3 to 2022-08-19T06:12:00+00:00, run_after=2022-08-19T06:13:00+00:00
[2022-08-19 06:13:53,361] {processor.py:161} INFO - Processing /home/airflow/.local/lib/python3.7/site-packages/airflow/example_dags/example_branch_python_dop_operator_3.py took 0.173 seconds
