[2022-08-19 00:19:07,100] {processor.py:153} INFO - Started process (PID=25554) to work on /home/airflow/.local/lib/python3.7/site-packages/airflow/example_dags/example_task_group.py
[2022-08-19 00:19:07,104] {processor.py:641} INFO - Processing file /home/airflow/.local/lib/python3.7/site-packages/airflow/example_dags/example_task_group.py for tasks to queue
[2022-08-19 00:19:07,106] {logging_mixin.py:115} INFO - [2022-08-19 00:19:07,106] {dagbag.py:507} INFO - Filling up the DagBag from /home/airflow/.local/lib/python3.7/site-packages/airflow/example_dags/example_task_group.py
[2022-08-19 00:19:07,124] {processor.py:651} INFO - DAG(s) dict_keys(['example_task_group']) retrieved from /home/airflow/.local/lib/python3.7/site-packages/airflow/example_dags/example_task_group.py
[2022-08-19 00:19:07,180] {logging_mixin.py:115} INFO - [2022-08-19 00:19:07,180] {dag.py:2371} INFO - Sync 1 DAGs
[2022-08-19 00:19:07,222] {logging_mixin.py:115} INFO - [2022-08-19 00:19:07,222] {dag.py:2919} INFO - Setting next_dagrun for example_task_group to 2022-08-18T00:19:07.222245+00:00, run_after=2022-08-19T00:19:07.222245+00:00
[2022-08-19 00:19:07,249] {processor.py:161} INFO - Processing /home/airflow/.local/lib/python3.7/site-packages/airflow/example_dags/example_task_group.py took 0.153 seconds
[2022-08-19 01:21:24,820] {processor.py:153} INFO - Started process (PID=25597) to work on /home/airflow/.local/lib/python3.7/site-packages/airflow/example_dags/example_task_group.py
[2022-08-19 01:21:24,822] {processor.py:641} INFO - Processing file /home/airflow/.local/lib/python3.7/site-packages/airflow/example_dags/example_task_group.py for tasks to queue
[2022-08-19 01:21:24,824] {logging_mixin.py:115} INFO - [2022-08-19 01:21:24,824] {dagbag.py:507} INFO - Filling up the DagBag from /home/airflow/.local/lib/python3.7/site-packages/airflow/example_dags/example_task_group.py
[2022-08-19 01:21:24,864] {processor.py:651} INFO - DAG(s) dict_keys(['example_task_group']) retrieved from /home/airflow/.local/lib/python3.7/site-packages/airflow/example_dags/example_task_group.py
[2022-08-19 01:21:24,919] {logging_mixin.py:115} INFO - [2022-08-19 01:21:24,919] {dag.py:2371} INFO - Sync 1 DAGs
[2022-08-19 01:21:24,953] {logging_mixin.py:115} INFO - [2022-08-19 01:21:24,953] {dag.py:2919} INFO - Setting next_dagrun for example_task_group to 2022-08-18T01:21:24.953479+00:00, run_after=2022-08-19T01:21:24.953479+00:00
[2022-08-19 01:21:24,979] {processor.py:161} INFO - Processing /home/airflow/.local/lib/python3.7/site-packages/airflow/example_dags/example_task_group.py took 0.162 seconds
[2022-08-19 01:26:44,770] {processor.py:153} INFO - Started process (PID=25658) to work on /home/airflow/.local/lib/python3.7/site-packages/airflow/example_dags/example_task_group.py
[2022-08-19 01:26:44,774] {processor.py:641} INFO - Processing file /home/airflow/.local/lib/python3.7/site-packages/airflow/example_dags/example_task_group.py for tasks to queue
[2022-08-19 01:26:44,777] {logging_mixin.py:115} INFO - [2022-08-19 01:26:44,777] {dagbag.py:507} INFO - Filling up the DagBag from /home/airflow/.local/lib/python3.7/site-packages/airflow/example_dags/example_task_group.py
[2022-08-19 01:26:44,795] {processor.py:651} INFO - DAG(s) dict_keys(['example_task_group']) retrieved from /home/airflow/.local/lib/python3.7/site-packages/airflow/example_dags/example_task_group.py
[2022-08-19 01:26:44,856] {logging_mixin.py:115} INFO - [2022-08-19 01:26:44,856] {dag.py:2371} INFO - Sync 1 DAGs
[2022-08-19 01:26:44,892] {logging_mixin.py:115} INFO - [2022-08-19 01:26:44,892] {dag.py:2919} INFO - Setting next_dagrun for example_task_group to 2022-08-18T01:26:44.892282+00:00, run_after=2022-08-19T01:26:44.892282+00:00
[2022-08-19 01:26:44,914] {processor.py:161} INFO - Processing /home/airflow/.local/lib/python3.7/site-packages/airflow/example_dags/example_task_group.py took 0.148 seconds
[2022-08-19 01:27:15,410] {processor.py:153} INFO - Started process (PID=25711) to work on /home/airflow/.local/lib/python3.7/site-packages/airflow/example_dags/example_task_group.py
[2022-08-19 01:27:15,412] {processor.py:641} INFO - Processing file /home/airflow/.local/lib/python3.7/site-packages/airflow/example_dags/example_task_group.py for tasks to queue
[2022-08-19 01:27:15,414] {logging_mixin.py:115} INFO - [2022-08-19 01:27:15,414] {dagbag.py:507} INFO - Filling up the DagBag from /home/airflow/.local/lib/python3.7/site-packages/airflow/example_dags/example_task_group.py
[2022-08-19 01:27:15,425] {processor.py:651} INFO - DAG(s) dict_keys(['example_task_group']) retrieved from /home/airflow/.local/lib/python3.7/site-packages/airflow/example_dags/example_task_group.py
[2022-08-19 01:27:15,463] {logging_mixin.py:115} INFO - [2022-08-19 01:27:15,463] {dag.py:2371} INFO - Sync 1 DAGs
[2022-08-19 01:27:15,492] {logging_mixin.py:115} INFO - [2022-08-19 01:27:15,492] {dag.py:2919} INFO - Setting next_dagrun for example_task_group to 2022-08-18T01:27:15.491730+00:00, run_after=2022-08-19T01:27:15.491730+00:00
[2022-08-19 01:27:15,506] {processor.py:161} INFO - Processing /home/airflow/.local/lib/python3.7/site-packages/airflow/example_dags/example_task_group.py took 0.103 seconds
[2022-08-19 01:27:45,856] {processor.py:153} INFO - Started process (PID=25772) to work on /home/airflow/.local/lib/python3.7/site-packages/airflow/example_dags/example_task_group.py
[2022-08-19 01:27:45,857] {processor.py:641} INFO - Processing file /home/airflow/.local/lib/python3.7/site-packages/airflow/example_dags/example_task_group.py for tasks to queue
[2022-08-19 01:27:45,858] {logging_mixin.py:115} INFO - [2022-08-19 01:27:45,858] {dagbag.py:507} INFO - Filling up the DagBag from /home/airflow/.local/lib/python3.7/site-packages/airflow/example_dags/example_task_group.py
[2022-08-19 01:27:45,867] {processor.py:651} INFO - DAG(s) dict_keys(['example_task_group']) retrieved from /home/airflow/.local/lib/python3.7/site-packages/airflow/example_dags/example_task_group.py
[2022-08-19 01:27:45,898] {logging_mixin.py:115} INFO - [2022-08-19 01:27:45,897] {dag.py:2371} INFO - Sync 1 DAGs
[2022-08-19 01:27:45,924] {logging_mixin.py:115} INFO - [2022-08-19 01:27:45,924] {dag.py:2919} INFO - Setting next_dagrun for example_task_group to 2022-08-18T01:27:45.924216+00:00, run_after=2022-08-19T01:27:45.924216+00:00
[2022-08-19 01:27:45,938] {processor.py:161} INFO - Processing /home/airflow/.local/lib/python3.7/site-packages/airflow/example_dags/example_task_group.py took 0.088 seconds
[2022-08-19 01:28:16,477] {processor.py:153} INFO - Started process (PID=25833) to work on /home/airflow/.local/lib/python3.7/site-packages/airflow/example_dags/example_task_group.py
[2022-08-19 01:28:16,479] {processor.py:641} INFO - Processing file /home/airflow/.local/lib/python3.7/site-packages/airflow/example_dags/example_task_group.py for tasks to queue
[2022-08-19 01:28:16,481] {logging_mixin.py:115} INFO - [2022-08-19 01:28:16,480] {dagbag.py:507} INFO - Filling up the DagBag from /home/airflow/.local/lib/python3.7/site-packages/airflow/example_dags/example_task_group.py
[2022-08-19 01:28:16,489] {processor.py:651} INFO - DAG(s) dict_keys(['example_task_group']) retrieved from /home/airflow/.local/lib/python3.7/site-packages/airflow/example_dags/example_task_group.py
[2022-08-19 01:28:16,521] {logging_mixin.py:115} INFO - [2022-08-19 01:28:16,521] {dag.py:2371} INFO - Sync 1 DAGs
[2022-08-19 01:28:16,547] {logging_mixin.py:115} INFO - [2022-08-19 01:28:16,547] {dag.py:2919} INFO - Setting next_dagrun for example_task_group to 2022-08-18T01:28:16.546543+00:00, run_after=2022-08-19T01:28:16.546543+00:00
[2022-08-19 01:28:16,570] {processor.py:161} INFO - Processing /home/airflow/.local/lib/python3.7/site-packages/airflow/example_dags/example_task_group.py took 0.098 seconds
[2022-08-19 01:28:46,804] {processor.py:153} INFO - Started process (PID=25885) to work on /home/airflow/.local/lib/python3.7/site-packages/airflow/example_dags/example_task_group.py
[2022-08-19 01:28:46,805] {processor.py:641} INFO - Processing file /home/airflow/.local/lib/python3.7/site-packages/airflow/example_dags/example_task_group.py for tasks to queue
[2022-08-19 01:28:46,806] {logging_mixin.py:115} INFO - [2022-08-19 01:28:46,806] {dagbag.py:507} INFO - Filling up the DagBag from /home/airflow/.local/lib/python3.7/site-packages/airflow/example_dags/example_task_group.py
[2022-08-19 01:28:46,816] {processor.py:651} INFO - DAG(s) dict_keys(['example_task_group']) retrieved from /home/airflow/.local/lib/python3.7/site-packages/airflow/example_dags/example_task_group.py
[2022-08-19 01:28:46,860] {logging_mixin.py:115} INFO - [2022-08-19 01:28:46,860] {dag.py:2371} INFO - Sync 1 DAGs
[2022-08-19 01:28:46,889] {logging_mixin.py:115} INFO - [2022-08-19 01:28:46,889] {dag.py:2919} INFO - Setting next_dagrun for example_task_group to 2022-08-18T01:28:46.889142+00:00, run_after=2022-08-19T01:28:46.889142+00:00
[2022-08-19 01:28:46,909] {processor.py:161} INFO - Processing /home/airflow/.local/lib/python3.7/site-packages/airflow/example_dags/example_task_group.py took 0.109 seconds
[2022-08-19 01:29:16,967] {processor.py:153} INFO - Started process (PID=25946) to work on /home/airflow/.local/lib/python3.7/site-packages/airflow/example_dags/example_task_group.py
[2022-08-19 01:29:16,968] {processor.py:641} INFO - Processing file /home/airflow/.local/lib/python3.7/site-packages/airflow/example_dags/example_task_group.py for tasks to queue
[2022-08-19 01:29:16,970] {logging_mixin.py:115} INFO - [2022-08-19 01:29:16,969] {dagbag.py:507} INFO - Filling up the DagBag from /home/airflow/.local/lib/python3.7/site-packages/airflow/example_dags/example_task_group.py
[2022-08-19 01:29:16,978] {processor.py:651} INFO - DAG(s) dict_keys(['example_task_group']) retrieved from /home/airflow/.local/lib/python3.7/site-packages/airflow/example_dags/example_task_group.py
[2022-08-19 01:29:17,009] {logging_mixin.py:115} INFO - [2022-08-19 01:29:17,009] {dag.py:2371} INFO - Sync 1 DAGs
[2022-08-19 01:29:17,030] {logging_mixin.py:115} INFO - [2022-08-19 01:29:17,030] {dag.py:2919} INFO - Setting next_dagrun for example_task_group to 2022-08-18T01:29:17.030130+00:00, run_after=2022-08-19T01:29:17.030130+00:00
[2022-08-19 01:29:17,043] {processor.py:161} INFO - Processing /home/airflow/.local/lib/python3.7/site-packages/airflow/example_dags/example_task_group.py took 0.079 seconds
[2022-08-19 01:29:47,216] {processor.py:153} INFO - Started process (PID=26008) to work on /home/airflow/.local/lib/python3.7/site-packages/airflow/example_dags/example_task_group.py
[2022-08-19 01:29:47,218] {processor.py:641} INFO - Processing file /home/airflow/.local/lib/python3.7/site-packages/airflow/example_dags/example_task_group.py for tasks to queue
[2022-08-19 01:29:47,220] {logging_mixin.py:115} INFO - [2022-08-19 01:29:47,219] {dagbag.py:507} INFO - Filling up the DagBag from /home/airflow/.local/lib/python3.7/site-packages/airflow/example_dags/example_task_group.py
[2022-08-19 01:29:47,234] {processor.py:651} INFO - DAG(s) dict_keys(['example_task_group']) retrieved from /home/airflow/.local/lib/python3.7/site-packages/airflow/example_dags/example_task_group.py
[2022-08-19 01:29:47,272] {logging_mixin.py:115} INFO - [2022-08-19 01:29:47,272] {dag.py:2371} INFO - Sync 1 DAGs
[2022-08-19 01:29:47,300] {logging_mixin.py:115} INFO - [2022-08-19 01:29:47,300] {dag.py:2919} INFO - Setting next_dagrun for example_task_group to 2022-08-18T01:29:47.299731+00:00, run_after=2022-08-19T01:29:47.299731+00:00
[2022-08-19 01:29:47,316] {processor.py:161} INFO - Processing /home/airflow/.local/lib/python3.7/site-packages/airflow/example_dags/example_task_group.py took 0.105 seconds
[2022-08-19 01:30:17,677] {processor.py:153} INFO - Started process (PID=26060) to work on /home/airflow/.local/lib/python3.7/site-packages/airflow/example_dags/example_task_group.py
[2022-08-19 01:30:17,679] {processor.py:641} INFO - Processing file /home/airflow/.local/lib/python3.7/site-packages/airflow/example_dags/example_task_group.py for tasks to queue
[2022-08-19 01:30:17,680] {logging_mixin.py:115} INFO - [2022-08-19 01:30:17,680] {dagbag.py:507} INFO - Filling up the DagBag from /home/airflow/.local/lib/python3.7/site-packages/airflow/example_dags/example_task_group.py
[2022-08-19 01:30:17,691] {processor.py:651} INFO - DAG(s) dict_keys(['example_task_group']) retrieved from /home/airflow/.local/lib/python3.7/site-packages/airflow/example_dags/example_task_group.py
[2022-08-19 01:30:17,727] {logging_mixin.py:115} INFO - [2022-08-19 01:30:17,727] {dag.py:2371} INFO - Sync 1 DAGs
[2022-08-19 01:30:17,749] {logging_mixin.py:115} INFO - [2022-08-19 01:30:17,749] {dag.py:2919} INFO - Setting next_dagrun for example_task_group to 2022-08-18T01:30:17.748986+00:00, run_after=2022-08-19T01:30:17.748986+00:00
[2022-08-19 01:30:17,762] {processor.py:161} INFO - Processing /home/airflow/.local/lib/python3.7/site-packages/airflow/example_dags/example_task_group.py took 0.090 seconds
[2022-08-19 01:30:48,378] {processor.py:153} INFO - Started process (PID=26121) to work on /home/airflow/.local/lib/python3.7/site-packages/airflow/example_dags/example_task_group.py
[2022-08-19 01:30:48,380] {processor.py:641} INFO - Processing file /home/airflow/.local/lib/python3.7/site-packages/airflow/example_dags/example_task_group.py for tasks to queue
[2022-08-19 01:30:48,383] {logging_mixin.py:115} INFO - [2022-08-19 01:30:48,382] {dagbag.py:507} INFO - Filling up the DagBag from /home/airflow/.local/lib/python3.7/site-packages/airflow/example_dags/example_task_group.py
[2022-08-19 01:30:48,394] {processor.py:651} INFO - DAG(s) dict_keys(['example_task_group']) retrieved from /home/airflow/.local/lib/python3.7/site-packages/airflow/example_dags/example_task_group.py
[2022-08-19 01:30:48,427] {logging_mixin.py:115} INFO - [2022-08-19 01:30:48,427] {dag.py:2371} INFO - Sync 1 DAGs
[2022-08-19 01:30:48,449] {logging_mixin.py:115} INFO - [2022-08-19 01:30:48,449] {dag.py:2919} INFO - Setting next_dagrun for example_task_group to 2022-08-18T01:30:48.448894+00:00, run_after=2022-08-19T01:30:48.448894+00:00
[2022-08-19 01:30:48,461] {processor.py:161} INFO - Processing /home/airflow/.local/lib/python3.7/site-packages/airflow/example_dags/example_task_group.py took 0.087 seconds
[2022-08-19 01:31:18,520] {processor.py:153} INFO - Started process (PID=26182) to work on /home/airflow/.local/lib/python3.7/site-packages/airflow/example_dags/example_task_group.py
[2022-08-19 01:31:18,521] {processor.py:641} INFO - Processing file /home/airflow/.local/lib/python3.7/site-packages/airflow/example_dags/example_task_group.py for tasks to queue
[2022-08-19 01:31:18,522] {logging_mixin.py:115} INFO - [2022-08-19 01:31:18,522] {dagbag.py:507} INFO - Filling up the DagBag from /home/airflow/.local/lib/python3.7/site-packages/airflow/example_dags/example_task_group.py
[2022-08-19 01:31:18,530] {processor.py:651} INFO - DAG(s) dict_keys(['example_task_group']) retrieved from /home/airflow/.local/lib/python3.7/site-packages/airflow/example_dags/example_task_group.py
[2022-08-19 01:31:18,567] {logging_mixin.py:115} INFO - [2022-08-19 01:31:18,567] {dag.py:2371} INFO - Sync 1 DAGs
[2022-08-19 01:31:18,591] {logging_mixin.py:115} INFO - [2022-08-19 01:31:18,591] {dag.py:2919} INFO - Setting next_dagrun for example_task_group to 2022-08-18T01:31:18.591574+00:00, run_after=2022-08-19T01:31:18.591574+00:00
[2022-08-19 01:31:18,609] {processor.py:161} INFO - Processing /home/airflow/.local/lib/python3.7/site-packages/airflow/example_dags/example_task_group.py took 0.093 seconds
[2022-08-19 01:31:48,735] {processor.py:153} INFO - Started process (PID=26234) to work on /home/airflow/.local/lib/python3.7/site-packages/airflow/example_dags/example_task_group.py
[2022-08-19 01:31:48,736] {processor.py:641} INFO - Processing file /home/airflow/.local/lib/python3.7/site-packages/airflow/example_dags/example_task_group.py for tasks to queue
[2022-08-19 01:31:48,737] {logging_mixin.py:115} INFO - [2022-08-19 01:31:48,737] {dagbag.py:507} INFO - Filling up the DagBag from /home/airflow/.local/lib/python3.7/site-packages/airflow/example_dags/example_task_group.py
[2022-08-19 01:31:48,747] {processor.py:651} INFO - DAG(s) dict_keys(['example_task_group']) retrieved from /home/airflow/.local/lib/python3.7/site-packages/airflow/example_dags/example_task_group.py
[2022-08-19 01:31:48,779] {logging_mixin.py:115} INFO - [2022-08-19 01:31:48,779] {dag.py:2371} INFO - Sync 1 DAGs
[2022-08-19 01:31:48,802] {logging_mixin.py:115} INFO - [2022-08-19 01:31:48,802] {dag.py:2919} INFO - Setting next_dagrun for example_task_group to 2022-08-18T01:31:48.802343+00:00, run_after=2022-08-19T01:31:48.802343+00:00
[2022-08-19 01:31:48,817] {processor.py:161} INFO - Processing /home/airflow/.local/lib/python3.7/site-packages/airflow/example_dags/example_task_group.py took 0.086 seconds
[2022-08-19 01:32:38,028] {processor.py:153} INFO - Started process (PID=26286) to work on /home/airflow/.local/lib/python3.7/site-packages/airflow/example_dags/example_task_group.py
[2022-08-19 01:32:38,030] {processor.py:641} INFO - Processing file /home/airflow/.local/lib/python3.7/site-packages/airflow/example_dags/example_task_group.py for tasks to queue
[2022-08-19 01:32:38,031] {logging_mixin.py:115} INFO - [2022-08-19 01:32:38,031] {dagbag.py:507} INFO - Filling up the DagBag from /home/airflow/.local/lib/python3.7/site-packages/airflow/example_dags/example_task_group.py
[2022-08-19 01:32:38,043] {processor.py:651} INFO - DAG(s) dict_keys(['example_task_group']) retrieved from /home/airflow/.local/lib/python3.7/site-packages/airflow/example_dags/example_task_group.py
[2022-08-19 01:32:38,079] {logging_mixin.py:115} INFO - [2022-08-19 01:32:38,079] {dag.py:2371} INFO - Sync 1 DAGs
[2022-08-19 01:32:38,105] {logging_mixin.py:115} INFO - [2022-08-19 01:32:38,104] {dag.py:2919} INFO - Setting next_dagrun for example_task_group to 2022-08-18T01:32:38.104470+00:00, run_after=2022-08-19T01:32:38.104470+00:00
[2022-08-19 01:32:38,123] {processor.py:161} INFO - Processing /home/airflow/.local/lib/python3.7/site-packages/airflow/example_dags/example_task_group.py took 0.098 seconds
[2022-08-19 03:33:06,734] {processor.py:153} INFO - Started process (PID=26339) to work on /home/airflow/.local/lib/python3.7/site-packages/airflow/example_dags/example_task_group.py
[2022-08-19 03:33:06,736] {processor.py:641} INFO - Processing file /home/airflow/.local/lib/python3.7/site-packages/airflow/example_dags/example_task_group.py for tasks to queue
[2022-08-19 03:33:06,737] {logging_mixin.py:115} INFO - [2022-08-19 03:33:06,737] {dagbag.py:507} INFO - Filling up the DagBag from /home/airflow/.local/lib/python3.7/site-packages/airflow/example_dags/example_task_group.py
[2022-08-19 03:33:06,758] {processor.py:651} INFO - DAG(s) dict_keys(['example_task_group']) retrieved from /home/airflow/.local/lib/python3.7/site-packages/airflow/example_dags/example_task_group.py
[2022-08-19 03:33:06,815] {logging_mixin.py:115} INFO - [2022-08-19 03:33:06,815] {dag.py:2371} INFO - Sync 1 DAGs
[2022-08-19 03:33:06,854] {logging_mixin.py:115} INFO - [2022-08-19 03:33:06,854] {dag.py:2919} INFO - Setting next_dagrun for example_task_group to 2022-08-18T03:33:06.853943+00:00, run_after=2022-08-19T03:33:06.853943+00:00
[2022-08-19 03:33:06,870] {processor.py:161} INFO - Processing /home/airflow/.local/lib/python3.7/site-packages/airflow/example_dags/example_task_group.py took 0.139 seconds
[2022-08-19 06:13:53,998] {processor.py:153} INFO - Started process (PID=26398) to work on /home/airflow/.local/lib/python3.7/site-packages/airflow/example_dags/example_task_group.py
[2022-08-19 06:13:54,002] {processor.py:641} INFO - Processing file /home/airflow/.local/lib/python3.7/site-packages/airflow/example_dags/example_task_group.py for tasks to queue
[2022-08-19 06:13:54,003] {logging_mixin.py:115} INFO - [2022-08-19 06:13:54,003] {dagbag.py:507} INFO - Filling up the DagBag from /home/airflow/.local/lib/python3.7/site-packages/airflow/example_dags/example_task_group.py
[2022-08-19 06:13:54,020] {processor.py:651} INFO - DAG(s) dict_keys(['example_task_group']) retrieved from /home/airflow/.local/lib/python3.7/site-packages/airflow/example_dags/example_task_group.py
[2022-08-19 06:13:54,089] {logging_mixin.py:115} INFO - [2022-08-19 06:13:54,089] {dag.py:2371} INFO - Sync 1 DAGs
[2022-08-19 06:13:54,135] {logging_mixin.py:115} INFO - [2022-08-19 06:13:54,135] {dag.py:2919} INFO - Setting next_dagrun for example_task_group to 2022-08-18T06:13:54.135344+00:00, run_after=2022-08-19T06:13:54.135344+00:00
[2022-08-19 06:13:54,168] {processor.py:161} INFO - Processing /home/airflow/.local/lib/python3.7/site-packages/airflow/example_dags/example_task_group.py took 0.180 seconds
