[2022-08-19 00:18:57,991] {processor.py:153} INFO - Started process (PID=25543) to work on /home/airflow/.local/lib/python3.7/site-packages/airflow/example_dags/example_trigger_controller_dag.py
[2022-08-19 00:18:57,992] {processor.py:641} INFO - Processing file /home/airflow/.local/lib/python3.7/site-packages/airflow/example_dags/example_trigger_controller_dag.py for tasks to queue
[2022-08-19 00:18:57,997] {logging_mixin.py:115} INFO - [2022-08-19 00:18:57,997] {dagbag.py:507} INFO - Filling up the DagBag from /home/airflow/.local/lib/python3.7/site-packages/airflow/example_dags/example_trigger_controller_dag.py
[2022-08-19 00:18:58,010] {processor.py:651} INFO - DAG(s) dict_keys(['example_trigger_controller_dag']) retrieved from /home/airflow/.local/lib/python3.7/site-packages/airflow/example_dags/example_trigger_controller_dag.py
[2022-08-19 00:19:04,162] {logging_mixin.py:115} INFO - [2022-08-19 00:19:04,160] {dag.py:2371} INFO - Sync 1 DAGs
[2022-08-19 00:19:04,291] {logging_mixin.py:115} INFO - [2022-08-19 00:19:04,290] {dag.py:2919} INFO - Setting next_dagrun for example_trigger_controller_dag to 2021-01-01T00:00:00+00:00, run_after=2021-01-01T00:00:00+00:00
[2022-08-19 00:19:04,372] {processor.py:161} INFO - Processing /home/airflow/.local/lib/python3.7/site-packages/airflow/example_dags/example_trigger_controller_dag.py took 6.410 seconds
[2022-08-19 01:21:23,591] {processor.py:153} INFO - Started process (PID=25586) to work on /home/airflow/.local/lib/python3.7/site-packages/airflow/example_dags/example_trigger_controller_dag.py
[2022-08-19 01:21:23,592] {processor.py:641} INFO - Processing file /home/airflow/.local/lib/python3.7/site-packages/airflow/example_dags/example_trigger_controller_dag.py for tasks to queue
[2022-08-19 01:21:23,593] {logging_mixin.py:115} INFO - [2022-08-19 01:21:23,593] {dagbag.py:507} INFO - Filling up the DagBag from /home/airflow/.local/lib/python3.7/site-packages/airflow/example_dags/example_trigger_controller_dag.py
[2022-08-19 01:21:23,601] {processor.py:651} INFO - DAG(s) dict_keys(['example_trigger_controller_dag']) retrieved from /home/airflow/.local/lib/python3.7/site-packages/airflow/example_dags/example_trigger_controller_dag.py
[2022-08-19 01:21:23,669] {logging_mixin.py:115} INFO - [2022-08-19 01:21:23,669] {dag.py:2371} INFO - Sync 1 DAGs
[2022-08-19 01:21:23,709] {logging_mixin.py:115} INFO - [2022-08-19 01:21:23,709] {dag.py:2919} INFO - Setting next_dagrun for example_trigger_controller_dag to 2021-01-01T00:00:00+00:00, run_after=2021-01-01T00:00:00+00:00
[2022-08-19 01:21:23,735] {processor.py:161} INFO - Processing /home/airflow/.local/lib/python3.7/site-packages/airflow/example_dags/example_trigger_controller_dag.py took 0.148 seconds
[2022-08-19 01:26:43,244] {processor.py:153} INFO - Started process (PID=25647) to work on /home/airflow/.local/lib/python3.7/site-packages/airflow/example_dags/example_trigger_controller_dag.py
[2022-08-19 01:26:43,245] {processor.py:641} INFO - Processing file /home/airflow/.local/lib/python3.7/site-packages/airflow/example_dags/example_trigger_controller_dag.py for tasks to queue
[2022-08-19 01:26:43,248] {logging_mixin.py:115} INFO - [2022-08-19 01:26:43,248] {dagbag.py:507} INFO - Filling up the DagBag from /home/airflow/.local/lib/python3.7/site-packages/airflow/example_dags/example_trigger_controller_dag.py
[2022-08-19 01:26:43,258] {processor.py:651} INFO - DAG(s) dict_keys(['example_trigger_controller_dag']) retrieved from /home/airflow/.local/lib/python3.7/site-packages/airflow/example_dags/example_trigger_controller_dag.py
[2022-08-19 01:26:43,315] {logging_mixin.py:115} INFO - [2022-08-19 01:26:43,315] {dag.py:2371} INFO - Sync 1 DAGs
[2022-08-19 01:26:43,353] {logging_mixin.py:115} INFO - [2022-08-19 01:26:43,353] {dag.py:2919} INFO - Setting next_dagrun for example_trigger_controller_dag to 2021-01-01T00:00:00+00:00, run_after=2021-01-01T00:00:00+00:00
[2022-08-19 01:26:43,380] {processor.py:161} INFO - Processing /home/airflow/.local/lib/python3.7/site-packages/airflow/example_dags/example_trigger_controller_dag.py took 0.140 seconds
[2022-08-19 01:27:13,432] {processor.py:153} INFO - Started process (PID=25699) to work on /home/airflow/.local/lib/python3.7/site-packages/airflow/example_dags/example_trigger_controller_dag.py
[2022-08-19 01:27:13,434] {processor.py:641} INFO - Processing file /home/airflow/.local/lib/python3.7/site-packages/airflow/example_dags/example_trigger_controller_dag.py for tasks to queue
[2022-08-19 01:27:13,435] {logging_mixin.py:115} INFO - [2022-08-19 01:27:13,435] {dagbag.py:507} INFO - Filling up the DagBag from /home/airflow/.local/lib/python3.7/site-packages/airflow/example_dags/example_trigger_controller_dag.py
[2022-08-19 01:27:13,440] {processor.py:651} INFO - DAG(s) dict_keys(['example_trigger_controller_dag']) retrieved from /home/airflow/.local/lib/python3.7/site-packages/airflow/example_dags/example_trigger_controller_dag.py
[2022-08-19 01:27:13,471] {logging_mixin.py:115} INFO - [2022-08-19 01:27:13,471] {dag.py:2371} INFO - Sync 1 DAGs
[2022-08-19 01:27:13,496] {logging_mixin.py:115} INFO - [2022-08-19 01:27:13,496] {dag.py:2919} INFO - Setting next_dagrun for example_trigger_controller_dag to 2021-01-01T00:00:00+00:00, run_after=2021-01-01T00:00:00+00:00
[2022-08-19 01:27:13,509] {processor.py:161} INFO - Processing /home/airflow/.local/lib/python3.7/site-packages/airflow/example_dags/example_trigger_controller_dag.py took 0.081 seconds
[2022-08-19 01:27:44,147] {processor.py:153} INFO - Started process (PID=25760) to work on /home/airflow/.local/lib/python3.7/site-packages/airflow/example_dags/example_trigger_controller_dag.py
[2022-08-19 01:27:44,148] {processor.py:641} INFO - Processing file /home/airflow/.local/lib/python3.7/site-packages/airflow/example_dags/example_trigger_controller_dag.py for tasks to queue
[2022-08-19 01:27:44,150] {logging_mixin.py:115} INFO - [2022-08-19 01:27:44,150] {dagbag.py:507} INFO - Filling up the DagBag from /home/airflow/.local/lib/python3.7/site-packages/airflow/example_dags/example_trigger_controller_dag.py
[2022-08-19 01:27:44,154] {processor.py:651} INFO - DAG(s) dict_keys(['example_trigger_controller_dag']) retrieved from /home/airflow/.local/lib/python3.7/site-packages/airflow/example_dags/example_trigger_controller_dag.py
[2022-08-19 01:27:44,183] {logging_mixin.py:115} INFO - [2022-08-19 01:27:44,183] {dag.py:2371} INFO - Sync 1 DAGs
[2022-08-19 01:27:44,206] {logging_mixin.py:115} INFO - [2022-08-19 01:27:44,206] {dag.py:2919} INFO - Setting next_dagrun for example_trigger_controller_dag to 2021-01-01T00:00:00+00:00, run_after=2021-01-01T00:00:00+00:00
[2022-08-19 01:27:44,218] {processor.py:161} INFO - Processing /home/airflow/.local/lib/python3.7/site-packages/airflow/example_dags/example_trigger_controller_dag.py took 0.075 seconds
[2022-08-19 01:28:14,446] {processor.py:153} INFO - Started process (PID=25812) to work on /home/airflow/.local/lib/python3.7/site-packages/airflow/example_dags/example_trigger_controller_dag.py
[2022-08-19 01:28:14,463] {processor.py:641} INFO - Processing file /home/airflow/.local/lib/python3.7/site-packages/airflow/example_dags/example_trigger_controller_dag.py for tasks to queue
[2022-08-19 01:28:14,465] {logging_mixin.py:115} INFO - [2022-08-19 01:28:14,465] {dagbag.py:507} INFO - Filling up the DagBag from /home/airflow/.local/lib/python3.7/site-packages/airflow/example_dags/example_trigger_controller_dag.py
[2022-08-19 01:28:14,470] {processor.py:651} INFO - DAG(s) dict_keys(['example_trigger_controller_dag']) retrieved from /home/airflow/.local/lib/python3.7/site-packages/airflow/example_dags/example_trigger_controller_dag.py
[2022-08-19 01:28:14,504] {logging_mixin.py:115} INFO - [2022-08-19 01:28:14,504] {dag.py:2371} INFO - Sync 1 DAGs
[2022-08-19 01:28:14,526] {logging_mixin.py:115} INFO - [2022-08-19 01:28:14,526] {dag.py:2919} INFO - Setting next_dagrun for example_trigger_controller_dag to 2021-01-01T00:00:00+00:00, run_after=2021-01-01T00:00:00+00:00
[2022-08-19 01:28:14,538] {processor.py:161} INFO - Processing /home/airflow/.local/lib/python3.7/site-packages/airflow/example_dags/example_trigger_controller_dag.py took 0.099 seconds
[2022-08-19 01:28:45,044] {processor.py:153} INFO - Started process (PID=25873) to work on /home/airflow/.local/lib/python3.7/site-packages/airflow/example_dags/example_trigger_controller_dag.py
[2022-08-19 01:28:45,045] {processor.py:641} INFO - Processing file /home/airflow/.local/lib/python3.7/site-packages/airflow/example_dags/example_trigger_controller_dag.py for tasks to queue
[2022-08-19 01:28:45,046] {logging_mixin.py:115} INFO - [2022-08-19 01:28:45,046] {dagbag.py:507} INFO - Filling up the DagBag from /home/airflow/.local/lib/python3.7/site-packages/airflow/example_dags/example_trigger_controller_dag.py
[2022-08-19 01:28:45,051] {processor.py:651} INFO - DAG(s) dict_keys(['example_trigger_controller_dag']) retrieved from /home/airflow/.local/lib/python3.7/site-packages/airflow/example_dags/example_trigger_controller_dag.py
[2022-08-19 01:28:45,082] {logging_mixin.py:115} INFO - [2022-08-19 01:28:45,082] {dag.py:2371} INFO - Sync 1 DAGs
[2022-08-19 01:28:45,104] {logging_mixin.py:115} INFO - [2022-08-19 01:28:45,104] {dag.py:2919} INFO - Setting next_dagrun for example_trigger_controller_dag to 2021-01-01T00:00:00+00:00, run_after=2021-01-01T00:00:00+00:00
[2022-08-19 01:28:45,117] {processor.py:161} INFO - Processing /home/airflow/.local/lib/python3.7/site-packages/airflow/example_dags/example_trigger_controller_dag.py took 0.077 seconds
[2022-08-19 01:29:15,269] {processor.py:153} INFO - Started process (PID=25934) to work on /home/airflow/.local/lib/python3.7/site-packages/airflow/example_dags/example_trigger_controller_dag.py
[2022-08-19 01:29:15,271] {processor.py:641} INFO - Processing file /home/airflow/.local/lib/python3.7/site-packages/airflow/example_dags/example_trigger_controller_dag.py for tasks to queue
[2022-08-19 01:29:15,272] {logging_mixin.py:115} INFO - [2022-08-19 01:29:15,271] {dagbag.py:507} INFO - Filling up the DagBag from /home/airflow/.local/lib/python3.7/site-packages/airflow/example_dags/example_trigger_controller_dag.py
[2022-08-19 01:29:15,276] {processor.py:651} INFO - DAG(s) dict_keys(['example_trigger_controller_dag']) retrieved from /home/airflow/.local/lib/python3.7/site-packages/airflow/example_dags/example_trigger_controller_dag.py
[2022-08-19 01:29:15,307] {logging_mixin.py:115} INFO - [2022-08-19 01:29:15,307] {dag.py:2371} INFO - Sync 1 DAGs
[2022-08-19 01:29:15,329] {logging_mixin.py:115} INFO - [2022-08-19 01:29:15,329] {dag.py:2919} INFO - Setting next_dagrun for example_trigger_controller_dag to 2021-01-01T00:00:00+00:00, run_after=2021-01-01T00:00:00+00:00
[2022-08-19 01:29:15,341] {processor.py:161} INFO - Processing /home/airflow/.local/lib/python3.7/site-packages/airflow/example_dags/example_trigger_controller_dag.py took 0.075 seconds
[2022-08-19 01:29:45,500] {processor.py:153} INFO - Started process (PID=25987) to work on /home/airflow/.local/lib/python3.7/site-packages/airflow/example_dags/example_trigger_controller_dag.py
[2022-08-19 01:29:45,501] {processor.py:641} INFO - Processing file /home/airflow/.local/lib/python3.7/site-packages/airflow/example_dags/example_trigger_controller_dag.py for tasks to queue
[2022-08-19 01:29:45,502] {logging_mixin.py:115} INFO - [2022-08-19 01:29:45,502] {dagbag.py:507} INFO - Filling up the DagBag from /home/airflow/.local/lib/python3.7/site-packages/airflow/example_dags/example_trigger_controller_dag.py
[2022-08-19 01:29:45,506] {processor.py:651} INFO - DAG(s) dict_keys(['example_trigger_controller_dag']) retrieved from /home/airflow/.local/lib/python3.7/site-packages/airflow/example_dags/example_trigger_controller_dag.py
[2022-08-19 01:29:45,537] {logging_mixin.py:115} INFO - [2022-08-19 01:29:45,537] {dag.py:2371} INFO - Sync 1 DAGs
[2022-08-19 01:29:45,558] {logging_mixin.py:115} INFO - [2022-08-19 01:29:45,558] {dag.py:2919} INFO - Setting next_dagrun for example_trigger_controller_dag to 2021-01-01T00:00:00+00:00, run_after=2021-01-01T00:00:00+00:00
[2022-08-19 01:29:45,570] {processor.py:161} INFO - Processing /home/airflow/.local/lib/python3.7/site-packages/airflow/example_dags/example_trigger_controller_dag.py took 0.075 seconds
[2022-08-19 01:30:15,843] {processor.py:153} INFO - Started process (PID=26048) to work on /home/airflow/.local/lib/python3.7/site-packages/airflow/example_dags/example_trigger_controller_dag.py
[2022-08-19 01:30:15,844] {processor.py:641} INFO - Processing file /home/airflow/.local/lib/python3.7/site-packages/airflow/example_dags/example_trigger_controller_dag.py for tasks to queue
[2022-08-19 01:30:15,846] {logging_mixin.py:115} INFO - [2022-08-19 01:30:15,846] {dagbag.py:507} INFO - Filling up the DagBag from /home/airflow/.local/lib/python3.7/site-packages/airflow/example_dags/example_trigger_controller_dag.py
[2022-08-19 01:30:15,851] {processor.py:651} INFO - DAG(s) dict_keys(['example_trigger_controller_dag']) retrieved from /home/airflow/.local/lib/python3.7/site-packages/airflow/example_dags/example_trigger_controller_dag.py
[2022-08-19 01:30:15,883] {logging_mixin.py:115} INFO - [2022-08-19 01:30:15,883] {dag.py:2371} INFO - Sync 1 DAGs
[2022-08-19 01:30:15,904] {logging_mixin.py:115} INFO - [2022-08-19 01:30:15,904] {dag.py:2919} INFO - Setting next_dagrun for example_trigger_controller_dag to 2021-01-01T00:00:00+00:00, run_after=2021-01-01T00:00:00+00:00
[2022-08-19 01:30:15,915] {processor.py:161} INFO - Processing /home/airflow/.local/lib/python3.7/site-packages/airflow/example_dags/example_trigger_controller_dag.py took 0.077 seconds
[2022-08-19 01:30:46,374] {processor.py:153} INFO - Started process (PID=26109) to work on /home/airflow/.local/lib/python3.7/site-packages/airflow/example_dags/example_trigger_controller_dag.py
[2022-08-19 01:30:46,375] {processor.py:641} INFO - Processing file /home/airflow/.local/lib/python3.7/site-packages/airflow/example_dags/example_trigger_controller_dag.py for tasks to queue
[2022-08-19 01:30:46,376] {logging_mixin.py:115} INFO - [2022-08-19 01:30:46,376] {dagbag.py:507} INFO - Filling up the DagBag from /home/airflow/.local/lib/python3.7/site-packages/airflow/example_dags/example_trigger_controller_dag.py
[2022-08-19 01:30:46,380] {processor.py:651} INFO - DAG(s) dict_keys(['example_trigger_controller_dag']) retrieved from /home/airflow/.local/lib/python3.7/site-packages/airflow/example_dags/example_trigger_controller_dag.py
[2022-08-19 01:30:46,411] {logging_mixin.py:115} INFO - [2022-08-19 01:30:46,411] {dag.py:2371} INFO - Sync 1 DAGs
[2022-08-19 01:30:46,434] {logging_mixin.py:115} INFO - [2022-08-19 01:30:46,434] {dag.py:2919} INFO - Setting next_dagrun for example_trigger_controller_dag to 2021-01-01T00:00:00+00:00, run_after=2021-01-01T00:00:00+00:00
[2022-08-19 01:30:46,447] {processor.py:161} INFO - Processing /home/airflow/.local/lib/python3.7/site-packages/airflow/example_dags/example_trigger_controller_dag.py took 0.077 seconds
[2022-08-19 01:31:16,620] {processor.py:153} INFO - Started process (PID=26161) to work on /home/airflow/.local/lib/python3.7/site-packages/airflow/example_dags/example_trigger_controller_dag.py
[2022-08-19 01:31:16,621] {processor.py:641} INFO - Processing file /home/airflow/.local/lib/python3.7/site-packages/airflow/example_dags/example_trigger_controller_dag.py for tasks to queue
[2022-08-19 01:31:16,622] {logging_mixin.py:115} INFO - [2022-08-19 01:31:16,622] {dagbag.py:507} INFO - Filling up the DagBag from /home/airflow/.local/lib/python3.7/site-packages/airflow/example_dags/example_trigger_controller_dag.py
[2022-08-19 01:31:16,626] {processor.py:651} INFO - DAG(s) dict_keys(['example_trigger_controller_dag']) retrieved from /home/airflow/.local/lib/python3.7/site-packages/airflow/example_dags/example_trigger_controller_dag.py
[2022-08-19 01:31:16,663] {logging_mixin.py:115} INFO - [2022-08-19 01:31:16,663] {dag.py:2371} INFO - Sync 1 DAGs
[2022-08-19 01:31:16,685] {logging_mixin.py:115} INFO - [2022-08-19 01:31:16,685] {dag.py:2919} INFO - Setting next_dagrun for example_trigger_controller_dag to 2021-01-01T00:00:00+00:00, run_after=2021-01-01T00:00:00+00:00
[2022-08-19 01:31:16,697] {processor.py:161} INFO - Processing /home/airflow/.local/lib/python3.7/site-packages/airflow/example_dags/example_trigger_controller_dag.py took 0.081 seconds
[2022-08-19 01:31:46,978] {processor.py:153} INFO - Started process (PID=26222) to work on /home/airflow/.local/lib/python3.7/site-packages/airflow/example_dags/example_trigger_controller_dag.py
[2022-08-19 01:31:46,979] {processor.py:641} INFO - Processing file /home/airflow/.local/lib/python3.7/site-packages/airflow/example_dags/example_trigger_controller_dag.py for tasks to queue
[2022-08-19 01:31:46,980] {logging_mixin.py:115} INFO - [2022-08-19 01:31:46,980] {dagbag.py:507} INFO - Filling up the DagBag from /home/airflow/.local/lib/python3.7/site-packages/airflow/example_dags/example_trigger_controller_dag.py
[2022-08-19 01:31:46,984] {processor.py:651} INFO - DAG(s) dict_keys(['example_trigger_controller_dag']) retrieved from /home/airflow/.local/lib/python3.7/site-packages/airflow/example_dags/example_trigger_controller_dag.py
[2022-08-19 01:31:47,017] {logging_mixin.py:115} INFO - [2022-08-19 01:31:47,017] {dag.py:2371} INFO - Sync 1 DAGs
[2022-08-19 01:31:47,038] {logging_mixin.py:115} INFO - [2022-08-19 01:31:47,038] {dag.py:2919} INFO - Setting next_dagrun for example_trigger_controller_dag to 2021-01-01T00:00:00+00:00, run_after=2021-01-01T00:00:00+00:00
[2022-08-19 01:31:47,056] {processor.py:161} INFO - Processing /home/airflow/.local/lib/python3.7/site-packages/airflow/example_dags/example_trigger_controller_dag.py took 0.082 seconds
[2022-08-19 01:32:37,457] {processor.py:153} INFO - Started process (PID=26275) to work on /home/airflow/.local/lib/python3.7/site-packages/airflow/example_dags/example_trigger_controller_dag.py
[2022-08-19 01:32:37,459] {processor.py:641} INFO - Processing file /home/airflow/.local/lib/python3.7/site-packages/airflow/example_dags/example_trigger_controller_dag.py for tasks to queue
[2022-08-19 01:32:37,460] {logging_mixin.py:115} INFO - [2022-08-19 01:32:37,460] {dagbag.py:507} INFO - Filling up the DagBag from /home/airflow/.local/lib/python3.7/site-packages/airflow/example_dags/example_trigger_controller_dag.py
[2022-08-19 01:32:37,464] {processor.py:651} INFO - DAG(s) dict_keys(['example_trigger_controller_dag']) retrieved from /home/airflow/.local/lib/python3.7/site-packages/airflow/example_dags/example_trigger_controller_dag.py
[2022-08-19 01:32:37,497] {logging_mixin.py:115} INFO - [2022-08-19 01:32:37,497] {dag.py:2371} INFO - Sync 1 DAGs
[2022-08-19 01:32:37,519] {logging_mixin.py:115} INFO - [2022-08-19 01:32:37,519] {dag.py:2919} INFO - Setting next_dagrun for example_trigger_controller_dag to 2021-01-01T00:00:00+00:00, run_after=2021-01-01T00:00:00+00:00
[2022-08-19 01:32:37,531] {processor.py:161} INFO - Processing /home/airflow/.local/lib/python3.7/site-packages/airflow/example_dags/example_trigger_controller_dag.py took 0.079 seconds
[2022-08-19 03:33:05,737] {processor.py:153} INFO - Started process (PID=26328) to work on /home/airflow/.local/lib/python3.7/site-packages/airflow/example_dags/example_trigger_controller_dag.py
[2022-08-19 03:33:05,739] {processor.py:641} INFO - Processing file /home/airflow/.local/lib/python3.7/site-packages/airflow/example_dags/example_trigger_controller_dag.py for tasks to queue
[2022-08-19 03:33:05,741] {logging_mixin.py:115} INFO - [2022-08-19 03:33:05,741] {dagbag.py:507} INFO - Filling up the DagBag from /home/airflow/.local/lib/python3.7/site-packages/airflow/example_dags/example_trigger_controller_dag.py
[2022-08-19 03:33:05,748] {processor.py:651} INFO - DAG(s) dict_keys(['example_trigger_controller_dag']) retrieved from /home/airflow/.local/lib/python3.7/site-packages/airflow/example_dags/example_trigger_controller_dag.py
[2022-08-19 03:33:05,782] {logging_mixin.py:115} INFO - [2022-08-19 03:33:05,782] {dag.py:2371} INFO - Sync 1 DAGs
[2022-08-19 03:33:05,803] {logging_mixin.py:115} INFO - [2022-08-19 03:33:05,803] {dag.py:2919} INFO - Setting next_dagrun for example_trigger_controller_dag to 2021-01-01T00:00:00+00:00, run_after=2021-01-01T00:00:00+00:00
[2022-08-19 03:33:05,818] {processor.py:161} INFO - Processing /home/airflow/.local/lib/python3.7/site-packages/airflow/example_dags/example_trigger_controller_dag.py took 0.087 seconds
[2022-08-19 06:13:52,737] {processor.py:153} INFO - Started process (PID=26379) to work on /home/airflow/.local/lib/python3.7/site-packages/airflow/example_dags/example_trigger_controller_dag.py
[2022-08-19 06:13:52,739] {processor.py:641} INFO - Processing file /home/airflow/.local/lib/python3.7/site-packages/airflow/example_dags/example_trigger_controller_dag.py for tasks to queue
[2022-08-19 06:13:52,740] {logging_mixin.py:115} INFO - [2022-08-19 06:13:52,740] {dagbag.py:507} INFO - Filling up the DagBag from /home/airflow/.local/lib/python3.7/site-packages/airflow/example_dags/example_trigger_controller_dag.py
[2022-08-19 06:13:52,744] {processor.py:651} INFO - DAG(s) dict_keys(['example_trigger_controller_dag']) retrieved from /home/airflow/.local/lib/python3.7/site-packages/airflow/example_dags/example_trigger_controller_dag.py
[2022-08-19 06:13:52,803] {logging_mixin.py:115} INFO - [2022-08-19 06:13:52,803] {dag.py:2371} INFO - Sync 1 DAGs
[2022-08-19 06:13:52,831] {logging_mixin.py:115} INFO - [2022-08-19 06:13:52,831] {dag.py:2919} INFO - Setting next_dagrun for example_trigger_controller_dag to 2021-01-01T00:00:00+00:00, run_after=2021-01-01T00:00:00+00:00
[2022-08-19 06:13:52,861] {processor.py:161} INFO - Processing /home/airflow/.local/lib/python3.7/site-packages/airflow/example_dags/example_trigger_controller_dag.py took 0.129 seconds
