[2022-08-19 00:19:07,105] {processor.py:153} INFO - Started process (PID=25555) to work on /home/airflow/.local/lib/python3.7/site-packages/airflow/example_dags/example_dag_decorator.py
[2022-08-19 00:19:07,107] {processor.py:641} INFO - Processing file /home/airflow/.local/lib/python3.7/site-packages/airflow/example_dags/example_dag_decorator.py for tasks to queue
[2022-08-19 00:19:07,108] {logging_mixin.py:115} INFO - [2022-08-19 00:19:07,108] {dagbag.py:507} INFO - Filling up the DagBag from /home/airflow/.local/lib/python3.7/site-packages/airflow/example_dags/example_dag_decorator.py
[2022-08-19 00:19:07,199] {processor.py:651} INFO - DAG(s) dict_keys(['example_dag_decorator']) retrieved from /home/airflow/.local/lib/python3.7/site-packages/airflow/example_dags/example_dag_decorator.py
[2022-08-19 00:19:07,395] {logging_mixin.py:115} INFO - [2022-08-19 00:19:07,395] {dag.py:2371} INFO - Sync 1 DAGs
[2022-08-19 00:19:07,436] {logging_mixin.py:115} INFO - [2022-08-19 00:19:07,436] {dag.py:2919} INFO - Setting next_dagrun for example_dag_decorator to None, run_after=None
[2022-08-19 00:19:07,478] {processor.py:161} INFO - Processing /home/airflow/.local/lib/python3.7/site-packages/airflow/example_dags/example_dag_decorator.py took 0.382 seconds
[2022-08-19 01:21:24,998] {processor.py:153} INFO - Started process (PID=25598) to work on /home/airflow/.local/lib/python3.7/site-packages/airflow/example_dags/example_dag_decorator.py
[2022-08-19 01:21:25,000] {processor.py:641} INFO - Processing file /home/airflow/.local/lib/python3.7/site-packages/airflow/example_dags/example_dag_decorator.py for tasks to queue
[2022-08-19 01:21:25,002] {logging_mixin.py:115} INFO - [2022-08-19 01:21:25,001] {dagbag.py:507} INFO - Filling up the DagBag from /home/airflow/.local/lib/python3.7/site-packages/airflow/example_dags/example_dag_decorator.py
[2022-08-19 01:21:25,066] {processor.py:651} INFO - DAG(s) dict_keys(['example_dag_decorator']) retrieved from /home/airflow/.local/lib/python3.7/site-packages/airflow/example_dags/example_dag_decorator.py
[2022-08-19 01:21:25,194] {logging_mixin.py:115} INFO - [2022-08-19 01:21:25,194] {dag.py:2371} INFO - Sync 1 DAGs
[2022-08-19 01:21:25,232] {logging_mixin.py:115} INFO - [2022-08-19 01:21:25,232] {dag.py:2919} INFO - Setting next_dagrun for example_dag_decorator to None, run_after=None
[2022-08-19 01:21:25,255] {processor.py:161} INFO - Processing /home/airflow/.local/lib/python3.7/site-packages/airflow/example_dags/example_dag_decorator.py took 0.261 seconds
[2022-08-19 01:26:44,952] {processor.py:153} INFO - Started process (PID=25659) to work on /home/airflow/.local/lib/python3.7/site-packages/airflow/example_dags/example_dag_decorator.py
[2022-08-19 01:26:44,957] {processor.py:641} INFO - Processing file /home/airflow/.local/lib/python3.7/site-packages/airflow/example_dags/example_dag_decorator.py for tasks to queue
[2022-08-19 01:26:44,959] {logging_mixin.py:115} INFO - [2022-08-19 01:26:44,959] {dagbag.py:507} INFO - Filling up the DagBag from /home/airflow/.local/lib/python3.7/site-packages/airflow/example_dags/example_dag_decorator.py
[2022-08-19 01:26:45,021] {processor.py:651} INFO - DAG(s) dict_keys(['example_dag_decorator']) retrieved from /home/airflow/.local/lib/python3.7/site-packages/airflow/example_dags/example_dag_decorator.py
[2022-08-19 01:26:45,129] {logging_mixin.py:115} INFO - [2022-08-19 01:26:45,129] {dag.py:2371} INFO - Sync 1 DAGs
[2022-08-19 01:26:45,158] {logging_mixin.py:115} INFO - [2022-08-19 01:26:45,158] {dag.py:2919} INFO - Setting next_dagrun for example_dag_decorator to None, run_after=None
[2022-08-19 01:26:45,192] {processor.py:161} INFO - Processing /home/airflow/.local/lib/python3.7/site-packages/airflow/example_dags/example_dag_decorator.py took 0.243 seconds
[2022-08-19 01:27:15,551] {processor.py:153} INFO - Started process (PID=25712) to work on /home/airflow/.local/lib/python3.7/site-packages/airflow/example_dags/example_dag_decorator.py
[2022-08-19 01:27:15,552] {processor.py:641} INFO - Processing file /home/airflow/.local/lib/python3.7/site-packages/airflow/example_dags/example_dag_decorator.py for tasks to queue
[2022-08-19 01:27:15,555] {logging_mixin.py:115} INFO - [2022-08-19 01:27:15,554] {dagbag.py:507} INFO - Filling up the DagBag from /home/airflow/.local/lib/python3.7/site-packages/airflow/example_dags/example_dag_decorator.py
[2022-08-19 01:27:15,591] {processor.py:651} INFO - DAG(s) dict_keys(['example_dag_decorator']) retrieved from /home/airflow/.local/lib/python3.7/site-packages/airflow/example_dags/example_dag_decorator.py
[2022-08-19 01:27:15,692] {logging_mixin.py:115} INFO - [2022-08-19 01:27:15,692] {dag.py:2371} INFO - Sync 1 DAGs
[2022-08-19 01:27:15,729] {logging_mixin.py:115} INFO - [2022-08-19 01:27:15,729] {dag.py:2919} INFO - Setting next_dagrun for example_dag_decorator to None, run_after=None
[2022-08-19 01:27:15,752] {processor.py:161} INFO - Processing /home/airflow/.local/lib/python3.7/site-packages/airflow/example_dags/example_dag_decorator.py took 0.206 seconds
[2022-08-19 01:27:45,922] {processor.py:153} INFO - Started process (PID=25773) to work on /home/airflow/.local/lib/python3.7/site-packages/airflow/example_dags/example_dag_decorator.py
[2022-08-19 01:27:45,923] {processor.py:641} INFO - Processing file /home/airflow/.local/lib/python3.7/site-packages/airflow/example_dags/example_dag_decorator.py for tasks to queue
[2022-08-19 01:27:45,925] {logging_mixin.py:115} INFO - [2022-08-19 01:27:45,924] {dagbag.py:507} INFO - Filling up the DagBag from /home/airflow/.local/lib/python3.7/site-packages/airflow/example_dags/example_dag_decorator.py
[2022-08-19 01:27:45,952] {processor.py:651} INFO - DAG(s) dict_keys(['example_dag_decorator']) retrieved from /home/airflow/.local/lib/python3.7/site-packages/airflow/example_dags/example_dag_decorator.py
[2022-08-19 01:27:46,025] {logging_mixin.py:115} INFO - [2022-08-19 01:27:46,025] {dag.py:2371} INFO - Sync 1 DAGs
[2022-08-19 01:27:46,043] {logging_mixin.py:115} INFO - [2022-08-19 01:27:46,043] {dag.py:2919} INFO - Setting next_dagrun for example_dag_decorator to None, run_after=None
[2022-08-19 01:27:46,059] {processor.py:161} INFO - Processing /home/airflow/.local/lib/python3.7/site-packages/airflow/example_dags/example_dag_decorator.py took 0.141 seconds
[2022-08-19 01:28:16,580] {processor.py:153} INFO - Started process (PID=25834) to work on /home/airflow/.local/lib/python3.7/site-packages/airflow/example_dags/example_dag_decorator.py
[2022-08-19 01:28:16,581] {processor.py:641} INFO - Processing file /home/airflow/.local/lib/python3.7/site-packages/airflow/example_dags/example_dag_decorator.py for tasks to queue
[2022-08-19 01:28:16,584] {logging_mixin.py:115} INFO - [2022-08-19 01:28:16,583] {dagbag.py:507} INFO - Filling up the DagBag from /home/airflow/.local/lib/python3.7/site-packages/airflow/example_dags/example_dag_decorator.py
[2022-08-19 01:28:16,615] {processor.py:651} INFO - DAG(s) dict_keys(['example_dag_decorator']) retrieved from /home/airflow/.local/lib/python3.7/site-packages/airflow/example_dags/example_dag_decorator.py
[2022-08-19 01:28:16,686] {logging_mixin.py:115} INFO - [2022-08-19 01:28:16,686] {dag.py:2371} INFO - Sync 1 DAGs
[2022-08-19 01:28:16,705] {logging_mixin.py:115} INFO - [2022-08-19 01:28:16,705] {dag.py:2919} INFO - Setting next_dagrun for example_dag_decorator to None, run_after=None
[2022-08-19 01:28:16,732] {processor.py:161} INFO - Processing /home/airflow/.local/lib/python3.7/site-packages/airflow/example_dags/example_dag_decorator.py took 0.156 seconds
[2022-08-19 01:28:46,871] {processor.py:153} INFO - Started process (PID=25886) to work on /home/airflow/.local/lib/python3.7/site-packages/airflow/example_dags/example_dag_decorator.py
[2022-08-19 01:28:46,872] {processor.py:641} INFO - Processing file /home/airflow/.local/lib/python3.7/site-packages/airflow/example_dags/example_dag_decorator.py for tasks to queue
[2022-08-19 01:28:46,874] {logging_mixin.py:115} INFO - [2022-08-19 01:28:46,874] {dagbag.py:507} INFO - Filling up the DagBag from /home/airflow/.local/lib/python3.7/site-packages/airflow/example_dags/example_dag_decorator.py
[2022-08-19 01:28:46,902] {processor.py:651} INFO - DAG(s) dict_keys(['example_dag_decorator']) retrieved from /home/airflow/.local/lib/python3.7/site-packages/airflow/example_dags/example_dag_decorator.py
[2022-08-19 01:28:46,953] {logging_mixin.py:115} INFO - [2022-08-19 01:28:46,953] {dag.py:2371} INFO - Sync 1 DAGs
[2022-08-19 01:28:46,977] {logging_mixin.py:115} INFO - [2022-08-19 01:28:46,977] {dag.py:2919} INFO - Setting next_dagrun for example_dag_decorator to None, run_after=None
[2022-08-19 01:28:46,991] {processor.py:161} INFO - Processing /home/airflow/.local/lib/python3.7/site-packages/airflow/example_dags/example_dag_decorator.py took 0.123 seconds
[2022-08-19 01:29:17,068] {processor.py:153} INFO - Started process (PID=25947) to work on /home/airflow/.local/lib/python3.7/site-packages/airflow/example_dags/example_dag_decorator.py
[2022-08-19 01:29:17,069] {processor.py:641} INFO - Processing file /home/airflow/.local/lib/python3.7/site-packages/airflow/example_dags/example_dag_decorator.py for tasks to queue
[2022-08-19 01:29:17,070] {logging_mixin.py:115} INFO - [2022-08-19 01:29:17,070] {dagbag.py:507} INFO - Filling up the DagBag from /home/airflow/.local/lib/python3.7/site-packages/airflow/example_dags/example_dag_decorator.py
[2022-08-19 01:29:17,097] {processor.py:651} INFO - DAG(s) dict_keys(['example_dag_decorator']) retrieved from /home/airflow/.local/lib/python3.7/site-packages/airflow/example_dags/example_dag_decorator.py
[2022-08-19 01:29:17,125] {logging_mixin.py:115} INFO - [2022-08-19 01:29:17,125] {dag.py:2371} INFO - Sync 1 DAGs
[2022-08-19 01:29:17,145] {logging_mixin.py:115} INFO - [2022-08-19 01:29:17,145] {dag.py:2919} INFO - Setting next_dagrun for example_dag_decorator to None, run_after=None
[2022-08-19 01:29:17,157] {processor.py:161} INFO - Processing /home/airflow/.local/lib/python3.7/site-packages/airflow/example_dags/example_dag_decorator.py took 0.094 seconds
[2022-08-19 01:29:47,251] {processor.py:153} INFO - Started process (PID=26009) to work on /home/airflow/.local/lib/python3.7/site-packages/airflow/example_dags/example_dag_decorator.py
[2022-08-19 01:29:47,252] {processor.py:641} INFO - Processing file /home/airflow/.local/lib/python3.7/site-packages/airflow/example_dags/example_dag_decorator.py for tasks to queue
[2022-08-19 01:29:47,253] {logging_mixin.py:115} INFO - [2022-08-19 01:29:47,252] {dagbag.py:507} INFO - Filling up the DagBag from /home/airflow/.local/lib/python3.7/site-packages/airflow/example_dags/example_dag_decorator.py
[2022-08-19 01:29:47,281] {processor.py:651} INFO - DAG(s) dict_keys(['example_dag_decorator']) retrieved from /home/airflow/.local/lib/python3.7/site-packages/airflow/example_dags/example_dag_decorator.py
[2022-08-19 01:29:47,357] {logging_mixin.py:115} INFO - [2022-08-19 01:29:47,357] {dag.py:2371} INFO - Sync 1 DAGs
[2022-08-19 01:29:47,375] {logging_mixin.py:115} INFO - [2022-08-19 01:29:47,374] {dag.py:2919} INFO - Setting next_dagrun for example_dag_decorator to None, run_after=None
[2022-08-19 01:29:47,390] {processor.py:161} INFO - Processing /home/airflow/.local/lib/python3.7/site-packages/airflow/example_dags/example_dag_decorator.py took 0.143 seconds
[2022-08-19 01:30:17,792] {processor.py:153} INFO - Started process (PID=26061) to work on /home/airflow/.local/lib/python3.7/site-packages/airflow/example_dags/example_dag_decorator.py
[2022-08-19 01:30:17,793] {processor.py:641} INFO - Processing file /home/airflow/.local/lib/python3.7/site-packages/airflow/example_dags/example_dag_decorator.py for tasks to queue
[2022-08-19 01:30:17,795] {logging_mixin.py:115} INFO - [2022-08-19 01:30:17,795] {dagbag.py:507} INFO - Filling up the DagBag from /home/airflow/.local/lib/python3.7/site-packages/airflow/example_dags/example_dag_decorator.py
[2022-08-19 01:30:17,826] {processor.py:651} INFO - DAG(s) dict_keys(['example_dag_decorator']) retrieved from /home/airflow/.local/lib/python3.7/site-packages/airflow/example_dags/example_dag_decorator.py
[2022-08-19 01:30:17,904] {logging_mixin.py:115} INFO - [2022-08-19 01:30:17,904] {dag.py:2371} INFO - Sync 1 DAGs
[2022-08-19 01:30:17,923] {logging_mixin.py:115} INFO - [2022-08-19 01:30:17,923] {dag.py:2919} INFO - Setting next_dagrun for example_dag_decorator to None, run_after=None
[2022-08-19 01:30:17,940] {processor.py:161} INFO - Processing /home/airflow/.local/lib/python3.7/site-packages/airflow/example_dags/example_dag_decorator.py took 0.153 seconds
[2022-08-19 01:30:48,387] {processor.py:153} INFO - Started process (PID=26122) to work on /home/airflow/.local/lib/python3.7/site-packages/airflow/example_dags/example_dag_decorator.py
[2022-08-19 01:30:48,389] {processor.py:641} INFO - Processing file /home/airflow/.local/lib/python3.7/site-packages/airflow/example_dags/example_dag_decorator.py for tasks to queue
[2022-08-19 01:30:48,390] {logging_mixin.py:115} INFO - [2022-08-19 01:30:48,390] {dagbag.py:507} INFO - Filling up the DagBag from /home/airflow/.local/lib/python3.7/site-packages/airflow/example_dags/example_dag_decorator.py
[2022-08-19 01:30:48,420] {processor.py:651} INFO - DAG(s) dict_keys(['example_dag_decorator']) retrieved from /home/airflow/.local/lib/python3.7/site-packages/airflow/example_dags/example_dag_decorator.py
[2022-08-19 01:30:48,446] {logging_mixin.py:115} INFO - [2022-08-19 01:30:48,446] {dag.py:2371} INFO - Sync 1 DAGs
[2022-08-19 01:30:48,469] {logging_mixin.py:115} INFO - [2022-08-19 01:30:48,468] {dag.py:2919} INFO - Setting next_dagrun for example_dag_decorator to None, run_after=None
[2022-08-19 01:30:48,481] {processor.py:161} INFO - Processing /home/airflow/.local/lib/python3.7/site-packages/airflow/example_dags/example_dag_decorator.py took 0.097 seconds
[2022-08-19 01:31:18,540] {processor.py:153} INFO - Started process (PID=26183) to work on /home/airflow/.local/lib/python3.7/site-packages/airflow/example_dags/example_dag_decorator.py
[2022-08-19 01:31:18,541] {processor.py:641} INFO - Processing file /home/airflow/.local/lib/python3.7/site-packages/airflow/example_dags/example_dag_decorator.py for tasks to queue
[2022-08-19 01:31:18,542] {logging_mixin.py:115} INFO - [2022-08-19 01:31:18,542] {dagbag.py:507} INFO - Filling up the DagBag from /home/airflow/.local/lib/python3.7/site-packages/airflow/example_dags/example_dag_decorator.py
[2022-08-19 01:31:18,571] {processor.py:651} INFO - DAG(s) dict_keys(['example_dag_decorator']) retrieved from /home/airflow/.local/lib/python3.7/site-packages/airflow/example_dags/example_dag_decorator.py
[2022-08-19 01:31:18,601] {logging_mixin.py:115} INFO - [2022-08-19 01:31:18,601] {dag.py:2371} INFO - Sync 1 DAGs
[2022-08-19 01:31:18,626] {logging_mixin.py:115} INFO - [2022-08-19 01:31:18,626] {dag.py:2919} INFO - Setting next_dagrun for example_dag_decorator to None, run_after=None
[2022-08-19 01:31:18,644] {processor.py:161} INFO - Processing /home/airflow/.local/lib/python3.7/site-packages/airflow/example_dags/example_dag_decorator.py took 0.108 seconds
[2022-08-19 01:31:48,843] {processor.py:153} INFO - Started process (PID=26235) to work on /home/airflow/.local/lib/python3.7/site-packages/airflow/example_dags/example_dag_decorator.py
[2022-08-19 01:31:48,844] {processor.py:641} INFO - Processing file /home/airflow/.local/lib/python3.7/site-packages/airflow/example_dags/example_dag_decorator.py for tasks to queue
[2022-08-19 01:31:48,845] {logging_mixin.py:115} INFO - [2022-08-19 01:31:48,845] {dagbag.py:507} INFO - Filling up the DagBag from /home/airflow/.local/lib/python3.7/site-packages/airflow/example_dags/example_dag_decorator.py
[2022-08-19 01:31:48,873] {processor.py:651} INFO - DAG(s) dict_keys(['example_dag_decorator']) retrieved from /home/airflow/.local/lib/python3.7/site-packages/airflow/example_dags/example_dag_decorator.py
[2022-08-19 01:31:48,941] {logging_mixin.py:115} INFO - [2022-08-19 01:31:48,941] {dag.py:2371} INFO - Sync 1 DAGs
[2022-08-19 01:31:48,958] {logging_mixin.py:115} INFO - [2022-08-19 01:31:48,958] {dag.py:2919} INFO - Setting next_dagrun for example_dag_decorator to None, run_after=None
[2022-08-19 01:31:48,972] {processor.py:161} INFO - Processing /home/airflow/.local/lib/python3.7/site-packages/airflow/example_dags/example_dag_decorator.py took 0.133 seconds
[2022-08-19 01:32:38,138] {processor.py:153} INFO - Started process (PID=26287) to work on /home/airflow/.local/lib/python3.7/site-packages/airflow/example_dags/example_dag_decorator.py
[2022-08-19 01:32:38,139] {processor.py:641} INFO - Processing file /home/airflow/.local/lib/python3.7/site-packages/airflow/example_dags/example_dag_decorator.py for tasks to queue
[2022-08-19 01:32:38,140] {logging_mixin.py:115} INFO - [2022-08-19 01:32:38,140] {dagbag.py:507} INFO - Filling up the DagBag from /home/airflow/.local/lib/python3.7/site-packages/airflow/example_dags/example_dag_decorator.py
[2022-08-19 01:32:38,181] {processor.py:651} INFO - DAG(s) dict_keys(['example_dag_decorator']) retrieved from /home/airflow/.local/lib/python3.7/site-packages/airflow/example_dags/example_dag_decorator.py
[2022-08-19 01:32:38,254] {logging_mixin.py:115} INFO - [2022-08-19 01:32:38,254] {dag.py:2371} INFO - Sync 1 DAGs
[2022-08-19 01:32:38,274] {logging_mixin.py:115} INFO - [2022-08-19 01:32:38,274] {dag.py:2919} INFO - Setting next_dagrun for example_dag_decorator to None, run_after=None
[2022-08-19 01:32:38,289] {processor.py:161} INFO - Processing /home/airflow/.local/lib/python3.7/site-packages/airflow/example_dags/example_dag_decorator.py took 0.155 seconds
[2022-08-19 03:33:06,921] {processor.py:153} INFO - Started process (PID=26340) to work on /home/airflow/.local/lib/python3.7/site-packages/airflow/example_dags/example_dag_decorator.py
[2022-08-19 03:33:06,923] {processor.py:641} INFO - Processing file /home/airflow/.local/lib/python3.7/site-packages/airflow/example_dags/example_dag_decorator.py for tasks to queue
[2022-08-19 03:33:06,925] {logging_mixin.py:115} INFO - [2022-08-19 03:33:06,924] {dagbag.py:507} INFO - Filling up the DagBag from /home/airflow/.local/lib/python3.7/site-packages/airflow/example_dags/example_dag_decorator.py
[2022-08-19 03:33:06,972] {processor.py:651} INFO - DAG(s) dict_keys(['example_dag_decorator']) retrieved from /home/airflow/.local/lib/python3.7/site-packages/airflow/example_dags/example_dag_decorator.py
[2022-08-19 03:33:07,080] {logging_mixin.py:115} INFO - [2022-08-19 03:33:07,080] {dag.py:2371} INFO - Sync 1 DAGs
[2022-08-19 03:33:07,102] {logging_mixin.py:115} INFO - [2022-08-19 03:33:07,102] {dag.py:2919} INFO - Setting next_dagrun for example_dag_decorator to None, run_after=None
[2022-08-19 03:33:07,128] {processor.py:161} INFO - Processing /home/airflow/.local/lib/python3.7/site-packages/airflow/example_dags/example_dag_decorator.py took 0.211 seconds
[2022-08-19 06:13:54,237] {processor.py:153} INFO - Started process (PID=26400) to work on /home/airflow/.local/lib/python3.7/site-packages/airflow/example_dags/example_dag_decorator.py
[2022-08-19 06:13:54,246] {processor.py:641} INFO - Processing file /home/airflow/.local/lib/python3.7/site-packages/airflow/example_dags/example_dag_decorator.py for tasks to queue
[2022-08-19 06:13:54,248] {logging_mixin.py:115} INFO - [2022-08-19 06:13:54,248] {dagbag.py:507} INFO - Filling up the DagBag from /home/airflow/.local/lib/python3.7/site-packages/airflow/example_dags/example_dag_decorator.py
[2022-08-19 06:13:54,379] {processor.py:651} INFO - DAG(s) dict_keys(['example_dag_decorator']) retrieved from /home/airflow/.local/lib/python3.7/site-packages/airflow/example_dags/example_dag_decorator.py
[2022-08-19 06:13:54,628] {logging_mixin.py:115} INFO - [2022-08-19 06:13:54,628] {dag.py:2371} INFO - Sync 1 DAGs
[2022-08-19 06:13:54,678] {logging_mixin.py:115} INFO - [2022-08-19 06:13:54,678] {dag.py:2919} INFO - Setting next_dagrun for example_dag_decorator to None, run_after=None
[2022-08-19 06:13:54,709] {processor.py:161} INFO - Processing /home/airflow/.local/lib/python3.7/site-packages/airflow/example_dags/example_dag_decorator.py took 0.492 seconds
