[2022-08-19 00:18:57,466] {processor.py:153} INFO - Started process (PID=25538) to work on /home/airflow/.local/lib/python3.7/site-packages/airflow/example_dags/example_latest_only_with_trigger.py
[2022-08-19 00:18:57,470] {processor.py:641} INFO - Processing file /home/airflow/.local/lib/python3.7/site-packages/airflow/example_dags/example_latest_only_with_trigger.py for tasks to queue
[2022-08-19 00:18:57,472] {logging_mixin.py:115} INFO - [2022-08-19 00:18:57,472] {dagbag.py:507} INFO - Filling up the DagBag from /home/airflow/.local/lib/python3.7/site-packages/airflow/example_dags/example_latest_only_with_trigger.py
[2022-08-19 00:18:57,495] {processor.py:651} INFO - DAG(s) dict_keys(['latest_only_with_trigger']) retrieved from /home/airflow/.local/lib/python3.7/site-packages/airflow/example_dags/example_latest_only_with_trigger.py
[2022-08-19 00:18:57,591] {logging_mixin.py:115} INFO - [2022-08-19 00:18:57,591] {dag.py:2371} INFO - Sync 1 DAGs
[2022-08-19 00:18:57,650] {logging_mixin.py:115} INFO - [2022-08-19 00:18:57,650] {dag.py:2919} INFO - Setting next_dagrun for latest_only_with_trigger to 2022-08-18T20:18:57.650386+00:00, run_after=2022-08-19T00:18:57.650386+00:00
[2022-08-19 00:18:57,694] {processor.py:161} INFO - Processing /home/airflow/.local/lib/python3.7/site-packages/airflow/example_dags/example_latest_only_with_trigger.py took 0.233 seconds
[2022-08-19 01:21:23,238] {processor.py:153} INFO - Started process (PID=25583) to work on /home/airflow/.local/lib/python3.7/site-packages/airflow/example_dags/example_latest_only_with_trigger.py
[2022-08-19 01:21:23,240] {processor.py:641} INFO - Processing file /home/airflow/.local/lib/python3.7/site-packages/airflow/example_dags/example_latest_only_with_trigger.py for tasks to queue
[2022-08-19 01:21:23,241] {logging_mixin.py:115} INFO - [2022-08-19 01:21:23,241] {dagbag.py:507} INFO - Filling up the DagBag from /home/airflow/.local/lib/python3.7/site-packages/airflow/example_dags/example_latest_only_with_trigger.py
[2022-08-19 01:21:23,263] {processor.py:651} INFO - DAG(s) dict_keys(['latest_only_with_trigger']) retrieved from /home/airflow/.local/lib/python3.7/site-packages/airflow/example_dags/example_latest_only_with_trigger.py
[2022-08-19 01:21:23,371] {logging_mixin.py:115} INFO - [2022-08-19 01:21:23,371] {dag.py:2371} INFO - Sync 1 DAGs
[2022-08-19 01:21:23,405] {logging_mixin.py:115} INFO - [2022-08-19 01:21:23,405] {dag.py:2919} INFO - Setting next_dagrun for latest_only_with_trigger to 2022-08-18T21:21:23.405090+00:00, run_after=2022-08-19T01:21:23.405090+00:00
[2022-08-19 01:21:23,428] {processor.py:161} INFO - Processing /home/airflow/.local/lib/python3.7/site-packages/airflow/example_dags/example_latest_only_with_trigger.py took 0.206 seconds
[2022-08-19 01:26:42,846] {processor.py:153} INFO - Started process (PID=25644) to work on /home/airflow/.local/lib/python3.7/site-packages/airflow/example_dags/example_latest_only_with_trigger.py
[2022-08-19 01:26:42,847] {processor.py:641} INFO - Processing file /home/airflow/.local/lib/python3.7/site-packages/airflow/example_dags/example_latest_only_with_trigger.py for tasks to queue
[2022-08-19 01:26:42,848] {logging_mixin.py:115} INFO - [2022-08-19 01:26:42,848] {dagbag.py:507} INFO - Filling up the DagBag from /home/airflow/.local/lib/python3.7/site-packages/airflow/example_dags/example_latest_only_with_trigger.py
[2022-08-19 01:26:42,867] {processor.py:651} INFO - DAG(s) dict_keys(['latest_only_with_trigger']) retrieved from /home/airflow/.local/lib/python3.7/site-packages/airflow/example_dags/example_latest_only_with_trigger.py
[2022-08-19 01:26:42,921] {logging_mixin.py:115} INFO - [2022-08-19 01:26:42,921] {dag.py:2371} INFO - Sync 1 DAGs
[2022-08-19 01:26:42,965] {logging_mixin.py:115} INFO - [2022-08-19 01:26:42,965] {dag.py:2919} INFO - Setting next_dagrun for latest_only_with_trigger to 2022-08-18T21:26:42.965523+00:00, run_after=2022-08-19T01:26:42.965523+00:00
[2022-08-19 01:26:42,995] {processor.py:161} INFO - Processing /home/airflow/.local/lib/python3.7/site-packages/airflow/example_dags/example_latest_only_with_trigger.py took 0.158 seconds
[2022-08-19 01:27:13,275] {processor.py:153} INFO - Started process (PID=25697) to work on /home/airflow/.local/lib/python3.7/site-packages/airflow/example_dags/example_latest_only_with_trigger.py
[2022-08-19 01:27:13,276] {processor.py:641} INFO - Processing file /home/airflow/.local/lib/python3.7/site-packages/airflow/example_dags/example_latest_only_with_trigger.py for tasks to queue
[2022-08-19 01:27:13,277] {logging_mixin.py:115} INFO - [2022-08-19 01:27:13,277] {dagbag.py:507} INFO - Filling up the DagBag from /home/airflow/.local/lib/python3.7/site-packages/airflow/example_dags/example_latest_only_with_trigger.py
[2022-08-19 01:27:13,284] {processor.py:651} INFO - DAG(s) dict_keys(['latest_only_with_trigger']) retrieved from /home/airflow/.local/lib/python3.7/site-packages/airflow/example_dags/example_latest_only_with_trigger.py
[2022-08-19 01:27:13,315] {logging_mixin.py:115} INFO - [2022-08-19 01:27:13,315] {dag.py:2371} INFO - Sync 1 DAGs
[2022-08-19 01:27:13,336] {logging_mixin.py:115} INFO - [2022-08-19 01:27:13,336] {dag.py:2919} INFO - Setting next_dagrun for latest_only_with_trigger to 2022-08-18T21:27:13.336281+00:00, run_after=2022-08-19T01:27:13.336281+00:00
[2022-08-19 01:27:13,349] {processor.py:161} INFO - Processing /home/airflow/.local/lib/python3.7/site-packages/airflow/example_dags/example_latest_only_with_trigger.py took 0.078 seconds
[2022-08-19 01:27:44,044] {processor.py:153} INFO - Started process (PID=25758) to work on /home/airflow/.local/lib/python3.7/site-packages/airflow/example_dags/example_latest_only_with_trigger.py
[2022-08-19 01:27:44,045] {processor.py:641} INFO - Processing file /home/airflow/.local/lib/python3.7/site-packages/airflow/example_dags/example_latest_only_with_trigger.py for tasks to queue
[2022-08-19 01:27:44,047] {logging_mixin.py:115} INFO - [2022-08-19 01:27:44,047] {dagbag.py:507} INFO - Filling up the DagBag from /home/airflow/.local/lib/python3.7/site-packages/airflow/example_dags/example_latest_only_with_trigger.py
[2022-08-19 01:27:44,054] {processor.py:651} INFO - DAG(s) dict_keys(['latest_only_with_trigger']) retrieved from /home/airflow/.local/lib/python3.7/site-packages/airflow/example_dags/example_latest_only_with_trigger.py
[2022-08-19 01:27:44,086] {logging_mixin.py:115} INFO - [2022-08-19 01:27:44,086] {dag.py:2371} INFO - Sync 1 DAGs
[2022-08-19 01:27:44,110] {logging_mixin.py:115} INFO - [2022-08-19 01:27:44,110] {dag.py:2919} INFO - Setting next_dagrun for latest_only_with_trigger to 2022-08-18T21:27:44.109725+00:00, run_after=2022-08-19T01:27:44.109725+00:00
[2022-08-19 01:27:44,122] {processor.py:161} INFO - Processing /home/airflow/.local/lib/python3.7/site-packages/airflow/example_dags/example_latest_only_with_trigger.py took 0.082 seconds
[2022-08-19 01:28:14,317] {processor.py:153} INFO - Started process (PID=25810) to work on /home/airflow/.local/lib/python3.7/site-packages/airflow/example_dags/example_latest_only_with_trigger.py
[2022-08-19 01:28:14,320] {processor.py:641} INFO - Processing file /home/airflow/.local/lib/python3.7/site-packages/airflow/example_dags/example_latest_only_with_trigger.py for tasks to queue
[2022-08-19 01:28:14,321] {logging_mixin.py:115} INFO - [2022-08-19 01:28:14,321] {dagbag.py:507} INFO - Filling up the DagBag from /home/airflow/.local/lib/python3.7/site-packages/airflow/example_dags/example_latest_only_with_trigger.py
[2022-08-19 01:28:14,328] {processor.py:651} INFO - DAG(s) dict_keys(['latest_only_with_trigger']) retrieved from /home/airflow/.local/lib/python3.7/site-packages/airflow/example_dags/example_latest_only_with_trigger.py
[2022-08-19 01:28:14,358] {logging_mixin.py:115} INFO - [2022-08-19 01:28:14,358] {dag.py:2371} INFO - Sync 1 DAGs
[2022-08-19 01:28:14,383] {logging_mixin.py:115} INFO - [2022-08-19 01:28:14,383] {dag.py:2919} INFO - Setting next_dagrun for latest_only_with_trigger to 2022-08-18T21:28:14.383386+00:00, run_after=2022-08-19T01:28:14.383386+00:00
[2022-08-19 01:28:14,397] {processor.py:161} INFO - Processing /home/airflow/.local/lib/python3.7/site-packages/airflow/example_dags/example_latest_only_with_trigger.py took 0.084 seconds
[2022-08-19 01:28:44,939] {processor.py:153} INFO - Started process (PID=25871) to work on /home/airflow/.local/lib/python3.7/site-packages/airflow/example_dags/example_latest_only_with_trigger.py
[2022-08-19 01:28:44,940] {processor.py:641} INFO - Processing file /home/airflow/.local/lib/python3.7/site-packages/airflow/example_dags/example_latest_only_with_trigger.py for tasks to queue
[2022-08-19 01:28:44,942] {logging_mixin.py:115} INFO - [2022-08-19 01:28:44,942] {dagbag.py:507} INFO - Filling up the DagBag from /home/airflow/.local/lib/python3.7/site-packages/airflow/example_dags/example_latest_only_with_trigger.py
[2022-08-19 01:28:44,949] {processor.py:651} INFO - DAG(s) dict_keys(['latest_only_with_trigger']) retrieved from /home/airflow/.local/lib/python3.7/site-packages/airflow/example_dags/example_latest_only_with_trigger.py
[2022-08-19 01:28:44,983] {logging_mixin.py:115} INFO - [2022-08-19 01:28:44,983] {dag.py:2371} INFO - Sync 1 DAGs
[2022-08-19 01:28:45,005] {logging_mixin.py:115} INFO - [2022-08-19 01:28:45,005] {dag.py:2919} INFO - Setting next_dagrun for latest_only_with_trigger to 2022-08-18T21:28:45.005464+00:00, run_after=2022-08-19T01:28:45.005464+00:00
[2022-08-19 01:28:45,019] {processor.py:161} INFO - Processing /home/airflow/.local/lib/python3.7/site-packages/airflow/example_dags/example_latest_only_with_trigger.py took 0.085 seconds
[2022-08-19 01:29:15,155] {processor.py:153} INFO - Started process (PID=25932) to work on /home/airflow/.local/lib/python3.7/site-packages/airflow/example_dags/example_latest_only_with_trigger.py
[2022-08-19 01:29:15,156] {processor.py:641} INFO - Processing file /home/airflow/.local/lib/python3.7/site-packages/airflow/example_dags/example_latest_only_with_trigger.py for tasks to queue
[2022-08-19 01:29:15,158] {logging_mixin.py:115} INFO - [2022-08-19 01:29:15,158] {dagbag.py:507} INFO - Filling up the DagBag from /home/airflow/.local/lib/python3.7/site-packages/airflow/example_dags/example_latest_only_with_trigger.py
[2022-08-19 01:29:15,167] {processor.py:651} INFO - DAG(s) dict_keys(['latest_only_with_trigger']) retrieved from /home/airflow/.local/lib/python3.7/site-packages/airflow/example_dags/example_latest_only_with_trigger.py
[2022-08-19 01:29:15,211] {logging_mixin.py:115} INFO - [2022-08-19 01:29:15,210] {dag.py:2371} INFO - Sync 1 DAGs
[2022-08-19 01:29:15,232] {logging_mixin.py:115} INFO - [2022-08-19 01:29:15,232] {dag.py:2919} INFO - Setting next_dagrun for latest_only_with_trigger to 2022-08-18T21:29:15.232114+00:00, run_after=2022-08-19T01:29:15.232114+00:00
[2022-08-19 01:29:15,245] {processor.py:161} INFO - Processing /home/airflow/.local/lib/python3.7/site-packages/airflow/example_dags/example_latest_only_with_trigger.py took 0.095 seconds
[2022-08-19 01:29:45,395] {processor.py:153} INFO - Started process (PID=25985) to work on /home/airflow/.local/lib/python3.7/site-packages/airflow/example_dags/example_latest_only_with_trigger.py
[2022-08-19 01:29:45,396] {processor.py:641} INFO - Processing file /home/airflow/.local/lib/python3.7/site-packages/airflow/example_dags/example_latest_only_with_trigger.py for tasks to queue
[2022-08-19 01:29:45,397] {logging_mixin.py:115} INFO - [2022-08-19 01:29:45,397] {dagbag.py:507} INFO - Filling up the DagBag from /home/airflow/.local/lib/python3.7/site-packages/airflow/example_dags/example_latest_only_with_trigger.py
[2022-08-19 01:29:45,404] {processor.py:651} INFO - DAG(s) dict_keys(['latest_only_with_trigger']) retrieved from /home/airflow/.local/lib/python3.7/site-packages/airflow/example_dags/example_latest_only_with_trigger.py
[2022-08-19 01:29:45,433] {logging_mixin.py:115} INFO - [2022-08-19 01:29:45,433] {dag.py:2371} INFO - Sync 1 DAGs
[2022-08-19 01:29:45,462] {logging_mixin.py:115} INFO - [2022-08-19 01:29:45,462] {dag.py:2919} INFO - Setting next_dagrun for latest_only_with_trigger to 2022-08-18T21:29:45.462348+00:00, run_after=2022-08-19T01:29:45.462348+00:00
[2022-08-19 01:29:45,475] {processor.py:161} INFO - Processing /home/airflow/.local/lib/python3.7/site-packages/airflow/example_dags/example_latest_only_with_trigger.py took 0.085 seconds
[2022-08-19 01:30:15,731] {processor.py:153} INFO - Started process (PID=26046) to work on /home/airflow/.local/lib/python3.7/site-packages/airflow/example_dags/example_latest_only_with_trigger.py
[2022-08-19 01:30:15,732] {processor.py:641} INFO - Processing file /home/airflow/.local/lib/python3.7/site-packages/airflow/example_dags/example_latest_only_with_trigger.py for tasks to queue
[2022-08-19 01:30:15,734] {logging_mixin.py:115} INFO - [2022-08-19 01:30:15,733] {dagbag.py:507} INFO - Filling up the DagBag from /home/airflow/.local/lib/python3.7/site-packages/airflow/example_dags/example_latest_only_with_trigger.py
[2022-08-19 01:30:15,741] {processor.py:651} INFO - DAG(s) dict_keys(['latest_only_with_trigger']) retrieved from /home/airflow/.local/lib/python3.7/site-packages/airflow/example_dags/example_latest_only_with_trigger.py
[2022-08-19 01:30:15,773] {logging_mixin.py:115} INFO - [2022-08-19 01:30:15,773] {dag.py:2371} INFO - Sync 1 DAGs
[2022-08-19 01:30:15,799] {logging_mixin.py:115} INFO - [2022-08-19 01:30:15,799] {dag.py:2919} INFO - Setting next_dagrun for latest_only_with_trigger to 2022-08-18T21:30:15.799114+00:00, run_after=2022-08-19T01:30:15.799114+00:00
[2022-08-19 01:30:15,812] {processor.py:161} INFO - Processing /home/airflow/.local/lib/python3.7/site-packages/airflow/example_dags/example_latest_only_with_trigger.py took 0.085 seconds
[2022-08-19 01:30:46,261] {processor.py:153} INFO - Started process (PID=26107) to work on /home/airflow/.local/lib/python3.7/site-packages/airflow/example_dags/example_latest_only_with_trigger.py
[2022-08-19 01:30:46,263] {processor.py:641} INFO - Processing file /home/airflow/.local/lib/python3.7/site-packages/airflow/example_dags/example_latest_only_with_trigger.py for tasks to queue
[2022-08-19 01:30:46,264] {logging_mixin.py:115} INFO - [2022-08-19 01:30:46,264] {dagbag.py:507} INFO - Filling up the DagBag from /home/airflow/.local/lib/python3.7/site-packages/airflow/example_dags/example_latest_only_with_trigger.py
[2022-08-19 01:30:46,271] {processor.py:651} INFO - DAG(s) dict_keys(['latest_only_with_trigger']) retrieved from /home/airflow/.local/lib/python3.7/site-packages/airflow/example_dags/example_latest_only_with_trigger.py
[2022-08-19 01:30:46,305] {logging_mixin.py:115} INFO - [2022-08-19 01:30:46,304] {dag.py:2371} INFO - Sync 1 DAGs
[2022-08-19 01:30:46,328] {logging_mixin.py:115} INFO - [2022-08-19 01:30:46,328] {dag.py:2919} INFO - Setting next_dagrun for latest_only_with_trigger to 2022-08-18T21:30:46.327853+00:00, run_after=2022-08-19T01:30:46.327853+00:00
[2022-08-19 01:30:46,341] {processor.py:161} INFO - Processing /home/airflow/.local/lib/python3.7/site-packages/airflow/example_dags/example_latest_only_with_trigger.py took 0.083 seconds
[2022-08-19 01:31:16,516] {processor.py:153} INFO - Started process (PID=26159) to work on /home/airflow/.local/lib/python3.7/site-packages/airflow/example_dags/example_latest_only_with_trigger.py
[2022-08-19 01:31:16,518] {processor.py:641} INFO - Processing file /home/airflow/.local/lib/python3.7/site-packages/airflow/example_dags/example_latest_only_with_trigger.py for tasks to queue
[2022-08-19 01:31:16,519] {logging_mixin.py:115} INFO - [2022-08-19 01:31:16,519] {dagbag.py:507} INFO - Filling up the DagBag from /home/airflow/.local/lib/python3.7/site-packages/airflow/example_dags/example_latest_only_with_trigger.py
[2022-08-19 01:31:16,526] {processor.py:651} INFO - DAG(s) dict_keys(['latest_only_with_trigger']) retrieved from /home/airflow/.local/lib/python3.7/site-packages/airflow/example_dags/example_latest_only_with_trigger.py
[2022-08-19 01:31:16,558] {logging_mixin.py:115} INFO - [2022-08-19 01:31:16,558] {dag.py:2371} INFO - Sync 1 DAGs
[2022-08-19 01:31:16,580] {logging_mixin.py:115} INFO - [2022-08-19 01:31:16,579] {dag.py:2919} INFO - Setting next_dagrun for latest_only_with_trigger to 2022-08-18T21:31:16.579655+00:00, run_after=2022-08-19T01:31:16.579655+00:00
[2022-08-19 01:31:16,593] {processor.py:161} INFO - Processing /home/airflow/.local/lib/python3.7/site-packages/airflow/example_dags/example_latest_only_with_trigger.py took 0.080 seconds
[2022-08-19 01:31:46,873] {processor.py:153} INFO - Started process (PID=26220) to work on /home/airflow/.local/lib/python3.7/site-packages/airflow/example_dags/example_latest_only_with_trigger.py
[2022-08-19 01:31:46,875] {processor.py:641} INFO - Processing file /home/airflow/.local/lib/python3.7/site-packages/airflow/example_dags/example_latest_only_with_trigger.py for tasks to queue
[2022-08-19 01:31:46,876] {logging_mixin.py:115} INFO - [2022-08-19 01:31:46,876] {dagbag.py:507} INFO - Filling up the DagBag from /home/airflow/.local/lib/python3.7/site-packages/airflow/example_dags/example_latest_only_with_trigger.py
[2022-08-19 01:31:46,886] {processor.py:651} INFO - DAG(s) dict_keys(['latest_only_with_trigger']) retrieved from /home/airflow/.local/lib/python3.7/site-packages/airflow/example_dags/example_latest_only_with_trigger.py
[2022-08-19 01:31:46,919] {logging_mixin.py:115} INFO - [2022-08-19 01:31:46,919] {dag.py:2371} INFO - Sync 1 DAGs
[2022-08-19 01:31:46,939] {logging_mixin.py:115} INFO - [2022-08-19 01:31:46,939] {dag.py:2919} INFO - Setting next_dagrun for latest_only_with_trigger to 2022-08-18T21:31:46.939019+00:00, run_after=2022-08-19T01:31:46.939019+00:00
[2022-08-19 01:31:46,952] {processor.py:161} INFO - Processing /home/airflow/.local/lib/python3.7/site-packages/airflow/example_dags/example_latest_only_with_trigger.py took 0.083 seconds
[2022-08-19 01:32:37,248] {processor.py:153} INFO - Started process (PID=26272) to work on /home/airflow/.local/lib/python3.7/site-packages/airflow/example_dags/example_latest_only_with_trigger.py
[2022-08-19 01:32:37,250] {processor.py:641} INFO - Processing file /home/airflow/.local/lib/python3.7/site-packages/airflow/example_dags/example_latest_only_with_trigger.py for tasks to queue
[2022-08-19 01:32:37,251] {logging_mixin.py:115} INFO - [2022-08-19 01:32:37,251] {dagbag.py:507} INFO - Filling up the DagBag from /home/airflow/.local/lib/python3.7/site-packages/airflow/example_dags/example_latest_only_with_trigger.py
[2022-08-19 01:32:37,258] {processor.py:651} INFO - DAG(s) dict_keys(['latest_only_with_trigger']) retrieved from /home/airflow/.local/lib/python3.7/site-packages/airflow/example_dags/example_latest_only_with_trigger.py
[2022-08-19 01:32:37,298] {logging_mixin.py:115} INFO - [2022-08-19 01:32:37,298] {dag.py:2371} INFO - Sync 1 DAGs
[2022-08-19 01:32:37,319] {logging_mixin.py:115} INFO - [2022-08-19 01:32:37,319] {dag.py:2919} INFO - Setting next_dagrun for latest_only_with_trigger to 2022-08-18T21:32:37.318813+00:00, run_after=2022-08-19T01:32:37.318813+00:00
[2022-08-19 01:32:37,331] {processor.py:161} INFO - Processing /home/airflow/.local/lib/python3.7/site-packages/airflow/example_dags/example_latest_only_with_trigger.py took 0.087 seconds
[2022-08-19 03:33:05,473] {processor.py:153} INFO - Started process (PID=26325) to work on /home/airflow/.local/lib/python3.7/site-packages/airflow/example_dags/example_latest_only_with_trigger.py
[2022-08-19 03:33:05,475] {processor.py:641} INFO - Processing file /home/airflow/.local/lib/python3.7/site-packages/airflow/example_dags/example_latest_only_with_trigger.py for tasks to queue
[2022-08-19 03:33:05,480] {logging_mixin.py:115} INFO - [2022-08-19 03:33:05,479] {dagbag.py:507} INFO - Filling up the DagBag from /home/airflow/.local/lib/python3.7/site-packages/airflow/example_dags/example_latest_only_with_trigger.py
[2022-08-19 03:33:05,496] {processor.py:651} INFO - DAG(s) dict_keys(['latest_only_with_trigger']) retrieved from /home/airflow/.local/lib/python3.7/site-packages/airflow/example_dags/example_latest_only_with_trigger.py
[2022-08-19 03:33:05,542] {logging_mixin.py:115} INFO - [2022-08-19 03:33:05,542] {dag.py:2371} INFO - Sync 1 DAGs
[2022-08-19 03:33:05,571] {logging_mixin.py:115} INFO - [2022-08-19 03:33:05,571] {dag.py:2919} INFO - Setting next_dagrun for latest_only_with_trigger to 2022-08-18T23:33:05.571286+00:00, run_after=2022-08-19T03:33:05.571286+00:00
[2022-08-19 03:33:05,625] {processor.py:161} INFO - Processing /home/airflow/.local/lib/python3.7/site-packages/airflow/example_dags/example_latest_only_with_trigger.py took 0.156 seconds
[2022-08-19 06:13:52,306] {processor.py:153} INFO - Started process (PID=26376) to work on /home/airflow/.local/lib/python3.7/site-packages/airflow/example_dags/example_latest_only_with_trigger.py
[2022-08-19 06:13:52,319] {processor.py:641} INFO - Processing file /home/airflow/.local/lib/python3.7/site-packages/airflow/example_dags/example_latest_only_with_trigger.py for tasks to queue
[2022-08-19 06:13:52,337] {logging_mixin.py:115} INFO - [2022-08-19 06:13:52,337] {dagbag.py:507} INFO - Filling up the DagBag from /home/airflow/.local/lib/python3.7/site-packages/airflow/example_dags/example_latest_only_with_trigger.py
[2022-08-19 06:13:52,346] {processor.py:651} INFO - DAG(s) dict_keys(['latest_only_with_trigger']) retrieved from /home/airflow/.local/lib/python3.7/site-packages/airflow/example_dags/example_latest_only_with_trigger.py
[2022-08-19 06:13:52,449] {logging_mixin.py:115} INFO - [2022-08-19 06:13:52,449] {dag.py:2371} INFO - Sync 1 DAGs
[2022-08-19 06:13:52,485] {logging_mixin.py:115} INFO - [2022-08-19 06:13:52,485] {dag.py:2919} INFO - Setting next_dagrun for latest_only_with_trigger to 2022-08-19T02:13:52.485432+00:00, run_after=2022-08-19T06:13:52.485432+00:00
[2022-08-19 06:13:52,513] {processor.py:161} INFO - Processing /home/airflow/.local/lib/python3.7/site-packages/airflow/example_dags/example_latest_only_with_trigger.py took 0.211 seconds
