[2022-08-19 00:18:56,213] {processor.py:153} INFO - Started process (PID=25525) to work on /home/airflow/.local/lib/python3.7/site-packages/airflow/example_dags/tutorial_taskflow_api_etl.py
[2022-08-19 00:18:56,214] {processor.py:641} INFO - Processing file /home/airflow/.local/lib/python3.7/site-packages/airflow/example_dags/tutorial_taskflow_api_etl.py for tasks to queue
[2022-08-19 00:18:56,218] {logging_mixin.py:115} INFO - [2022-08-19 00:18:56,218] {dagbag.py:507} INFO - Filling up the DagBag from /home/airflow/.local/lib/python3.7/site-packages/airflow/example_dags/tutorial_taskflow_api_etl.py
[2022-08-19 00:18:56,253] {processor.py:651} INFO - DAG(s) dict_keys(['tutorial_taskflow_api_etl']) retrieved from /home/airflow/.local/lib/python3.7/site-packages/airflow/example_dags/tutorial_taskflow_api_etl.py
[2022-08-19 00:18:56,393] {logging_mixin.py:115} INFO - [2022-08-19 00:18:56,393] {dag.py:2371} INFO - Sync 1 DAGs
[2022-08-19 00:18:56,450] {logging_mixin.py:115} INFO - [2022-08-19 00:18:56,450] {dag.py:2919} INFO - Setting next_dagrun for tutorial_taskflow_api_etl to None, run_after=None
[2022-08-19 00:18:56,486] {processor.py:161} INFO - Processing /home/airflow/.local/lib/python3.7/site-packages/airflow/example_dags/tutorial_taskflow_api_etl.py took 0.278 seconds
[2022-08-19 01:21:21,797] {processor.py:153} INFO - Started process (PID=25576) to work on /home/airflow/.local/lib/python3.7/site-packages/airflow/example_dags/tutorial_taskflow_api_etl.py
[2022-08-19 01:21:21,802] {processor.py:641} INFO - Processing file /home/airflow/.local/lib/python3.7/site-packages/airflow/example_dags/tutorial_taskflow_api_etl.py for tasks to queue
[2022-08-19 01:21:21,827] {logging_mixin.py:115} INFO - [2022-08-19 01:21:21,826] {dagbag.py:507} INFO - Filling up the DagBag from /home/airflow/.local/lib/python3.7/site-packages/airflow/example_dags/tutorial_taskflow_api_etl.py
[2022-08-19 01:21:21,899] {processor.py:651} INFO - DAG(s) dict_keys(['tutorial_taskflow_api_etl']) retrieved from /home/airflow/.local/lib/python3.7/site-packages/airflow/example_dags/tutorial_taskflow_api_etl.py
[2022-08-19 01:21:22,184] {logging_mixin.py:115} INFO - [2022-08-19 01:21:22,184] {dag.py:2371} INFO - Sync 1 DAGs
[2022-08-19 01:21:22,228] {logging_mixin.py:115} INFO - [2022-08-19 01:21:22,228] {dag.py:2919} INFO - Setting next_dagrun for tutorial_taskflow_api_etl to None, run_after=None
[2022-08-19 01:21:22,304] {processor.py:161} INFO - Processing /home/airflow/.local/lib/python3.7/site-packages/airflow/example_dags/tutorial_taskflow_api_etl.py took 0.512 seconds
[2022-08-19 01:26:42,036] {processor.py:153} INFO - Started process (PID=25637) to work on /home/airflow/.local/lib/python3.7/site-packages/airflow/example_dags/tutorial_taskflow_api_etl.py
[2022-08-19 01:26:42,038] {processor.py:641} INFO - Processing file /home/airflow/.local/lib/python3.7/site-packages/airflow/example_dags/tutorial_taskflow_api_etl.py for tasks to queue
[2022-08-19 01:26:42,040] {logging_mixin.py:115} INFO - [2022-08-19 01:26:42,039] {dagbag.py:507} INFO - Filling up the DagBag from /home/airflow/.local/lib/python3.7/site-packages/airflow/example_dags/tutorial_taskflow_api_etl.py
[2022-08-19 01:26:42,089] {processor.py:651} INFO - DAG(s) dict_keys(['tutorial_taskflow_api_etl']) retrieved from /home/airflow/.local/lib/python3.7/site-packages/airflow/example_dags/tutorial_taskflow_api_etl.py
[2022-08-19 01:26:42,201] {logging_mixin.py:115} INFO - [2022-08-19 01:26:42,201] {dag.py:2371} INFO - Sync 1 DAGs
[2022-08-19 01:26:42,227] {logging_mixin.py:115} INFO - [2022-08-19 01:26:42,227] {dag.py:2919} INFO - Setting next_dagrun for tutorial_taskflow_api_etl to None, run_after=None
[2022-08-19 01:26:42,249] {processor.py:161} INFO - Processing /home/airflow/.local/lib/python3.7/site-packages/airflow/example_dags/tutorial_taskflow_api_etl.py took 0.270 seconds
[2022-08-19 01:27:12,767] {processor.py:153} INFO - Started process (PID=25690) to work on /home/airflow/.local/lib/python3.7/site-packages/airflow/example_dags/tutorial_taskflow_api_etl.py
[2022-08-19 01:27:12,770] {processor.py:641} INFO - Processing file /home/airflow/.local/lib/python3.7/site-packages/airflow/example_dags/tutorial_taskflow_api_etl.py for tasks to queue
[2022-08-19 01:27:12,772] {logging_mixin.py:115} INFO - [2022-08-19 01:27:12,772] {dagbag.py:507} INFO - Filling up the DagBag from /home/airflow/.local/lib/python3.7/site-packages/airflow/example_dags/tutorial_taskflow_api_etl.py
[2022-08-19 01:27:12,792] {processor.py:651} INFO - DAG(s) dict_keys(['tutorial_taskflow_api_etl']) retrieved from /home/airflow/.local/lib/python3.7/site-packages/airflow/example_dags/tutorial_taskflow_api_etl.py
[2022-08-19 01:27:12,860] {logging_mixin.py:115} INFO - [2022-08-19 01:27:12,859] {dag.py:2371} INFO - Sync 1 DAGs
[2022-08-19 01:27:12,877] {logging_mixin.py:115} INFO - [2022-08-19 01:27:12,877] {dag.py:2919} INFO - Setting next_dagrun for tutorial_taskflow_api_etl to None, run_after=None
[2022-08-19 01:27:12,892] {processor.py:161} INFO - Processing /home/airflow/.local/lib/python3.7/site-packages/airflow/example_dags/tutorial_taskflow_api_etl.py took 0.129 seconds
[2022-08-19 01:27:43,464] {processor.py:153} INFO - Started process (PID=25751) to work on /home/airflow/.local/lib/python3.7/site-packages/airflow/example_dags/tutorial_taskflow_api_etl.py
[2022-08-19 01:27:43,465] {processor.py:641} INFO - Processing file /home/airflow/.local/lib/python3.7/site-packages/airflow/example_dags/tutorial_taskflow_api_etl.py for tasks to queue
[2022-08-19 01:27:43,466] {logging_mixin.py:115} INFO - [2022-08-19 01:27:43,466] {dagbag.py:507} INFO - Filling up the DagBag from /home/airflow/.local/lib/python3.7/site-packages/airflow/example_dags/tutorial_taskflow_api_etl.py
[2022-08-19 01:27:43,485] {processor.py:651} INFO - DAG(s) dict_keys(['tutorial_taskflow_api_etl']) retrieved from /home/airflow/.local/lib/python3.7/site-packages/airflow/example_dags/tutorial_taskflow_api_etl.py
[2022-08-19 01:27:43,513] {logging_mixin.py:115} INFO - [2022-08-19 01:27:43,513] {dag.py:2371} INFO - Sync 1 DAGs
[2022-08-19 01:27:43,533] {logging_mixin.py:115} INFO - [2022-08-19 01:27:43,533] {dag.py:2919} INFO - Setting next_dagrun for tutorial_taskflow_api_etl to None, run_after=None
[2022-08-19 01:27:43,546] {processor.py:161} INFO - Processing /home/airflow/.local/lib/python3.7/site-packages/airflow/example_dags/tutorial_taskflow_api_etl.py took 0.087 seconds
[2022-08-19 01:28:13,772] {processor.py:153} INFO - Started process (PID=25803) to work on /home/airflow/.local/lib/python3.7/site-packages/airflow/example_dags/tutorial_taskflow_api_etl.py
[2022-08-19 01:28:13,774] {processor.py:641} INFO - Processing file /home/airflow/.local/lib/python3.7/site-packages/airflow/example_dags/tutorial_taskflow_api_etl.py for tasks to queue
[2022-08-19 01:28:13,775] {logging_mixin.py:115} INFO - [2022-08-19 01:28:13,775] {dagbag.py:507} INFO - Filling up the DagBag from /home/airflow/.local/lib/python3.7/site-packages/airflow/example_dags/tutorial_taskflow_api_etl.py
[2022-08-19 01:28:13,794] {processor.py:651} INFO - DAG(s) dict_keys(['tutorial_taskflow_api_etl']) retrieved from /home/airflow/.local/lib/python3.7/site-packages/airflow/example_dags/tutorial_taskflow_api_etl.py
[2022-08-19 01:28:13,862] {logging_mixin.py:115} INFO - [2022-08-19 01:28:13,862] {dag.py:2371} INFO - Sync 1 DAGs
[2022-08-19 01:28:13,880] {logging_mixin.py:115} INFO - [2022-08-19 01:28:13,879] {dag.py:2919} INFO - Setting next_dagrun for tutorial_taskflow_api_etl to None, run_after=None
[2022-08-19 01:28:13,894] {processor.py:161} INFO - Processing /home/airflow/.local/lib/python3.7/site-packages/airflow/example_dags/tutorial_taskflow_api_etl.py took 0.126 seconds
[2022-08-19 01:28:44,391] {processor.py:153} INFO - Started process (PID=25864) to work on /home/airflow/.local/lib/python3.7/site-packages/airflow/example_dags/tutorial_taskflow_api_etl.py
[2022-08-19 01:28:44,392] {processor.py:641} INFO - Processing file /home/airflow/.local/lib/python3.7/site-packages/airflow/example_dags/tutorial_taskflow_api_etl.py for tasks to queue
[2022-08-19 01:28:44,394] {logging_mixin.py:115} INFO - [2022-08-19 01:28:44,394] {dagbag.py:507} INFO - Filling up the DagBag from /home/airflow/.local/lib/python3.7/site-packages/airflow/example_dags/tutorial_taskflow_api_etl.py
[2022-08-19 01:28:44,422] {processor.py:651} INFO - DAG(s) dict_keys(['tutorial_taskflow_api_etl']) retrieved from /home/airflow/.local/lib/python3.7/site-packages/airflow/example_dags/tutorial_taskflow_api_etl.py
[2022-08-19 01:28:44,549] {logging_mixin.py:115} INFO - [2022-08-19 01:28:44,549] {dag.py:2371} INFO - Sync 1 DAGs
[2022-08-19 01:28:44,567] {logging_mixin.py:115} INFO - [2022-08-19 01:28:44,567] {dag.py:2919} INFO - Setting next_dagrun for tutorial_taskflow_api_etl to None, run_after=None
[2022-08-19 01:28:44,581] {processor.py:161} INFO - Processing /home/airflow/.local/lib/python3.7/site-packages/airflow/example_dags/tutorial_taskflow_api_etl.py took 0.195 seconds
[2022-08-19 01:29:14,632] {processor.py:153} INFO - Started process (PID=25925) to work on /home/airflow/.local/lib/python3.7/site-packages/airflow/example_dags/tutorial_taskflow_api_etl.py
[2022-08-19 01:29:14,633] {processor.py:641} INFO - Processing file /home/airflow/.local/lib/python3.7/site-packages/airflow/example_dags/tutorial_taskflow_api_etl.py for tasks to queue
[2022-08-19 01:29:14,635] {logging_mixin.py:115} INFO - [2022-08-19 01:29:14,634] {dagbag.py:507} INFO - Filling up the DagBag from /home/airflow/.local/lib/python3.7/site-packages/airflow/example_dags/tutorial_taskflow_api_etl.py
[2022-08-19 01:29:14,653] {processor.py:651} INFO - DAG(s) dict_keys(['tutorial_taskflow_api_etl']) retrieved from /home/airflow/.local/lib/python3.7/site-packages/airflow/example_dags/tutorial_taskflow_api_etl.py
[2022-08-19 01:29:14,680] {logging_mixin.py:115} INFO - [2022-08-19 01:29:14,680] {dag.py:2371} INFO - Sync 1 DAGs
[2022-08-19 01:29:14,699] {logging_mixin.py:115} INFO - [2022-08-19 01:29:14,699] {dag.py:2919} INFO - Setting next_dagrun for tutorial_taskflow_api_etl to None, run_after=None
[2022-08-19 01:29:14,712] {processor.py:161} INFO - Processing /home/airflow/.local/lib/python3.7/site-packages/airflow/example_dags/tutorial_taskflow_api_etl.py took 0.083 seconds
[2022-08-19 01:29:44,958] {processor.py:153} INFO - Started process (PID=25978) to work on /home/airflow/.local/lib/python3.7/site-packages/airflow/example_dags/tutorial_taskflow_api_etl.py
[2022-08-19 01:29:44,959] {processor.py:641} INFO - Processing file /home/airflow/.local/lib/python3.7/site-packages/airflow/example_dags/tutorial_taskflow_api_etl.py for tasks to queue
[2022-08-19 01:29:44,960] {logging_mixin.py:115} INFO - [2022-08-19 01:29:44,960] {dagbag.py:507} INFO - Filling up the DagBag from /home/airflow/.local/lib/python3.7/site-packages/airflow/example_dags/tutorial_taskflow_api_etl.py
[2022-08-19 01:29:44,979] {processor.py:651} INFO - DAG(s) dict_keys(['tutorial_taskflow_api_etl']) retrieved from /home/airflow/.local/lib/python3.7/site-packages/airflow/example_dags/tutorial_taskflow_api_etl.py
[2022-08-19 01:29:45,009] {logging_mixin.py:115} INFO - [2022-08-19 01:29:45,009] {dag.py:2371} INFO - Sync 1 DAGs
[2022-08-19 01:29:45,028] {logging_mixin.py:115} INFO - [2022-08-19 01:29:45,028] {dag.py:2919} INFO - Setting next_dagrun for tutorial_taskflow_api_etl to None, run_after=None
[2022-08-19 01:29:45,040] {processor.py:161} INFO - Processing /home/airflow/.local/lib/python3.7/site-packages/airflow/example_dags/tutorial_taskflow_api_etl.py took 0.088 seconds
[2022-08-19 01:30:15,081] {processor.py:153} INFO - Started process (PID=26038) to work on /home/airflow/.local/lib/python3.7/site-packages/airflow/example_dags/tutorial_taskflow_api_etl.py
[2022-08-19 01:30:15,082] {processor.py:641} INFO - Processing file /home/airflow/.local/lib/python3.7/site-packages/airflow/example_dags/tutorial_taskflow_api_etl.py for tasks to queue
[2022-08-19 01:30:15,084] {logging_mixin.py:115} INFO - [2022-08-19 01:30:15,083] {dagbag.py:507} INFO - Filling up the DagBag from /home/airflow/.local/lib/python3.7/site-packages/airflow/example_dags/tutorial_taskflow_api_etl.py
[2022-08-19 01:30:15,104] {processor.py:651} INFO - DAG(s) dict_keys(['tutorial_taskflow_api_etl']) retrieved from /home/airflow/.local/lib/python3.7/site-packages/airflow/example_dags/tutorial_taskflow_api_etl.py
[2022-08-19 01:30:15,175] {logging_mixin.py:115} INFO - [2022-08-19 01:30:15,175] {dag.py:2371} INFO - Sync 1 DAGs
[2022-08-19 01:30:15,193] {logging_mixin.py:115} INFO - [2022-08-19 01:30:15,192] {dag.py:2919} INFO - Setting next_dagrun for tutorial_taskflow_api_etl to None, run_after=None
[2022-08-19 01:30:15,207] {processor.py:161} INFO - Processing /home/airflow/.local/lib/python3.7/site-packages/airflow/example_dags/tutorial_taskflow_api_etl.py took 0.131 seconds
[2022-08-19 01:30:45,679] {processor.py:153} INFO - Started process (PID=26100) to work on /home/airflow/.local/lib/python3.7/site-packages/airflow/example_dags/tutorial_taskflow_api_etl.py
[2022-08-19 01:30:45,680] {processor.py:641} INFO - Processing file /home/airflow/.local/lib/python3.7/site-packages/airflow/example_dags/tutorial_taskflow_api_etl.py for tasks to queue
[2022-08-19 01:30:45,681] {logging_mixin.py:115} INFO - [2022-08-19 01:30:45,681] {dagbag.py:507} INFO - Filling up the DagBag from /home/airflow/.local/lib/python3.7/site-packages/airflow/example_dags/tutorial_taskflow_api_etl.py
[2022-08-19 01:30:45,701] {processor.py:651} INFO - DAG(s) dict_keys(['tutorial_taskflow_api_etl']) retrieved from /home/airflow/.local/lib/python3.7/site-packages/airflow/example_dags/tutorial_taskflow_api_etl.py
[2022-08-19 01:30:45,777] {logging_mixin.py:115} INFO - [2022-08-19 01:30:45,777] {dag.py:2371} INFO - Sync 1 DAGs
[2022-08-19 01:30:45,838] {logging_mixin.py:115} INFO - [2022-08-19 01:30:45,838] {dag.py:2919} INFO - Setting next_dagrun for tutorial_taskflow_api_etl to None, run_after=None
[2022-08-19 01:30:45,861] {processor.py:161} INFO - Processing /home/airflow/.local/lib/python3.7/site-packages/airflow/example_dags/tutorial_taskflow_api_etl.py took 0.187 seconds
[2022-08-19 01:31:16,080] {processor.py:153} INFO - Started process (PID=26152) to work on /home/airflow/.local/lib/python3.7/site-packages/airflow/example_dags/tutorial_taskflow_api_etl.py
[2022-08-19 01:31:16,081] {processor.py:641} INFO - Processing file /home/airflow/.local/lib/python3.7/site-packages/airflow/example_dags/tutorial_taskflow_api_etl.py for tasks to queue
[2022-08-19 01:31:16,083] {logging_mixin.py:115} INFO - [2022-08-19 01:31:16,083] {dagbag.py:507} INFO - Filling up the DagBag from /home/airflow/.local/lib/python3.7/site-packages/airflow/example_dags/tutorial_taskflow_api_etl.py
[2022-08-19 01:31:16,102] {processor.py:651} INFO - DAG(s) dict_keys(['tutorial_taskflow_api_etl']) retrieved from /home/airflow/.local/lib/python3.7/site-packages/airflow/example_dags/tutorial_taskflow_api_etl.py
[2022-08-19 01:31:16,132] {logging_mixin.py:115} INFO - [2022-08-19 01:31:16,132] {dag.py:2371} INFO - Sync 1 DAGs
[2022-08-19 01:31:16,152] {logging_mixin.py:115} INFO - [2022-08-19 01:31:16,152] {dag.py:2919} INFO - Setting next_dagrun for tutorial_taskflow_api_etl to None, run_after=None
[2022-08-19 01:31:16,164] {processor.py:161} INFO - Processing /home/airflow/.local/lib/python3.7/site-packages/airflow/example_dags/tutorial_taskflow_api_etl.py took 0.089 seconds
[2022-08-19 01:31:46,344] {processor.py:153} INFO - Started process (PID=26213) to work on /home/airflow/.local/lib/python3.7/site-packages/airflow/example_dags/tutorial_taskflow_api_etl.py
[2022-08-19 01:31:46,346] {processor.py:641} INFO - Processing file /home/airflow/.local/lib/python3.7/site-packages/airflow/example_dags/tutorial_taskflow_api_etl.py for tasks to queue
[2022-08-19 01:31:46,348] {logging_mixin.py:115} INFO - [2022-08-19 01:31:46,347] {dagbag.py:507} INFO - Filling up the DagBag from /home/airflow/.local/lib/python3.7/site-packages/airflow/example_dags/tutorial_taskflow_api_etl.py
[2022-08-19 01:31:46,367] {processor.py:651} INFO - DAG(s) dict_keys(['tutorial_taskflow_api_etl']) retrieved from /home/airflow/.local/lib/python3.7/site-packages/airflow/example_dags/tutorial_taskflow_api_etl.py
[2022-08-19 01:31:46,434] {logging_mixin.py:115} INFO - [2022-08-19 01:31:46,434] {dag.py:2371} INFO - Sync 1 DAGs
[2022-08-19 01:31:46,452] {logging_mixin.py:115} INFO - [2022-08-19 01:31:46,452] {dag.py:2919} INFO - Setting next_dagrun for tutorial_taskflow_api_etl to None, run_after=None
[2022-08-19 01:31:46,466] {processor.py:161} INFO - Processing /home/airflow/.local/lib/python3.7/site-packages/airflow/example_dags/tutorial_taskflow_api_etl.py took 0.128 seconds
[2022-08-19 01:32:36,640] {processor.py:153} INFO - Started process (PID=26265) to work on /home/airflow/.local/lib/python3.7/site-packages/airflow/example_dags/tutorial_taskflow_api_etl.py
[2022-08-19 01:32:36,642] {processor.py:641} INFO - Processing file /home/airflow/.local/lib/python3.7/site-packages/airflow/example_dags/tutorial_taskflow_api_etl.py for tasks to queue
[2022-08-19 01:32:36,643] {logging_mixin.py:115} INFO - [2022-08-19 01:32:36,643] {dagbag.py:507} INFO - Filling up the DagBag from /home/airflow/.local/lib/python3.7/site-packages/airflow/example_dags/tutorial_taskflow_api_etl.py
[2022-08-19 01:32:36,663] {processor.py:651} INFO - DAG(s) dict_keys(['tutorial_taskflow_api_etl']) retrieved from /home/airflow/.local/lib/python3.7/site-packages/airflow/example_dags/tutorial_taskflow_api_etl.py
[2022-08-19 01:32:36,693] {logging_mixin.py:115} INFO - [2022-08-19 01:32:36,693] {dag.py:2371} INFO - Sync 1 DAGs
[2022-08-19 01:32:36,714] {logging_mixin.py:115} INFO - [2022-08-19 01:32:36,713] {dag.py:2919} INFO - Setting next_dagrun for tutorial_taskflow_api_etl to None, run_after=None
[2022-08-19 01:32:36,744] {processor.py:161} INFO - Processing /home/airflow/.local/lib/python3.7/site-packages/airflow/example_dags/tutorial_taskflow_api_etl.py took 0.107 seconds
[2022-08-19 03:33:04,645] {processor.py:153} INFO - Started process (PID=26318) to work on /home/airflow/.local/lib/python3.7/site-packages/airflow/example_dags/tutorial_taskflow_api_etl.py
[2022-08-19 03:33:04,648] {processor.py:641} INFO - Processing file /home/airflow/.local/lib/python3.7/site-packages/airflow/example_dags/tutorial_taskflow_api_etl.py for tasks to queue
[2022-08-19 03:33:04,649] {logging_mixin.py:115} INFO - [2022-08-19 03:33:04,649] {dagbag.py:507} INFO - Filling up the DagBag from /home/airflow/.local/lib/python3.7/site-packages/airflow/example_dags/tutorial_taskflow_api_etl.py
[2022-08-19 03:33:04,679] {processor.py:651} INFO - DAG(s) dict_keys(['tutorial_taskflow_api_etl']) retrieved from /home/airflow/.local/lib/python3.7/site-packages/airflow/example_dags/tutorial_taskflow_api_etl.py
[2022-08-19 03:33:04,807] {logging_mixin.py:115} INFO - [2022-08-19 03:33:04,807] {dag.py:2371} INFO - Sync 1 DAGs
[2022-08-19 03:33:04,828] {logging_mixin.py:115} INFO - [2022-08-19 03:33:04,828] {dag.py:2919} INFO - Setting next_dagrun for tutorial_taskflow_api_etl to None, run_after=None
[2022-08-19 03:33:04,847] {processor.py:161} INFO - Processing /home/airflow/.local/lib/python3.7/site-packages/airflow/example_dags/tutorial_taskflow_api_etl.py took 0.207 seconds
[2022-08-19 06:13:51,278] {processor.py:153} INFO - Started process (PID=26369) to work on /home/airflow/.local/lib/python3.7/site-packages/airflow/example_dags/tutorial_taskflow_api_etl.py
[2022-08-19 06:13:51,281] {processor.py:641} INFO - Processing file /home/airflow/.local/lib/python3.7/site-packages/airflow/example_dags/tutorial_taskflow_api_etl.py for tasks to queue
[2022-08-19 06:13:51,283] {logging_mixin.py:115} INFO - [2022-08-19 06:13:51,283] {dagbag.py:507} INFO - Filling up the DagBag from /home/airflow/.local/lib/python3.7/site-packages/airflow/example_dags/tutorial_taskflow_api_etl.py
[2022-08-19 06:13:51,322] {processor.py:651} INFO - DAG(s) dict_keys(['tutorial_taskflow_api_etl']) retrieved from /home/airflow/.local/lib/python3.7/site-packages/airflow/example_dags/tutorial_taskflow_api_etl.py
[2022-08-19 06:13:51,445] {logging_mixin.py:115} INFO - [2022-08-19 06:13:51,445] {dag.py:2371} INFO - Sync 1 DAGs
[2022-08-19 06:13:51,502] {logging_mixin.py:115} INFO - [2022-08-19 06:13:51,501] {dag.py:2919} INFO - Setting next_dagrun for tutorial_taskflow_api_etl to None, run_after=None
[2022-08-19 06:13:51,527] {processor.py:161} INFO - Processing /home/airflow/.local/lib/python3.7/site-packages/airflow/example_dags/tutorial_taskflow_api_etl.py took 0.254 seconds
