[2022-08-12 01:28:22,012] {processor.py:153} INFO - Started process (PID=99903) to work on /home/airflow/.local/lib/python3.7/site-packages/airflow/example_dags/example_nested_branch_dag.py
[2022-08-12 01:28:22,016] {processor.py:641} INFO - Processing file /home/airflow/.local/lib/python3.7/site-packages/airflow/example_dags/example_nested_branch_dag.py for tasks to queue
[2022-08-12 01:28:22,021] {logging_mixin.py:115} INFO - [2022-08-12 01:28:22,020] {dagbag.py:507} INFO - Filling up the DagBag from /home/airflow/.local/lib/python3.7/site-packages/airflow/example_dags/example_nested_branch_dag.py
[2022-08-12 01:28:22,062] {processor.py:651} INFO - DAG(s) dict_keys(['example_nested_branch_dag']) retrieved from /home/airflow/.local/lib/python3.7/site-packages/airflow/example_dags/example_nested_branch_dag.py
[2022-08-12 01:28:22,131] {logging_mixin.py:115} INFO - [2022-08-12 01:28:22,130] {dag.py:2371} INFO - Sync 1 DAGs
[2022-08-12 01:28:22,209] {logging_mixin.py:115} INFO - [2022-08-12 01:28:22,208] {dag.py:2919} INFO - Setting next_dagrun for example_nested_branch_dag to 2022-08-11T00:00:00+00:00, run_after=2022-08-12T00:00:00+00:00
[2022-08-12 01:28:22,246] {processor.py:161} INFO - Processing /home/airflow/.local/lib/python3.7/site-packages/airflow/example_dags/example_nested_branch_dag.py took 0.244 seconds
[2022-08-12 01:28:52,420] {processor.py:153} INFO - Started process (PID=99961) to work on /home/airflow/.local/lib/python3.7/site-packages/airflow/example_dags/example_nested_branch_dag.py
[2022-08-12 01:28:52,422] {processor.py:641} INFO - Processing file /home/airflow/.local/lib/python3.7/site-packages/airflow/example_dags/example_nested_branch_dag.py for tasks to queue
[2022-08-12 01:28:52,424] {logging_mixin.py:115} INFO - [2022-08-12 01:28:52,424] {dagbag.py:507} INFO - Filling up the DagBag from /home/airflow/.local/lib/python3.7/site-packages/airflow/example_dags/example_nested_branch_dag.py
[2022-08-12 01:28:52,441] {processor.py:651} INFO - DAG(s) dict_keys(['example_nested_branch_dag']) retrieved from /home/airflow/.local/lib/python3.7/site-packages/airflow/example_dags/example_nested_branch_dag.py
[2022-08-12 01:28:52,489] {logging_mixin.py:115} INFO - [2022-08-12 01:28:52,489] {dag.py:2371} INFO - Sync 1 DAGs
[2022-08-12 01:28:52,514] {logging_mixin.py:115} INFO - [2022-08-12 01:28:52,514] {dag.py:2919} INFO - Setting next_dagrun for example_nested_branch_dag to 2022-08-11T00:00:00+00:00, run_after=2022-08-12T00:00:00+00:00
[2022-08-12 01:28:52,531] {processor.py:161} INFO - Processing /home/airflow/.local/lib/python3.7/site-packages/airflow/example_dags/example_nested_branch_dag.py took 0.115 seconds
[2022-08-12 01:33:45,934] {processor.py:153} INFO - Started process (PID=308) to work on /home/airflow/.local/lib/python3.7/site-packages/airflow/example_dags/example_nested_branch_dag.py
[2022-08-12 01:33:45,935] {processor.py:641} INFO - Processing file /home/airflow/.local/lib/python3.7/site-packages/airflow/example_dags/example_nested_branch_dag.py for tasks to queue
[2022-08-12 01:33:45,937] {logging_mixin.py:115} INFO - [2022-08-12 01:33:45,936] {dagbag.py:507} INFO - Filling up the DagBag from /home/airflow/.local/lib/python3.7/site-packages/airflow/example_dags/example_nested_branch_dag.py
[2022-08-12 01:33:45,956] {processor.py:651} INFO - DAG(s) dict_keys(['example_nested_branch_dag']) retrieved from /home/airflow/.local/lib/python3.7/site-packages/airflow/example_dags/example_nested_branch_dag.py
[2022-08-12 01:33:45,992] {logging_mixin.py:115} INFO - [2022-08-12 01:33:45,992] {dag.py:2371} INFO - Sync 1 DAGs
[2022-08-12 01:33:46,020] {logging_mixin.py:115} INFO - [2022-08-12 01:33:46,020] {dag.py:2919} INFO - Setting next_dagrun for example_nested_branch_dag to 2022-08-11T00:00:00+00:00, run_after=2022-08-12T00:00:00+00:00
[2022-08-12 01:33:46,037] {processor.py:161} INFO - Processing /home/airflow/.local/lib/python3.7/site-packages/airflow/example_dags/example_nested_branch_dag.py took 0.109 seconds
[2022-08-12 01:34:19,163] {processor.py:153} INFO - Started process (PID=360) to work on /home/airflow/.local/lib/python3.7/site-packages/airflow/example_dags/example_nested_branch_dag.py
[2022-08-12 01:34:19,169] {processor.py:641} INFO - Processing file /home/airflow/.local/lib/python3.7/site-packages/airflow/example_dags/example_nested_branch_dag.py for tasks to queue
[2022-08-12 01:34:19,173] {logging_mixin.py:115} INFO - [2022-08-12 01:34:19,173] {dagbag.py:507} INFO - Filling up the DagBag from /home/airflow/.local/lib/python3.7/site-packages/airflow/example_dags/example_nested_branch_dag.py
[2022-08-12 01:34:19,222] {processor.py:651} INFO - DAG(s) dict_keys(['example_nested_branch_dag']) retrieved from /home/airflow/.local/lib/python3.7/site-packages/airflow/example_dags/example_nested_branch_dag.py
[2022-08-12 01:34:19,316] {logging_mixin.py:115} INFO - [2022-08-12 01:34:19,316] {dag.py:2371} INFO - Sync 1 DAGs
[2022-08-12 01:34:19,384] {logging_mixin.py:115} INFO - [2022-08-12 01:34:19,384] {dag.py:2919} INFO - Setting next_dagrun for example_nested_branch_dag to 2022-08-11T00:00:00+00:00, run_after=2022-08-12T00:00:00+00:00
[2022-08-12 01:34:19,417] {processor.py:161} INFO - Processing /home/airflow/.local/lib/python3.7/site-packages/airflow/example_dags/example_nested_branch_dag.py took 0.274 seconds
[2022-08-12 01:50:00,526] {processor.py:153} INFO - Started process (PID=404) to work on /home/airflow/.local/lib/python3.7/site-packages/airflow/example_dags/example_nested_branch_dag.py
[2022-08-12 01:50:00,531] {processor.py:641} INFO - Processing file /home/airflow/.local/lib/python3.7/site-packages/airflow/example_dags/example_nested_branch_dag.py for tasks to queue
[2022-08-12 01:50:00,535] {logging_mixin.py:115} INFO - [2022-08-12 01:50:00,535] {dagbag.py:507} INFO - Filling up the DagBag from /home/airflow/.local/lib/python3.7/site-packages/airflow/example_dags/example_nested_branch_dag.py
[2022-08-12 01:50:00,561] {processor.py:651} INFO - DAG(s) dict_keys(['example_nested_branch_dag']) retrieved from /home/airflow/.local/lib/python3.7/site-packages/airflow/example_dags/example_nested_branch_dag.py
[2022-08-12 01:50:00,648] {logging_mixin.py:115} INFO - [2022-08-12 01:50:00,648] {dag.py:2371} INFO - Sync 1 DAGs
[2022-08-12 01:50:00,691] {logging_mixin.py:115} INFO - [2022-08-12 01:50:00,690] {dag.py:2919} INFO - Setting next_dagrun for example_nested_branch_dag to 2022-08-11T00:00:00+00:00, run_after=2022-08-12T00:00:00+00:00
[2022-08-12 01:50:00,718] {processor.py:161} INFO - Processing /home/airflow/.local/lib/python3.7/site-packages/airflow/example_dags/example_nested_branch_dag.py took 0.200 seconds
[2022-08-12 01:50:33,272] {processor.py:153} INFO - Started process (PID=456) to work on /home/airflow/.local/lib/python3.7/site-packages/airflow/example_dags/example_nested_branch_dag.py
[2022-08-12 01:50:33,276] {processor.py:641} INFO - Processing file /home/airflow/.local/lib/python3.7/site-packages/airflow/example_dags/example_nested_branch_dag.py for tasks to queue
[2022-08-12 01:50:33,280] {logging_mixin.py:115} INFO - [2022-08-12 01:50:33,280] {dagbag.py:507} INFO - Filling up the DagBag from /home/airflow/.local/lib/python3.7/site-packages/airflow/example_dags/example_nested_branch_dag.py
[2022-08-12 01:50:33,326] {processor.py:651} INFO - DAG(s) dict_keys(['example_nested_branch_dag']) retrieved from /home/airflow/.local/lib/python3.7/site-packages/airflow/example_dags/example_nested_branch_dag.py
[2022-08-12 01:50:33,432] {logging_mixin.py:115} INFO - [2022-08-12 01:50:33,431] {dag.py:2371} INFO - Sync 1 DAGs
[2022-08-12 01:50:33,514] {logging_mixin.py:115} INFO - [2022-08-12 01:50:33,513] {dag.py:2919} INFO - Setting next_dagrun for example_nested_branch_dag to 2022-08-11T00:00:00+00:00, run_after=2022-08-12T00:00:00+00:00
[2022-08-12 01:50:33,553] {processor.py:161} INFO - Processing /home/airflow/.local/lib/python3.7/site-packages/airflow/example_dags/example_nested_branch_dag.py took 0.297 seconds
[2022-08-12 02:01:13,570] {processor.py:153} INFO - Started process (PID=509) to work on /home/airflow/.local/lib/python3.7/site-packages/airflow/example_dags/example_nested_branch_dag.py
[2022-08-12 02:01:13,572] {processor.py:641} INFO - Processing file /home/airflow/.local/lib/python3.7/site-packages/airflow/example_dags/example_nested_branch_dag.py for tasks to queue
[2022-08-12 02:01:13,573] {logging_mixin.py:115} INFO - [2022-08-12 02:01:13,573] {dagbag.py:507} INFO - Filling up the DagBag from /home/airflow/.local/lib/python3.7/site-packages/airflow/example_dags/example_nested_branch_dag.py
[2022-08-12 02:01:13,592] {processor.py:651} INFO - DAG(s) dict_keys(['example_nested_branch_dag']) retrieved from /home/airflow/.local/lib/python3.7/site-packages/airflow/example_dags/example_nested_branch_dag.py
[2022-08-12 02:01:13,634] {logging_mixin.py:115} INFO - [2022-08-12 02:01:13,634] {dag.py:2371} INFO - Sync 1 DAGs
[2022-08-12 02:01:13,674] {logging_mixin.py:115} INFO - [2022-08-12 02:01:13,674] {dag.py:2919} INFO - Setting next_dagrun for example_nested_branch_dag to 2022-08-11T00:00:00+00:00, run_after=2022-08-12T00:00:00+00:00
[2022-08-12 02:01:13,691] {processor.py:161} INFO - Processing /home/airflow/.local/lib/python3.7/site-packages/airflow/example_dags/example_nested_branch_dag.py took 0.127 seconds
[2022-08-12 02:01:46,611] {processor.py:153} INFO - Started process (PID=561) to work on /home/airflow/.local/lib/python3.7/site-packages/airflow/example_dags/example_nested_branch_dag.py
[2022-08-12 02:01:46,620] {processor.py:641} INFO - Processing file /home/airflow/.local/lib/python3.7/site-packages/airflow/example_dags/example_nested_branch_dag.py for tasks to queue
[2022-08-12 02:01:46,633] {logging_mixin.py:115} INFO - [2022-08-12 02:01:46,632] {dagbag.py:507} INFO - Filling up the DagBag from /home/airflow/.local/lib/python3.7/site-packages/airflow/example_dags/example_nested_branch_dag.py
[2022-08-12 02:01:46,723] {processor.py:651} INFO - DAG(s) dict_keys(['example_nested_branch_dag']) retrieved from /home/airflow/.local/lib/python3.7/site-packages/airflow/example_dags/example_nested_branch_dag.py
[2022-08-12 02:01:46,870] {logging_mixin.py:115} INFO - [2022-08-12 02:01:46,869] {dag.py:2371} INFO - Sync 1 DAGs
[2022-08-12 02:01:46,980] {logging_mixin.py:115} INFO - [2022-08-12 02:01:46,980] {dag.py:2919} INFO - Setting next_dagrun for example_nested_branch_dag to 2022-08-11T00:00:00+00:00, run_after=2022-08-12T00:00:00+00:00
[2022-08-12 02:01:47,031] {processor.py:161} INFO - Processing /home/airflow/.local/lib/python3.7/site-packages/airflow/example_dags/example_nested_branch_dag.py took 0.442 seconds
[2022-08-12 02:08:59,904] {processor.py:153} INFO - Started process (PID=615) to work on /home/airflow/.local/lib/python3.7/site-packages/airflow/example_dags/example_nested_branch_dag.py
[2022-08-12 02:08:59,906] {processor.py:641} INFO - Processing file /home/airflow/.local/lib/python3.7/site-packages/airflow/example_dags/example_nested_branch_dag.py for tasks to queue
[2022-08-12 02:08:59,909] {logging_mixin.py:115} INFO - [2022-08-12 02:08:59,909] {dagbag.py:507} INFO - Filling up the DagBag from /home/airflow/.local/lib/python3.7/site-packages/airflow/example_dags/example_nested_branch_dag.py
[2022-08-12 02:08:59,956] {processor.py:651} INFO - DAG(s) dict_keys(['example_nested_branch_dag']) retrieved from /home/airflow/.local/lib/python3.7/site-packages/airflow/example_dags/example_nested_branch_dag.py
[2022-08-12 02:09:00,043] {logging_mixin.py:115} INFO - [2022-08-12 02:09:00,042] {dag.py:2371} INFO - Sync 1 DAGs
[2022-08-12 02:09:00,110] {logging_mixin.py:115} INFO - [2022-08-12 02:09:00,109] {dag.py:2919} INFO - Setting next_dagrun for example_nested_branch_dag to 2022-08-11T00:00:00+00:00, run_after=2022-08-12T00:00:00+00:00
[2022-08-12 02:09:00,131] {processor.py:161} INFO - Processing /home/airflow/.local/lib/python3.7/site-packages/airflow/example_dags/example_nested_branch_dag.py took 0.236 seconds
[2022-08-12 02:09:35,162] {processor.py:153} INFO - Started process (PID=667) to work on /home/airflow/.local/lib/python3.7/site-packages/airflow/example_dags/example_nested_branch_dag.py
[2022-08-12 02:09:35,167] {processor.py:641} INFO - Processing file /home/airflow/.local/lib/python3.7/site-packages/airflow/example_dags/example_nested_branch_dag.py for tasks to queue
[2022-08-12 02:09:35,173] {logging_mixin.py:115} INFO - [2022-08-12 02:09:35,173] {dagbag.py:507} INFO - Filling up the DagBag from /home/airflow/.local/lib/python3.7/site-packages/airflow/example_dags/example_nested_branch_dag.py
[2022-08-12 02:09:35,222] {processor.py:651} INFO - DAG(s) dict_keys(['example_nested_branch_dag']) retrieved from /home/airflow/.local/lib/python3.7/site-packages/airflow/example_dags/example_nested_branch_dag.py
[2022-08-12 02:09:35,348] {logging_mixin.py:115} INFO - [2022-08-12 02:09:35,347] {dag.py:2371} INFO - Sync 1 DAGs
[2022-08-12 02:09:35,441] {logging_mixin.py:115} INFO - [2022-08-12 02:09:35,440] {dag.py:2919} INFO - Setting next_dagrun for example_nested_branch_dag to 2022-08-11T00:00:00+00:00, run_after=2022-08-12T00:00:00+00:00
[2022-08-12 02:09:35,484] {processor.py:161} INFO - Processing /home/airflow/.local/lib/python3.7/site-packages/airflow/example_dags/example_nested_branch_dag.py took 0.336 seconds
[2022-08-12 02:14:32,498] {processor.py:153} INFO - Started process (PID=710) to work on /home/airflow/.local/lib/python3.7/site-packages/airflow/example_dags/example_nested_branch_dag.py
[2022-08-12 02:14:32,504] {processor.py:641} INFO - Processing file /home/airflow/.local/lib/python3.7/site-packages/airflow/example_dags/example_nested_branch_dag.py for tasks to queue
[2022-08-12 02:14:32,506] {logging_mixin.py:115} INFO - [2022-08-12 02:14:32,505] {dagbag.py:507} INFO - Filling up the DagBag from /home/airflow/.local/lib/python3.7/site-packages/airflow/example_dags/example_nested_branch_dag.py
[2022-08-12 02:14:32,548] {processor.py:651} INFO - DAG(s) dict_keys(['example_nested_branch_dag']) retrieved from /home/airflow/.local/lib/python3.7/site-packages/airflow/example_dags/example_nested_branch_dag.py
[2022-08-12 02:14:32,615] {logging_mixin.py:115} INFO - [2022-08-12 02:14:32,615] {dag.py:2371} INFO - Sync 1 DAGs
[2022-08-12 02:14:32,657] {logging_mixin.py:115} INFO - [2022-08-12 02:14:32,657] {dag.py:2919} INFO - Setting next_dagrun for example_nested_branch_dag to 2022-08-11T00:00:00+00:00, run_after=2022-08-12T00:00:00+00:00
[2022-08-12 02:14:32,673] {processor.py:161} INFO - Processing /home/airflow/.local/lib/python3.7/site-packages/airflow/example_dags/example_nested_branch_dag.py took 0.179 seconds
[2022-08-12 02:15:05,156] {processor.py:153} INFO - Started process (PID=762) to work on /home/airflow/.local/lib/python3.7/site-packages/airflow/example_dags/example_nested_branch_dag.py
[2022-08-12 02:15:05,163] {processor.py:641} INFO - Processing file /home/airflow/.local/lib/python3.7/site-packages/airflow/example_dags/example_nested_branch_dag.py for tasks to queue
[2022-08-12 02:15:05,172] {logging_mixin.py:115} INFO - [2022-08-12 02:15:05,170] {dagbag.py:507} INFO - Filling up the DagBag from /home/airflow/.local/lib/python3.7/site-packages/airflow/example_dags/example_nested_branch_dag.py
[2022-08-12 02:15:05,231] {processor.py:651} INFO - DAG(s) dict_keys(['example_nested_branch_dag']) retrieved from /home/airflow/.local/lib/python3.7/site-packages/airflow/example_dags/example_nested_branch_dag.py
[2022-08-12 02:15:05,349] {logging_mixin.py:115} INFO - [2022-08-12 02:15:05,349] {dag.py:2371} INFO - Sync 1 DAGs
[2022-08-12 02:15:05,468] {logging_mixin.py:115} INFO - [2022-08-12 02:15:05,468] {dag.py:2919} INFO - Setting next_dagrun for example_nested_branch_dag to 2022-08-11T00:00:00+00:00, run_after=2022-08-12T00:00:00+00:00
[2022-08-12 02:15:05,513] {processor.py:161} INFO - Processing /home/airflow/.local/lib/python3.7/site-packages/airflow/example_dags/example_nested_branch_dag.py took 0.376 seconds
[2022-08-12 02:20:04,434] {processor.py:153} INFO - Started process (PID=806) to work on /home/airflow/.local/lib/python3.7/site-packages/airflow/example_dags/example_nested_branch_dag.py
[2022-08-12 02:20:04,447] {processor.py:641} INFO - Processing file /home/airflow/.local/lib/python3.7/site-packages/airflow/example_dags/example_nested_branch_dag.py for tasks to queue
[2022-08-12 02:20:04,469] {logging_mixin.py:115} INFO - [2022-08-12 02:20:04,468] {dagbag.py:507} INFO - Filling up the DagBag from /home/airflow/.local/lib/python3.7/site-packages/airflow/example_dags/example_nested_branch_dag.py
[2022-08-12 02:20:04,491] {processor.py:651} INFO - DAG(s) dict_keys(['example_nested_branch_dag']) retrieved from /home/airflow/.local/lib/python3.7/site-packages/airflow/example_dags/example_nested_branch_dag.py
[2022-08-12 02:20:04,549] {logging_mixin.py:115} INFO - [2022-08-12 02:20:04,548] {dag.py:2371} INFO - Sync 1 DAGs
[2022-08-12 02:20:04,589] {logging_mixin.py:115} INFO - [2022-08-12 02:20:04,589] {dag.py:2919} INFO - Setting next_dagrun for example_nested_branch_dag to 2022-08-11T00:00:00+00:00, run_after=2022-08-12T00:00:00+00:00
[2022-08-12 02:20:04,606] {processor.py:161} INFO - Processing /home/airflow/.local/lib/python3.7/site-packages/airflow/example_dags/example_nested_branch_dag.py took 0.180 seconds
[2022-08-12 02:20:36,618] {processor.py:153} INFO - Started process (PID=859) to work on /home/airflow/.local/lib/python3.7/site-packages/airflow/example_dags/example_nested_branch_dag.py
[2022-08-12 02:20:36,622] {processor.py:641} INFO - Processing file /home/airflow/.local/lib/python3.7/site-packages/airflow/example_dags/example_nested_branch_dag.py for tasks to queue
[2022-08-12 02:20:36,625] {logging_mixin.py:115} INFO - [2022-08-12 02:20:36,625] {dagbag.py:507} INFO - Filling up the DagBag from /home/airflow/.local/lib/python3.7/site-packages/airflow/example_dags/example_nested_branch_dag.py
[2022-08-12 02:20:36,661] {processor.py:651} INFO - DAG(s) dict_keys(['example_nested_branch_dag']) retrieved from /home/airflow/.local/lib/python3.7/site-packages/airflow/example_dags/example_nested_branch_dag.py
[2022-08-12 02:20:36,742] {logging_mixin.py:115} INFO - [2022-08-12 02:20:36,742] {dag.py:2371} INFO - Sync 1 DAGs
[2022-08-12 02:20:36,807] {logging_mixin.py:115} INFO - [2022-08-12 02:20:36,807] {dag.py:2919} INFO - Setting next_dagrun for example_nested_branch_dag to 2022-08-11T00:00:00+00:00, run_after=2022-08-12T00:00:00+00:00
[2022-08-12 02:20:36,839] {processor.py:161} INFO - Processing /home/airflow/.local/lib/python3.7/site-packages/airflow/example_dags/example_nested_branch_dag.py took 0.234 seconds
[2022-08-12 02:25:36,799] {processor.py:153} INFO - Started process (PID=913) to work on /home/airflow/.local/lib/python3.7/site-packages/airflow/example_dags/example_nested_branch_dag.py
[2022-08-12 02:25:36,801] {processor.py:641} INFO - Processing file /home/airflow/.local/lib/python3.7/site-packages/airflow/example_dags/example_nested_branch_dag.py for tasks to queue
[2022-08-12 02:25:36,803] {logging_mixin.py:115} INFO - [2022-08-12 02:25:36,803] {dagbag.py:507} INFO - Filling up the DagBag from /home/airflow/.local/lib/python3.7/site-packages/airflow/example_dags/example_nested_branch_dag.py
[2022-08-12 02:25:36,823] {processor.py:651} INFO - DAG(s) dict_keys(['example_nested_branch_dag']) retrieved from /home/airflow/.local/lib/python3.7/site-packages/airflow/example_dags/example_nested_branch_dag.py
[2022-08-12 02:25:36,874] {logging_mixin.py:115} INFO - [2022-08-12 02:25:36,874] {dag.py:2371} INFO - Sync 1 DAGs
[2022-08-12 02:25:36,916] {logging_mixin.py:115} INFO - [2022-08-12 02:25:36,916] {dag.py:2919} INFO - Setting next_dagrun for example_nested_branch_dag to 2022-08-11T00:00:00+00:00, run_after=2022-08-12T00:00:00+00:00
[2022-08-12 02:25:36,957] {processor.py:161} INFO - Processing /home/airflow/.local/lib/python3.7/site-packages/airflow/example_dags/example_nested_branch_dag.py took 0.164 seconds
[2022-08-12 02:26:09,731] {processor.py:153} INFO - Started process (PID=965) to work on /home/airflow/.local/lib/python3.7/site-packages/airflow/example_dags/example_nested_branch_dag.py
[2022-08-12 02:26:09,735] {processor.py:641} INFO - Processing file /home/airflow/.local/lib/python3.7/site-packages/airflow/example_dags/example_nested_branch_dag.py for tasks to queue
[2022-08-12 02:26:09,740] {logging_mixin.py:115} INFO - [2022-08-12 02:26:09,740] {dagbag.py:507} INFO - Filling up the DagBag from /home/airflow/.local/lib/python3.7/site-packages/airflow/example_dags/example_nested_branch_dag.py
[2022-08-12 02:26:09,791] {processor.py:651} INFO - DAG(s) dict_keys(['example_nested_branch_dag']) retrieved from /home/airflow/.local/lib/python3.7/site-packages/airflow/example_dags/example_nested_branch_dag.py
[2022-08-12 02:26:09,913] {logging_mixin.py:115} INFO - [2022-08-12 02:26:09,912] {dag.py:2371} INFO - Sync 1 DAGs
[2022-08-12 02:26:10,003] {logging_mixin.py:115} INFO - [2022-08-12 02:26:10,003] {dag.py:2919} INFO - Setting next_dagrun for example_nested_branch_dag to 2022-08-11T00:00:00+00:00, run_after=2022-08-12T00:00:00+00:00
[2022-08-12 02:26:10,047] {processor.py:161} INFO - Processing /home/airflow/.local/lib/python3.7/site-packages/airflow/example_dags/example_nested_branch_dag.py took 0.328 seconds
[2022-08-12 02:31:11,085] {processor.py:153} INFO - Started process (PID=1017) to work on /home/airflow/.local/lib/python3.7/site-packages/airflow/example_dags/example_nested_branch_dag.py
[2022-08-12 02:31:11,087] {processor.py:641} INFO - Processing file /home/airflow/.local/lib/python3.7/site-packages/airflow/example_dags/example_nested_branch_dag.py for tasks to queue
[2022-08-12 02:31:11,091] {logging_mixin.py:115} INFO - [2022-08-12 02:31:11,091] {dagbag.py:507} INFO - Filling up the DagBag from /home/airflow/.local/lib/python3.7/site-packages/airflow/example_dags/example_nested_branch_dag.py
[2022-08-12 02:31:11,143] {processor.py:651} INFO - DAG(s) dict_keys(['example_nested_branch_dag']) retrieved from /home/airflow/.local/lib/python3.7/site-packages/airflow/example_dags/example_nested_branch_dag.py
[2022-08-12 02:31:11,256] {logging_mixin.py:115} INFO - [2022-08-12 02:31:11,256] {dag.py:2371} INFO - Sync 1 DAGs
[2022-08-12 02:31:11,327] {logging_mixin.py:115} INFO - [2022-08-12 02:31:11,326] {dag.py:2919} INFO - Setting next_dagrun for example_nested_branch_dag to 2022-08-11T00:00:00+00:00, run_after=2022-08-12T00:00:00+00:00
[2022-08-12 02:31:11,375] {processor.py:161} INFO - Processing /home/airflow/.local/lib/python3.7/site-packages/airflow/example_dags/example_nested_branch_dag.py took 0.302 seconds
[2022-08-12 02:31:43,228] {processor.py:153} INFO - Started process (PID=1069) to work on /home/airflow/.local/lib/python3.7/site-packages/airflow/example_dags/example_nested_branch_dag.py
[2022-08-12 02:31:43,233] {processor.py:641} INFO - Processing file /home/airflow/.local/lib/python3.7/site-packages/airflow/example_dags/example_nested_branch_dag.py for tasks to queue
[2022-08-12 02:31:43,238] {logging_mixin.py:115} INFO - [2022-08-12 02:31:43,237] {dagbag.py:507} INFO - Filling up the DagBag from /home/airflow/.local/lib/python3.7/site-packages/airflow/example_dags/example_nested_branch_dag.py
[2022-08-12 02:31:43,286] {processor.py:651} INFO - DAG(s) dict_keys(['example_nested_branch_dag']) retrieved from /home/airflow/.local/lib/python3.7/site-packages/airflow/example_dags/example_nested_branch_dag.py
[2022-08-12 02:31:43,422] {logging_mixin.py:115} INFO - [2022-08-12 02:31:43,422] {dag.py:2371} INFO - Sync 1 DAGs
[2022-08-12 02:31:43,518] {logging_mixin.py:115} INFO - [2022-08-12 02:31:43,517] {dag.py:2919} INFO - Setting next_dagrun for example_nested_branch_dag to 2022-08-11T00:00:00+00:00, run_after=2022-08-12T00:00:00+00:00
[2022-08-12 02:31:43,611] {processor.py:161} INFO - Processing /home/airflow/.local/lib/python3.7/site-packages/airflow/example_dags/example_nested_branch_dag.py took 0.398 seconds
[2022-08-12 02:36:42,602] {processor.py:153} INFO - Started process (PID=1113) to work on /home/airflow/.local/lib/python3.7/site-packages/airflow/example_dags/example_nested_branch_dag.py
[2022-08-12 02:36:42,604] {processor.py:641} INFO - Processing file /home/airflow/.local/lib/python3.7/site-packages/airflow/example_dags/example_nested_branch_dag.py for tasks to queue
[2022-08-12 02:36:42,606] {logging_mixin.py:115} INFO - [2022-08-12 02:36:42,606] {dagbag.py:507} INFO - Filling up the DagBag from /home/airflow/.local/lib/python3.7/site-packages/airflow/example_dags/example_nested_branch_dag.py
[2022-08-12 02:36:42,627] {processor.py:651} INFO - DAG(s) dict_keys(['example_nested_branch_dag']) retrieved from /home/airflow/.local/lib/python3.7/site-packages/airflow/example_dags/example_nested_branch_dag.py
[2022-08-12 02:36:42,686] {logging_mixin.py:115} INFO - [2022-08-12 02:36:42,686] {dag.py:2371} INFO - Sync 1 DAGs
[2022-08-12 02:36:42,710] {logging_mixin.py:115} INFO - [2022-08-12 02:36:42,710] {dag.py:2919} INFO - Setting next_dagrun for example_nested_branch_dag to 2022-08-11T00:00:00+00:00, run_after=2022-08-12T00:00:00+00:00
[2022-08-12 02:36:42,724] {processor.py:161} INFO - Processing /home/airflow/.local/lib/python3.7/site-packages/airflow/example_dags/example_nested_branch_dag.py took 0.129 seconds
[2022-08-12 02:37:14,709] {processor.py:153} INFO - Started process (PID=1165) to work on /home/airflow/.local/lib/python3.7/site-packages/airflow/example_dags/example_nested_branch_dag.py
[2022-08-12 02:37:14,713] {processor.py:641} INFO - Processing file /home/airflow/.local/lib/python3.7/site-packages/airflow/example_dags/example_nested_branch_dag.py for tasks to queue
[2022-08-12 02:37:14,717] {logging_mixin.py:115} INFO - [2022-08-12 02:37:14,716] {dagbag.py:507} INFO - Filling up the DagBag from /home/airflow/.local/lib/python3.7/site-packages/airflow/example_dags/example_nested_branch_dag.py
[2022-08-12 02:37:14,765] {processor.py:651} INFO - DAG(s) dict_keys(['example_nested_branch_dag']) retrieved from /home/airflow/.local/lib/python3.7/site-packages/airflow/example_dags/example_nested_branch_dag.py
[2022-08-12 02:37:14,877] {logging_mixin.py:115} INFO - [2022-08-12 02:37:14,877] {dag.py:2371} INFO - Sync 1 DAGs
[2022-08-12 02:37:14,949] {logging_mixin.py:115} INFO - [2022-08-12 02:37:14,949] {dag.py:2919} INFO - Setting next_dagrun for example_nested_branch_dag to 2022-08-11T00:00:00+00:00, run_after=2022-08-12T00:00:00+00:00
[2022-08-12 02:37:14,994] {processor.py:161} INFO - Processing /home/airflow/.local/lib/python3.7/site-packages/airflow/example_dags/example_nested_branch_dag.py took 0.298 seconds
[2022-08-12 02:53:20,273] {processor.py:153} INFO - Started process (PID=1236) to work on /home/airflow/.local/lib/python3.7/site-packages/airflow/example_dags/example_nested_branch_dag.py
[2022-08-12 02:53:20,275] {processor.py:641} INFO - Processing file /home/airflow/.local/lib/python3.7/site-packages/airflow/example_dags/example_nested_branch_dag.py for tasks to queue
[2022-08-12 02:53:20,277] {logging_mixin.py:115} INFO - [2022-08-12 02:53:20,277] {dagbag.py:507} INFO - Filling up the DagBag from /home/airflow/.local/lib/python3.7/site-packages/airflow/example_dags/example_nested_branch_dag.py
[2022-08-12 02:53:20,328] {processor.py:651} INFO - DAG(s) dict_keys(['example_nested_branch_dag']) retrieved from /home/airflow/.local/lib/python3.7/site-packages/airflow/example_dags/example_nested_branch_dag.py
[2022-08-12 02:53:20,428] {logging_mixin.py:115} INFO - [2022-08-12 02:53:20,428] {dag.py:2371} INFO - Sync 1 DAGs
[2022-08-12 02:53:20,513] {logging_mixin.py:115} INFO - [2022-08-12 02:53:20,513] {dag.py:2919} INFO - Setting next_dagrun for example_nested_branch_dag to 2022-08-11T00:00:00+00:00, run_after=2022-08-12T00:00:00+00:00
[2022-08-12 02:53:20,564] {processor.py:161} INFO - Processing /home/airflow/.local/lib/python3.7/site-packages/airflow/example_dags/example_nested_branch_dag.py took 0.303 seconds
[2022-08-12 02:53:53,452] {processor.py:153} INFO - Started process (PID=1288) to work on /home/airflow/.local/lib/python3.7/site-packages/airflow/example_dags/example_nested_branch_dag.py
[2022-08-12 02:53:53,459] {processor.py:641} INFO - Processing file /home/airflow/.local/lib/python3.7/site-packages/airflow/example_dags/example_nested_branch_dag.py for tasks to queue
[2022-08-12 02:53:53,467] {logging_mixin.py:115} INFO - [2022-08-12 02:53:53,466] {dagbag.py:507} INFO - Filling up the DagBag from /home/airflow/.local/lib/python3.7/site-packages/airflow/example_dags/example_nested_branch_dag.py
[2022-08-12 02:53:53,539] {processor.py:651} INFO - DAG(s) dict_keys(['example_nested_branch_dag']) retrieved from /home/airflow/.local/lib/python3.7/site-packages/airflow/example_dags/example_nested_branch_dag.py
[2022-08-12 02:53:53,717] {logging_mixin.py:115} INFO - [2022-08-12 02:53:53,717] {dag.py:2371} INFO - Sync 1 DAGs
[2022-08-12 02:53:53,827] {logging_mixin.py:115} INFO - [2022-08-12 02:53:53,826] {dag.py:2919} INFO - Setting next_dagrun for example_nested_branch_dag to 2022-08-11T00:00:00+00:00, run_after=2022-08-12T00:00:00+00:00
[2022-08-12 02:53:53,884] {processor.py:161} INFO - Processing /home/airflow/.local/lib/python3.7/site-packages/airflow/example_dags/example_nested_branch_dag.py took 0.453 seconds
[2022-08-12 02:54:25,782] {processor.py:153} INFO - Started process (PID=1339) to work on /home/airflow/.local/lib/python3.7/site-packages/airflow/example_dags/example_nested_branch_dag.py
[2022-08-12 02:54:25,793] {processor.py:641} INFO - Processing file /home/airflow/.local/lib/python3.7/site-packages/airflow/example_dags/example_nested_branch_dag.py for tasks to queue
[2022-08-12 02:54:25,797] {logging_mixin.py:115} INFO - [2022-08-12 02:54:25,797] {dagbag.py:507} INFO - Filling up the DagBag from /home/airflow/.local/lib/python3.7/site-packages/airflow/example_dags/example_nested_branch_dag.py
[2022-08-12 02:54:25,956] {processor.py:651} INFO - DAG(s) dict_keys(['example_nested_branch_dag']) retrieved from /home/airflow/.local/lib/python3.7/site-packages/airflow/example_dags/example_nested_branch_dag.py
[2022-08-12 02:54:26,296] {logging_mixin.py:115} INFO - [2022-08-12 02:54:26,296] {dag.py:2371} INFO - Sync 1 DAGs
[2022-08-12 02:54:26,734] {logging_mixin.py:115} INFO - [2022-08-12 02:54:26,734] {dag.py:2919} INFO - Setting next_dagrun for example_nested_branch_dag to 2022-08-11T00:00:00+00:00, run_after=2022-08-12T00:00:00+00:00
[2022-08-12 02:54:26,976] {processor.py:161} INFO - Processing /home/airflow/.local/lib/python3.7/site-packages/airflow/example_dags/example_nested_branch_dag.py took 1.221 seconds
[2022-08-12 02:54:57,606] {processor.py:153} INFO - Started process (PID=1384) to work on /home/airflow/.local/lib/python3.7/site-packages/airflow/example_dags/example_nested_branch_dag.py
[2022-08-12 02:54:57,610] {processor.py:641} INFO - Processing file /home/airflow/.local/lib/python3.7/site-packages/airflow/example_dags/example_nested_branch_dag.py for tasks to queue
[2022-08-12 02:54:57,614] {logging_mixin.py:115} INFO - [2022-08-12 02:54:57,613] {dagbag.py:507} INFO - Filling up the DagBag from /home/airflow/.local/lib/python3.7/site-packages/airflow/example_dags/example_nested_branch_dag.py
[2022-08-12 02:54:57,673] {processor.py:651} INFO - DAG(s) dict_keys(['example_nested_branch_dag']) retrieved from /home/airflow/.local/lib/python3.7/site-packages/airflow/example_dags/example_nested_branch_dag.py
[2022-08-12 02:54:57,792] {logging_mixin.py:115} INFO - [2022-08-12 02:54:57,792] {dag.py:2371} INFO - Sync 1 DAGs
[2022-08-12 02:54:57,888] {logging_mixin.py:115} INFO - [2022-08-12 02:54:57,888] {dag.py:2919} INFO - Setting next_dagrun for example_nested_branch_dag to 2022-08-11T00:00:00+00:00, run_after=2022-08-12T00:00:00+00:00
[2022-08-12 02:54:57,939] {processor.py:161} INFO - Processing /home/airflow/.local/lib/python3.7/site-packages/airflow/example_dags/example_nested_branch_dag.py took 0.348 seconds
[2022-08-12 02:55:28,791] {processor.py:153} INFO - Started process (PID=1436) to work on /home/airflow/.local/lib/python3.7/site-packages/airflow/example_dags/example_nested_branch_dag.py
[2022-08-12 02:55:28,794] {processor.py:641} INFO - Processing file /home/airflow/.local/lib/python3.7/site-packages/airflow/example_dags/example_nested_branch_dag.py for tasks to queue
[2022-08-12 02:55:28,797] {logging_mixin.py:115} INFO - [2022-08-12 02:55:28,797] {dagbag.py:507} INFO - Filling up the DagBag from /home/airflow/.local/lib/python3.7/site-packages/airflow/example_dags/example_nested_branch_dag.py
[2022-08-12 02:55:28,837] {processor.py:651} INFO - DAG(s) dict_keys(['example_nested_branch_dag']) retrieved from /home/airflow/.local/lib/python3.7/site-packages/airflow/example_dags/example_nested_branch_dag.py
[2022-08-12 02:55:28,921] {logging_mixin.py:115} INFO - [2022-08-12 02:55:28,920] {dag.py:2371} INFO - Sync 1 DAGs
[2022-08-12 02:55:28,982] {logging_mixin.py:115} INFO - [2022-08-12 02:55:28,982] {dag.py:2919} INFO - Setting next_dagrun for example_nested_branch_dag to 2022-08-11T00:00:00+00:00, run_after=2022-08-12T00:00:00+00:00
[2022-08-12 02:55:29,023] {processor.py:161} INFO - Processing /home/airflow/.local/lib/python3.7/site-packages/airflow/example_dags/example_nested_branch_dag.py took 0.242 seconds
[2022-08-12 02:55:59,666] {processor.py:153} INFO - Started process (PID=1488) to work on /home/airflow/.local/lib/python3.7/site-packages/airflow/example_dags/example_nested_branch_dag.py
[2022-08-12 02:55:59,669] {processor.py:641} INFO - Processing file /home/airflow/.local/lib/python3.7/site-packages/airflow/example_dags/example_nested_branch_dag.py for tasks to queue
[2022-08-12 02:55:59,673] {logging_mixin.py:115} INFO - [2022-08-12 02:55:59,673] {dagbag.py:507} INFO - Filling up the DagBag from /home/airflow/.local/lib/python3.7/site-packages/airflow/example_dags/example_nested_branch_dag.py
[2022-08-12 02:55:59,715] {processor.py:651} INFO - DAG(s) dict_keys(['example_nested_branch_dag']) retrieved from /home/airflow/.local/lib/python3.7/site-packages/airflow/example_dags/example_nested_branch_dag.py
[2022-08-12 02:55:59,791] {logging_mixin.py:115} INFO - [2022-08-12 02:55:59,790] {dag.py:2371} INFO - Sync 1 DAGs
[2022-08-12 02:55:59,848] {logging_mixin.py:115} INFO - [2022-08-12 02:55:59,847] {dag.py:2919} INFO - Setting next_dagrun for example_nested_branch_dag to 2022-08-11T00:00:00+00:00, run_after=2022-08-12T00:00:00+00:00
[2022-08-12 02:55:59,882] {processor.py:161} INFO - Processing /home/airflow/.local/lib/python3.7/site-packages/airflow/example_dags/example_nested_branch_dag.py took 0.228 seconds
[2022-08-12 02:56:30,046] {processor.py:153} INFO - Started process (PID=1550) to work on /home/airflow/.local/lib/python3.7/site-packages/airflow/example_dags/example_nested_branch_dag.py
[2022-08-12 02:56:30,048] {processor.py:641} INFO - Processing file /home/airflow/.local/lib/python3.7/site-packages/airflow/example_dags/example_nested_branch_dag.py for tasks to queue
[2022-08-12 02:56:30,050] {logging_mixin.py:115} INFO - [2022-08-12 02:56:30,050] {dagbag.py:507} INFO - Filling up the DagBag from /home/airflow/.local/lib/python3.7/site-packages/airflow/example_dags/example_nested_branch_dag.py
[2022-08-12 02:56:30,071] {processor.py:651} INFO - DAG(s) dict_keys(['example_nested_branch_dag']) retrieved from /home/airflow/.local/lib/python3.7/site-packages/airflow/example_dags/example_nested_branch_dag.py
[2022-08-12 02:56:30,117] {logging_mixin.py:115} INFO - [2022-08-12 02:56:30,117] {dag.py:2371} INFO - Sync 1 DAGs
[2022-08-12 02:56:30,152] {logging_mixin.py:115} INFO - [2022-08-12 02:56:30,152] {dag.py:2919} INFO - Setting next_dagrun for example_nested_branch_dag to 2022-08-11T00:00:00+00:00, run_after=2022-08-12T00:00:00+00:00
[2022-08-12 02:56:30,171] {processor.py:161} INFO - Processing /home/airflow/.local/lib/python3.7/site-packages/airflow/example_dags/example_nested_branch_dag.py took 0.130 seconds
[2022-08-12 02:57:00,223] {processor.py:153} INFO - Started process (PID=1602) to work on /home/airflow/.local/lib/python3.7/site-packages/airflow/example_dags/example_nested_branch_dag.py
[2022-08-12 02:57:00,225] {processor.py:641} INFO - Processing file /home/airflow/.local/lib/python3.7/site-packages/airflow/example_dags/example_nested_branch_dag.py for tasks to queue
[2022-08-12 02:57:00,226] {logging_mixin.py:115} INFO - [2022-08-12 02:57:00,226] {dagbag.py:507} INFO - Filling up the DagBag from /home/airflow/.local/lib/python3.7/site-packages/airflow/example_dags/example_nested_branch_dag.py
[2022-08-12 02:57:00,247] {processor.py:651} INFO - DAG(s) dict_keys(['example_nested_branch_dag']) retrieved from /home/airflow/.local/lib/python3.7/site-packages/airflow/example_dags/example_nested_branch_dag.py
[2022-08-12 02:57:00,291] {logging_mixin.py:115} INFO - [2022-08-12 02:57:00,290] {dag.py:2371} INFO - Sync 1 DAGs
[2022-08-12 02:57:00,326] {logging_mixin.py:115} INFO - [2022-08-12 02:57:00,326] {dag.py:2919} INFO - Setting next_dagrun for example_nested_branch_dag to 2022-08-11T00:00:00+00:00, run_after=2022-08-12T00:00:00+00:00
[2022-08-12 02:57:00,344] {processor.py:161} INFO - Processing /home/airflow/.local/lib/python3.7/site-packages/airflow/example_dags/example_nested_branch_dag.py took 0.126 seconds
[2022-08-12 02:57:30,476] {processor.py:153} INFO - Started process (PID=1663) to work on /home/airflow/.local/lib/python3.7/site-packages/airflow/example_dags/example_nested_branch_dag.py
[2022-08-12 02:57:30,478] {processor.py:641} INFO - Processing file /home/airflow/.local/lib/python3.7/site-packages/airflow/example_dags/example_nested_branch_dag.py for tasks to queue
[2022-08-12 02:57:30,482] {logging_mixin.py:115} INFO - [2022-08-12 02:57:30,481] {dagbag.py:507} INFO - Filling up the DagBag from /home/airflow/.local/lib/python3.7/site-packages/airflow/example_dags/example_nested_branch_dag.py
[2022-08-12 02:57:30,530] {processor.py:651} INFO - DAG(s) dict_keys(['example_nested_branch_dag']) retrieved from /home/airflow/.local/lib/python3.7/site-packages/airflow/example_dags/example_nested_branch_dag.py
[2022-08-12 02:57:30,585] {logging_mixin.py:115} INFO - [2022-08-12 02:57:30,585] {dag.py:2371} INFO - Sync 1 DAGs
[2022-08-12 02:57:30,622] {logging_mixin.py:115} INFO - [2022-08-12 02:57:30,622] {dag.py:2919} INFO - Setting next_dagrun for example_nested_branch_dag to 2022-08-11T00:00:00+00:00, run_after=2022-08-12T00:00:00+00:00
[2022-08-12 02:57:30,641] {processor.py:161} INFO - Processing /home/airflow/.local/lib/python3.7/site-packages/airflow/example_dags/example_nested_branch_dag.py took 0.175 seconds
[2022-08-12 02:58:01,636] {processor.py:153} INFO - Started process (PID=1715) to work on /home/airflow/.local/lib/python3.7/site-packages/airflow/example_dags/example_nested_branch_dag.py
[2022-08-12 02:58:01,637] {processor.py:641} INFO - Processing file /home/airflow/.local/lib/python3.7/site-packages/airflow/example_dags/example_nested_branch_dag.py for tasks to queue
[2022-08-12 02:58:01,639] {logging_mixin.py:115} INFO - [2022-08-12 02:58:01,639] {dagbag.py:507} INFO - Filling up the DagBag from /home/airflow/.local/lib/python3.7/site-packages/airflow/example_dags/example_nested_branch_dag.py
[2022-08-12 02:58:01,657] {processor.py:651} INFO - DAG(s) dict_keys(['example_nested_branch_dag']) retrieved from /home/airflow/.local/lib/python3.7/site-packages/airflow/example_dags/example_nested_branch_dag.py
[2022-08-12 02:58:01,694] {logging_mixin.py:115} INFO - [2022-08-12 02:58:01,694] {dag.py:2371} INFO - Sync 1 DAGs
[2022-08-12 02:58:01,727] {logging_mixin.py:115} INFO - [2022-08-12 02:58:01,727] {dag.py:2919} INFO - Setting next_dagrun for example_nested_branch_dag to 2022-08-11T00:00:00+00:00, run_after=2022-08-12T00:00:00+00:00
[2022-08-12 02:58:01,749] {processor.py:161} INFO - Processing /home/airflow/.local/lib/python3.7/site-packages/airflow/example_dags/example_nested_branch_dag.py took 0.118 seconds
[2022-08-12 02:58:32,030] {processor.py:153} INFO - Started process (PID=1776) to work on /home/airflow/.local/lib/python3.7/site-packages/airflow/example_dags/example_nested_branch_dag.py
[2022-08-12 02:58:32,031] {processor.py:641} INFO - Processing file /home/airflow/.local/lib/python3.7/site-packages/airflow/example_dags/example_nested_branch_dag.py for tasks to queue
[2022-08-12 02:58:32,032] {logging_mixin.py:115} INFO - [2022-08-12 02:58:32,032] {dagbag.py:507} INFO - Filling up the DagBag from /home/airflow/.local/lib/python3.7/site-packages/airflow/example_dags/example_nested_branch_dag.py
[2022-08-12 02:58:32,047] {processor.py:651} INFO - DAG(s) dict_keys(['example_nested_branch_dag']) retrieved from /home/airflow/.local/lib/python3.7/site-packages/airflow/example_dags/example_nested_branch_dag.py
[2022-08-12 02:58:32,103] {logging_mixin.py:115} INFO - [2022-08-12 02:58:32,103] {dag.py:2371} INFO - Sync 1 DAGs
[2022-08-12 02:58:32,131] {logging_mixin.py:115} INFO - [2022-08-12 02:58:32,131] {dag.py:2919} INFO - Setting next_dagrun for example_nested_branch_dag to 2022-08-11T00:00:00+00:00, run_after=2022-08-12T00:00:00+00:00
[2022-08-12 02:58:32,148] {processor.py:161} INFO - Processing /home/airflow/.local/lib/python3.7/site-packages/airflow/example_dags/example_nested_branch_dag.py took 0.123 seconds
[2022-08-12 02:59:02,434] {processor.py:153} INFO - Started process (PID=1828) to work on /home/airflow/.local/lib/python3.7/site-packages/airflow/example_dags/example_nested_branch_dag.py
[2022-08-12 02:59:02,436] {processor.py:641} INFO - Processing file /home/airflow/.local/lib/python3.7/site-packages/airflow/example_dags/example_nested_branch_dag.py for tasks to queue
[2022-08-12 02:59:02,437] {logging_mixin.py:115} INFO - [2022-08-12 02:59:02,437] {dagbag.py:507} INFO - Filling up the DagBag from /home/airflow/.local/lib/python3.7/site-packages/airflow/example_dags/example_nested_branch_dag.py
[2022-08-12 02:59:02,451] {processor.py:651} INFO - DAG(s) dict_keys(['example_nested_branch_dag']) retrieved from /home/airflow/.local/lib/python3.7/site-packages/airflow/example_dags/example_nested_branch_dag.py
[2022-08-12 02:59:02,484] {logging_mixin.py:115} INFO - [2022-08-12 02:59:02,484] {dag.py:2371} INFO - Sync 1 DAGs
[2022-08-12 02:59:02,509] {logging_mixin.py:115} INFO - [2022-08-12 02:59:02,509] {dag.py:2919} INFO - Setting next_dagrun for example_nested_branch_dag to 2022-08-11T00:00:00+00:00, run_after=2022-08-12T00:00:00+00:00
[2022-08-12 02:59:02,523] {processor.py:161} INFO - Processing /home/airflow/.local/lib/python3.7/site-packages/airflow/example_dags/example_nested_branch_dag.py took 0.093 seconds
[2022-08-12 02:59:32,667] {processor.py:153} INFO - Started process (PID=1889) to work on /home/airflow/.local/lib/python3.7/site-packages/airflow/example_dags/example_nested_branch_dag.py
[2022-08-12 02:59:32,669] {processor.py:641} INFO - Processing file /home/airflow/.local/lib/python3.7/site-packages/airflow/example_dags/example_nested_branch_dag.py for tasks to queue
[2022-08-12 02:59:32,670] {logging_mixin.py:115} INFO - [2022-08-12 02:59:32,670] {dagbag.py:507} INFO - Filling up the DagBag from /home/airflow/.local/lib/python3.7/site-packages/airflow/example_dags/example_nested_branch_dag.py
[2022-08-12 02:59:32,683] {processor.py:651} INFO - DAG(s) dict_keys(['example_nested_branch_dag']) retrieved from /home/airflow/.local/lib/python3.7/site-packages/airflow/example_dags/example_nested_branch_dag.py
[2022-08-12 02:59:32,714] {logging_mixin.py:115} INFO - [2022-08-12 02:59:32,714] {dag.py:2371} INFO - Sync 1 DAGs
[2022-08-12 02:59:32,738] {logging_mixin.py:115} INFO - [2022-08-12 02:59:32,737] {dag.py:2919} INFO - Setting next_dagrun for example_nested_branch_dag to 2022-08-11T00:00:00+00:00, run_after=2022-08-12T00:00:00+00:00
[2022-08-12 02:59:32,751] {processor.py:161} INFO - Processing /home/airflow/.local/lib/python3.7/site-packages/airflow/example_dags/example_nested_branch_dag.py took 0.088 seconds
[2022-08-12 03:00:03,167] {processor.py:153} INFO - Started process (PID=1949) to work on /home/airflow/.local/lib/python3.7/site-packages/airflow/example_dags/example_nested_branch_dag.py
[2022-08-12 03:00:03,169] {processor.py:641} INFO - Processing file /home/airflow/.local/lib/python3.7/site-packages/airflow/example_dags/example_nested_branch_dag.py for tasks to queue
[2022-08-12 03:00:03,170] {logging_mixin.py:115} INFO - [2022-08-12 03:00:03,170] {dagbag.py:507} INFO - Filling up the DagBag from /home/airflow/.local/lib/python3.7/site-packages/airflow/example_dags/example_nested_branch_dag.py
[2022-08-12 03:00:03,186] {processor.py:651} INFO - DAG(s) dict_keys(['example_nested_branch_dag']) retrieved from /home/airflow/.local/lib/python3.7/site-packages/airflow/example_dags/example_nested_branch_dag.py
[2022-08-12 03:00:03,224] {logging_mixin.py:115} INFO - [2022-08-12 03:00:03,224] {dag.py:2371} INFO - Sync 1 DAGs
[2022-08-12 03:00:03,256] {logging_mixin.py:115} INFO - [2022-08-12 03:00:03,256] {dag.py:2919} INFO - Setting next_dagrun for example_nested_branch_dag to 2022-08-11T00:00:00+00:00, run_after=2022-08-12T00:00:00+00:00
[2022-08-12 03:00:03,273] {processor.py:161} INFO - Processing /home/airflow/.local/lib/python3.7/site-packages/airflow/example_dags/example_nested_branch_dag.py took 0.110 seconds
[2022-08-12 03:00:33,983] {processor.py:153} INFO - Started process (PID=2002) to work on /home/airflow/.local/lib/python3.7/site-packages/airflow/example_dags/example_nested_branch_dag.py
[2022-08-12 03:00:33,985] {processor.py:641} INFO - Processing file /home/airflow/.local/lib/python3.7/site-packages/airflow/example_dags/example_nested_branch_dag.py for tasks to queue
[2022-08-12 03:00:33,988] {logging_mixin.py:115} INFO - [2022-08-12 03:00:33,987] {dagbag.py:507} INFO - Filling up the DagBag from /home/airflow/.local/lib/python3.7/site-packages/airflow/example_dags/example_nested_branch_dag.py
[2022-08-12 03:00:34,007] {processor.py:651} INFO - DAG(s) dict_keys(['example_nested_branch_dag']) retrieved from /home/airflow/.local/lib/python3.7/site-packages/airflow/example_dags/example_nested_branch_dag.py
[2022-08-12 03:00:34,055] {logging_mixin.py:115} INFO - [2022-08-12 03:00:34,055] {dag.py:2371} INFO - Sync 1 DAGs
[2022-08-12 03:00:34,093] {logging_mixin.py:115} INFO - [2022-08-12 03:00:34,092] {dag.py:2919} INFO - Setting next_dagrun for example_nested_branch_dag to 2022-08-11T00:00:00+00:00, run_after=2022-08-12T00:00:00+00:00
[2022-08-12 03:00:34,112] {processor.py:161} INFO - Processing /home/airflow/.local/lib/python3.7/site-packages/airflow/example_dags/example_nested_branch_dag.py took 0.135 seconds
[2022-08-12 03:05:34,638] {processor.py:153} INFO - Started process (PID=2054) to work on /home/airflow/.local/lib/python3.7/site-packages/airflow/example_dags/example_nested_branch_dag.py
[2022-08-12 03:05:34,639] {processor.py:641} INFO - Processing file /home/airflow/.local/lib/python3.7/site-packages/airflow/example_dags/example_nested_branch_dag.py for tasks to queue
[2022-08-12 03:05:34,641] {logging_mixin.py:115} INFO - [2022-08-12 03:05:34,641] {dagbag.py:507} INFO - Filling up the DagBag from /home/airflow/.local/lib/python3.7/site-packages/airflow/example_dags/example_nested_branch_dag.py
[2022-08-12 03:05:34,657] {processor.py:651} INFO - DAG(s) dict_keys(['example_nested_branch_dag']) retrieved from /home/airflow/.local/lib/python3.7/site-packages/airflow/example_dags/example_nested_branch_dag.py
[2022-08-12 03:05:34,702] {logging_mixin.py:115} INFO - [2022-08-12 03:05:34,702] {dag.py:2371} INFO - Sync 1 DAGs
[2022-08-12 03:05:34,735] {logging_mixin.py:115} INFO - [2022-08-12 03:05:34,735] {dag.py:2919} INFO - Setting next_dagrun for example_nested_branch_dag to 2022-08-11T00:00:00+00:00, run_after=2022-08-12T00:00:00+00:00
[2022-08-12 03:05:34,748] {processor.py:161} INFO - Processing /home/airflow/.local/lib/python3.7/site-packages/airflow/example_dags/example_nested_branch_dag.py took 0.115 seconds
[2022-08-12 03:06:06,555] {processor.py:153} INFO - Started process (PID=2106) to work on /home/airflow/.local/lib/python3.7/site-packages/airflow/example_dags/example_nested_branch_dag.py
[2022-08-12 03:06:06,558] {processor.py:641} INFO - Processing file /home/airflow/.local/lib/python3.7/site-packages/airflow/example_dags/example_nested_branch_dag.py for tasks to queue
[2022-08-12 03:06:06,561] {logging_mixin.py:115} INFO - [2022-08-12 03:06:06,561] {dagbag.py:507} INFO - Filling up the DagBag from /home/airflow/.local/lib/python3.7/site-packages/airflow/example_dags/example_nested_branch_dag.py
[2022-08-12 03:06:06,592] {processor.py:651} INFO - DAG(s) dict_keys(['example_nested_branch_dag']) retrieved from /home/airflow/.local/lib/python3.7/site-packages/airflow/example_dags/example_nested_branch_dag.py
[2022-08-12 03:06:06,673] {logging_mixin.py:115} INFO - [2022-08-12 03:06:06,673] {dag.py:2371} INFO - Sync 1 DAGs
[2022-08-12 03:06:06,732] {logging_mixin.py:115} INFO - [2022-08-12 03:06:06,732] {dag.py:2919} INFO - Setting next_dagrun for example_nested_branch_dag to 2022-08-11T00:00:00+00:00, run_after=2022-08-12T00:00:00+00:00
[2022-08-12 03:06:06,783] {processor.py:161} INFO - Processing /home/airflow/.local/lib/python3.7/site-packages/airflow/example_dags/example_nested_branch_dag.py took 0.244 seconds
[2022-08-12 03:11:07,315] {processor.py:153} INFO - Started process (PID=2159) to work on /home/airflow/.local/lib/python3.7/site-packages/airflow/example_dags/example_nested_branch_dag.py
[2022-08-12 03:11:07,316] {processor.py:641} INFO - Processing file /home/airflow/.local/lib/python3.7/site-packages/airflow/example_dags/example_nested_branch_dag.py for tasks to queue
[2022-08-12 03:11:07,317] {logging_mixin.py:115} INFO - [2022-08-12 03:11:07,317] {dagbag.py:507} INFO - Filling up the DagBag from /home/airflow/.local/lib/python3.7/site-packages/airflow/example_dags/example_nested_branch_dag.py
[2022-08-12 03:11:07,330] {processor.py:651} INFO - DAG(s) dict_keys(['example_nested_branch_dag']) retrieved from /home/airflow/.local/lib/python3.7/site-packages/airflow/example_dags/example_nested_branch_dag.py
[2022-08-12 03:11:07,359] {logging_mixin.py:115} INFO - [2022-08-12 03:11:07,359] {dag.py:2371} INFO - Sync 1 DAGs
[2022-08-12 03:11:07,381] {logging_mixin.py:115} INFO - [2022-08-12 03:11:07,381] {dag.py:2919} INFO - Setting next_dagrun for example_nested_branch_dag to 2022-08-11T00:00:00+00:00, run_after=2022-08-12T00:00:00+00:00
[2022-08-12 03:11:07,394] {processor.py:161} INFO - Processing /home/airflow/.local/lib/python3.7/site-packages/airflow/example_dags/example_nested_branch_dag.py took 0.082 seconds
[2022-08-12 03:11:38,660] {processor.py:153} INFO - Started process (PID=2211) to work on /home/airflow/.local/lib/python3.7/site-packages/airflow/example_dags/example_nested_branch_dag.py
[2022-08-12 03:11:38,663] {processor.py:641} INFO - Processing file /home/airflow/.local/lib/python3.7/site-packages/airflow/example_dags/example_nested_branch_dag.py for tasks to queue
[2022-08-12 03:11:38,666] {logging_mixin.py:115} INFO - [2022-08-12 03:11:38,666] {dagbag.py:507} INFO - Filling up the DagBag from /home/airflow/.local/lib/python3.7/site-packages/airflow/example_dags/example_nested_branch_dag.py
[2022-08-12 03:11:38,694] {processor.py:651} INFO - DAG(s) dict_keys(['example_nested_branch_dag']) retrieved from /home/airflow/.local/lib/python3.7/site-packages/airflow/example_dags/example_nested_branch_dag.py
[2022-08-12 03:11:38,772] {logging_mixin.py:115} INFO - [2022-08-12 03:11:38,772] {dag.py:2371} INFO - Sync 1 DAGs
[2022-08-12 03:11:38,835] {logging_mixin.py:115} INFO - [2022-08-12 03:11:38,835] {dag.py:2919} INFO - Setting next_dagrun for example_nested_branch_dag to 2022-08-11T00:00:00+00:00, run_after=2022-08-12T00:00:00+00:00
[2022-08-12 03:11:38,863] {processor.py:161} INFO - Processing /home/airflow/.local/lib/python3.7/site-packages/airflow/example_dags/example_nested_branch_dag.py took 0.211 seconds
[2022-08-12 03:16:40,432] {processor.py:153} INFO - Started process (PID=2263) to work on /home/airflow/.local/lib/python3.7/site-packages/airflow/example_dags/example_nested_branch_dag.py
[2022-08-12 03:16:40,436] {processor.py:641} INFO - Processing file /home/airflow/.local/lib/python3.7/site-packages/airflow/example_dags/example_nested_branch_dag.py for tasks to queue
[2022-08-12 03:16:40,439] {logging_mixin.py:115} INFO - [2022-08-12 03:16:40,439] {dagbag.py:507} INFO - Filling up the DagBag from /home/airflow/.local/lib/python3.7/site-packages/airflow/example_dags/example_nested_branch_dag.py
[2022-08-12 03:16:40,463] {processor.py:651} INFO - DAG(s) dict_keys(['example_nested_branch_dag']) retrieved from /home/airflow/.local/lib/python3.7/site-packages/airflow/example_dags/example_nested_branch_dag.py
[2022-08-12 03:16:40,525] {logging_mixin.py:115} INFO - [2022-08-12 03:16:40,525] {dag.py:2371} INFO - Sync 1 DAGs
[2022-08-12 03:16:40,561] {logging_mixin.py:115} INFO - [2022-08-12 03:16:40,561] {dag.py:2919} INFO - Setting next_dagrun for example_nested_branch_dag to 2022-08-11T00:00:00+00:00, run_after=2022-08-12T00:00:00+00:00
[2022-08-12 03:16:40,588] {processor.py:161} INFO - Processing /home/airflow/.local/lib/python3.7/site-packages/airflow/example_dags/example_nested_branch_dag.py took 0.160 seconds
[2022-08-12 03:17:11,968] {processor.py:153} INFO - Started process (PID=2314) to work on /home/airflow/.local/lib/python3.7/site-packages/airflow/example_dags/example_nested_branch_dag.py
[2022-08-12 03:17:11,971] {processor.py:641} INFO - Processing file /home/airflow/.local/lib/python3.7/site-packages/airflow/example_dags/example_nested_branch_dag.py for tasks to queue
[2022-08-12 03:17:11,974] {logging_mixin.py:115} INFO - [2022-08-12 03:17:11,974] {dagbag.py:507} INFO - Filling up the DagBag from /home/airflow/.local/lib/python3.7/site-packages/airflow/example_dags/example_nested_branch_dag.py
[2022-08-12 03:17:12,006] {processor.py:651} INFO - DAG(s) dict_keys(['example_nested_branch_dag']) retrieved from /home/airflow/.local/lib/python3.7/site-packages/airflow/example_dags/example_nested_branch_dag.py
[2022-08-12 03:17:12,090] {logging_mixin.py:115} INFO - [2022-08-12 03:17:12,090] {dag.py:2371} INFO - Sync 1 DAGs
[2022-08-12 03:17:12,179] {logging_mixin.py:115} INFO - [2022-08-12 03:17:12,179] {dag.py:2919} INFO - Setting next_dagrun for example_nested_branch_dag to 2022-08-11T00:00:00+00:00, run_after=2022-08-12T00:00:00+00:00
[2022-08-12 03:17:12,216] {processor.py:161} INFO - Processing /home/airflow/.local/lib/python3.7/site-packages/airflow/example_dags/example_nested_branch_dag.py took 0.257 seconds
[2022-08-12 03:22:13,735] {processor.py:153} INFO - Started process (PID=2366) to work on /home/airflow/.local/lib/python3.7/site-packages/airflow/example_dags/example_nested_branch_dag.py
[2022-08-12 03:22:13,739] {processor.py:641} INFO - Processing file /home/airflow/.local/lib/python3.7/site-packages/airflow/example_dags/example_nested_branch_dag.py for tasks to queue
[2022-08-12 03:22:13,741] {logging_mixin.py:115} INFO - [2022-08-12 03:22:13,741] {dagbag.py:507} INFO - Filling up the DagBag from /home/airflow/.local/lib/python3.7/site-packages/airflow/example_dags/example_nested_branch_dag.py
[2022-08-12 03:22:13,769] {processor.py:651} INFO - DAG(s) dict_keys(['example_nested_branch_dag']) retrieved from /home/airflow/.local/lib/python3.7/site-packages/airflow/example_dags/example_nested_branch_dag.py
[2022-08-12 03:22:13,822] {logging_mixin.py:115} INFO - [2022-08-12 03:22:13,822] {dag.py:2371} INFO - Sync 1 DAGs
[2022-08-12 03:22:13,870] {logging_mixin.py:115} INFO - [2022-08-12 03:22:13,869] {dag.py:2919} INFO - Setting next_dagrun for example_nested_branch_dag to 2022-08-11T00:00:00+00:00, run_after=2022-08-12T00:00:00+00:00
[2022-08-12 03:22:13,894] {processor.py:161} INFO - Processing /home/airflow/.local/lib/python3.7/site-packages/airflow/example_dags/example_nested_branch_dag.py took 0.163 seconds
[2022-08-12 03:22:45,255] {processor.py:153} INFO - Started process (PID=2418) to work on /home/airflow/.local/lib/python3.7/site-packages/airflow/example_dags/example_nested_branch_dag.py
[2022-08-12 03:22:45,258] {processor.py:641} INFO - Processing file /home/airflow/.local/lib/python3.7/site-packages/airflow/example_dags/example_nested_branch_dag.py for tasks to queue
[2022-08-12 03:22:45,261] {logging_mixin.py:115} INFO - [2022-08-12 03:22:45,261] {dagbag.py:507} INFO - Filling up the DagBag from /home/airflow/.local/lib/python3.7/site-packages/airflow/example_dags/example_nested_branch_dag.py
[2022-08-12 03:22:45,297] {processor.py:651} INFO - DAG(s) dict_keys(['example_nested_branch_dag']) retrieved from /home/airflow/.local/lib/python3.7/site-packages/airflow/example_dags/example_nested_branch_dag.py
[2022-08-12 03:22:45,394] {logging_mixin.py:115} INFO - [2022-08-12 03:22:45,394] {dag.py:2371} INFO - Sync 1 DAGs
[2022-08-12 03:22:45,469] {logging_mixin.py:115} INFO - [2022-08-12 03:22:45,468] {dag.py:2919} INFO - Setting next_dagrun for example_nested_branch_dag to 2022-08-11T00:00:00+00:00, run_after=2022-08-12T00:00:00+00:00
[2022-08-12 03:22:45,513] {processor.py:161} INFO - Processing /home/airflow/.local/lib/python3.7/site-packages/airflow/example_dags/example_nested_branch_dag.py took 0.268 seconds
[2022-08-12 03:27:47,141] {processor.py:153} INFO - Started process (PID=2471) to work on /home/airflow/.local/lib/python3.7/site-packages/airflow/example_dags/example_nested_branch_dag.py
[2022-08-12 03:27:47,143] {processor.py:641} INFO - Processing file /home/airflow/.local/lib/python3.7/site-packages/airflow/example_dags/example_nested_branch_dag.py for tasks to queue
[2022-08-12 03:27:47,144] {logging_mixin.py:115} INFO - [2022-08-12 03:27:47,144] {dagbag.py:507} INFO - Filling up the DagBag from /home/airflow/.local/lib/python3.7/site-packages/airflow/example_dags/example_nested_branch_dag.py
[2022-08-12 03:27:47,158] {processor.py:651} INFO - DAG(s) dict_keys(['example_nested_branch_dag']) retrieved from /home/airflow/.local/lib/python3.7/site-packages/airflow/example_dags/example_nested_branch_dag.py
[2022-08-12 03:27:47,230] {logging_mixin.py:115} INFO - [2022-08-12 03:27:47,230] {dag.py:2371} INFO - Sync 1 DAGs
[2022-08-12 03:27:47,252] {logging_mixin.py:115} INFO - [2022-08-12 03:27:47,252] {dag.py:2919} INFO - Setting next_dagrun for example_nested_branch_dag to 2022-08-11T00:00:00+00:00, run_after=2022-08-12T00:00:00+00:00
[2022-08-12 03:27:47,266] {processor.py:161} INFO - Processing /home/airflow/.local/lib/python3.7/site-packages/airflow/example_dags/example_nested_branch_dag.py took 0.129 seconds
[2022-08-12 03:28:18,878] {processor.py:153} INFO - Started process (PID=2522) to work on /home/airflow/.local/lib/python3.7/site-packages/airflow/example_dags/example_nested_branch_dag.py
[2022-08-12 03:28:18,882] {processor.py:641} INFO - Processing file /home/airflow/.local/lib/python3.7/site-packages/airflow/example_dags/example_nested_branch_dag.py for tasks to queue
[2022-08-12 03:28:18,886] {logging_mixin.py:115} INFO - [2022-08-12 03:28:18,885] {dagbag.py:507} INFO - Filling up the DagBag from /home/airflow/.local/lib/python3.7/site-packages/airflow/example_dags/example_nested_branch_dag.py
[2022-08-12 03:28:18,922] {processor.py:651} INFO - DAG(s) dict_keys(['example_nested_branch_dag']) retrieved from /home/airflow/.local/lib/python3.7/site-packages/airflow/example_dags/example_nested_branch_dag.py
[2022-08-12 03:28:19,048] {logging_mixin.py:115} INFO - [2022-08-12 03:28:19,048] {dag.py:2371} INFO - Sync 1 DAGs
[2022-08-12 03:28:19,114] {logging_mixin.py:115} INFO - [2022-08-12 03:28:19,113] {dag.py:2919} INFO - Setting next_dagrun for example_nested_branch_dag to 2022-08-11T00:00:00+00:00, run_after=2022-08-12T00:00:00+00:00
[2022-08-12 03:28:19,161] {processor.py:161} INFO - Processing /home/airflow/.local/lib/python3.7/site-packages/airflow/example_dags/example_nested_branch_dag.py took 0.294 seconds
[2022-08-12 03:33:18,705] {processor.py:153} INFO - Started process (PID=2574) to work on /home/airflow/.local/lib/python3.7/site-packages/airflow/example_dags/example_nested_branch_dag.py
[2022-08-12 03:33:18,706] {processor.py:641} INFO - Processing file /home/airflow/.local/lib/python3.7/site-packages/airflow/example_dags/example_nested_branch_dag.py for tasks to queue
[2022-08-12 03:33:18,708] {logging_mixin.py:115} INFO - [2022-08-12 03:33:18,708] {dagbag.py:507} INFO - Filling up the DagBag from /home/airflow/.local/lib/python3.7/site-packages/airflow/example_dags/example_nested_branch_dag.py
[2022-08-12 03:33:18,725] {processor.py:651} INFO - DAG(s) dict_keys(['example_nested_branch_dag']) retrieved from /home/airflow/.local/lib/python3.7/site-packages/airflow/example_dags/example_nested_branch_dag.py
[2022-08-12 03:33:18,758] {logging_mixin.py:115} INFO - [2022-08-12 03:33:18,758] {dag.py:2371} INFO - Sync 1 DAGs
[2022-08-12 03:33:18,782] {logging_mixin.py:115} INFO - [2022-08-12 03:33:18,782] {dag.py:2919} INFO - Setting next_dagrun for example_nested_branch_dag to 2022-08-11T00:00:00+00:00, run_after=2022-08-12T00:00:00+00:00
[2022-08-12 03:33:18,795] {processor.py:161} INFO - Processing /home/airflow/.local/lib/python3.7/site-packages/airflow/example_dags/example_nested_branch_dag.py took 0.094 seconds
[2022-08-12 03:33:50,021] {processor.py:153} INFO - Started process (PID=2626) to work on /home/airflow/.local/lib/python3.7/site-packages/airflow/example_dags/example_nested_branch_dag.py
[2022-08-12 03:33:50,025] {processor.py:641} INFO - Processing file /home/airflow/.local/lib/python3.7/site-packages/airflow/example_dags/example_nested_branch_dag.py for tasks to queue
[2022-08-12 03:33:50,028] {logging_mixin.py:115} INFO - [2022-08-12 03:33:50,028] {dagbag.py:507} INFO - Filling up the DagBag from /home/airflow/.local/lib/python3.7/site-packages/airflow/example_dags/example_nested_branch_dag.py
[2022-08-12 03:33:50,073] {processor.py:651} INFO - DAG(s) dict_keys(['example_nested_branch_dag']) retrieved from /home/airflow/.local/lib/python3.7/site-packages/airflow/example_dags/example_nested_branch_dag.py
[2022-08-12 03:33:50,158] {logging_mixin.py:115} INFO - [2022-08-12 03:33:50,157] {dag.py:2371} INFO - Sync 1 DAGs
[2022-08-12 03:33:50,210] {logging_mixin.py:115} INFO - [2022-08-12 03:33:50,210] {dag.py:2919} INFO - Setting next_dagrun for example_nested_branch_dag to 2022-08-11T00:00:00+00:00, run_after=2022-08-12T00:00:00+00:00
[2022-08-12 03:33:50,239] {processor.py:161} INFO - Processing /home/airflow/.local/lib/python3.7/site-packages/airflow/example_dags/example_nested_branch_dag.py took 0.233 seconds
[2022-08-12 03:38:51,350] {processor.py:153} INFO - Started process (PID=2678) to work on /home/airflow/.local/lib/python3.7/site-packages/airflow/example_dags/example_nested_branch_dag.py
[2022-08-12 03:38:51,351] {processor.py:641} INFO - Processing file /home/airflow/.local/lib/python3.7/site-packages/airflow/example_dags/example_nested_branch_dag.py for tasks to queue
[2022-08-12 03:38:51,353] {logging_mixin.py:115} INFO - [2022-08-12 03:38:51,352] {dagbag.py:507} INFO - Filling up the DagBag from /home/airflow/.local/lib/python3.7/site-packages/airflow/example_dags/example_nested_branch_dag.py
[2022-08-12 03:38:51,386] {processor.py:651} INFO - DAG(s) dict_keys(['example_nested_branch_dag']) retrieved from /home/airflow/.local/lib/python3.7/site-packages/airflow/example_dags/example_nested_branch_dag.py
[2022-08-12 03:38:51,434] {logging_mixin.py:115} INFO - [2022-08-12 03:38:51,434] {dag.py:2371} INFO - Sync 1 DAGs
[2022-08-12 03:38:51,468] {logging_mixin.py:115} INFO - [2022-08-12 03:38:51,468] {dag.py:2919} INFO - Setting next_dagrun for example_nested_branch_dag to 2022-08-11T00:00:00+00:00, run_after=2022-08-12T00:00:00+00:00
[2022-08-12 03:38:51,493] {processor.py:161} INFO - Processing /home/airflow/.local/lib/python3.7/site-packages/airflow/example_dags/example_nested_branch_dag.py took 0.147 seconds
[2022-08-12 03:39:22,904] {processor.py:153} INFO - Started process (PID=2730) to work on /home/airflow/.local/lib/python3.7/site-packages/airflow/example_dags/example_nested_branch_dag.py
[2022-08-12 03:39:22,908] {processor.py:641} INFO - Processing file /home/airflow/.local/lib/python3.7/site-packages/airflow/example_dags/example_nested_branch_dag.py for tasks to queue
[2022-08-12 03:39:22,911] {logging_mixin.py:115} INFO - [2022-08-12 03:39:22,911] {dagbag.py:507} INFO - Filling up the DagBag from /home/airflow/.local/lib/python3.7/site-packages/airflow/example_dags/example_nested_branch_dag.py
[2022-08-12 03:39:22,948] {processor.py:651} INFO - DAG(s) dict_keys(['example_nested_branch_dag']) retrieved from /home/airflow/.local/lib/python3.7/site-packages/airflow/example_dags/example_nested_branch_dag.py
[2022-08-12 03:39:23,043] {logging_mixin.py:115} INFO - [2022-08-12 03:39:23,042] {dag.py:2371} INFO - Sync 1 DAGs
[2022-08-12 03:39:23,124] {logging_mixin.py:115} INFO - [2022-08-12 03:39:23,124] {dag.py:2919} INFO - Setting next_dagrun for example_nested_branch_dag to 2022-08-11T00:00:00+00:00, run_after=2022-08-12T00:00:00+00:00
[2022-08-12 03:39:23,198] {processor.py:161} INFO - Processing /home/airflow/.local/lib/python3.7/site-packages/airflow/example_dags/example_nested_branch_dag.py took 0.304 seconds
[2022-08-12 03:44:30,372] {processor.py:153} INFO - Started process (PID=2784) to work on /home/airflow/.local/lib/python3.7/site-packages/airflow/example_dags/example_nested_branch_dag.py
[2022-08-12 03:44:30,376] {processor.py:641} INFO - Processing file /home/airflow/.local/lib/python3.7/site-packages/airflow/example_dags/example_nested_branch_dag.py for tasks to queue
[2022-08-12 03:44:30,377] {logging_mixin.py:115} INFO - [2022-08-12 03:44:30,377] {dagbag.py:507} INFO - Filling up the DagBag from /home/airflow/.local/lib/python3.7/site-packages/airflow/example_dags/example_nested_branch_dag.py
[2022-08-12 03:44:30,411] {processor.py:651} INFO - DAG(s) dict_keys(['example_nested_branch_dag']) retrieved from /home/airflow/.local/lib/python3.7/site-packages/airflow/example_dags/example_nested_branch_dag.py
[2022-08-12 03:44:30,448] {logging_mixin.py:115} INFO - [2022-08-12 03:44:30,448] {dag.py:2371} INFO - Sync 1 DAGs
[2022-08-12 03:44:30,480] {logging_mixin.py:115} INFO - [2022-08-12 03:44:30,480] {dag.py:2919} INFO - Setting next_dagrun for example_nested_branch_dag to 2022-08-11T00:00:00+00:00, run_after=2022-08-12T00:00:00+00:00
[2022-08-12 03:44:30,497] {processor.py:161} INFO - Processing /home/airflow/.local/lib/python3.7/site-packages/airflow/example_dags/example_nested_branch_dag.py took 0.139 seconds
[2022-08-12 03:45:02,367] {processor.py:153} INFO - Started process (PID=2836) to work on /home/airflow/.local/lib/python3.7/site-packages/airflow/example_dags/example_nested_branch_dag.py
[2022-08-12 03:45:02,373] {processor.py:641} INFO - Processing file /home/airflow/.local/lib/python3.7/site-packages/airflow/example_dags/example_nested_branch_dag.py for tasks to queue
[2022-08-12 03:45:02,378] {logging_mixin.py:115} INFO - [2022-08-12 03:45:02,378] {dagbag.py:507} INFO - Filling up the DagBag from /home/airflow/.local/lib/python3.7/site-packages/airflow/example_dags/example_nested_branch_dag.py
[2022-08-12 03:45:02,412] {processor.py:651} INFO - DAG(s) dict_keys(['example_nested_branch_dag']) retrieved from /home/airflow/.local/lib/python3.7/site-packages/airflow/example_dags/example_nested_branch_dag.py
[2022-08-12 03:45:02,519] {logging_mixin.py:115} INFO - [2022-08-12 03:45:02,519] {dag.py:2371} INFO - Sync 1 DAGs
[2022-08-12 03:45:02,598] {logging_mixin.py:115} INFO - [2022-08-12 03:45:02,597] {dag.py:2919} INFO - Setting next_dagrun for example_nested_branch_dag to 2022-08-11T00:00:00+00:00, run_after=2022-08-12T00:00:00+00:00
[2022-08-12 03:45:02,652] {processor.py:161} INFO - Processing /home/airflow/.local/lib/python3.7/site-packages/airflow/example_dags/example_nested_branch_dag.py took 0.306 seconds
[2022-08-12 03:50:02,519] {processor.py:153} INFO - Started process (PID=2888) to work on /home/airflow/.local/lib/python3.7/site-packages/airflow/example_dags/example_nested_branch_dag.py
[2022-08-12 03:50:02,520] {processor.py:641} INFO - Processing file /home/airflow/.local/lib/python3.7/site-packages/airflow/example_dags/example_nested_branch_dag.py for tasks to queue
[2022-08-12 03:50:02,522] {logging_mixin.py:115} INFO - [2022-08-12 03:50:02,522] {dagbag.py:507} INFO - Filling up the DagBag from /home/airflow/.local/lib/python3.7/site-packages/airflow/example_dags/example_nested_branch_dag.py
[2022-08-12 03:50:02,539] {processor.py:651} INFO - DAG(s) dict_keys(['example_nested_branch_dag']) retrieved from /home/airflow/.local/lib/python3.7/site-packages/airflow/example_dags/example_nested_branch_dag.py
[2022-08-12 03:50:02,583] {logging_mixin.py:115} INFO - [2022-08-12 03:50:02,583] {dag.py:2371} INFO - Sync 1 DAGs
[2022-08-12 03:50:02,615] {logging_mixin.py:115} INFO - [2022-08-12 03:50:02,615] {dag.py:2919} INFO - Setting next_dagrun for example_nested_branch_dag to 2022-08-11T00:00:00+00:00, run_after=2022-08-12T00:00:00+00:00
[2022-08-12 03:50:02,628] {processor.py:161} INFO - Processing /home/airflow/.local/lib/python3.7/site-packages/airflow/example_dags/example_nested_branch_dag.py took 0.116 seconds
[2022-08-12 03:50:34,720] {processor.py:153} INFO - Started process (PID=2940) to work on /home/airflow/.local/lib/python3.7/site-packages/airflow/example_dags/example_nested_branch_dag.py
[2022-08-12 03:50:34,728] {processor.py:641} INFO - Processing file /home/airflow/.local/lib/python3.7/site-packages/airflow/example_dags/example_nested_branch_dag.py for tasks to queue
[2022-08-12 03:50:34,739] {logging_mixin.py:115} INFO - [2022-08-12 03:50:34,738] {dagbag.py:507} INFO - Filling up the DagBag from /home/airflow/.local/lib/python3.7/site-packages/airflow/example_dags/example_nested_branch_dag.py
[2022-08-12 03:50:34,796] {processor.py:651} INFO - DAG(s) dict_keys(['example_nested_branch_dag']) retrieved from /home/airflow/.local/lib/python3.7/site-packages/airflow/example_dags/example_nested_branch_dag.py
[2022-08-12 03:50:34,946] {logging_mixin.py:115} INFO - [2022-08-12 03:50:34,946] {dag.py:2371} INFO - Sync 1 DAGs
[2022-08-12 03:50:35,066] {logging_mixin.py:115} INFO - [2022-08-12 03:50:35,065] {dag.py:2919} INFO - Setting next_dagrun for example_nested_branch_dag to 2022-08-11T00:00:00+00:00, run_after=2022-08-12T00:00:00+00:00
[2022-08-12 03:50:35,112] {processor.py:161} INFO - Processing /home/airflow/.local/lib/python3.7/site-packages/airflow/example_dags/example_nested_branch_dag.py took 0.423 seconds
[2022-08-12 03:55:34,193] {processor.py:153} INFO - Started process (PID=2991) to work on /home/airflow/.local/lib/python3.7/site-packages/airflow/example_dags/example_nested_branch_dag.py
[2022-08-12 03:55:34,196] {processor.py:641} INFO - Processing file /home/airflow/.local/lib/python3.7/site-packages/airflow/example_dags/example_nested_branch_dag.py for tasks to queue
[2022-08-12 03:55:34,198] {logging_mixin.py:115} INFO - [2022-08-12 03:55:34,198] {dagbag.py:507} INFO - Filling up the DagBag from /home/airflow/.local/lib/python3.7/site-packages/airflow/example_dags/example_nested_branch_dag.py
[2022-08-12 03:55:34,246] {processor.py:651} INFO - DAG(s) dict_keys(['example_nested_branch_dag']) retrieved from /home/airflow/.local/lib/python3.7/site-packages/airflow/example_dags/example_nested_branch_dag.py
[2022-08-12 03:55:34,343] {logging_mixin.py:115} INFO - [2022-08-12 03:55:34,343] {dag.py:2371} INFO - Sync 1 DAGs
[2022-08-12 03:55:34,410] {logging_mixin.py:115} INFO - [2022-08-12 03:55:34,410] {dag.py:2919} INFO - Setting next_dagrun for example_nested_branch_dag to 2022-08-11T00:00:00+00:00, run_after=2022-08-12T00:00:00+00:00
[2022-08-12 03:55:34,453] {processor.py:161} INFO - Processing /home/airflow/.local/lib/python3.7/site-packages/airflow/example_dags/example_nested_branch_dag.py took 0.264 seconds
[2022-08-12 03:56:05,766] {processor.py:153} INFO - Started process (PID=3042) to work on /home/airflow/.local/lib/python3.7/site-packages/airflow/example_dags/example_nested_branch_dag.py
[2022-08-12 03:56:05,771] {processor.py:641} INFO - Processing file /home/airflow/.local/lib/python3.7/site-packages/airflow/example_dags/example_nested_branch_dag.py for tasks to queue
[2022-08-12 03:56:05,774] {logging_mixin.py:115} INFO - [2022-08-12 03:56:05,774] {dagbag.py:507} INFO - Filling up the DagBag from /home/airflow/.local/lib/python3.7/site-packages/airflow/example_dags/example_nested_branch_dag.py
[2022-08-12 03:56:05,819] {processor.py:651} INFO - DAG(s) dict_keys(['example_nested_branch_dag']) retrieved from /home/airflow/.local/lib/python3.7/site-packages/airflow/example_dags/example_nested_branch_dag.py
[2022-08-12 03:56:05,907] {logging_mixin.py:115} INFO - [2022-08-12 03:56:05,907] {dag.py:2371} INFO - Sync 1 DAGs
[2022-08-12 03:56:05,973] {logging_mixin.py:115} INFO - [2022-08-12 03:56:05,973] {dag.py:2919} INFO - Setting next_dagrun for example_nested_branch_dag to 2022-08-11T00:00:00+00:00, run_after=2022-08-12T00:00:00+00:00
[2022-08-12 03:56:06,021] {processor.py:161} INFO - Processing /home/airflow/.local/lib/python3.7/site-packages/airflow/example_dags/example_nested_branch_dag.py took 0.268 seconds
[2022-08-12 04:16:29,183] {processor.py:153} INFO - Started process (PID=3122) to work on /home/airflow/.local/lib/python3.7/site-packages/airflow/example_dags/example_nested_branch_dag.py
[2022-08-12 04:16:29,185] {processor.py:641} INFO - Processing file /home/airflow/.local/lib/python3.7/site-packages/airflow/example_dags/example_nested_branch_dag.py for tasks to queue
[2022-08-12 04:16:29,189] {logging_mixin.py:115} INFO - [2022-08-12 04:16:29,189] {dagbag.py:507} INFO - Filling up the DagBag from /home/airflow/.local/lib/python3.7/site-packages/airflow/example_dags/example_nested_branch_dag.py
[2022-08-12 04:16:29,219] {processor.py:651} INFO - DAG(s) dict_keys(['example_nested_branch_dag']) retrieved from /home/airflow/.local/lib/python3.7/site-packages/airflow/example_dags/example_nested_branch_dag.py
[2022-08-12 04:16:29,273] {logging_mixin.py:115} INFO - [2022-08-12 04:16:29,273] {dag.py:2371} INFO - Sync 1 DAGs
[2022-08-12 04:16:29,303] {logging_mixin.py:115} INFO - [2022-08-12 04:16:29,303] {dag.py:2919} INFO - Setting next_dagrun for example_nested_branch_dag to 2022-08-11T00:00:00+00:00, run_after=2022-08-12T00:00:00+00:00
[2022-08-12 04:16:29,330] {processor.py:161} INFO - Processing /home/airflow/.local/lib/python3.7/site-packages/airflow/example_dags/example_nested_branch_dag.py took 0.155 seconds
[2022-08-12 05:25:45,130] {processor.py:153} INFO - Started process (PID=3177) to work on /home/airflow/.local/lib/python3.7/site-packages/airflow/example_dags/example_nested_branch_dag.py
[2022-08-12 05:25:45,132] {processor.py:641} INFO - Processing file /home/airflow/.local/lib/python3.7/site-packages/airflow/example_dags/example_nested_branch_dag.py for tasks to queue
[2022-08-12 05:25:45,134] {logging_mixin.py:115} INFO - [2022-08-12 05:25:45,133] {dagbag.py:507} INFO - Filling up the DagBag from /home/airflow/.local/lib/python3.7/site-packages/airflow/example_dags/example_nested_branch_dag.py
[2022-08-12 05:25:45,151] {processor.py:651} INFO - DAG(s) dict_keys(['example_nested_branch_dag']) retrieved from /home/airflow/.local/lib/python3.7/site-packages/airflow/example_dags/example_nested_branch_dag.py
[2022-08-12 05:25:45,186] {logging_mixin.py:115} INFO - [2022-08-12 05:25:45,186] {dag.py:2371} INFO - Sync 1 DAGs
[2022-08-12 05:25:45,219] {logging_mixin.py:115} INFO - [2022-08-12 05:25:45,219] {dag.py:2919} INFO - Setting next_dagrun for example_nested_branch_dag to 2022-08-11T00:00:00+00:00, run_after=2022-08-12T00:00:00+00:00
[2022-08-12 05:25:45,236] {processor.py:161} INFO - Processing /home/airflow/.local/lib/python3.7/site-packages/airflow/example_dags/example_nested_branch_dag.py took 0.111 seconds
[2022-08-12 07:13:53,521] {processor.py:153} INFO - Started process (PID=3229) to work on /home/airflow/.local/lib/python3.7/site-packages/airflow/example_dags/example_nested_branch_dag.py
[2022-08-12 07:13:53,523] {processor.py:641} INFO - Processing file /home/airflow/.local/lib/python3.7/site-packages/airflow/example_dags/example_nested_branch_dag.py for tasks to queue
[2022-08-12 07:13:53,526] {logging_mixin.py:115} INFO - [2022-08-12 07:13:53,526] {dagbag.py:507} INFO - Filling up the DagBag from /home/airflow/.local/lib/python3.7/site-packages/airflow/example_dags/example_nested_branch_dag.py
[2022-08-12 07:13:53,548] {processor.py:651} INFO - DAG(s) dict_keys(['example_nested_branch_dag']) retrieved from /home/airflow/.local/lib/python3.7/site-packages/airflow/example_dags/example_nested_branch_dag.py
[2022-08-12 07:13:53,588] {logging_mixin.py:115} INFO - [2022-08-12 07:13:53,588] {dag.py:2371} INFO - Sync 1 DAGs
[2022-08-12 07:13:53,617] {logging_mixin.py:115} INFO - [2022-08-12 07:13:53,617] {dag.py:2919} INFO - Setting next_dagrun for example_nested_branch_dag to 2022-08-11T00:00:00+00:00, run_after=2022-08-12T00:00:00+00:00
[2022-08-12 07:13:53,642] {processor.py:161} INFO - Processing /home/airflow/.local/lib/python3.7/site-packages/airflow/example_dags/example_nested_branch_dag.py took 0.129 seconds
[2022-08-12 09:02:17,506] {processor.py:153} INFO - Started process (PID=3281) to work on /home/airflow/.local/lib/python3.7/site-packages/airflow/example_dags/example_nested_branch_dag.py
[2022-08-12 09:02:17,508] {processor.py:641} INFO - Processing file /home/airflow/.local/lib/python3.7/site-packages/airflow/example_dags/example_nested_branch_dag.py for tasks to queue
[2022-08-12 09:02:17,511] {logging_mixin.py:115} INFO - [2022-08-12 09:02:17,511] {dagbag.py:507} INFO - Filling up the DagBag from /home/airflow/.local/lib/python3.7/site-packages/airflow/example_dags/example_nested_branch_dag.py
[2022-08-12 09:02:17,586] {processor.py:651} INFO - DAG(s) dict_keys(['example_nested_branch_dag']) retrieved from /home/airflow/.local/lib/python3.7/site-packages/airflow/example_dags/example_nested_branch_dag.py
[2022-08-12 09:02:17,661] {logging_mixin.py:115} INFO - [2022-08-12 09:02:17,660] {dag.py:2371} INFO - Sync 1 DAGs
[2022-08-12 09:02:17,729] {logging_mixin.py:115} INFO - [2022-08-12 09:02:17,729] {dag.py:2919} INFO - Setting next_dagrun for example_nested_branch_dag to 2022-08-11T00:00:00+00:00, run_after=2022-08-12T00:00:00+00:00
[2022-08-12 09:02:17,774] {processor.py:161} INFO - Processing /home/airflow/.local/lib/python3.7/site-packages/airflow/example_dags/example_nested_branch_dag.py took 0.275 seconds
[2022-08-12 12:38:18,011] {processor.py:153} INFO - Started process (PID=3324) to work on /home/airflow/.local/lib/python3.7/site-packages/airflow/example_dags/example_nested_branch_dag.py
[2022-08-12 12:38:18,013] {processor.py:641} INFO - Processing file /home/airflow/.local/lib/python3.7/site-packages/airflow/example_dags/example_nested_branch_dag.py for tasks to queue
[2022-08-12 12:38:18,015] {logging_mixin.py:115} INFO - [2022-08-12 12:38:18,015] {dagbag.py:507} INFO - Filling up the DagBag from /home/airflow/.local/lib/python3.7/site-packages/airflow/example_dags/example_nested_branch_dag.py
[2022-08-12 12:38:18,035] {processor.py:651} INFO - DAG(s) dict_keys(['example_nested_branch_dag']) retrieved from /home/airflow/.local/lib/python3.7/site-packages/airflow/example_dags/example_nested_branch_dag.py
[2022-08-12 12:38:18,078] {logging_mixin.py:115} INFO - [2022-08-12 12:38:18,077] {dag.py:2371} INFO - Sync 1 DAGs
[2022-08-12 12:38:18,115] {logging_mixin.py:115} INFO - [2022-08-12 12:38:18,115] {dag.py:2919} INFO - Setting next_dagrun for example_nested_branch_dag to 2022-08-11T00:00:00+00:00, run_after=2022-08-12T00:00:00+00:00
[2022-08-12 12:38:18,137] {processor.py:161} INFO - Processing /home/airflow/.local/lib/python3.7/site-packages/airflow/example_dags/example_nested_branch_dag.py took 0.134 seconds
[2022-08-12 14:26:42,912] {processor.py:153} INFO - Started process (PID=3386) to work on /home/airflow/.local/lib/python3.7/site-packages/airflow/example_dags/example_nested_branch_dag.py
[2022-08-12 14:26:42,918] {processor.py:641} INFO - Processing file /home/airflow/.local/lib/python3.7/site-packages/airflow/example_dags/example_nested_branch_dag.py for tasks to queue
[2022-08-12 14:26:42,919] {logging_mixin.py:115} INFO - [2022-08-12 14:26:42,919] {dagbag.py:507} INFO - Filling up the DagBag from /home/airflow/.local/lib/python3.7/site-packages/airflow/example_dags/example_nested_branch_dag.py
[2022-08-12 14:26:42,940] {processor.py:651} INFO - DAG(s) dict_keys(['example_nested_branch_dag']) retrieved from /home/airflow/.local/lib/python3.7/site-packages/airflow/example_dags/example_nested_branch_dag.py
[2022-08-12 14:26:43,059] {logging_mixin.py:115} INFO - [2022-08-12 14:26:43,059] {dag.py:2371} INFO - Sync 1 DAGs
[2022-08-12 14:26:43,121] {logging_mixin.py:115} INFO - [2022-08-12 14:26:43,121] {dag.py:2919} INFO - Setting next_dagrun for example_nested_branch_dag to 2022-08-11T00:00:00+00:00, run_after=2022-08-12T00:00:00+00:00
[2022-08-12 14:26:43,141] {processor.py:161} INFO - Processing /home/airflow/.local/lib/python3.7/site-packages/airflow/example_dags/example_nested_branch_dag.py took 0.233 seconds
[2022-08-12 16:17:37,877] {processor.py:153} INFO - Started process (PID=3428) to work on /home/airflow/.local/lib/python3.7/site-packages/airflow/example_dags/example_nested_branch_dag.py
[2022-08-12 16:17:37,880] {processor.py:641} INFO - Processing file /home/airflow/.local/lib/python3.7/site-packages/airflow/example_dags/example_nested_branch_dag.py for tasks to queue
[2022-08-12 16:17:37,881] {logging_mixin.py:115} INFO - [2022-08-12 16:17:37,881] {dagbag.py:507} INFO - Filling up the DagBag from /home/airflow/.local/lib/python3.7/site-packages/airflow/example_dags/example_nested_branch_dag.py
[2022-08-12 16:17:37,906] {processor.py:651} INFO - DAG(s) dict_keys(['example_nested_branch_dag']) retrieved from /home/airflow/.local/lib/python3.7/site-packages/airflow/example_dags/example_nested_branch_dag.py
[2022-08-12 16:17:37,958] {logging_mixin.py:115} INFO - [2022-08-12 16:17:37,958] {dag.py:2371} INFO - Sync 1 DAGs
[2022-08-12 16:17:37,999] {logging_mixin.py:115} INFO - [2022-08-12 16:17:37,998] {dag.py:2919} INFO - Setting next_dagrun for example_nested_branch_dag to 2022-08-11T00:00:00+00:00, run_after=2022-08-12T00:00:00+00:00
[2022-08-12 16:17:38,021] {processor.py:161} INFO - Processing /home/airflow/.local/lib/python3.7/site-packages/airflow/example_dags/example_nested_branch_dag.py took 0.153 seconds
