[2022-08-12 01:28:13,735] {processor.py:153} INFO - Started process (PID=99883) to work on /home/airflow/.local/lib/python3.7/site-packages/airflow/example_dags/example_branch_operator_decorator.py
[2022-08-12 01:28:13,741] {processor.py:641} INFO - Processing file /home/airflow/.local/lib/python3.7/site-packages/airflow/example_dags/example_branch_operator_decorator.py for tasks to queue
[2022-08-12 01:28:13,756] {logging_mixin.py:115} INFO - [2022-08-12 01:28:13,755] {dagbag.py:507} INFO - Filling up the DagBag from /home/airflow/.local/lib/python3.7/site-packages/airflow/example_dags/example_branch_operator_decorator.py
[2022-08-12 01:28:13,989] {processor.py:651} INFO - DAG(s) dict_keys(['example_branch_python_operator_decorator']) retrieved from /home/airflow/.local/lib/python3.7/site-packages/airflow/example_dags/example_branch_operator_decorator.py
[2022-08-12 01:28:14,448] {logging_mixin.py:115} INFO - [2022-08-12 01:28:14,448] {dag.py:2371} INFO - Sync 1 DAGs
[2022-08-12 01:28:16,140] {logging_mixin.py:115} INFO - [2022-08-12 01:28:16,139] {dag.py:2919} INFO - Setting next_dagrun for example_branch_python_operator_decorator to 2022-08-11T00:00:00+00:00, run_after=2022-08-12T00:00:00+00:00
[2022-08-12 01:28:16,275] {processor.py:161} INFO - Processing /home/airflow/.local/lib/python3.7/site-packages/airflow/example_dags/example_branch_operator_decorator.py took 2.557 seconds
[2022-08-12 01:28:46,867] {processor.py:153} INFO - Started process (PID=99935) to work on /home/airflow/.local/lib/python3.7/site-packages/airflow/example_dags/example_branch_operator_decorator.py
[2022-08-12 01:28:46,868] {processor.py:641} INFO - Processing file /home/airflow/.local/lib/python3.7/site-packages/airflow/example_dags/example_branch_operator_decorator.py for tasks to queue
[2022-08-12 01:28:46,870] {logging_mixin.py:115} INFO - [2022-08-12 01:28:46,870] {dagbag.py:507} INFO - Filling up the DagBag from /home/airflow/.local/lib/python3.7/site-packages/airflow/example_dags/example_branch_operator_decorator.py
[2022-08-12 01:28:46,897] {processor.py:651} INFO - DAG(s) dict_keys(['example_branch_python_operator_decorator']) retrieved from /home/airflow/.local/lib/python3.7/site-packages/airflow/example_dags/example_branch_operator_decorator.py
[2022-08-12 01:28:46,928] {logging_mixin.py:115} INFO - [2022-08-12 01:28:46,928] {dag.py:2371} INFO - Sync 1 DAGs
[2022-08-12 01:28:46,952] {logging_mixin.py:115} INFO - [2022-08-12 01:28:46,952] {dag.py:2919} INFO - Setting next_dagrun for example_branch_python_operator_decorator to 2022-08-11T00:00:00+00:00, run_after=2022-08-12T00:00:00+00:00
[2022-08-12 01:28:46,966] {processor.py:161} INFO - Processing /home/airflow/.local/lib/python3.7/site-packages/airflow/example_dags/example_branch_operator_decorator.py took 0.105 seconds
[2022-08-12 01:33:42,382] {processor.py:153} INFO - Started process (PID=99985) to work on /home/airflow/.local/lib/python3.7/site-packages/airflow/example_dags/example_branch_operator_decorator.py
[2022-08-12 01:33:42,388] {processor.py:641} INFO - Processing file /home/airflow/.local/lib/python3.7/site-packages/airflow/example_dags/example_branch_operator_decorator.py for tasks to queue
[2022-08-12 01:33:42,401] {logging_mixin.py:115} INFO - [2022-08-12 01:33:42,401] {dagbag.py:507} INFO - Filling up the DagBag from /home/airflow/.local/lib/python3.7/site-packages/airflow/example_dags/example_branch_operator_decorator.py
[2022-08-12 01:33:42,470] {processor.py:651} INFO - DAG(s) dict_keys(['example_branch_python_operator_decorator']) retrieved from /home/airflow/.local/lib/python3.7/site-packages/airflow/example_dags/example_branch_operator_decorator.py
[2022-08-12 01:33:42,745] {logging_mixin.py:115} INFO - [2022-08-12 01:33:42,745] {dag.py:2371} INFO - Sync 1 DAGs
[2022-08-12 01:33:42,816] {logging_mixin.py:115} INFO - [2022-08-12 01:33:42,816] {dag.py:2919} INFO - Setting next_dagrun for example_branch_python_operator_decorator to 2022-08-11T00:00:00+00:00, run_after=2022-08-12T00:00:00+00:00
[2022-08-12 01:33:42,849] {processor.py:161} INFO - Processing /home/airflow/.local/lib/python3.7/site-packages/airflow/example_dags/example_branch_operator_decorator.py took 0.474 seconds
[2022-08-12 01:34:13,382] {processor.py:153} INFO - Started process (PID=340) to work on /home/airflow/.local/lib/python3.7/site-packages/airflow/example_dags/example_branch_operator_decorator.py
[2022-08-12 01:34:13,388] {processor.py:641} INFO - Processing file /home/airflow/.local/lib/python3.7/site-packages/airflow/example_dags/example_branch_operator_decorator.py for tasks to queue
[2022-08-12 01:34:13,396] {logging_mixin.py:115} INFO - [2022-08-12 01:34:13,395] {dagbag.py:507} INFO - Filling up the DagBag from /home/airflow/.local/lib/python3.7/site-packages/airflow/example_dags/example_branch_operator_decorator.py
[2022-08-12 01:34:13,610] {processor.py:651} INFO - DAG(s) dict_keys(['example_branch_python_operator_decorator']) retrieved from /home/airflow/.local/lib/python3.7/site-packages/airflow/example_dags/example_branch_operator_decorator.py
[2022-08-12 01:34:13,757] {logging_mixin.py:115} INFO - [2022-08-12 01:34:13,757] {dag.py:2371} INFO - Sync 1 DAGs
[2022-08-12 01:34:13,824] {logging_mixin.py:115} INFO - [2022-08-12 01:34:13,824] {dag.py:2919} INFO - Setting next_dagrun for example_branch_python_operator_decorator to 2022-08-11T00:00:00+00:00, run_after=2022-08-12T00:00:00+00:00
[2022-08-12 01:34:13,894] {processor.py:161} INFO - Processing /home/airflow/.local/lib/python3.7/site-packages/airflow/example_dags/example_branch_operator_decorator.py took 0.533 seconds
[2022-08-12 01:49:56,725] {processor.py:153} INFO - Started process (PID=384) to work on /home/airflow/.local/lib/python3.7/site-packages/airflow/example_dags/example_branch_operator_decorator.py
[2022-08-12 01:49:56,727] {processor.py:641} INFO - Processing file /home/airflow/.local/lib/python3.7/site-packages/airflow/example_dags/example_branch_operator_decorator.py for tasks to queue
[2022-08-12 01:49:56,729] {logging_mixin.py:115} INFO - [2022-08-12 01:49:56,729] {dagbag.py:507} INFO - Filling up the DagBag from /home/airflow/.local/lib/python3.7/site-packages/airflow/example_dags/example_branch_operator_decorator.py
[2022-08-12 01:49:56,813] {processor.py:651} INFO - DAG(s) dict_keys(['example_branch_python_operator_decorator']) retrieved from /home/airflow/.local/lib/python3.7/site-packages/airflow/example_dags/example_branch_operator_decorator.py
[2022-08-12 01:49:56,932] {logging_mixin.py:115} INFO - [2022-08-12 01:49:56,932] {dag.py:2371} INFO - Sync 1 DAGs
[2022-08-12 01:49:57,039] {logging_mixin.py:115} INFO - [2022-08-12 01:49:57,039] {dag.py:2919} INFO - Setting next_dagrun for example_branch_python_operator_decorator to 2022-08-11T00:00:00+00:00, run_after=2022-08-12T00:00:00+00:00
[2022-08-12 01:49:57,105] {processor.py:161} INFO - Processing /home/airflow/.local/lib/python3.7/site-packages/airflow/example_dags/example_branch_operator_decorator.py took 0.385 seconds
[2022-08-12 01:50:27,576] {processor.py:153} INFO - Started process (PID=436) to work on /home/airflow/.local/lib/python3.7/site-packages/airflow/example_dags/example_branch_operator_decorator.py
[2022-08-12 01:50:27,580] {processor.py:641} INFO - Processing file /home/airflow/.local/lib/python3.7/site-packages/airflow/example_dags/example_branch_operator_decorator.py for tasks to queue
[2022-08-12 01:50:27,593] {logging_mixin.py:115} INFO - [2022-08-12 01:50:27,584] {dagbag.py:507} INFO - Filling up the DagBag from /home/airflow/.local/lib/python3.7/site-packages/airflow/example_dags/example_branch_operator_decorator.py
[2022-08-12 01:50:27,827] {processor.py:651} INFO - DAG(s) dict_keys(['example_branch_python_operator_decorator']) retrieved from /home/airflow/.local/lib/python3.7/site-packages/airflow/example_dags/example_branch_operator_decorator.py
[2022-08-12 01:50:28,114] {logging_mixin.py:115} INFO - [2022-08-12 01:50:28,114] {dag.py:2371} INFO - Sync 1 DAGs
[2022-08-12 01:50:28,413] {logging_mixin.py:115} INFO - [2022-08-12 01:50:28,413] {dag.py:2919} INFO - Setting next_dagrun for example_branch_python_operator_decorator to 2022-08-11T00:00:00+00:00, run_after=2022-08-12T00:00:00+00:00
[2022-08-12 01:50:28,535] {processor.py:161} INFO - Processing /home/airflow/.local/lib/python3.7/site-packages/airflow/example_dags/example_branch_operator_decorator.py took 0.984 seconds
[2022-08-12 02:01:11,445] {processor.py:153} INFO - Started process (PID=489) to work on /home/airflow/.local/lib/python3.7/site-packages/airflow/example_dags/example_branch_operator_decorator.py
[2022-08-12 02:01:11,450] {processor.py:641} INFO - Processing file /home/airflow/.local/lib/python3.7/site-packages/airflow/example_dags/example_branch_operator_decorator.py for tasks to queue
[2022-08-12 02:01:11,451] {logging_mixin.py:115} INFO - [2022-08-12 02:01:11,451] {dagbag.py:507} INFO - Filling up the DagBag from /home/airflow/.local/lib/python3.7/site-packages/airflow/example_dags/example_branch_operator_decorator.py
[2022-08-12 02:01:11,510] {processor.py:651} INFO - DAG(s) dict_keys(['example_branch_python_operator_decorator']) retrieved from /home/airflow/.local/lib/python3.7/site-packages/airflow/example_dags/example_branch_operator_decorator.py
[2022-08-12 02:01:11,578] {logging_mixin.py:115} INFO - [2022-08-12 02:01:11,578] {dag.py:2371} INFO - Sync 1 DAGs
[2022-08-12 02:01:11,623] {logging_mixin.py:115} INFO - [2022-08-12 02:01:11,623] {dag.py:2919} INFO - Setting next_dagrun for example_branch_python_operator_decorator to 2022-08-11T00:00:00+00:00, run_after=2022-08-12T00:00:00+00:00
[2022-08-12 02:01:11,653] {processor.py:161} INFO - Processing /home/airflow/.local/lib/python3.7/site-packages/airflow/example_dags/example_branch_operator_decorator.py took 0.232 seconds
[2022-08-12 02:01:42,362] {processor.py:153} INFO - Started process (PID=541) to work on /home/airflow/.local/lib/python3.7/site-packages/airflow/example_dags/example_branch_operator_decorator.py
[2022-08-12 02:01:42,365] {processor.py:641} INFO - Processing file /home/airflow/.local/lib/python3.7/site-packages/airflow/example_dags/example_branch_operator_decorator.py for tasks to queue
[2022-08-12 02:01:42,370] {logging_mixin.py:115} INFO - [2022-08-12 02:01:42,369] {dagbag.py:507} INFO - Filling up the DagBag from /home/airflow/.local/lib/python3.7/site-packages/airflow/example_dags/example_branch_operator_decorator.py
[2022-08-12 02:01:42,458] {processor.py:651} INFO - DAG(s) dict_keys(['example_branch_python_operator_decorator']) retrieved from /home/airflow/.local/lib/python3.7/site-packages/airflow/example_dags/example_branch_operator_decorator.py
[2022-08-12 02:01:42,556] {logging_mixin.py:115} INFO - [2022-08-12 02:01:42,555] {dag.py:2371} INFO - Sync 1 DAGs
[2022-08-12 02:01:42,626] {logging_mixin.py:115} INFO - [2022-08-12 02:01:42,626] {dag.py:2919} INFO - Setting next_dagrun for example_branch_python_operator_decorator to 2022-08-11T00:00:00+00:00, run_after=2022-08-12T00:00:00+00:00
[2022-08-12 02:01:42,679] {processor.py:161} INFO - Processing /home/airflow/.local/lib/python3.7/site-packages/airflow/example_dags/example_branch_operator_decorator.py took 0.328 seconds
[2022-08-12 02:08:56,275] {processor.py:153} INFO - Started process (PID=585) to work on /home/airflow/.local/lib/python3.7/site-packages/airflow/example_dags/example_branch_operator_decorator.py
[2022-08-12 02:08:56,293] {processor.py:641} INFO - Processing file /home/airflow/.local/lib/python3.7/site-packages/airflow/example_dags/example_branch_operator_decorator.py for tasks to queue
[2022-08-12 02:08:56,330] {logging_mixin.py:115} INFO - [2022-08-12 02:08:56,330] {dagbag.py:507} INFO - Filling up the DagBag from /home/airflow/.local/lib/python3.7/site-packages/airflow/example_dags/example_branch_operator_decorator.py
[2022-08-12 02:08:56,548] {processor.py:651} INFO - DAG(s) dict_keys(['example_branch_python_operator_decorator']) retrieved from /home/airflow/.local/lib/python3.7/site-packages/airflow/example_dags/example_branch_operator_decorator.py
[2022-08-12 02:08:56,709] {logging_mixin.py:115} INFO - [2022-08-12 02:08:56,709] {dag.py:2371} INFO - Sync 1 DAGs
[2022-08-12 02:08:56,852] {logging_mixin.py:115} INFO - [2022-08-12 02:08:56,852] {dag.py:2919} INFO - Setting next_dagrun for example_branch_python_operator_decorator to 2022-08-11T00:00:00+00:00, run_after=2022-08-12T00:00:00+00:00
[2022-08-12 02:08:56,928] {processor.py:161} INFO - Processing /home/airflow/.local/lib/python3.7/site-packages/airflow/example_dags/example_branch_operator_decorator.py took 0.684 seconds
[2022-08-12 02:09:27,179] {processor.py:153} INFO - Started process (PID=647) to work on /home/airflow/.local/lib/python3.7/site-packages/airflow/example_dags/example_branch_operator_decorator.py
[2022-08-12 02:09:27,191] {processor.py:641} INFO - Processing file /home/airflow/.local/lib/python3.7/site-packages/airflow/example_dags/example_branch_operator_decorator.py for tasks to queue
[2022-08-12 02:09:27,214] {logging_mixin.py:115} INFO - [2022-08-12 02:09:27,214] {dagbag.py:507} INFO - Filling up the DagBag from /home/airflow/.local/lib/python3.7/site-packages/airflow/example_dags/example_branch_operator_decorator.py
[2022-08-12 02:09:27,710] {processor.py:651} INFO - DAG(s) dict_keys(['example_branch_python_operator_decorator']) retrieved from /home/airflow/.local/lib/python3.7/site-packages/airflow/example_dags/example_branch_operator_decorator.py
[2022-08-12 02:09:28,204] {logging_mixin.py:115} INFO - [2022-08-12 02:09:28,204] {dag.py:2371} INFO - Sync 1 DAGs
[2022-08-12 02:09:28,403] {logging_mixin.py:115} INFO - [2022-08-12 02:09:28,393] {dag.py:2919} INFO - Setting next_dagrun for example_branch_python_operator_decorator to 2022-08-11T00:00:00+00:00, run_after=2022-08-12T00:00:00+00:00
[2022-08-12 02:09:28,524] {processor.py:161} INFO - Processing /home/airflow/.local/lib/python3.7/site-packages/airflow/example_dags/example_branch_operator_decorator.py took 1.379 seconds
[2022-08-12 02:14:29,111] {processor.py:153} INFO - Started process (PID=682) to work on /home/airflow/.local/lib/python3.7/site-packages/airflow/example_dags/example_branch_operator_decorator.py
[2022-08-12 02:14:29,113] {processor.py:641} INFO - Processing file /home/airflow/.local/lib/python3.7/site-packages/airflow/example_dags/example_branch_operator_decorator.py for tasks to queue
[2022-08-12 02:14:29,137] {logging_mixin.py:115} INFO - [2022-08-12 02:14:29,137] {dagbag.py:507} INFO - Filling up the DagBag from /home/airflow/.local/lib/python3.7/site-packages/airflow/example_dags/example_branch_operator_decorator.py
[2022-08-12 02:14:29,353] {processor.py:651} INFO - DAG(s) dict_keys(['example_branch_python_operator_decorator']) retrieved from /home/airflow/.local/lib/python3.7/site-packages/airflow/example_dags/example_branch_operator_decorator.py
[2022-08-12 02:14:29,554] {logging_mixin.py:115} INFO - [2022-08-12 02:14:29,554] {dag.py:2371} INFO - Sync 1 DAGs
[2022-08-12 02:14:29,670] {logging_mixin.py:115} INFO - [2022-08-12 02:14:29,669] {dag.py:2919} INFO - Setting next_dagrun for example_branch_python_operator_decorator to 2022-08-11T00:00:00+00:00, run_after=2022-08-12T00:00:00+00:00
[2022-08-12 02:14:29,774] {processor.py:161} INFO - Processing /home/airflow/.local/lib/python3.7/site-packages/airflow/example_dags/example_branch_operator_decorator.py took 0.721 seconds
[2022-08-12 02:15:00,277] {processor.py:153} INFO - Started process (PID=743) to work on /home/airflow/.local/lib/python3.7/site-packages/airflow/example_dags/example_branch_operator_decorator.py
[2022-08-12 02:15:00,283] {processor.py:641} INFO - Processing file /home/airflow/.local/lib/python3.7/site-packages/airflow/example_dags/example_branch_operator_decorator.py for tasks to queue
[2022-08-12 02:15:00,290] {logging_mixin.py:115} INFO - [2022-08-12 02:15:00,289] {dagbag.py:507} INFO - Filling up the DagBag from /home/airflow/.local/lib/python3.7/site-packages/airflow/example_dags/example_branch_operator_decorator.py
[2022-08-12 02:15:00,386] {processor.py:651} INFO - DAG(s) dict_keys(['example_branch_python_operator_decorator']) retrieved from /home/airflow/.local/lib/python3.7/site-packages/airflow/example_dags/example_branch_operator_decorator.py
[2022-08-12 02:15:00,527] {logging_mixin.py:115} INFO - [2022-08-12 02:15:00,526] {dag.py:2371} INFO - Sync 1 DAGs
[2022-08-12 02:15:00,677] {logging_mixin.py:115} INFO - [2022-08-12 02:15:00,677] {dag.py:2919} INFO - Setting next_dagrun for example_branch_python_operator_decorator to 2022-08-11T00:00:00+00:00, run_after=2022-08-12T00:00:00+00:00
[2022-08-12 02:15:00,804] {processor.py:161} INFO - Processing /home/airflow/.local/lib/python3.7/site-packages/airflow/example_dags/example_branch_operator_decorator.py took 0.562 seconds
[2022-08-12 02:20:01,789] {processor.py:153} INFO - Started process (PID=786) to work on /home/airflow/.local/lib/python3.7/site-packages/airflow/example_dags/example_branch_operator_decorator.py
[2022-08-12 02:20:01,791] {processor.py:641} INFO - Processing file /home/airflow/.local/lib/python3.7/site-packages/airflow/example_dags/example_branch_operator_decorator.py for tasks to queue
[2022-08-12 02:20:01,803] {logging_mixin.py:115} INFO - [2022-08-12 02:20:01,803] {dagbag.py:507} INFO - Filling up the DagBag from /home/airflow/.local/lib/python3.7/site-packages/airflow/example_dags/example_branch_operator_decorator.py
[2022-08-12 02:20:01,840] {processor.py:651} INFO - DAG(s) dict_keys(['example_branch_python_operator_decorator']) retrieved from /home/airflow/.local/lib/python3.7/site-packages/airflow/example_dags/example_branch_operator_decorator.py
[2022-08-12 02:20:01,891] {logging_mixin.py:115} INFO - [2022-08-12 02:20:01,891] {dag.py:2371} INFO - Sync 1 DAGs
[2022-08-12 02:20:01,927] {logging_mixin.py:115} INFO - [2022-08-12 02:20:01,927] {dag.py:2919} INFO - Setting next_dagrun for example_branch_python_operator_decorator to 2022-08-11T00:00:00+00:00, run_after=2022-08-12T00:00:00+00:00
[2022-08-12 02:20:01,944] {processor.py:161} INFO - Processing /home/airflow/.local/lib/python3.7/site-packages/airflow/example_dags/example_branch_operator_decorator.py took 0.176 seconds
[2022-08-12 02:20:32,549] {processor.py:153} INFO - Started process (PID=839) to work on /home/airflow/.local/lib/python3.7/site-packages/airflow/example_dags/example_branch_operator_decorator.py
[2022-08-12 02:20:32,555] {processor.py:641} INFO - Processing file /home/airflow/.local/lib/python3.7/site-packages/airflow/example_dags/example_branch_operator_decorator.py for tasks to queue
[2022-08-12 02:20:32,562] {logging_mixin.py:115} INFO - [2022-08-12 02:20:32,561] {dagbag.py:507} INFO - Filling up the DagBag from /home/airflow/.local/lib/python3.7/site-packages/airflow/example_dags/example_branch_operator_decorator.py
[2022-08-12 02:20:32,653] {processor.py:651} INFO - DAG(s) dict_keys(['example_branch_python_operator_decorator']) retrieved from /home/airflow/.local/lib/python3.7/site-packages/airflow/example_dags/example_branch_operator_decorator.py
[2022-08-12 02:20:32,755] {logging_mixin.py:115} INFO - [2022-08-12 02:20:32,754] {dag.py:2371} INFO - Sync 1 DAGs
[2022-08-12 02:20:32,827] {logging_mixin.py:115} INFO - [2022-08-12 02:20:32,826] {dag.py:2919} INFO - Setting next_dagrun for example_branch_python_operator_decorator to 2022-08-11T00:00:00+00:00, run_after=2022-08-12T00:00:00+00:00
[2022-08-12 02:20:32,885] {processor.py:161} INFO - Processing /home/airflow/.local/lib/python3.7/site-packages/airflow/example_dags/example_branch_operator_decorator.py took 0.360 seconds
[2022-08-12 02:25:34,321] {processor.py:153} INFO - Started process (PID=893) to work on /home/airflow/.local/lib/python3.7/site-packages/airflow/example_dags/example_branch_operator_decorator.py
[2022-08-12 02:25:34,329] {processor.py:641} INFO - Processing file /home/airflow/.local/lib/python3.7/site-packages/airflow/example_dags/example_branch_operator_decorator.py for tasks to queue
[2022-08-12 02:25:34,332] {logging_mixin.py:115} INFO - [2022-08-12 02:25:34,332] {dagbag.py:507} INFO - Filling up the DagBag from /home/airflow/.local/lib/python3.7/site-packages/airflow/example_dags/example_branch_operator_decorator.py
[2022-08-12 02:25:34,424] {processor.py:651} INFO - DAG(s) dict_keys(['example_branch_python_operator_decorator']) retrieved from /home/airflow/.local/lib/python3.7/site-packages/airflow/example_dags/example_branch_operator_decorator.py
[2022-08-12 02:25:34,508] {logging_mixin.py:115} INFO - [2022-08-12 02:25:34,508] {dag.py:2371} INFO - Sync 1 DAGs
[2022-08-12 02:25:34,572] {logging_mixin.py:115} INFO - [2022-08-12 02:25:34,572] {dag.py:2919} INFO - Setting next_dagrun for example_branch_python_operator_decorator to 2022-08-11T00:00:00+00:00, run_after=2022-08-12T00:00:00+00:00
[2022-08-12 02:25:34,608] {processor.py:161} INFO - Processing /home/airflow/.local/lib/python3.7/site-packages/airflow/example_dags/example_branch_operator_decorator.py took 0.293 seconds
[2022-08-12 02:26:04,864] {processor.py:153} INFO - Started process (PID=945) to work on /home/airflow/.local/lib/python3.7/site-packages/airflow/example_dags/example_branch_operator_decorator.py
[2022-08-12 02:26:04,874] {processor.py:641} INFO - Processing file /home/airflow/.local/lib/python3.7/site-packages/airflow/example_dags/example_branch_operator_decorator.py for tasks to queue
[2022-08-12 02:26:04,878] {logging_mixin.py:115} INFO - [2022-08-12 02:26:04,878] {dagbag.py:507} INFO - Filling up the DagBag from /home/airflow/.local/lib/python3.7/site-packages/airflow/example_dags/example_branch_operator_decorator.py
[2022-08-12 02:26:05,072] {processor.py:651} INFO - DAG(s) dict_keys(['example_branch_python_operator_decorator']) retrieved from /home/airflow/.local/lib/python3.7/site-packages/airflow/example_dags/example_branch_operator_decorator.py
[2022-08-12 02:26:05,206] {logging_mixin.py:115} INFO - [2022-08-12 02:26:05,194] {dag.py:2371} INFO - Sync 1 DAGs
[2022-08-12 02:26:05,345] {logging_mixin.py:115} INFO - [2022-08-12 02:26:05,344] {dag.py:2919} INFO - Setting next_dagrun for example_branch_python_operator_decorator to 2022-08-11T00:00:00+00:00, run_after=2022-08-12T00:00:00+00:00
[2022-08-12 02:26:05,441] {processor.py:161} INFO - Processing /home/airflow/.local/lib/python3.7/site-packages/airflow/example_dags/example_branch_operator_decorator.py took 0.635 seconds
[2022-08-12 02:31:06,848] {processor.py:153} INFO - Started process (PID=988) to work on /home/airflow/.local/lib/python3.7/site-packages/airflow/example_dags/example_branch_operator_decorator.py
[2022-08-12 02:31:06,854] {processor.py:641} INFO - Processing file /home/airflow/.local/lib/python3.7/site-packages/airflow/example_dags/example_branch_operator_decorator.py for tasks to queue
[2022-08-12 02:31:06,856] {logging_mixin.py:115} INFO - [2022-08-12 02:31:06,856] {dagbag.py:507} INFO - Filling up the DagBag from /home/airflow/.local/lib/python3.7/site-packages/airflow/example_dags/example_branch_operator_decorator.py
[2022-08-12 02:31:06,992] {processor.py:651} INFO - DAG(s) dict_keys(['example_branch_python_operator_decorator']) retrieved from /home/airflow/.local/lib/python3.7/site-packages/airflow/example_dags/example_branch_operator_decorator.py
[2022-08-12 02:31:07,093] {logging_mixin.py:115} INFO - [2022-08-12 02:31:07,093] {dag.py:2371} INFO - Sync 1 DAGs
[2022-08-12 02:31:07,167] {logging_mixin.py:115} INFO - [2022-08-12 02:31:07,166] {dag.py:2919} INFO - Setting next_dagrun for example_branch_python_operator_decorator to 2022-08-11T00:00:00+00:00, run_after=2022-08-12T00:00:00+00:00
[2022-08-12 02:31:07,252] {processor.py:161} INFO - Processing /home/airflow/.local/lib/python3.7/site-packages/airflow/example_dags/example_branch_operator_decorator.py took 0.450 seconds
[2022-08-12 02:31:37,890] {processor.py:153} INFO - Started process (PID=1047) to work on /home/airflow/.local/lib/python3.7/site-packages/airflow/example_dags/example_branch_operator_decorator.py
[2022-08-12 02:31:37,894] {processor.py:641} INFO - Processing file /home/airflow/.local/lib/python3.7/site-packages/airflow/example_dags/example_branch_operator_decorator.py for tasks to queue
[2022-08-12 02:31:37,897] {logging_mixin.py:115} INFO - [2022-08-12 02:31:37,897] {dagbag.py:507} INFO - Filling up the DagBag from /home/airflow/.local/lib/python3.7/site-packages/airflow/example_dags/example_branch_operator_decorator.py
[2022-08-12 02:31:37,990] {processor.py:651} INFO - DAG(s) dict_keys(['example_branch_python_operator_decorator']) retrieved from /home/airflow/.local/lib/python3.7/site-packages/airflow/example_dags/example_branch_operator_decorator.py
[2022-08-12 02:31:38,090] {logging_mixin.py:115} INFO - [2022-08-12 02:31:38,090] {dag.py:2371} INFO - Sync 1 DAGs
[2022-08-12 02:31:38,186] {logging_mixin.py:115} INFO - [2022-08-12 02:31:38,186] {dag.py:2919} INFO - Setting next_dagrun for example_branch_python_operator_decorator to 2022-08-11T00:00:00+00:00, run_after=2022-08-12T00:00:00+00:00
[2022-08-12 02:31:38,307] {processor.py:161} INFO - Processing /home/airflow/.local/lib/python3.7/site-packages/airflow/example_dags/example_branch_operator_decorator.py took 0.438 seconds
[2022-08-12 02:36:39,469] {processor.py:153} INFO - Started process (PID=1093) to work on /home/airflow/.local/lib/python3.7/site-packages/airflow/example_dags/example_branch_operator_decorator.py
[2022-08-12 02:36:39,471] {processor.py:641} INFO - Processing file /home/airflow/.local/lib/python3.7/site-packages/airflow/example_dags/example_branch_operator_decorator.py for tasks to queue
[2022-08-12 02:36:39,472] {logging_mixin.py:115} INFO - [2022-08-12 02:36:39,472] {dagbag.py:507} INFO - Filling up the DagBag from /home/airflow/.local/lib/python3.7/site-packages/airflow/example_dags/example_branch_operator_decorator.py
[2022-08-12 02:36:39,554] {processor.py:651} INFO - DAG(s) dict_keys(['example_branch_python_operator_decorator']) retrieved from /home/airflow/.local/lib/python3.7/site-packages/airflow/example_dags/example_branch_operator_decorator.py
[2022-08-12 02:36:39,676] {logging_mixin.py:115} INFO - [2022-08-12 02:36:39,675] {dag.py:2371} INFO - Sync 1 DAGs
[2022-08-12 02:36:39,755] {logging_mixin.py:115} INFO - [2022-08-12 02:36:39,755] {dag.py:2919} INFO - Setting next_dagrun for example_branch_python_operator_decorator to 2022-08-11T00:00:00+00:00, run_after=2022-08-12T00:00:00+00:00
[2022-08-12 02:36:39,803] {processor.py:161} INFO - Processing /home/airflow/.local/lib/python3.7/site-packages/airflow/example_dags/example_branch_operator_decorator.py took 0.344 seconds
[2022-08-12 02:37:10,610] {processor.py:153} INFO - Started process (PID=1145) to work on /home/airflow/.local/lib/python3.7/site-packages/airflow/example_dags/example_branch_operator_decorator.py
[2022-08-12 02:37:10,614] {processor.py:641} INFO - Processing file /home/airflow/.local/lib/python3.7/site-packages/airflow/example_dags/example_branch_operator_decorator.py for tasks to queue
[2022-08-12 02:37:10,618] {logging_mixin.py:115} INFO - [2022-08-12 02:37:10,617] {dagbag.py:507} INFO - Filling up the DagBag from /home/airflow/.local/lib/python3.7/site-packages/airflow/example_dags/example_branch_operator_decorator.py
[2022-08-12 02:37:10,714] {processor.py:651} INFO - DAG(s) dict_keys(['example_branch_python_operator_decorator']) retrieved from /home/airflow/.local/lib/python3.7/site-packages/airflow/example_dags/example_branch_operator_decorator.py
[2022-08-12 02:37:10,814] {logging_mixin.py:115} INFO - [2022-08-12 02:37:10,814] {dag.py:2371} INFO - Sync 1 DAGs
[2022-08-12 02:37:10,881] {logging_mixin.py:115} INFO - [2022-08-12 02:37:10,881] {dag.py:2919} INFO - Setting next_dagrun for example_branch_python_operator_decorator to 2022-08-11T00:00:00+00:00, run_after=2022-08-12T00:00:00+00:00
[2022-08-12 02:37:10,921] {processor.py:161} INFO - Processing /home/airflow/.local/lib/python3.7/site-packages/airflow/example_dags/example_branch_operator_decorator.py took 0.353 seconds
[2022-08-12 02:37:41,154] {processor.py:153} INFO - Started process (PID=1197) to work on /home/airflow/.local/lib/python3.7/site-packages/airflow/example_dags/example_branch_operator_decorator.py
[2022-08-12 02:37:41,159] {processor.py:641} INFO - Processing file /home/airflow/.local/lib/python3.7/site-packages/airflow/example_dags/example_branch_operator_decorator.py for tasks to queue
[2022-08-12 02:37:41,164] {logging_mixin.py:115} INFO - [2022-08-12 02:37:41,164] {dagbag.py:507} INFO - Filling up the DagBag from /home/airflow/.local/lib/python3.7/site-packages/airflow/example_dags/example_branch_operator_decorator.py
[2022-08-12 02:37:41,368] {processor.py:651} INFO - DAG(s) dict_keys(['example_branch_python_operator_decorator']) retrieved from /home/airflow/.local/lib/python3.7/site-packages/airflow/example_dags/example_branch_operator_decorator.py
[2022-08-12 02:37:41,563] {logging_mixin.py:115} INFO - [2022-08-12 02:37:41,562] {dag.py:2371} INFO - Sync 1 DAGs
[2022-08-12 02:37:41,657] {logging_mixin.py:115} INFO - [2022-08-12 02:37:41,657] {dag.py:2919} INFO - Setting next_dagrun for example_branch_python_operator_decorator to 2022-08-11T00:00:00+00:00, run_after=2022-08-12T00:00:00+00:00
[2022-08-12 02:37:41,702] {processor.py:161} INFO - Processing /home/airflow/.local/lib/python3.7/site-packages/airflow/example_dags/example_branch_operator_decorator.py took 0.563 seconds
[2022-08-12 02:53:16,272] {processor.py:153} INFO - Started process (PID=1216) to work on /home/airflow/.local/lib/python3.7/site-packages/airflow/example_dags/example_branch_operator_decorator.py
[2022-08-12 02:53:16,279] {processor.py:641} INFO - Processing file /home/airflow/.local/lib/python3.7/site-packages/airflow/example_dags/example_branch_operator_decorator.py for tasks to queue
[2022-08-12 02:53:16,281] {logging_mixin.py:115} INFO - [2022-08-12 02:53:16,281] {dagbag.py:507} INFO - Filling up the DagBag from /home/airflow/.local/lib/python3.7/site-packages/airflow/example_dags/example_branch_operator_decorator.py
[2022-08-12 02:53:16,413] {processor.py:651} INFO - DAG(s) dict_keys(['example_branch_python_operator_decorator']) retrieved from /home/airflow/.local/lib/python3.7/site-packages/airflow/example_dags/example_branch_operator_decorator.py
[2022-08-12 02:53:16,615] {logging_mixin.py:115} INFO - [2022-08-12 02:53:16,614] {dag.py:2371} INFO - Sync 1 DAGs
[2022-08-12 02:53:16,691] {logging_mixin.py:115} INFO - [2022-08-12 02:53:16,691] {dag.py:2919} INFO - Setting next_dagrun for example_branch_python_operator_decorator to 2022-08-11T00:00:00+00:00, run_after=2022-08-12T00:00:00+00:00
[2022-08-12 02:53:16,729] {processor.py:161} INFO - Processing /home/airflow/.local/lib/python3.7/site-packages/airflow/example_dags/example_branch_operator_decorator.py took 0.468 seconds
[2022-08-12 02:53:47,452] {processor.py:153} INFO - Started process (PID=1261) to work on /home/airflow/.local/lib/python3.7/site-packages/airflow/example_dags/example_branch_operator_decorator.py
[2022-08-12 02:53:47,457] {processor.py:641} INFO - Processing file /home/airflow/.local/lib/python3.7/site-packages/airflow/example_dags/example_branch_operator_decorator.py for tasks to queue
[2022-08-12 02:53:47,463] {logging_mixin.py:115} INFO - [2022-08-12 02:53:47,462] {dagbag.py:507} INFO - Filling up the DagBag from /home/airflow/.local/lib/python3.7/site-packages/airflow/example_dags/example_branch_operator_decorator.py
[2022-08-12 02:53:47,589] {processor.py:651} INFO - DAG(s) dict_keys(['example_branch_python_operator_decorator']) retrieved from /home/airflow/.local/lib/python3.7/site-packages/airflow/example_dags/example_branch_operator_decorator.py
[2022-08-12 02:53:47,699] {logging_mixin.py:115} INFO - [2022-08-12 02:53:47,699] {dag.py:2371} INFO - Sync 1 DAGs
[2022-08-12 02:53:47,802] {logging_mixin.py:115} INFO - [2022-08-12 02:53:47,802] {dag.py:2919} INFO - Setting next_dagrun for example_branch_python_operator_decorator to 2022-08-11T00:00:00+00:00, run_after=2022-08-12T00:00:00+00:00
[2022-08-12 02:53:47,847] {processor.py:161} INFO - Processing /home/airflow/.local/lib/python3.7/site-packages/airflow/example_dags/example_branch_operator_decorator.py took 0.437 seconds
[2022-08-12 02:54:18,257] {processor.py:153} INFO - Started process (PID=1313) to work on /home/airflow/.local/lib/python3.7/site-packages/airflow/example_dags/example_branch_operator_decorator.py
[2022-08-12 02:54:18,264] {processor.py:641} INFO - Processing file /home/airflow/.local/lib/python3.7/site-packages/airflow/example_dags/example_branch_operator_decorator.py for tasks to queue
[2022-08-12 02:54:18,276] {logging_mixin.py:115} INFO - [2022-08-12 02:54:18,275] {dagbag.py:507} INFO - Filling up the DagBag from /home/airflow/.local/lib/python3.7/site-packages/airflow/example_dags/example_branch_operator_decorator.py
[2022-08-12 02:54:18,401] {processor.py:651} INFO - DAG(s) dict_keys(['example_branch_python_operator_decorator']) retrieved from /home/airflow/.local/lib/python3.7/site-packages/airflow/example_dags/example_branch_operator_decorator.py
[2022-08-12 02:54:18,616] {logging_mixin.py:115} INFO - [2022-08-12 02:54:18,616] {dag.py:2371} INFO - Sync 1 DAGs
[2022-08-12 02:54:18,707] {logging_mixin.py:115} INFO - [2022-08-12 02:54:18,706] {dag.py:2919} INFO - Setting next_dagrun for example_branch_python_operator_decorator to 2022-08-11T00:00:00+00:00, run_after=2022-08-12T00:00:00+00:00
[2022-08-12 02:54:18,764] {processor.py:161} INFO - Processing /home/airflow/.local/lib/python3.7/site-packages/airflow/example_dags/example_branch_operator_decorator.py took 0.545 seconds
[2022-08-12 02:54:49,319] {processor.py:153} INFO - Started process (PID=1366) to work on /home/airflow/.local/lib/python3.7/site-packages/airflow/example_dags/example_branch_operator_decorator.py
[2022-08-12 02:54:49,330] {processor.py:641} INFO - Processing file /home/airflow/.local/lib/python3.7/site-packages/airflow/example_dags/example_branch_operator_decorator.py for tasks to queue
[2022-08-12 02:54:49,335] {logging_mixin.py:115} INFO - [2022-08-12 02:54:49,334] {dagbag.py:507} INFO - Filling up the DagBag from /home/airflow/.local/lib/python3.7/site-packages/airflow/example_dags/example_branch_operator_decorator.py
[2022-08-12 02:54:49,451] {processor.py:651} INFO - DAG(s) dict_keys(['example_branch_python_operator_decorator']) retrieved from /home/airflow/.local/lib/python3.7/site-packages/airflow/example_dags/example_branch_operator_decorator.py
[2022-08-12 02:54:49,651] {logging_mixin.py:115} INFO - [2022-08-12 02:54:49,651] {dag.py:2371} INFO - Sync 1 DAGs
[2022-08-12 02:54:49,742] {logging_mixin.py:115} INFO - [2022-08-12 02:54:49,739] {dag.py:2919} INFO - Setting next_dagrun for example_branch_python_operator_decorator to 2022-08-11T00:00:00+00:00, run_after=2022-08-12T00:00:00+00:00
[2022-08-12 02:54:49,790] {processor.py:161} INFO - Processing /home/airflow/.local/lib/python3.7/site-packages/airflow/example_dags/example_branch_operator_decorator.py took 0.532 seconds
[2022-08-12 02:55:20,544] {processor.py:153} INFO - Started process (PID=1418) to work on /home/airflow/.local/lib/python3.7/site-packages/airflow/example_dags/example_branch_operator_decorator.py
[2022-08-12 02:55:20,549] {processor.py:641} INFO - Processing file /home/airflow/.local/lib/python3.7/site-packages/airflow/example_dags/example_branch_operator_decorator.py for tasks to queue
[2022-08-12 02:55:20,559] {logging_mixin.py:115} INFO - [2022-08-12 02:55:20,559] {dagbag.py:507} INFO - Filling up the DagBag from /home/airflow/.local/lib/python3.7/site-packages/airflow/example_dags/example_branch_operator_decorator.py
[2022-08-12 02:55:20,694] {processor.py:651} INFO - DAG(s) dict_keys(['example_branch_python_operator_decorator']) retrieved from /home/airflow/.local/lib/python3.7/site-packages/airflow/example_dags/example_branch_operator_decorator.py
[2022-08-12 02:55:20,888] {logging_mixin.py:115} INFO - [2022-08-12 02:55:20,887] {dag.py:2371} INFO - Sync 1 DAGs
[2022-08-12 02:55:21,017] {logging_mixin.py:115} INFO - [2022-08-12 02:55:21,016] {dag.py:2919} INFO - Setting next_dagrun for example_branch_python_operator_decorator to 2022-08-11T00:00:00+00:00, run_after=2022-08-12T00:00:00+00:00
[2022-08-12 02:55:21,063] {processor.py:161} INFO - Processing /home/airflow/.local/lib/python3.7/site-packages/airflow/example_dags/example_branch_operator_decorator.py took 0.556 seconds
[2022-08-12 02:55:51,240] {processor.py:153} INFO - Started process (PID=1470) to work on /home/airflow/.local/lib/python3.7/site-packages/airflow/example_dags/example_branch_operator_decorator.py
[2022-08-12 02:55:51,244] {processor.py:641} INFO - Processing file /home/airflow/.local/lib/python3.7/site-packages/airflow/example_dags/example_branch_operator_decorator.py for tasks to queue
[2022-08-12 02:55:51,248] {logging_mixin.py:115} INFO - [2022-08-12 02:55:51,248] {dagbag.py:507} INFO - Filling up the DagBag from /home/airflow/.local/lib/python3.7/site-packages/airflow/example_dags/example_branch_operator_decorator.py
[2022-08-12 02:55:51,304] {processor.py:651} INFO - DAG(s) dict_keys(['example_branch_python_operator_decorator']) retrieved from /home/airflow/.local/lib/python3.7/site-packages/airflow/example_dags/example_branch_operator_decorator.py
[2022-08-12 02:55:51,369] {logging_mixin.py:115} INFO - [2022-08-12 02:55:51,369] {dag.py:2371} INFO - Sync 1 DAGs
[2022-08-12 02:55:51,442] {logging_mixin.py:115} INFO - [2022-08-12 02:55:51,442] {dag.py:2919} INFO - Setting next_dagrun for example_branch_python_operator_decorator to 2022-08-11T00:00:00+00:00, run_after=2022-08-12T00:00:00+00:00
[2022-08-12 02:55:51,509] {processor.py:161} INFO - Processing /home/airflow/.local/lib/python3.7/site-packages/airflow/example_dags/example_branch_operator_decorator.py took 0.281 seconds
[2022-08-12 02:56:21,589] {processor.py:153} INFO - Started process (PID=1523) to work on /home/airflow/.local/lib/python3.7/site-packages/airflow/example_dags/example_branch_operator_decorator.py
[2022-08-12 02:56:21,591] {processor.py:641} INFO - Processing file /home/airflow/.local/lib/python3.7/site-packages/airflow/example_dags/example_branch_operator_decorator.py for tasks to queue
[2022-08-12 02:56:21,593] {logging_mixin.py:115} INFO - [2022-08-12 02:56:21,592] {dagbag.py:507} INFO - Filling up the DagBag from /home/airflow/.local/lib/python3.7/site-packages/airflow/example_dags/example_branch_operator_decorator.py
[2022-08-12 02:56:21,634] {processor.py:651} INFO - DAG(s) dict_keys(['example_branch_python_operator_decorator']) retrieved from /home/airflow/.local/lib/python3.7/site-packages/airflow/example_dags/example_branch_operator_decorator.py
[2022-08-12 02:56:21,679] {logging_mixin.py:115} INFO - [2022-08-12 02:56:21,679] {dag.py:2371} INFO - Sync 1 DAGs
[2022-08-12 02:56:21,715] {logging_mixin.py:115} INFO - [2022-08-12 02:56:21,715] {dag.py:2919} INFO - Setting next_dagrun for example_branch_python_operator_decorator to 2022-08-11T00:00:00+00:00, run_after=2022-08-12T00:00:00+00:00
[2022-08-12 02:56:21,737] {processor.py:161} INFO - Processing /home/airflow/.local/lib/python3.7/site-packages/airflow/example_dags/example_branch_operator_decorator.py took 0.153 seconds
[2022-08-12 02:56:51,849] {processor.py:153} INFO - Started process (PID=1575) to work on /home/airflow/.local/lib/python3.7/site-packages/airflow/example_dags/example_branch_operator_decorator.py
[2022-08-12 02:56:51,851] {processor.py:641} INFO - Processing file /home/airflow/.local/lib/python3.7/site-packages/airflow/example_dags/example_branch_operator_decorator.py for tasks to queue
[2022-08-12 02:56:51,852] {logging_mixin.py:115} INFO - [2022-08-12 02:56:51,852] {dagbag.py:507} INFO - Filling up the DagBag from /home/airflow/.local/lib/python3.7/site-packages/airflow/example_dags/example_branch_operator_decorator.py
[2022-08-12 02:56:51,886] {processor.py:651} INFO - DAG(s) dict_keys(['example_branch_python_operator_decorator']) retrieved from /home/airflow/.local/lib/python3.7/site-packages/airflow/example_dags/example_branch_operator_decorator.py
[2022-08-12 02:56:51,927] {logging_mixin.py:115} INFO - [2022-08-12 02:56:51,927] {dag.py:2371} INFO - Sync 1 DAGs
[2022-08-12 02:56:51,958] {logging_mixin.py:115} INFO - [2022-08-12 02:56:51,958] {dag.py:2919} INFO - Setting next_dagrun for example_branch_python_operator_decorator to 2022-08-11T00:00:00+00:00, run_after=2022-08-12T00:00:00+00:00
[2022-08-12 02:56:51,976] {processor.py:161} INFO - Processing /home/airflow/.local/lib/python3.7/site-packages/airflow/example_dags/example_branch_operator_decorator.py took 0.133 seconds
[2022-08-12 02:57:22,139] {processor.py:153} INFO - Started process (PID=1636) to work on /home/airflow/.local/lib/python3.7/site-packages/airflow/example_dags/example_branch_operator_decorator.py
[2022-08-12 02:57:22,140] {processor.py:641} INFO - Processing file /home/airflow/.local/lib/python3.7/site-packages/airflow/example_dags/example_branch_operator_decorator.py for tasks to queue
[2022-08-12 02:57:22,142] {logging_mixin.py:115} INFO - [2022-08-12 02:57:22,142] {dagbag.py:507} INFO - Filling up the DagBag from /home/airflow/.local/lib/python3.7/site-packages/airflow/example_dags/example_branch_operator_decorator.py
[2022-08-12 02:57:22,175] {processor.py:651} INFO - DAG(s) dict_keys(['example_branch_python_operator_decorator']) retrieved from /home/airflow/.local/lib/python3.7/site-packages/airflow/example_dags/example_branch_operator_decorator.py
[2022-08-12 02:57:22,217] {logging_mixin.py:115} INFO - [2022-08-12 02:57:22,217] {dag.py:2371} INFO - Sync 1 DAGs
[2022-08-12 02:57:22,248] {logging_mixin.py:115} INFO - [2022-08-12 02:57:22,248] {dag.py:2919} INFO - Setting next_dagrun for example_branch_python_operator_decorator to 2022-08-11T00:00:00+00:00, run_after=2022-08-12T00:00:00+00:00
[2022-08-12 02:57:22,265] {processor.py:161} INFO - Processing /home/airflow/.local/lib/python3.7/site-packages/airflow/example_dags/example_branch_operator_decorator.py took 0.133 seconds
[2022-08-12 02:57:53,085] {processor.py:153} INFO - Started process (PID=1688) to work on /home/airflow/.local/lib/python3.7/site-packages/airflow/example_dags/example_branch_operator_decorator.py
[2022-08-12 02:57:53,087] {processor.py:641} INFO - Processing file /home/airflow/.local/lib/python3.7/site-packages/airflow/example_dags/example_branch_operator_decorator.py for tasks to queue
[2022-08-12 02:57:53,088] {logging_mixin.py:115} INFO - [2022-08-12 02:57:53,088] {dagbag.py:507} INFO - Filling up the DagBag from /home/airflow/.local/lib/python3.7/site-packages/airflow/example_dags/example_branch_operator_decorator.py
[2022-08-12 02:57:53,119] {processor.py:651} INFO - DAG(s) dict_keys(['example_branch_python_operator_decorator']) retrieved from /home/airflow/.local/lib/python3.7/site-packages/airflow/example_dags/example_branch_operator_decorator.py
[2022-08-12 02:57:53,156] {logging_mixin.py:115} INFO - [2022-08-12 02:57:53,156] {dag.py:2371} INFO - Sync 1 DAGs
[2022-08-12 02:57:53,184] {logging_mixin.py:115} INFO - [2022-08-12 02:57:53,184] {dag.py:2919} INFO - Setting next_dagrun for example_branch_python_operator_decorator to 2022-08-11T00:00:00+00:00, run_after=2022-08-12T00:00:00+00:00
[2022-08-12 02:57:53,200] {processor.py:161} INFO - Processing /home/airflow/.local/lib/python3.7/site-packages/airflow/example_dags/example_branch_operator_decorator.py took 0.120 seconds
[2022-08-12 02:58:23,772] {processor.py:153} INFO - Started process (PID=1749) to work on /home/airflow/.local/lib/python3.7/site-packages/airflow/example_dags/example_branch_operator_decorator.py
[2022-08-12 02:58:23,773] {processor.py:641} INFO - Processing file /home/airflow/.local/lib/python3.7/site-packages/airflow/example_dags/example_branch_operator_decorator.py for tasks to queue
[2022-08-12 02:58:23,774] {logging_mixin.py:115} INFO - [2022-08-12 02:58:23,774] {dagbag.py:507} INFO - Filling up the DagBag from /home/airflow/.local/lib/python3.7/site-packages/airflow/example_dags/example_branch_operator_decorator.py
[2022-08-12 02:58:23,799] {processor.py:651} INFO - DAG(s) dict_keys(['example_branch_python_operator_decorator']) retrieved from /home/airflow/.local/lib/python3.7/site-packages/airflow/example_dags/example_branch_operator_decorator.py
[2022-08-12 02:58:23,835] {logging_mixin.py:115} INFO - [2022-08-12 02:58:23,835] {dag.py:2371} INFO - Sync 1 DAGs
[2022-08-12 02:58:23,860] {logging_mixin.py:115} INFO - [2022-08-12 02:58:23,860] {dag.py:2919} INFO - Setting next_dagrun for example_branch_python_operator_decorator to 2022-08-11T00:00:00+00:00, run_after=2022-08-12T00:00:00+00:00
[2022-08-12 02:58:23,876] {processor.py:161} INFO - Processing /home/airflow/.local/lib/python3.7/site-packages/airflow/example_dags/example_branch_operator_decorator.py took 0.109 seconds
[2022-08-12 02:58:54,227] {processor.py:153} INFO - Started process (PID=1810) to work on /home/airflow/.local/lib/python3.7/site-packages/airflow/example_dags/example_branch_operator_decorator.py
[2022-08-12 02:58:54,229] {processor.py:641} INFO - Processing file /home/airflow/.local/lib/python3.7/site-packages/airflow/example_dags/example_branch_operator_decorator.py for tasks to queue
[2022-08-12 02:58:54,230] {logging_mixin.py:115} INFO - [2022-08-12 02:58:54,230] {dagbag.py:507} INFO - Filling up the DagBag from /home/airflow/.local/lib/python3.7/site-packages/airflow/example_dags/example_branch_operator_decorator.py
[2022-08-12 02:58:54,255] {processor.py:651} INFO - DAG(s) dict_keys(['example_branch_python_operator_decorator']) retrieved from /home/airflow/.local/lib/python3.7/site-packages/airflow/example_dags/example_branch_operator_decorator.py
[2022-08-12 02:58:54,292] {logging_mixin.py:115} INFO - [2022-08-12 02:58:54,292] {dag.py:2371} INFO - Sync 1 DAGs
[2022-08-12 02:58:54,319] {logging_mixin.py:115} INFO - [2022-08-12 02:58:54,319] {dag.py:2919} INFO - Setting next_dagrun for example_branch_python_operator_decorator to 2022-08-11T00:00:00+00:00, run_after=2022-08-12T00:00:00+00:00
[2022-08-12 02:58:54,335] {processor.py:161} INFO - Processing /home/airflow/.local/lib/python3.7/site-packages/airflow/example_dags/example_branch_operator_decorator.py took 0.112 seconds
[2022-08-12 02:59:24,466] {processor.py:153} INFO - Started process (PID=1862) to work on /home/airflow/.local/lib/python3.7/site-packages/airflow/example_dags/example_branch_operator_decorator.py
[2022-08-12 02:59:24,467] {processor.py:641} INFO - Processing file /home/airflow/.local/lib/python3.7/site-packages/airflow/example_dags/example_branch_operator_decorator.py for tasks to queue
[2022-08-12 02:59:24,469] {logging_mixin.py:115} INFO - [2022-08-12 02:59:24,468] {dagbag.py:507} INFO - Filling up the DagBag from /home/airflow/.local/lib/python3.7/site-packages/airflow/example_dags/example_branch_operator_decorator.py
[2022-08-12 02:59:24,492] {processor.py:651} INFO - DAG(s) dict_keys(['example_branch_python_operator_decorator']) retrieved from /home/airflow/.local/lib/python3.7/site-packages/airflow/example_dags/example_branch_operator_decorator.py
[2022-08-12 02:59:24,524] {logging_mixin.py:115} INFO - [2022-08-12 02:59:24,524] {dag.py:2371} INFO - Sync 1 DAGs
[2022-08-12 02:59:24,548] {logging_mixin.py:115} INFO - [2022-08-12 02:59:24,548] {dag.py:2919} INFO - Setting next_dagrun for example_branch_python_operator_decorator to 2022-08-11T00:00:00+00:00, run_after=2022-08-12T00:00:00+00:00
[2022-08-12 02:59:24,561] {processor.py:161} INFO - Processing /home/airflow/.local/lib/python3.7/site-packages/airflow/example_dags/example_branch_operator_decorator.py took 0.100 seconds
[2022-08-12 02:59:54,642] {processor.py:153} INFO - Started process (PID=1923) to work on /home/airflow/.local/lib/python3.7/site-packages/airflow/example_dags/example_branch_operator_decorator.py
[2022-08-12 02:59:54,643] {processor.py:641} INFO - Processing file /home/airflow/.local/lib/python3.7/site-packages/airflow/example_dags/example_branch_operator_decorator.py for tasks to queue
[2022-08-12 02:59:54,644] {logging_mixin.py:115} INFO - [2022-08-12 02:59:54,644] {dagbag.py:507} INFO - Filling up the DagBag from /home/airflow/.local/lib/python3.7/site-packages/airflow/example_dags/example_branch_operator_decorator.py
[2022-08-12 02:59:54,667] {processor.py:651} INFO - DAG(s) dict_keys(['example_branch_python_operator_decorator']) retrieved from /home/airflow/.local/lib/python3.7/site-packages/airflow/example_dags/example_branch_operator_decorator.py
[2022-08-12 02:59:54,700] {logging_mixin.py:115} INFO - [2022-08-12 02:59:54,700] {dag.py:2371} INFO - Sync 1 DAGs
[2022-08-12 02:59:54,725] {logging_mixin.py:115} INFO - [2022-08-12 02:59:54,725] {dag.py:2919} INFO - Setting next_dagrun for example_branch_python_operator_decorator to 2022-08-11T00:00:00+00:00, run_after=2022-08-12T00:00:00+00:00
[2022-08-12 02:59:54,739] {processor.py:161} INFO - Processing /home/airflow/.local/lib/python3.7/site-packages/airflow/example_dags/example_branch_operator_decorator.py took 0.102 seconds
[2022-08-12 03:00:25,140] {processor.py:153} INFO - Started process (PID=1984) to work on /home/airflow/.local/lib/python3.7/site-packages/airflow/example_dags/example_branch_operator_decorator.py
[2022-08-12 03:00:25,142] {processor.py:641} INFO - Processing file /home/airflow/.local/lib/python3.7/site-packages/airflow/example_dags/example_branch_operator_decorator.py for tasks to queue
[2022-08-12 03:00:25,143] {logging_mixin.py:115} INFO - [2022-08-12 03:00:25,143] {dagbag.py:507} INFO - Filling up the DagBag from /home/airflow/.local/lib/python3.7/site-packages/airflow/example_dags/example_branch_operator_decorator.py
[2022-08-12 03:00:25,170] {processor.py:651} INFO - DAG(s) dict_keys(['example_branch_python_operator_decorator']) retrieved from /home/airflow/.local/lib/python3.7/site-packages/airflow/example_dags/example_branch_operator_decorator.py
[2022-08-12 03:00:25,207] {logging_mixin.py:115} INFO - [2022-08-12 03:00:25,207] {dag.py:2371} INFO - Sync 1 DAGs
[2022-08-12 03:00:25,235] {logging_mixin.py:115} INFO - [2022-08-12 03:00:25,235] {dag.py:2919} INFO - Setting next_dagrun for example_branch_python_operator_decorator to 2022-08-11T00:00:00+00:00, run_after=2022-08-12T00:00:00+00:00
[2022-08-12 03:00:25,251] {processor.py:161} INFO - Processing /home/airflow/.local/lib/python3.7/site-packages/airflow/example_dags/example_branch_operator_decorator.py took 0.116 seconds
[2022-08-12 03:05:32,289] {processor.py:153} INFO - Started process (PID=2031) to work on /home/airflow/.local/lib/python3.7/site-packages/airflow/example_dags/example_branch_operator_decorator.py
[2022-08-12 03:05:32,295] {processor.py:641} INFO - Processing file /home/airflow/.local/lib/python3.7/site-packages/airflow/example_dags/example_branch_operator_decorator.py for tasks to queue
[2022-08-12 03:05:32,298] {logging_mixin.py:115} INFO - [2022-08-12 03:05:32,298] {dagbag.py:507} INFO - Filling up the DagBag from /home/airflow/.local/lib/python3.7/site-packages/airflow/example_dags/example_branch_operator_decorator.py
[2022-08-12 03:05:32,395] {processor.py:651} INFO - DAG(s) dict_keys(['example_branch_python_operator_decorator']) retrieved from /home/airflow/.local/lib/python3.7/site-packages/airflow/example_dags/example_branch_operator_decorator.py
[2022-08-12 03:05:32,442] {logging_mixin.py:115} INFO - [2022-08-12 03:05:32,442] {dag.py:2371} INFO - Sync 1 DAGs
[2022-08-12 03:05:32,493] {logging_mixin.py:115} INFO - [2022-08-12 03:05:32,493] {dag.py:2919} INFO - Setting next_dagrun for example_branch_python_operator_decorator to 2022-08-11T00:00:00+00:00, run_after=2022-08-12T00:00:00+00:00
[2022-08-12 03:05:32,523] {processor.py:161} INFO - Processing /home/airflow/.local/lib/python3.7/site-packages/airflow/example_dags/example_branch_operator_decorator.py took 0.273 seconds
[2022-08-12 03:06:03,328] {processor.py:153} INFO - Started process (PID=2086) to work on /home/airflow/.local/lib/python3.7/site-packages/airflow/example_dags/example_branch_operator_decorator.py
[2022-08-12 03:06:03,332] {processor.py:641} INFO - Processing file /home/airflow/.local/lib/python3.7/site-packages/airflow/example_dags/example_branch_operator_decorator.py for tasks to queue
[2022-08-12 03:06:03,375] {logging_mixin.py:115} INFO - [2022-08-12 03:06:03,375] {dagbag.py:507} INFO - Filling up the DagBag from /home/airflow/.local/lib/python3.7/site-packages/airflow/example_dags/example_branch_operator_decorator.py
[2022-08-12 03:06:03,445] {processor.py:651} INFO - DAG(s) dict_keys(['example_branch_python_operator_decorator']) retrieved from /home/airflow/.local/lib/python3.7/site-packages/airflow/example_dags/example_branch_operator_decorator.py
[2022-08-12 03:06:03,528] {logging_mixin.py:115} INFO - [2022-08-12 03:06:03,528] {dag.py:2371} INFO - Sync 1 DAGs
[2022-08-12 03:06:03,585] {logging_mixin.py:115} INFO - [2022-08-12 03:06:03,585] {dag.py:2919} INFO - Setting next_dagrun for example_branch_python_operator_decorator to 2022-08-11T00:00:00+00:00, run_after=2022-08-12T00:00:00+00:00
[2022-08-12 03:06:03,614] {processor.py:161} INFO - Processing /home/airflow/.local/lib/python3.7/site-packages/airflow/example_dags/example_branch_operator_decorator.py took 0.302 seconds
[2022-08-12 03:11:05,315] {processor.py:153} INFO - Started process (PID=2139) to work on /home/airflow/.local/lib/python3.7/site-packages/airflow/example_dags/example_branch_operator_decorator.py
[2022-08-12 03:11:05,316] {processor.py:641} INFO - Processing file /home/airflow/.local/lib/python3.7/site-packages/airflow/example_dags/example_branch_operator_decorator.py for tasks to queue
[2022-08-12 03:11:05,318] {logging_mixin.py:115} INFO - [2022-08-12 03:11:05,318] {dagbag.py:507} INFO - Filling up the DagBag from /home/airflow/.local/lib/python3.7/site-packages/airflow/example_dags/example_branch_operator_decorator.py
[2022-08-12 03:11:05,368] {processor.py:651} INFO - DAG(s) dict_keys(['example_branch_python_operator_decorator']) retrieved from /home/airflow/.local/lib/python3.7/site-packages/airflow/example_dags/example_branch_operator_decorator.py
[2022-08-12 03:11:05,431] {logging_mixin.py:115} INFO - [2022-08-12 03:11:05,431] {dag.py:2371} INFO - Sync 1 DAGs
[2022-08-12 03:11:05,473] {logging_mixin.py:115} INFO - [2022-08-12 03:11:05,473] {dag.py:2919} INFO - Setting next_dagrun for example_branch_python_operator_decorator to 2022-08-11T00:00:00+00:00, run_after=2022-08-12T00:00:00+00:00
[2022-08-12 03:11:05,519] {processor.py:161} INFO - Processing /home/airflow/.local/lib/python3.7/site-packages/airflow/example_dags/example_branch_operator_decorator.py took 0.209 seconds
[2022-08-12 03:11:35,981] {processor.py:153} INFO - Started process (PID=2191) to work on /home/airflow/.local/lib/python3.7/site-packages/airflow/example_dags/example_branch_operator_decorator.py
[2022-08-12 03:11:35,983] {processor.py:641} INFO - Processing file /home/airflow/.local/lib/python3.7/site-packages/airflow/example_dags/example_branch_operator_decorator.py for tasks to queue
[2022-08-12 03:11:35,986] {logging_mixin.py:115} INFO - [2022-08-12 03:11:35,986] {dagbag.py:507} INFO - Filling up the DagBag from /home/airflow/.local/lib/python3.7/site-packages/airflow/example_dags/example_branch_operator_decorator.py
[2022-08-12 03:11:36,036] {processor.py:651} INFO - DAG(s) dict_keys(['example_branch_python_operator_decorator']) retrieved from /home/airflow/.local/lib/python3.7/site-packages/airflow/example_dags/example_branch_operator_decorator.py
[2022-08-12 03:11:36,108] {logging_mixin.py:115} INFO - [2022-08-12 03:11:36,108] {dag.py:2371} INFO - Sync 1 DAGs
[2022-08-12 03:11:36,166] {logging_mixin.py:115} INFO - [2022-08-12 03:11:36,166] {dag.py:2919} INFO - Setting next_dagrun for example_branch_python_operator_decorator to 2022-08-11T00:00:00+00:00, run_after=2022-08-12T00:00:00+00:00
[2022-08-12 03:11:36,198] {processor.py:161} INFO - Processing /home/airflow/.local/lib/python3.7/site-packages/airflow/example_dags/example_branch_operator_decorator.py took 0.226 seconds
[2022-08-12 03:16:37,292] {processor.py:153} INFO - Started process (PID=2234) to work on /home/airflow/.local/lib/python3.7/site-packages/airflow/example_dags/example_branch_operator_decorator.py
[2022-08-12 03:16:37,322] {processor.py:641} INFO - Processing file /home/airflow/.local/lib/python3.7/site-packages/airflow/example_dags/example_branch_operator_decorator.py for tasks to queue
[2022-08-12 03:16:37,336] {logging_mixin.py:115} INFO - [2022-08-12 03:16:37,336] {dagbag.py:507} INFO - Filling up the DagBag from /home/airflow/.local/lib/python3.7/site-packages/airflow/example_dags/example_branch_operator_decorator.py
[2022-08-12 03:16:37,435] {processor.py:651} INFO - DAG(s) dict_keys(['example_branch_python_operator_decorator']) retrieved from /home/airflow/.local/lib/python3.7/site-packages/airflow/example_dags/example_branch_operator_decorator.py
[2022-08-12 03:16:37,477] {logging_mixin.py:115} INFO - [2022-08-12 03:16:37,477] {dag.py:2371} INFO - Sync 1 DAGs
[2022-08-12 03:16:37,541] {logging_mixin.py:115} INFO - [2022-08-12 03:16:37,541] {dag.py:2919} INFO - Setting next_dagrun for example_branch_python_operator_decorator to 2022-08-11T00:00:00+00:00, run_after=2022-08-12T00:00:00+00:00
[2022-08-12 03:16:37,566] {processor.py:161} INFO - Processing /home/airflow/.local/lib/python3.7/site-packages/airflow/example_dags/example_branch_operator_decorator.py took 0.283 seconds
[2022-08-12 03:17:08,400] {processor.py:153} INFO - Started process (PID=2294) to work on /home/airflow/.local/lib/python3.7/site-packages/airflow/example_dags/example_branch_operator_decorator.py
[2022-08-12 03:17:08,403] {processor.py:641} INFO - Processing file /home/airflow/.local/lib/python3.7/site-packages/airflow/example_dags/example_branch_operator_decorator.py for tasks to queue
[2022-08-12 03:17:08,406] {logging_mixin.py:115} INFO - [2022-08-12 03:17:08,406] {dagbag.py:507} INFO - Filling up the DagBag from /home/airflow/.local/lib/python3.7/site-packages/airflow/example_dags/example_branch_operator_decorator.py
[2022-08-12 03:17:08,515] {processor.py:651} INFO - DAG(s) dict_keys(['example_branch_python_operator_decorator']) retrieved from /home/airflow/.local/lib/python3.7/site-packages/airflow/example_dags/example_branch_operator_decorator.py
[2022-08-12 03:17:08,624] {logging_mixin.py:115} INFO - [2022-08-12 03:17:08,624] {dag.py:2371} INFO - Sync 1 DAGs
[2022-08-12 03:17:08,705] {logging_mixin.py:115} INFO - [2022-08-12 03:17:08,704] {dag.py:2919} INFO - Setting next_dagrun for example_branch_python_operator_decorator to 2022-08-11T00:00:00+00:00, run_after=2022-08-12T00:00:00+00:00
[2022-08-12 03:17:08,735] {processor.py:161} INFO - Processing /home/airflow/.local/lib/python3.7/site-packages/airflow/example_dags/example_branch_operator_decorator.py took 0.353 seconds
[2022-08-12 03:22:10,721] {processor.py:153} INFO - Started process (PID=2343) to work on /home/airflow/.local/lib/python3.7/site-packages/airflow/example_dags/example_branch_operator_decorator.py
[2022-08-12 03:22:10,724] {processor.py:641} INFO - Processing file /home/airflow/.local/lib/python3.7/site-packages/airflow/example_dags/example_branch_operator_decorator.py for tasks to queue
[2022-08-12 03:22:10,727] {logging_mixin.py:115} INFO - [2022-08-12 03:22:10,727] {dagbag.py:507} INFO - Filling up the DagBag from /home/airflow/.local/lib/python3.7/site-packages/airflow/example_dags/example_branch_operator_decorator.py
[2022-08-12 03:22:10,812] {processor.py:651} INFO - DAG(s) dict_keys(['example_branch_python_operator_decorator']) retrieved from /home/airflow/.local/lib/python3.7/site-packages/airflow/example_dags/example_branch_operator_decorator.py
[2022-08-12 03:22:10,903] {logging_mixin.py:115} INFO - [2022-08-12 03:22:10,903] {dag.py:2371} INFO - Sync 1 DAGs
[2022-08-12 03:22:10,989] {logging_mixin.py:115} INFO - [2022-08-12 03:22:10,989] {dag.py:2919} INFO - Setting next_dagrun for example_branch_python_operator_decorator to 2022-08-11T00:00:00+00:00, run_after=2022-08-12T00:00:00+00:00
[2022-08-12 03:22:11,036] {processor.py:161} INFO - Processing /home/airflow/.local/lib/python3.7/site-packages/airflow/example_dags/example_branch_operator_decorator.py took 0.348 seconds
[2022-08-12 03:22:41,717] {processor.py:153} INFO - Started process (PID=2398) to work on /home/airflow/.local/lib/python3.7/site-packages/airflow/example_dags/example_branch_operator_decorator.py
[2022-08-12 03:22:41,720] {processor.py:641} INFO - Processing file /home/airflow/.local/lib/python3.7/site-packages/airflow/example_dags/example_branch_operator_decorator.py for tasks to queue
[2022-08-12 03:22:41,723] {logging_mixin.py:115} INFO - [2022-08-12 03:22:41,723] {dagbag.py:507} INFO - Filling up the DagBag from /home/airflow/.local/lib/python3.7/site-packages/airflow/example_dags/example_branch_operator_decorator.py
[2022-08-12 03:22:41,783] {processor.py:651} INFO - DAG(s) dict_keys(['example_branch_python_operator_decorator']) retrieved from /home/airflow/.local/lib/python3.7/site-packages/airflow/example_dags/example_branch_operator_decorator.py
[2022-08-12 03:22:41,869] {logging_mixin.py:115} INFO - [2022-08-12 03:22:41,869] {dag.py:2371} INFO - Sync 1 DAGs
[2022-08-12 03:22:41,929] {logging_mixin.py:115} INFO - [2022-08-12 03:22:41,929] {dag.py:2919} INFO - Setting next_dagrun for example_branch_python_operator_decorator to 2022-08-11T00:00:00+00:00, run_after=2022-08-12T00:00:00+00:00
[2022-08-12 03:22:41,964] {processor.py:161} INFO - Processing /home/airflow/.local/lib/python3.7/site-packages/airflow/example_dags/example_branch_operator_decorator.py took 0.256 seconds
[2022-08-12 03:27:44,199] {processor.py:153} INFO - Started process (PID=2451) to work on /home/airflow/.local/lib/python3.7/site-packages/airflow/example_dags/example_branch_operator_decorator.py
[2022-08-12 03:27:44,205] {processor.py:641} INFO - Processing file /home/airflow/.local/lib/python3.7/site-packages/airflow/example_dags/example_branch_operator_decorator.py for tasks to queue
[2022-08-12 03:27:44,209] {logging_mixin.py:115} INFO - [2022-08-12 03:27:44,209] {dagbag.py:507} INFO - Filling up the DagBag from /home/airflow/.local/lib/python3.7/site-packages/airflow/example_dags/example_branch_operator_decorator.py
[2022-08-12 03:27:44,299] {processor.py:651} INFO - DAG(s) dict_keys(['example_branch_python_operator_decorator']) retrieved from /home/airflow/.local/lib/python3.7/site-packages/airflow/example_dags/example_branch_operator_decorator.py
[2022-08-12 03:27:44,424] {logging_mixin.py:115} INFO - [2022-08-12 03:27:44,423] {dag.py:2371} INFO - Sync 1 DAGs
[2022-08-12 03:27:44,516] {logging_mixin.py:115} INFO - [2022-08-12 03:27:44,516] {dag.py:2919} INFO - Setting next_dagrun for example_branch_python_operator_decorator to 2022-08-11T00:00:00+00:00, run_after=2022-08-12T00:00:00+00:00
[2022-08-12 03:27:44,584] {processor.py:161} INFO - Processing /home/airflow/.local/lib/python3.7/site-packages/airflow/example_dags/example_branch_operator_decorator.py took 0.403 seconds
[2022-08-12 03:28:15,309] {processor.py:153} INFO - Started process (PID=2502) to work on /home/airflow/.local/lib/python3.7/site-packages/airflow/example_dags/example_branch_operator_decorator.py
[2022-08-12 03:28:15,313] {processor.py:641} INFO - Processing file /home/airflow/.local/lib/python3.7/site-packages/airflow/example_dags/example_branch_operator_decorator.py for tasks to queue
[2022-08-12 03:28:15,316] {logging_mixin.py:115} INFO - [2022-08-12 03:28:15,315] {dagbag.py:507} INFO - Filling up the DagBag from /home/airflow/.local/lib/python3.7/site-packages/airflow/example_dags/example_branch_operator_decorator.py
[2022-08-12 03:28:15,383] {processor.py:651} INFO - DAG(s) dict_keys(['example_branch_python_operator_decorator']) retrieved from /home/airflow/.local/lib/python3.7/site-packages/airflow/example_dags/example_branch_operator_decorator.py
[2022-08-12 03:28:15,460] {logging_mixin.py:115} INFO - [2022-08-12 03:28:15,460] {dag.py:2371} INFO - Sync 1 DAGs
[2022-08-12 03:28:15,518] {logging_mixin.py:115} INFO - [2022-08-12 03:28:15,518] {dag.py:2919} INFO - Setting next_dagrun for example_branch_python_operator_decorator to 2022-08-11T00:00:00+00:00, run_after=2022-08-12T00:00:00+00:00
[2022-08-12 03:28:15,556] {processor.py:161} INFO - Processing /home/airflow/.local/lib/python3.7/site-packages/airflow/example_dags/example_branch_operator_decorator.py took 0.258 seconds
[2022-08-12 03:33:15,780] {processor.py:153} INFO - Started process (PID=2551) to work on /home/airflow/.local/lib/python3.7/site-packages/airflow/example_dags/example_branch_operator_decorator.py
[2022-08-12 03:33:15,782] {processor.py:641} INFO - Processing file /home/airflow/.local/lib/python3.7/site-packages/airflow/example_dags/example_branch_operator_decorator.py for tasks to queue
[2022-08-12 03:33:15,784] {logging_mixin.py:115} INFO - [2022-08-12 03:33:15,784] {dagbag.py:507} INFO - Filling up the DagBag from /home/airflow/.local/lib/python3.7/site-packages/airflow/example_dags/example_branch_operator_decorator.py
[2022-08-12 03:33:15,872] {processor.py:651} INFO - DAG(s) dict_keys(['example_branch_python_operator_decorator']) retrieved from /home/airflow/.local/lib/python3.7/site-packages/airflow/example_dags/example_branch_operator_decorator.py
[2022-08-12 03:33:15,984] {logging_mixin.py:115} INFO - [2022-08-12 03:33:15,983] {dag.py:2371} INFO - Sync 1 DAGs
[2022-08-12 03:33:16,050] {logging_mixin.py:115} INFO - [2022-08-12 03:33:16,049] {dag.py:2919} INFO - Setting next_dagrun for example_branch_python_operator_decorator to 2022-08-11T00:00:00+00:00, run_after=2022-08-12T00:00:00+00:00
[2022-08-12 03:33:16,096] {processor.py:161} INFO - Processing /home/airflow/.local/lib/python3.7/site-packages/airflow/example_dags/example_branch_operator_decorator.py took 0.320 seconds
[2022-08-12 03:33:46,653] {processor.py:153} INFO - Started process (PID=2606) to work on /home/airflow/.local/lib/python3.7/site-packages/airflow/example_dags/example_branch_operator_decorator.py
[2022-08-12 03:33:46,664] {processor.py:641} INFO - Processing file /home/airflow/.local/lib/python3.7/site-packages/airflow/example_dags/example_branch_operator_decorator.py for tasks to queue
[2022-08-12 03:33:46,669] {logging_mixin.py:115} INFO - [2022-08-12 03:33:46,668] {dagbag.py:507} INFO - Filling up the DagBag from /home/airflow/.local/lib/python3.7/site-packages/airflow/example_dags/example_branch_operator_decorator.py
[2022-08-12 03:33:46,780] {processor.py:651} INFO - DAG(s) dict_keys(['example_branch_python_operator_decorator']) retrieved from /home/airflow/.local/lib/python3.7/site-packages/airflow/example_dags/example_branch_operator_decorator.py
[2022-08-12 03:33:46,884] {logging_mixin.py:115} INFO - [2022-08-12 03:33:46,883] {dag.py:2371} INFO - Sync 1 DAGs
[2022-08-12 03:33:46,946] {logging_mixin.py:115} INFO - [2022-08-12 03:33:46,945] {dag.py:2919} INFO - Setting next_dagrun for example_branch_python_operator_decorator to 2022-08-11T00:00:00+00:00, run_after=2022-08-12T00:00:00+00:00
[2022-08-12 03:33:46,983] {processor.py:161} INFO - Processing /home/airflow/.local/lib/python3.7/site-packages/airflow/example_dags/example_branch_operator_decorator.py took 0.341 seconds
[2022-08-12 03:38:48,089] {processor.py:153} INFO - Started process (PID=2656) to work on /home/airflow/.local/lib/python3.7/site-packages/airflow/example_dags/example_branch_operator_decorator.py
[2022-08-12 03:38:48,097] {processor.py:641} INFO - Processing file /home/airflow/.local/lib/python3.7/site-packages/airflow/example_dags/example_branch_operator_decorator.py for tasks to queue
[2022-08-12 03:38:48,098] {logging_mixin.py:115} INFO - [2022-08-12 03:38:48,098] {dagbag.py:507} INFO - Filling up the DagBag from /home/airflow/.local/lib/python3.7/site-packages/airflow/example_dags/example_branch_operator_decorator.py
[2022-08-12 03:38:48,172] {processor.py:651} INFO - DAG(s) dict_keys(['example_branch_python_operator_decorator']) retrieved from /home/airflow/.local/lib/python3.7/site-packages/airflow/example_dags/example_branch_operator_decorator.py
[2022-08-12 03:38:48,245] {logging_mixin.py:115} INFO - [2022-08-12 03:38:48,245] {dag.py:2371} INFO - Sync 1 DAGs
[2022-08-12 03:38:48,301] {logging_mixin.py:115} INFO - [2022-08-12 03:38:48,300] {dag.py:2919} INFO - Setting next_dagrun for example_branch_python_operator_decorator to 2022-08-11T00:00:00+00:00, run_after=2022-08-12T00:00:00+00:00
[2022-08-12 03:38:48,348] {processor.py:161} INFO - Processing /home/airflow/.local/lib/python3.7/site-packages/airflow/example_dags/example_branch_operator_decorator.py took 0.264 seconds
[2022-08-12 03:39:18,765] {processor.py:153} INFO - Started process (PID=2710) to work on /home/airflow/.local/lib/python3.7/site-packages/airflow/example_dags/example_branch_operator_decorator.py
[2022-08-12 03:39:18,770] {processor.py:641} INFO - Processing file /home/airflow/.local/lib/python3.7/site-packages/airflow/example_dags/example_branch_operator_decorator.py for tasks to queue
[2022-08-12 03:39:18,788] {logging_mixin.py:115} INFO - [2022-08-12 03:39:18,788] {dagbag.py:507} INFO - Filling up the DagBag from /home/airflow/.local/lib/python3.7/site-packages/airflow/example_dags/example_branch_operator_decorator.py
[2022-08-12 03:39:18,905] {processor.py:651} INFO - DAG(s) dict_keys(['example_branch_python_operator_decorator']) retrieved from /home/airflow/.local/lib/python3.7/site-packages/airflow/example_dags/example_branch_operator_decorator.py
[2022-08-12 03:39:19,058] {logging_mixin.py:115} INFO - [2022-08-12 03:39:19,057] {dag.py:2371} INFO - Sync 1 DAGs
[2022-08-12 03:39:19,132] {logging_mixin.py:115} INFO - [2022-08-12 03:39:19,132] {dag.py:2919} INFO - Setting next_dagrun for example_branch_python_operator_decorator to 2022-08-11T00:00:00+00:00, run_after=2022-08-12T00:00:00+00:00
[2022-08-12 03:39:19,192] {processor.py:161} INFO - Processing /home/airflow/.local/lib/python3.7/site-packages/airflow/example_dags/example_branch_operator_decorator.py took 0.483 seconds
[2022-08-12 03:44:27,753] {processor.py:153} INFO - Started process (PID=2764) to work on /home/airflow/.local/lib/python3.7/site-packages/airflow/example_dags/example_branch_operator_decorator.py
[2022-08-12 03:44:27,755] {processor.py:641} INFO - Processing file /home/airflow/.local/lib/python3.7/site-packages/airflow/example_dags/example_branch_operator_decorator.py for tasks to queue
[2022-08-12 03:44:27,756] {logging_mixin.py:115} INFO - [2022-08-12 03:44:27,756] {dagbag.py:507} INFO - Filling up the DagBag from /home/airflow/.local/lib/python3.7/site-packages/airflow/example_dags/example_branch_operator_decorator.py
[2022-08-12 03:44:27,814] {processor.py:651} INFO - DAG(s) dict_keys(['example_branch_python_operator_decorator']) retrieved from /home/airflow/.local/lib/python3.7/site-packages/airflow/example_dags/example_branch_operator_decorator.py
[2022-08-12 03:44:27,858] {logging_mixin.py:115} INFO - [2022-08-12 03:44:27,857] {dag.py:2371} INFO - Sync 1 DAGs
[2022-08-12 03:44:27,900] {logging_mixin.py:115} INFO - [2022-08-12 03:44:27,899] {dag.py:2919} INFO - Setting next_dagrun for example_branch_python_operator_decorator to 2022-08-11T00:00:00+00:00, run_after=2022-08-12T00:00:00+00:00
[2022-08-12 03:44:27,916] {processor.py:161} INFO - Processing /home/airflow/.local/lib/python3.7/site-packages/airflow/example_dags/example_branch_operator_decorator.py took 0.177 seconds
[2022-08-12 03:44:58,505] {processor.py:153} INFO - Started process (PID=2816) to work on /home/airflow/.local/lib/python3.7/site-packages/airflow/example_dags/example_branch_operator_decorator.py
[2022-08-12 03:44:58,509] {processor.py:641} INFO - Processing file /home/airflow/.local/lib/python3.7/site-packages/airflow/example_dags/example_branch_operator_decorator.py for tasks to queue
[2022-08-12 03:44:58,512] {logging_mixin.py:115} INFO - [2022-08-12 03:44:58,512] {dagbag.py:507} INFO - Filling up the DagBag from /home/airflow/.local/lib/python3.7/site-packages/airflow/example_dags/example_branch_operator_decorator.py
[2022-08-12 03:44:58,577] {processor.py:651} INFO - DAG(s) dict_keys(['example_branch_python_operator_decorator']) retrieved from /home/airflow/.local/lib/python3.7/site-packages/airflow/example_dags/example_branch_operator_decorator.py
[2022-08-12 03:44:58,661] {logging_mixin.py:115} INFO - [2022-08-12 03:44:58,661] {dag.py:2371} INFO - Sync 1 DAGs
[2022-08-12 03:44:58,722] {logging_mixin.py:115} INFO - [2022-08-12 03:44:58,722] {dag.py:2919} INFO - Setting next_dagrun for example_branch_python_operator_decorator to 2022-08-11T00:00:00+00:00, run_after=2022-08-12T00:00:00+00:00
[2022-08-12 03:44:58,755] {processor.py:161} INFO - Processing /home/airflow/.local/lib/python3.7/site-packages/airflow/example_dags/example_branch_operator_decorator.py took 0.263 seconds
[2022-08-12 03:49:59,971] {processor.py:153} INFO - Started process (PID=2868) to work on /home/airflow/.local/lib/python3.7/site-packages/airflow/example_dags/example_branch_operator_decorator.py
[2022-08-12 03:49:59,986] {processor.py:641} INFO - Processing file /home/airflow/.local/lib/python3.7/site-packages/airflow/example_dags/example_branch_operator_decorator.py for tasks to queue
[2022-08-12 03:49:59,993] {logging_mixin.py:115} INFO - [2022-08-12 03:49:59,993] {dagbag.py:507} INFO - Filling up the DagBag from /home/airflow/.local/lib/python3.7/site-packages/airflow/example_dags/example_branch_operator_decorator.py
[2022-08-12 03:50:00,112] {processor.py:651} INFO - DAG(s) dict_keys(['example_branch_python_operator_decorator']) retrieved from /home/airflow/.local/lib/python3.7/site-packages/airflow/example_dags/example_branch_operator_decorator.py
[2022-08-12 03:50:00,255] {logging_mixin.py:115} INFO - [2022-08-12 03:50:00,255] {dag.py:2371} INFO - Sync 1 DAGs
[2022-08-12 03:50:00,375] {logging_mixin.py:115} INFO - [2022-08-12 03:50:00,375] {dag.py:2919} INFO - Setting next_dagrun for example_branch_python_operator_decorator to 2022-08-11T00:00:00+00:00, run_after=2022-08-12T00:00:00+00:00
[2022-08-12 03:50:00,442] {processor.py:161} INFO - Processing /home/airflow/.local/lib/python3.7/site-packages/airflow/example_dags/example_branch_operator_decorator.py took 0.476 seconds
[2022-08-12 03:50:30,699] {processor.py:153} INFO - Started process (PID=2921) to work on /home/airflow/.local/lib/python3.7/site-packages/airflow/example_dags/example_branch_operator_decorator.py
[2022-08-12 03:50:30,703] {processor.py:641} INFO - Processing file /home/airflow/.local/lib/python3.7/site-packages/airflow/example_dags/example_branch_operator_decorator.py for tasks to queue
[2022-08-12 03:50:30,706] {logging_mixin.py:115} INFO - [2022-08-12 03:50:30,705] {dagbag.py:507} INFO - Filling up the DagBag from /home/airflow/.local/lib/python3.7/site-packages/airflow/example_dags/example_branch_operator_decorator.py
[2022-08-12 03:50:30,766] {processor.py:651} INFO - DAG(s) dict_keys(['example_branch_python_operator_decorator']) retrieved from /home/airflow/.local/lib/python3.7/site-packages/airflow/example_dags/example_branch_operator_decorator.py
[2022-08-12 03:50:30,853] {logging_mixin.py:115} INFO - [2022-08-12 03:50:30,853] {dag.py:2371} INFO - Sync 1 DAGs
[2022-08-12 03:50:30,918] {logging_mixin.py:115} INFO - [2022-08-12 03:50:30,917] {dag.py:2919} INFO - Setting next_dagrun for example_branch_python_operator_decorator to 2022-08-11T00:00:00+00:00, run_after=2022-08-12T00:00:00+00:00
[2022-08-12 03:50:30,956] {processor.py:161} INFO - Processing /home/airflow/.local/lib/python3.7/site-packages/airflow/example_dags/example_branch_operator_decorator.py took 0.267 seconds
[2022-08-12 03:55:30,607] {processor.py:153} INFO - Started process (PID=2963) to work on /home/airflow/.local/lib/python3.7/site-packages/airflow/example_dags/example_branch_operator_decorator.py
[2022-08-12 03:55:30,616] {processor.py:641} INFO - Processing file /home/airflow/.local/lib/python3.7/site-packages/airflow/example_dags/example_branch_operator_decorator.py for tasks to queue
[2022-08-12 03:55:30,622] {logging_mixin.py:115} INFO - [2022-08-12 03:55:30,622] {dagbag.py:507} INFO - Filling up the DagBag from /home/airflow/.local/lib/python3.7/site-packages/airflow/example_dags/example_branch_operator_decorator.py
[2022-08-12 03:55:30,768] {processor.py:651} INFO - DAG(s) dict_keys(['example_branch_python_operator_decorator']) retrieved from /home/airflow/.local/lib/python3.7/site-packages/airflow/example_dags/example_branch_operator_decorator.py
[2022-08-12 03:55:30,857] {logging_mixin.py:115} INFO - [2022-08-12 03:55:30,857] {dag.py:2371} INFO - Sync 1 DAGs
[2022-08-12 03:55:30,889] {logging_mixin.py:115} INFO - [2022-08-12 03:55:30,889] {dag.py:2919} INFO - Setting next_dagrun for example_branch_python_operator_decorator to 2022-08-11T00:00:00+00:00, run_after=2022-08-12T00:00:00+00:00
[2022-08-12 03:55:30,922] {processor.py:161} INFO - Processing /home/airflow/.local/lib/python3.7/site-packages/airflow/example_dags/example_branch_operator_decorator.py took 0.325 seconds
[2022-08-12 03:56:01,417] {processor.py:153} INFO - Started process (PID=3022) to work on /home/airflow/.local/lib/python3.7/site-packages/airflow/example_dags/example_branch_operator_decorator.py
[2022-08-12 03:56:01,420] {processor.py:641} INFO - Processing file /home/airflow/.local/lib/python3.7/site-packages/airflow/example_dags/example_branch_operator_decorator.py for tasks to queue
[2022-08-12 03:56:01,424] {logging_mixin.py:115} INFO - [2022-08-12 03:56:01,423] {dagbag.py:507} INFO - Filling up the DagBag from /home/airflow/.local/lib/python3.7/site-packages/airflow/example_dags/example_branch_operator_decorator.py
[2022-08-12 03:56:01,568] {processor.py:651} INFO - DAG(s) dict_keys(['example_branch_python_operator_decorator']) retrieved from /home/airflow/.local/lib/python3.7/site-packages/airflow/example_dags/example_branch_operator_decorator.py
[2022-08-12 03:56:01,656] {logging_mixin.py:115} INFO - [2022-08-12 03:56:01,656] {dag.py:2371} INFO - Sync 1 DAGs
[2022-08-12 03:56:01,759] {logging_mixin.py:115} INFO - [2022-08-12 03:56:01,759] {dag.py:2919} INFO - Setting next_dagrun for example_branch_python_operator_decorator to 2022-08-11T00:00:00+00:00, run_after=2022-08-12T00:00:00+00:00
[2022-08-12 03:56:01,830] {processor.py:161} INFO - Processing /home/airflow/.local/lib/python3.7/site-packages/airflow/example_dags/example_branch_operator_decorator.py took 0.424 seconds
[2022-08-12 03:56:32,610] {processor.py:153} INFO - Started process (PID=3074) to work on /home/airflow/.local/lib/python3.7/site-packages/airflow/example_dags/example_branch_operator_decorator.py
[2022-08-12 03:56:32,614] {processor.py:641} INFO - Processing file /home/airflow/.local/lib/python3.7/site-packages/airflow/example_dags/example_branch_operator_decorator.py for tasks to queue
[2022-08-12 03:56:32,617] {logging_mixin.py:115} INFO - [2022-08-12 03:56:32,616] {dagbag.py:507} INFO - Filling up the DagBag from /home/airflow/.local/lib/python3.7/site-packages/airflow/example_dags/example_branch_operator_decorator.py
[2022-08-12 03:56:32,668] {processor.py:651} INFO - DAG(s) dict_keys(['example_branch_python_operator_decorator']) retrieved from /home/airflow/.local/lib/python3.7/site-packages/airflow/example_dags/example_branch_operator_decorator.py
[2022-08-12 03:56:32,729] {logging_mixin.py:115} INFO - [2022-08-12 03:56:32,729] {dag.py:2371} INFO - Sync 1 DAGs
[2022-08-12 03:56:32,799] {logging_mixin.py:115} INFO - [2022-08-12 03:56:32,799] {dag.py:2919} INFO - Setting next_dagrun for example_branch_python_operator_decorator to 2022-08-11T00:00:00+00:00, run_after=2022-08-12T00:00:00+00:00
[2022-08-12 03:56:32,831] {processor.py:161} INFO - Processing /home/airflow/.local/lib/python3.7/site-packages/airflow/example_dags/example_branch_operator_decorator.py took 0.229 seconds
[2022-08-12 04:16:25,408] {processor.py:153} INFO - Started process (PID=3100) to work on /home/airflow/.local/lib/python3.7/site-packages/airflow/example_dags/example_branch_operator_decorator.py
[2022-08-12 04:16:25,422] {processor.py:641} INFO - Processing file /home/airflow/.local/lib/python3.7/site-packages/airflow/example_dags/example_branch_operator_decorator.py for tasks to queue
[2022-08-12 04:16:25,424] {logging_mixin.py:115} INFO - [2022-08-12 04:16:25,424] {dagbag.py:507} INFO - Filling up the DagBag from /home/airflow/.local/lib/python3.7/site-packages/airflow/example_dags/example_branch_operator_decorator.py
[2022-08-12 04:16:25,611] {processor.py:651} INFO - DAG(s) dict_keys(['example_branch_python_operator_decorator']) retrieved from /home/airflow/.local/lib/python3.7/site-packages/airflow/example_dags/example_branch_operator_decorator.py
[2022-08-12 04:16:25,741] {logging_mixin.py:115} INFO - [2022-08-12 04:16:25,740] {dag.py:2371} INFO - Sync 1 DAGs
[2022-08-12 04:16:25,854] {logging_mixin.py:115} INFO - [2022-08-12 04:16:25,854] {dag.py:2919} INFO - Setting next_dagrun for example_branch_python_operator_decorator to 2022-08-11T00:00:00+00:00, run_after=2022-08-12T00:00:00+00:00
[2022-08-12 04:16:25,926] {processor.py:161} INFO - Processing /home/airflow/.local/lib/python3.7/site-packages/airflow/example_dags/example_branch_operator_decorator.py took 0.573 seconds
[2022-08-12 05:25:41,215] {processor.py:153} INFO - Started process (PID=3152) to work on /home/airflow/.local/lib/python3.7/site-packages/airflow/example_dags/example_branch_operator_decorator.py
[2022-08-12 05:25:41,235] {processor.py:641} INFO - Processing file /home/airflow/.local/lib/python3.7/site-packages/airflow/example_dags/example_branch_operator_decorator.py for tasks to queue
[2022-08-12 05:25:41,237] {logging_mixin.py:115} INFO - [2022-08-12 05:25:41,237] {dagbag.py:507} INFO - Filling up the DagBag from /home/airflow/.local/lib/python3.7/site-packages/airflow/example_dags/example_branch_operator_decorator.py
[2022-08-12 05:25:41,470] {processor.py:651} INFO - DAG(s) dict_keys(['example_branch_python_operator_decorator']) retrieved from /home/airflow/.local/lib/python3.7/site-packages/airflow/example_dags/example_branch_operator_decorator.py
[2022-08-12 05:25:41,752] {logging_mixin.py:115} INFO - [2022-08-12 05:25:41,752] {dag.py:2371} INFO - Sync 1 DAGs
[2022-08-12 05:25:41,915] {logging_mixin.py:115} INFO - [2022-08-12 05:25:41,914] {dag.py:2919} INFO - Setting next_dagrun for example_branch_python_operator_decorator to 2022-08-11T00:00:00+00:00, run_after=2022-08-12T00:00:00+00:00
[2022-08-12 05:25:41,986] {processor.py:161} INFO - Processing /home/airflow/.local/lib/python3.7/site-packages/airflow/example_dags/example_branch_operator_decorator.py took 0.782 seconds
[2022-08-12 05:25:42,721] {processor.py:153} INFO - Started process (PID=3157) to work on /home/airflow/.local/lib/python3.7/site-packages/airflow/example_dags/example_branch_operator_decorator.py
[2022-08-12 05:25:42,723] {processor.py:641} INFO - Processing file /home/airflow/.local/lib/python3.7/site-packages/airflow/example_dags/example_branch_operator_decorator.py for tasks to queue
[2022-08-12 05:25:42,725] {logging_mixin.py:115} INFO - [2022-08-12 05:25:42,725] {dagbag.py:507} INFO - Filling up the DagBag from /home/airflow/.local/lib/python3.7/site-packages/airflow/example_dags/example_branch_operator_decorator.py
[2022-08-12 05:25:42,823] {processor.py:651} INFO - DAG(s) dict_keys(['example_branch_python_operator_decorator']) retrieved from /home/airflow/.local/lib/python3.7/site-packages/airflow/example_dags/example_branch_operator_decorator.py
[2022-08-12 05:25:42,936] {logging_mixin.py:115} INFO - [2022-08-12 05:25:42,936] {dag.py:2371} INFO - Sync 1 DAGs
[2022-08-12 05:25:43,011] {logging_mixin.py:115} INFO - [2022-08-12 05:25:43,010] {dag.py:2919} INFO - Setting next_dagrun for example_branch_python_operator_decorator to 2022-08-11T00:00:00+00:00, run_after=2022-08-12T00:00:00+00:00
[2022-08-12 05:25:43,050] {processor.py:161} INFO - Processing /home/airflow/.local/lib/python3.7/site-packages/airflow/example_dags/example_branch_operator_decorator.py took 0.334 seconds
[2022-08-12 07:13:50,042] {processor.py:153} INFO - Started process (PID=3207) to work on /home/airflow/.local/lib/python3.7/site-packages/airflow/example_dags/example_branch_operator_decorator.py
[2022-08-12 07:13:50,051] {processor.py:641} INFO - Processing file /home/airflow/.local/lib/python3.7/site-packages/airflow/example_dags/example_branch_operator_decorator.py for tasks to queue
[2022-08-12 07:13:50,056] {logging_mixin.py:115} INFO - [2022-08-12 07:13:50,056] {dagbag.py:507} INFO - Filling up the DagBag from /home/airflow/.local/lib/python3.7/site-packages/airflow/example_dags/example_branch_operator_decorator.py
[2022-08-12 07:13:50,222] {processor.py:651} INFO - DAG(s) dict_keys(['example_branch_python_operator_decorator']) retrieved from /home/airflow/.local/lib/python3.7/site-packages/airflow/example_dags/example_branch_operator_decorator.py
[2022-08-12 07:13:50,404] {logging_mixin.py:115} INFO - [2022-08-12 07:13:50,404] {dag.py:2371} INFO - Sync 1 DAGs
[2022-08-12 07:13:50,535] {logging_mixin.py:115} INFO - [2022-08-12 07:13:50,534] {dag.py:2919} INFO - Setting next_dagrun for example_branch_python_operator_decorator to 2022-08-11T00:00:00+00:00, run_after=2022-08-12T00:00:00+00:00
[2022-08-12 07:13:50,644] {processor.py:161} INFO - Processing /home/airflow/.local/lib/python3.7/site-packages/airflow/example_dags/example_branch_operator_decorator.py took 0.615 seconds
[2022-08-12 09:02:07,994] {processor.py:153} INFO - Started process (PID=3252) to work on /home/airflow/.local/lib/python3.7/site-packages/airflow/example_dags/example_branch_operator_decorator.py
[2022-08-12 09:02:07,997] {processor.py:641} INFO - Processing file /home/airflow/.local/lib/python3.7/site-packages/airflow/example_dags/example_branch_operator_decorator.py for tasks to queue
[2022-08-12 09:02:08,000] {logging_mixin.py:115} INFO - [2022-08-12 09:02:08,000] {dagbag.py:507} INFO - Filling up the DagBag from /home/airflow/.local/lib/python3.7/site-packages/airflow/example_dags/example_branch_operator_decorator.py
[2022-08-12 09:02:08,037] {processor.py:651} INFO - DAG(s) dict_keys(['example_branch_python_operator_decorator']) retrieved from /home/airflow/.local/lib/python3.7/site-packages/airflow/example_dags/example_branch_operator_decorator.py
[2022-08-12 09:02:08,090] {logging_mixin.py:115} INFO - [2022-08-12 09:02:08,089] {dag.py:2371} INFO - Sync 1 DAGs
[2022-08-12 09:02:08,123] {logging_mixin.py:115} INFO - [2022-08-12 09:02:08,122] {dag.py:2919} INFO - Setting next_dagrun for example_branch_python_operator_decorator to 2022-08-11T00:00:00+00:00, run_after=2022-08-12T00:00:00+00:00
[2022-08-12 09:02:08,140] {processor.py:161} INFO - Processing /home/airflow/.local/lib/python3.7/site-packages/airflow/example_dags/example_branch_operator_decorator.py took 0.154 seconds
[2022-08-12 12:38:14,190] {processor.py:153} INFO - Started process (PID=3304) to work on /home/airflow/.local/lib/python3.7/site-packages/airflow/example_dags/example_branch_operator_decorator.py
[2022-08-12 12:38:14,192] {processor.py:641} INFO - Processing file /home/airflow/.local/lib/python3.7/site-packages/airflow/example_dags/example_branch_operator_decorator.py for tasks to queue
[2022-08-12 12:38:14,195] {logging_mixin.py:115} INFO - [2022-08-12 12:38:14,195] {dagbag.py:507} INFO - Filling up the DagBag from /home/airflow/.local/lib/python3.7/site-packages/airflow/example_dags/example_branch_operator_decorator.py
[2022-08-12 12:38:14,233] {processor.py:651} INFO - DAG(s) dict_keys(['example_branch_python_operator_decorator']) retrieved from /home/airflow/.local/lib/python3.7/site-packages/airflow/example_dags/example_branch_operator_decorator.py
[2022-08-12 12:38:14,284] {logging_mixin.py:115} INFO - [2022-08-12 12:38:14,284] {dag.py:2371} INFO - Sync 1 DAGs
[2022-08-12 12:38:14,319] {logging_mixin.py:115} INFO - [2022-08-12 12:38:14,319] {dag.py:2919} INFO - Setting next_dagrun for example_branch_python_operator_decorator to 2022-08-11T00:00:00+00:00, run_after=2022-08-12T00:00:00+00:00
[2022-08-12 12:38:14,336] {processor.py:161} INFO - Processing /home/airflow/.local/lib/python3.7/site-packages/airflow/example_dags/example_branch_operator_decorator.py took 0.154 seconds
[2022-08-12 14:26:32,118] {processor.py:153} INFO - Started process (PID=3357) to work on /home/airflow/.local/lib/python3.7/site-packages/airflow/example_dags/example_branch_operator_decorator.py
[2022-08-12 14:26:32,121] {processor.py:641} INFO - Processing file /home/airflow/.local/lib/python3.7/site-packages/airflow/example_dags/example_branch_operator_decorator.py for tasks to queue
[2022-08-12 14:26:32,124] {logging_mixin.py:115} INFO - [2022-08-12 14:26:32,124] {dagbag.py:507} INFO - Filling up the DagBag from /home/airflow/.local/lib/python3.7/site-packages/airflow/example_dags/example_branch_operator_decorator.py
[2022-08-12 14:26:32,202] {processor.py:651} INFO - DAG(s) dict_keys(['example_branch_python_operator_decorator']) retrieved from /home/airflow/.local/lib/python3.7/site-packages/airflow/example_dags/example_branch_operator_decorator.py
[2022-08-12 14:26:32,300] {logging_mixin.py:115} INFO - [2022-08-12 14:26:32,299] {dag.py:2371} INFO - Sync 1 DAGs
[2022-08-12 14:26:32,341] {logging_mixin.py:115} INFO - [2022-08-12 14:26:32,341] {dag.py:2919} INFO - Setting next_dagrun for example_branch_python_operator_decorator to 2022-08-11T00:00:00+00:00, run_after=2022-08-12T00:00:00+00:00
[2022-08-12 14:26:32,364] {processor.py:161} INFO - Processing /home/airflow/.local/lib/python3.7/site-packages/airflow/example_dags/example_branch_operator_decorator.py took 0.259 seconds
[2022-08-12 16:17:34,973] {processor.py:153} INFO - Started process (PID=3408) to work on /home/airflow/.local/lib/python3.7/site-packages/airflow/example_dags/example_branch_operator_decorator.py
[2022-08-12 16:17:34,977] {processor.py:641} INFO - Processing file /home/airflow/.local/lib/python3.7/site-packages/airflow/example_dags/example_branch_operator_decorator.py for tasks to queue
[2022-08-12 16:17:34,982] {logging_mixin.py:115} INFO - [2022-08-12 16:17:34,982] {dagbag.py:507} INFO - Filling up the DagBag from /home/airflow/.local/lib/python3.7/site-packages/airflow/example_dags/example_branch_operator_decorator.py
[2022-08-12 16:17:35,099] {processor.py:651} INFO - DAG(s) dict_keys(['example_branch_python_operator_decorator']) retrieved from /home/airflow/.local/lib/python3.7/site-packages/airflow/example_dags/example_branch_operator_decorator.py
[2022-08-12 16:17:35,169] {logging_mixin.py:115} INFO - [2022-08-12 16:17:35,169] {dag.py:2371} INFO - Sync 1 DAGs
[2022-08-12 16:17:35,216] {logging_mixin.py:115} INFO - [2022-08-12 16:17:35,216] {dag.py:2919} INFO - Setting next_dagrun for example_branch_python_operator_decorator to 2022-08-11T00:00:00+00:00, run_after=2022-08-12T00:00:00+00:00
[2022-08-12 16:17:35,236] {processor.py:161} INFO - Processing /home/airflow/.local/lib/python3.7/site-packages/airflow/example_dags/example_branch_operator_decorator.py took 0.298 seconds
