[2022-08-12 01:28:22,505] {processor.py:153} INFO - Started process (PID=99906) to work on /home/airflow/.local/lib/python3.7/site-packages/airflow/example_dags/example_branch_labels.py
[2022-08-12 01:28:22,515] {processor.py:641} INFO - Processing file /home/airflow/.local/lib/python3.7/site-packages/airflow/example_dags/example_branch_labels.py for tasks to queue
[2022-08-12 01:28:22,519] {logging_mixin.py:115} INFO - [2022-08-12 01:28:22,518] {dagbag.py:507} INFO - Filling up the DagBag from /home/airflow/.local/lib/python3.7/site-packages/airflow/example_dags/example_branch_labels.py
[2022-08-12 01:28:22,541] {processor.py:651} INFO - DAG(s) dict_keys(['example_branch_labels']) retrieved from /home/airflow/.local/lib/python3.7/site-packages/airflow/example_dags/example_branch_labels.py
[2022-08-12 01:28:22,635] {logging_mixin.py:115} INFO - [2022-08-12 01:28:22,635] {dag.py:2371} INFO - Sync 1 DAGs
[2022-08-12 01:28:22,718] {logging_mixin.py:115} INFO - [2022-08-12 01:28:22,718] {dag.py:2919} INFO - Setting next_dagrun for example_branch_labels to 2022-08-11T00:00:00+00:00, run_after=2022-08-12T00:00:00+00:00
[2022-08-12 01:28:22,753] {processor.py:161} INFO - Processing /home/airflow/.local/lib/python3.7/site-packages/airflow/example_dags/example_branch_labels.py took 0.379 seconds
[2022-08-12 01:28:53,604] {processor.py:153} INFO - Started process (PID=99967) to work on /home/airflow/.local/lib/python3.7/site-packages/airflow/example_dags/example_branch_labels.py
[2022-08-12 01:28:53,606] {processor.py:641} INFO - Processing file /home/airflow/.local/lib/python3.7/site-packages/airflow/example_dags/example_branch_labels.py for tasks to queue
[2022-08-12 01:28:53,608] {logging_mixin.py:115} INFO - [2022-08-12 01:28:53,608] {dagbag.py:507} INFO - Filling up the DagBag from /home/airflow/.local/lib/python3.7/site-packages/airflow/example_dags/example_branch_labels.py
[2022-08-12 01:28:53,633] {processor.py:651} INFO - DAG(s) dict_keys(['example_branch_labels']) retrieved from /home/airflow/.local/lib/python3.7/site-packages/airflow/example_dags/example_branch_labels.py
[2022-08-12 01:28:53,701] {logging_mixin.py:115} INFO - [2022-08-12 01:28:53,701] {dag.py:2371} INFO - Sync 1 DAGs
[2022-08-12 01:28:53,751] {logging_mixin.py:115} INFO - [2022-08-12 01:28:53,751] {dag.py:2919} INFO - Setting next_dagrun for example_branch_labels to 2022-08-11T00:00:00+00:00, run_after=2022-08-12T00:00:00+00:00
[2022-08-12 01:28:53,777] {processor.py:161} INFO - Processing /home/airflow/.local/lib/python3.7/site-packages/airflow/example_dags/example_branch_labels.py took 0.182 seconds
[2022-08-12 01:33:46,284] {processor.py:153} INFO - Started process (PID=311) to work on /home/airflow/.local/lib/python3.7/site-packages/airflow/example_dags/example_branch_labels.py
[2022-08-12 01:33:46,286] {processor.py:641} INFO - Processing file /home/airflow/.local/lib/python3.7/site-packages/airflow/example_dags/example_branch_labels.py for tasks to queue
[2022-08-12 01:33:46,288] {logging_mixin.py:115} INFO - [2022-08-12 01:33:46,288] {dagbag.py:507} INFO - Filling up the DagBag from /home/airflow/.local/lib/python3.7/site-packages/airflow/example_dags/example_branch_labels.py
[2022-08-12 01:33:46,301] {processor.py:651} INFO - DAG(s) dict_keys(['example_branch_labels']) retrieved from /home/airflow/.local/lib/python3.7/site-packages/airflow/example_dags/example_branch_labels.py
[2022-08-12 01:33:46,347] {logging_mixin.py:115} INFO - [2022-08-12 01:33:46,346] {dag.py:2371} INFO - Sync 1 DAGs
[2022-08-12 01:33:46,375] {logging_mixin.py:115} INFO - [2022-08-12 01:33:46,375] {dag.py:2919} INFO - Setting next_dagrun for example_branch_labels to 2022-08-11T00:00:00+00:00, run_after=2022-08-12T00:00:00+00:00
[2022-08-12 01:33:46,392] {processor.py:161} INFO - Processing /home/airflow/.local/lib/python3.7/site-packages/airflow/example_dags/example_branch_labels.py took 0.115 seconds
[2022-08-12 01:34:19,583] {processor.py:153} INFO - Started process (PID=363) to work on /home/airflow/.local/lib/python3.7/site-packages/airflow/example_dags/example_branch_labels.py
[2022-08-12 01:34:19,589] {processor.py:641} INFO - Processing file /home/airflow/.local/lib/python3.7/site-packages/airflow/example_dags/example_branch_labels.py for tasks to queue
[2022-08-12 01:34:19,596] {logging_mixin.py:115} INFO - [2022-08-12 01:34:19,596] {dagbag.py:507} INFO - Filling up the DagBag from /home/airflow/.local/lib/python3.7/site-packages/airflow/example_dags/example_branch_labels.py
[2022-08-12 01:34:19,630] {processor.py:651} INFO - DAG(s) dict_keys(['example_branch_labels']) retrieved from /home/airflow/.local/lib/python3.7/site-packages/airflow/example_dags/example_branch_labels.py
[2022-08-12 01:34:19,751] {logging_mixin.py:115} INFO - [2022-08-12 01:34:19,750] {dag.py:2371} INFO - Sync 1 DAGs
[2022-08-12 01:34:19,853] {logging_mixin.py:115} INFO - [2022-08-12 01:34:19,853] {dag.py:2919} INFO - Setting next_dagrun for example_branch_labels to 2022-08-11T00:00:00+00:00, run_after=2022-08-12T00:00:00+00:00
[2022-08-12 01:34:19,921] {processor.py:161} INFO - Processing /home/airflow/.local/lib/python3.7/site-packages/airflow/example_dags/example_branch_labels.py took 0.352 seconds
[2022-08-12 01:50:00,845] {processor.py:153} INFO - Started process (PID=407) to work on /home/airflow/.local/lib/python3.7/site-packages/airflow/example_dags/example_branch_labels.py
[2022-08-12 01:50:00,848] {processor.py:641} INFO - Processing file /home/airflow/.local/lib/python3.7/site-packages/airflow/example_dags/example_branch_labels.py for tasks to queue
[2022-08-12 01:50:00,850] {logging_mixin.py:115} INFO - [2022-08-12 01:50:00,849] {dagbag.py:507} INFO - Filling up the DagBag from /home/airflow/.local/lib/python3.7/site-packages/airflow/example_dags/example_branch_labels.py
[2022-08-12 01:50:00,863] {processor.py:651} INFO - DAG(s) dict_keys(['example_branch_labels']) retrieved from /home/airflow/.local/lib/python3.7/site-packages/airflow/example_dags/example_branch_labels.py
[2022-08-12 01:50:00,916] {logging_mixin.py:115} INFO - [2022-08-12 01:50:00,916] {dag.py:2371} INFO - Sync 1 DAGs
[2022-08-12 01:50:00,960] {logging_mixin.py:115} INFO - [2022-08-12 01:50:00,960] {dag.py:2919} INFO - Setting next_dagrun for example_branch_labels to 2022-08-11T00:00:00+00:00, run_after=2022-08-12T00:00:00+00:00
[2022-08-12 01:50:01,024] {processor.py:161} INFO - Processing /home/airflow/.local/lib/python3.7/site-packages/airflow/example_dags/example_branch_labels.py took 0.186 seconds
[2022-08-12 01:50:33,957] {processor.py:153} INFO - Started process (PID=459) to work on /home/airflow/.local/lib/python3.7/site-packages/airflow/example_dags/example_branch_labels.py
[2022-08-12 01:50:33,961] {processor.py:641} INFO - Processing file /home/airflow/.local/lib/python3.7/site-packages/airflow/example_dags/example_branch_labels.py for tasks to queue
[2022-08-12 01:50:33,966] {logging_mixin.py:115} INFO - [2022-08-12 01:50:33,965] {dagbag.py:507} INFO - Filling up the DagBag from /home/airflow/.local/lib/python3.7/site-packages/airflow/example_dags/example_branch_labels.py
[2022-08-12 01:50:33,993] {processor.py:651} INFO - DAG(s) dict_keys(['example_branch_labels']) retrieved from /home/airflow/.local/lib/python3.7/site-packages/airflow/example_dags/example_branch_labels.py
[2022-08-12 01:50:34,106] {logging_mixin.py:115} INFO - [2022-08-12 01:50:34,106] {dag.py:2371} INFO - Sync 1 DAGs
[2022-08-12 01:50:34,187] {logging_mixin.py:115} INFO - [2022-08-12 01:50:34,187] {dag.py:2919} INFO - Setting next_dagrun for example_branch_labels to 2022-08-11T00:00:00+00:00, run_after=2022-08-12T00:00:00+00:00
[2022-08-12 01:50:34,224] {processor.py:161} INFO - Processing /home/airflow/.local/lib/python3.7/site-packages/airflow/example_dags/example_branch_labels.py took 0.280 seconds
[2022-08-12 02:01:13,875] {processor.py:153} INFO - Started process (PID=512) to work on /home/airflow/.local/lib/python3.7/site-packages/airflow/example_dags/example_branch_labels.py
[2022-08-12 02:01:13,876] {processor.py:641} INFO - Processing file /home/airflow/.local/lib/python3.7/site-packages/airflow/example_dags/example_branch_labels.py for tasks to queue
[2022-08-12 02:01:13,879] {logging_mixin.py:115} INFO - [2022-08-12 02:01:13,878] {dagbag.py:507} INFO - Filling up the DagBag from /home/airflow/.local/lib/python3.7/site-packages/airflow/example_dags/example_branch_labels.py
[2022-08-12 02:01:13,890] {processor.py:651} INFO - DAG(s) dict_keys(['example_branch_labels']) retrieved from /home/airflow/.local/lib/python3.7/site-packages/airflow/example_dags/example_branch_labels.py
[2022-08-12 02:01:13,932] {logging_mixin.py:115} INFO - [2022-08-12 02:01:13,932] {dag.py:2371} INFO - Sync 1 DAGs
[2022-08-12 02:01:13,965] {logging_mixin.py:115} INFO - [2022-08-12 02:01:13,965] {dag.py:2919} INFO - Setting next_dagrun for example_branch_labels to 2022-08-11T00:00:00+00:00, run_after=2022-08-12T00:00:00+00:00
[2022-08-12 02:01:13,981] {processor.py:161} INFO - Processing /home/airflow/.local/lib/python3.7/site-packages/airflow/example_dags/example_branch_labels.py took 0.110 seconds
[2022-08-12 02:01:47,554] {processor.py:153} INFO - Started process (PID=564) to work on /home/airflow/.local/lib/python3.7/site-packages/airflow/example_dags/example_branch_labels.py
[2022-08-12 02:01:47,557] {processor.py:641} INFO - Processing file /home/airflow/.local/lib/python3.7/site-packages/airflow/example_dags/example_branch_labels.py for tasks to queue
[2022-08-12 02:01:47,561] {logging_mixin.py:115} INFO - [2022-08-12 02:01:47,561] {dagbag.py:507} INFO - Filling up the DagBag from /home/airflow/.local/lib/python3.7/site-packages/airflow/example_dags/example_branch_labels.py
[2022-08-12 02:01:47,587] {processor.py:651} INFO - DAG(s) dict_keys(['example_branch_labels']) retrieved from /home/airflow/.local/lib/python3.7/site-packages/airflow/example_dags/example_branch_labels.py
[2022-08-12 02:01:47,673] {logging_mixin.py:115} INFO - [2022-08-12 02:01:47,672] {dag.py:2371} INFO - Sync 1 DAGs
[2022-08-12 02:01:47,732] {logging_mixin.py:115} INFO - [2022-08-12 02:01:47,732] {dag.py:2919} INFO - Setting next_dagrun for example_branch_labels to 2022-08-11T00:00:00+00:00, run_after=2022-08-12T00:00:00+00:00
[2022-08-12 02:01:47,765] {processor.py:161} INFO - Processing /home/airflow/.local/lib/python3.7/site-packages/airflow/example_dags/example_branch_labels.py took 0.222 seconds
[2022-08-12 02:09:00,464] {processor.py:153} INFO - Started process (PID=618) to work on /home/airflow/.local/lib/python3.7/site-packages/airflow/example_dags/example_branch_labels.py
[2022-08-12 02:09:00,467] {processor.py:641} INFO - Processing file /home/airflow/.local/lib/python3.7/site-packages/airflow/example_dags/example_branch_labels.py for tasks to queue
[2022-08-12 02:09:00,468] {logging_mixin.py:115} INFO - [2022-08-12 02:09:00,468] {dagbag.py:507} INFO - Filling up the DagBag from /home/airflow/.local/lib/python3.7/site-packages/airflow/example_dags/example_branch_labels.py
[2022-08-12 02:09:00,488] {processor.py:651} INFO - DAG(s) dict_keys(['example_branch_labels']) retrieved from /home/airflow/.local/lib/python3.7/site-packages/airflow/example_dags/example_branch_labels.py
[2022-08-12 02:09:00,556] {logging_mixin.py:115} INFO - [2022-08-12 02:09:00,556] {dag.py:2371} INFO - Sync 1 DAGs
[2022-08-12 02:09:00,610] {logging_mixin.py:115} INFO - [2022-08-12 02:09:00,609] {dag.py:2919} INFO - Setting next_dagrun for example_branch_labels to 2022-08-11T00:00:00+00:00, run_after=2022-08-12T00:00:00+00:00
[2022-08-12 02:09:00,636] {processor.py:161} INFO - Processing /home/airflow/.local/lib/python3.7/site-packages/airflow/example_dags/example_branch_labels.py took 0.176 seconds
[2022-08-12 02:09:35,822] {processor.py:153} INFO - Started process (PID=670) to work on /home/airflow/.local/lib/python3.7/site-packages/airflow/example_dags/example_branch_labels.py
[2022-08-12 02:09:35,827] {processor.py:641} INFO - Processing file /home/airflow/.local/lib/python3.7/site-packages/airflow/example_dags/example_branch_labels.py for tasks to queue
[2022-08-12 02:09:35,832] {logging_mixin.py:115} INFO - [2022-08-12 02:09:35,831] {dagbag.py:507} INFO - Filling up the DagBag from /home/airflow/.local/lib/python3.7/site-packages/airflow/example_dags/example_branch_labels.py
[2022-08-12 02:09:35,864] {processor.py:651} INFO - DAG(s) dict_keys(['example_branch_labels']) retrieved from /home/airflow/.local/lib/python3.7/site-packages/airflow/example_dags/example_branch_labels.py
[2022-08-12 02:09:36,009] {logging_mixin.py:115} INFO - [2022-08-12 02:09:36,008] {dag.py:2371} INFO - Sync 1 DAGs
[2022-08-12 02:09:36,118] {logging_mixin.py:115} INFO - [2022-08-12 02:09:36,118] {dag.py:2919} INFO - Setting next_dagrun for example_branch_labels to 2022-08-11T00:00:00+00:00, run_after=2022-08-12T00:00:00+00:00
[2022-08-12 02:09:36,166] {processor.py:161} INFO - Processing /home/airflow/.local/lib/python3.7/site-packages/airflow/example_dags/example_branch_labels.py took 0.361 seconds
[2022-08-12 02:14:32,780] {processor.py:153} INFO - Started process (PID=713) to work on /home/airflow/.local/lib/python3.7/site-packages/airflow/example_dags/example_branch_labels.py
[2022-08-12 02:14:32,782] {processor.py:641} INFO - Processing file /home/airflow/.local/lib/python3.7/site-packages/airflow/example_dags/example_branch_labels.py for tasks to queue
[2022-08-12 02:14:32,785] {logging_mixin.py:115} INFO - [2022-08-12 02:14:32,784] {dagbag.py:507} INFO - Filling up the DagBag from /home/airflow/.local/lib/python3.7/site-packages/airflow/example_dags/example_branch_labels.py
[2022-08-12 02:14:32,795] {processor.py:651} INFO - DAG(s) dict_keys(['example_branch_labels']) retrieved from /home/airflow/.local/lib/python3.7/site-packages/airflow/example_dags/example_branch_labels.py
[2022-08-12 02:14:32,853] {logging_mixin.py:115} INFO - [2022-08-12 02:14:32,853] {dag.py:2371} INFO - Sync 1 DAGs
[2022-08-12 02:14:32,889] {logging_mixin.py:115} INFO - [2022-08-12 02:14:32,888] {dag.py:2919} INFO - Setting next_dagrun for example_branch_labels to 2022-08-11T00:00:00+00:00, run_after=2022-08-12T00:00:00+00:00
[2022-08-12 02:14:32,906] {processor.py:161} INFO - Processing /home/airflow/.local/lib/python3.7/site-packages/airflow/example_dags/example_branch_labels.py took 0.133 seconds
[2022-08-12 02:15:05,834] {processor.py:153} INFO - Started process (PID=765) to work on /home/airflow/.local/lib/python3.7/site-packages/airflow/example_dags/example_branch_labels.py
[2022-08-12 02:15:05,838] {processor.py:641} INFO - Processing file /home/airflow/.local/lib/python3.7/site-packages/airflow/example_dags/example_branch_labels.py for tasks to queue
[2022-08-12 02:15:05,842] {logging_mixin.py:115} INFO - [2022-08-12 02:15:05,841] {dagbag.py:507} INFO - Filling up the DagBag from /home/airflow/.local/lib/python3.7/site-packages/airflow/example_dags/example_branch_labels.py
[2022-08-12 02:15:05,870] {processor.py:651} INFO - DAG(s) dict_keys(['example_branch_labels']) retrieved from /home/airflow/.local/lib/python3.7/site-packages/airflow/example_dags/example_branch_labels.py
[2022-08-12 02:15:06,014] {logging_mixin.py:115} INFO - [2022-08-12 02:15:06,014] {dag.py:2371} INFO - Sync 1 DAGs
[2022-08-12 02:15:06,119] {logging_mixin.py:115} INFO - [2022-08-12 02:15:06,119] {dag.py:2919} INFO - Setting next_dagrun for example_branch_labels to 2022-08-11T00:00:00+00:00, run_after=2022-08-12T00:00:00+00:00
[2022-08-12 02:15:06,160] {processor.py:161} INFO - Processing /home/airflow/.local/lib/python3.7/site-packages/airflow/example_dags/example_branch_labels.py took 0.339 seconds
[2022-08-12 02:20:04,759] {processor.py:153} INFO - Started process (PID=809) to work on /home/airflow/.local/lib/python3.7/site-packages/airflow/example_dags/example_branch_labels.py
[2022-08-12 02:20:04,761] {processor.py:641} INFO - Processing file /home/airflow/.local/lib/python3.7/site-packages/airflow/example_dags/example_branch_labels.py for tasks to queue
[2022-08-12 02:20:04,763] {logging_mixin.py:115} INFO - [2022-08-12 02:20:04,763] {dagbag.py:507} INFO - Filling up the DagBag from /home/airflow/.local/lib/python3.7/site-packages/airflow/example_dags/example_branch_labels.py
[2022-08-12 02:20:04,779] {processor.py:651} INFO - DAG(s) dict_keys(['example_branch_labels']) retrieved from /home/airflow/.local/lib/python3.7/site-packages/airflow/example_dags/example_branch_labels.py
[2022-08-12 02:20:04,846] {logging_mixin.py:115} INFO - [2022-08-12 02:20:04,846] {dag.py:2371} INFO - Sync 1 DAGs
[2022-08-12 02:20:04,889] {logging_mixin.py:115} INFO - [2022-08-12 02:20:04,889] {dag.py:2919} INFO - Setting next_dagrun for example_branch_labels to 2022-08-11T00:00:00+00:00, run_after=2022-08-12T00:00:00+00:00
[2022-08-12 02:20:04,909] {processor.py:161} INFO - Processing /home/airflow/.local/lib/python3.7/site-packages/airflow/example_dags/example_branch_labels.py took 0.161 seconds
[2022-08-12 02:20:37,243] {processor.py:153} INFO - Started process (PID=862) to work on /home/airflow/.local/lib/python3.7/site-packages/airflow/example_dags/example_branch_labels.py
[2022-08-12 02:20:37,246] {processor.py:641} INFO - Processing file /home/airflow/.local/lib/python3.7/site-packages/airflow/example_dags/example_branch_labels.py for tasks to queue
[2022-08-12 02:20:37,249] {logging_mixin.py:115} INFO - [2022-08-12 02:20:37,249] {dagbag.py:507} INFO - Filling up the DagBag from /home/airflow/.local/lib/python3.7/site-packages/airflow/example_dags/example_branch_labels.py
[2022-08-12 02:20:37,277] {processor.py:651} INFO - DAG(s) dict_keys(['example_branch_labels']) retrieved from /home/airflow/.local/lib/python3.7/site-packages/airflow/example_dags/example_branch_labels.py
[2022-08-12 02:20:37,364] {logging_mixin.py:115} INFO - [2022-08-12 02:20:37,364] {dag.py:2371} INFO - Sync 1 DAGs
[2022-08-12 02:20:37,424] {logging_mixin.py:115} INFO - [2022-08-12 02:20:37,423] {dag.py:2919} INFO - Setting next_dagrun for example_branch_labels to 2022-08-11T00:00:00+00:00, run_after=2022-08-12T00:00:00+00:00
[2022-08-12 02:20:37,459] {processor.py:161} INFO - Processing /home/airflow/.local/lib/python3.7/site-packages/airflow/example_dags/example_branch_labels.py took 0.229 seconds
[2022-08-12 02:25:37,163] {processor.py:153} INFO - Started process (PID=916) to work on /home/airflow/.local/lib/python3.7/site-packages/airflow/example_dags/example_branch_labels.py
[2022-08-12 02:25:37,166] {processor.py:641} INFO - Processing file /home/airflow/.local/lib/python3.7/site-packages/airflow/example_dags/example_branch_labels.py for tasks to queue
[2022-08-12 02:25:37,168] {logging_mixin.py:115} INFO - [2022-08-12 02:25:37,167] {dagbag.py:507} INFO - Filling up the DagBag from /home/airflow/.local/lib/python3.7/site-packages/airflow/example_dags/example_branch_labels.py
[2022-08-12 02:25:37,180] {processor.py:651} INFO - DAG(s) dict_keys(['example_branch_labels']) retrieved from /home/airflow/.local/lib/python3.7/site-packages/airflow/example_dags/example_branch_labels.py
[2022-08-12 02:25:37,235] {logging_mixin.py:115} INFO - [2022-08-12 02:25:37,235] {dag.py:2371} INFO - Sync 1 DAGs
[2022-08-12 02:25:37,273] {logging_mixin.py:115} INFO - [2022-08-12 02:25:37,272] {dag.py:2919} INFO - Setting next_dagrun for example_branch_labels to 2022-08-11T00:00:00+00:00, run_after=2022-08-12T00:00:00+00:00
[2022-08-12 02:25:37,298] {processor.py:161} INFO - Processing /home/airflow/.local/lib/python3.7/site-packages/airflow/example_dags/example_branch_labels.py took 0.140 seconds
[2022-08-12 02:26:10,240] {processor.py:153} INFO - Started process (PID=968) to work on /home/airflow/.local/lib/python3.7/site-packages/airflow/example_dags/example_branch_labels.py
[2022-08-12 02:26:10,247] {processor.py:641} INFO - Processing file /home/airflow/.local/lib/python3.7/site-packages/airflow/example_dags/example_branch_labels.py for tasks to queue
[2022-08-12 02:26:10,254] {logging_mixin.py:115} INFO - [2022-08-12 02:26:10,253] {dagbag.py:507} INFO - Filling up the DagBag from /home/airflow/.local/lib/python3.7/site-packages/airflow/example_dags/example_branch_labels.py
[2022-08-12 02:26:10,292] {processor.py:651} INFO - DAG(s) dict_keys(['example_branch_labels']) retrieved from /home/airflow/.local/lib/python3.7/site-packages/airflow/example_dags/example_branch_labels.py
[2022-08-12 02:26:10,411] {logging_mixin.py:115} INFO - [2022-08-12 02:26:10,410] {dag.py:2371} INFO - Sync 1 DAGs
[2022-08-12 02:26:10,480] {logging_mixin.py:115} INFO - [2022-08-12 02:26:10,480] {dag.py:2919} INFO - Setting next_dagrun for example_branch_labels to 2022-08-11T00:00:00+00:00, run_after=2022-08-12T00:00:00+00:00
[2022-08-12 02:26:10,520] {processor.py:161} INFO - Processing /home/airflow/.local/lib/python3.7/site-packages/airflow/example_dags/example_branch_labels.py took 0.296 seconds
[2022-08-12 02:31:11,454] {processor.py:153} INFO - Started process (PID=1020) to work on /home/airflow/.local/lib/python3.7/site-packages/airflow/example_dags/example_branch_labels.py
[2022-08-12 02:31:11,459] {processor.py:641} INFO - Processing file /home/airflow/.local/lib/python3.7/site-packages/airflow/example_dags/example_branch_labels.py for tasks to queue
[2022-08-12 02:31:11,464] {logging_mixin.py:115} INFO - [2022-08-12 02:31:11,464] {dagbag.py:507} INFO - Filling up the DagBag from /home/airflow/.local/lib/python3.7/site-packages/airflow/example_dags/example_branch_labels.py
[2022-08-12 02:31:11,488] {processor.py:651} INFO - DAG(s) dict_keys(['example_branch_labels']) retrieved from /home/airflow/.local/lib/python3.7/site-packages/airflow/example_dags/example_branch_labels.py
[2022-08-12 02:31:11,589] {logging_mixin.py:115} INFO - [2022-08-12 02:31:11,587] {dag.py:2371} INFO - Sync 1 DAGs
[2022-08-12 02:31:11,647] {logging_mixin.py:115} INFO - [2022-08-12 02:31:11,647] {dag.py:2919} INFO - Setting next_dagrun for example_branch_labels to 2022-08-11T00:00:00+00:00, run_after=2022-08-12T00:00:00+00:00
[2022-08-12 02:31:11,685] {processor.py:161} INFO - Processing /home/airflow/.local/lib/python3.7/site-packages/airflow/example_dags/example_branch_labels.py took 0.241 seconds
[2022-08-12 02:31:43,842] {processor.py:153} INFO - Started process (PID=1072) to work on /home/airflow/.local/lib/python3.7/site-packages/airflow/example_dags/example_branch_labels.py
[2022-08-12 02:31:43,848] {processor.py:641} INFO - Processing file /home/airflow/.local/lib/python3.7/site-packages/airflow/example_dags/example_branch_labels.py for tasks to queue
[2022-08-12 02:31:43,852] {logging_mixin.py:115} INFO - [2022-08-12 02:31:43,852] {dagbag.py:507} INFO - Filling up the DagBag from /home/airflow/.local/lib/python3.7/site-packages/airflow/example_dags/example_branch_labels.py
[2022-08-12 02:31:43,877] {processor.py:651} INFO - DAG(s) dict_keys(['example_branch_labels']) retrieved from /home/airflow/.local/lib/python3.7/site-packages/airflow/example_dags/example_branch_labels.py
[2022-08-12 02:31:43,961] {logging_mixin.py:115} INFO - [2022-08-12 02:31:43,961] {dag.py:2371} INFO - Sync 1 DAGs
[2022-08-12 02:31:44,034] {logging_mixin.py:115} INFO - [2022-08-12 02:31:44,034] {dag.py:2919} INFO - Setting next_dagrun for example_branch_labels to 2022-08-11T00:00:00+00:00, run_after=2022-08-12T00:00:00+00:00
[2022-08-12 02:31:44,074] {processor.py:161} INFO - Processing /home/airflow/.local/lib/python3.7/site-packages/airflow/example_dags/example_branch_labels.py took 0.248 seconds
[2022-08-12 02:36:42,803] {processor.py:153} INFO - Started process (PID=1116) to work on /home/airflow/.local/lib/python3.7/site-packages/airflow/example_dags/example_branch_labels.py
[2022-08-12 02:36:42,805] {processor.py:641} INFO - Processing file /home/airflow/.local/lib/python3.7/site-packages/airflow/example_dags/example_branch_labels.py for tasks to queue
[2022-08-12 02:36:42,806] {logging_mixin.py:115} INFO - [2022-08-12 02:36:42,806] {dagbag.py:507} INFO - Filling up the DagBag from /home/airflow/.local/lib/python3.7/site-packages/airflow/example_dags/example_branch_labels.py
[2022-08-12 02:36:42,819] {processor.py:651} INFO - DAG(s) dict_keys(['example_branch_labels']) retrieved from /home/airflow/.local/lib/python3.7/site-packages/airflow/example_dags/example_branch_labels.py
[2022-08-12 02:36:42,865] {logging_mixin.py:115} INFO - [2022-08-12 02:36:42,865] {dag.py:2371} INFO - Sync 1 DAGs
[2022-08-12 02:36:42,895] {logging_mixin.py:115} INFO - [2022-08-12 02:36:42,895] {dag.py:2919} INFO - Setting next_dagrun for example_branch_labels to 2022-08-11T00:00:00+00:00, run_after=2022-08-12T00:00:00+00:00
[2022-08-12 02:36:42,912] {processor.py:161} INFO - Processing /home/airflow/.local/lib/python3.7/site-packages/airflow/example_dags/example_branch_labels.py took 0.114 seconds
[2022-08-12 02:37:15,241] {processor.py:153} INFO - Started process (PID=1168) to work on /home/airflow/.local/lib/python3.7/site-packages/airflow/example_dags/example_branch_labels.py
[2022-08-12 02:37:15,249] {processor.py:641} INFO - Processing file /home/airflow/.local/lib/python3.7/site-packages/airflow/example_dags/example_branch_labels.py for tasks to queue
[2022-08-12 02:37:15,255] {logging_mixin.py:115} INFO - [2022-08-12 02:37:15,254] {dagbag.py:507} INFO - Filling up the DagBag from /home/airflow/.local/lib/python3.7/site-packages/airflow/example_dags/example_branch_labels.py
[2022-08-12 02:37:15,281] {processor.py:651} INFO - DAG(s) dict_keys(['example_branch_labels']) retrieved from /home/airflow/.local/lib/python3.7/site-packages/airflow/example_dags/example_branch_labels.py
[2022-08-12 02:37:15,400] {logging_mixin.py:115} INFO - [2022-08-12 02:37:15,400] {dag.py:2371} INFO - Sync 1 DAGs
[2022-08-12 02:37:15,466] {logging_mixin.py:115} INFO - [2022-08-12 02:37:15,465] {dag.py:2919} INFO - Setting next_dagrun for example_branch_labels to 2022-08-11T00:00:00+00:00, run_after=2022-08-12T00:00:00+00:00
[2022-08-12 02:37:15,506] {processor.py:161} INFO - Processing /home/airflow/.local/lib/python3.7/site-packages/airflow/example_dags/example_branch_labels.py took 0.293 seconds
[2022-08-12 02:53:20,805] {processor.py:153} INFO - Started process (PID=1239) to work on /home/airflow/.local/lib/python3.7/site-packages/airflow/example_dags/example_branch_labels.py
[2022-08-12 02:53:20,807] {processor.py:641} INFO - Processing file /home/airflow/.local/lib/python3.7/site-packages/airflow/example_dags/example_branch_labels.py for tasks to queue
[2022-08-12 02:53:20,809] {logging_mixin.py:115} INFO - [2022-08-12 02:53:20,809] {dagbag.py:507} INFO - Filling up the DagBag from /home/airflow/.local/lib/python3.7/site-packages/airflow/example_dags/example_branch_labels.py
[2022-08-12 02:53:20,840] {processor.py:651} INFO - DAG(s) dict_keys(['example_branch_labels']) retrieved from /home/airflow/.local/lib/python3.7/site-packages/airflow/example_dags/example_branch_labels.py
[2022-08-12 02:53:20,969] {logging_mixin.py:115} INFO - [2022-08-12 02:53:20,968] {dag.py:2371} INFO - Sync 1 DAGs
[2022-08-12 02:53:21,036] {logging_mixin.py:115} INFO - [2022-08-12 02:53:21,036] {dag.py:2919} INFO - Setting next_dagrun for example_branch_labels to 2022-08-11T00:00:00+00:00, run_after=2022-08-12T00:00:00+00:00
[2022-08-12 02:53:21,062] {processor.py:161} INFO - Processing /home/airflow/.local/lib/python3.7/site-packages/airflow/example_dags/example_branch_labels.py took 0.268 seconds
[2022-08-12 02:53:54,478] {processor.py:153} INFO - Started process (PID=1291) to work on /home/airflow/.local/lib/python3.7/site-packages/airflow/example_dags/example_branch_labels.py
[2022-08-12 02:53:54,487] {processor.py:641} INFO - Processing file /home/airflow/.local/lib/python3.7/site-packages/airflow/example_dags/example_branch_labels.py for tasks to queue
[2022-08-12 02:53:54,496] {logging_mixin.py:115} INFO - [2022-08-12 02:53:54,495] {dagbag.py:507} INFO - Filling up the DagBag from /home/airflow/.local/lib/python3.7/site-packages/airflow/example_dags/example_branch_labels.py
[2022-08-12 02:53:54,545] {processor.py:651} INFO - DAG(s) dict_keys(['example_branch_labels']) retrieved from /home/airflow/.local/lib/python3.7/site-packages/airflow/example_dags/example_branch_labels.py
[2022-08-12 02:53:54,724] {logging_mixin.py:115} INFO - [2022-08-12 02:53:54,724] {dag.py:2371} INFO - Sync 1 DAGs
[2022-08-12 02:53:54,858] {logging_mixin.py:115} INFO - [2022-08-12 02:53:54,858] {dag.py:2919} INFO - Setting next_dagrun for example_branch_labels to 2022-08-11T00:00:00+00:00, run_after=2022-08-12T00:00:00+00:00
[2022-08-12 02:53:54,923] {processor.py:161} INFO - Processing /home/airflow/.local/lib/python3.7/site-packages/airflow/example_dags/example_branch_labels.py took 0.468 seconds
[2022-08-12 02:54:28,051] {processor.py:153} INFO - Started process (PID=1344) to work on /home/airflow/.local/lib/python3.7/site-packages/airflow/example_dags/example_branch_labels.py
[2022-08-12 02:54:28,061] {processor.py:641} INFO - Processing file /home/airflow/.local/lib/python3.7/site-packages/airflow/example_dags/example_branch_labels.py for tasks to queue
[2022-08-12 02:54:28,074] {logging_mixin.py:115} INFO - [2022-08-12 02:54:28,073] {dagbag.py:507} INFO - Filling up the DagBag from /home/airflow/.local/lib/python3.7/site-packages/airflow/example_dags/example_branch_labels.py
[2022-08-12 02:54:28,134] {processor.py:651} INFO - DAG(s) dict_keys(['example_branch_labels']) retrieved from /home/airflow/.local/lib/python3.7/site-packages/airflow/example_dags/example_branch_labels.py
[2022-08-12 02:54:28,482] {logging_mixin.py:115} INFO - [2022-08-12 02:54:28,482] {dag.py:2371} INFO - Sync 1 DAGs
[2022-08-12 02:54:28,836] {logging_mixin.py:115} INFO - [2022-08-12 02:54:28,835] {dag.py:2919} INFO - Setting next_dagrun for example_branch_labels to 2022-08-11T00:00:00+00:00, run_after=2022-08-12T00:00:00+00:00
[2022-08-12 02:54:28,956] {processor.py:161} INFO - Processing /home/airflow/.local/lib/python3.7/site-packages/airflow/example_dags/example_branch_labels.py took 0.928 seconds
[2022-08-12 02:54:59,299] {processor.py:153} INFO - Started process (PID=1387) to work on /home/airflow/.local/lib/python3.7/site-packages/airflow/example_dags/example_branch_labels.py
[2022-08-12 02:54:59,303] {processor.py:641} INFO - Processing file /home/airflow/.local/lib/python3.7/site-packages/airflow/example_dags/example_branch_labels.py for tasks to queue
[2022-08-12 02:54:59,310] {logging_mixin.py:115} INFO - [2022-08-12 02:54:59,309] {dagbag.py:507} INFO - Filling up the DagBag from /home/airflow/.local/lib/python3.7/site-packages/airflow/example_dags/example_branch_labels.py
[2022-08-12 02:54:59,356] {processor.py:651} INFO - DAG(s) dict_keys(['example_branch_labels']) retrieved from /home/airflow/.local/lib/python3.7/site-packages/airflow/example_dags/example_branch_labels.py
[2022-08-12 02:54:59,552] {logging_mixin.py:115} INFO - [2022-08-12 02:54:59,552] {dag.py:2371} INFO - Sync 1 DAGs
[2022-08-12 02:54:59,658] {logging_mixin.py:115} INFO - [2022-08-12 02:54:59,658] {dag.py:2919} INFO - Setting next_dagrun for example_branch_labels to 2022-08-11T00:00:00+00:00, run_after=2022-08-12T00:00:00+00:00
[2022-08-12 02:54:59,717] {processor.py:161} INFO - Processing /home/airflow/.local/lib/python3.7/site-packages/airflow/example_dags/example_branch_labels.py took 0.450 seconds
[2022-08-12 02:55:30,475] {processor.py:153} INFO - Started process (PID=1439) to work on /home/airflow/.local/lib/python3.7/site-packages/airflow/example_dags/example_branch_labels.py
[2022-08-12 02:55:30,479] {processor.py:641} INFO - Processing file /home/airflow/.local/lib/python3.7/site-packages/airflow/example_dags/example_branch_labels.py for tasks to queue
[2022-08-12 02:55:30,483] {logging_mixin.py:115} INFO - [2022-08-12 02:55:30,483] {dagbag.py:507} INFO - Filling up the DagBag from /home/airflow/.local/lib/python3.7/site-packages/airflow/example_dags/example_branch_labels.py
[2022-08-12 02:55:30,505] {processor.py:651} INFO - DAG(s) dict_keys(['example_branch_labels']) retrieved from /home/airflow/.local/lib/python3.7/site-packages/airflow/example_dags/example_branch_labels.py
[2022-08-12 02:55:30,594] {logging_mixin.py:115} INFO - [2022-08-12 02:55:30,594] {dag.py:2371} INFO - Sync 1 DAGs
[2022-08-12 02:55:30,672] {logging_mixin.py:115} INFO - [2022-08-12 02:55:30,672] {dag.py:2919} INFO - Setting next_dagrun for example_branch_labels to 2022-08-11T00:00:00+00:00, run_after=2022-08-12T00:00:00+00:00
[2022-08-12 02:55:30,703] {processor.py:161} INFO - Processing /home/airflow/.local/lib/python3.7/site-packages/airflow/example_dags/example_branch_labels.py took 0.239 seconds
[2022-08-12 02:56:00,983] {processor.py:153} INFO - Started process (PID=1491) to work on /home/airflow/.local/lib/python3.7/site-packages/airflow/example_dags/example_branch_labels.py
[2022-08-12 02:56:00,987] {processor.py:641} INFO - Processing file /home/airflow/.local/lib/python3.7/site-packages/airflow/example_dags/example_branch_labels.py for tasks to queue
[2022-08-12 02:56:00,990] {logging_mixin.py:115} INFO - [2022-08-12 02:56:00,990] {dagbag.py:507} INFO - Filling up the DagBag from /home/airflow/.local/lib/python3.7/site-packages/airflow/example_dags/example_branch_labels.py
[2022-08-12 02:56:01,005] {processor.py:651} INFO - DAG(s) dict_keys(['example_branch_labels']) retrieved from /home/airflow/.local/lib/python3.7/site-packages/airflow/example_dags/example_branch_labels.py
[2022-08-12 02:56:01,069] {logging_mixin.py:115} INFO - [2022-08-12 02:56:01,068] {dag.py:2371} INFO - Sync 1 DAGs
[2022-08-12 02:56:01,111] {logging_mixin.py:115} INFO - [2022-08-12 02:56:01,111] {dag.py:2919} INFO - Setting next_dagrun for example_branch_labels to 2022-08-11T00:00:00+00:00, run_after=2022-08-12T00:00:00+00:00
[2022-08-12 02:56:01,147] {processor.py:161} INFO - Processing /home/airflow/.local/lib/python3.7/site-packages/airflow/example_dags/example_branch_labels.py took 0.173 seconds
[2022-08-12 02:56:31,270] {processor.py:153} INFO - Started process (PID=1553) to work on /home/airflow/.local/lib/python3.7/site-packages/airflow/example_dags/example_branch_labels.py
[2022-08-12 02:56:31,275] {processor.py:641} INFO - Processing file /home/airflow/.local/lib/python3.7/site-packages/airflow/example_dags/example_branch_labels.py for tasks to queue
[2022-08-12 02:56:31,277] {logging_mixin.py:115} INFO - [2022-08-12 02:56:31,277] {dagbag.py:507} INFO - Filling up the DagBag from /home/airflow/.local/lib/python3.7/site-packages/airflow/example_dags/example_branch_labels.py
[2022-08-12 02:56:31,289] {processor.py:651} INFO - DAG(s) dict_keys(['example_branch_labels']) retrieved from /home/airflow/.local/lib/python3.7/site-packages/airflow/example_dags/example_branch_labels.py
[2022-08-12 02:56:31,337] {logging_mixin.py:115} INFO - [2022-08-12 02:56:31,337] {dag.py:2371} INFO - Sync 1 DAGs
[2022-08-12 02:56:31,379] {logging_mixin.py:115} INFO - [2022-08-12 02:56:31,379] {dag.py:2919} INFO - Setting next_dagrun for example_branch_labels to 2022-08-11T00:00:00+00:00, run_after=2022-08-12T00:00:00+00:00
[2022-08-12 02:56:31,399] {processor.py:161} INFO - Processing /home/airflow/.local/lib/python3.7/site-packages/airflow/example_dags/example_branch_labels.py took 0.134 seconds
[2022-08-12 02:57:01,657] {processor.py:153} INFO - Started process (PID=1605) to work on /home/airflow/.local/lib/python3.7/site-packages/airflow/example_dags/example_branch_labels.py
[2022-08-12 02:57:01,659] {processor.py:641} INFO - Processing file /home/airflow/.local/lib/python3.7/site-packages/airflow/example_dags/example_branch_labels.py for tasks to queue
[2022-08-12 02:57:01,661] {logging_mixin.py:115} INFO - [2022-08-12 02:57:01,661] {dagbag.py:507} INFO - Filling up the DagBag from /home/airflow/.local/lib/python3.7/site-packages/airflow/example_dags/example_branch_labels.py
[2022-08-12 02:57:01,674] {processor.py:651} INFO - DAG(s) dict_keys(['example_branch_labels']) retrieved from /home/airflow/.local/lib/python3.7/site-packages/airflow/example_dags/example_branch_labels.py
[2022-08-12 02:57:01,724] {logging_mixin.py:115} INFO - [2022-08-12 02:57:01,724] {dag.py:2371} INFO - Sync 1 DAGs
[2022-08-12 02:57:01,756] {logging_mixin.py:115} INFO - [2022-08-12 02:57:01,755] {dag.py:2919} INFO - Setting next_dagrun for example_branch_labels to 2022-08-11T00:00:00+00:00, run_after=2022-08-12T00:00:00+00:00
[2022-08-12 02:57:01,773] {processor.py:161} INFO - Processing /home/airflow/.local/lib/python3.7/site-packages/airflow/example_dags/example_branch_labels.py took 0.122 seconds
[2022-08-12 02:57:31,872] {processor.py:153} INFO - Started process (PID=1666) to work on /home/airflow/.local/lib/python3.7/site-packages/airflow/example_dags/example_branch_labels.py
[2022-08-12 02:57:31,879] {processor.py:641} INFO - Processing file /home/airflow/.local/lib/python3.7/site-packages/airflow/example_dags/example_branch_labels.py for tasks to queue
[2022-08-12 02:57:31,883] {logging_mixin.py:115} INFO - [2022-08-12 02:57:31,883] {dagbag.py:507} INFO - Filling up the DagBag from /home/airflow/.local/lib/python3.7/site-packages/airflow/example_dags/example_branch_labels.py
[2022-08-12 02:57:31,895] {processor.py:651} INFO - DAG(s) dict_keys(['example_branch_labels']) retrieved from /home/airflow/.local/lib/python3.7/site-packages/airflow/example_dags/example_branch_labels.py
[2022-08-12 02:57:31,955] {logging_mixin.py:115} INFO - [2022-08-12 02:57:31,955] {dag.py:2371} INFO - Sync 1 DAGs
[2022-08-12 02:57:31,990] {logging_mixin.py:115} INFO - [2022-08-12 02:57:31,990] {dag.py:2919} INFO - Setting next_dagrun for example_branch_labels to 2022-08-11T00:00:00+00:00, run_after=2022-08-12T00:00:00+00:00
[2022-08-12 02:57:32,008] {processor.py:161} INFO - Processing /home/airflow/.local/lib/python3.7/site-packages/airflow/example_dags/example_branch_labels.py took 0.141 seconds
[2022-08-12 02:58:02,808] {processor.py:153} INFO - Started process (PID=1718) to work on /home/airflow/.local/lib/python3.7/site-packages/airflow/example_dags/example_branch_labels.py
[2022-08-12 02:58:02,809] {processor.py:641} INFO - Processing file /home/airflow/.local/lib/python3.7/site-packages/airflow/example_dags/example_branch_labels.py for tasks to queue
[2022-08-12 02:58:02,811] {logging_mixin.py:115} INFO - [2022-08-12 02:58:02,811] {dagbag.py:507} INFO - Filling up the DagBag from /home/airflow/.local/lib/python3.7/site-packages/airflow/example_dags/example_branch_labels.py
[2022-08-12 02:58:02,822] {processor.py:651} INFO - DAG(s) dict_keys(['example_branch_labels']) retrieved from /home/airflow/.local/lib/python3.7/site-packages/airflow/example_dags/example_branch_labels.py
[2022-08-12 02:58:02,863] {logging_mixin.py:115} INFO - [2022-08-12 02:58:02,863] {dag.py:2371} INFO - Sync 1 DAGs
[2022-08-12 02:58:02,891] {logging_mixin.py:115} INFO - [2022-08-12 02:58:02,891] {dag.py:2919} INFO - Setting next_dagrun for example_branch_labels to 2022-08-11T00:00:00+00:00, run_after=2022-08-12T00:00:00+00:00
[2022-08-12 02:58:02,905] {processor.py:161} INFO - Processing /home/airflow/.local/lib/python3.7/site-packages/airflow/example_dags/example_branch_labels.py took 0.103 seconds
[2022-08-12 02:58:33,204] {processor.py:153} INFO - Started process (PID=1779) to work on /home/airflow/.local/lib/python3.7/site-packages/airflow/example_dags/example_branch_labels.py
[2022-08-12 02:58:33,206] {processor.py:641} INFO - Processing file /home/airflow/.local/lib/python3.7/site-packages/airflow/example_dags/example_branch_labels.py for tasks to queue
[2022-08-12 02:58:33,208] {logging_mixin.py:115} INFO - [2022-08-12 02:58:33,208] {dagbag.py:507} INFO - Filling up the DagBag from /home/airflow/.local/lib/python3.7/site-packages/airflow/example_dags/example_branch_labels.py
[2022-08-12 02:58:33,220] {processor.py:651} INFO - DAG(s) dict_keys(['example_branch_labels']) retrieved from /home/airflow/.local/lib/python3.7/site-packages/airflow/example_dags/example_branch_labels.py
[2022-08-12 02:58:33,266] {logging_mixin.py:115} INFO - [2022-08-12 02:58:33,265] {dag.py:2371} INFO - Sync 1 DAGs
[2022-08-12 02:58:33,291] {logging_mixin.py:115} INFO - [2022-08-12 02:58:33,291] {dag.py:2919} INFO - Setting next_dagrun for example_branch_labels to 2022-08-11T00:00:00+00:00, run_after=2022-08-12T00:00:00+00:00
[2022-08-12 02:58:33,305] {processor.py:161} INFO - Processing /home/airflow/.local/lib/python3.7/site-packages/airflow/example_dags/example_branch_labels.py took 0.109 seconds
[2022-08-12 02:59:03,597] {processor.py:153} INFO - Started process (PID=1838) to work on /home/airflow/.local/lib/python3.7/site-packages/airflow/example_dags/example_branch_labels.py
[2022-08-12 02:59:03,599] {processor.py:641} INFO - Processing file /home/airflow/.local/lib/python3.7/site-packages/airflow/example_dags/example_branch_labels.py for tasks to queue
[2022-08-12 02:59:03,600] {logging_mixin.py:115} INFO - [2022-08-12 02:59:03,600] {dagbag.py:507} INFO - Filling up the DagBag from /home/airflow/.local/lib/python3.7/site-packages/airflow/example_dags/example_branch_labels.py
[2022-08-12 02:59:03,610] {processor.py:651} INFO - DAG(s) dict_keys(['example_branch_labels']) retrieved from /home/airflow/.local/lib/python3.7/site-packages/airflow/example_dags/example_branch_labels.py
[2022-08-12 02:59:03,644] {logging_mixin.py:115} INFO - [2022-08-12 02:59:03,644] {dag.py:2371} INFO - Sync 1 DAGs
[2022-08-12 02:59:03,668] {logging_mixin.py:115} INFO - [2022-08-12 02:59:03,668] {dag.py:2919} INFO - Setting next_dagrun for example_branch_labels to 2022-08-11T00:00:00+00:00, run_after=2022-08-12T00:00:00+00:00
[2022-08-12 02:59:03,684] {processor.py:161} INFO - Processing /home/airflow/.local/lib/python3.7/site-packages/airflow/example_dags/example_branch_labels.py took 0.091 seconds
[2022-08-12 02:59:33,832] {processor.py:153} INFO - Started process (PID=1892) to work on /home/airflow/.local/lib/python3.7/site-packages/airflow/example_dags/example_branch_labels.py
[2022-08-12 02:59:33,833] {processor.py:641} INFO - Processing file /home/airflow/.local/lib/python3.7/site-packages/airflow/example_dags/example_branch_labels.py for tasks to queue
[2022-08-12 02:59:33,834] {logging_mixin.py:115} INFO - [2022-08-12 02:59:33,834] {dagbag.py:507} INFO - Filling up the DagBag from /home/airflow/.local/lib/python3.7/site-packages/airflow/example_dags/example_branch_labels.py
[2022-08-12 02:59:33,842] {processor.py:651} INFO - DAG(s) dict_keys(['example_branch_labels']) retrieved from /home/airflow/.local/lib/python3.7/site-packages/airflow/example_dags/example_branch_labels.py
[2022-08-12 02:59:33,876] {logging_mixin.py:115} INFO - [2022-08-12 02:59:33,875] {dag.py:2371} INFO - Sync 1 DAGs
[2022-08-12 02:59:33,899] {logging_mixin.py:115} INFO - [2022-08-12 02:59:33,899] {dag.py:2919} INFO - Setting next_dagrun for example_branch_labels to 2022-08-11T00:00:00+00:00, run_after=2022-08-12T00:00:00+00:00
[2022-08-12 02:59:33,913] {processor.py:161} INFO - Processing /home/airflow/.local/lib/python3.7/site-packages/airflow/example_dags/example_branch_labels.py took 0.084 seconds
[2022-08-12 03:00:04,335] {processor.py:153} INFO - Started process (PID=1952) to work on /home/airflow/.local/lib/python3.7/site-packages/airflow/example_dags/example_branch_labels.py
[2022-08-12 03:00:04,336] {processor.py:641} INFO - Processing file /home/airflow/.local/lib/python3.7/site-packages/airflow/example_dags/example_branch_labels.py for tasks to queue
[2022-08-12 03:00:04,337] {logging_mixin.py:115} INFO - [2022-08-12 03:00:04,337] {dagbag.py:507} INFO - Filling up the DagBag from /home/airflow/.local/lib/python3.7/site-packages/airflow/example_dags/example_branch_labels.py
[2022-08-12 03:00:04,347] {processor.py:651} INFO - DAG(s) dict_keys(['example_branch_labels']) retrieved from /home/airflow/.local/lib/python3.7/site-packages/airflow/example_dags/example_branch_labels.py
[2022-08-12 03:00:04,386] {logging_mixin.py:115} INFO - [2022-08-12 03:00:04,386] {dag.py:2371} INFO - Sync 1 DAGs
[2022-08-12 03:00:04,414] {logging_mixin.py:115} INFO - [2022-08-12 03:00:04,414] {dag.py:2919} INFO - Setting next_dagrun for example_branch_labels to 2022-08-11T00:00:00+00:00, run_after=2022-08-12T00:00:00+00:00
[2022-08-12 03:00:04,429] {processor.py:161} INFO - Processing /home/airflow/.local/lib/python3.7/site-packages/airflow/example_dags/example_branch_labels.py took 0.098 seconds
[2022-08-12 03:00:35,248] {processor.py:153} INFO - Started process (PID=2005) to work on /home/airflow/.local/lib/python3.7/site-packages/airflow/example_dags/example_branch_labels.py
[2022-08-12 03:00:35,252] {processor.py:641} INFO - Processing file /home/airflow/.local/lib/python3.7/site-packages/airflow/example_dags/example_branch_labels.py for tasks to queue
[2022-08-12 03:00:35,254] {logging_mixin.py:115} INFO - [2022-08-12 03:00:35,254] {dagbag.py:507} INFO - Filling up the DagBag from /home/airflow/.local/lib/python3.7/site-packages/airflow/example_dags/example_branch_labels.py
[2022-08-12 03:00:35,273] {processor.py:651} INFO - DAG(s) dict_keys(['example_branch_labels']) retrieved from /home/airflow/.local/lib/python3.7/site-packages/airflow/example_dags/example_branch_labels.py
[2022-08-12 03:00:35,337] {logging_mixin.py:115} INFO - [2022-08-12 03:00:35,337] {dag.py:2371} INFO - Sync 1 DAGs
[2022-08-12 03:00:35,378] {logging_mixin.py:115} INFO - [2022-08-12 03:00:35,378] {dag.py:2919} INFO - Setting next_dagrun for example_branch_labels to 2022-08-11T00:00:00+00:00, run_after=2022-08-12T00:00:00+00:00
[2022-08-12 03:00:35,402] {processor.py:161} INFO - Processing /home/airflow/.local/lib/python3.7/site-packages/airflow/example_dags/example_branch_labels.py took 0.160 seconds
[2022-08-12 03:05:34,835] {processor.py:153} INFO - Started process (PID=2057) to work on /home/airflow/.local/lib/python3.7/site-packages/airflow/example_dags/example_branch_labels.py
[2022-08-12 03:05:34,836] {processor.py:641} INFO - Processing file /home/airflow/.local/lib/python3.7/site-packages/airflow/example_dags/example_branch_labels.py for tasks to queue
[2022-08-12 03:05:34,837] {logging_mixin.py:115} INFO - [2022-08-12 03:05:34,837] {dagbag.py:507} INFO - Filling up the DagBag from /home/airflow/.local/lib/python3.7/site-packages/airflow/example_dags/example_branch_labels.py
[2022-08-12 03:05:34,845] {processor.py:651} INFO - DAG(s) dict_keys(['example_branch_labels']) retrieved from /home/airflow/.local/lib/python3.7/site-packages/airflow/example_dags/example_branch_labels.py
[2022-08-12 03:05:34,882] {logging_mixin.py:115} INFO - [2022-08-12 03:05:34,882] {dag.py:2371} INFO - Sync 1 DAGs
[2022-08-12 03:05:34,907] {logging_mixin.py:115} INFO - [2022-08-12 03:05:34,907] {dag.py:2919} INFO - Setting next_dagrun for example_branch_labels to 2022-08-11T00:00:00+00:00, run_after=2022-08-12T00:00:00+00:00
[2022-08-12 03:05:34,920] {processor.py:161} INFO - Processing /home/airflow/.local/lib/python3.7/site-packages/airflow/example_dags/example_branch_labels.py took 0.089 seconds
[2022-08-12 03:06:06,874] {processor.py:153} INFO - Started process (PID=2109) to work on /home/airflow/.local/lib/python3.7/site-packages/airflow/example_dags/example_branch_labels.py
[2022-08-12 03:06:06,876] {processor.py:641} INFO - Processing file /home/airflow/.local/lib/python3.7/site-packages/airflow/example_dags/example_branch_labels.py for tasks to queue
[2022-08-12 03:06:06,879] {logging_mixin.py:115} INFO - [2022-08-12 03:06:06,879] {dagbag.py:507} INFO - Filling up the DagBag from /home/airflow/.local/lib/python3.7/site-packages/airflow/example_dags/example_branch_labels.py
[2022-08-12 03:06:06,896] {processor.py:651} INFO - DAG(s) dict_keys(['example_branch_labels']) retrieved from /home/airflow/.local/lib/python3.7/site-packages/airflow/example_dags/example_branch_labels.py
[2022-08-12 03:06:06,963] {logging_mixin.py:115} INFO - [2022-08-12 03:06:06,963] {dag.py:2371} INFO - Sync 1 DAGs
[2022-08-12 03:06:07,012] {logging_mixin.py:115} INFO - [2022-08-12 03:06:07,012] {dag.py:2919} INFO - Setting next_dagrun for example_branch_labels to 2022-08-11T00:00:00+00:00, run_after=2022-08-12T00:00:00+00:00
[2022-08-12 03:06:07,038] {processor.py:161} INFO - Processing /home/airflow/.local/lib/python3.7/site-packages/airflow/example_dags/example_branch_labels.py took 0.172 seconds
[2022-08-12 03:11:07,538] {processor.py:153} INFO - Started process (PID=2162) to work on /home/airflow/.local/lib/python3.7/site-packages/airflow/example_dags/example_branch_labels.py
[2022-08-12 03:11:07,539] {processor.py:641} INFO - Processing file /home/airflow/.local/lib/python3.7/site-packages/airflow/example_dags/example_branch_labels.py for tasks to queue
[2022-08-12 03:11:07,540] {logging_mixin.py:115} INFO - [2022-08-12 03:11:07,540] {dagbag.py:507} INFO - Filling up the DagBag from /home/airflow/.local/lib/python3.7/site-packages/airflow/example_dags/example_branch_labels.py
[2022-08-12 03:11:07,548] {processor.py:651} INFO - DAG(s) dict_keys(['example_branch_labels']) retrieved from /home/airflow/.local/lib/python3.7/site-packages/airflow/example_dags/example_branch_labels.py
[2022-08-12 03:11:07,582] {logging_mixin.py:115} INFO - [2022-08-12 03:11:07,582] {dag.py:2371} INFO - Sync 1 DAGs
[2022-08-12 03:11:07,605] {logging_mixin.py:115} INFO - [2022-08-12 03:11:07,604] {dag.py:2919} INFO - Setting next_dagrun for example_branch_labels to 2022-08-11T00:00:00+00:00, run_after=2022-08-12T00:00:00+00:00
[2022-08-12 03:11:07,616] {processor.py:161} INFO - Processing /home/airflow/.local/lib/python3.7/site-packages/airflow/example_dags/example_branch_labels.py took 0.083 seconds
[2022-08-12 03:11:39,143] {processor.py:153} INFO - Started process (PID=2214) to work on /home/airflow/.local/lib/python3.7/site-packages/airflow/example_dags/example_branch_labels.py
[2022-08-12 03:11:39,145] {processor.py:641} INFO - Processing file /home/airflow/.local/lib/python3.7/site-packages/airflow/example_dags/example_branch_labels.py for tasks to queue
[2022-08-12 03:11:39,148] {logging_mixin.py:115} INFO - [2022-08-12 03:11:39,148] {dagbag.py:507} INFO - Filling up the DagBag from /home/airflow/.local/lib/python3.7/site-packages/airflow/example_dags/example_branch_labels.py
[2022-08-12 03:11:39,172] {processor.py:651} INFO - DAG(s) dict_keys(['example_branch_labels']) retrieved from /home/airflow/.local/lib/python3.7/site-packages/airflow/example_dags/example_branch_labels.py
[2022-08-12 03:11:39,253] {logging_mixin.py:115} INFO - [2022-08-12 03:11:39,253] {dag.py:2371} INFO - Sync 1 DAGs
[2022-08-12 03:11:39,301] {logging_mixin.py:115} INFO - [2022-08-12 03:11:39,300] {dag.py:2919} INFO - Setting next_dagrun for example_branch_labels to 2022-08-11T00:00:00+00:00, run_after=2022-08-12T00:00:00+00:00
[2022-08-12 03:11:39,327] {processor.py:161} INFO - Processing /home/airflow/.local/lib/python3.7/site-packages/airflow/example_dags/example_branch_labels.py took 0.195 seconds
[2022-08-12 03:16:40,688] {processor.py:153} INFO - Started process (PID=2266) to work on /home/airflow/.local/lib/python3.7/site-packages/airflow/example_dags/example_branch_labels.py
[2022-08-12 03:16:40,692] {processor.py:641} INFO - Processing file /home/airflow/.local/lib/python3.7/site-packages/airflow/example_dags/example_branch_labels.py for tasks to queue
[2022-08-12 03:16:40,694] {logging_mixin.py:115} INFO - [2022-08-12 03:16:40,694] {dagbag.py:507} INFO - Filling up the DagBag from /home/airflow/.local/lib/python3.7/site-packages/airflow/example_dags/example_branch_labels.py
[2022-08-12 03:16:40,707] {processor.py:651} INFO - DAG(s) dict_keys(['example_branch_labels']) retrieved from /home/airflow/.local/lib/python3.7/site-packages/airflow/example_dags/example_branch_labels.py
[2022-08-12 03:16:40,773] {logging_mixin.py:115} INFO - [2022-08-12 03:16:40,773] {dag.py:2371} INFO - Sync 1 DAGs
[2022-08-12 03:16:40,812] {logging_mixin.py:115} INFO - [2022-08-12 03:16:40,812] {dag.py:2919} INFO - Setting next_dagrun for example_branch_labels to 2022-08-11T00:00:00+00:00, run_after=2022-08-12T00:00:00+00:00
[2022-08-12 03:16:40,861] {processor.py:161} INFO - Processing /home/airflow/.local/lib/python3.7/site-packages/airflow/example_dags/example_branch_labels.py took 0.177 seconds
[2022-08-12 03:17:12,506] {processor.py:153} INFO - Started process (PID=2317) to work on /home/airflow/.local/lib/python3.7/site-packages/airflow/example_dags/example_branch_labels.py
[2022-08-12 03:17:12,508] {processor.py:641} INFO - Processing file /home/airflow/.local/lib/python3.7/site-packages/airflow/example_dags/example_branch_labels.py for tasks to queue
[2022-08-12 03:17:12,511] {logging_mixin.py:115} INFO - [2022-08-12 03:17:12,511] {dagbag.py:507} INFO - Filling up the DagBag from /home/airflow/.local/lib/python3.7/site-packages/airflow/example_dags/example_branch_labels.py
[2022-08-12 03:17:12,532] {processor.py:651} INFO - DAG(s) dict_keys(['example_branch_labels']) retrieved from /home/airflow/.local/lib/python3.7/site-packages/airflow/example_dags/example_branch_labels.py
[2022-08-12 03:17:12,638] {logging_mixin.py:115} INFO - [2022-08-12 03:17:12,637] {dag.py:2371} INFO - Sync 1 DAGs
[2022-08-12 03:17:12,722] {logging_mixin.py:115} INFO - [2022-08-12 03:17:12,721] {dag.py:2919} INFO - Setting next_dagrun for example_branch_labels to 2022-08-11T00:00:00+00:00, run_after=2022-08-12T00:00:00+00:00
[2022-08-12 03:17:12,777] {processor.py:161} INFO - Processing /home/airflow/.local/lib/python3.7/site-packages/airflow/example_dags/example_branch_labels.py took 0.283 seconds
[2022-08-12 03:22:13,999] {processor.py:153} INFO - Started process (PID=2369) to work on /home/airflow/.local/lib/python3.7/site-packages/airflow/example_dags/example_branch_labels.py
[2022-08-12 03:22:14,000] {processor.py:641} INFO - Processing file /home/airflow/.local/lib/python3.7/site-packages/airflow/example_dags/example_branch_labels.py for tasks to queue
[2022-08-12 03:22:14,002] {logging_mixin.py:115} INFO - [2022-08-12 03:22:14,002] {dagbag.py:507} INFO - Filling up the DagBag from /home/airflow/.local/lib/python3.7/site-packages/airflow/example_dags/example_branch_labels.py
[2022-08-12 03:22:14,011] {processor.py:651} INFO - DAG(s) dict_keys(['example_branch_labels']) retrieved from /home/airflow/.local/lib/python3.7/site-packages/airflow/example_dags/example_branch_labels.py
[2022-08-12 03:22:14,047] {logging_mixin.py:115} INFO - [2022-08-12 03:22:14,047] {dag.py:2371} INFO - Sync 1 DAGs
[2022-08-12 03:22:14,095] {logging_mixin.py:115} INFO - [2022-08-12 03:22:14,095] {dag.py:2919} INFO - Setting next_dagrun for example_branch_labels to 2022-08-11T00:00:00+00:00, run_after=2022-08-12T00:00:00+00:00
[2022-08-12 03:22:14,124] {processor.py:161} INFO - Processing /home/airflow/.local/lib/python3.7/site-packages/airflow/example_dags/example_branch_labels.py took 0.129 seconds
[2022-08-12 03:22:45,722] {processor.py:153} INFO - Started process (PID=2421) to work on /home/airflow/.local/lib/python3.7/site-packages/airflow/example_dags/example_branch_labels.py
[2022-08-12 03:22:45,725] {processor.py:641} INFO - Processing file /home/airflow/.local/lib/python3.7/site-packages/airflow/example_dags/example_branch_labels.py for tasks to queue
[2022-08-12 03:22:45,728] {logging_mixin.py:115} INFO - [2022-08-12 03:22:45,728] {dagbag.py:507} INFO - Filling up the DagBag from /home/airflow/.local/lib/python3.7/site-packages/airflow/example_dags/example_branch_labels.py
[2022-08-12 03:22:45,750] {processor.py:651} INFO - DAG(s) dict_keys(['example_branch_labels']) retrieved from /home/airflow/.local/lib/python3.7/site-packages/airflow/example_dags/example_branch_labels.py
[2022-08-12 03:22:45,833] {logging_mixin.py:115} INFO - [2022-08-12 03:22:45,833] {dag.py:2371} INFO - Sync 1 DAGs
[2022-08-12 03:22:45,904] {logging_mixin.py:115} INFO - [2022-08-12 03:22:45,903] {dag.py:2919} INFO - Setting next_dagrun for example_branch_labels to 2022-08-11T00:00:00+00:00, run_after=2022-08-12T00:00:00+00:00
[2022-08-12 03:22:45,942] {processor.py:161} INFO - Processing /home/airflow/.local/lib/python3.7/site-packages/airflow/example_dags/example_branch_labels.py took 0.230 seconds
[2022-08-12 03:27:47,354] {processor.py:153} INFO - Started process (PID=2474) to work on /home/airflow/.local/lib/python3.7/site-packages/airflow/example_dags/example_branch_labels.py
[2022-08-12 03:27:47,355] {processor.py:641} INFO - Processing file /home/airflow/.local/lib/python3.7/site-packages/airflow/example_dags/example_branch_labels.py for tasks to queue
[2022-08-12 03:27:47,357] {logging_mixin.py:115} INFO - [2022-08-12 03:27:47,357] {dagbag.py:507} INFO - Filling up the DagBag from /home/airflow/.local/lib/python3.7/site-packages/airflow/example_dags/example_branch_labels.py
[2022-08-12 03:27:47,366] {processor.py:651} INFO - DAG(s) dict_keys(['example_branch_labels']) retrieved from /home/airflow/.local/lib/python3.7/site-packages/airflow/example_dags/example_branch_labels.py
[2022-08-12 03:27:47,401] {logging_mixin.py:115} INFO - [2022-08-12 03:27:47,401] {dag.py:2371} INFO - Sync 1 DAGs
[2022-08-12 03:27:47,423] {logging_mixin.py:115} INFO - [2022-08-12 03:27:47,423] {dag.py:2919} INFO - Setting next_dagrun for example_branch_labels to 2022-08-11T00:00:00+00:00, run_after=2022-08-12T00:00:00+00:00
[2022-08-12 03:27:47,436] {processor.py:161} INFO - Processing /home/airflow/.local/lib/python3.7/site-packages/airflow/example_dags/example_branch_labels.py took 0.086 seconds
[2022-08-12 03:28:19,325] {processor.py:153} INFO - Started process (PID=2525) to work on /home/airflow/.local/lib/python3.7/site-packages/airflow/example_dags/example_branch_labels.py
[2022-08-12 03:28:19,330] {processor.py:641} INFO - Processing file /home/airflow/.local/lib/python3.7/site-packages/airflow/example_dags/example_branch_labels.py for tasks to queue
[2022-08-12 03:28:19,341] {logging_mixin.py:115} INFO - [2022-08-12 03:28:19,340] {dagbag.py:507} INFO - Filling up the DagBag from /home/airflow/.local/lib/python3.7/site-packages/airflow/example_dags/example_branch_labels.py
[2022-08-12 03:28:19,392] {processor.py:651} INFO - DAG(s) dict_keys(['example_branch_labels']) retrieved from /home/airflow/.local/lib/python3.7/site-packages/airflow/example_dags/example_branch_labels.py
[2022-08-12 03:28:19,516] {logging_mixin.py:115} INFO - [2022-08-12 03:28:19,516] {dag.py:2371} INFO - Sync 1 DAGs
[2022-08-12 03:28:19,641] {logging_mixin.py:115} INFO - [2022-08-12 03:28:19,640] {dag.py:2919} INFO - Setting next_dagrun for example_branch_labels to 2022-08-11T00:00:00+00:00, run_after=2022-08-12T00:00:00+00:00
[2022-08-12 03:28:19,707] {processor.py:161} INFO - Processing /home/airflow/.local/lib/python3.7/site-packages/airflow/example_dags/example_branch_labels.py took 0.394 seconds
[2022-08-12 03:33:19,003] {processor.py:153} INFO - Started process (PID=2577) to work on /home/airflow/.local/lib/python3.7/site-packages/airflow/example_dags/example_branch_labels.py
[2022-08-12 03:33:19,004] {processor.py:641} INFO - Processing file /home/airflow/.local/lib/python3.7/site-packages/airflow/example_dags/example_branch_labels.py for tasks to queue
[2022-08-12 03:33:19,006] {logging_mixin.py:115} INFO - [2022-08-12 03:33:19,005] {dagbag.py:507} INFO - Filling up the DagBag from /home/airflow/.local/lib/python3.7/site-packages/airflow/example_dags/example_branch_labels.py
[2022-08-12 03:33:19,014] {processor.py:651} INFO - DAG(s) dict_keys(['example_branch_labels']) retrieved from /home/airflow/.local/lib/python3.7/site-packages/airflow/example_dags/example_branch_labels.py
[2022-08-12 03:33:19,049] {logging_mixin.py:115} INFO - [2022-08-12 03:33:19,049] {dag.py:2371} INFO - Sync 1 DAGs
[2022-08-12 03:33:19,072] {logging_mixin.py:115} INFO - [2022-08-12 03:33:19,072] {dag.py:2919} INFO - Setting next_dagrun for example_branch_labels to 2022-08-11T00:00:00+00:00, run_after=2022-08-12T00:00:00+00:00
[2022-08-12 03:33:19,084] {processor.py:161} INFO - Processing /home/airflow/.local/lib/python3.7/site-packages/airflow/example_dags/example_branch_labels.py took 0.087 seconds
[2022-08-12 03:33:50,411] {processor.py:153} INFO - Started process (PID=2629) to work on /home/airflow/.local/lib/python3.7/site-packages/airflow/example_dags/example_branch_labels.py
[2022-08-12 03:33:50,415] {processor.py:641} INFO - Processing file /home/airflow/.local/lib/python3.7/site-packages/airflow/example_dags/example_branch_labels.py for tasks to queue
[2022-08-12 03:33:50,420] {logging_mixin.py:115} INFO - [2022-08-12 03:33:50,420] {dagbag.py:507} INFO - Filling up the DagBag from /home/airflow/.local/lib/python3.7/site-packages/airflow/example_dags/example_branch_labels.py
[2022-08-12 03:33:50,441] {processor.py:651} INFO - DAG(s) dict_keys(['example_branch_labels']) retrieved from /home/airflow/.local/lib/python3.7/site-packages/airflow/example_dags/example_branch_labels.py
[2022-08-12 03:33:50,519] {logging_mixin.py:115} INFO - [2022-08-12 03:33:50,518] {dag.py:2371} INFO - Sync 1 DAGs
[2022-08-12 03:33:50,573] {logging_mixin.py:115} INFO - [2022-08-12 03:33:50,572] {dag.py:2919} INFO - Setting next_dagrun for example_branch_labels to 2022-08-11T00:00:00+00:00, run_after=2022-08-12T00:00:00+00:00
[2022-08-12 03:33:50,607] {processor.py:161} INFO - Processing /home/airflow/.local/lib/python3.7/site-packages/airflow/example_dags/example_branch_labels.py took 0.212 seconds
[2022-08-12 03:38:51,542] {processor.py:153} INFO - Started process (PID=2681) to work on /home/airflow/.local/lib/python3.7/site-packages/airflow/example_dags/example_branch_labels.py
[2022-08-12 03:38:51,544] {processor.py:641} INFO - Processing file /home/airflow/.local/lib/python3.7/site-packages/airflow/example_dags/example_branch_labels.py for tasks to queue
[2022-08-12 03:38:51,545] {logging_mixin.py:115} INFO - [2022-08-12 03:38:51,545] {dagbag.py:507} INFO - Filling up the DagBag from /home/airflow/.local/lib/python3.7/site-packages/airflow/example_dags/example_branch_labels.py
[2022-08-12 03:38:51,553] {processor.py:651} INFO - DAG(s) dict_keys(['example_branch_labels']) retrieved from /home/airflow/.local/lib/python3.7/site-packages/airflow/example_dags/example_branch_labels.py
[2022-08-12 03:38:51,590] {logging_mixin.py:115} INFO - [2022-08-12 03:38:51,590] {dag.py:2371} INFO - Sync 1 DAGs
[2022-08-12 03:38:51,614] {logging_mixin.py:115} INFO - [2022-08-12 03:38:51,614] {dag.py:2919} INFO - Setting next_dagrun for example_branch_labels to 2022-08-11T00:00:00+00:00, run_after=2022-08-12T00:00:00+00:00
[2022-08-12 03:38:51,636] {processor.py:161} INFO - Processing /home/airflow/.local/lib/python3.7/site-packages/airflow/example_dags/example_branch_labels.py took 0.098 seconds
[2022-08-12 03:39:23,405] {processor.py:153} INFO - Started process (PID=2733) to work on /home/airflow/.local/lib/python3.7/site-packages/airflow/example_dags/example_branch_labels.py
[2022-08-12 03:39:23,409] {processor.py:641} INFO - Processing file /home/airflow/.local/lib/python3.7/site-packages/airflow/example_dags/example_branch_labels.py for tasks to queue
[2022-08-12 03:39:23,413] {logging_mixin.py:115} INFO - [2022-08-12 03:39:23,413] {dagbag.py:507} INFO - Filling up the DagBag from /home/airflow/.local/lib/python3.7/site-packages/airflow/example_dags/example_branch_labels.py
[2022-08-12 03:39:23,437] {processor.py:651} INFO - DAG(s) dict_keys(['example_branch_labels']) retrieved from /home/airflow/.local/lib/python3.7/site-packages/airflow/example_dags/example_branch_labels.py
[2022-08-12 03:39:23,541] {logging_mixin.py:115} INFO - [2022-08-12 03:39:23,540] {dag.py:2371} INFO - Sync 1 DAGs
[2022-08-12 03:39:23,608] {logging_mixin.py:115} INFO - [2022-08-12 03:39:23,607] {dag.py:2919} INFO - Setting next_dagrun for example_branch_labels to 2022-08-11T00:00:00+00:00, run_after=2022-08-12T00:00:00+00:00
[2022-08-12 03:39:23,640] {processor.py:161} INFO - Processing /home/airflow/.local/lib/python3.7/site-packages/airflow/example_dags/example_branch_labels.py took 0.248 seconds
[2022-08-12 03:44:30,549] {processor.py:153} INFO - Started process (PID=2787) to work on /home/airflow/.local/lib/python3.7/site-packages/airflow/example_dags/example_branch_labels.py
[2022-08-12 03:44:30,551] {processor.py:641} INFO - Processing file /home/airflow/.local/lib/python3.7/site-packages/airflow/example_dags/example_branch_labels.py for tasks to queue
[2022-08-12 03:44:30,552] {logging_mixin.py:115} INFO - [2022-08-12 03:44:30,552] {dagbag.py:507} INFO - Filling up the DagBag from /home/airflow/.local/lib/python3.7/site-packages/airflow/example_dags/example_branch_labels.py
[2022-08-12 03:44:30,562] {processor.py:651} INFO - DAG(s) dict_keys(['example_branch_labels']) retrieved from /home/airflow/.local/lib/python3.7/site-packages/airflow/example_dags/example_branch_labels.py
[2022-08-12 03:44:30,606] {logging_mixin.py:115} INFO - [2022-08-12 03:44:30,605] {dag.py:2371} INFO - Sync 1 DAGs
[2022-08-12 03:44:30,661] {logging_mixin.py:115} INFO - [2022-08-12 03:44:30,661] {dag.py:2919} INFO - Setting next_dagrun for example_branch_labels to 2022-08-11T00:00:00+00:00, run_after=2022-08-12T00:00:00+00:00
[2022-08-12 03:44:30,684] {processor.py:161} INFO - Processing /home/airflow/.local/lib/python3.7/site-packages/airflow/example_dags/example_branch_labels.py took 0.139 seconds
[2022-08-12 03:45:02,821] {processor.py:153} INFO - Started process (PID=2839) to work on /home/airflow/.local/lib/python3.7/site-packages/airflow/example_dags/example_branch_labels.py
[2022-08-12 03:45:02,824] {processor.py:641} INFO - Processing file /home/airflow/.local/lib/python3.7/site-packages/airflow/example_dags/example_branch_labels.py for tasks to queue
[2022-08-12 03:45:02,828] {logging_mixin.py:115} INFO - [2022-08-12 03:45:02,828] {dagbag.py:507} INFO - Filling up the DagBag from /home/airflow/.local/lib/python3.7/site-packages/airflow/example_dags/example_branch_labels.py
[2022-08-12 03:45:02,850] {processor.py:651} INFO - DAG(s) dict_keys(['example_branch_labels']) retrieved from /home/airflow/.local/lib/python3.7/site-packages/airflow/example_dags/example_branch_labels.py
[2022-08-12 03:45:02,933] {logging_mixin.py:115} INFO - [2022-08-12 03:45:02,933] {dag.py:2371} INFO - Sync 1 DAGs
[2022-08-12 03:45:02,994] {logging_mixin.py:115} INFO - [2022-08-12 03:45:02,994] {dag.py:2919} INFO - Setting next_dagrun for example_branch_labels to 2022-08-11T00:00:00+00:00, run_after=2022-08-12T00:00:00+00:00
[2022-08-12 03:45:03,029] {processor.py:161} INFO - Processing /home/airflow/.local/lib/python3.7/site-packages/airflow/example_dags/example_branch_labels.py took 0.220 seconds
[2022-08-12 03:50:02,697] {processor.py:153} INFO - Started process (PID=2891) to work on /home/airflow/.local/lib/python3.7/site-packages/airflow/example_dags/example_branch_labels.py
[2022-08-12 03:50:02,698] {processor.py:641} INFO - Processing file /home/airflow/.local/lib/python3.7/site-packages/airflow/example_dags/example_branch_labels.py for tasks to queue
[2022-08-12 03:50:02,700] {logging_mixin.py:115} INFO - [2022-08-12 03:50:02,699] {dagbag.py:507} INFO - Filling up the DagBag from /home/airflow/.local/lib/python3.7/site-packages/airflow/example_dags/example_branch_labels.py
[2022-08-12 03:50:02,708] {processor.py:651} INFO - DAG(s) dict_keys(['example_branch_labels']) retrieved from /home/airflow/.local/lib/python3.7/site-packages/airflow/example_dags/example_branch_labels.py
[2022-08-12 03:50:02,737] {logging_mixin.py:115} INFO - [2022-08-12 03:50:02,737] {dag.py:2371} INFO - Sync 1 DAGs
[2022-08-12 03:50:02,761] {logging_mixin.py:115} INFO - [2022-08-12 03:50:02,761] {dag.py:2919} INFO - Setting next_dagrun for example_branch_labels to 2022-08-11T00:00:00+00:00, run_after=2022-08-12T00:00:00+00:00
[2022-08-12 03:50:02,774] {processor.py:161} INFO - Processing /home/airflow/.local/lib/python3.7/site-packages/airflow/example_dags/example_branch_labels.py took 0.082 seconds
[2022-08-12 03:50:35,529] {processor.py:153} INFO - Started process (PID=2943) to work on /home/airflow/.local/lib/python3.7/site-packages/airflow/example_dags/example_branch_labels.py
[2022-08-12 03:50:35,534] {processor.py:641} INFO - Processing file /home/airflow/.local/lib/python3.7/site-packages/airflow/example_dags/example_branch_labels.py for tasks to queue
[2022-08-12 03:50:35,540] {logging_mixin.py:115} INFO - [2022-08-12 03:50:35,539] {dagbag.py:507} INFO - Filling up the DagBag from /home/airflow/.local/lib/python3.7/site-packages/airflow/example_dags/example_branch_labels.py
[2022-08-12 03:50:35,569] {processor.py:651} INFO - DAG(s) dict_keys(['example_branch_labels']) retrieved from /home/airflow/.local/lib/python3.7/site-packages/airflow/example_dags/example_branch_labels.py
[2022-08-12 03:50:35,678] {logging_mixin.py:115} INFO - [2022-08-12 03:50:35,678] {dag.py:2371} INFO - Sync 1 DAGs
[2022-08-12 03:50:35,747] {logging_mixin.py:115} INFO - [2022-08-12 03:50:35,747] {dag.py:2919} INFO - Setting next_dagrun for example_branch_labels to 2022-08-11T00:00:00+00:00, run_after=2022-08-12T00:00:00+00:00
[2022-08-12 03:50:35,782] {processor.py:161} INFO - Processing /home/airflow/.local/lib/python3.7/site-packages/airflow/example_dags/example_branch_labels.py took 0.268 seconds
[2022-08-12 03:55:34,503] {processor.py:153} INFO - Started process (PID=2994) to work on /home/airflow/.local/lib/python3.7/site-packages/airflow/example_dags/example_branch_labels.py
[2022-08-12 03:55:34,506] {processor.py:641} INFO - Processing file /home/airflow/.local/lib/python3.7/site-packages/airflow/example_dags/example_branch_labels.py for tasks to queue
[2022-08-12 03:55:34,507] {logging_mixin.py:115} INFO - [2022-08-12 03:55:34,507] {dagbag.py:507} INFO - Filling up the DagBag from /home/airflow/.local/lib/python3.7/site-packages/airflow/example_dags/example_branch_labels.py
[2022-08-12 03:55:34,526] {processor.py:651} INFO - DAG(s) dict_keys(['example_branch_labels']) retrieved from /home/airflow/.local/lib/python3.7/site-packages/airflow/example_dags/example_branch_labels.py
[2022-08-12 03:55:34,622] {logging_mixin.py:115} INFO - [2022-08-12 03:55:34,622] {dag.py:2371} INFO - Sync 1 DAGs
[2022-08-12 03:55:34,669] {logging_mixin.py:115} INFO - [2022-08-12 03:55:34,669] {dag.py:2919} INFO - Setting next_dagrun for example_branch_labels to 2022-08-11T00:00:00+00:00, run_after=2022-08-12T00:00:00+00:00
[2022-08-12 03:55:34,694] {processor.py:161} INFO - Processing /home/airflow/.local/lib/python3.7/site-packages/airflow/example_dags/example_branch_labels.py took 0.200 seconds
[2022-08-12 03:56:06,156] {processor.py:153} INFO - Started process (PID=3045) to work on /home/airflow/.local/lib/python3.7/site-packages/airflow/example_dags/example_branch_labels.py
[2022-08-12 03:56:06,160] {processor.py:641} INFO - Processing file /home/airflow/.local/lib/python3.7/site-packages/airflow/example_dags/example_branch_labels.py for tasks to queue
[2022-08-12 03:56:06,163] {logging_mixin.py:115} INFO - [2022-08-12 03:56:06,162] {dagbag.py:507} INFO - Filling up the DagBag from /home/airflow/.local/lib/python3.7/site-packages/airflow/example_dags/example_branch_labels.py
[2022-08-12 03:56:06,185] {processor.py:651} INFO - DAG(s) dict_keys(['example_branch_labels']) retrieved from /home/airflow/.local/lib/python3.7/site-packages/airflow/example_dags/example_branch_labels.py
[2022-08-12 03:56:06,294] {logging_mixin.py:115} INFO - [2022-08-12 03:56:06,294] {dag.py:2371} INFO - Sync 1 DAGs
[2022-08-12 03:56:06,355] {logging_mixin.py:115} INFO - [2022-08-12 03:56:06,354] {dag.py:2919} INFO - Setting next_dagrun for example_branch_labels to 2022-08-11T00:00:00+00:00, run_after=2022-08-12T00:00:00+00:00
[2022-08-12 03:56:06,386] {processor.py:161} INFO - Processing /home/airflow/.local/lib/python3.7/site-packages/airflow/example_dags/example_branch_labels.py took 0.246 seconds
[2022-08-12 04:16:29,685] {processor.py:153} INFO - Started process (PID=3125) to work on /home/airflow/.local/lib/python3.7/site-packages/airflow/example_dags/example_branch_labels.py
[2022-08-12 04:16:29,687] {processor.py:641} INFO - Processing file /home/airflow/.local/lib/python3.7/site-packages/airflow/example_dags/example_branch_labels.py for tasks to queue
[2022-08-12 04:16:29,689] {logging_mixin.py:115} INFO - [2022-08-12 04:16:29,688] {dagbag.py:507} INFO - Filling up the DagBag from /home/airflow/.local/lib/python3.7/site-packages/airflow/example_dags/example_branch_labels.py
[2022-08-12 04:16:29,712] {processor.py:651} INFO - DAG(s) dict_keys(['example_branch_labels']) retrieved from /home/airflow/.local/lib/python3.7/site-packages/airflow/example_dags/example_branch_labels.py
[2022-08-12 04:16:29,766] {logging_mixin.py:115} INFO - [2022-08-12 04:16:29,766] {dag.py:2371} INFO - Sync 1 DAGs
[2022-08-12 04:16:29,807] {logging_mixin.py:115} INFO - [2022-08-12 04:16:29,807] {dag.py:2919} INFO - Setting next_dagrun for example_branch_labels to 2022-08-11T00:00:00+00:00, run_after=2022-08-12T00:00:00+00:00
[2022-08-12 04:16:29,825] {processor.py:161} INFO - Processing /home/airflow/.local/lib/python3.7/site-packages/airflow/example_dags/example_branch_labels.py took 0.145 seconds
[2022-08-12 05:25:45,341] {processor.py:153} INFO - Started process (PID=3180) to work on /home/airflow/.local/lib/python3.7/site-packages/airflow/example_dags/example_branch_labels.py
[2022-08-12 05:25:45,342] {processor.py:641} INFO - Processing file /home/airflow/.local/lib/python3.7/site-packages/airflow/example_dags/example_branch_labels.py for tasks to queue
[2022-08-12 05:25:45,344] {logging_mixin.py:115} INFO - [2022-08-12 05:25:45,343] {dagbag.py:507} INFO - Filling up the DagBag from /home/airflow/.local/lib/python3.7/site-packages/airflow/example_dags/example_branch_labels.py
[2022-08-12 05:25:45,355] {processor.py:651} INFO - DAG(s) dict_keys(['example_branch_labels']) retrieved from /home/airflow/.local/lib/python3.7/site-packages/airflow/example_dags/example_branch_labels.py
[2022-08-12 05:25:45,396] {logging_mixin.py:115} INFO - [2022-08-12 05:25:45,396] {dag.py:2371} INFO - Sync 1 DAGs
[2022-08-12 05:25:45,428] {logging_mixin.py:115} INFO - [2022-08-12 05:25:45,427] {dag.py:2919} INFO - Setting next_dagrun for example_branch_labels to 2022-08-11T00:00:00+00:00, run_after=2022-08-12T00:00:00+00:00
[2022-08-12 05:25:45,441] {processor.py:161} INFO - Processing /home/airflow/.local/lib/python3.7/site-packages/airflow/example_dags/example_branch_labels.py took 0.105 seconds
[2022-08-12 07:13:53,777] {processor.py:153} INFO - Started process (PID=3232) to work on /home/airflow/.local/lib/python3.7/site-packages/airflow/example_dags/example_branch_labels.py
[2022-08-12 07:13:53,778] {processor.py:641} INFO - Processing file /home/airflow/.local/lib/python3.7/site-packages/airflow/example_dags/example_branch_labels.py for tasks to queue
[2022-08-12 07:13:53,780] {logging_mixin.py:115} INFO - [2022-08-12 07:13:53,780] {dagbag.py:507} INFO - Filling up the DagBag from /home/airflow/.local/lib/python3.7/site-packages/airflow/example_dags/example_branch_labels.py
[2022-08-12 07:13:53,791] {processor.py:651} INFO - DAG(s) dict_keys(['example_branch_labels']) retrieved from /home/airflow/.local/lib/python3.7/site-packages/airflow/example_dags/example_branch_labels.py
[2022-08-12 07:13:53,838] {logging_mixin.py:115} INFO - [2022-08-12 07:13:53,838] {dag.py:2371} INFO - Sync 1 DAGs
[2022-08-12 07:13:53,871] {logging_mixin.py:115} INFO - [2022-08-12 07:13:53,871] {dag.py:2919} INFO - Setting next_dagrun for example_branch_labels to 2022-08-11T00:00:00+00:00, run_after=2022-08-12T00:00:00+00:00
[2022-08-12 07:13:53,888] {processor.py:161} INFO - Processing /home/airflow/.local/lib/python3.7/site-packages/airflow/example_dags/example_branch_labels.py took 0.117 seconds
[2022-08-12 09:02:18,228] {processor.py:153} INFO - Started process (PID=3284) to work on /home/airflow/.local/lib/python3.7/site-packages/airflow/example_dags/example_branch_labels.py
[2022-08-12 09:02:18,232] {processor.py:641} INFO - Processing file /home/airflow/.local/lib/python3.7/site-packages/airflow/example_dags/example_branch_labels.py for tasks to queue
[2022-08-12 09:02:18,233] {logging_mixin.py:115} INFO - [2022-08-12 09:02:18,233] {dagbag.py:507} INFO - Filling up the DagBag from /home/airflow/.local/lib/python3.7/site-packages/airflow/example_dags/example_branch_labels.py
[2022-08-12 09:02:18,256] {processor.py:651} INFO - DAG(s) dict_keys(['example_branch_labels']) retrieved from /home/airflow/.local/lib/python3.7/site-packages/airflow/example_dags/example_branch_labels.py
[2022-08-12 09:02:18,364] {logging_mixin.py:115} INFO - [2022-08-12 09:02:18,364] {dag.py:2371} INFO - Sync 1 DAGs
[2022-08-12 09:02:18,467] {logging_mixin.py:115} INFO - [2022-08-12 09:02:18,466] {dag.py:2919} INFO - Setting next_dagrun for example_branch_labels to 2022-08-11T00:00:00+00:00, run_after=2022-08-12T00:00:00+00:00
[2022-08-12 09:02:18,503] {processor.py:161} INFO - Processing /home/airflow/.local/lib/python3.7/site-packages/airflow/example_dags/example_branch_labels.py took 0.285 seconds
[2022-08-12 12:38:18,482] {processor.py:153} INFO - Started process (PID=3327) to work on /home/airflow/.local/lib/python3.7/site-packages/airflow/example_dags/example_branch_labels.py
[2022-08-12 12:38:18,484] {processor.py:641} INFO - Processing file /home/airflow/.local/lib/python3.7/site-packages/airflow/example_dags/example_branch_labels.py for tasks to queue
[2022-08-12 12:38:18,485] {logging_mixin.py:115} INFO - [2022-08-12 12:38:18,485] {dagbag.py:507} INFO - Filling up the DagBag from /home/airflow/.local/lib/python3.7/site-packages/airflow/example_dags/example_branch_labels.py
[2022-08-12 12:38:18,493] {processor.py:651} INFO - DAG(s) dict_keys(['example_branch_labels']) retrieved from /home/airflow/.local/lib/python3.7/site-packages/airflow/example_dags/example_branch_labels.py
[2022-08-12 12:38:18,541] {logging_mixin.py:115} INFO - [2022-08-12 12:38:18,540] {dag.py:2371} INFO - Sync 1 DAGs
[2022-08-12 12:38:18,576] {logging_mixin.py:115} INFO - [2022-08-12 12:38:18,576] {dag.py:2919} INFO - Setting next_dagrun for example_branch_labels to 2022-08-11T00:00:00+00:00, run_after=2022-08-12T00:00:00+00:00
[2022-08-12 12:38:18,594] {processor.py:161} INFO - Processing /home/airflow/.local/lib/python3.7/site-packages/airflow/example_dags/example_branch_labels.py took 0.116 seconds
[2022-08-12 14:26:43,260] {processor.py:153} INFO - Started process (PID=3389) to work on /home/airflow/.local/lib/python3.7/site-packages/airflow/example_dags/example_branch_labels.py
[2022-08-12 14:26:43,264] {processor.py:641} INFO - Processing file /home/airflow/.local/lib/python3.7/site-packages/airflow/example_dags/example_branch_labels.py for tasks to queue
[2022-08-12 14:26:43,266] {logging_mixin.py:115} INFO - [2022-08-12 14:26:43,266] {dagbag.py:507} INFO - Filling up the DagBag from /home/airflow/.local/lib/python3.7/site-packages/airflow/example_dags/example_branch_labels.py
[2022-08-12 14:26:43,275] {processor.py:651} INFO - DAG(s) dict_keys(['example_branch_labels']) retrieved from /home/airflow/.local/lib/python3.7/site-packages/airflow/example_dags/example_branch_labels.py
[2022-08-12 14:26:43,339] {logging_mixin.py:115} INFO - [2022-08-12 14:26:43,339] {dag.py:2371} INFO - Sync 1 DAGs
[2022-08-12 14:26:43,383] {logging_mixin.py:115} INFO - [2022-08-12 14:26:43,383] {dag.py:2919} INFO - Setting next_dagrun for example_branch_labels to 2022-08-11T00:00:00+00:00, run_after=2022-08-12T00:00:00+00:00
[2022-08-12 14:26:43,408] {processor.py:161} INFO - Processing /home/airflow/.local/lib/python3.7/site-packages/airflow/example_dags/example_branch_labels.py took 0.154 seconds
[2022-08-12 16:17:38,191] {processor.py:153} INFO - Started process (PID=3431) to work on /home/airflow/.local/lib/python3.7/site-packages/airflow/example_dags/example_branch_labels.py
[2022-08-12 16:17:38,193] {processor.py:641} INFO - Processing file /home/airflow/.local/lib/python3.7/site-packages/airflow/example_dags/example_branch_labels.py for tasks to queue
[2022-08-12 16:17:38,195] {logging_mixin.py:115} INFO - [2022-08-12 16:17:38,195] {dagbag.py:507} INFO - Filling up the DagBag from /home/airflow/.local/lib/python3.7/site-packages/airflow/example_dags/example_branch_labels.py
[2022-08-12 16:17:38,209] {processor.py:651} INFO - DAG(s) dict_keys(['example_branch_labels']) retrieved from /home/airflow/.local/lib/python3.7/site-packages/airflow/example_dags/example_branch_labels.py
[2022-08-12 16:17:38,266] {logging_mixin.py:115} INFO - [2022-08-12 16:17:38,266] {dag.py:2371} INFO - Sync 1 DAGs
[2022-08-12 16:17:38,302] {logging_mixin.py:115} INFO - [2022-08-12 16:17:38,302] {dag.py:2919} INFO - Setting next_dagrun for example_branch_labels to 2022-08-11T00:00:00+00:00, run_after=2022-08-12T00:00:00+00:00
[2022-08-12 16:17:38,323] {processor.py:161} INFO - Processing /home/airflow/.local/lib/python3.7/site-packages/airflow/example_dags/example_branch_labels.py took 0.139 seconds
