[2022-08-12 01:28:21,165] {processor.py:153} INFO - Started process (PID=99902) to work on /home/airflow/.local/lib/python3.7/site-packages/airflow/example_dags/example_complex.py
[2022-08-12 01:28:21,169] {processor.py:641} INFO - Processing file /home/airflow/.local/lib/python3.7/site-packages/airflow/example_dags/example_complex.py for tasks to queue
[2022-08-12 01:28:21,171] {logging_mixin.py:115} INFO - [2022-08-12 01:28:21,170] {dagbag.py:507} INFO - Filling up the DagBag from /home/airflow/.local/lib/python3.7/site-packages/airflow/example_dags/example_complex.py
[2022-08-12 01:28:21,218] {processor.py:651} INFO - DAG(s) dict_keys(['example_complex']) retrieved from /home/airflow/.local/lib/python3.7/site-packages/airflow/example_dags/example_complex.py
[2022-08-12 01:28:21,743] {logging_mixin.py:115} INFO - [2022-08-12 01:28:21,742] {dag.py:2371} INFO - Sync 1 DAGs
[2022-08-12 01:28:21,842] {logging_mixin.py:115} INFO - [2022-08-12 01:28:21,842] {dag.py:2919} INFO - Setting next_dagrun for example_complex to None, run_after=None
[2022-08-12 01:28:21,960] {processor.py:161} INFO - Processing /home/airflow/.local/lib/python3.7/site-packages/airflow/example_dags/example_complex.py took 0.801 seconds
[2022-08-12 01:28:52,242] {processor.py:153} INFO - Started process (PID=99954) to work on /home/airflow/.local/lib/python3.7/site-packages/airflow/example_dags/example_complex.py
[2022-08-12 01:28:52,246] {processor.py:641} INFO - Processing file /home/airflow/.local/lib/python3.7/site-packages/airflow/example_dags/example_complex.py for tasks to queue
[2022-08-12 01:28:52,247] {logging_mixin.py:115} INFO - [2022-08-12 01:28:52,247] {dagbag.py:507} INFO - Filling up the DagBag from /home/airflow/.local/lib/python3.7/site-packages/airflow/example_dags/example_complex.py
[2022-08-12 01:28:52,275] {processor.py:651} INFO - DAG(s) dict_keys(['example_complex']) retrieved from /home/airflow/.local/lib/python3.7/site-packages/airflow/example_dags/example_complex.py
[2022-08-12 01:28:52,325] {logging_mixin.py:115} INFO - [2022-08-12 01:28:52,325] {dag.py:2371} INFO - Sync 1 DAGs
[2022-08-12 01:28:52,358] {logging_mixin.py:115} INFO - [2022-08-12 01:28:52,358] {dag.py:2919} INFO - Setting next_dagrun for example_complex to None, run_after=None
[2022-08-12 01:28:52,378] {processor.py:161} INFO - Processing /home/airflow/.local/lib/python3.7/site-packages/airflow/example_dags/example_complex.py took 0.142 seconds
[2022-08-12 01:33:45,906] {processor.py:153} INFO - Started process (PID=307) to work on /home/airflow/.local/lib/python3.7/site-packages/airflow/example_dags/example_complex.py
[2022-08-12 01:33:45,914] {processor.py:641} INFO - Processing file /home/airflow/.local/lib/python3.7/site-packages/airflow/example_dags/example_complex.py for tasks to queue
[2022-08-12 01:33:45,916] {logging_mixin.py:115} INFO - [2022-08-12 01:33:45,916] {dagbag.py:507} INFO - Filling up the DagBag from /home/airflow/.local/lib/python3.7/site-packages/airflow/example_dags/example_complex.py
[2022-08-12 01:33:45,951] {processor.py:651} INFO - DAG(s) dict_keys(['example_complex']) retrieved from /home/airflow/.local/lib/python3.7/site-packages/airflow/example_dags/example_complex.py
[2022-08-12 01:33:46,006] {logging_mixin.py:115} INFO - [2022-08-12 01:33:46,006] {dag.py:2371} INFO - Sync 1 DAGs
[2022-08-12 01:33:46,036] {logging_mixin.py:115} INFO - [2022-08-12 01:33:46,036] {dag.py:2919} INFO - Setting next_dagrun for example_complex to None, run_after=None
[2022-08-12 01:33:46,057] {processor.py:161} INFO - Processing /home/airflow/.local/lib/python3.7/site-packages/airflow/example_dags/example_complex.py took 0.162 seconds
[2022-08-12 01:34:18,783] {processor.py:153} INFO - Started process (PID=359) to work on /home/airflow/.local/lib/python3.7/site-packages/airflow/example_dags/example_complex.py
[2022-08-12 01:34:18,786] {processor.py:641} INFO - Processing file /home/airflow/.local/lib/python3.7/site-packages/airflow/example_dags/example_complex.py for tasks to queue
[2022-08-12 01:34:18,793] {logging_mixin.py:115} INFO - [2022-08-12 01:34:18,793] {dagbag.py:507} INFO - Filling up the DagBag from /home/airflow/.local/lib/python3.7/site-packages/airflow/example_dags/example_complex.py
[2022-08-12 01:34:18,892] {processor.py:651} INFO - DAG(s) dict_keys(['example_complex']) retrieved from /home/airflow/.local/lib/python3.7/site-packages/airflow/example_dags/example_complex.py
[2022-08-12 01:34:19,013] {logging_mixin.py:115} INFO - [2022-08-12 01:34:19,013] {dag.py:2371} INFO - Sync 1 DAGs
[2022-08-12 01:34:19,096] {logging_mixin.py:115} INFO - [2022-08-12 01:34:19,095] {dag.py:2919} INFO - Setting next_dagrun for example_complex to None, run_after=None
[2022-08-12 01:34:19,138] {processor.py:161} INFO - Processing /home/airflow/.local/lib/python3.7/site-packages/airflow/example_dags/example_complex.py took 0.370 seconds
[2022-08-12 01:50:00,393] {processor.py:153} INFO - Started process (PID=403) to work on /home/airflow/.local/lib/python3.7/site-packages/airflow/example_dags/example_complex.py
[2022-08-12 01:50:00,401] {processor.py:641} INFO - Processing file /home/airflow/.local/lib/python3.7/site-packages/airflow/example_dags/example_complex.py for tasks to queue
[2022-08-12 01:50:00,404] {logging_mixin.py:115} INFO - [2022-08-12 01:50:00,404] {dagbag.py:507} INFO - Filling up the DagBag from /home/airflow/.local/lib/python3.7/site-packages/airflow/example_dags/example_complex.py
[2022-08-12 01:50:00,448] {processor.py:651} INFO - DAG(s) dict_keys(['example_complex']) retrieved from /home/airflow/.local/lib/python3.7/site-packages/airflow/example_dags/example_complex.py
[2022-08-12 01:50:00,510] {logging_mixin.py:115} INFO - [2022-08-12 01:50:00,510] {dag.py:2371} INFO - Sync 1 DAGs
[2022-08-12 01:50:00,554] {logging_mixin.py:115} INFO - [2022-08-12 01:50:00,554] {dag.py:2919} INFO - Setting next_dagrun for example_complex to None, run_after=None
[2022-08-12 01:50:00,583] {processor.py:161} INFO - Processing /home/airflow/.local/lib/python3.7/site-packages/airflow/example_dags/example_complex.py took 0.196 seconds
[2022-08-12 01:50:33,049] {processor.py:153} INFO - Started process (PID=455) to work on /home/airflow/.local/lib/python3.7/site-packages/airflow/example_dags/example_complex.py
[2022-08-12 01:50:33,053] {processor.py:641} INFO - Processing file /home/airflow/.local/lib/python3.7/site-packages/airflow/example_dags/example_complex.py for tasks to queue
[2022-08-12 01:50:33,056] {logging_mixin.py:115} INFO - [2022-08-12 01:50:33,055] {dagbag.py:507} INFO - Filling up the DagBag from /home/airflow/.local/lib/python3.7/site-packages/airflow/example_dags/example_complex.py
[2022-08-12 01:50:33,117] {processor.py:651} INFO - DAG(s) dict_keys(['example_complex']) retrieved from /home/airflow/.local/lib/python3.7/site-packages/airflow/example_dags/example_complex.py
[2022-08-12 01:50:33,230] {logging_mixin.py:115} INFO - [2022-08-12 01:50:33,230] {dag.py:2371} INFO - Sync 1 DAGs
[2022-08-12 01:50:33,314] {logging_mixin.py:115} INFO - [2022-08-12 01:50:33,314] {dag.py:2919} INFO - Setting next_dagrun for example_complex to None, run_after=None
[2022-08-12 01:50:33,361] {processor.py:161} INFO - Processing /home/airflow/.local/lib/python3.7/site-packages/airflow/example_dags/example_complex.py took 0.324 seconds
[2022-08-12 02:01:13,432] {processor.py:153} INFO - Started process (PID=508) to work on /home/airflow/.local/lib/python3.7/site-packages/airflow/example_dags/example_complex.py
[2022-08-12 02:01:13,433] {processor.py:641} INFO - Processing file /home/airflow/.local/lib/python3.7/site-packages/airflow/example_dags/example_complex.py for tasks to queue
[2022-08-12 02:01:13,435] {logging_mixin.py:115} INFO - [2022-08-12 02:01:13,435] {dagbag.py:507} INFO - Filling up the DagBag from /home/airflow/.local/lib/python3.7/site-packages/airflow/example_dags/example_complex.py
[2022-08-12 02:01:13,456] {processor.py:651} INFO - DAG(s) dict_keys(['example_complex']) retrieved from /home/airflow/.local/lib/python3.7/site-packages/airflow/example_dags/example_complex.py
[2022-08-12 02:01:13,495] {logging_mixin.py:115} INFO - [2022-08-12 02:01:13,495] {dag.py:2371} INFO - Sync 1 DAGs
[2022-08-12 02:01:13,521] {logging_mixin.py:115} INFO - [2022-08-12 02:01:13,521] {dag.py:2919} INFO - Setting next_dagrun for example_complex to None, run_after=None
[2022-08-12 02:01:13,536] {processor.py:161} INFO - Processing /home/airflow/.local/lib/python3.7/site-packages/airflow/example_dags/example_complex.py took 0.109 seconds
[2022-08-12 02:01:46,501] {processor.py:153} INFO - Started process (PID=560) to work on /home/airflow/.local/lib/python3.7/site-packages/airflow/example_dags/example_complex.py
[2022-08-12 02:01:46,507] {processor.py:641} INFO - Processing file /home/airflow/.local/lib/python3.7/site-packages/airflow/example_dags/example_complex.py for tasks to queue
[2022-08-12 02:01:46,512] {logging_mixin.py:115} INFO - [2022-08-12 02:01:46,512] {dagbag.py:507} INFO - Filling up the DagBag from /home/airflow/.local/lib/python3.7/site-packages/airflow/example_dags/example_complex.py
[2022-08-12 02:01:46,612] {processor.py:651} INFO - DAG(s) dict_keys(['example_complex']) retrieved from /home/airflow/.local/lib/python3.7/site-packages/airflow/example_dags/example_complex.py
[2022-08-12 02:01:46,856] {logging_mixin.py:115} INFO - [2022-08-12 02:01:46,856] {dag.py:2371} INFO - Sync 1 DAGs
[2022-08-12 02:01:46,952] {logging_mixin.py:115} INFO - [2022-08-12 02:01:46,952] {dag.py:2919} INFO - Setting next_dagrun for example_complex to None, run_after=None
[2022-08-12 02:01:47,009] {processor.py:161} INFO - Processing /home/airflow/.local/lib/python3.7/site-packages/airflow/example_dags/example_complex.py took 0.528 seconds
[2022-08-12 02:08:59,874] {processor.py:153} INFO - Started process (PID=614) to work on /home/airflow/.local/lib/python3.7/site-packages/airflow/example_dags/example_complex.py
[2022-08-12 02:08:59,876] {processor.py:641} INFO - Processing file /home/airflow/.local/lib/python3.7/site-packages/airflow/example_dags/example_complex.py for tasks to queue
[2022-08-12 02:08:59,878] {logging_mixin.py:115} INFO - [2022-08-12 02:08:59,878] {dagbag.py:507} INFO - Filling up the DagBag from /home/airflow/.local/lib/python3.7/site-packages/airflow/example_dags/example_complex.py
[2022-08-12 02:08:59,942] {processor.py:651} INFO - DAG(s) dict_keys(['example_complex']) retrieved from /home/airflow/.local/lib/python3.7/site-packages/airflow/example_dags/example_complex.py
[2022-08-12 02:09:00,040] {logging_mixin.py:115} INFO - [2022-08-12 02:09:00,040] {dag.py:2371} INFO - Sync 1 DAGs
[2022-08-12 02:09:00,112] {logging_mixin.py:115} INFO - [2022-08-12 02:09:00,111] {dag.py:2919} INFO - Setting next_dagrun for example_complex to None, run_after=None
[2022-08-12 02:09:00,166] {processor.py:161} INFO - Processing /home/airflow/.local/lib/python3.7/site-packages/airflow/example_dags/example_complex.py took 0.299 seconds
[2022-08-12 02:09:34,813] {processor.py:153} INFO - Started process (PID=666) to work on /home/airflow/.local/lib/python3.7/site-packages/airflow/example_dags/example_complex.py
[2022-08-12 02:09:34,820] {processor.py:641} INFO - Processing file /home/airflow/.local/lib/python3.7/site-packages/airflow/example_dags/example_complex.py for tasks to queue
[2022-08-12 02:09:34,828] {logging_mixin.py:115} INFO - [2022-08-12 02:09:34,827] {dagbag.py:507} INFO - Filling up the DagBag from /home/airflow/.local/lib/python3.7/site-packages/airflow/example_dags/example_complex.py
[2022-08-12 02:09:34,923] {processor.py:651} INFO - DAG(s) dict_keys(['example_complex']) retrieved from /home/airflow/.local/lib/python3.7/site-packages/airflow/example_dags/example_complex.py
[2022-08-12 02:09:35,129] {logging_mixin.py:115} INFO - [2022-08-12 02:09:35,129] {dag.py:2371} INFO - Sync 1 DAGs
[2022-08-12 02:09:35,218] {logging_mixin.py:115} INFO - [2022-08-12 02:09:35,218] {dag.py:2919} INFO - Setting next_dagrun for example_complex to None, run_after=None
[2022-08-12 02:09:35,272] {processor.py:161} INFO - Processing /home/airflow/.local/lib/python3.7/site-packages/airflow/example_dags/example_complex.py took 0.480 seconds
[2022-08-12 02:14:32,334] {processor.py:153} INFO - Started process (PID=709) to work on /home/airflow/.local/lib/python3.7/site-packages/airflow/example_dags/example_complex.py
[2022-08-12 02:14:32,337] {processor.py:641} INFO - Processing file /home/airflow/.local/lib/python3.7/site-packages/airflow/example_dags/example_complex.py for tasks to queue
[2022-08-12 02:14:32,338] {logging_mixin.py:115} INFO - [2022-08-12 02:14:32,338] {dagbag.py:507} INFO - Filling up the DagBag from /home/airflow/.local/lib/python3.7/site-packages/airflow/example_dags/example_complex.py
[2022-08-12 02:14:32,366] {processor.py:651} INFO - DAG(s) dict_keys(['example_complex']) retrieved from /home/airflow/.local/lib/python3.7/site-packages/airflow/example_dags/example_complex.py
[2022-08-12 02:14:32,463] {logging_mixin.py:115} INFO - [2022-08-12 02:14:32,462] {dag.py:2371} INFO - Sync 1 DAGs
[2022-08-12 02:14:32,524] {logging_mixin.py:115} INFO - [2022-08-12 02:14:32,524] {dag.py:2919} INFO - Setting next_dagrun for example_complex to None, run_after=None
[2022-08-12 02:14:32,555] {processor.py:161} INFO - Processing /home/airflow/.local/lib/python3.7/site-packages/airflow/example_dags/example_complex.py took 0.227 seconds
[2022-08-12 02:15:04,965] {processor.py:153} INFO - Started process (PID=761) to work on /home/airflow/.local/lib/python3.7/site-packages/airflow/example_dags/example_complex.py
[2022-08-12 02:15:04,969] {processor.py:641} INFO - Processing file /home/airflow/.local/lib/python3.7/site-packages/airflow/example_dags/example_complex.py for tasks to queue
[2022-08-12 02:15:04,972] {logging_mixin.py:115} INFO - [2022-08-12 02:15:04,972] {dagbag.py:507} INFO - Filling up the DagBag from /home/airflow/.local/lib/python3.7/site-packages/airflow/example_dags/example_complex.py
[2022-08-12 02:15:05,035] {processor.py:651} INFO - DAG(s) dict_keys(['example_complex']) retrieved from /home/airflow/.local/lib/python3.7/site-packages/airflow/example_dags/example_complex.py
[2022-08-12 02:15:05,163] {logging_mixin.py:115} INFO - [2022-08-12 02:15:05,163] {dag.py:2371} INFO - Sync 1 DAGs
[2022-08-12 02:15:05,270] {logging_mixin.py:115} INFO - [2022-08-12 02:15:05,270] {dag.py:2919} INFO - Setting next_dagrun for example_complex to None, run_after=None
[2022-08-12 02:15:05,323] {processor.py:161} INFO - Processing /home/airflow/.local/lib/python3.7/site-packages/airflow/example_dags/example_complex.py took 0.372 seconds
[2022-08-12 02:20:04,392] {processor.py:153} INFO - Started process (PID=805) to work on /home/airflow/.local/lib/python3.7/site-packages/airflow/example_dags/example_complex.py
[2022-08-12 02:20:04,394] {processor.py:641} INFO - Processing file /home/airflow/.local/lib/python3.7/site-packages/airflow/example_dags/example_complex.py for tasks to queue
[2022-08-12 02:20:04,403] {logging_mixin.py:115} INFO - [2022-08-12 02:20:04,403] {dagbag.py:507} INFO - Filling up the DagBag from /home/airflow/.local/lib/python3.7/site-packages/airflow/example_dags/example_complex.py
[2022-08-12 02:20:04,435] {processor.py:651} INFO - DAG(s) dict_keys(['example_complex']) retrieved from /home/airflow/.local/lib/python3.7/site-packages/airflow/example_dags/example_complex.py
[2022-08-12 02:20:04,497] {logging_mixin.py:115} INFO - [2022-08-12 02:20:04,497] {dag.py:2371} INFO - Sync 1 DAGs
[2022-08-12 02:20:04,531] {logging_mixin.py:115} INFO - [2022-08-12 02:20:04,531] {dag.py:2919} INFO - Setting next_dagrun for example_complex to None, run_after=None
[2022-08-12 02:20:04,554] {processor.py:161} INFO - Processing /home/airflow/.local/lib/python3.7/site-packages/airflow/example_dags/example_complex.py took 0.168 seconds
[2022-08-12 02:20:36,581] {processor.py:153} INFO - Started process (PID=858) to work on /home/airflow/.local/lib/python3.7/site-packages/airflow/example_dags/example_complex.py
[2022-08-12 02:20:36,585] {processor.py:641} INFO - Processing file /home/airflow/.local/lib/python3.7/site-packages/airflow/example_dags/example_complex.py for tasks to queue
[2022-08-12 02:20:36,590] {logging_mixin.py:115} INFO - [2022-08-12 02:20:36,589] {dagbag.py:507} INFO - Filling up the DagBag from /home/airflow/.local/lib/python3.7/site-packages/airflow/example_dags/example_complex.py
[2022-08-12 02:20:36,646] {processor.py:651} INFO - DAG(s) dict_keys(['example_complex']) retrieved from /home/airflow/.local/lib/python3.7/site-packages/airflow/example_dags/example_complex.py
[2022-08-12 02:20:36,741] {logging_mixin.py:115} INFO - [2022-08-12 02:20:36,741] {dag.py:2371} INFO - Sync 1 DAGs
[2022-08-12 02:20:36,800] {logging_mixin.py:115} INFO - [2022-08-12 02:20:36,799] {dag.py:2919} INFO - Setting next_dagrun for example_complex to None, run_after=None
[2022-08-12 02:20:36,835] {processor.py:161} INFO - Processing /home/airflow/.local/lib/python3.7/site-packages/airflow/example_dags/example_complex.py took 0.268 seconds
[2022-08-12 02:25:36,736] {processor.py:153} INFO - Started process (PID=912) to work on /home/airflow/.local/lib/python3.7/site-packages/airflow/example_dags/example_complex.py
[2022-08-12 02:25:36,737] {processor.py:641} INFO - Processing file /home/airflow/.local/lib/python3.7/site-packages/airflow/example_dags/example_complex.py for tasks to queue
[2022-08-12 02:25:36,739] {logging_mixin.py:115} INFO - [2022-08-12 02:25:36,739] {dagbag.py:507} INFO - Filling up the DagBag from /home/airflow/.local/lib/python3.7/site-packages/airflow/example_dags/example_complex.py
[2022-08-12 02:25:36,767] {processor.py:651} INFO - DAG(s) dict_keys(['example_complex']) retrieved from /home/airflow/.local/lib/python3.7/site-packages/airflow/example_dags/example_complex.py
[2022-08-12 02:25:36,840] {logging_mixin.py:115} INFO - [2022-08-12 02:25:36,840] {dag.py:2371} INFO - Sync 1 DAGs
[2022-08-12 02:25:36,883] {logging_mixin.py:115} INFO - [2022-08-12 02:25:36,882] {dag.py:2919} INFO - Setting next_dagrun for example_complex to None, run_after=None
[2022-08-12 02:25:36,944] {processor.py:161} INFO - Processing /home/airflow/.local/lib/python3.7/site-packages/airflow/example_dags/example_complex.py took 0.214 seconds
[2022-08-12 02:26:09,468] {processor.py:153} INFO - Started process (PID=964) to work on /home/airflow/.local/lib/python3.7/site-packages/airflow/example_dags/example_complex.py
[2022-08-12 02:26:09,472] {processor.py:641} INFO - Processing file /home/airflow/.local/lib/python3.7/site-packages/airflow/example_dags/example_complex.py for tasks to queue
[2022-08-12 02:26:09,476] {logging_mixin.py:115} INFO - [2022-08-12 02:26:09,475] {dagbag.py:507} INFO - Filling up the DagBag from /home/airflow/.local/lib/python3.7/site-packages/airflow/example_dags/example_complex.py
[2022-08-12 02:26:09,534] {processor.py:651} INFO - DAG(s) dict_keys(['example_complex']) retrieved from /home/airflow/.local/lib/python3.7/site-packages/airflow/example_dags/example_complex.py
[2022-08-12 02:26:09,632] {logging_mixin.py:115} INFO - [2022-08-12 02:26:09,632] {dag.py:2371} INFO - Sync 1 DAGs
[2022-08-12 02:26:09,690] {logging_mixin.py:115} INFO - [2022-08-12 02:26:09,690] {dag.py:2919} INFO - Setting next_dagrun for example_complex to None, run_after=None
[2022-08-12 02:26:09,726] {processor.py:161} INFO - Processing /home/airflow/.local/lib/python3.7/site-packages/airflow/example_dags/example_complex.py took 0.272 seconds
[2022-08-12 02:31:10,849] {processor.py:153} INFO - Started process (PID=1016) to work on /home/airflow/.local/lib/python3.7/site-packages/airflow/example_dags/example_complex.py
[2022-08-12 02:31:10,851] {processor.py:641} INFO - Processing file /home/airflow/.local/lib/python3.7/site-packages/airflow/example_dags/example_complex.py for tasks to queue
[2022-08-12 02:31:10,853] {logging_mixin.py:115} INFO - [2022-08-12 02:31:10,853] {dagbag.py:507} INFO - Filling up the DagBag from /home/airflow/.local/lib/python3.7/site-packages/airflow/example_dags/example_complex.py
[2022-08-12 02:31:10,895] {processor.py:651} INFO - DAG(s) dict_keys(['example_complex']) retrieved from /home/airflow/.local/lib/python3.7/site-packages/airflow/example_dags/example_complex.py
[2022-08-12 02:31:10,951] {logging_mixin.py:115} INFO - [2022-08-12 02:31:10,950] {dag.py:2371} INFO - Sync 1 DAGs
[2022-08-12 02:31:10,983] {logging_mixin.py:115} INFO - [2022-08-12 02:31:10,983] {dag.py:2919} INFO - Setting next_dagrun for example_complex to None, run_after=None
[2022-08-12 02:31:11,029] {processor.py:161} INFO - Processing /home/airflow/.local/lib/python3.7/site-packages/airflow/example_dags/example_complex.py took 0.201 seconds
[2022-08-12 02:31:42,797] {processor.py:153} INFO - Started process (PID=1068) to work on /home/airflow/.local/lib/python3.7/site-packages/airflow/example_dags/example_complex.py
[2022-08-12 02:31:42,804] {processor.py:641} INFO - Processing file /home/airflow/.local/lib/python3.7/site-packages/airflow/example_dags/example_complex.py for tasks to queue
[2022-08-12 02:31:42,809] {logging_mixin.py:115} INFO - [2022-08-12 02:31:42,808] {dagbag.py:507} INFO - Filling up the DagBag from /home/airflow/.local/lib/python3.7/site-packages/airflow/example_dags/example_complex.py
[2022-08-12 02:31:42,909] {processor.py:651} INFO - DAG(s) dict_keys(['example_complex']) retrieved from /home/airflow/.local/lib/python3.7/site-packages/airflow/example_dags/example_complex.py
[2022-08-12 02:31:43,129] {logging_mixin.py:115} INFO - [2022-08-12 02:31:43,129] {dag.py:2371} INFO - Sync 1 DAGs
[2022-08-12 02:31:43,215] {logging_mixin.py:115} INFO - [2022-08-12 02:31:43,214] {dag.py:2919} INFO - Setting next_dagrun for example_complex to None, run_after=None
[2022-08-12 02:31:43,268] {processor.py:161} INFO - Processing /home/airflow/.local/lib/python3.7/site-packages/airflow/example_dags/example_complex.py took 0.506 seconds
[2022-08-12 02:36:42,420] {processor.py:153} INFO - Started process (PID=1112) to work on /home/airflow/.local/lib/python3.7/site-packages/airflow/example_dags/example_complex.py
[2022-08-12 02:36:42,422] {processor.py:641} INFO - Processing file /home/airflow/.local/lib/python3.7/site-packages/airflow/example_dags/example_complex.py for tasks to queue
[2022-08-12 02:36:42,425] {logging_mixin.py:115} INFO - [2022-08-12 02:36:42,424] {dagbag.py:507} INFO - Filling up the DagBag from /home/airflow/.local/lib/python3.7/site-packages/airflow/example_dags/example_complex.py
[2022-08-12 02:36:42,455] {processor.py:651} INFO - DAG(s) dict_keys(['example_complex']) retrieved from /home/airflow/.local/lib/python3.7/site-packages/airflow/example_dags/example_complex.py
[2022-08-12 02:36:42,506] {logging_mixin.py:115} INFO - [2022-08-12 02:36:42,506] {dag.py:2371} INFO - Sync 1 DAGs
[2022-08-12 02:36:42,537] {logging_mixin.py:115} INFO - [2022-08-12 02:36:42,537] {dag.py:2919} INFO - Setting next_dagrun for example_complex to None, run_after=None
[2022-08-12 02:36:42,558] {processor.py:161} INFO - Processing /home/airflow/.local/lib/python3.7/site-packages/airflow/example_dags/example_complex.py took 0.145 seconds
[2022-08-12 02:37:14,421] {processor.py:153} INFO - Started process (PID=1164) to work on /home/airflow/.local/lib/python3.7/site-packages/airflow/example_dags/example_complex.py
[2022-08-12 02:37:14,425] {processor.py:641} INFO - Processing file /home/airflow/.local/lib/python3.7/site-packages/airflow/example_dags/example_complex.py for tasks to queue
[2022-08-12 02:37:14,428] {logging_mixin.py:115} INFO - [2022-08-12 02:37:14,428] {dagbag.py:507} INFO - Filling up the DagBag from /home/airflow/.local/lib/python3.7/site-packages/airflow/example_dags/example_complex.py
[2022-08-12 02:37:14,486] {processor.py:651} INFO - DAG(s) dict_keys(['example_complex']) retrieved from /home/airflow/.local/lib/python3.7/site-packages/airflow/example_dags/example_complex.py
[2022-08-12 02:37:14,611] {logging_mixin.py:115} INFO - [2022-08-12 02:37:14,611] {dag.py:2371} INFO - Sync 1 DAGs
[2022-08-12 02:37:14,675] {logging_mixin.py:115} INFO - [2022-08-12 02:37:14,675] {dag.py:2919} INFO - Setting next_dagrun for example_complex to None, run_after=None
[2022-08-12 02:37:14,722] {processor.py:161} INFO - Processing /home/airflow/.local/lib/python3.7/site-packages/airflow/example_dags/example_complex.py took 0.313 seconds
[2022-08-12 02:53:20,119] {processor.py:153} INFO - Started process (PID=1235) to work on /home/airflow/.local/lib/python3.7/site-packages/airflow/example_dags/example_complex.py
[2022-08-12 02:53:20,125] {processor.py:641} INFO - Processing file /home/airflow/.local/lib/python3.7/site-packages/airflow/example_dags/example_complex.py for tasks to queue
[2022-08-12 02:53:20,127] {logging_mixin.py:115} INFO - [2022-08-12 02:53:20,127] {dagbag.py:507} INFO - Filling up the DagBag from /home/airflow/.local/lib/python3.7/site-packages/airflow/example_dags/example_complex.py
[2022-08-12 02:53:20,211] {processor.py:651} INFO - DAG(s) dict_keys(['example_complex']) retrieved from /home/airflow/.local/lib/python3.7/site-packages/airflow/example_dags/example_complex.py
[2022-08-12 02:53:20,283] {logging_mixin.py:115} INFO - [2022-08-12 02:53:20,283] {dag.py:2371} INFO - Sync 1 DAGs
[2022-08-12 02:53:20,318] {logging_mixin.py:115} INFO - [2022-08-12 02:53:20,318] {dag.py:2919} INFO - Setting next_dagrun for example_complex to None, run_after=None
[2022-08-12 02:53:20,337] {processor.py:161} INFO - Processing /home/airflow/.local/lib/python3.7/site-packages/airflow/example_dags/example_complex.py took 0.229 seconds
[2022-08-12 02:53:53,224] {processor.py:153} INFO - Started process (PID=1287) to work on /home/airflow/.local/lib/python3.7/site-packages/airflow/example_dags/example_complex.py
[2022-08-12 02:53:53,228] {processor.py:641} INFO - Processing file /home/airflow/.local/lib/python3.7/site-packages/airflow/example_dags/example_complex.py for tasks to queue
[2022-08-12 02:53:53,231] {logging_mixin.py:115} INFO - [2022-08-12 02:53:53,231] {dagbag.py:507} INFO - Filling up the DagBag from /home/airflow/.local/lib/python3.7/site-packages/airflow/example_dags/example_complex.py
[2022-08-12 02:53:53,300] {processor.py:651} INFO - DAG(s) dict_keys(['example_complex']) retrieved from /home/airflow/.local/lib/python3.7/site-packages/airflow/example_dags/example_complex.py
[2022-08-12 02:53:53,449] {logging_mixin.py:115} INFO - [2022-08-12 02:53:53,448] {dag.py:2371} INFO - Sync 1 DAGs
[2022-08-12 02:53:53,559] {logging_mixin.py:115} INFO - [2022-08-12 02:53:53,558] {dag.py:2919} INFO - Setting next_dagrun for example_complex to None, run_after=None
[2022-08-12 02:53:53,629] {processor.py:161} INFO - Processing /home/airflow/.local/lib/python3.7/site-packages/airflow/example_dags/example_complex.py took 0.420 seconds
[2022-08-12 02:54:25,516] {processor.py:153} INFO - Started process (PID=1338) to work on /home/airflow/.local/lib/python3.7/site-packages/airflow/example_dags/example_complex.py
[2022-08-12 02:54:25,522] {processor.py:641} INFO - Processing file /home/airflow/.local/lib/python3.7/site-packages/airflow/example_dags/example_complex.py for tasks to queue
[2022-08-12 02:54:25,532] {logging_mixin.py:115} INFO - [2022-08-12 02:54:25,531] {dagbag.py:507} INFO - Filling up the DagBag from /home/airflow/.local/lib/python3.7/site-packages/airflow/example_dags/example_complex.py
[2022-08-12 02:54:25,676] {processor.py:651} INFO - DAG(s) dict_keys(['example_complex']) retrieved from /home/airflow/.local/lib/python3.7/site-packages/airflow/example_dags/example_complex.py
[2022-08-12 02:54:25,904] {logging_mixin.py:115} INFO - [2022-08-12 02:54:25,903] {dag.py:2371} INFO - Sync 1 DAGs
[2022-08-12 02:54:26,208] {logging_mixin.py:115} INFO - [2022-08-12 02:54:26,207] {dag.py:2919} INFO - Setting next_dagrun for example_complex to None, run_after=None
[2022-08-12 02:54:26,451] {processor.py:161} INFO - Processing /home/airflow/.local/lib/python3.7/site-packages/airflow/example_dags/example_complex.py took 0.954 seconds
[2022-08-12 02:54:57,097] {processor.py:153} INFO - Started process (PID=1383) to work on /home/airflow/.local/lib/python3.7/site-packages/airflow/example_dags/example_complex.py
[2022-08-12 02:54:57,103] {processor.py:641} INFO - Processing file /home/airflow/.local/lib/python3.7/site-packages/airflow/example_dags/example_complex.py for tasks to queue
[2022-08-12 02:54:57,108] {logging_mixin.py:115} INFO - [2022-08-12 02:54:57,107] {dagbag.py:507} INFO - Filling up the DagBag from /home/airflow/.local/lib/python3.7/site-packages/airflow/example_dags/example_complex.py
[2022-08-12 02:54:57,195] {processor.py:651} INFO - DAG(s) dict_keys(['example_complex']) retrieved from /home/airflow/.local/lib/python3.7/site-packages/airflow/example_dags/example_complex.py
[2022-08-12 02:54:57,355] {logging_mixin.py:115} INFO - [2022-08-12 02:54:57,355] {dag.py:2371} INFO - Sync 1 DAGs
[2022-08-12 02:54:57,451] {logging_mixin.py:115} INFO - [2022-08-12 02:54:57,451] {dag.py:2919} INFO - Setting next_dagrun for example_complex to None, run_after=None
[2022-08-12 02:54:57,513] {processor.py:161} INFO - Processing /home/airflow/.local/lib/python3.7/site-packages/airflow/example_dags/example_complex.py took 0.446 seconds
[2022-08-12 02:55:27,654] {processor.py:153} INFO - Started process (PID=1435) to work on /home/airflow/.local/lib/python3.7/site-packages/airflow/example_dags/example_complex.py
[2022-08-12 02:55:27,657] {processor.py:641} INFO - Processing file /home/airflow/.local/lib/python3.7/site-packages/airflow/example_dags/example_complex.py for tasks to queue
[2022-08-12 02:55:27,660] {logging_mixin.py:115} INFO - [2022-08-12 02:55:27,660] {dagbag.py:507} INFO - Filling up the DagBag from /home/airflow/.local/lib/python3.7/site-packages/airflow/example_dags/example_complex.py
[2022-08-12 02:55:27,739] {processor.py:651} INFO - DAG(s) dict_keys(['example_complex']) retrieved from /home/airflow/.local/lib/python3.7/site-packages/airflow/example_dags/example_complex.py
[2022-08-12 02:55:27,848] {logging_mixin.py:115} INFO - [2022-08-12 02:55:27,848] {dag.py:2371} INFO - Sync 1 DAGs
[2022-08-12 02:55:27,906] {logging_mixin.py:115} INFO - [2022-08-12 02:55:27,906] {dag.py:2919} INFO - Setting next_dagrun for example_complex to None, run_after=None
[2022-08-12 02:55:27,943] {processor.py:161} INFO - Processing /home/airflow/.local/lib/python3.7/site-packages/airflow/example_dags/example_complex.py took 0.305 seconds
[2022-08-12 02:55:58,370] {processor.py:153} INFO - Started process (PID=1487) to work on /home/airflow/.local/lib/python3.7/site-packages/airflow/example_dags/example_complex.py
[2022-08-12 02:55:58,373] {processor.py:641} INFO - Processing file /home/airflow/.local/lib/python3.7/site-packages/airflow/example_dags/example_complex.py for tasks to queue
[2022-08-12 02:55:58,376] {logging_mixin.py:115} INFO - [2022-08-12 02:55:58,376] {dagbag.py:507} INFO - Filling up the DagBag from /home/airflow/.local/lib/python3.7/site-packages/airflow/example_dags/example_complex.py
[2022-08-12 02:55:58,423] {processor.py:651} INFO - DAG(s) dict_keys(['example_complex']) retrieved from /home/airflow/.local/lib/python3.7/site-packages/airflow/example_dags/example_complex.py
[2022-08-12 02:55:58,534] {logging_mixin.py:115} INFO - [2022-08-12 02:55:58,534] {dag.py:2371} INFO - Sync 1 DAGs
[2022-08-12 02:55:58,605] {logging_mixin.py:115} INFO - [2022-08-12 02:55:58,605] {dag.py:2919} INFO - Setting next_dagrun for example_complex to None, run_after=None
[2022-08-12 02:55:58,648] {processor.py:161} INFO - Processing /home/airflow/.local/lib/python3.7/site-packages/airflow/example_dags/example_complex.py took 0.287 seconds
[2022-08-12 02:56:28,855] {processor.py:153} INFO - Started process (PID=1549) to work on /home/airflow/.local/lib/python3.7/site-packages/airflow/example_dags/example_complex.py
[2022-08-12 02:56:28,857] {processor.py:641} INFO - Processing file /home/airflow/.local/lib/python3.7/site-packages/airflow/example_dags/example_complex.py for tasks to queue
[2022-08-12 02:56:28,859] {logging_mixin.py:115} INFO - [2022-08-12 02:56:28,859] {dagbag.py:507} INFO - Filling up the DagBag from /home/airflow/.local/lib/python3.7/site-packages/airflow/example_dags/example_complex.py
[2022-08-12 02:56:28,892] {processor.py:651} INFO - DAG(s) dict_keys(['example_complex']) retrieved from /home/airflow/.local/lib/python3.7/site-packages/airflow/example_dags/example_complex.py
[2022-08-12 02:56:28,944] {logging_mixin.py:115} INFO - [2022-08-12 02:56:28,944] {dag.py:2371} INFO - Sync 1 DAGs
[2022-08-12 02:56:28,978] {logging_mixin.py:115} INFO - [2022-08-12 02:56:28,978] {dag.py:2919} INFO - Setting next_dagrun for example_complex to None, run_after=None
[2022-08-12 02:56:28,997] {processor.py:161} INFO - Processing /home/airflow/.local/lib/python3.7/site-packages/airflow/example_dags/example_complex.py took 0.148 seconds
[2022-08-12 02:56:59,048] {processor.py:153} INFO - Started process (PID=1601) to work on /home/airflow/.local/lib/python3.7/site-packages/airflow/example_dags/example_complex.py
[2022-08-12 02:56:59,050] {processor.py:641} INFO - Processing file /home/airflow/.local/lib/python3.7/site-packages/airflow/example_dags/example_complex.py for tasks to queue
[2022-08-12 02:56:59,052] {logging_mixin.py:115} INFO - [2022-08-12 02:56:59,052] {dagbag.py:507} INFO - Filling up the DagBag from /home/airflow/.local/lib/python3.7/site-packages/airflow/example_dags/example_complex.py
[2022-08-12 02:56:59,078] {processor.py:651} INFO - DAG(s) dict_keys(['example_complex']) retrieved from /home/airflow/.local/lib/python3.7/site-packages/airflow/example_dags/example_complex.py
[2022-08-12 02:56:59,131] {logging_mixin.py:115} INFO - [2022-08-12 02:56:59,131] {dag.py:2371} INFO - Sync 1 DAGs
[2022-08-12 02:56:59,169] {logging_mixin.py:115} INFO - [2022-08-12 02:56:59,169] {dag.py:2919} INFO - Setting next_dagrun for example_complex to None, run_after=None
[2022-08-12 02:56:59,196] {processor.py:161} INFO - Processing /home/airflow/.local/lib/python3.7/site-packages/airflow/example_dags/example_complex.py took 0.153 seconds
[2022-08-12 02:57:29,290] {processor.py:153} INFO - Started process (PID=1660) to work on /home/airflow/.local/lib/python3.7/site-packages/airflow/example_dags/example_complex.py
[2022-08-12 02:57:29,292] {processor.py:641} INFO - Processing file /home/airflow/.local/lib/python3.7/site-packages/airflow/example_dags/example_complex.py for tasks to queue
[2022-08-12 02:57:29,295] {logging_mixin.py:115} INFO - [2022-08-12 02:57:29,295] {dagbag.py:507} INFO - Filling up the DagBag from /home/airflow/.local/lib/python3.7/site-packages/airflow/example_dags/example_complex.py
[2022-08-12 02:57:29,324] {processor.py:651} INFO - DAG(s) dict_keys(['example_complex']) retrieved from /home/airflow/.local/lib/python3.7/site-packages/airflow/example_dags/example_complex.py
[2022-08-12 02:57:29,377] {logging_mixin.py:115} INFO - [2022-08-12 02:57:29,377] {dag.py:2371} INFO - Sync 1 DAGs
[2022-08-12 02:57:29,410] {logging_mixin.py:115} INFO - [2022-08-12 02:57:29,410] {dag.py:2919} INFO - Setting next_dagrun for example_complex to None, run_after=None
[2022-08-12 02:57:29,428] {processor.py:161} INFO - Processing /home/airflow/.local/lib/python3.7/site-packages/airflow/example_dags/example_complex.py took 0.145 seconds
[2022-08-12 02:57:59,485] {processor.py:153} INFO - Started process (PID=1714) to work on /home/airflow/.local/lib/python3.7/site-packages/airflow/example_dags/example_complex.py
[2022-08-12 02:57:59,487] {processor.py:641} INFO - Processing file /home/airflow/.local/lib/python3.7/site-packages/airflow/example_dags/example_complex.py for tasks to queue
[2022-08-12 02:57:59,488] {logging_mixin.py:115} INFO - [2022-08-12 02:57:59,488] {dagbag.py:507} INFO - Filling up the DagBag from /home/airflow/.local/lib/python3.7/site-packages/airflow/example_dags/example_complex.py
[2022-08-12 02:57:59,515] {processor.py:651} INFO - DAG(s) dict_keys(['example_complex']) retrieved from /home/airflow/.local/lib/python3.7/site-packages/airflow/example_dags/example_complex.py
[2022-08-12 02:57:59,564] {logging_mixin.py:115} INFO - [2022-08-12 02:57:59,564] {dag.py:2371} INFO - Sync 1 DAGs
[2022-08-12 02:57:59,590] {logging_mixin.py:115} INFO - [2022-08-12 02:57:59,590] {dag.py:2919} INFO - Setting next_dagrun for example_complex to None, run_after=None
[2022-08-12 02:57:59,607] {processor.py:161} INFO - Processing /home/airflow/.local/lib/python3.7/site-packages/airflow/example_dags/example_complex.py took 0.127 seconds
[2022-08-12 02:58:29,889] {processor.py:153} INFO - Started process (PID=1775) to work on /home/airflow/.local/lib/python3.7/site-packages/airflow/example_dags/example_complex.py
[2022-08-12 02:58:29,891] {processor.py:641} INFO - Processing file /home/airflow/.local/lib/python3.7/site-packages/airflow/example_dags/example_complex.py for tasks to queue
[2022-08-12 02:58:29,893] {logging_mixin.py:115} INFO - [2022-08-12 02:58:29,893] {dagbag.py:507} INFO - Filling up the DagBag from /home/airflow/.local/lib/python3.7/site-packages/airflow/example_dags/example_complex.py
[2022-08-12 02:58:29,912] {processor.py:651} INFO - DAG(s) dict_keys(['example_complex']) retrieved from /home/airflow/.local/lib/python3.7/site-packages/airflow/example_dags/example_complex.py
[2022-08-12 02:58:29,954] {logging_mixin.py:115} INFO - [2022-08-12 02:58:29,954] {dag.py:2371} INFO - Sync 1 DAGs
[2022-08-12 02:58:29,982] {logging_mixin.py:115} INFO - [2022-08-12 02:58:29,982] {dag.py:2919} INFO - Setting next_dagrun for example_complex to None, run_after=None
[2022-08-12 02:58:29,999] {processor.py:161} INFO - Processing /home/airflow/.local/lib/python3.7/site-packages/airflow/example_dags/example_complex.py took 0.114 seconds
[2022-08-12 02:59:00,314] {processor.py:153} INFO - Started process (PID=1827) to work on /home/airflow/.local/lib/python3.7/site-packages/airflow/example_dags/example_complex.py
[2022-08-12 02:59:00,315] {processor.py:641} INFO - Processing file /home/airflow/.local/lib/python3.7/site-packages/airflow/example_dags/example_complex.py for tasks to queue
[2022-08-12 02:59:00,317] {logging_mixin.py:115} INFO - [2022-08-12 02:59:00,316] {dagbag.py:507} INFO - Filling up the DagBag from /home/airflow/.local/lib/python3.7/site-packages/airflow/example_dags/example_complex.py
[2022-08-12 02:59:00,335] {processor.py:651} INFO - DAG(s) dict_keys(['example_complex']) retrieved from /home/airflow/.local/lib/python3.7/site-packages/airflow/example_dags/example_complex.py
[2022-08-12 02:59:00,374] {logging_mixin.py:115} INFO - [2022-08-12 02:59:00,374] {dag.py:2371} INFO - Sync 1 DAGs
[2022-08-12 02:59:00,406] {logging_mixin.py:115} INFO - [2022-08-12 02:59:00,406] {dag.py:2919} INFO - Setting next_dagrun for example_complex to None, run_after=None
[2022-08-12 02:59:00,422] {processor.py:161} INFO - Processing /home/airflow/.local/lib/python3.7/site-packages/airflow/example_dags/example_complex.py took 0.112 seconds
[2022-08-12 02:59:30,566] {processor.py:153} INFO - Started process (PID=1888) to work on /home/airflow/.local/lib/python3.7/site-packages/airflow/example_dags/example_complex.py
[2022-08-12 02:59:30,568] {processor.py:641} INFO - Processing file /home/airflow/.local/lib/python3.7/site-packages/airflow/example_dags/example_complex.py for tasks to queue
[2022-08-12 02:59:30,570] {logging_mixin.py:115} INFO - [2022-08-12 02:59:30,570] {dagbag.py:507} INFO - Filling up the DagBag from /home/airflow/.local/lib/python3.7/site-packages/airflow/example_dags/example_complex.py
[2022-08-12 02:59:30,588] {processor.py:651} INFO - DAG(s) dict_keys(['example_complex']) retrieved from /home/airflow/.local/lib/python3.7/site-packages/airflow/example_dags/example_complex.py
[2022-08-12 02:59:30,625] {logging_mixin.py:115} INFO - [2022-08-12 02:59:30,625] {dag.py:2371} INFO - Sync 1 DAGs
[2022-08-12 02:59:30,648] {logging_mixin.py:115} INFO - [2022-08-12 02:59:30,648] {dag.py:2919} INFO - Setting next_dagrun for example_complex to None, run_after=None
[2022-08-12 02:59:30,661] {processor.py:161} INFO - Processing /home/airflow/.local/lib/python3.7/site-packages/airflow/example_dags/example_complex.py took 0.101 seconds
[2022-08-12 03:00:01,022] {processor.py:153} INFO - Started process (PID=1940) to work on /home/airflow/.local/lib/python3.7/site-packages/airflow/example_dags/example_complex.py
[2022-08-12 03:00:01,024] {processor.py:641} INFO - Processing file /home/airflow/.local/lib/python3.7/site-packages/airflow/example_dags/example_complex.py for tasks to queue
[2022-08-12 03:00:01,025] {logging_mixin.py:115} INFO - [2022-08-12 03:00:01,025] {dagbag.py:507} INFO - Filling up the DagBag from /home/airflow/.local/lib/python3.7/site-packages/airflow/example_dags/example_complex.py
[2022-08-12 03:00:01,044] {processor.py:651} INFO - DAG(s) dict_keys(['example_complex']) retrieved from /home/airflow/.local/lib/python3.7/site-packages/airflow/example_dags/example_complex.py
[2022-08-12 03:00:01,087] {logging_mixin.py:115} INFO - [2022-08-12 03:00:01,087] {dag.py:2371} INFO - Sync 1 DAGs
[2022-08-12 03:00:01,117] {logging_mixin.py:115} INFO - [2022-08-12 03:00:01,117] {dag.py:2919} INFO - Setting next_dagrun for example_complex to None, run_after=None
[2022-08-12 03:00:01,146] {processor.py:161} INFO - Processing /home/airflow/.local/lib/python3.7/site-packages/airflow/example_dags/example_complex.py took 0.129 seconds
[2022-08-12 03:00:31,759] {processor.py:153} INFO - Started process (PID=2001) to work on /home/airflow/.local/lib/python3.7/site-packages/airflow/example_dags/example_complex.py
[2022-08-12 03:00:31,762] {processor.py:641} INFO - Processing file /home/airflow/.local/lib/python3.7/site-packages/airflow/example_dags/example_complex.py for tasks to queue
[2022-08-12 03:00:31,766] {logging_mixin.py:115} INFO - [2022-08-12 03:00:31,766] {dagbag.py:507} INFO - Filling up the DagBag from /home/airflow/.local/lib/python3.7/site-packages/airflow/example_dags/example_complex.py
[2022-08-12 03:00:31,810] {processor.py:651} INFO - DAG(s) dict_keys(['example_complex']) retrieved from /home/airflow/.local/lib/python3.7/site-packages/airflow/example_dags/example_complex.py
[2022-08-12 03:00:31,882] {logging_mixin.py:115} INFO - [2022-08-12 03:00:31,882] {dag.py:2371} INFO - Sync 1 DAGs
[2022-08-12 03:00:31,924] {logging_mixin.py:115} INFO - [2022-08-12 03:00:31,924] {dag.py:2919} INFO - Setting next_dagrun for example_complex to None, run_after=None
[2022-08-12 03:00:31,951] {processor.py:161} INFO - Processing /home/airflow/.local/lib/python3.7/site-packages/airflow/example_dags/example_complex.py took 0.198 seconds
[2022-08-12 03:05:34,529] {processor.py:153} INFO - Started process (PID=2053) to work on /home/airflow/.local/lib/python3.7/site-packages/airflow/example_dags/example_complex.py
[2022-08-12 03:05:34,530] {processor.py:641} INFO - Processing file /home/airflow/.local/lib/python3.7/site-packages/airflow/example_dags/example_complex.py for tasks to queue
[2022-08-12 03:05:34,532] {logging_mixin.py:115} INFO - [2022-08-12 03:05:34,531] {dagbag.py:507} INFO - Filling up the DagBag from /home/airflow/.local/lib/python3.7/site-packages/airflow/example_dags/example_complex.py
[2022-08-12 03:05:34,564] {processor.py:651} INFO - DAG(s) dict_keys(['example_complex']) retrieved from /home/airflow/.local/lib/python3.7/site-packages/airflow/example_dags/example_complex.py
[2022-08-12 03:05:34,624] {logging_mixin.py:115} INFO - [2022-08-12 03:05:34,624] {dag.py:2371} INFO - Sync 1 DAGs
[2022-08-12 03:05:34,652] {logging_mixin.py:115} INFO - [2022-08-12 03:05:34,652] {dag.py:2919} INFO - Setting next_dagrun for example_complex to None, run_after=None
[2022-08-12 03:05:34,669] {processor.py:161} INFO - Processing /home/airflow/.local/lib/python3.7/site-packages/airflow/example_dags/example_complex.py took 0.148 seconds
[2022-08-12 03:06:06,322] {processor.py:153} INFO - Started process (PID=2105) to work on /home/airflow/.local/lib/python3.7/site-packages/airflow/example_dags/example_complex.py
[2022-08-12 03:06:06,324] {processor.py:641} INFO - Processing file /home/airflow/.local/lib/python3.7/site-packages/airflow/example_dags/example_complex.py for tasks to queue
[2022-08-12 03:06:06,328] {logging_mixin.py:115} INFO - [2022-08-12 03:06:06,327] {dagbag.py:507} INFO - Filling up the DagBag from /home/airflow/.local/lib/python3.7/site-packages/airflow/example_dags/example_complex.py
[2022-08-12 03:06:06,368] {processor.py:651} INFO - DAG(s) dict_keys(['example_complex']) retrieved from /home/airflow/.local/lib/python3.7/site-packages/airflow/example_dags/example_complex.py
[2022-08-12 03:06:06,445] {logging_mixin.py:115} INFO - [2022-08-12 03:06:06,445] {dag.py:2371} INFO - Sync 1 DAGs
[2022-08-12 03:06:06,501] {logging_mixin.py:115} INFO - [2022-08-12 03:06:06,501] {dag.py:2919} INFO - Setting next_dagrun for example_complex to None, run_after=None
[2022-08-12 03:06:06,533] {processor.py:161} INFO - Processing /home/airflow/.local/lib/python3.7/site-packages/airflow/example_dags/example_complex.py took 0.221 seconds
[2022-08-12 03:11:07,308] {processor.py:153} INFO - Started process (PID=2158) to work on /home/airflow/.local/lib/python3.7/site-packages/airflow/example_dags/example_complex.py
[2022-08-12 03:11:07,309] {processor.py:641} INFO - Processing file /home/airflow/.local/lib/python3.7/site-packages/airflow/example_dags/example_complex.py for tasks to queue
[2022-08-12 03:11:07,310] {logging_mixin.py:115} INFO - [2022-08-12 03:11:07,310] {dagbag.py:507} INFO - Filling up the DagBag from /home/airflow/.local/lib/python3.7/site-packages/airflow/example_dags/example_complex.py
[2022-08-12 03:11:07,329] {processor.py:651} INFO - DAG(s) dict_keys(['example_complex']) retrieved from /home/airflow/.local/lib/python3.7/site-packages/airflow/example_dags/example_complex.py
[2022-08-12 03:11:07,370] {logging_mixin.py:115} INFO - [2022-08-12 03:11:07,370] {dag.py:2371} INFO - Sync 1 DAGs
[2022-08-12 03:11:07,395] {logging_mixin.py:115} INFO - [2022-08-12 03:11:07,395] {dag.py:2919} INFO - Setting next_dagrun for example_complex to None, run_after=None
[2022-08-12 03:11:07,408] {processor.py:161} INFO - Processing /home/airflow/.local/lib/python3.7/site-packages/airflow/example_dags/example_complex.py took 0.105 seconds
[2022-08-12 03:11:38,621] {processor.py:153} INFO - Started process (PID=2210) to work on /home/airflow/.local/lib/python3.7/site-packages/airflow/example_dags/example_complex.py
[2022-08-12 03:11:38,625] {processor.py:641} INFO - Processing file /home/airflow/.local/lib/python3.7/site-packages/airflow/example_dags/example_complex.py for tasks to queue
[2022-08-12 03:11:38,628] {logging_mixin.py:115} INFO - [2022-08-12 03:11:38,628] {dagbag.py:507} INFO - Filling up the DagBag from /home/airflow/.local/lib/python3.7/site-packages/airflow/example_dags/example_complex.py
[2022-08-12 03:11:38,671] {processor.py:651} INFO - DAG(s) dict_keys(['example_complex']) retrieved from /home/airflow/.local/lib/python3.7/site-packages/airflow/example_dags/example_complex.py
[2022-08-12 03:11:38,748] {logging_mixin.py:115} INFO - [2022-08-12 03:11:38,748] {dag.py:2371} INFO - Sync 1 DAGs
[2022-08-12 03:11:38,793] {logging_mixin.py:115} INFO - [2022-08-12 03:11:38,793] {dag.py:2919} INFO - Setting next_dagrun for example_complex to None, run_after=None
[2022-08-12 03:11:38,820] {processor.py:161} INFO - Processing /home/airflow/.local/lib/python3.7/site-packages/airflow/example_dags/example_complex.py took 0.207 seconds
[2022-08-12 03:16:40,312] {processor.py:153} INFO - Started process (PID=2262) to work on /home/airflow/.local/lib/python3.7/site-packages/airflow/example_dags/example_complex.py
[2022-08-12 03:16:40,315] {processor.py:641} INFO - Processing file /home/airflow/.local/lib/python3.7/site-packages/airflow/example_dags/example_complex.py for tasks to queue
[2022-08-12 03:16:40,316] {logging_mixin.py:115} INFO - [2022-08-12 03:16:40,316] {dagbag.py:507} INFO - Filling up the DagBag from /home/airflow/.local/lib/python3.7/site-packages/airflow/example_dags/example_complex.py
[2022-08-12 03:16:40,348] {processor.py:651} INFO - DAG(s) dict_keys(['example_complex']) retrieved from /home/airflow/.local/lib/python3.7/site-packages/airflow/example_dags/example_complex.py
[2022-08-12 03:16:40,402] {logging_mixin.py:115} INFO - [2022-08-12 03:16:40,402] {dag.py:2371} INFO - Sync 1 DAGs
[2022-08-12 03:16:40,430] {logging_mixin.py:115} INFO - [2022-08-12 03:16:40,430] {dag.py:2919} INFO - Setting next_dagrun for example_complex to None, run_after=None
[2022-08-12 03:16:40,446] {processor.py:161} INFO - Processing /home/airflow/.local/lib/python3.7/site-packages/airflow/example_dags/example_complex.py took 0.139 seconds
[2022-08-12 03:17:11,808] {processor.py:153} INFO - Started process (PID=2313) to work on /home/airflow/.local/lib/python3.7/site-packages/airflow/example_dags/example_complex.py
[2022-08-12 03:17:11,811] {processor.py:641} INFO - Processing file /home/airflow/.local/lib/python3.7/site-packages/airflow/example_dags/example_complex.py for tasks to queue
[2022-08-12 03:17:11,815] {logging_mixin.py:115} INFO - [2022-08-12 03:17:11,815] {dagbag.py:507} INFO - Filling up the DagBag from /home/airflow/.local/lib/python3.7/site-packages/airflow/example_dags/example_complex.py
[2022-08-12 03:17:11,859] {processor.py:651} INFO - DAG(s) dict_keys(['example_complex']) retrieved from /home/airflow/.local/lib/python3.7/site-packages/airflow/example_dags/example_complex.py
[2022-08-12 03:17:11,956] {logging_mixin.py:115} INFO - [2022-08-12 03:17:11,956] {dag.py:2371} INFO - Sync 1 DAGs
[2022-08-12 03:17:12,025] {logging_mixin.py:115} INFO - [2022-08-12 03:17:12,024] {dag.py:2919} INFO - Setting next_dagrun for example_complex to None, run_after=None
[2022-08-12 03:17:12,056] {processor.py:161} INFO - Processing /home/airflow/.local/lib/python3.7/site-packages/airflow/example_dags/example_complex.py took 0.259 seconds
[2022-08-12 03:22:13,582] {processor.py:153} INFO - Started process (PID=2365) to work on /home/airflow/.local/lib/python3.7/site-packages/airflow/example_dags/example_complex.py
[2022-08-12 03:22:13,583] {processor.py:641} INFO - Processing file /home/airflow/.local/lib/python3.7/site-packages/airflow/example_dags/example_complex.py for tasks to queue
[2022-08-12 03:22:13,585] {logging_mixin.py:115} INFO - [2022-08-12 03:22:13,584] {dagbag.py:507} INFO - Filling up the DagBag from /home/airflow/.local/lib/python3.7/site-packages/airflow/example_dags/example_complex.py
[2022-08-12 03:22:13,604] {processor.py:651} INFO - DAG(s) dict_keys(['example_complex']) retrieved from /home/airflow/.local/lib/python3.7/site-packages/airflow/example_dags/example_complex.py
[2022-08-12 03:22:13,653] {logging_mixin.py:115} INFO - [2022-08-12 03:22:13,653] {dag.py:2371} INFO - Sync 1 DAGs
[2022-08-12 03:22:13,677] {logging_mixin.py:115} INFO - [2022-08-12 03:22:13,677] {dag.py:2919} INFO - Setting next_dagrun for example_complex to None, run_after=None
[2022-08-12 03:22:13,691] {processor.py:161} INFO - Processing /home/airflow/.local/lib/python3.7/site-packages/airflow/example_dags/example_complex.py took 0.113 seconds
[2022-08-12 03:22:45,058] {processor.py:153} INFO - Started process (PID=2417) to work on /home/airflow/.local/lib/python3.7/site-packages/airflow/example_dags/example_complex.py
[2022-08-12 03:22:45,062] {processor.py:641} INFO - Processing file /home/airflow/.local/lib/python3.7/site-packages/airflow/example_dags/example_complex.py for tasks to queue
[2022-08-12 03:22:45,067] {logging_mixin.py:115} INFO - [2022-08-12 03:22:45,066] {dagbag.py:507} INFO - Filling up the DagBag from /home/airflow/.local/lib/python3.7/site-packages/airflow/example_dags/example_complex.py
[2022-08-12 03:22:45,126] {processor.py:651} INFO - DAG(s) dict_keys(['example_complex']) retrieved from /home/airflow/.local/lib/python3.7/site-packages/airflow/example_dags/example_complex.py
[2022-08-12 03:22:45,225] {logging_mixin.py:115} INFO - [2022-08-12 03:22:45,225] {dag.py:2371} INFO - Sync 1 DAGs
[2022-08-12 03:22:45,305] {logging_mixin.py:115} INFO - [2022-08-12 03:22:45,305] {dag.py:2919} INFO - Setting next_dagrun for example_complex to None, run_after=None
[2022-08-12 03:22:45,338] {processor.py:161} INFO - Processing /home/airflow/.local/lib/python3.7/site-packages/airflow/example_dags/example_complex.py took 0.296 seconds
[2022-08-12 03:27:46,982] {processor.py:153} INFO - Started process (PID=2470) to work on /home/airflow/.local/lib/python3.7/site-packages/airflow/example_dags/example_complex.py
[2022-08-12 03:27:46,984] {processor.py:641} INFO - Processing file /home/airflow/.local/lib/python3.7/site-packages/airflow/example_dags/example_complex.py for tasks to queue
[2022-08-12 03:27:46,985] {logging_mixin.py:115} INFO - [2022-08-12 03:27:46,985] {dagbag.py:507} INFO - Filling up the DagBag from /home/airflow/.local/lib/python3.7/site-packages/airflow/example_dags/example_complex.py
[2022-08-12 03:27:47,009] {processor.py:651} INFO - DAG(s) dict_keys(['example_complex']) retrieved from /home/airflow/.local/lib/python3.7/site-packages/airflow/example_dags/example_complex.py
[2022-08-12 03:27:47,061] {logging_mixin.py:115} INFO - [2022-08-12 03:27:47,061] {dag.py:2371} INFO - Sync 1 DAGs
[2022-08-12 03:27:47,086] {logging_mixin.py:115} INFO - [2022-08-12 03:27:47,086] {dag.py:2919} INFO - Setting next_dagrun for example_complex to None, run_after=None
[2022-08-12 03:27:47,114] {processor.py:161} INFO - Processing /home/airflow/.local/lib/python3.7/site-packages/airflow/example_dags/example_complex.py took 0.137 seconds
[2022-08-12 03:28:18,631] {processor.py:153} INFO - Started process (PID=2521) to work on /home/airflow/.local/lib/python3.7/site-packages/airflow/example_dags/example_complex.py
[2022-08-12 03:28:18,635] {processor.py:641} INFO - Processing file /home/airflow/.local/lib/python3.7/site-packages/airflow/example_dags/example_complex.py for tasks to queue
[2022-08-12 03:28:18,645] {logging_mixin.py:115} INFO - [2022-08-12 03:28:18,644] {dagbag.py:507} INFO - Filling up the DagBag from /home/airflow/.local/lib/python3.7/site-packages/airflow/example_dags/example_complex.py
[2022-08-12 03:28:18,691] {processor.py:651} INFO - DAG(s) dict_keys(['example_complex']) retrieved from /home/airflow/.local/lib/python3.7/site-packages/airflow/example_dags/example_complex.py
[2022-08-12 03:28:18,789] {logging_mixin.py:115} INFO - [2022-08-12 03:28:18,789] {dag.py:2371} INFO - Sync 1 DAGs
[2022-08-12 03:28:18,858] {logging_mixin.py:115} INFO - [2022-08-12 03:28:18,857] {dag.py:2919} INFO - Setting next_dagrun for example_complex to None, run_after=None
[2022-08-12 03:28:18,899] {processor.py:161} INFO - Processing /home/airflow/.local/lib/python3.7/site-packages/airflow/example_dags/example_complex.py took 0.278 seconds
[2022-08-12 03:33:18,689] {processor.py:153} INFO - Started process (PID=2573) to work on /home/airflow/.local/lib/python3.7/site-packages/airflow/example_dags/example_complex.py
[2022-08-12 03:33:18,691] {processor.py:641} INFO - Processing file /home/airflow/.local/lib/python3.7/site-packages/airflow/example_dags/example_complex.py for tasks to queue
[2022-08-12 03:33:18,693] {logging_mixin.py:115} INFO - [2022-08-12 03:33:18,692] {dagbag.py:507} INFO - Filling up the DagBag from /home/airflow/.local/lib/python3.7/site-packages/airflow/example_dags/example_complex.py
[2022-08-12 03:33:18,727] {processor.py:651} INFO - DAG(s) dict_keys(['example_complex']) retrieved from /home/airflow/.local/lib/python3.7/site-packages/airflow/example_dags/example_complex.py
[2022-08-12 03:33:18,769] {logging_mixin.py:115} INFO - [2022-08-12 03:33:18,769] {dag.py:2371} INFO - Sync 1 DAGs
[2022-08-12 03:33:18,792] {logging_mixin.py:115} INFO - [2022-08-12 03:33:18,792] {dag.py:2919} INFO - Setting next_dagrun for example_complex to None, run_after=None
[2022-08-12 03:33:18,810] {processor.py:161} INFO - Processing /home/airflow/.local/lib/python3.7/site-packages/airflow/example_dags/example_complex.py took 0.139 seconds
[2022-08-12 03:33:49,802] {processor.py:153} INFO - Started process (PID=2625) to work on /home/airflow/.local/lib/python3.7/site-packages/airflow/example_dags/example_complex.py
[2022-08-12 03:33:49,805] {processor.py:641} INFO - Processing file /home/airflow/.local/lib/python3.7/site-packages/airflow/example_dags/example_complex.py for tasks to queue
[2022-08-12 03:33:49,808] {logging_mixin.py:115} INFO - [2022-08-12 03:33:49,807] {dagbag.py:507} INFO - Filling up the DagBag from /home/airflow/.local/lib/python3.7/site-packages/airflow/example_dags/example_complex.py
[2022-08-12 03:33:49,855] {processor.py:651} INFO - DAG(s) dict_keys(['example_complex']) retrieved from /home/airflow/.local/lib/python3.7/site-packages/airflow/example_dags/example_complex.py
[2022-08-12 03:33:49,945] {logging_mixin.py:115} INFO - [2022-08-12 03:33:49,944] {dag.py:2371} INFO - Sync 1 DAGs
[2022-08-12 03:33:49,997] {logging_mixin.py:115} INFO - [2022-08-12 03:33:49,996] {dag.py:2919} INFO - Setting next_dagrun for example_complex to None, run_after=None
[2022-08-12 03:33:50,034] {processor.py:161} INFO - Processing /home/airflow/.local/lib/python3.7/site-packages/airflow/example_dags/example_complex.py took 0.243 seconds
[2022-08-12 03:38:51,227] {processor.py:153} INFO - Started process (PID=2677) to work on /home/airflow/.local/lib/python3.7/site-packages/airflow/example_dags/example_complex.py
[2022-08-12 03:38:51,228] {processor.py:641} INFO - Processing file /home/airflow/.local/lib/python3.7/site-packages/airflow/example_dags/example_complex.py for tasks to queue
[2022-08-12 03:38:51,230] {logging_mixin.py:115} INFO - [2022-08-12 03:38:51,230] {dagbag.py:507} INFO - Filling up the DagBag from /home/airflow/.local/lib/python3.7/site-packages/airflow/example_dags/example_complex.py
[2022-08-12 03:38:51,247] {processor.py:651} INFO - DAG(s) dict_keys(['example_complex']) retrieved from /home/airflow/.local/lib/python3.7/site-packages/airflow/example_dags/example_complex.py
[2022-08-12 03:38:51,284] {logging_mixin.py:115} INFO - [2022-08-12 03:38:51,284] {dag.py:2371} INFO - Sync 1 DAGs
[2022-08-12 03:38:51,309] {logging_mixin.py:115} INFO - [2022-08-12 03:38:51,309] {dag.py:2919} INFO - Setting next_dagrun for example_complex to None, run_after=None
[2022-08-12 03:38:51,327] {processor.py:161} INFO - Processing /home/airflow/.local/lib/python3.7/site-packages/airflow/example_dags/example_complex.py took 0.104 seconds
[2022-08-12 03:39:22,730] {processor.py:153} INFO - Started process (PID=2729) to work on /home/airflow/.local/lib/python3.7/site-packages/airflow/example_dags/example_complex.py
[2022-08-12 03:39:22,734] {processor.py:641} INFO - Processing file /home/airflow/.local/lib/python3.7/site-packages/airflow/example_dags/example_complex.py for tasks to queue
[2022-08-12 03:39:22,737] {logging_mixin.py:115} INFO - [2022-08-12 03:39:22,737] {dagbag.py:507} INFO - Filling up the DagBag from /home/airflow/.local/lib/python3.7/site-packages/airflow/example_dags/example_complex.py
[2022-08-12 03:39:22,782] {processor.py:651} INFO - DAG(s) dict_keys(['example_complex']) retrieved from /home/airflow/.local/lib/python3.7/site-packages/airflow/example_dags/example_complex.py
[2022-08-12 03:39:22,878] {logging_mixin.py:115} INFO - [2022-08-12 03:39:22,877] {dag.py:2371} INFO - Sync 1 DAGs
[2022-08-12 03:39:22,939] {logging_mixin.py:115} INFO - [2022-08-12 03:39:22,939] {dag.py:2919} INFO - Setting next_dagrun for example_complex to None, run_after=None
[2022-08-12 03:39:22,973] {processor.py:161} INFO - Processing /home/airflow/.local/lib/python3.7/site-packages/airflow/example_dags/example_complex.py took 0.253 seconds
[2022-08-12 03:44:30,234] {processor.py:153} INFO - Started process (PID=2783) to work on /home/airflow/.local/lib/python3.7/site-packages/airflow/example_dags/example_complex.py
[2022-08-12 03:44:30,235] {processor.py:641} INFO - Processing file /home/airflow/.local/lib/python3.7/site-packages/airflow/example_dags/example_complex.py for tasks to queue
[2022-08-12 03:44:30,237] {logging_mixin.py:115} INFO - [2022-08-12 03:44:30,237] {dagbag.py:507} INFO - Filling up the DagBag from /home/airflow/.local/lib/python3.7/site-packages/airflow/example_dags/example_complex.py
[2022-08-12 03:44:30,263] {processor.py:651} INFO - DAG(s) dict_keys(['example_complex']) retrieved from /home/airflow/.local/lib/python3.7/site-packages/airflow/example_dags/example_complex.py
[2022-08-12 03:44:30,307] {logging_mixin.py:115} INFO - [2022-08-12 03:44:30,307] {dag.py:2371} INFO - Sync 1 DAGs
[2022-08-12 03:44:30,339] {logging_mixin.py:115} INFO - [2022-08-12 03:44:30,339] {dag.py:2919} INFO - Setting next_dagrun for example_complex to None, run_after=None
[2022-08-12 03:44:30,360] {processor.py:161} INFO - Processing /home/airflow/.local/lib/python3.7/site-packages/airflow/example_dags/example_complex.py took 0.131 seconds
[2022-08-12 03:45:02,134] {processor.py:153} INFO - Started process (PID=2835) to work on /home/airflow/.local/lib/python3.7/site-packages/airflow/example_dags/example_complex.py
[2022-08-12 03:45:02,141] {processor.py:641} INFO - Processing file /home/airflow/.local/lib/python3.7/site-packages/airflow/example_dags/example_complex.py for tasks to queue
[2022-08-12 03:45:02,146] {logging_mixin.py:115} INFO - [2022-08-12 03:45:02,146] {dagbag.py:507} INFO - Filling up the DagBag from /home/airflow/.local/lib/python3.7/site-packages/airflow/example_dags/example_complex.py
[2022-08-12 03:45:02,191] {processor.py:651} INFO - DAG(s) dict_keys(['example_complex']) retrieved from /home/airflow/.local/lib/python3.7/site-packages/airflow/example_dags/example_complex.py
[2022-08-12 03:45:02,309] {logging_mixin.py:115} INFO - [2022-08-12 03:45:02,309] {dag.py:2371} INFO - Sync 1 DAGs
[2022-08-12 03:45:02,378] {logging_mixin.py:115} INFO - [2022-08-12 03:45:02,378] {dag.py:2919} INFO - Setting next_dagrun for example_complex to None, run_after=None
[2022-08-12 03:45:02,415] {processor.py:161} INFO - Processing /home/airflow/.local/lib/python3.7/site-packages/airflow/example_dags/example_complex.py took 0.301 seconds
[2022-08-12 03:50:02,432] {processor.py:153} INFO - Started process (PID=2887) to work on /home/airflow/.local/lib/python3.7/site-packages/airflow/example_dags/example_complex.py
[2022-08-12 03:50:02,434] {processor.py:641} INFO - Processing file /home/airflow/.local/lib/python3.7/site-packages/airflow/example_dags/example_complex.py for tasks to queue
[2022-08-12 03:50:02,435] {logging_mixin.py:115} INFO - [2022-08-12 03:50:02,435] {dagbag.py:507} INFO - Filling up the DagBag from /home/airflow/.local/lib/python3.7/site-packages/airflow/example_dags/example_complex.py
[2022-08-12 03:50:02,457] {processor.py:651} INFO - DAG(s) dict_keys(['example_complex']) retrieved from /home/airflow/.local/lib/python3.7/site-packages/airflow/example_dags/example_complex.py
[2022-08-12 03:50:02,495] {logging_mixin.py:115} INFO - [2022-08-12 03:50:02,494] {dag.py:2371} INFO - Sync 1 DAGs
[2022-08-12 03:50:02,518] {logging_mixin.py:115} INFO - [2022-08-12 03:50:02,517] {dag.py:2919} INFO - Setting next_dagrun for example_complex to None, run_after=None
[2022-08-12 03:50:02,533] {processor.py:161} INFO - Processing /home/airflow/.local/lib/python3.7/site-packages/airflow/example_dags/example_complex.py took 0.106 seconds
[2022-08-12 03:50:34,537] {processor.py:153} INFO - Started process (PID=2939) to work on /home/airflow/.local/lib/python3.7/site-packages/airflow/example_dags/example_complex.py
[2022-08-12 03:50:34,541] {processor.py:641} INFO - Processing file /home/airflow/.local/lib/python3.7/site-packages/airflow/example_dags/example_complex.py for tasks to queue
[2022-08-12 03:50:34,545] {logging_mixin.py:115} INFO - [2022-08-12 03:50:34,544] {dagbag.py:507} INFO - Filling up the DagBag from /home/airflow/.local/lib/python3.7/site-packages/airflow/example_dags/example_complex.py
[2022-08-12 03:50:34,653] {processor.py:651} INFO - DAG(s) dict_keys(['example_complex']) retrieved from /home/airflow/.local/lib/python3.7/site-packages/airflow/example_dags/example_complex.py
[2022-08-12 03:50:34,935] {logging_mixin.py:115} INFO - [2022-08-12 03:50:34,934] {dag.py:2371} INFO - Sync 1 DAGs
[2022-08-12 03:50:35,030] {logging_mixin.py:115} INFO - [2022-08-12 03:50:35,029] {dag.py:2919} INFO - Setting next_dagrun for example_complex to None, run_after=None
[2022-08-12 03:50:35,080] {processor.py:161} INFO - Processing /home/airflow/.local/lib/python3.7/site-packages/airflow/example_dags/example_complex.py took 0.557 seconds
[2022-08-12 03:55:33,965] {processor.py:153} INFO - Started process (PID=2990) to work on /home/airflow/.local/lib/python3.7/site-packages/airflow/example_dags/example_complex.py
[2022-08-12 03:55:33,967] {processor.py:641} INFO - Processing file /home/airflow/.local/lib/python3.7/site-packages/airflow/example_dags/example_complex.py for tasks to queue
[2022-08-12 03:55:33,968] {logging_mixin.py:115} INFO - [2022-08-12 03:55:33,968] {dagbag.py:507} INFO - Filling up the DagBag from /home/airflow/.local/lib/python3.7/site-packages/airflow/example_dags/example_complex.py
[2022-08-12 03:55:34,008] {processor.py:651} INFO - DAG(s) dict_keys(['example_complex']) retrieved from /home/airflow/.local/lib/python3.7/site-packages/airflow/example_dags/example_complex.py
[2022-08-12 03:55:34,103] {logging_mixin.py:115} INFO - [2022-08-12 03:55:34,103] {dag.py:2371} INFO - Sync 1 DAGs
[2022-08-12 03:55:34,135] {logging_mixin.py:115} INFO - [2022-08-12 03:55:34,135] {dag.py:2919} INFO - Setting next_dagrun for example_complex to None, run_after=None
[2022-08-12 03:55:34,154] {processor.py:161} INFO - Processing /home/airflow/.local/lib/python3.7/site-packages/airflow/example_dags/example_complex.py took 0.193 seconds
[2022-08-12 03:56:05,419] {processor.py:153} INFO - Started process (PID=3041) to work on /home/airflow/.local/lib/python3.7/site-packages/airflow/example_dags/example_complex.py
[2022-08-12 03:56:05,439] {processor.py:641} INFO - Processing file /home/airflow/.local/lib/python3.7/site-packages/airflow/example_dags/example_complex.py for tasks to queue
[2022-08-12 03:56:05,442] {logging_mixin.py:115} INFO - [2022-08-12 03:56:05,442] {dagbag.py:507} INFO - Filling up the DagBag from /home/airflow/.local/lib/python3.7/site-packages/airflow/example_dags/example_complex.py
[2022-08-12 03:56:05,500] {processor.py:651} INFO - DAG(s) dict_keys(['example_complex']) retrieved from /home/airflow/.local/lib/python3.7/site-packages/airflow/example_dags/example_complex.py
[2022-08-12 03:56:05,597] {logging_mixin.py:115} INFO - [2022-08-12 03:56:05,597] {dag.py:2371} INFO - Sync 1 DAGs
[2022-08-12 03:56:05,657] {logging_mixin.py:115} INFO - [2022-08-12 03:56:05,657] {dag.py:2919} INFO - Setting next_dagrun for example_complex to None, run_after=None
[2022-08-12 03:56:05,697] {processor.py:161} INFO - Processing /home/airflow/.local/lib/python3.7/site-packages/airflow/example_dags/example_complex.py took 0.302 seconds
[2022-08-12 04:16:29,140] {processor.py:153} INFO - Started process (PID=3121) to work on /home/airflow/.local/lib/python3.7/site-packages/airflow/example_dags/example_complex.py
[2022-08-12 04:16:29,142] {processor.py:641} INFO - Processing file /home/airflow/.local/lib/python3.7/site-packages/airflow/example_dags/example_complex.py for tasks to queue
[2022-08-12 04:16:29,146] {logging_mixin.py:115} INFO - [2022-08-12 04:16:29,145] {dagbag.py:507} INFO - Filling up the DagBag from /home/airflow/.local/lib/python3.7/site-packages/airflow/example_dags/example_complex.py
[2022-08-12 04:16:29,228] {processor.py:651} INFO - DAG(s) dict_keys(['example_complex']) retrieved from /home/airflow/.local/lib/python3.7/site-packages/airflow/example_dags/example_complex.py
[2022-08-12 04:16:29,309] {logging_mixin.py:115} INFO - [2022-08-12 04:16:29,309] {dag.py:2371} INFO - Sync 1 DAGs
[2022-08-12 04:16:29,343] {logging_mixin.py:115} INFO - [2022-08-12 04:16:29,343] {dag.py:2919} INFO - Setting next_dagrun for example_complex to None, run_after=None
[2022-08-12 04:16:29,365] {processor.py:161} INFO - Processing /home/airflow/.local/lib/python3.7/site-packages/airflow/example_dags/example_complex.py took 0.236 seconds
[2022-08-12 05:25:45,058] {processor.py:153} INFO - Started process (PID=3176) to work on /home/airflow/.local/lib/python3.7/site-packages/airflow/example_dags/example_complex.py
[2022-08-12 05:25:45,059] {processor.py:641} INFO - Processing file /home/airflow/.local/lib/python3.7/site-packages/airflow/example_dags/example_complex.py for tasks to queue
[2022-08-12 05:25:45,061] {logging_mixin.py:115} INFO - [2022-08-12 05:25:45,060] {dagbag.py:507} INFO - Filling up the DagBag from /home/airflow/.local/lib/python3.7/site-packages/airflow/example_dags/example_complex.py
[2022-08-12 05:25:45,080] {processor.py:651} INFO - DAG(s) dict_keys(['example_complex']) retrieved from /home/airflow/.local/lib/python3.7/site-packages/airflow/example_dags/example_complex.py
[2022-08-12 05:25:45,132] {logging_mixin.py:115} INFO - [2022-08-12 05:25:45,132] {dag.py:2371} INFO - Sync 1 DAGs
[2022-08-12 05:25:45,165] {logging_mixin.py:115} INFO - [2022-08-12 05:25:45,164] {dag.py:2919} INFO - Setting next_dagrun for example_complex to None, run_after=None
[2022-08-12 05:25:45,181] {processor.py:161} INFO - Processing /home/airflow/.local/lib/python3.7/site-packages/airflow/example_dags/example_complex.py took 0.129 seconds
[2022-08-12 07:13:53,508] {processor.py:153} INFO - Started process (PID=3228) to work on /home/airflow/.local/lib/python3.7/site-packages/airflow/example_dags/example_complex.py
[2022-08-12 07:13:53,510] {processor.py:641} INFO - Processing file /home/airflow/.local/lib/python3.7/site-packages/airflow/example_dags/example_complex.py for tasks to queue
[2022-08-12 07:13:53,511] {logging_mixin.py:115} INFO - [2022-08-12 07:13:53,511] {dagbag.py:507} INFO - Filling up the DagBag from /home/airflow/.local/lib/python3.7/site-packages/airflow/example_dags/example_complex.py
[2022-08-12 07:13:53,537] {processor.py:651} INFO - DAG(s) dict_keys(['example_complex']) retrieved from /home/airflow/.local/lib/python3.7/site-packages/airflow/example_dags/example_complex.py
[2022-08-12 07:13:53,578] {logging_mixin.py:115} INFO - [2022-08-12 07:13:53,578] {dag.py:2371} INFO - Sync 1 DAGs
[2022-08-12 07:13:53,600] {logging_mixin.py:115} INFO - [2022-08-12 07:13:53,600] {dag.py:2919} INFO - Setting next_dagrun for example_complex to None, run_after=None
[2022-08-12 07:13:53,623] {processor.py:161} INFO - Processing /home/airflow/.local/lib/python3.7/site-packages/airflow/example_dags/example_complex.py took 0.120 seconds
[2022-08-12 09:02:17,149] {processor.py:153} INFO - Started process (PID=3280) to work on /home/airflow/.local/lib/python3.7/site-packages/airflow/example_dags/example_complex.py
[2022-08-12 09:02:17,151] {processor.py:641} INFO - Processing file /home/airflow/.local/lib/python3.7/site-packages/airflow/example_dags/example_complex.py for tasks to queue
[2022-08-12 09:02:17,154] {logging_mixin.py:115} INFO - [2022-08-12 09:02:17,153] {dagbag.py:507} INFO - Filling up the DagBag from /home/airflow/.local/lib/python3.7/site-packages/airflow/example_dags/example_complex.py
[2022-08-12 09:02:17,198] {processor.py:651} INFO - DAG(s) dict_keys(['example_complex']) retrieved from /home/airflow/.local/lib/python3.7/site-packages/airflow/example_dags/example_complex.py
[2022-08-12 09:02:17,339] {logging_mixin.py:115} INFO - [2022-08-12 09:02:17,339] {dag.py:2371} INFO - Sync 1 DAGs
[2022-08-12 09:02:17,422] {logging_mixin.py:115} INFO - [2022-08-12 09:02:17,422] {dag.py:2919} INFO - Setting next_dagrun for example_complex to None, run_after=None
[2022-08-12 09:02:17,446] {processor.py:161} INFO - Processing /home/airflow/.local/lib/python3.7/site-packages/airflow/example_dags/example_complex.py took 0.333 seconds
[2022-08-12 12:38:17,752] {processor.py:153} INFO - Started process (PID=3323) to work on /home/airflow/.local/lib/python3.7/site-packages/airflow/example_dags/example_complex.py
[2022-08-12 12:38:17,755] {processor.py:641} INFO - Processing file /home/airflow/.local/lib/python3.7/site-packages/airflow/example_dags/example_complex.py for tasks to queue
[2022-08-12 12:38:17,758] {logging_mixin.py:115} INFO - [2022-08-12 12:38:17,757] {dagbag.py:507} INFO - Filling up the DagBag from /home/airflow/.local/lib/python3.7/site-packages/airflow/example_dags/example_complex.py
[2022-08-12 12:38:17,797] {processor.py:651} INFO - DAG(s) dict_keys(['example_complex']) retrieved from /home/airflow/.local/lib/python3.7/site-packages/airflow/example_dags/example_complex.py
[2022-08-12 12:38:17,873] {logging_mixin.py:115} INFO - [2022-08-12 12:38:17,873] {dag.py:2371} INFO - Sync 1 DAGs
[2022-08-12 12:38:17,948] {logging_mixin.py:115} INFO - [2022-08-12 12:38:17,948] {dag.py:2919} INFO - Setting next_dagrun for example_complex to None, run_after=None
[2022-08-12 12:38:17,970] {processor.py:161} INFO - Processing /home/airflow/.local/lib/python3.7/site-packages/airflow/example_dags/example_complex.py took 0.223 seconds
[2022-08-12 14:26:42,842] {processor.py:153} INFO - Started process (PID=3385) to work on /home/airflow/.local/lib/python3.7/site-packages/airflow/example_dags/example_complex.py
[2022-08-12 14:26:42,845] {processor.py:641} INFO - Processing file /home/airflow/.local/lib/python3.7/site-packages/airflow/example_dags/example_complex.py for tasks to queue
[2022-08-12 14:26:42,852] {logging_mixin.py:115} INFO - [2022-08-12 14:26:42,852] {dagbag.py:507} INFO - Filling up the DagBag from /home/airflow/.local/lib/python3.7/site-packages/airflow/example_dags/example_complex.py
[2022-08-12 14:26:42,890] {processor.py:651} INFO - DAG(s) dict_keys(['example_complex']) retrieved from /home/airflow/.local/lib/python3.7/site-packages/airflow/example_dags/example_complex.py
[2022-08-12 14:26:42,947] {logging_mixin.py:115} INFO - [2022-08-12 14:26:42,947] {dag.py:2371} INFO - Sync 1 DAGs
[2022-08-12 14:26:42,985] {logging_mixin.py:115} INFO - [2022-08-12 14:26:42,985] {dag.py:2919} INFO - Setting next_dagrun for example_complex to None, run_after=None
[2022-08-12 14:26:43,005] {processor.py:161} INFO - Processing /home/airflow/.local/lib/python3.7/site-packages/airflow/example_dags/example_complex.py took 0.167 seconds
[2022-08-12 16:17:37,740] {processor.py:153} INFO - Started process (PID=3427) to work on /home/airflow/.local/lib/python3.7/site-packages/airflow/example_dags/example_complex.py
[2022-08-12 16:17:37,742] {processor.py:641} INFO - Processing file /home/airflow/.local/lib/python3.7/site-packages/airflow/example_dags/example_complex.py for tasks to queue
[2022-08-12 16:17:37,744] {logging_mixin.py:115} INFO - [2022-08-12 16:17:37,744] {dagbag.py:507} INFO - Filling up the DagBag from /home/airflow/.local/lib/python3.7/site-packages/airflow/example_dags/example_complex.py
[2022-08-12 16:17:37,769] {processor.py:651} INFO - DAG(s) dict_keys(['example_complex']) retrieved from /home/airflow/.local/lib/python3.7/site-packages/airflow/example_dags/example_complex.py
[2022-08-12 16:17:37,832] {logging_mixin.py:115} INFO - [2022-08-12 16:17:37,832] {dag.py:2371} INFO - Sync 1 DAGs
[2022-08-12 16:17:37,896] {logging_mixin.py:115} INFO - [2022-08-12 16:17:37,896] {dag.py:2919} INFO - Setting next_dagrun for example_complex to None, run_after=None
[2022-08-12 16:17:37,920] {processor.py:161} INFO - Processing /home/airflow/.local/lib/python3.7/site-packages/airflow/example_dags/example_complex.py took 0.186 seconds
