[2022-08-12 01:28:13,790] {processor.py:153} INFO - Started process (PID=99884) to work on /home/airflow/.local/lib/python3.7/site-packages/airflow/example_dags/example_branch_operator.py
[2022-08-12 01:28:13,792] {processor.py:641} INFO - Processing file /home/airflow/.local/lib/python3.7/site-packages/airflow/example_dags/example_branch_operator.py for tasks to queue
[2022-08-12 01:28:13,794] {logging_mixin.py:115} INFO - [2022-08-12 01:28:13,794] {dagbag.py:507} INFO - Filling up the DagBag from /home/airflow/.local/lib/python3.7/site-packages/airflow/example_dags/example_branch_operator.py
[2022-08-12 01:28:13,952] {processor.py:651} INFO - DAG(s) dict_keys(['example_branch_operator']) retrieved from /home/airflow/.local/lib/python3.7/site-packages/airflow/example_dags/example_branch_operator.py
[2022-08-12 01:28:14,551] {logging_mixin.py:115} INFO - [2022-08-12 01:28:14,551] {dag.py:2371} INFO - Sync 1 DAGs
[2022-08-12 01:28:16,244] {logging_mixin.py:115} INFO - [2022-08-12 01:28:16,244] {dag.py:2919} INFO - Setting next_dagrun for example_branch_operator to 2022-08-11T00:00:00+00:00, run_after=2022-08-12T00:00:00+00:00
[2022-08-12 01:28:16,522] {processor.py:161} INFO - Processing /home/airflow/.local/lib/python3.7/site-packages/airflow/example_dags/example_branch_operator.py took 2.774 seconds
[2022-08-12 01:28:46,874] {processor.py:153} INFO - Started process (PID=99936) to work on /home/airflow/.local/lib/python3.7/site-packages/airflow/example_dags/example_branch_operator.py
[2022-08-12 01:28:46,876] {processor.py:641} INFO - Processing file /home/airflow/.local/lib/python3.7/site-packages/airflow/example_dags/example_branch_operator.py for tasks to queue
[2022-08-12 01:28:46,878] {logging_mixin.py:115} INFO - [2022-08-12 01:28:46,877] {dagbag.py:507} INFO - Filling up the DagBag from /home/airflow/.local/lib/python3.7/site-packages/airflow/example_dags/example_branch_operator.py
[2022-08-12 01:28:46,891] {processor.py:651} INFO - DAG(s) dict_keys(['example_branch_operator']) retrieved from /home/airflow/.local/lib/python3.7/site-packages/airflow/example_dags/example_branch_operator.py
[2022-08-12 01:28:46,929] {logging_mixin.py:115} INFO - [2022-08-12 01:28:46,929] {dag.py:2371} INFO - Sync 1 DAGs
[2022-08-12 01:28:46,954] {logging_mixin.py:115} INFO - [2022-08-12 01:28:46,954] {dag.py:2919} INFO - Setting next_dagrun for example_branch_operator to 2022-08-11T00:00:00+00:00, run_after=2022-08-12T00:00:00+00:00
[2022-08-12 01:28:46,974] {processor.py:161} INFO - Processing /home/airflow/.local/lib/python3.7/site-packages/airflow/example_dags/example_branch_operator.py took 0.106 seconds
[2022-08-12 01:33:42,400] {processor.py:153} INFO - Started process (PID=99986) to work on /home/airflow/.local/lib/python3.7/site-packages/airflow/example_dags/example_branch_operator.py
[2022-08-12 01:33:42,412] {processor.py:641} INFO - Processing file /home/airflow/.local/lib/python3.7/site-packages/airflow/example_dags/example_branch_operator.py for tasks to queue
[2022-08-12 01:33:42,415] {logging_mixin.py:115} INFO - [2022-08-12 01:33:42,415] {dagbag.py:507} INFO - Filling up the DagBag from /home/airflow/.local/lib/python3.7/site-packages/airflow/example_dags/example_branch_operator.py
[2022-08-12 01:33:42,448] {processor.py:651} INFO - DAG(s) dict_keys(['example_branch_operator']) retrieved from /home/airflow/.local/lib/python3.7/site-packages/airflow/example_dags/example_branch_operator.py
[2022-08-12 01:33:42,564] {logging_mixin.py:115} INFO - [2022-08-12 01:33:42,564] {dag.py:2371} INFO - Sync 1 DAGs
[2022-08-12 01:33:42,820] {logging_mixin.py:115} INFO - [2022-08-12 01:33:42,820] {dag.py:2919} INFO - Setting next_dagrun for example_branch_operator to 2022-08-11T00:00:00+00:00, run_after=2022-08-12T00:00:00+00:00
[2022-08-12 01:33:42,911] {processor.py:161} INFO - Processing /home/airflow/.local/lib/python3.7/site-packages/airflow/example_dags/example_branch_operator.py took 0.518 seconds
[2022-08-12 01:34:13,490] {processor.py:153} INFO - Started process (PID=341) to work on /home/airflow/.local/lib/python3.7/site-packages/airflow/example_dags/example_branch_operator.py
[2022-08-12 01:34:13,503] {processor.py:641} INFO - Processing file /home/airflow/.local/lib/python3.7/site-packages/airflow/example_dags/example_branch_operator.py for tasks to queue
[2022-08-12 01:34:13,507] {logging_mixin.py:115} INFO - [2022-08-12 01:34:13,507] {dagbag.py:507} INFO - Filling up the DagBag from /home/airflow/.local/lib/python3.7/site-packages/airflow/example_dags/example_branch_operator.py
[2022-08-12 01:34:13,622] {processor.py:651} INFO - DAG(s) dict_keys(['example_branch_operator']) retrieved from /home/airflow/.local/lib/python3.7/site-packages/airflow/example_dags/example_branch_operator.py
[2022-08-12 01:34:13,839] {logging_mixin.py:115} INFO - [2022-08-12 01:34:13,839] {dag.py:2371} INFO - Sync 1 DAGs
[2022-08-12 01:34:13,930] {logging_mixin.py:115} INFO - [2022-08-12 01:34:13,929] {dag.py:2919} INFO - Setting next_dagrun for example_branch_operator to 2022-08-11T00:00:00+00:00, run_after=2022-08-12T00:00:00+00:00
[2022-08-12 01:34:14,070] {processor.py:161} INFO - Processing /home/airflow/.local/lib/python3.7/site-packages/airflow/example_dags/example_branch_operator.py took 0.619 seconds
[2022-08-12 01:49:56,823] {processor.py:153} INFO - Started process (PID=385) to work on /home/airflow/.local/lib/python3.7/site-packages/airflow/example_dags/example_branch_operator.py
[2022-08-12 01:49:56,825] {processor.py:641} INFO - Processing file /home/airflow/.local/lib/python3.7/site-packages/airflow/example_dags/example_branch_operator.py for tasks to queue
[2022-08-12 01:49:56,835] {logging_mixin.py:115} INFO - [2022-08-12 01:49:56,834] {dagbag.py:507} INFO - Filling up the DagBag from /home/airflow/.local/lib/python3.7/site-packages/airflow/example_dags/example_branch_operator.py
[2022-08-12 01:49:56,919] {processor.py:651} INFO - DAG(s) dict_keys(['example_branch_operator']) retrieved from /home/airflow/.local/lib/python3.7/site-packages/airflow/example_dags/example_branch_operator.py
[2022-08-12 01:49:57,043] {logging_mixin.py:115} INFO - [2022-08-12 01:49:57,043] {dag.py:2371} INFO - Sync 1 DAGs
[2022-08-12 01:49:57,220] {logging_mixin.py:115} INFO - [2022-08-12 01:49:57,220] {dag.py:2919} INFO - Setting next_dagrun for example_branch_operator to 2022-08-11T00:00:00+00:00, run_after=2022-08-12T00:00:00+00:00
[2022-08-12 01:49:57,278] {processor.py:161} INFO - Processing /home/airflow/.local/lib/python3.7/site-packages/airflow/example_dags/example_branch_operator.py took 0.487 seconds
[2022-08-12 01:50:27,634] {processor.py:153} INFO - Started process (PID=437) to work on /home/airflow/.local/lib/python3.7/site-packages/airflow/example_dags/example_branch_operator.py
[2022-08-12 01:50:27,646] {processor.py:641} INFO - Processing file /home/airflow/.local/lib/python3.7/site-packages/airflow/example_dags/example_branch_operator.py for tasks to queue
[2022-08-12 01:50:27,653] {logging_mixin.py:115} INFO - [2022-08-12 01:50:27,653] {dagbag.py:507} INFO - Filling up the DagBag from /home/airflow/.local/lib/python3.7/site-packages/airflow/example_dags/example_branch_operator.py
[2022-08-12 01:50:27,799] {processor.py:651} INFO - DAG(s) dict_keys(['example_branch_operator']) retrieved from /home/airflow/.local/lib/python3.7/site-packages/airflow/example_dags/example_branch_operator.py
[2022-08-12 01:50:28,081] {logging_mixin.py:115} INFO - [2022-08-12 01:50:28,080] {dag.py:2371} INFO - Sync 1 DAGs
[2022-08-12 01:50:28,193] {logging_mixin.py:115} INFO - [2022-08-12 01:50:28,192] {dag.py:2919} INFO - Setting next_dagrun for example_branch_operator to 2022-08-11T00:00:00+00:00, run_after=2022-08-12T00:00:00+00:00
[2022-08-12 01:50:28,248] {processor.py:161} INFO - Processing /home/airflow/.local/lib/python3.7/site-packages/airflow/example_dags/example_branch_operator.py took 0.635 seconds
[2022-08-12 02:01:11,441] {processor.py:153} INFO - Started process (PID=490) to work on /home/airflow/.local/lib/python3.7/site-packages/airflow/example_dags/example_branch_operator.py
[2022-08-12 02:01:11,442] {processor.py:641} INFO - Processing file /home/airflow/.local/lib/python3.7/site-packages/airflow/example_dags/example_branch_operator.py for tasks to queue
[2022-08-12 02:01:11,445] {logging_mixin.py:115} INFO - [2022-08-12 02:01:11,445] {dagbag.py:507} INFO - Filling up the DagBag from /home/airflow/.local/lib/python3.7/site-packages/airflow/example_dags/example_branch_operator.py
[2022-08-12 02:01:11,492] {processor.py:651} INFO - DAG(s) dict_keys(['example_branch_operator']) retrieved from /home/airflow/.local/lib/python3.7/site-packages/airflow/example_dags/example_branch_operator.py
[2022-08-12 02:01:11,570] {logging_mixin.py:115} INFO - [2022-08-12 02:01:11,570] {dag.py:2371} INFO - Sync 1 DAGs
[2022-08-12 02:01:11,617] {logging_mixin.py:115} INFO - [2022-08-12 02:01:11,617] {dag.py:2919} INFO - Setting next_dagrun for example_branch_operator to 2022-08-11T00:00:00+00:00, run_after=2022-08-12T00:00:00+00:00
[2022-08-12 02:01:11,646] {processor.py:161} INFO - Processing /home/airflow/.local/lib/python3.7/site-packages/airflow/example_dags/example_branch_operator.py took 0.208 seconds
[2022-08-12 02:01:42,384] {processor.py:153} INFO - Started process (PID=542) to work on /home/airflow/.local/lib/python3.7/site-packages/airflow/example_dags/example_branch_operator.py
[2022-08-12 02:01:42,387] {processor.py:641} INFO - Processing file /home/airflow/.local/lib/python3.7/site-packages/airflow/example_dags/example_branch_operator.py for tasks to queue
[2022-08-12 02:01:42,393] {logging_mixin.py:115} INFO - [2022-08-12 02:01:42,392] {dagbag.py:507} INFO - Filling up the DagBag from /home/airflow/.local/lib/python3.7/site-packages/airflow/example_dags/example_branch_operator.py
[2022-08-12 02:01:42,435] {processor.py:651} INFO - DAG(s) dict_keys(['example_branch_operator']) retrieved from /home/airflow/.local/lib/python3.7/site-packages/airflow/example_dags/example_branch_operator.py
[2022-08-12 02:01:42,551] {logging_mixin.py:115} INFO - [2022-08-12 02:01:42,551] {dag.py:2371} INFO - Sync 1 DAGs
[2022-08-12 02:01:42,622] {logging_mixin.py:115} INFO - [2022-08-12 02:01:42,622] {dag.py:2919} INFO - Setting next_dagrun for example_branch_operator to 2022-08-11T00:00:00+00:00, run_after=2022-08-12T00:00:00+00:00
[2022-08-12 02:01:42,663] {processor.py:161} INFO - Processing /home/airflow/.local/lib/python3.7/site-packages/airflow/example_dags/example_branch_operator.py took 0.290 seconds
[2022-08-12 02:08:56,316] {processor.py:153} INFO - Started process (PID=590) to work on /home/airflow/.local/lib/python3.7/site-packages/airflow/example_dags/example_branch_operator.py
[2022-08-12 02:08:56,318] {processor.py:641} INFO - Processing file /home/airflow/.local/lib/python3.7/site-packages/airflow/example_dags/example_branch_operator.py for tasks to queue
[2022-08-12 02:08:56,321] {logging_mixin.py:115} INFO - [2022-08-12 02:08:56,321] {dagbag.py:507} INFO - Filling up the DagBag from /home/airflow/.local/lib/python3.7/site-packages/airflow/example_dags/example_branch_operator.py
[2022-08-12 02:08:56,390] {processor.py:651} INFO - DAG(s) dict_keys(['example_branch_operator']) retrieved from /home/airflow/.local/lib/python3.7/site-packages/airflow/example_dags/example_branch_operator.py
[2022-08-12 02:08:56,599] {logging_mixin.py:115} INFO - [2022-08-12 02:08:56,599] {dag.py:2371} INFO - Sync 1 DAGs
[2022-08-12 02:08:56,699] {logging_mixin.py:115} INFO - [2022-08-12 02:08:56,699] {dag.py:2919} INFO - Setting next_dagrun for example_branch_operator to 2022-08-11T00:00:00+00:00, run_after=2022-08-12T00:00:00+00:00
[2022-08-12 02:08:56,753] {processor.py:161} INFO - Processing /home/airflow/.local/lib/python3.7/site-packages/airflow/example_dags/example_branch_operator.py took 0.464 seconds
[2022-08-12 02:09:27,377] {processor.py:153} INFO - Started process (PID=648) to work on /home/airflow/.local/lib/python3.7/site-packages/airflow/example_dags/example_branch_operator.py
[2022-08-12 02:09:27,387] {processor.py:641} INFO - Processing file /home/airflow/.local/lib/python3.7/site-packages/airflow/example_dags/example_branch_operator.py for tasks to queue
[2022-08-12 02:09:27,405] {logging_mixin.py:115} INFO - [2022-08-12 02:09:27,404] {dagbag.py:507} INFO - Filling up the DagBag from /home/airflow/.local/lib/python3.7/site-packages/airflow/example_dags/example_branch_operator.py
[2022-08-12 02:09:27,694] {processor.py:651} INFO - DAG(s) dict_keys(['example_branch_operator']) retrieved from /home/airflow/.local/lib/python3.7/site-packages/airflow/example_dags/example_branch_operator.py
[2022-08-12 02:09:28,124] {logging_mixin.py:115} INFO - [2022-08-12 02:09:28,124] {dag.py:2371} INFO - Sync 1 DAGs
[2022-08-12 02:09:28,250] {logging_mixin.py:115} INFO - [2022-08-12 02:09:28,250] {dag.py:2919} INFO - Setting next_dagrun for example_branch_operator to 2022-08-11T00:00:00+00:00, run_after=2022-08-12T00:00:00+00:00
[2022-08-12 02:09:28,314] {processor.py:161} INFO - Processing /home/airflow/.local/lib/python3.7/site-packages/airflow/example_dags/example_branch_operator.py took 1.001 seconds
[2022-08-12 02:14:29,073] {processor.py:153} INFO - Started process (PID=688) to work on /home/airflow/.local/lib/python3.7/site-packages/airflow/example_dags/example_branch_operator.py
[2022-08-12 02:14:29,094] {processor.py:641} INFO - Processing file /home/airflow/.local/lib/python3.7/site-packages/airflow/example_dags/example_branch_operator.py for tasks to queue
[2022-08-12 02:14:29,112] {logging_mixin.py:115} INFO - [2022-08-12 02:14:29,112] {dagbag.py:507} INFO - Filling up the DagBag from /home/airflow/.local/lib/python3.7/site-packages/airflow/example_dags/example_branch_operator.py
[2022-08-12 02:14:29,246] {processor.py:651} INFO - DAG(s) dict_keys(['example_branch_operator']) retrieved from /home/airflow/.local/lib/python3.7/site-packages/airflow/example_dags/example_branch_operator.py
[2022-08-12 02:14:29,312] {logging_mixin.py:115} INFO - [2022-08-12 02:14:29,311] {dag.py:2371} INFO - Sync 1 DAGs
[2022-08-12 02:14:29,358] {logging_mixin.py:115} INFO - [2022-08-12 02:14:29,357] {dag.py:2919} INFO - Setting next_dagrun for example_branch_operator to 2022-08-11T00:00:00+00:00, run_after=2022-08-12T00:00:00+00:00
[2022-08-12 02:14:29,398] {processor.py:161} INFO - Processing /home/airflow/.local/lib/python3.7/site-packages/airflow/example_dags/example_branch_operator.py took 0.342 seconds
[2022-08-12 02:14:59,568] {processor.py:153} INFO - Started process (PID=742) to work on /home/airflow/.local/lib/python3.7/site-packages/airflow/example_dags/example_branch_operator.py
[2022-08-12 02:14:59,573] {processor.py:641} INFO - Processing file /home/airflow/.local/lib/python3.7/site-packages/airflow/example_dags/example_branch_operator.py for tasks to queue
[2022-08-12 02:14:59,587] {logging_mixin.py:115} INFO - [2022-08-12 02:14:59,582] {dagbag.py:507} INFO - Filling up the DagBag from /home/airflow/.local/lib/python3.7/site-packages/airflow/example_dags/example_branch_operator.py
[2022-08-12 02:14:59,684] {processor.py:651} INFO - DAG(s) dict_keys(['example_branch_operator']) retrieved from /home/airflow/.local/lib/python3.7/site-packages/airflow/example_dags/example_branch_operator.py
[2022-08-12 02:14:59,903] {logging_mixin.py:115} INFO - [2022-08-12 02:14:59,903] {dag.py:2371} INFO - Sync 1 DAGs
[2022-08-12 02:15:00,076] {logging_mixin.py:115} INFO - [2022-08-12 02:15:00,076] {dag.py:2919} INFO - Setting next_dagrun for example_branch_operator to 2022-08-11T00:00:00+00:00, run_after=2022-08-12T00:00:00+00:00
[2022-08-12 02:15:00,126] {processor.py:161} INFO - Processing /home/airflow/.local/lib/python3.7/site-packages/airflow/example_dags/example_branch_operator.py took 0.593 seconds
[2022-08-12 02:20:01,849] {processor.py:153} INFO - Started process (PID=787) to work on /home/airflow/.local/lib/python3.7/site-packages/airflow/example_dags/example_branch_operator.py
[2022-08-12 02:20:01,856] {processor.py:641} INFO - Processing file /home/airflow/.local/lib/python3.7/site-packages/airflow/example_dags/example_branch_operator.py for tasks to queue
[2022-08-12 02:20:01,860] {logging_mixin.py:115} INFO - [2022-08-12 02:20:01,860] {dagbag.py:507} INFO - Filling up the DagBag from /home/airflow/.local/lib/python3.7/site-packages/airflow/example_dags/example_branch_operator.py
[2022-08-12 02:20:01,929] {processor.py:651} INFO - DAG(s) dict_keys(['example_branch_operator']) retrieved from /home/airflow/.local/lib/python3.7/site-packages/airflow/example_dags/example_branch_operator.py
[2022-08-12 02:20:02,076] {logging_mixin.py:115} INFO - [2022-08-12 02:20:02,076] {dag.py:2371} INFO - Sync 1 DAGs
[2022-08-12 02:20:02,185] {logging_mixin.py:115} INFO - [2022-08-12 02:20:02,184] {dag.py:2919} INFO - Setting next_dagrun for example_branch_operator to 2022-08-11T00:00:00+00:00, run_after=2022-08-12T00:00:00+00:00
[2022-08-12 02:20:02,251] {processor.py:161} INFO - Processing /home/airflow/.local/lib/python3.7/site-packages/airflow/example_dags/example_branch_operator.py took 0.419 seconds
[2022-08-12 02:20:32,556] {processor.py:153} INFO - Started process (PID=840) to work on /home/airflow/.local/lib/python3.7/site-packages/airflow/example_dags/example_branch_operator.py
[2022-08-12 02:20:32,559] {processor.py:641} INFO - Processing file /home/airflow/.local/lib/python3.7/site-packages/airflow/example_dags/example_branch_operator.py for tasks to queue
[2022-08-12 02:20:32,561] {logging_mixin.py:115} INFO - [2022-08-12 02:20:32,561] {dagbag.py:507} INFO - Filling up the DagBag from /home/airflow/.local/lib/python3.7/site-packages/airflow/example_dags/example_branch_operator.py
[2022-08-12 02:20:32,612] {processor.py:651} INFO - DAG(s) dict_keys(['example_branch_operator']) retrieved from /home/airflow/.local/lib/python3.7/site-packages/airflow/example_dags/example_branch_operator.py
[2022-08-12 02:20:32,690] {logging_mixin.py:115} INFO - [2022-08-12 02:20:32,690] {dag.py:2371} INFO - Sync 1 DAGs
[2022-08-12 02:20:32,783] {logging_mixin.py:115} INFO - [2022-08-12 02:20:32,783] {dag.py:2919} INFO - Setting next_dagrun for example_branch_operator to 2022-08-11T00:00:00+00:00, run_after=2022-08-12T00:00:00+00:00
[2022-08-12 02:20:32,836] {processor.py:161} INFO - Processing /home/airflow/.local/lib/python3.7/site-packages/airflow/example_dags/example_branch_operator.py took 0.291 seconds
[2022-08-12 02:25:34,329] {processor.py:153} INFO - Started process (PID=894) to work on /home/airflow/.local/lib/python3.7/site-packages/airflow/example_dags/example_branch_operator.py
[2022-08-12 02:25:34,343] {processor.py:641} INFO - Processing file /home/airflow/.local/lib/python3.7/site-packages/airflow/example_dags/example_branch_operator.py for tasks to queue
[2022-08-12 02:25:34,345] {logging_mixin.py:115} INFO - [2022-08-12 02:25:34,345] {dagbag.py:507} INFO - Filling up the DagBag from /home/airflow/.local/lib/python3.7/site-packages/airflow/example_dags/example_branch_operator.py
[2022-08-12 02:25:34,386] {processor.py:651} INFO - DAG(s) dict_keys(['example_branch_operator']) retrieved from /home/airflow/.local/lib/python3.7/site-packages/airflow/example_dags/example_branch_operator.py
[2022-08-12 02:25:34,488] {logging_mixin.py:115} INFO - [2022-08-12 02:25:34,474] {dag.py:2371} INFO - Sync 1 DAGs
[2022-08-12 02:25:34,545] {logging_mixin.py:115} INFO - [2022-08-12 02:25:34,545] {dag.py:2919} INFO - Setting next_dagrun for example_branch_operator to 2022-08-11T00:00:00+00:00, run_after=2022-08-12T00:00:00+00:00
[2022-08-12 02:25:34,573] {processor.py:161} INFO - Processing /home/airflow/.local/lib/python3.7/site-packages/airflow/example_dags/example_branch_operator.py took 0.249 seconds
[2022-08-12 02:26:04,901] {processor.py:153} INFO - Started process (PID=946) to work on /home/airflow/.local/lib/python3.7/site-packages/airflow/example_dags/example_branch_operator.py
[2022-08-12 02:26:04,915] {processor.py:641} INFO - Processing file /home/airflow/.local/lib/python3.7/site-packages/airflow/example_dags/example_branch_operator.py for tasks to queue
[2022-08-12 02:26:04,921] {logging_mixin.py:115} INFO - [2022-08-12 02:26:04,921] {dagbag.py:507} INFO - Filling up the DagBag from /home/airflow/.local/lib/python3.7/site-packages/airflow/example_dags/example_branch_operator.py
[2022-08-12 02:26:04,996] {processor.py:651} INFO - DAG(s) dict_keys(['example_branch_operator']) retrieved from /home/airflow/.local/lib/python3.7/site-packages/airflow/example_dags/example_branch_operator.py
[2022-08-12 02:26:05,132] {logging_mixin.py:115} INFO - [2022-08-12 02:26:05,132] {dag.py:2371} INFO - Sync 1 DAGs
[2022-08-12 02:26:05,336] {logging_mixin.py:115} INFO - [2022-08-12 02:26:05,335] {dag.py:2919} INFO - Setting next_dagrun for example_branch_operator to 2022-08-11T00:00:00+00:00, run_after=2022-08-12T00:00:00+00:00
[2022-08-12 02:26:05,401] {processor.py:161} INFO - Processing /home/airflow/.local/lib/python3.7/site-packages/airflow/example_dags/example_branch_operator.py took 0.553 seconds
[2022-08-12 02:31:06,894] {processor.py:153} INFO - Started process (PID=991) to work on /home/airflow/.local/lib/python3.7/site-packages/airflow/example_dags/example_branch_operator.py
[2022-08-12 02:31:06,907] {processor.py:641} INFO - Processing file /home/airflow/.local/lib/python3.7/site-packages/airflow/example_dags/example_branch_operator.py for tasks to queue
[2022-08-12 02:31:06,918] {logging_mixin.py:115} INFO - [2022-08-12 02:31:06,918] {dagbag.py:507} INFO - Filling up the DagBag from /home/airflow/.local/lib/python3.7/site-packages/airflow/example_dags/example_branch_operator.py
[2022-08-12 02:31:07,038] {processor.py:651} INFO - DAG(s) dict_keys(['example_branch_operator']) retrieved from /home/airflow/.local/lib/python3.7/site-packages/airflow/example_dags/example_branch_operator.py
[2022-08-12 02:31:07,234] {logging_mixin.py:115} INFO - [2022-08-12 02:31:07,233] {dag.py:2371} INFO - Sync 1 DAGs
[2022-08-12 02:31:07,320] {logging_mixin.py:115} INFO - [2022-08-12 02:31:07,320] {dag.py:2919} INFO - Setting next_dagrun for example_branch_operator to 2022-08-11T00:00:00+00:00, run_after=2022-08-12T00:00:00+00:00
[2022-08-12 02:31:07,350] {processor.py:161} INFO - Processing /home/airflow/.local/lib/python3.7/site-packages/airflow/example_dags/example_branch_operator.py took 0.494 seconds
[2022-08-12 02:31:38,011] {processor.py:153} INFO - Started process (PID=1048) to work on /home/airflow/.local/lib/python3.7/site-packages/airflow/example_dags/example_branch_operator.py
[2022-08-12 02:31:38,014] {processor.py:641} INFO - Processing file /home/airflow/.local/lib/python3.7/site-packages/airflow/example_dags/example_branch_operator.py for tasks to queue
[2022-08-12 02:31:38,018] {logging_mixin.py:115} INFO - [2022-08-12 02:31:38,018] {dagbag.py:507} INFO - Filling up the DagBag from /home/airflow/.local/lib/python3.7/site-packages/airflow/example_dags/example_branch_operator.py
[2022-08-12 02:31:38,126] {processor.py:651} INFO - DAG(s) dict_keys(['example_branch_operator']) retrieved from /home/airflow/.local/lib/python3.7/site-packages/airflow/example_dags/example_branch_operator.py
[2022-08-12 02:31:38,256] {logging_mixin.py:115} INFO - [2022-08-12 02:31:38,256] {dag.py:2371} INFO - Sync 1 DAGs
[2022-08-12 02:31:38,383] {logging_mixin.py:115} INFO - [2022-08-12 02:31:38,383] {dag.py:2919} INFO - Setting next_dagrun for example_branch_operator to 2022-08-11T00:00:00+00:00, run_after=2022-08-12T00:00:00+00:00
[2022-08-12 02:31:38,464] {processor.py:161} INFO - Processing /home/airflow/.local/lib/python3.7/site-packages/airflow/example_dags/example_branch_operator.py took 0.511 seconds
[2022-08-12 02:36:39,506] {processor.py:153} INFO - Started process (PID=1094) to work on /home/airflow/.local/lib/python3.7/site-packages/airflow/example_dags/example_branch_operator.py
[2022-08-12 02:36:39,508] {processor.py:641} INFO - Processing file /home/airflow/.local/lib/python3.7/site-packages/airflow/example_dags/example_branch_operator.py for tasks to queue
[2022-08-12 02:36:39,514] {logging_mixin.py:115} INFO - [2022-08-12 02:36:39,514] {dagbag.py:507} INFO - Filling up the DagBag from /home/airflow/.local/lib/python3.7/site-packages/airflow/example_dags/example_branch_operator.py
[2022-08-12 02:36:39,556] {processor.py:651} INFO - DAG(s) dict_keys(['example_branch_operator']) retrieved from /home/airflow/.local/lib/python3.7/site-packages/airflow/example_dags/example_branch_operator.py
[2022-08-12 02:36:39,674] {logging_mixin.py:115} INFO - [2022-08-12 02:36:39,671] {dag.py:2371} INFO - Sync 1 DAGs
[2022-08-12 02:36:39,742] {logging_mixin.py:115} INFO - [2022-08-12 02:36:39,742] {dag.py:2919} INFO - Setting next_dagrun for example_branch_operator to 2022-08-11T00:00:00+00:00, run_after=2022-08-12T00:00:00+00:00
[2022-08-12 02:36:39,791] {processor.py:161} INFO - Processing /home/airflow/.local/lib/python3.7/site-packages/airflow/example_dags/example_branch_operator.py took 0.291 seconds
[2022-08-12 02:37:10,642] {processor.py:153} INFO - Started process (PID=1146) to work on /home/airflow/.local/lib/python3.7/site-packages/airflow/example_dags/example_branch_operator.py
[2022-08-12 02:37:10,650] {processor.py:641} INFO - Processing file /home/airflow/.local/lib/python3.7/site-packages/airflow/example_dags/example_branch_operator.py for tasks to queue
[2022-08-12 02:37:10,659] {logging_mixin.py:115} INFO - [2022-08-12 02:37:10,658] {dagbag.py:507} INFO - Filling up the DagBag from /home/airflow/.local/lib/python3.7/site-packages/airflow/example_dags/example_branch_operator.py
[2022-08-12 02:37:10,708] {processor.py:651} INFO - DAG(s) dict_keys(['example_branch_operator']) retrieved from /home/airflow/.local/lib/python3.7/site-packages/airflow/example_dags/example_branch_operator.py
[2022-08-12 02:37:10,809] {logging_mixin.py:115} INFO - [2022-08-12 02:37:10,809] {dag.py:2371} INFO - Sync 1 DAGs
[2022-08-12 02:37:10,882] {logging_mixin.py:115} INFO - [2022-08-12 02:37:10,882] {dag.py:2919} INFO - Setting next_dagrun for example_branch_operator to 2022-08-11T00:00:00+00:00, run_after=2022-08-12T00:00:00+00:00
[2022-08-12 02:37:10,915] {processor.py:161} INFO - Processing /home/airflow/.local/lib/python3.7/site-packages/airflow/example_dags/example_branch_operator.py took 0.304 seconds
[2022-08-12 02:37:41,230] {processor.py:153} INFO - Started process (PID=1198) to work on /home/airflow/.local/lib/python3.7/site-packages/airflow/example_dags/example_branch_operator.py
[2022-08-12 02:37:41,245] {processor.py:641} INFO - Processing file /home/airflow/.local/lib/python3.7/site-packages/airflow/example_dags/example_branch_operator.py for tasks to queue
[2022-08-12 02:37:41,261] {logging_mixin.py:115} INFO - [2022-08-12 02:37:41,260] {dagbag.py:507} INFO - Filling up the DagBag from /home/airflow/.local/lib/python3.7/site-packages/airflow/example_dags/example_branch_operator.py
[2022-08-12 02:37:41,322] {processor.py:651} INFO - DAG(s) dict_keys(['example_branch_operator']) retrieved from /home/airflow/.local/lib/python3.7/site-packages/airflow/example_dags/example_branch_operator.py
[2022-08-12 02:37:41,498] {logging_mixin.py:115} INFO - [2022-08-12 02:37:41,498] {dag.py:2371} INFO - Sync 1 DAGs
[2022-08-12 02:37:41,598] {logging_mixin.py:115} INFO - [2022-08-12 02:37:41,597] {dag.py:2919} INFO - Setting next_dagrun for example_branch_operator to 2022-08-11T00:00:00+00:00, run_after=2022-08-12T00:00:00+00:00
[2022-08-12 02:37:41,653] {processor.py:161} INFO - Processing /home/airflow/.local/lib/python3.7/site-packages/airflow/example_dags/example_branch_operator.py took 0.450 seconds
[2022-08-12 02:53:16,492] {processor.py:153} INFO - Started process (PID=1217) to work on /home/airflow/.local/lib/python3.7/site-packages/airflow/example_dags/example_branch_operator.py
[2022-08-12 02:53:16,500] {processor.py:641} INFO - Processing file /home/airflow/.local/lib/python3.7/site-packages/airflow/example_dags/example_branch_operator.py for tasks to queue
[2022-08-12 02:53:16,505] {logging_mixin.py:115} INFO - [2022-08-12 02:53:16,504] {dagbag.py:507} INFO - Filling up the DagBag from /home/airflow/.local/lib/python3.7/site-packages/airflow/example_dags/example_branch_operator.py
[2022-08-12 02:53:16,602] {processor.py:651} INFO - DAG(s) dict_keys(['example_branch_operator']) retrieved from /home/airflow/.local/lib/python3.7/site-packages/airflow/example_dags/example_branch_operator.py
[2022-08-12 02:53:16,686] {logging_mixin.py:115} INFO - [2022-08-12 02:53:16,686] {dag.py:2371} INFO - Sync 1 DAGs
[2022-08-12 02:53:16,767] {logging_mixin.py:115} INFO - [2022-08-12 02:53:16,767] {dag.py:2919} INFO - Setting next_dagrun for example_branch_operator to 2022-08-11T00:00:00+00:00, run_after=2022-08-12T00:00:00+00:00
[2022-08-12 02:53:16,901] {processor.py:161} INFO - Processing /home/airflow/.local/lib/python3.7/site-packages/airflow/example_dags/example_branch_operator.py took 0.426 seconds
[2022-08-12 02:53:47,675] {processor.py:153} INFO - Started process (PID=1262) to work on /home/airflow/.local/lib/python3.7/site-packages/airflow/example_dags/example_branch_operator.py
[2022-08-12 02:53:47,681] {processor.py:641} INFO - Processing file /home/airflow/.local/lib/python3.7/site-packages/airflow/example_dags/example_branch_operator.py for tasks to queue
[2022-08-12 02:53:47,689] {logging_mixin.py:115} INFO - [2022-08-12 02:53:47,688] {dagbag.py:507} INFO - Filling up the DagBag from /home/airflow/.local/lib/python3.7/site-packages/airflow/example_dags/example_branch_operator.py
[2022-08-12 02:53:47,755] {processor.py:651} INFO - DAG(s) dict_keys(['example_branch_operator']) retrieved from /home/airflow/.local/lib/python3.7/site-packages/airflow/example_dags/example_branch_operator.py
[2022-08-12 02:53:47,894] {logging_mixin.py:115} INFO - [2022-08-12 02:53:47,893] {dag.py:2371} INFO - Sync 1 DAGs
[2022-08-12 02:53:48,017] {logging_mixin.py:115} INFO - [2022-08-12 02:53:48,017] {dag.py:2919} INFO - Setting next_dagrun for example_branch_operator to 2022-08-11T00:00:00+00:00, run_after=2022-08-12T00:00:00+00:00
[2022-08-12 02:53:48,087] {processor.py:161} INFO - Processing /home/airflow/.local/lib/python3.7/site-packages/airflow/example_dags/example_branch_operator.py took 0.429 seconds
[2022-08-12 02:54:18,294] {processor.py:153} INFO - Started process (PID=1314) to work on /home/airflow/.local/lib/python3.7/site-packages/airflow/example_dags/example_branch_operator.py
[2022-08-12 02:54:18,298] {processor.py:641} INFO - Processing file /home/airflow/.local/lib/python3.7/site-packages/airflow/example_dags/example_branch_operator.py for tasks to queue
[2022-08-12 02:54:18,306] {logging_mixin.py:115} INFO - [2022-08-12 02:54:18,306] {dagbag.py:507} INFO - Filling up the DagBag from /home/airflow/.local/lib/python3.7/site-packages/airflow/example_dags/example_branch_operator.py
[2022-08-12 02:54:18,400] {processor.py:651} INFO - DAG(s) dict_keys(['example_branch_operator']) retrieved from /home/airflow/.local/lib/python3.7/site-packages/airflow/example_dags/example_branch_operator.py
[2022-08-12 02:54:18,602] {logging_mixin.py:115} INFO - [2022-08-12 02:54:18,602] {dag.py:2371} INFO - Sync 1 DAGs
[2022-08-12 02:54:18,710] {logging_mixin.py:115} INFO - [2022-08-12 02:54:18,709] {dag.py:2919} INFO - Setting next_dagrun for example_branch_operator to 2022-08-11T00:00:00+00:00, run_after=2022-08-12T00:00:00+00:00
[2022-08-12 02:54:18,754] {processor.py:161} INFO - Processing /home/airflow/.local/lib/python3.7/site-packages/airflow/example_dags/example_branch_operator.py took 0.501 seconds
[2022-08-12 02:54:49,346] {processor.py:153} INFO - Started process (PID=1367) to work on /home/airflow/.local/lib/python3.7/site-packages/airflow/example_dags/example_branch_operator.py
[2022-08-12 02:54:49,354] {processor.py:641} INFO - Processing file /home/airflow/.local/lib/python3.7/site-packages/airflow/example_dags/example_branch_operator.py for tasks to queue
[2022-08-12 02:54:49,359] {logging_mixin.py:115} INFO - [2022-08-12 02:54:49,359] {dagbag.py:507} INFO - Filling up the DagBag from /home/airflow/.local/lib/python3.7/site-packages/airflow/example_dags/example_branch_operator.py
[2022-08-12 02:54:49,439] {processor.py:651} INFO - DAG(s) dict_keys(['example_branch_operator']) retrieved from /home/airflow/.local/lib/python3.7/site-packages/airflow/example_dags/example_branch_operator.py
[2022-08-12 02:54:49,641] {logging_mixin.py:115} INFO - [2022-08-12 02:54:49,641] {dag.py:2371} INFO - Sync 1 DAGs
[2022-08-12 02:54:49,742] {logging_mixin.py:115} INFO - [2022-08-12 02:54:49,741] {dag.py:2919} INFO - Setting next_dagrun for example_branch_operator to 2022-08-11T00:00:00+00:00, run_after=2022-08-12T00:00:00+00:00
[2022-08-12 02:54:49,793] {processor.py:161} INFO - Processing /home/airflow/.local/lib/python3.7/site-packages/airflow/example_dags/example_branch_operator.py took 0.482 seconds
[2022-08-12 02:55:20,568] {processor.py:153} INFO - Started process (PID=1419) to work on /home/airflow/.local/lib/python3.7/site-packages/airflow/example_dags/example_branch_operator.py
[2022-08-12 02:55:20,572] {processor.py:641} INFO - Processing file /home/airflow/.local/lib/python3.7/site-packages/airflow/example_dags/example_branch_operator.py for tasks to queue
[2022-08-12 02:55:20,578] {logging_mixin.py:115} INFO - [2022-08-12 02:55:20,578] {dagbag.py:507} INFO - Filling up the DagBag from /home/airflow/.local/lib/python3.7/site-packages/airflow/example_dags/example_branch_operator.py
[2022-08-12 02:55:20,740] {processor.py:651} INFO - DAG(s) dict_keys(['example_branch_operator']) retrieved from /home/airflow/.local/lib/python3.7/site-packages/airflow/example_dags/example_branch_operator.py
[2022-08-12 02:55:20,915] {logging_mixin.py:115} INFO - [2022-08-12 02:55:20,915] {dag.py:2371} INFO - Sync 1 DAGs
[2022-08-12 02:55:21,118] {logging_mixin.py:115} INFO - [2022-08-12 02:55:21,117] {dag.py:2919} INFO - Setting next_dagrun for example_branch_operator to 2022-08-11T00:00:00+00:00, run_after=2022-08-12T00:00:00+00:00
[2022-08-12 02:55:21,206] {processor.py:161} INFO - Processing /home/airflow/.local/lib/python3.7/site-packages/airflow/example_dags/example_branch_operator.py took 0.677 seconds
[2022-08-12 02:55:51,483] {processor.py:153} INFO - Started process (PID=1471) to work on /home/airflow/.local/lib/python3.7/site-packages/airflow/example_dags/example_branch_operator.py
[2022-08-12 02:55:51,496] {processor.py:641} INFO - Processing file /home/airflow/.local/lib/python3.7/site-packages/airflow/example_dags/example_branch_operator.py for tasks to queue
[2022-08-12 02:55:51,505] {logging_mixin.py:115} INFO - [2022-08-12 02:55:51,504] {dagbag.py:507} INFO - Filling up the DagBag from /home/airflow/.local/lib/python3.7/site-packages/airflow/example_dags/example_branch_operator.py
[2022-08-12 02:55:51,565] {processor.py:651} INFO - DAG(s) dict_keys(['example_branch_operator']) retrieved from /home/airflow/.local/lib/python3.7/site-packages/airflow/example_dags/example_branch_operator.py
[2022-08-12 02:55:51,688] {logging_mixin.py:115} INFO - [2022-08-12 02:55:51,688] {dag.py:2371} INFO - Sync 1 DAGs
[2022-08-12 02:55:51,736] {logging_mixin.py:115} INFO - [2022-08-12 02:55:51,736] {dag.py:2919} INFO - Setting next_dagrun for example_branch_operator to 2022-08-11T00:00:00+00:00, run_after=2022-08-12T00:00:00+00:00
[2022-08-12 02:55:51,762] {processor.py:161} INFO - Processing /home/airflow/.local/lib/python3.7/site-packages/airflow/example_dags/example_branch_operator.py took 0.292 seconds
[2022-08-12 02:56:22,635] {processor.py:153} INFO - Started process (PID=1524) to work on /home/airflow/.local/lib/python3.7/site-packages/airflow/example_dags/example_branch_operator.py
[2022-08-12 02:56:22,639] {processor.py:641} INFO - Processing file /home/airflow/.local/lib/python3.7/site-packages/airflow/example_dags/example_branch_operator.py for tasks to queue
[2022-08-12 02:56:22,640] {logging_mixin.py:115} INFO - [2022-08-12 02:56:22,640] {dagbag.py:507} INFO - Filling up the DagBag from /home/airflow/.local/lib/python3.7/site-packages/airflow/example_dags/example_branch_operator.py
[2022-08-12 02:56:22,672] {processor.py:651} INFO - DAG(s) dict_keys(['example_branch_operator']) retrieved from /home/airflow/.local/lib/python3.7/site-packages/airflow/example_dags/example_branch_operator.py
[2022-08-12 02:56:22,743] {logging_mixin.py:115} INFO - [2022-08-12 02:56:22,743] {dag.py:2371} INFO - Sync 1 DAGs
[2022-08-12 02:56:22,805] {logging_mixin.py:115} INFO - [2022-08-12 02:56:22,804] {dag.py:2919} INFO - Setting next_dagrun for example_branch_operator to 2022-08-11T00:00:00+00:00, run_after=2022-08-12T00:00:00+00:00
[2022-08-12 02:56:22,833] {processor.py:161} INFO - Processing /home/airflow/.local/lib/python3.7/site-packages/airflow/example_dags/example_branch_operator.py took 0.208 seconds
[2022-08-12 02:56:53,017] {processor.py:153} INFO - Started process (PID=1583) to work on /home/airflow/.local/lib/python3.7/site-packages/airflow/example_dags/example_branch_operator.py
[2022-08-12 02:56:53,019] {processor.py:641} INFO - Processing file /home/airflow/.local/lib/python3.7/site-packages/airflow/example_dags/example_branch_operator.py for tasks to queue
[2022-08-12 02:56:53,021] {logging_mixin.py:115} INFO - [2022-08-12 02:56:53,020] {dagbag.py:507} INFO - Filling up the DagBag from /home/airflow/.local/lib/python3.7/site-packages/airflow/example_dags/example_branch_operator.py
[2022-08-12 02:56:53,045] {processor.py:651} INFO - DAG(s) dict_keys(['example_branch_operator']) retrieved from /home/airflow/.local/lib/python3.7/site-packages/airflow/example_dags/example_branch_operator.py
[2022-08-12 02:56:53,091] {logging_mixin.py:115} INFO - [2022-08-12 02:56:53,091] {dag.py:2371} INFO - Sync 1 DAGs
[2022-08-12 02:56:53,135] {logging_mixin.py:115} INFO - [2022-08-12 02:56:53,134] {dag.py:2919} INFO - Setting next_dagrun for example_branch_operator to 2022-08-11T00:00:00+00:00, run_after=2022-08-12T00:00:00+00:00
[2022-08-12 02:56:53,152] {processor.py:161} INFO - Processing /home/airflow/.local/lib/python3.7/site-packages/airflow/example_dags/example_branch_operator.py took 0.140 seconds
[2022-08-12 02:57:23,313] {processor.py:153} INFO - Started process (PID=1637) to work on /home/airflow/.local/lib/python3.7/site-packages/airflow/example_dags/example_branch_operator.py
[2022-08-12 02:57:23,314] {processor.py:641} INFO - Processing file /home/airflow/.local/lib/python3.7/site-packages/airflow/example_dags/example_branch_operator.py for tasks to queue
[2022-08-12 02:57:23,316] {logging_mixin.py:115} INFO - [2022-08-12 02:57:23,316] {dagbag.py:507} INFO - Filling up the DagBag from /home/airflow/.local/lib/python3.7/site-packages/airflow/example_dags/example_branch_operator.py
[2022-08-12 02:57:23,338] {processor.py:651} INFO - DAG(s) dict_keys(['example_branch_operator']) retrieved from /home/airflow/.local/lib/python3.7/site-packages/airflow/example_dags/example_branch_operator.py
[2022-08-12 02:57:23,381] {logging_mixin.py:115} INFO - [2022-08-12 02:57:23,381] {dag.py:2371} INFO - Sync 1 DAGs
[2022-08-12 02:57:23,411] {logging_mixin.py:115} INFO - [2022-08-12 02:57:23,411] {dag.py:2919} INFO - Setting next_dagrun for example_branch_operator to 2022-08-11T00:00:00+00:00, run_after=2022-08-12T00:00:00+00:00
[2022-08-12 02:57:23,428] {processor.py:161} INFO - Processing /home/airflow/.local/lib/python3.7/site-packages/airflow/example_dags/example_branch_operator.py took 0.120 seconds
[2022-08-12 02:57:54,106] {processor.py:153} INFO - Started process (PID=1698) to work on /home/airflow/.local/lib/python3.7/site-packages/airflow/example_dags/example_branch_operator.py
[2022-08-12 02:57:54,108] {processor.py:641} INFO - Processing file /home/airflow/.local/lib/python3.7/site-packages/airflow/example_dags/example_branch_operator.py for tasks to queue
[2022-08-12 02:57:54,109] {logging_mixin.py:115} INFO - [2022-08-12 02:57:54,109] {dagbag.py:507} INFO - Filling up the DagBag from /home/airflow/.local/lib/python3.7/site-packages/airflow/example_dags/example_branch_operator.py
[2022-08-12 02:57:54,130] {processor.py:651} INFO - DAG(s) dict_keys(['example_branch_operator']) retrieved from /home/airflow/.local/lib/python3.7/site-packages/airflow/example_dags/example_branch_operator.py
[2022-08-12 02:57:54,168] {logging_mixin.py:115} INFO - [2022-08-12 02:57:54,168] {dag.py:2371} INFO - Sync 1 DAGs
[2022-08-12 02:57:54,199] {logging_mixin.py:115} INFO - [2022-08-12 02:57:54,199] {dag.py:2919} INFO - Setting next_dagrun for example_branch_operator to 2022-08-11T00:00:00+00:00, run_after=2022-08-12T00:00:00+00:00
[2022-08-12 02:57:54,216] {processor.py:161} INFO - Processing /home/airflow/.local/lib/python3.7/site-packages/airflow/example_dags/example_branch_operator.py took 0.115 seconds
[2022-08-12 02:58:24,791] {processor.py:153} INFO - Started process (PID=1750) to work on /home/airflow/.local/lib/python3.7/site-packages/airflow/example_dags/example_branch_operator.py
[2022-08-12 02:58:24,793] {processor.py:641} INFO - Processing file /home/airflow/.local/lib/python3.7/site-packages/airflow/example_dags/example_branch_operator.py for tasks to queue
[2022-08-12 02:58:24,795] {logging_mixin.py:115} INFO - [2022-08-12 02:58:24,794] {dagbag.py:507} INFO - Filling up the DagBag from /home/airflow/.local/lib/python3.7/site-packages/airflow/example_dags/example_branch_operator.py
[2022-08-12 02:58:24,810] {processor.py:651} INFO - DAG(s) dict_keys(['example_branch_operator']) retrieved from /home/airflow/.local/lib/python3.7/site-packages/airflow/example_dags/example_branch_operator.py
[2022-08-12 02:58:24,850] {logging_mixin.py:115} INFO - [2022-08-12 02:58:24,850] {dag.py:2371} INFO - Sync 1 DAGs
[2022-08-12 02:58:24,879] {logging_mixin.py:115} INFO - [2022-08-12 02:58:24,879] {dag.py:2919} INFO - Setting next_dagrun for example_branch_operator to 2022-08-11T00:00:00+00:00, run_after=2022-08-12T00:00:00+00:00
[2022-08-12 02:58:24,899] {processor.py:161} INFO - Processing /home/airflow/.local/lib/python3.7/site-packages/airflow/example_dags/example_branch_operator.py took 0.112 seconds
[2022-08-12 02:58:55,260] {processor.py:153} INFO - Started process (PID=1811) to work on /home/airflow/.local/lib/python3.7/site-packages/airflow/example_dags/example_branch_operator.py
[2022-08-12 02:58:55,262] {processor.py:641} INFO - Processing file /home/airflow/.local/lib/python3.7/site-packages/airflow/example_dags/example_branch_operator.py for tasks to queue
[2022-08-12 02:58:55,263] {logging_mixin.py:115} INFO - [2022-08-12 02:58:55,263] {dagbag.py:507} INFO - Filling up the DagBag from /home/airflow/.local/lib/python3.7/site-packages/airflow/example_dags/example_branch_operator.py
[2022-08-12 02:58:55,278] {processor.py:651} INFO - DAG(s) dict_keys(['example_branch_operator']) retrieved from /home/airflow/.local/lib/python3.7/site-packages/airflow/example_dags/example_branch_operator.py
[2022-08-12 02:58:55,313] {logging_mixin.py:115} INFO - [2022-08-12 02:58:55,313] {dag.py:2371} INFO - Sync 1 DAGs
[2022-08-12 02:58:55,337] {logging_mixin.py:115} INFO - [2022-08-12 02:58:55,337] {dag.py:2919} INFO - Setting next_dagrun for example_branch_operator to 2022-08-11T00:00:00+00:00, run_after=2022-08-12T00:00:00+00:00
[2022-08-12 02:58:55,352] {processor.py:161} INFO - Processing /home/airflow/.local/lib/python3.7/site-packages/airflow/example_dags/example_branch_operator.py took 0.100 seconds
[2022-08-12 02:59:25,493] {processor.py:153} INFO - Started process (PID=1863) to work on /home/airflow/.local/lib/python3.7/site-packages/airflow/example_dags/example_branch_operator.py
[2022-08-12 02:59:25,494] {processor.py:641} INFO - Processing file /home/airflow/.local/lib/python3.7/site-packages/airflow/example_dags/example_branch_operator.py for tasks to queue
[2022-08-12 02:59:25,496] {logging_mixin.py:115} INFO - [2022-08-12 02:59:25,496] {dagbag.py:507} INFO - Filling up the DagBag from /home/airflow/.local/lib/python3.7/site-packages/airflow/example_dags/example_branch_operator.py
[2022-08-12 02:59:25,510] {processor.py:651} INFO - DAG(s) dict_keys(['example_branch_operator']) retrieved from /home/airflow/.local/lib/python3.7/site-packages/airflow/example_dags/example_branch_operator.py
[2022-08-12 02:59:25,542] {logging_mixin.py:115} INFO - [2022-08-12 02:59:25,542] {dag.py:2371} INFO - Sync 1 DAGs
[2022-08-12 02:59:25,565] {logging_mixin.py:115} INFO - [2022-08-12 02:59:25,565] {dag.py:2919} INFO - Setting next_dagrun for example_branch_operator to 2022-08-11T00:00:00+00:00, run_after=2022-08-12T00:00:00+00:00
[2022-08-12 02:59:25,580] {processor.py:161} INFO - Processing /home/airflow/.local/lib/python3.7/site-packages/airflow/example_dags/example_branch_operator.py took 0.091 seconds
[2022-08-12 02:59:55,653] {processor.py:153} INFO - Started process (PID=1924) to work on /home/airflow/.local/lib/python3.7/site-packages/airflow/example_dags/example_branch_operator.py
[2022-08-12 02:59:55,655] {processor.py:641} INFO - Processing file /home/airflow/.local/lib/python3.7/site-packages/airflow/example_dags/example_branch_operator.py for tasks to queue
[2022-08-12 02:59:55,657] {logging_mixin.py:115} INFO - [2022-08-12 02:59:55,657] {dagbag.py:507} INFO - Filling up the DagBag from /home/airflow/.local/lib/python3.7/site-packages/airflow/example_dags/example_branch_operator.py
[2022-08-12 02:59:55,677] {processor.py:651} INFO - DAG(s) dict_keys(['example_branch_operator']) retrieved from /home/airflow/.local/lib/python3.7/site-packages/airflow/example_dags/example_branch_operator.py
[2022-08-12 02:59:55,717] {logging_mixin.py:115} INFO - [2022-08-12 02:59:55,717] {dag.py:2371} INFO - Sync 1 DAGs
[2022-08-12 02:59:55,753] {logging_mixin.py:115} INFO - [2022-08-12 02:59:55,753] {dag.py:2919} INFO - Setting next_dagrun for example_branch_operator to 2022-08-11T00:00:00+00:00, run_after=2022-08-12T00:00:00+00:00
[2022-08-12 02:59:55,773] {processor.py:161} INFO - Processing /home/airflow/.local/lib/python3.7/site-packages/airflow/example_dags/example_branch_operator.py took 0.127 seconds
[2022-08-12 03:00:26,262] {processor.py:153} INFO - Started process (PID=1985) to work on /home/airflow/.local/lib/python3.7/site-packages/airflow/example_dags/example_branch_operator.py
[2022-08-12 03:00:26,266] {processor.py:641} INFO - Processing file /home/airflow/.local/lib/python3.7/site-packages/airflow/example_dags/example_branch_operator.py for tasks to queue
[2022-08-12 03:00:26,268] {logging_mixin.py:115} INFO - [2022-08-12 03:00:26,268] {dagbag.py:507} INFO - Filling up the DagBag from /home/airflow/.local/lib/python3.7/site-packages/airflow/example_dags/example_branch_operator.py
[2022-08-12 03:00:26,292] {processor.py:651} INFO - DAG(s) dict_keys(['example_branch_operator']) retrieved from /home/airflow/.local/lib/python3.7/site-packages/airflow/example_dags/example_branch_operator.py
[2022-08-12 03:00:26,341] {logging_mixin.py:115} INFO - [2022-08-12 03:00:26,341] {dag.py:2371} INFO - Sync 1 DAGs
[2022-08-12 03:00:26,382] {logging_mixin.py:115} INFO - [2022-08-12 03:00:26,381] {dag.py:2919} INFO - Setting next_dagrun for example_branch_operator to 2022-08-11T00:00:00+00:00, run_after=2022-08-12T00:00:00+00:00
[2022-08-12 03:00:26,404] {processor.py:161} INFO - Processing /home/airflow/.local/lib/python3.7/site-packages/airflow/example_dags/example_branch_operator.py took 0.148 seconds
[2022-08-12 03:05:32,319] {processor.py:153} INFO - Started process (PID=2032) to work on /home/airflow/.local/lib/python3.7/site-packages/airflow/example_dags/example_branch_operator.py
[2022-08-12 03:05:32,328] {processor.py:641} INFO - Processing file /home/airflow/.local/lib/python3.7/site-packages/airflow/example_dags/example_branch_operator.py for tasks to queue
[2022-08-12 03:05:32,333] {logging_mixin.py:115} INFO - [2022-08-12 03:05:32,333] {dagbag.py:507} INFO - Filling up the DagBag from /home/airflow/.local/lib/python3.7/site-packages/airflow/example_dags/example_branch_operator.py
[2022-08-12 03:05:32,378] {processor.py:651} INFO - DAG(s) dict_keys(['example_branch_operator']) retrieved from /home/airflow/.local/lib/python3.7/site-packages/airflow/example_dags/example_branch_operator.py
[2022-08-12 03:05:32,474] {logging_mixin.py:115} INFO - [2022-08-12 03:05:32,473] {dag.py:2371} INFO - Sync 1 DAGs
[2022-08-12 03:05:32,520] {logging_mixin.py:115} INFO - [2022-08-12 03:05:32,520] {dag.py:2919} INFO - Setting next_dagrun for example_branch_operator to 2022-08-11T00:00:00+00:00, run_after=2022-08-12T00:00:00+00:00
[2022-08-12 03:05:32,552] {processor.py:161} INFO - Processing /home/airflow/.local/lib/python3.7/site-packages/airflow/example_dags/example_branch_operator.py took 0.288 seconds
[2022-08-12 03:06:03,346] {processor.py:153} INFO - Started process (PID=2087) to work on /home/airflow/.local/lib/python3.7/site-packages/airflow/example_dags/example_branch_operator.py
[2022-08-12 03:06:03,376] {processor.py:641} INFO - Processing file /home/airflow/.local/lib/python3.7/site-packages/airflow/example_dags/example_branch_operator.py for tasks to queue
[2022-08-12 03:06:03,412] {logging_mixin.py:115} INFO - [2022-08-12 03:06:03,411] {dagbag.py:507} INFO - Filling up the DagBag from /home/airflow/.local/lib/python3.7/site-packages/airflow/example_dags/example_branch_operator.py
[2022-08-12 03:06:03,450] {processor.py:651} INFO - DAG(s) dict_keys(['example_branch_operator']) retrieved from /home/airflow/.local/lib/python3.7/site-packages/airflow/example_dags/example_branch_operator.py
[2022-08-12 03:06:03,532] {logging_mixin.py:115} INFO - [2022-08-12 03:06:03,532] {dag.py:2371} INFO - Sync 1 DAGs
[2022-08-12 03:06:03,584] {logging_mixin.py:115} INFO - [2022-08-12 03:06:03,584] {dag.py:2919} INFO - Setting next_dagrun for example_branch_operator to 2022-08-11T00:00:00+00:00, run_after=2022-08-12T00:00:00+00:00
[2022-08-12 03:06:03,613] {processor.py:161} INFO - Processing /home/airflow/.local/lib/python3.7/site-packages/airflow/example_dags/example_branch_operator.py took 0.289 seconds
[2022-08-12 03:11:05,318] {processor.py:153} INFO - Started process (PID=2140) to work on /home/airflow/.local/lib/python3.7/site-packages/airflow/example_dags/example_branch_operator.py
[2022-08-12 03:11:05,319] {processor.py:641} INFO - Processing file /home/airflow/.local/lib/python3.7/site-packages/airflow/example_dags/example_branch_operator.py for tasks to queue
[2022-08-12 03:11:05,321] {logging_mixin.py:115} INFO - [2022-08-12 03:11:05,321] {dagbag.py:507} INFO - Filling up the DagBag from /home/airflow/.local/lib/python3.7/site-packages/airflow/example_dags/example_branch_operator.py
[2022-08-12 03:11:05,337] {processor.py:651} INFO - DAG(s) dict_keys(['example_branch_operator']) retrieved from /home/airflow/.local/lib/python3.7/site-packages/airflow/example_dags/example_branch_operator.py
[2022-08-12 03:11:05,377] {logging_mixin.py:115} INFO - [2022-08-12 03:11:05,376] {dag.py:2371} INFO - Sync 1 DAGs
[2022-08-12 03:11:05,403] {logging_mixin.py:115} INFO - [2022-08-12 03:11:05,403] {dag.py:2919} INFO - Setting next_dagrun for example_branch_operator to 2022-08-11T00:00:00+00:00, run_after=2022-08-12T00:00:00+00:00
[2022-08-12 03:11:05,420] {processor.py:161} INFO - Processing /home/airflow/.local/lib/python3.7/site-packages/airflow/example_dags/example_branch_operator.py took 0.105 seconds
[2022-08-12 03:11:35,992] {processor.py:153} INFO - Started process (PID=2192) to work on /home/airflow/.local/lib/python3.7/site-packages/airflow/example_dags/example_branch_operator.py
[2022-08-12 03:11:35,994] {processor.py:641} INFO - Processing file /home/airflow/.local/lib/python3.7/site-packages/airflow/example_dags/example_branch_operator.py for tasks to queue
[2022-08-12 03:11:35,997] {logging_mixin.py:115} INFO - [2022-08-12 03:11:35,997] {dagbag.py:507} INFO - Filling up the DagBag from /home/airflow/.local/lib/python3.7/site-packages/airflow/example_dags/example_branch_operator.py
[2022-08-12 03:11:36,027] {processor.py:651} INFO - DAG(s) dict_keys(['example_branch_operator']) retrieved from /home/airflow/.local/lib/python3.7/site-packages/airflow/example_dags/example_branch_operator.py
[2022-08-12 03:11:36,097] {logging_mixin.py:115} INFO - [2022-08-12 03:11:36,096] {dag.py:2371} INFO - Sync 1 DAGs
[2022-08-12 03:11:36,148] {logging_mixin.py:115} INFO - [2022-08-12 03:11:36,148] {dag.py:2919} INFO - Setting next_dagrun for example_branch_operator to 2022-08-11T00:00:00+00:00, run_after=2022-08-12T00:00:00+00:00
[2022-08-12 03:11:36,176] {processor.py:161} INFO - Processing /home/airflow/.local/lib/python3.7/site-packages/airflow/example_dags/example_branch_operator.py took 0.192 seconds
[2022-08-12 03:16:37,284] {processor.py:153} INFO - Started process (PID=2235) to work on /home/airflow/.local/lib/python3.7/site-packages/airflow/example_dags/example_branch_operator.py
[2022-08-12 03:16:37,302] {processor.py:641} INFO - Processing file /home/airflow/.local/lib/python3.7/site-packages/airflow/example_dags/example_branch_operator.py for tasks to queue
[2022-08-12 03:16:37,319] {logging_mixin.py:115} INFO - [2022-08-12 03:16:37,319] {dagbag.py:507} INFO - Filling up the DagBag from /home/airflow/.local/lib/python3.7/site-packages/airflow/example_dags/example_branch_operator.py
[2022-08-12 03:16:37,478] {processor.py:651} INFO - DAG(s) dict_keys(['example_branch_operator']) retrieved from /home/airflow/.local/lib/python3.7/site-packages/airflow/example_dags/example_branch_operator.py
[2022-08-12 03:16:37,636] {logging_mixin.py:115} INFO - [2022-08-12 03:16:37,636] {dag.py:2371} INFO - Sync 1 DAGs
[2022-08-12 03:16:37,705] {logging_mixin.py:115} INFO - [2022-08-12 03:16:37,705] {dag.py:2919} INFO - Setting next_dagrun for example_branch_operator to 2022-08-11T00:00:00+00:00, run_after=2022-08-12T00:00:00+00:00
[2022-08-12 03:16:37,751] {processor.py:161} INFO - Processing /home/airflow/.local/lib/python3.7/site-packages/airflow/example_dags/example_branch_operator.py took 0.482 seconds
[2022-08-12 03:17:08,439] {processor.py:153} INFO - Started process (PID=2295) to work on /home/airflow/.local/lib/python3.7/site-packages/airflow/example_dags/example_branch_operator.py
[2022-08-12 03:17:08,442] {processor.py:641} INFO - Processing file /home/airflow/.local/lib/python3.7/site-packages/airflow/example_dags/example_branch_operator.py for tasks to queue
[2022-08-12 03:17:08,445] {logging_mixin.py:115} INFO - [2022-08-12 03:17:08,445] {dagbag.py:507} INFO - Filling up the DagBag from /home/airflow/.local/lib/python3.7/site-packages/airflow/example_dags/example_branch_operator.py
[2022-08-12 03:17:08,511] {processor.py:651} INFO - DAG(s) dict_keys(['example_branch_operator']) retrieved from /home/airflow/.local/lib/python3.7/site-packages/airflow/example_dags/example_branch_operator.py
[2022-08-12 03:17:08,724] {logging_mixin.py:115} INFO - [2022-08-12 03:17:08,723] {dag.py:2371} INFO - Sync 1 DAGs
[2022-08-12 03:17:08,808] {logging_mixin.py:115} INFO - [2022-08-12 03:17:08,808] {dag.py:2919} INFO - Setting next_dagrun for example_branch_operator to 2022-08-11T00:00:00+00:00, run_after=2022-08-12T00:00:00+00:00
[2022-08-12 03:17:08,878] {processor.py:161} INFO - Processing /home/airflow/.local/lib/python3.7/site-packages/airflow/example_dags/example_branch_operator.py took 0.458 seconds
[2022-08-12 03:22:10,711] {processor.py:153} INFO - Started process (PID=2344) to work on /home/airflow/.local/lib/python3.7/site-packages/airflow/example_dags/example_branch_operator.py
[2022-08-12 03:22:10,712] {processor.py:641} INFO - Processing file /home/airflow/.local/lib/python3.7/site-packages/airflow/example_dags/example_branch_operator.py for tasks to queue
[2022-08-12 03:22:10,714] {logging_mixin.py:115} INFO - [2022-08-12 03:22:10,714] {dagbag.py:507} INFO - Filling up the DagBag from /home/airflow/.local/lib/python3.7/site-packages/airflow/example_dags/example_branch_operator.py
[2022-08-12 03:22:10,769] {processor.py:651} INFO - DAG(s) dict_keys(['example_branch_operator']) retrieved from /home/airflow/.local/lib/python3.7/site-packages/airflow/example_dags/example_branch_operator.py
[2022-08-12 03:22:10,835] {logging_mixin.py:115} INFO - [2022-08-12 03:22:10,835] {dag.py:2371} INFO - Sync 1 DAGs
[2022-08-12 03:22:10,885] {logging_mixin.py:115} INFO - [2022-08-12 03:22:10,885] {dag.py:2919} INFO - Setting next_dagrun for example_branch_operator to 2022-08-11T00:00:00+00:00, run_after=2022-08-12T00:00:00+00:00
[2022-08-12 03:22:10,911] {processor.py:161} INFO - Processing /home/airflow/.local/lib/python3.7/site-packages/airflow/example_dags/example_branch_operator.py took 0.209 seconds
[2022-08-12 03:22:41,721] {processor.py:153} INFO - Started process (PID=2399) to work on /home/airflow/.local/lib/python3.7/site-packages/airflow/example_dags/example_branch_operator.py
[2022-08-12 03:22:41,724] {processor.py:641} INFO - Processing file /home/airflow/.local/lib/python3.7/site-packages/airflow/example_dags/example_branch_operator.py for tasks to queue
[2022-08-12 03:22:41,727] {logging_mixin.py:115} INFO - [2022-08-12 03:22:41,726] {dagbag.py:507} INFO - Filling up the DagBag from /home/airflow/.local/lib/python3.7/site-packages/airflow/example_dags/example_branch_operator.py
[2022-08-12 03:22:41,763] {processor.py:651} INFO - DAG(s) dict_keys(['example_branch_operator']) retrieved from /home/airflow/.local/lib/python3.7/site-packages/airflow/example_dags/example_branch_operator.py
[2022-08-12 03:22:41,844] {logging_mixin.py:115} INFO - [2022-08-12 03:22:41,844] {dag.py:2371} INFO - Sync 1 DAGs
[2022-08-12 03:22:41,919] {logging_mixin.py:115} INFO - [2022-08-12 03:22:41,919] {dag.py:2919} INFO - Setting next_dagrun for example_branch_operator to 2022-08-11T00:00:00+00:00, run_after=2022-08-12T00:00:00+00:00
[2022-08-12 03:22:41,955] {processor.py:161} INFO - Processing /home/airflow/.local/lib/python3.7/site-packages/airflow/example_dags/example_branch_operator.py took 0.244 seconds
[2022-08-12 03:27:44,208] {processor.py:153} INFO - Started process (PID=2452) to work on /home/airflow/.local/lib/python3.7/site-packages/airflow/example_dags/example_branch_operator.py
[2022-08-12 03:27:44,210] {processor.py:641} INFO - Processing file /home/airflow/.local/lib/python3.7/site-packages/airflow/example_dags/example_branch_operator.py for tasks to queue
[2022-08-12 03:27:44,211] {logging_mixin.py:115} INFO - [2022-08-12 03:27:44,211] {dagbag.py:507} INFO - Filling up the DagBag from /home/airflow/.local/lib/python3.7/site-packages/airflow/example_dags/example_branch_operator.py
[2022-08-12 03:27:44,234] {processor.py:651} INFO - DAG(s) dict_keys(['example_branch_operator']) retrieved from /home/airflow/.local/lib/python3.7/site-packages/airflow/example_dags/example_branch_operator.py
[2022-08-12 03:27:44,303] {logging_mixin.py:115} INFO - [2022-08-12 03:27:44,303] {dag.py:2371} INFO - Sync 1 DAGs
[2022-08-12 03:27:44,344] {logging_mixin.py:115} INFO - [2022-08-12 03:27:44,344] {dag.py:2919} INFO - Setting next_dagrun for example_branch_operator to 2022-08-11T00:00:00+00:00, run_after=2022-08-12T00:00:00+00:00
[2022-08-12 03:27:44,368] {processor.py:161} INFO - Processing /home/airflow/.local/lib/python3.7/site-packages/airflow/example_dags/example_branch_operator.py took 0.163 seconds
[2022-08-12 03:28:15,322] {processor.py:153} INFO - Started process (PID=2503) to work on /home/airflow/.local/lib/python3.7/site-packages/airflow/example_dags/example_branch_operator.py
[2022-08-12 03:28:15,325] {processor.py:641} INFO - Processing file /home/airflow/.local/lib/python3.7/site-packages/airflow/example_dags/example_branch_operator.py for tasks to queue
[2022-08-12 03:28:15,328] {logging_mixin.py:115} INFO - [2022-08-12 03:28:15,328] {dagbag.py:507} INFO - Filling up the DagBag from /home/airflow/.local/lib/python3.7/site-packages/airflow/example_dags/example_branch_operator.py
[2022-08-12 03:28:15,362] {processor.py:651} INFO - DAG(s) dict_keys(['example_branch_operator']) retrieved from /home/airflow/.local/lib/python3.7/site-packages/airflow/example_dags/example_branch_operator.py
[2022-08-12 03:28:15,443] {logging_mixin.py:115} INFO - [2022-08-12 03:28:15,442] {dag.py:2371} INFO - Sync 1 DAGs
[2022-08-12 03:28:15,501] {logging_mixin.py:115} INFO - [2022-08-12 03:28:15,500] {dag.py:2919} INFO - Setting next_dagrun for example_branch_operator to 2022-08-11T00:00:00+00:00, run_after=2022-08-12T00:00:00+00:00
[2022-08-12 03:28:15,534] {processor.py:161} INFO - Processing /home/airflow/.local/lib/python3.7/site-packages/airflow/example_dags/example_branch_operator.py took 0.223 seconds
[2022-08-12 03:33:15,786] {processor.py:153} INFO - Started process (PID=2553) to work on /home/airflow/.local/lib/python3.7/site-packages/airflow/example_dags/example_branch_operator.py
[2022-08-12 03:33:15,790] {processor.py:641} INFO - Processing file /home/airflow/.local/lib/python3.7/site-packages/airflow/example_dags/example_branch_operator.py for tasks to queue
[2022-08-12 03:33:15,802] {logging_mixin.py:115} INFO - [2022-08-12 03:33:15,801] {dagbag.py:507} INFO - Filling up the DagBag from /home/airflow/.local/lib/python3.7/site-packages/airflow/example_dags/example_branch_operator.py
[2022-08-12 03:33:15,890] {processor.py:651} INFO - DAG(s) dict_keys(['example_branch_operator']) retrieved from /home/airflow/.local/lib/python3.7/site-packages/airflow/example_dags/example_branch_operator.py
[2022-08-12 03:33:16,005] {logging_mixin.py:115} INFO - [2022-08-12 03:33:16,005] {dag.py:2371} INFO - Sync 1 DAGs
[2022-08-12 03:33:16,068] {logging_mixin.py:115} INFO - [2022-08-12 03:33:16,068] {dag.py:2919} INFO - Setting next_dagrun for example_branch_operator to 2022-08-11T00:00:00+00:00, run_after=2022-08-12T00:00:00+00:00
[2022-08-12 03:33:16,122] {processor.py:161} INFO - Processing /home/airflow/.local/lib/python3.7/site-packages/airflow/example_dags/example_branch_operator.py took 0.365 seconds
[2022-08-12 03:33:46,699] {processor.py:153} INFO - Started process (PID=2607) to work on /home/airflow/.local/lib/python3.7/site-packages/airflow/example_dags/example_branch_operator.py
[2022-08-12 03:33:46,726] {processor.py:641} INFO - Processing file /home/airflow/.local/lib/python3.7/site-packages/airflow/example_dags/example_branch_operator.py for tasks to queue
[2022-08-12 03:33:46,733] {logging_mixin.py:115} INFO - [2022-08-12 03:33:46,731] {dagbag.py:507} INFO - Filling up the DagBag from /home/airflow/.local/lib/python3.7/site-packages/airflow/example_dags/example_branch_operator.py
[2022-08-12 03:33:46,809] {processor.py:651} INFO - DAG(s) dict_keys(['example_branch_operator']) retrieved from /home/airflow/.local/lib/python3.7/site-packages/airflow/example_dags/example_branch_operator.py
[2022-08-12 03:33:46,910] {logging_mixin.py:115} INFO - [2022-08-12 03:33:46,910] {dag.py:2371} INFO - Sync 1 DAGs
[2022-08-12 03:33:46,982] {logging_mixin.py:115} INFO - [2022-08-12 03:33:46,981] {dag.py:2919} INFO - Setting next_dagrun for example_branch_operator to 2022-08-11T00:00:00+00:00, run_after=2022-08-12T00:00:00+00:00
[2022-08-12 03:33:47,027] {processor.py:161} INFO - Processing /home/airflow/.local/lib/python3.7/site-packages/airflow/example_dags/example_branch_operator.py took 0.341 seconds
[2022-08-12 03:38:48,143] {processor.py:153} INFO - Started process (PID=2657) to work on /home/airflow/.local/lib/python3.7/site-packages/airflow/example_dags/example_branch_operator.py
[2022-08-12 03:38:48,144] {processor.py:641} INFO - Processing file /home/airflow/.local/lib/python3.7/site-packages/airflow/example_dags/example_branch_operator.py for tasks to queue
[2022-08-12 03:38:48,146] {logging_mixin.py:115} INFO - [2022-08-12 03:38:48,146] {dagbag.py:507} INFO - Filling up the DagBag from /home/airflow/.local/lib/python3.7/site-packages/airflow/example_dags/example_branch_operator.py
[2022-08-12 03:38:48,222] {processor.py:651} INFO - DAG(s) dict_keys(['example_branch_operator']) retrieved from /home/airflow/.local/lib/python3.7/site-packages/airflow/example_dags/example_branch_operator.py
[2022-08-12 03:38:48,380] {logging_mixin.py:115} INFO - [2022-08-12 03:38:48,380] {dag.py:2371} INFO - Sync 1 DAGs
[2022-08-12 03:38:48,475] {logging_mixin.py:115} INFO - [2022-08-12 03:38:48,474] {dag.py:2919} INFO - Setting next_dagrun for example_branch_operator to 2022-08-11T00:00:00+00:00, run_after=2022-08-12T00:00:00+00:00
[2022-08-12 03:38:48,511] {processor.py:161} INFO - Processing /home/airflow/.local/lib/python3.7/site-packages/airflow/example_dags/example_branch_operator.py took 0.377 seconds
[2022-08-12 03:39:18,776] {processor.py:153} INFO - Started process (PID=2711) to work on /home/airflow/.local/lib/python3.7/site-packages/airflow/example_dags/example_branch_operator.py
[2022-08-12 03:39:18,784] {processor.py:641} INFO - Processing file /home/airflow/.local/lib/python3.7/site-packages/airflow/example_dags/example_branch_operator.py for tasks to queue
[2022-08-12 03:39:18,805] {logging_mixin.py:115} INFO - [2022-08-12 03:39:18,792] {dagbag.py:507} INFO - Filling up the DagBag from /home/airflow/.local/lib/python3.7/site-packages/airflow/example_dags/example_branch_operator.py
[2022-08-12 03:39:18,937] {processor.py:651} INFO - DAG(s) dict_keys(['example_branch_operator']) retrieved from /home/airflow/.local/lib/python3.7/site-packages/airflow/example_dags/example_branch_operator.py
[2022-08-12 03:39:19,174] {logging_mixin.py:115} INFO - [2022-08-12 03:39:19,174] {dag.py:2371} INFO - Sync 1 DAGs
[2022-08-12 03:39:19,264] {logging_mixin.py:115} INFO - [2022-08-12 03:39:19,263] {dag.py:2919} INFO - Setting next_dagrun for example_branch_operator to 2022-08-11T00:00:00+00:00, run_after=2022-08-12T00:00:00+00:00
[2022-08-12 03:39:19,311] {processor.py:161} INFO - Processing /home/airflow/.local/lib/python3.7/site-packages/airflow/example_dags/example_branch_operator.py took 0.578 seconds
[2022-08-12 03:44:26,127] {processor.py:153} INFO - Started process (PID=2754) to work on /home/airflow/.local/lib/python3.7/site-packages/airflow/example_dags/example_branch_operator.py
[2022-08-12 03:44:26,133] {processor.py:641} INFO - Processing file /home/airflow/.local/lib/python3.7/site-packages/airflow/example_dags/example_branch_operator.py for tasks to queue
[2022-08-12 03:44:26,135] {logging_mixin.py:115} INFO - [2022-08-12 03:44:26,135] {dagbag.py:507} INFO - Filling up the DagBag from /home/airflow/.local/lib/python3.7/site-packages/airflow/example_dags/example_branch_operator.py
[2022-08-12 03:44:26,225] {processor.py:651} INFO - DAG(s) dict_keys(['example_branch_operator']) retrieved from /home/airflow/.local/lib/python3.7/site-packages/airflow/example_dags/example_branch_operator.py
[2022-08-12 03:44:26,396] {logging_mixin.py:115} INFO - [2022-08-12 03:44:26,396] {dag.py:2371} INFO - Sync 1 DAGs
[2022-08-12 03:44:26,506] {logging_mixin.py:115} INFO - [2022-08-12 03:44:26,506] {dag.py:2919} INFO - Setting next_dagrun for example_branch_operator to 2022-08-11T00:00:00+00:00, run_after=2022-08-12T00:00:00+00:00
[2022-08-12 03:44:26,554] {processor.py:161} INFO - Processing /home/airflow/.local/lib/python3.7/site-packages/airflow/example_dags/example_branch_operator.py took 0.434 seconds
[2022-08-12 03:44:27,779] {processor.py:153} INFO - Started process (PID=2765) to work on /home/airflow/.local/lib/python3.7/site-packages/airflow/example_dags/example_branch_operator.py
[2022-08-12 03:44:27,789] {processor.py:641} INFO - Processing file /home/airflow/.local/lib/python3.7/site-packages/airflow/example_dags/example_branch_operator.py for tasks to queue
[2022-08-12 03:44:27,791] {logging_mixin.py:115} INFO - [2022-08-12 03:44:27,791] {dagbag.py:507} INFO - Filling up the DagBag from /home/airflow/.local/lib/python3.7/site-packages/airflow/example_dags/example_branch_operator.py
[2022-08-12 03:44:27,826] {processor.py:651} INFO - DAG(s) dict_keys(['example_branch_operator']) retrieved from /home/airflow/.local/lib/python3.7/site-packages/airflow/example_dags/example_branch_operator.py
[2022-08-12 03:44:27,956] {logging_mixin.py:115} INFO - [2022-08-12 03:44:27,955] {dag.py:2371} INFO - Sync 1 DAGs
[2022-08-12 03:44:28,076] {logging_mixin.py:115} INFO - [2022-08-12 03:44:28,076] {dag.py:2919} INFO - Setting next_dagrun for example_branch_operator to 2022-08-11T00:00:00+00:00, run_after=2022-08-12T00:00:00+00:00
[2022-08-12 03:44:28,136] {processor.py:161} INFO - Processing /home/airflow/.local/lib/python3.7/site-packages/airflow/example_dags/example_branch_operator.py took 0.365 seconds
[2022-08-12 03:44:58,520] {processor.py:153} INFO - Started process (PID=2817) to work on /home/airflow/.local/lib/python3.7/site-packages/airflow/example_dags/example_branch_operator.py
[2022-08-12 03:44:58,524] {processor.py:641} INFO - Processing file /home/airflow/.local/lib/python3.7/site-packages/airflow/example_dags/example_branch_operator.py for tasks to queue
[2022-08-12 03:44:58,527] {logging_mixin.py:115} INFO - [2022-08-12 03:44:58,527] {dagbag.py:507} INFO - Filling up the DagBag from /home/airflow/.local/lib/python3.7/site-packages/airflow/example_dags/example_branch_operator.py
[2022-08-12 03:44:58,563] {processor.py:651} INFO - DAG(s) dict_keys(['example_branch_operator']) retrieved from /home/airflow/.local/lib/python3.7/site-packages/airflow/example_dags/example_branch_operator.py
[2022-08-12 03:44:58,651] {logging_mixin.py:115} INFO - [2022-08-12 03:44:58,650] {dag.py:2371} INFO - Sync 1 DAGs
[2022-08-12 03:44:58,719] {logging_mixin.py:115} INFO - [2022-08-12 03:44:58,718] {dag.py:2919} INFO - Setting next_dagrun for example_branch_operator to 2022-08-11T00:00:00+00:00, run_after=2022-08-12T00:00:00+00:00
[2022-08-12 03:44:58,751] {processor.py:161} INFO - Processing /home/airflow/.local/lib/python3.7/site-packages/airflow/example_dags/example_branch_operator.py took 0.241 seconds
[2022-08-12 03:49:59,967] {processor.py:153} INFO - Started process (PID=2869) to work on /home/airflow/.local/lib/python3.7/site-packages/airflow/example_dags/example_branch_operator.py
[2022-08-12 03:49:59,969] {processor.py:641} INFO - Processing file /home/airflow/.local/lib/python3.7/site-packages/airflow/example_dags/example_branch_operator.py for tasks to queue
[2022-08-12 03:49:59,972] {logging_mixin.py:115} INFO - [2022-08-12 03:49:59,971] {dagbag.py:507} INFO - Filling up the DagBag from /home/airflow/.local/lib/python3.7/site-packages/airflow/example_dags/example_branch_operator.py
[2022-08-12 03:50:00,027] {processor.py:651} INFO - DAG(s) dict_keys(['example_branch_operator']) retrieved from /home/airflow/.local/lib/python3.7/site-packages/airflow/example_dags/example_branch_operator.py
[2022-08-12 03:50:00,129] {logging_mixin.py:115} INFO - [2022-08-12 03:50:00,128] {dag.py:2371} INFO - Sync 1 DAGs
[2022-08-12 03:50:00,220] {logging_mixin.py:115} INFO - [2022-08-12 03:50:00,219] {dag.py:2919} INFO - Setting next_dagrun for example_branch_operator to 2022-08-11T00:00:00+00:00, run_after=2022-08-12T00:00:00+00:00
[2022-08-12 03:50:00,276] {processor.py:161} INFO - Processing /home/airflow/.local/lib/python3.7/site-packages/airflow/example_dags/example_branch_operator.py took 0.319 seconds
[2022-08-12 03:50:30,403] {processor.py:153} INFO - Started process (PID=2920) to work on /home/airflow/.local/lib/python3.7/site-packages/airflow/example_dags/example_branch_operator.py
[2022-08-12 03:50:30,406] {processor.py:641} INFO - Processing file /home/airflow/.local/lib/python3.7/site-packages/airflow/example_dags/example_branch_operator.py for tasks to queue
[2022-08-12 03:50:30,409] {logging_mixin.py:115} INFO - [2022-08-12 03:50:30,409] {dagbag.py:507} INFO - Filling up the DagBag from /home/airflow/.local/lib/python3.7/site-packages/airflow/example_dags/example_branch_operator.py
[2022-08-12 03:50:30,443] {processor.py:651} INFO - DAG(s) dict_keys(['example_branch_operator']) retrieved from /home/airflow/.local/lib/python3.7/site-packages/airflow/example_dags/example_branch_operator.py
[2022-08-12 03:50:30,523] {logging_mixin.py:115} INFO - [2022-08-12 03:50:30,523] {dag.py:2371} INFO - Sync 1 DAGs
[2022-08-12 03:50:30,586] {logging_mixin.py:115} INFO - [2022-08-12 03:50:30,586] {dag.py:2919} INFO - Setting next_dagrun for example_branch_operator to 2022-08-11T00:00:00+00:00, run_after=2022-08-12T00:00:00+00:00
[2022-08-12 03:50:30,618] {processor.py:161} INFO - Processing /home/airflow/.local/lib/python3.7/site-packages/airflow/example_dags/example_branch_operator.py took 0.231 seconds
[2022-08-12 03:55:30,643] {processor.py:153} INFO - Started process (PID=2964) to work on /home/airflow/.local/lib/python3.7/site-packages/airflow/example_dags/example_branch_operator.py
[2022-08-12 03:55:30,649] {processor.py:641} INFO - Processing file /home/airflow/.local/lib/python3.7/site-packages/airflow/example_dags/example_branch_operator.py for tasks to queue
[2022-08-12 03:55:30,651] {logging_mixin.py:115} INFO - [2022-08-12 03:55:30,651] {dagbag.py:507} INFO - Filling up the DagBag from /home/airflow/.local/lib/python3.7/site-packages/airflow/example_dags/example_branch_operator.py
[2022-08-12 03:55:30,707] {processor.py:651} INFO - DAG(s) dict_keys(['example_branch_operator']) retrieved from /home/airflow/.local/lib/python3.7/site-packages/airflow/example_dags/example_branch_operator.py
[2022-08-12 03:55:30,890] {logging_mixin.py:115} INFO - [2022-08-12 03:55:30,890] {dag.py:2371} INFO - Sync 1 DAGs
[2022-08-12 03:55:30,970] {logging_mixin.py:115} INFO - [2022-08-12 03:55:30,970] {dag.py:2919} INFO - Setting next_dagrun for example_branch_operator to 2022-08-11T00:00:00+00:00, run_after=2022-08-12T00:00:00+00:00
[2022-08-12 03:55:31,006] {processor.py:161} INFO - Processing /home/airflow/.local/lib/python3.7/site-packages/airflow/example_dags/example_branch_operator.py took 0.380 seconds
[2022-08-12 03:56:01,505] {processor.py:153} INFO - Started process (PID=3023) to work on /home/airflow/.local/lib/python3.7/site-packages/airflow/example_dags/example_branch_operator.py
[2022-08-12 03:56:01,516] {processor.py:641} INFO - Processing file /home/airflow/.local/lib/python3.7/site-packages/airflow/example_dags/example_branch_operator.py for tasks to queue
[2022-08-12 03:56:01,525] {logging_mixin.py:115} INFO - [2022-08-12 03:56:01,525] {dagbag.py:507} INFO - Filling up the DagBag from /home/airflow/.local/lib/python3.7/site-packages/airflow/example_dags/example_branch_operator.py
[2022-08-12 03:56:01,582] {processor.py:651} INFO - DAG(s) dict_keys(['example_branch_operator']) retrieved from /home/airflow/.local/lib/python3.7/site-packages/airflow/example_dags/example_branch_operator.py
[2022-08-12 03:56:01,706] {logging_mixin.py:115} INFO - [2022-08-12 03:56:01,706] {dag.py:2371} INFO - Sync 1 DAGs
[2022-08-12 03:56:01,798] {logging_mixin.py:115} INFO - [2022-08-12 03:56:01,797] {dag.py:2919} INFO - Setting next_dagrun for example_branch_operator to 2022-08-11T00:00:00+00:00, run_after=2022-08-12T00:00:00+00:00
[2022-08-12 03:56:01,848] {processor.py:161} INFO - Processing /home/airflow/.local/lib/python3.7/site-packages/airflow/example_dags/example_branch_operator.py took 0.365 seconds
[2022-08-12 03:56:32,631] {processor.py:153} INFO - Started process (PID=3075) to work on /home/airflow/.local/lib/python3.7/site-packages/airflow/example_dags/example_branch_operator.py
[2022-08-12 03:56:32,634] {processor.py:641} INFO - Processing file /home/airflow/.local/lib/python3.7/site-packages/airflow/example_dags/example_branch_operator.py for tasks to queue
[2022-08-12 03:56:32,636] {logging_mixin.py:115} INFO - [2022-08-12 03:56:32,636] {dagbag.py:507} INFO - Filling up the DagBag from /home/airflow/.local/lib/python3.7/site-packages/airflow/example_dags/example_branch_operator.py
[2022-08-12 03:56:32,664] {processor.py:651} INFO - DAG(s) dict_keys(['example_branch_operator']) retrieved from /home/airflow/.local/lib/python3.7/site-packages/airflow/example_dags/example_branch_operator.py
[2022-08-12 03:56:32,734] {logging_mixin.py:115} INFO - [2022-08-12 03:56:32,734] {dag.py:2371} INFO - Sync 1 DAGs
[2022-08-12 03:56:32,796] {logging_mixin.py:115} INFO - [2022-08-12 03:56:32,795] {dag.py:2919} INFO - Setting next_dagrun for example_branch_operator to 2022-08-11T00:00:00+00:00, run_after=2022-08-12T00:00:00+00:00
[2022-08-12 03:56:32,836] {processor.py:161} INFO - Processing /home/airflow/.local/lib/python3.7/site-packages/airflow/example_dags/example_branch_operator.py took 0.218 seconds
[2022-08-12 04:16:25,376] {processor.py:153} INFO - Started process (PID=3101) to work on /home/airflow/.local/lib/python3.7/site-packages/airflow/example_dags/example_branch_operator.py
[2022-08-12 04:16:25,386] {processor.py:641} INFO - Processing file /home/airflow/.local/lib/python3.7/site-packages/airflow/example_dags/example_branch_operator.py for tasks to queue
[2022-08-12 04:16:25,395] {logging_mixin.py:115} INFO - [2022-08-12 04:16:25,394] {dagbag.py:507} INFO - Filling up the DagBag from /home/airflow/.local/lib/python3.7/site-packages/airflow/example_dags/example_branch_operator.py
[2022-08-12 04:16:25,452] {processor.py:651} INFO - DAG(s) dict_keys(['example_branch_operator']) retrieved from /home/airflow/.local/lib/python3.7/site-packages/airflow/example_dags/example_branch_operator.py
[2022-08-12 04:16:25,527] {logging_mixin.py:115} INFO - [2022-08-12 04:16:25,527] {dag.py:2371} INFO - Sync 1 DAGs
[2022-08-12 04:16:25,587] {logging_mixin.py:115} INFO - [2022-08-12 04:16:25,581] {dag.py:2919} INFO - Setting next_dagrun for example_branch_operator to 2022-08-11T00:00:00+00:00, run_after=2022-08-12T00:00:00+00:00
[2022-08-12 04:16:25,639] {processor.py:161} INFO - Processing /home/airflow/.local/lib/python3.7/site-packages/airflow/example_dags/example_branch_operator.py took 0.269 seconds
[2022-08-12 05:25:41,185] {processor.py:153} INFO - Started process (PID=3153) to work on /home/airflow/.local/lib/python3.7/site-packages/airflow/example_dags/example_branch_operator.py
[2022-08-12 05:25:41,189] {processor.py:641} INFO - Processing file /home/airflow/.local/lib/python3.7/site-packages/airflow/example_dags/example_branch_operator.py for tasks to queue
[2022-08-12 05:25:41,192] {logging_mixin.py:115} INFO - [2022-08-12 05:25:41,191] {dagbag.py:507} INFO - Filling up the DagBag from /home/airflow/.local/lib/python3.7/site-packages/airflow/example_dags/example_branch_operator.py
[2022-08-12 05:25:41,385] {processor.py:651} INFO - DAG(s) dict_keys(['example_branch_operator']) retrieved from /home/airflow/.local/lib/python3.7/site-packages/airflow/example_dags/example_branch_operator.py
[2022-08-12 05:25:41,562] {logging_mixin.py:115} INFO - [2022-08-12 05:25:41,562] {dag.py:2371} INFO - Sync 1 DAGs
[2022-08-12 05:25:41,691] {logging_mixin.py:115} INFO - [2022-08-12 05:25:41,691] {dag.py:2919} INFO - Setting next_dagrun for example_branch_operator to 2022-08-11T00:00:00+00:00, run_after=2022-08-12T00:00:00+00:00
[2022-08-12 05:25:41,755] {processor.py:161} INFO - Processing /home/airflow/.local/lib/python3.7/site-packages/airflow/example_dags/example_branch_operator.py took 0.588 seconds
[2022-08-12 05:25:42,753] {processor.py:153} INFO - Started process (PID=3158) to work on /home/airflow/.local/lib/python3.7/site-packages/airflow/example_dags/example_branch_operator.py
[2022-08-12 05:25:42,755] {processor.py:641} INFO - Processing file /home/airflow/.local/lib/python3.7/site-packages/airflow/example_dags/example_branch_operator.py for tasks to queue
[2022-08-12 05:25:42,759] {logging_mixin.py:115} INFO - [2022-08-12 05:25:42,759] {dagbag.py:507} INFO - Filling up the DagBag from /home/airflow/.local/lib/python3.7/site-packages/airflow/example_dags/example_branch_operator.py
[2022-08-12 05:25:42,832] {processor.py:651} INFO - DAG(s) dict_keys(['example_branch_operator']) retrieved from /home/airflow/.local/lib/python3.7/site-packages/airflow/example_dags/example_branch_operator.py
[2022-08-12 05:25:42,935] {logging_mixin.py:115} INFO - [2022-08-12 05:25:42,935] {dag.py:2371} INFO - Sync 1 DAGs
[2022-08-12 05:25:43,006] {logging_mixin.py:115} INFO - [2022-08-12 05:25:43,006] {dag.py:2919} INFO - Setting next_dagrun for example_branch_operator to 2022-08-11T00:00:00+00:00, run_after=2022-08-12T00:00:00+00:00
[2022-08-12 05:25:43,046] {processor.py:161} INFO - Processing /home/airflow/.local/lib/python3.7/site-packages/airflow/example_dags/example_branch_operator.py took 0.298 seconds
[2022-08-12 07:13:50,088] {processor.py:153} INFO - Started process (PID=3208) to work on /home/airflow/.local/lib/python3.7/site-packages/airflow/example_dags/example_branch_operator.py
[2022-08-12 07:13:50,092] {processor.py:641} INFO - Processing file /home/airflow/.local/lib/python3.7/site-packages/airflow/example_dags/example_branch_operator.py for tasks to queue
[2022-08-12 07:13:50,106] {logging_mixin.py:115} INFO - [2022-08-12 07:13:50,104] {dagbag.py:507} INFO - Filling up the DagBag from /home/airflow/.local/lib/python3.7/site-packages/airflow/example_dags/example_branch_operator.py
[2022-08-12 07:13:50,245] {processor.py:651} INFO - DAG(s) dict_keys(['example_branch_operator']) retrieved from /home/airflow/.local/lib/python3.7/site-packages/airflow/example_dags/example_branch_operator.py
[2022-08-12 07:13:50,457] {logging_mixin.py:115} INFO - [2022-08-12 07:13:50,456] {dag.py:2371} INFO - Sync 1 DAGs
[2022-08-12 07:13:50,606] {logging_mixin.py:115} INFO - [2022-08-12 07:13:50,606] {dag.py:2919} INFO - Setting next_dagrun for example_branch_operator to 2022-08-11T00:00:00+00:00, run_after=2022-08-12T00:00:00+00:00
[2022-08-12 07:13:50,627] {processor.py:161} INFO - Processing /home/airflow/.local/lib/python3.7/site-packages/airflow/example_dags/example_branch_operator.py took 0.567 seconds
[2022-08-12 09:02:07,994] {processor.py:153} INFO - Started process (PID=3253) to work on /home/airflow/.local/lib/python3.7/site-packages/airflow/example_dags/example_branch_operator.py
[2022-08-12 09:02:07,997] {processor.py:641} INFO - Processing file /home/airflow/.local/lib/python3.7/site-packages/airflow/example_dags/example_branch_operator.py for tasks to queue
[2022-08-12 09:02:07,999] {logging_mixin.py:115} INFO - [2022-08-12 09:02:07,999] {dagbag.py:507} INFO - Filling up the DagBag from /home/airflow/.local/lib/python3.7/site-packages/airflow/example_dags/example_branch_operator.py
[2022-08-12 09:02:08,035] {processor.py:651} INFO - DAG(s) dict_keys(['example_branch_operator']) retrieved from /home/airflow/.local/lib/python3.7/site-packages/airflow/example_dags/example_branch_operator.py
[2022-08-12 09:02:08,090] {logging_mixin.py:115} INFO - [2022-08-12 09:02:08,089] {dag.py:2371} INFO - Sync 1 DAGs
[2022-08-12 09:02:08,123] {logging_mixin.py:115} INFO - [2022-08-12 09:02:08,122] {dag.py:2919} INFO - Setting next_dagrun for example_branch_operator to 2022-08-11T00:00:00+00:00, run_after=2022-08-12T00:00:00+00:00
[2022-08-12 09:02:08,145] {processor.py:161} INFO - Processing /home/airflow/.local/lib/python3.7/site-packages/airflow/example_dags/example_branch_operator.py took 0.156 seconds
[2022-08-12 12:38:14,190] {processor.py:153} INFO - Started process (PID=3305) to work on /home/airflow/.local/lib/python3.7/site-packages/airflow/example_dags/example_branch_operator.py
[2022-08-12 12:38:14,192] {processor.py:641} INFO - Processing file /home/airflow/.local/lib/python3.7/site-packages/airflow/example_dags/example_branch_operator.py for tasks to queue
[2022-08-12 12:38:14,195] {logging_mixin.py:115} INFO - [2022-08-12 12:38:14,195] {dagbag.py:507} INFO - Filling up the DagBag from /home/airflow/.local/lib/python3.7/site-packages/airflow/example_dags/example_branch_operator.py
[2022-08-12 12:38:14,231] {processor.py:651} INFO - DAG(s) dict_keys(['example_branch_operator']) retrieved from /home/airflow/.local/lib/python3.7/site-packages/airflow/example_dags/example_branch_operator.py
[2022-08-12 12:38:14,284] {logging_mixin.py:115} INFO - [2022-08-12 12:38:14,284] {dag.py:2371} INFO - Sync 1 DAGs
[2022-08-12 12:38:14,319] {logging_mixin.py:115} INFO - [2022-08-12 12:38:14,319] {dag.py:2919} INFO - Setting next_dagrun for example_branch_operator to 2022-08-11T00:00:00+00:00, run_after=2022-08-12T00:00:00+00:00
[2022-08-12 12:38:14,336] {processor.py:161} INFO - Processing /home/airflow/.local/lib/python3.7/site-packages/airflow/example_dags/example_branch_operator.py took 0.152 seconds
[2022-08-12 14:26:32,127] {processor.py:153} INFO - Started process (PID=3358) to work on /home/airflow/.local/lib/python3.7/site-packages/airflow/example_dags/example_branch_operator.py
[2022-08-12 14:26:32,141] {processor.py:641} INFO - Processing file /home/airflow/.local/lib/python3.7/site-packages/airflow/example_dags/example_branch_operator.py for tasks to queue
[2022-08-12 14:26:32,142] {logging_mixin.py:115} INFO - [2022-08-12 14:26:32,142] {dagbag.py:507} INFO - Filling up the DagBag from /home/airflow/.local/lib/python3.7/site-packages/airflow/example_dags/example_branch_operator.py
[2022-08-12 14:26:32,205] {processor.py:651} INFO - DAG(s) dict_keys(['example_branch_operator']) retrieved from /home/airflow/.local/lib/python3.7/site-packages/airflow/example_dags/example_branch_operator.py
[2022-08-12 14:26:32,291] {logging_mixin.py:115} INFO - [2022-08-12 14:26:32,291] {dag.py:2371} INFO - Sync 1 DAGs
[2022-08-12 14:26:32,363] {logging_mixin.py:115} INFO - [2022-08-12 14:26:32,363] {dag.py:2919} INFO - Setting next_dagrun for example_branch_operator to 2022-08-11T00:00:00+00:00, run_after=2022-08-12T00:00:00+00:00
[2022-08-12 14:26:32,382] {processor.py:161} INFO - Processing /home/airflow/.local/lib/python3.7/site-packages/airflow/example_dags/example_branch_operator.py took 0.259 seconds
[2022-08-12 16:17:34,974] {processor.py:153} INFO - Started process (PID=3409) to work on /home/airflow/.local/lib/python3.7/site-packages/airflow/example_dags/example_branch_operator.py
[2022-08-12 16:17:34,980] {processor.py:641} INFO - Processing file /home/airflow/.local/lib/python3.7/site-packages/airflow/example_dags/example_branch_operator.py for tasks to queue
[2022-08-12 16:17:34,982] {logging_mixin.py:115} INFO - [2022-08-12 16:17:34,982] {dagbag.py:507} INFO - Filling up the DagBag from /home/airflow/.local/lib/python3.7/site-packages/airflow/example_dags/example_branch_operator.py
[2022-08-12 16:17:35,043] {processor.py:651} INFO - DAG(s) dict_keys(['example_branch_operator']) retrieved from /home/airflow/.local/lib/python3.7/site-packages/airflow/example_dags/example_branch_operator.py
[2022-08-12 16:17:35,173] {logging_mixin.py:115} INFO - [2022-08-12 16:17:35,173] {dag.py:2371} INFO - Sync 1 DAGs
[2022-08-12 16:17:35,218] {logging_mixin.py:115} INFO - [2022-08-12 16:17:35,218] {dag.py:2919} INFO - Setting next_dagrun for example_branch_operator to 2022-08-11T00:00:00+00:00, run_after=2022-08-12T00:00:00+00:00
[2022-08-12 16:17:35,251] {processor.py:161} INFO - Processing /home/airflow/.local/lib/python3.7/site-packages/airflow/example_dags/example_branch_operator.py took 0.292 seconds
