[2022-08-12 01:28:20,629] {processor.py:153} INFO - Started process (PID=99898) to work on /home/airflow/.local/lib/python3.7/site-packages/airflow/example_dags/example_skip_dag.py
[2022-08-12 01:28:20,631] {processor.py:641} INFO - Processing file /home/airflow/.local/lib/python3.7/site-packages/airflow/example_dags/example_skip_dag.py for tasks to queue
[2022-08-12 01:28:20,636] {logging_mixin.py:115} INFO - [2022-08-12 01:28:20,635] {dagbag.py:507} INFO - Filling up the DagBag from /home/airflow/.local/lib/python3.7/site-packages/airflow/example_dags/example_skip_dag.py
[2022-08-12 01:28:20,648] {processor.py:651} INFO - DAG(s) dict_keys(['example_skip_dag']) retrieved from /home/airflow/.local/lib/python3.7/site-packages/airflow/example_dags/example_skip_dag.py
[2022-08-12 01:28:20,703] {logging_mixin.py:115} INFO - [2022-08-12 01:28:20,702] {dag.py:2371} INFO - Sync 1 DAGs
[2022-08-12 01:28:20,770] {logging_mixin.py:115} INFO - [2022-08-12 01:28:20,770] {dag.py:2919} INFO - Setting next_dagrun for example_skip_dag to 2022-08-11T01:28:20.770266+00:00, run_after=2022-08-12T01:28:20.770266+00:00
[2022-08-12 01:28:20,794] {processor.py:161} INFO - Processing /home/airflow/.local/lib/python3.7/site-packages/airflow/example_dags/example_skip_dag.py took 0.173 seconds
[2022-08-12 01:28:50,847] {processor.py:153} INFO - Started process (PID=99949) to work on /home/airflow/.local/lib/python3.7/site-packages/airflow/example_dags/example_skip_dag.py
[2022-08-12 01:28:50,849] {processor.py:641} INFO - Processing file /home/airflow/.local/lib/python3.7/site-packages/airflow/example_dags/example_skip_dag.py for tasks to queue
[2022-08-12 01:28:50,851] {logging_mixin.py:115} INFO - [2022-08-12 01:28:50,851] {dagbag.py:507} INFO - Filling up the DagBag from /home/airflow/.local/lib/python3.7/site-packages/airflow/example_dags/example_skip_dag.py
[2022-08-12 01:28:50,862] {processor.py:651} INFO - DAG(s) dict_keys(['example_skip_dag']) retrieved from /home/airflow/.local/lib/python3.7/site-packages/airflow/example_dags/example_skip_dag.py
[2022-08-12 01:28:50,901] {logging_mixin.py:115} INFO - [2022-08-12 01:28:50,900] {dag.py:2371} INFO - Sync 1 DAGs
[2022-08-12 01:28:50,925] {logging_mixin.py:115} INFO - [2022-08-12 01:28:50,925] {dag.py:2919} INFO - Setting next_dagrun for example_skip_dag to 2022-08-11T01:28:50.925499+00:00, run_after=2022-08-12T01:28:50.925499+00:00
[2022-08-12 01:28:50,945] {processor.py:161} INFO - Processing /home/airflow/.local/lib/python3.7/site-packages/airflow/example_dags/example_skip_dag.py took 0.103 seconds
[2022-08-12 01:33:45,548] {processor.py:153} INFO - Started process (PID=303) to work on /home/airflow/.local/lib/python3.7/site-packages/airflow/example_dags/example_skip_dag.py
[2022-08-12 01:33:45,550] {processor.py:641} INFO - Processing file /home/airflow/.local/lib/python3.7/site-packages/airflow/example_dags/example_skip_dag.py for tasks to queue
[2022-08-12 01:33:45,551] {logging_mixin.py:115} INFO - [2022-08-12 01:33:45,551] {dagbag.py:507} INFO - Filling up the DagBag from /home/airflow/.local/lib/python3.7/site-packages/airflow/example_dags/example_skip_dag.py
[2022-08-12 01:33:45,562] {processor.py:651} INFO - DAG(s) dict_keys(['example_skip_dag']) retrieved from /home/airflow/.local/lib/python3.7/site-packages/airflow/example_dags/example_skip_dag.py
[2022-08-12 01:33:45,621] {logging_mixin.py:115} INFO - [2022-08-12 01:33:45,621] {dag.py:2371} INFO - Sync 1 DAGs
[2022-08-12 01:33:45,656] {logging_mixin.py:115} INFO - [2022-08-12 01:33:45,656] {dag.py:2919} INFO - Setting next_dagrun for example_skip_dag to 2022-08-11T01:33:45.656217+00:00, run_after=2022-08-12T01:33:45.656217+00:00
[2022-08-12 01:33:45,678] {processor.py:161} INFO - Processing /home/airflow/.local/lib/python3.7/site-packages/airflow/example_dags/example_skip_dag.py took 0.136 seconds
[2022-08-12 01:34:18,000] {processor.py:153} INFO - Started process (PID=355) to work on /home/airflow/.local/lib/python3.7/site-packages/airflow/example_dags/example_skip_dag.py
[2022-08-12 01:34:18,005] {processor.py:641} INFO - Processing file /home/airflow/.local/lib/python3.7/site-packages/airflow/example_dags/example_skip_dag.py for tasks to queue
[2022-08-12 01:34:18,011] {logging_mixin.py:115} INFO - [2022-08-12 01:34:18,010] {dagbag.py:507} INFO - Filling up the DagBag from /home/airflow/.local/lib/python3.7/site-packages/airflow/example_dags/example_skip_dag.py
[2022-08-12 01:34:18,044] {processor.py:651} INFO - DAG(s) dict_keys(['example_skip_dag']) retrieved from /home/airflow/.local/lib/python3.7/site-packages/airflow/example_dags/example_skip_dag.py
[2022-08-12 01:34:18,153] {logging_mixin.py:115} INFO - [2022-08-12 01:34:18,153] {dag.py:2371} INFO - Sync 1 DAGs
[2022-08-12 01:34:18,226] {logging_mixin.py:115} INFO - [2022-08-12 01:34:18,226] {dag.py:2919} INFO - Setting next_dagrun for example_skip_dag to 2022-08-11T01:34:18.224986+00:00, run_after=2022-08-12T01:34:18.224986+00:00
[2022-08-12 01:34:18,277] {processor.py:161} INFO - Processing /home/airflow/.local/lib/python3.7/site-packages/airflow/example_dags/example_skip_dag.py took 0.290 seconds
[2022-08-12 01:49:59,995] {processor.py:153} INFO - Started process (PID=399) to work on /home/airflow/.local/lib/python3.7/site-packages/airflow/example_dags/example_skip_dag.py
[2022-08-12 01:50:00,001] {processor.py:641} INFO - Processing file /home/airflow/.local/lib/python3.7/site-packages/airflow/example_dags/example_skip_dag.py for tasks to queue
[2022-08-12 01:50:00,005] {logging_mixin.py:115} INFO - [2022-08-12 01:50:00,005] {dagbag.py:507} INFO - Filling up the DagBag from /home/airflow/.local/lib/python3.7/site-packages/airflow/example_dags/example_skip_dag.py
[2022-08-12 01:50:00,021] {processor.py:651} INFO - DAG(s) dict_keys(['example_skip_dag']) retrieved from /home/airflow/.local/lib/python3.7/site-packages/airflow/example_dags/example_skip_dag.py
[2022-08-12 01:50:00,079] {logging_mixin.py:115} INFO - [2022-08-12 01:50:00,079] {dag.py:2371} INFO - Sync 1 DAGs
[2022-08-12 01:50:00,111] {logging_mixin.py:115} INFO - [2022-08-12 01:50:00,111] {dag.py:2919} INFO - Setting next_dagrun for example_skip_dag to 2022-08-11T01:50:00.111397+00:00, run_after=2022-08-12T01:50:00.111397+00:00
[2022-08-12 01:50:00,137] {processor.py:161} INFO - Processing /home/airflow/.local/lib/python3.7/site-packages/airflow/example_dags/example_skip_dag.py took 0.172 seconds
[2022-08-12 01:50:32,117] {processor.py:153} INFO - Started process (PID=451) to work on /home/airflow/.local/lib/python3.7/site-packages/airflow/example_dags/example_skip_dag.py
[2022-08-12 01:50:32,121] {processor.py:641} INFO - Processing file /home/airflow/.local/lib/python3.7/site-packages/airflow/example_dags/example_skip_dag.py for tasks to queue
[2022-08-12 01:50:32,126] {logging_mixin.py:115} INFO - [2022-08-12 01:50:32,126] {dagbag.py:507} INFO - Filling up the DagBag from /home/airflow/.local/lib/python3.7/site-packages/airflow/example_dags/example_skip_dag.py
[2022-08-12 01:50:32,159] {processor.py:651} INFO - DAG(s) dict_keys(['example_skip_dag']) retrieved from /home/airflow/.local/lib/python3.7/site-packages/airflow/example_dags/example_skip_dag.py
[2022-08-12 01:50:32,312] {logging_mixin.py:115} INFO - [2022-08-12 01:50:32,311] {dag.py:2371} INFO - Sync 1 DAGs
[2022-08-12 01:50:32,435] {logging_mixin.py:115} INFO - [2022-08-12 01:50:32,435] {dag.py:2919} INFO - Setting next_dagrun for example_skip_dag to 2022-08-11T01:50:32.433701+00:00, run_after=2022-08-12T01:50:32.433701+00:00
[2022-08-12 01:50:32,519] {processor.py:161} INFO - Processing /home/airflow/.local/lib/python3.7/site-packages/airflow/example_dags/example_skip_dag.py took 0.425 seconds
[2022-08-12 02:01:13,123] {processor.py:153} INFO - Started process (PID=504) to work on /home/airflow/.local/lib/python3.7/site-packages/airflow/example_dags/example_skip_dag.py
[2022-08-12 02:01:13,124] {processor.py:641} INFO - Processing file /home/airflow/.local/lib/python3.7/site-packages/airflow/example_dags/example_skip_dag.py for tasks to queue
[2022-08-12 02:01:13,125] {logging_mixin.py:115} INFO - [2022-08-12 02:01:13,125] {dagbag.py:507} INFO - Filling up the DagBag from /home/airflow/.local/lib/python3.7/site-packages/airflow/example_dags/example_skip_dag.py
[2022-08-12 02:01:13,133] {processor.py:651} INFO - DAG(s) dict_keys(['example_skip_dag']) retrieved from /home/airflow/.local/lib/python3.7/site-packages/airflow/example_dags/example_skip_dag.py
[2022-08-12 02:01:13,190] {logging_mixin.py:115} INFO - [2022-08-12 02:01:13,190] {dag.py:2371} INFO - Sync 1 DAGs
[2022-08-12 02:01:13,218] {logging_mixin.py:115} INFO - [2022-08-12 02:01:13,218] {dag.py:2919} INFO - Setting next_dagrun for example_skip_dag to 2022-08-11T02:01:13.218144+00:00, run_after=2022-08-12T02:01:13.218144+00:00
[2022-08-12 02:01:13,238] {processor.py:161} INFO - Processing /home/airflow/.local/lib/python3.7/site-packages/airflow/example_dags/example_skip_dag.py took 0.120 seconds
[2022-08-12 02:01:45,681] {processor.py:153} INFO - Started process (PID=556) to work on /home/airflow/.local/lib/python3.7/site-packages/airflow/example_dags/example_skip_dag.py
[2022-08-12 02:01:45,685] {processor.py:641} INFO - Processing file /home/airflow/.local/lib/python3.7/site-packages/airflow/example_dags/example_skip_dag.py for tasks to queue
[2022-08-12 02:01:45,690] {logging_mixin.py:115} INFO - [2022-08-12 02:01:45,690] {dagbag.py:507} INFO - Filling up the DagBag from /home/airflow/.local/lib/python3.7/site-packages/airflow/example_dags/example_skip_dag.py
[2022-08-12 02:01:45,718] {processor.py:651} INFO - DAG(s) dict_keys(['example_skip_dag']) retrieved from /home/airflow/.local/lib/python3.7/site-packages/airflow/example_dags/example_skip_dag.py
[2022-08-12 02:01:45,862] {logging_mixin.py:115} INFO - [2022-08-12 02:01:45,861] {dag.py:2371} INFO - Sync 1 DAGs
[2022-08-12 02:01:45,951] {logging_mixin.py:115} INFO - [2022-08-12 02:01:45,951] {dag.py:2919} INFO - Setting next_dagrun for example_skip_dag to 2022-08-11T02:01:45.950341+00:00, run_after=2022-08-12T02:01:45.950341+00:00
[2022-08-12 02:01:45,991] {processor.py:161} INFO - Processing /home/airflow/.local/lib/python3.7/site-packages/airflow/example_dags/example_skip_dag.py took 0.322 seconds
[2022-08-12 02:08:59,228] {processor.py:153} INFO - Started process (PID=610) to work on /home/airflow/.local/lib/python3.7/site-packages/airflow/example_dags/example_skip_dag.py
[2022-08-12 02:08:59,231] {processor.py:641} INFO - Processing file /home/airflow/.local/lib/python3.7/site-packages/airflow/example_dags/example_skip_dag.py for tasks to queue
[2022-08-12 02:08:59,233] {logging_mixin.py:115} INFO - [2022-08-12 02:08:59,232] {dagbag.py:507} INFO - Filling up the DagBag from /home/airflow/.local/lib/python3.7/site-packages/airflow/example_dags/example_skip_dag.py
[2022-08-12 02:08:59,250] {processor.py:651} INFO - DAG(s) dict_keys(['example_skip_dag']) retrieved from /home/airflow/.local/lib/python3.7/site-packages/airflow/example_dags/example_skip_dag.py
[2022-08-12 02:08:59,342] {logging_mixin.py:115} INFO - [2022-08-12 02:08:59,341] {dag.py:2371} INFO - Sync 1 DAGs
[2022-08-12 02:08:59,387] {logging_mixin.py:115} INFO - [2022-08-12 02:08:59,387] {dag.py:2919} INFO - Setting next_dagrun for example_skip_dag to 2022-08-11T02:08:59.387128+00:00, run_after=2022-08-12T02:08:59.387128+00:00
[2022-08-12 02:08:59,433] {processor.py:161} INFO - Processing /home/airflow/.local/lib/python3.7/site-packages/airflow/example_dags/example_skip_dag.py took 0.210 seconds
[2022-08-12 02:09:33,840] {processor.py:153} INFO - Started process (PID=662) to work on /home/airflow/.local/lib/python3.7/site-packages/airflow/example_dags/example_skip_dag.py
[2022-08-12 02:09:33,847] {processor.py:641} INFO - Processing file /home/airflow/.local/lib/python3.7/site-packages/airflow/example_dags/example_skip_dag.py for tasks to queue
[2022-08-12 02:09:33,857] {logging_mixin.py:115} INFO - [2022-08-12 02:09:33,856] {dagbag.py:507} INFO - Filling up the DagBag from /home/airflow/.local/lib/python3.7/site-packages/airflow/example_dags/example_skip_dag.py
[2022-08-12 02:09:33,897] {processor.py:651} INFO - DAG(s) dict_keys(['example_skip_dag']) retrieved from /home/airflow/.local/lib/python3.7/site-packages/airflow/example_dags/example_skip_dag.py
[2022-08-12 02:09:34,007] {logging_mixin.py:115} INFO - [2022-08-12 02:09:34,006] {dag.py:2371} INFO - Sync 1 DAGs
[2022-08-12 02:09:34,105] {logging_mixin.py:115} INFO - [2022-08-12 02:09:34,105] {dag.py:2919} INFO - Setting next_dagrun for example_skip_dag to 2022-08-11T02:09:34.104054+00:00, run_after=2022-08-12T02:09:34.104054+00:00
[2022-08-12 02:09:34,175] {processor.py:161} INFO - Processing /home/airflow/.local/lib/python3.7/site-packages/airflow/example_dags/example_skip_dag.py took 0.353 seconds
[2022-08-12 02:14:31,966] {processor.py:153} INFO - Started process (PID=705) to work on /home/airflow/.local/lib/python3.7/site-packages/airflow/example_dags/example_skip_dag.py
[2022-08-12 02:14:31,967] {processor.py:641} INFO - Processing file /home/airflow/.local/lib/python3.7/site-packages/airflow/example_dags/example_skip_dag.py for tasks to queue
[2022-08-12 02:14:31,969] {logging_mixin.py:115} INFO - [2022-08-12 02:14:31,969] {dagbag.py:507} INFO - Filling up the DagBag from /home/airflow/.local/lib/python3.7/site-packages/airflow/example_dags/example_skip_dag.py
[2022-08-12 02:14:31,978] {processor.py:651} INFO - DAG(s) dict_keys(['example_skip_dag']) retrieved from /home/airflow/.local/lib/python3.7/site-packages/airflow/example_dags/example_skip_dag.py
[2022-08-12 02:14:32,036] {logging_mixin.py:115} INFO - [2022-08-12 02:14:32,036] {dag.py:2371} INFO - Sync 1 DAGs
[2022-08-12 02:14:32,072] {logging_mixin.py:115} INFO - [2022-08-12 02:14:32,072] {dag.py:2919} INFO - Setting next_dagrun for example_skip_dag to 2022-08-11T02:14:32.071762+00:00, run_after=2022-08-12T02:14:32.071762+00:00
[2022-08-12 02:14:32,104] {processor.py:161} INFO - Processing /home/airflow/.local/lib/python3.7/site-packages/airflow/example_dags/example_skip_dag.py took 0.143 seconds
[2022-08-12 02:15:04,103] {processor.py:153} INFO - Started process (PID=757) to work on /home/airflow/.local/lib/python3.7/site-packages/airflow/example_dags/example_skip_dag.py
[2022-08-12 02:15:04,107] {processor.py:641} INFO - Processing file /home/airflow/.local/lib/python3.7/site-packages/airflow/example_dags/example_skip_dag.py for tasks to queue
[2022-08-12 02:15:04,111] {logging_mixin.py:115} INFO - [2022-08-12 02:15:04,110] {dagbag.py:507} INFO - Filling up the DagBag from /home/airflow/.local/lib/python3.7/site-packages/airflow/example_dags/example_skip_dag.py
[2022-08-12 02:15:04,132] {processor.py:651} INFO - DAG(s) dict_keys(['example_skip_dag']) retrieved from /home/airflow/.local/lib/python3.7/site-packages/airflow/example_dags/example_skip_dag.py
[2022-08-12 02:15:04,249] {logging_mixin.py:115} INFO - [2022-08-12 02:15:04,249] {dag.py:2371} INFO - Sync 1 DAGs
[2022-08-12 02:15:04,349] {logging_mixin.py:115} INFO - [2022-08-12 02:15:04,348] {dag.py:2919} INFO - Setting next_dagrun for example_skip_dag to 2022-08-11T02:15:04.347918+00:00, run_after=2022-08-12T02:15:04.347918+00:00
[2022-08-12 02:15:04,403] {processor.py:161} INFO - Processing /home/airflow/.local/lib/python3.7/site-packages/airflow/example_dags/example_skip_dag.py took 0.313 seconds
[2022-08-12 02:20:04,072] {processor.py:153} INFO - Started process (PID=801) to work on /home/airflow/.local/lib/python3.7/site-packages/airflow/example_dags/example_skip_dag.py
[2022-08-12 02:20:04,074] {processor.py:641} INFO - Processing file /home/airflow/.local/lib/python3.7/site-packages/airflow/example_dags/example_skip_dag.py for tasks to queue
[2022-08-12 02:20:04,075] {logging_mixin.py:115} INFO - [2022-08-12 02:20:04,075] {dagbag.py:507} INFO - Filling up the DagBag from /home/airflow/.local/lib/python3.7/site-packages/airflow/example_dags/example_skip_dag.py
[2022-08-12 02:20:04,083] {processor.py:651} INFO - DAG(s) dict_keys(['example_skip_dag']) retrieved from /home/airflow/.local/lib/python3.7/site-packages/airflow/example_dags/example_skip_dag.py
[2022-08-12 02:20:04,128] {logging_mixin.py:115} INFO - [2022-08-12 02:20:04,127] {dag.py:2371} INFO - Sync 1 DAGs
[2022-08-12 02:20:04,159] {logging_mixin.py:115} INFO - [2022-08-12 02:20:04,159] {dag.py:2919} INFO - Setting next_dagrun for example_skip_dag to 2022-08-11T02:20:04.159385+00:00, run_after=2022-08-12T02:20:04.159385+00:00
[2022-08-12 02:20:04,181] {processor.py:161} INFO - Processing /home/airflow/.local/lib/python3.7/site-packages/airflow/example_dags/example_skip_dag.py took 0.113 seconds
[2022-08-12 02:20:35,777] {processor.py:153} INFO - Started process (PID=854) to work on /home/airflow/.local/lib/python3.7/site-packages/airflow/example_dags/example_skip_dag.py
[2022-08-12 02:20:35,781] {processor.py:641} INFO - Processing file /home/airflow/.local/lib/python3.7/site-packages/airflow/example_dags/example_skip_dag.py for tasks to queue
[2022-08-12 02:20:35,786] {logging_mixin.py:115} INFO - [2022-08-12 02:20:35,785] {dagbag.py:507} INFO - Filling up the DagBag from /home/airflow/.local/lib/python3.7/site-packages/airflow/example_dags/example_skip_dag.py
[2022-08-12 02:20:35,808] {processor.py:651} INFO - DAG(s) dict_keys(['example_skip_dag']) retrieved from /home/airflow/.local/lib/python3.7/site-packages/airflow/example_dags/example_skip_dag.py
[2022-08-12 02:20:35,919] {logging_mixin.py:115} INFO - [2022-08-12 02:20:35,919] {dag.py:2371} INFO - Sync 1 DAGs
[2022-08-12 02:20:35,984] {logging_mixin.py:115} INFO - [2022-08-12 02:20:35,984] {dag.py:2919} INFO - Setting next_dagrun for example_skip_dag to 2022-08-11T02:20:35.983785+00:00, run_after=2022-08-12T02:20:35.983785+00:00
[2022-08-12 02:20:36,035] {processor.py:161} INFO - Processing /home/airflow/.local/lib/python3.7/site-packages/airflow/example_dags/example_skip_dag.py took 0.275 seconds
[2022-08-12 02:25:36,301] {processor.py:153} INFO - Started process (PID=908) to work on /home/airflow/.local/lib/python3.7/site-packages/airflow/example_dags/example_skip_dag.py
[2022-08-12 02:25:36,303] {processor.py:641} INFO - Processing file /home/airflow/.local/lib/python3.7/site-packages/airflow/example_dags/example_skip_dag.py for tasks to queue
[2022-08-12 02:25:36,305] {logging_mixin.py:115} INFO - [2022-08-12 02:25:36,304] {dagbag.py:507} INFO - Filling up the DagBag from /home/airflow/.local/lib/python3.7/site-packages/airflow/example_dags/example_skip_dag.py
[2022-08-12 02:25:36,315] {processor.py:651} INFO - DAG(s) dict_keys(['example_skip_dag']) retrieved from /home/airflow/.local/lib/python3.7/site-packages/airflow/example_dags/example_skip_dag.py
[2022-08-12 02:25:36,429] {logging_mixin.py:115} INFO - [2022-08-12 02:25:36,429] {dag.py:2371} INFO - Sync 1 DAGs
[2022-08-12 02:25:36,484] {logging_mixin.py:115} INFO - [2022-08-12 02:25:36,484] {dag.py:2919} INFO - Setting next_dagrun for example_skip_dag to 2022-08-11T02:25:36.483500+00:00, run_after=2022-08-12T02:25:36.483500+00:00
[2022-08-12 02:25:36,508] {processor.py:161} INFO - Processing /home/airflow/.local/lib/python3.7/site-packages/airflow/example_dags/example_skip_dag.py took 0.212 seconds
[2022-08-12 02:26:08,772] {processor.py:153} INFO - Started process (PID=960) to work on /home/airflow/.local/lib/python3.7/site-packages/airflow/example_dags/example_skip_dag.py
[2022-08-12 02:26:08,776] {processor.py:641} INFO - Processing file /home/airflow/.local/lib/python3.7/site-packages/airflow/example_dags/example_skip_dag.py for tasks to queue
[2022-08-12 02:26:08,779] {logging_mixin.py:115} INFO - [2022-08-12 02:26:08,778] {dagbag.py:507} INFO - Filling up the DagBag from /home/airflow/.local/lib/python3.7/site-packages/airflow/example_dags/example_skip_dag.py
[2022-08-12 02:26:08,801] {processor.py:651} INFO - DAG(s) dict_keys(['example_skip_dag']) retrieved from /home/airflow/.local/lib/python3.7/site-packages/airflow/example_dags/example_skip_dag.py
[2022-08-12 02:26:08,888] {logging_mixin.py:115} INFO - [2022-08-12 02:26:08,888] {dag.py:2371} INFO - Sync 1 DAGs
[2022-08-12 02:26:08,976] {logging_mixin.py:115} INFO - [2022-08-12 02:26:08,976] {dag.py:2919} INFO - Setting next_dagrun for example_skip_dag to 2022-08-11T02:26:08.975064+00:00, run_after=2022-08-12T02:26:08.975064+00:00
[2022-08-12 02:26:09,020] {processor.py:161} INFO - Processing /home/airflow/.local/lib/python3.7/site-packages/airflow/example_dags/example_skip_dag.py took 0.261 seconds
[2022-08-12 02:31:10,013] {processor.py:153} INFO - Started process (PID=1012) to work on /home/airflow/.local/lib/python3.7/site-packages/airflow/example_dags/example_skip_dag.py
[2022-08-12 02:31:10,015] {processor.py:641} INFO - Processing file /home/airflow/.local/lib/python3.7/site-packages/airflow/example_dags/example_skip_dag.py for tasks to queue
[2022-08-12 02:31:10,017] {logging_mixin.py:115} INFO - [2022-08-12 02:31:10,017] {dagbag.py:507} INFO - Filling up the DagBag from /home/airflow/.local/lib/python3.7/site-packages/airflow/example_dags/example_skip_dag.py
[2022-08-12 02:31:10,035] {processor.py:651} INFO - DAG(s) dict_keys(['example_skip_dag']) retrieved from /home/airflow/.local/lib/python3.7/site-packages/airflow/example_dags/example_skip_dag.py
[2022-08-12 02:31:10,125] {logging_mixin.py:115} INFO - [2022-08-12 02:31:10,124] {dag.py:2371} INFO - Sync 1 DAGs
[2022-08-12 02:31:10,214] {logging_mixin.py:115} INFO - [2022-08-12 02:31:10,213] {dag.py:2919} INFO - Setting next_dagrun for example_skip_dag to 2022-08-11T02:31:10.213079+00:00, run_after=2022-08-12T02:31:10.213079+00:00
[2022-08-12 02:31:10,249] {processor.py:161} INFO - Processing /home/airflow/.local/lib/python3.7/site-packages/airflow/example_dags/example_skip_dag.py took 0.246 seconds
[2022-08-12 02:31:41,905] {processor.py:153} INFO - Started process (PID=1064) to work on /home/airflow/.local/lib/python3.7/site-packages/airflow/example_dags/example_skip_dag.py
[2022-08-12 02:31:41,910] {processor.py:641} INFO - Processing file /home/airflow/.local/lib/python3.7/site-packages/airflow/example_dags/example_skip_dag.py for tasks to queue
[2022-08-12 02:31:41,915] {logging_mixin.py:115} INFO - [2022-08-12 02:31:41,914] {dagbag.py:507} INFO - Filling up the DagBag from /home/airflow/.local/lib/python3.7/site-packages/airflow/example_dags/example_skip_dag.py
[2022-08-12 02:31:41,945] {processor.py:651} INFO - DAG(s) dict_keys(['example_skip_dag']) retrieved from /home/airflow/.local/lib/python3.7/site-packages/airflow/example_dags/example_skip_dag.py
[2022-08-12 02:31:42,071] {logging_mixin.py:115} INFO - [2022-08-12 02:31:42,070] {dag.py:2371} INFO - Sync 1 DAGs
[2022-08-12 02:31:42,167] {logging_mixin.py:115} INFO - [2022-08-12 02:31:42,167] {dag.py:2919} INFO - Setting next_dagrun for example_skip_dag to 2022-08-11T02:31:42.166384+00:00, run_after=2022-08-12T02:31:42.166384+00:00
[2022-08-12 02:31:42,234] {processor.py:161} INFO - Processing /home/airflow/.local/lib/python3.7/site-packages/airflow/example_dags/example_skip_dag.py took 0.353 seconds
[2022-08-12 02:36:42,012] {processor.py:153} INFO - Started process (PID=1108) to work on /home/airflow/.local/lib/python3.7/site-packages/airflow/example_dags/example_skip_dag.py
[2022-08-12 02:36:42,017] {processor.py:641} INFO - Processing file /home/airflow/.local/lib/python3.7/site-packages/airflow/example_dags/example_skip_dag.py for tasks to queue
[2022-08-12 02:36:42,019] {logging_mixin.py:115} INFO - [2022-08-12 02:36:42,019] {dagbag.py:507} INFO - Filling up the DagBag from /home/airflow/.local/lib/python3.7/site-packages/airflow/example_dags/example_skip_dag.py
[2022-08-12 02:36:42,035] {processor.py:651} INFO - DAG(s) dict_keys(['example_skip_dag']) retrieved from /home/airflow/.local/lib/python3.7/site-packages/airflow/example_dags/example_skip_dag.py
[2022-08-12 02:36:42,105] {logging_mixin.py:115} INFO - [2022-08-12 02:36:42,105] {dag.py:2371} INFO - Sync 1 DAGs
[2022-08-12 02:36:42,157] {logging_mixin.py:115} INFO - [2022-08-12 02:36:42,157] {dag.py:2919} INFO - Setting next_dagrun for example_skip_dag to 2022-08-11T02:36:42.156881+00:00, run_after=2022-08-12T02:36:42.156881+00:00
[2022-08-12 02:36:42,180] {processor.py:161} INFO - Processing /home/airflow/.local/lib/python3.7/site-packages/airflow/example_dags/example_skip_dag.py took 0.173 seconds
[2022-08-12 02:37:13,713] {processor.py:153} INFO - Started process (PID=1160) to work on /home/airflow/.local/lib/python3.7/site-packages/airflow/example_dags/example_skip_dag.py
[2022-08-12 02:37:13,718] {processor.py:641} INFO - Processing file /home/airflow/.local/lib/python3.7/site-packages/airflow/example_dags/example_skip_dag.py for tasks to queue
[2022-08-12 02:37:13,723] {logging_mixin.py:115} INFO - [2022-08-12 02:37:13,722] {dagbag.py:507} INFO - Filling up the DagBag from /home/airflow/.local/lib/python3.7/site-packages/airflow/example_dags/example_skip_dag.py
[2022-08-12 02:37:13,750] {processor.py:651} INFO - DAG(s) dict_keys(['example_skip_dag']) retrieved from /home/airflow/.local/lib/python3.7/site-packages/airflow/example_dags/example_skip_dag.py
[2022-08-12 02:37:13,858] {logging_mixin.py:115} INFO - [2022-08-12 02:37:13,858] {dag.py:2371} INFO - Sync 1 DAGs
[2022-08-12 02:37:13,919] {logging_mixin.py:115} INFO - [2022-08-12 02:37:13,918] {dag.py:2919} INFO - Setting next_dagrun for example_skip_dag to 2022-08-11T02:37:13.917956+00:00, run_after=2022-08-12T02:37:13.917956+00:00
[2022-08-12 02:37:13,959] {processor.py:161} INFO - Processing /home/airflow/.local/lib/python3.7/site-packages/airflow/example_dags/example_skip_dag.py took 0.261 seconds
[2022-08-12 02:53:19,364] {processor.py:153} INFO - Started process (PID=1231) to work on /home/airflow/.local/lib/python3.7/site-packages/airflow/example_dags/example_skip_dag.py
[2022-08-12 02:53:19,367] {processor.py:641} INFO - Processing file /home/airflow/.local/lib/python3.7/site-packages/airflow/example_dags/example_skip_dag.py for tasks to queue
[2022-08-12 02:53:19,370] {logging_mixin.py:115} INFO - [2022-08-12 02:53:19,369] {dagbag.py:507} INFO - Filling up the DagBag from /home/airflow/.local/lib/python3.7/site-packages/airflow/example_dags/example_skip_dag.py
[2022-08-12 02:53:19,391] {processor.py:651} INFO - DAG(s) dict_keys(['example_skip_dag']) retrieved from /home/airflow/.local/lib/python3.7/site-packages/airflow/example_dags/example_skip_dag.py
[2022-08-12 02:53:19,510] {logging_mixin.py:115} INFO - [2022-08-12 02:53:19,510] {dag.py:2371} INFO - Sync 1 DAGs
[2022-08-12 02:53:19,619] {logging_mixin.py:115} INFO - [2022-08-12 02:53:19,619] {dag.py:2919} INFO - Setting next_dagrun for example_skip_dag to 2022-08-11T02:53:19.619141+00:00, run_after=2022-08-12T02:53:19.619141+00:00
[2022-08-12 02:53:19,669] {processor.py:161} INFO - Processing /home/airflow/.local/lib/python3.7/site-packages/airflow/example_dags/example_skip_dag.py took 0.313 seconds
[2022-08-12 02:53:52,244] {processor.py:153} INFO - Started process (PID=1283) to work on /home/airflow/.local/lib/python3.7/site-packages/airflow/example_dags/example_skip_dag.py
[2022-08-12 02:53:52,272] {processor.py:641} INFO - Processing file /home/airflow/.local/lib/python3.7/site-packages/airflow/example_dags/example_skip_dag.py for tasks to queue
[2022-08-12 02:53:52,285] {logging_mixin.py:115} INFO - [2022-08-12 02:53:52,284] {dagbag.py:507} INFO - Filling up the DagBag from /home/airflow/.local/lib/python3.7/site-packages/airflow/example_dags/example_skip_dag.py
[2022-08-12 02:53:52,310] {processor.py:651} INFO - DAG(s) dict_keys(['example_skip_dag']) retrieved from /home/airflow/.local/lib/python3.7/site-packages/airflow/example_dags/example_skip_dag.py
[2022-08-12 02:53:52,449] {logging_mixin.py:115} INFO - [2022-08-12 02:53:52,449] {dag.py:2371} INFO - Sync 1 DAGs
[2022-08-12 02:53:52,547] {logging_mixin.py:115} INFO - [2022-08-12 02:53:52,547] {dag.py:2919} INFO - Setting next_dagrun for example_skip_dag to 2022-08-11T02:53:52.545906+00:00, run_after=2022-08-12T02:53:52.545906+00:00
[2022-08-12 02:53:52,592] {processor.py:161} INFO - Processing /home/airflow/.local/lib/python3.7/site-packages/airflow/example_dags/example_skip_dag.py took 0.370 seconds
[2022-08-12 02:54:23,723] {processor.py:153} INFO - Started process (PID=1333) to work on /home/airflow/.local/lib/python3.7/site-packages/airflow/example_dags/example_skip_dag.py
[2022-08-12 02:54:23,732] {processor.py:641} INFO - Processing file /home/airflow/.local/lib/python3.7/site-packages/airflow/example_dags/example_skip_dag.py for tasks to queue
[2022-08-12 02:54:23,742] {logging_mixin.py:115} INFO - [2022-08-12 02:54:23,741] {dagbag.py:507} INFO - Filling up the DagBag from /home/airflow/.local/lib/python3.7/site-packages/airflow/example_dags/example_skip_dag.py
[2022-08-12 02:54:23,793] {processor.py:651} INFO - DAG(s) dict_keys(['example_skip_dag']) retrieved from /home/airflow/.local/lib/python3.7/site-packages/airflow/example_dags/example_skip_dag.py
[2022-08-12 02:54:24,024] {logging_mixin.py:115} INFO - [2022-08-12 02:54:24,021] {dag.py:2371} INFO - Sync 1 DAGs
[2022-08-12 02:54:24,216] {logging_mixin.py:115} INFO - [2022-08-12 02:54:24,215] {dag.py:2919} INFO - Setting next_dagrun for example_skip_dag to 2022-08-11T02:54:24.214224+00:00, run_after=2022-08-12T02:54:24.214224+00:00
[2022-08-12 02:54:24,325] {processor.py:161} INFO - Processing /home/airflow/.local/lib/python3.7/site-packages/airflow/example_dags/example_skip_dag.py took 0.619 seconds
[2022-08-12 02:54:54,648] {processor.py:153} INFO - Started process (PID=1379) to work on /home/airflow/.local/lib/python3.7/site-packages/airflow/example_dags/example_skip_dag.py
[2022-08-12 02:54:54,659] {processor.py:641} INFO - Processing file /home/airflow/.local/lib/python3.7/site-packages/airflow/example_dags/example_skip_dag.py for tasks to queue
[2022-08-12 02:54:54,666] {logging_mixin.py:115} INFO - [2022-08-12 02:54:54,664] {dagbag.py:507} INFO - Filling up the DagBag from /home/airflow/.local/lib/python3.7/site-packages/airflow/example_dags/example_skip_dag.py
[2022-08-12 02:54:54,706] {processor.py:651} INFO - DAG(s) dict_keys(['example_skip_dag']) retrieved from /home/airflow/.local/lib/python3.7/site-packages/airflow/example_dags/example_skip_dag.py
[2022-08-12 02:54:54,854] {logging_mixin.py:115} INFO - [2022-08-12 02:54:54,854] {dag.py:2371} INFO - Sync 1 DAGs
[2022-08-12 02:54:55,062] {logging_mixin.py:115} INFO - [2022-08-12 02:54:55,061] {dag.py:2919} INFO - Setting next_dagrun for example_skip_dag to 2022-08-11T02:54:55.058449+00:00, run_after=2022-08-12T02:54:55.058449+00:00
[2022-08-12 02:54:55,115] {processor.py:161} INFO - Processing /home/airflow/.local/lib/python3.7/site-packages/airflow/example_dags/example_skip_dag.py took 0.485 seconds
[2022-08-12 02:55:25,823] {processor.py:153} INFO - Started process (PID=1431) to work on /home/airflow/.local/lib/python3.7/site-packages/airflow/example_dags/example_skip_dag.py
[2022-08-12 02:55:25,829] {processor.py:641} INFO - Processing file /home/airflow/.local/lib/python3.7/site-packages/airflow/example_dags/example_skip_dag.py for tasks to queue
[2022-08-12 02:55:25,833] {logging_mixin.py:115} INFO - [2022-08-12 02:55:25,833] {dagbag.py:507} INFO - Filling up the DagBag from /home/airflow/.local/lib/python3.7/site-packages/airflow/example_dags/example_skip_dag.py
[2022-08-12 02:55:25,882] {processor.py:651} INFO - DAG(s) dict_keys(['example_skip_dag']) retrieved from /home/airflow/.local/lib/python3.7/site-packages/airflow/example_dags/example_skip_dag.py
[2022-08-12 02:55:26,035] {logging_mixin.py:115} INFO - [2022-08-12 02:55:26,034] {dag.py:2371} INFO - Sync 1 DAGs
[2022-08-12 02:55:26,128] {logging_mixin.py:115} INFO - [2022-08-12 02:55:26,128] {dag.py:2919} INFO - Setting next_dagrun for example_skip_dag to 2022-08-11T02:55:26.125195+00:00, run_after=2022-08-12T02:55:26.125195+00:00
[2022-08-12 02:55:26,176] {processor.py:161} INFO - Processing /home/airflow/.local/lib/python3.7/site-packages/airflow/example_dags/example_skip_dag.py took 0.368 seconds
[2022-08-12 02:55:57,098] {processor.py:153} INFO - Started process (PID=1483) to work on /home/airflow/.local/lib/python3.7/site-packages/airflow/example_dags/example_skip_dag.py
[2022-08-12 02:55:57,100] {processor.py:641} INFO - Processing file /home/airflow/.local/lib/python3.7/site-packages/airflow/example_dags/example_skip_dag.py for tasks to queue
[2022-08-12 02:55:57,102] {logging_mixin.py:115} INFO - [2022-08-12 02:55:57,102] {dagbag.py:507} INFO - Filling up the DagBag from /home/airflow/.local/lib/python3.7/site-packages/airflow/example_dags/example_skip_dag.py
[2022-08-12 02:55:57,120] {processor.py:651} INFO - DAG(s) dict_keys(['example_skip_dag']) retrieved from /home/airflow/.local/lib/python3.7/site-packages/airflow/example_dags/example_skip_dag.py
[2022-08-12 02:55:57,197] {logging_mixin.py:115} INFO - [2022-08-12 02:55:57,196] {dag.py:2371} INFO - Sync 1 DAGs
[2022-08-12 02:55:57,241] {logging_mixin.py:115} INFO - [2022-08-12 02:55:57,240] {dag.py:2919} INFO - Setting next_dagrun for example_skip_dag to 2022-08-11T02:55:57.240210+00:00, run_after=2022-08-12T02:55:57.240210+00:00
[2022-08-12 02:55:57,266] {processor.py:161} INFO - Processing /home/airflow/.local/lib/python3.7/site-packages/airflow/example_dags/example_skip_dag.py took 0.177 seconds
[2022-08-12 02:56:27,520] {processor.py:153} INFO - Started process (PID=1536) to work on /home/airflow/.local/lib/python3.7/site-packages/airflow/example_dags/example_skip_dag.py
[2022-08-12 02:56:27,524] {processor.py:641} INFO - Processing file /home/airflow/.local/lib/python3.7/site-packages/airflow/example_dags/example_skip_dag.py for tasks to queue
[2022-08-12 02:56:27,526] {logging_mixin.py:115} INFO - [2022-08-12 02:56:27,526] {dagbag.py:507} INFO - Filling up the DagBag from /home/airflow/.local/lib/python3.7/site-packages/airflow/example_dags/example_skip_dag.py
[2022-08-12 02:56:27,538] {processor.py:651} INFO - DAG(s) dict_keys(['example_skip_dag']) retrieved from /home/airflow/.local/lib/python3.7/site-packages/airflow/example_dags/example_skip_dag.py
[2022-08-12 02:56:27,591] {logging_mixin.py:115} INFO - [2022-08-12 02:56:27,590] {dag.py:2371} INFO - Sync 1 DAGs
[2022-08-12 02:56:27,622] {logging_mixin.py:115} INFO - [2022-08-12 02:56:27,622] {dag.py:2919} INFO - Setting next_dagrun for example_skip_dag to 2022-08-11T02:56:27.621672+00:00, run_after=2022-08-12T02:56:27.621672+00:00
[2022-08-12 02:56:27,644] {processor.py:161} INFO - Processing /home/airflow/.local/lib/python3.7/site-packages/airflow/example_dags/example_skip_dag.py took 0.130 seconds
[2022-08-12 02:56:57,850] {processor.py:153} INFO - Started process (PID=1597) to work on /home/airflow/.local/lib/python3.7/site-packages/airflow/example_dags/example_skip_dag.py
[2022-08-12 02:56:57,852] {processor.py:641} INFO - Processing file /home/airflow/.local/lib/python3.7/site-packages/airflow/example_dags/example_skip_dag.py for tasks to queue
[2022-08-12 02:56:57,854] {logging_mixin.py:115} INFO - [2022-08-12 02:56:57,854] {dagbag.py:507} INFO - Filling up the DagBag from /home/airflow/.local/lib/python3.7/site-packages/airflow/example_dags/example_skip_dag.py
[2022-08-12 02:56:57,865] {processor.py:651} INFO - DAG(s) dict_keys(['example_skip_dag']) retrieved from /home/airflow/.local/lib/python3.7/site-packages/airflow/example_dags/example_skip_dag.py
[2022-08-12 02:56:57,916] {logging_mixin.py:115} INFO - [2022-08-12 02:56:57,916] {dag.py:2371} INFO - Sync 1 DAGs
[2022-08-12 02:56:57,948] {logging_mixin.py:115} INFO - [2022-08-12 02:56:57,948] {dag.py:2919} INFO - Setting next_dagrun for example_skip_dag to 2022-08-11T02:56:57.947988+00:00, run_after=2022-08-12T02:56:57.947988+00:00
[2022-08-12 02:56:57,968] {processor.py:161} INFO - Processing /home/airflow/.local/lib/python3.7/site-packages/airflow/example_dags/example_skip_dag.py took 0.123 seconds
[2022-08-12 02:57:28,120] {processor.py:153} INFO - Started process (PID=1649) to work on /home/airflow/.local/lib/python3.7/site-packages/airflow/example_dags/example_skip_dag.py
[2022-08-12 02:57:28,122] {processor.py:641} INFO - Processing file /home/airflow/.local/lib/python3.7/site-packages/airflow/example_dags/example_skip_dag.py for tasks to queue
[2022-08-12 02:57:28,123] {logging_mixin.py:115} INFO - [2022-08-12 02:57:28,123] {dagbag.py:507} INFO - Filling up the DagBag from /home/airflow/.local/lib/python3.7/site-packages/airflow/example_dags/example_skip_dag.py
[2022-08-12 02:57:28,133] {processor.py:651} INFO - DAG(s) dict_keys(['example_skip_dag']) retrieved from /home/airflow/.local/lib/python3.7/site-packages/airflow/example_dags/example_skip_dag.py
[2022-08-12 02:57:28,179] {logging_mixin.py:115} INFO - [2022-08-12 02:57:28,179] {dag.py:2371} INFO - Sync 1 DAGs
[2022-08-12 02:57:28,208] {logging_mixin.py:115} INFO - [2022-08-12 02:57:28,208] {dag.py:2919} INFO - Setting next_dagrun for example_skip_dag to 2022-08-11T02:57:28.207730+00:00, run_after=2022-08-12T02:57:28.207730+00:00
[2022-08-12 02:57:28,225] {processor.py:161} INFO - Processing /home/airflow/.local/lib/python3.7/site-packages/airflow/example_dags/example_skip_dag.py took 0.114 seconds
[2022-08-12 02:57:58,300] {processor.py:153} INFO - Started process (PID=1710) to work on /home/airflow/.local/lib/python3.7/site-packages/airflow/example_dags/example_skip_dag.py
[2022-08-12 02:57:58,302] {processor.py:641} INFO - Processing file /home/airflow/.local/lib/python3.7/site-packages/airflow/example_dags/example_skip_dag.py for tasks to queue
[2022-08-12 02:57:58,303] {logging_mixin.py:115} INFO - [2022-08-12 02:57:58,303] {dagbag.py:507} INFO - Filling up the DagBag from /home/airflow/.local/lib/python3.7/site-packages/airflow/example_dags/example_skip_dag.py
[2022-08-12 02:57:58,313] {processor.py:651} INFO - DAG(s) dict_keys(['example_skip_dag']) retrieved from /home/airflow/.local/lib/python3.7/site-packages/airflow/example_dags/example_skip_dag.py
[2022-08-12 02:57:58,354] {logging_mixin.py:115} INFO - [2022-08-12 02:57:58,354] {dag.py:2371} INFO - Sync 1 DAGs
[2022-08-12 02:57:58,384] {logging_mixin.py:115} INFO - [2022-08-12 02:57:58,384] {dag.py:2919} INFO - Setting next_dagrun for example_skip_dag to 2022-08-11T02:57:58.384020+00:00, run_after=2022-08-12T02:57:58.384020+00:00
[2022-08-12 02:57:58,402] {processor.py:161} INFO - Processing /home/airflow/.local/lib/python3.7/site-packages/airflow/example_dags/example_skip_dag.py took 0.107 seconds
[2022-08-12 02:58:28,740] {processor.py:153} INFO - Started process (PID=1769) to work on /home/airflow/.local/lib/python3.7/site-packages/airflow/example_dags/example_skip_dag.py
[2022-08-12 02:58:28,741] {processor.py:641} INFO - Processing file /home/airflow/.local/lib/python3.7/site-packages/airflow/example_dags/example_skip_dag.py for tasks to queue
[2022-08-12 02:58:28,742] {logging_mixin.py:115} INFO - [2022-08-12 02:58:28,742] {dagbag.py:507} INFO - Filling up the DagBag from /home/airflow/.local/lib/python3.7/site-packages/airflow/example_dags/example_skip_dag.py
[2022-08-12 02:58:28,752] {processor.py:651} INFO - DAG(s) dict_keys(['example_skip_dag']) retrieved from /home/airflow/.local/lib/python3.7/site-packages/airflow/example_dags/example_skip_dag.py
[2022-08-12 02:58:28,797] {logging_mixin.py:115} INFO - [2022-08-12 02:58:28,797] {dag.py:2371} INFO - Sync 1 DAGs
[2022-08-12 02:58:28,824] {logging_mixin.py:115} INFO - [2022-08-12 02:58:28,824] {dag.py:2919} INFO - Setting next_dagrun for example_skip_dag to 2022-08-11T02:58:28.823825+00:00, run_after=2022-08-12T02:58:28.823825+00:00
[2022-08-12 02:58:28,841] {processor.py:161} INFO - Processing /home/airflow/.local/lib/python3.7/site-packages/airflow/example_dags/example_skip_dag.py took 0.105 seconds
[2022-08-12 02:58:59,177] {processor.py:153} INFO - Started process (PID=1823) to work on /home/airflow/.local/lib/python3.7/site-packages/airflow/example_dags/example_skip_dag.py
[2022-08-12 02:58:59,178] {processor.py:641} INFO - Processing file /home/airflow/.local/lib/python3.7/site-packages/airflow/example_dags/example_skip_dag.py for tasks to queue
[2022-08-12 02:58:59,180] {logging_mixin.py:115} INFO - [2022-08-12 02:58:59,180] {dagbag.py:507} INFO - Filling up the DagBag from /home/airflow/.local/lib/python3.7/site-packages/airflow/example_dags/example_skip_dag.py
[2022-08-12 02:58:59,190] {processor.py:651} INFO - DAG(s) dict_keys(['example_skip_dag']) retrieved from /home/airflow/.local/lib/python3.7/site-packages/airflow/example_dags/example_skip_dag.py
[2022-08-12 02:58:59,224] {logging_mixin.py:115} INFO - [2022-08-12 02:58:59,224] {dag.py:2371} INFO - Sync 1 DAGs
[2022-08-12 02:58:59,250] {logging_mixin.py:115} INFO - [2022-08-12 02:58:59,250] {dag.py:2919} INFO - Setting next_dagrun for example_skip_dag to 2022-08-11T02:58:59.249901+00:00, run_after=2022-08-12T02:58:59.249901+00:00
[2022-08-12 02:58:59,271] {processor.py:161} INFO - Processing /home/airflow/.local/lib/python3.7/site-packages/airflow/example_dags/example_skip_dag.py took 0.101 seconds
[2022-08-12 02:59:29,420] {processor.py:153} INFO - Started process (PID=1884) to work on /home/airflow/.local/lib/python3.7/site-packages/airflow/example_dags/example_skip_dag.py
[2022-08-12 02:59:29,422] {processor.py:641} INFO - Processing file /home/airflow/.local/lib/python3.7/site-packages/airflow/example_dags/example_skip_dag.py for tasks to queue
[2022-08-12 02:59:29,425] {logging_mixin.py:115} INFO - [2022-08-12 02:59:29,424] {dagbag.py:507} INFO - Filling up the DagBag from /home/airflow/.local/lib/python3.7/site-packages/airflow/example_dags/example_skip_dag.py
[2022-08-12 02:59:29,433] {processor.py:651} INFO - DAG(s) dict_keys(['example_skip_dag']) retrieved from /home/airflow/.local/lib/python3.7/site-packages/airflow/example_dags/example_skip_dag.py
[2022-08-12 02:59:29,468] {logging_mixin.py:115} INFO - [2022-08-12 02:59:29,468] {dag.py:2371} INFO - Sync 1 DAGs
[2022-08-12 02:59:29,493] {logging_mixin.py:115} INFO - [2022-08-12 02:59:29,492] {dag.py:2919} INFO - Setting next_dagrun for example_skip_dag to 2022-08-11T02:59:29.492304+00:00, run_after=2022-08-12T02:59:29.492304+00:00
[2022-08-12 02:59:29,511] {processor.py:161} INFO - Processing /home/airflow/.local/lib/python3.7/site-packages/airflow/example_dags/example_skip_dag.py took 0.098 seconds
[2022-08-12 02:59:59,864] {processor.py:153} INFO - Started process (PID=1936) to work on /home/airflow/.local/lib/python3.7/site-packages/airflow/example_dags/example_skip_dag.py
[2022-08-12 02:59:59,866] {processor.py:641} INFO - Processing file /home/airflow/.local/lib/python3.7/site-packages/airflow/example_dags/example_skip_dag.py for tasks to queue
[2022-08-12 02:59:59,867] {logging_mixin.py:115} INFO - [2022-08-12 02:59:59,867] {dagbag.py:507} INFO - Filling up the DagBag from /home/airflow/.local/lib/python3.7/site-packages/airflow/example_dags/example_skip_dag.py
[2022-08-12 02:59:59,876] {processor.py:651} INFO - DAG(s) dict_keys(['example_skip_dag']) retrieved from /home/airflow/.local/lib/python3.7/site-packages/airflow/example_dags/example_skip_dag.py
[2022-08-12 02:59:59,923] {logging_mixin.py:115} INFO - [2022-08-12 02:59:59,923] {dag.py:2371} INFO - Sync 1 DAGs
[2022-08-12 02:59:59,950] {logging_mixin.py:115} INFO - [2022-08-12 02:59:59,950] {dag.py:2919} INFO - Setting next_dagrun for example_skip_dag to 2022-08-11T02:59:59.949753+00:00, run_after=2022-08-12T02:59:59.949753+00:00
[2022-08-12 02:59:59,965] {processor.py:161} INFO - Processing /home/airflow/.local/lib/python3.7/site-packages/airflow/example_dags/example_skip_dag.py took 0.106 seconds
[2022-08-12 03:00:30,556] {processor.py:153} INFO - Started process (PID=1997) to work on /home/airflow/.local/lib/python3.7/site-packages/airflow/example_dags/example_skip_dag.py
[2022-08-12 03:00:30,558] {processor.py:641} INFO - Processing file /home/airflow/.local/lib/python3.7/site-packages/airflow/example_dags/example_skip_dag.py for tasks to queue
[2022-08-12 03:00:30,560] {logging_mixin.py:115} INFO - [2022-08-12 03:00:30,560] {dagbag.py:507} INFO - Filling up the DagBag from /home/airflow/.local/lib/python3.7/site-packages/airflow/example_dags/example_skip_dag.py
[2022-08-12 03:00:30,569] {processor.py:651} INFO - DAG(s) dict_keys(['example_skip_dag']) retrieved from /home/airflow/.local/lib/python3.7/site-packages/airflow/example_dags/example_skip_dag.py
[2022-08-12 03:00:30,614] {logging_mixin.py:115} INFO - [2022-08-12 03:00:30,613] {dag.py:2371} INFO - Sync 1 DAGs
[2022-08-12 03:00:30,653] {logging_mixin.py:115} INFO - [2022-08-12 03:00:30,653] {dag.py:2919} INFO - Setting next_dagrun for example_skip_dag to 2022-08-11T03:00:30.650710+00:00, run_after=2022-08-12T03:00:30.650710+00:00
[2022-08-12 03:00:30,683] {processor.py:161} INFO - Processing /home/airflow/.local/lib/python3.7/site-packages/airflow/example_dags/example_skip_dag.py took 0.134 seconds
[2022-08-12 03:05:34,202] {processor.py:153} INFO - Started process (PID=2049) to work on /home/airflow/.local/lib/python3.7/site-packages/airflow/example_dags/example_skip_dag.py
[2022-08-12 03:05:34,204] {processor.py:641} INFO - Processing file /home/airflow/.local/lib/python3.7/site-packages/airflow/example_dags/example_skip_dag.py for tasks to queue
[2022-08-12 03:05:34,205] {logging_mixin.py:115} INFO - [2022-08-12 03:05:34,205] {dagbag.py:507} INFO - Filling up the DagBag from /home/airflow/.local/lib/python3.7/site-packages/airflow/example_dags/example_skip_dag.py
[2022-08-12 03:05:34,213] {processor.py:651} INFO - DAG(s) dict_keys(['example_skip_dag']) retrieved from /home/airflow/.local/lib/python3.7/site-packages/airflow/example_dags/example_skip_dag.py
[2022-08-12 03:05:34,249] {logging_mixin.py:115} INFO - [2022-08-12 03:05:34,249] {dag.py:2371} INFO - Sync 1 DAGs
[2022-08-12 03:05:34,270] {logging_mixin.py:115} INFO - [2022-08-12 03:05:34,270] {dag.py:2919} INFO - Setting next_dagrun for example_skip_dag to 2022-08-11T03:05:34.270557+00:00, run_after=2022-08-12T03:05:34.270557+00:00
[2022-08-12 03:05:34,283] {processor.py:161} INFO - Processing /home/airflow/.local/lib/python3.7/site-packages/airflow/example_dags/example_skip_dag.py took 0.088 seconds
[2022-08-12 03:06:05,866] {processor.py:153} INFO - Started process (PID=2101) to work on /home/airflow/.local/lib/python3.7/site-packages/airflow/example_dags/example_skip_dag.py
[2022-08-12 03:06:05,868] {processor.py:641} INFO - Processing file /home/airflow/.local/lib/python3.7/site-packages/airflow/example_dags/example_skip_dag.py for tasks to queue
[2022-08-12 03:06:05,871] {logging_mixin.py:115} INFO - [2022-08-12 03:06:05,870] {dagbag.py:507} INFO - Filling up the DagBag from /home/airflow/.local/lib/python3.7/site-packages/airflow/example_dags/example_skip_dag.py
[2022-08-12 03:06:05,888] {processor.py:651} INFO - DAG(s) dict_keys(['example_skip_dag']) retrieved from /home/airflow/.local/lib/python3.7/site-packages/airflow/example_dags/example_skip_dag.py
[2022-08-12 03:06:05,958] {logging_mixin.py:115} INFO - [2022-08-12 03:06:05,958] {dag.py:2371} INFO - Sync 1 DAGs
[2022-08-12 03:06:06,003] {logging_mixin.py:115} INFO - [2022-08-12 03:06:06,003] {dag.py:2919} INFO - Setting next_dagrun for example_skip_dag to 2022-08-11T03:06:06.002380+00:00, run_after=2022-08-12T03:06:06.002380+00:00
[2022-08-12 03:06:06,032] {processor.py:161} INFO - Processing /home/airflow/.local/lib/python3.7/site-packages/airflow/example_dags/example_skip_dag.py took 0.177 seconds
[2022-08-12 03:11:06,956] {processor.py:153} INFO - Started process (PID=2154) to work on /home/airflow/.local/lib/python3.7/site-packages/airflow/example_dags/example_skip_dag.py
[2022-08-12 03:11:06,957] {processor.py:641} INFO - Processing file /home/airflow/.local/lib/python3.7/site-packages/airflow/example_dags/example_skip_dag.py for tasks to queue
[2022-08-12 03:11:06,958] {logging_mixin.py:115} INFO - [2022-08-12 03:11:06,958] {dagbag.py:507} INFO - Filling up the DagBag from /home/airflow/.local/lib/python3.7/site-packages/airflow/example_dags/example_skip_dag.py
[2022-08-12 03:11:06,965] {processor.py:651} INFO - DAG(s) dict_keys(['example_skip_dag']) retrieved from /home/airflow/.local/lib/python3.7/site-packages/airflow/example_dags/example_skip_dag.py
[2022-08-12 03:11:06,999] {logging_mixin.py:115} INFO - [2022-08-12 03:11:06,999] {dag.py:2371} INFO - Sync 1 DAGs
[2022-08-12 03:11:07,019] {logging_mixin.py:115} INFO - [2022-08-12 03:11:07,019] {dag.py:2919} INFO - Setting next_dagrun for example_skip_dag to 2022-08-11T03:11:07.019507+00:00, run_after=2022-08-12T03:11:07.019507+00:00
[2022-08-12 03:11:07,036] {processor.py:161} INFO - Processing /home/airflow/.local/lib/python3.7/site-packages/airflow/example_dags/example_skip_dag.py took 0.084 seconds
[2022-08-12 03:11:38,133] {processor.py:153} INFO - Started process (PID=2206) to work on /home/airflow/.local/lib/python3.7/site-packages/airflow/example_dags/example_skip_dag.py
[2022-08-12 03:11:38,136] {processor.py:641} INFO - Processing file /home/airflow/.local/lib/python3.7/site-packages/airflow/example_dags/example_skip_dag.py for tasks to queue
[2022-08-12 03:11:38,140] {logging_mixin.py:115} INFO - [2022-08-12 03:11:38,140] {dagbag.py:507} INFO - Filling up the DagBag from /home/airflow/.local/lib/python3.7/site-packages/airflow/example_dags/example_skip_dag.py
[2022-08-12 03:11:38,156] {processor.py:651} INFO - DAG(s) dict_keys(['example_skip_dag']) retrieved from /home/airflow/.local/lib/python3.7/site-packages/airflow/example_dags/example_skip_dag.py
[2022-08-12 03:11:38,234] {logging_mixin.py:115} INFO - [2022-08-12 03:11:38,234] {dag.py:2371} INFO - Sync 1 DAGs
[2022-08-12 03:11:38,278] {logging_mixin.py:115} INFO - [2022-08-12 03:11:38,278] {dag.py:2919} INFO - Setting next_dagrun for example_skip_dag to 2022-08-11T03:11:38.277454+00:00, run_after=2022-08-12T03:11:38.277454+00:00
[2022-08-12 03:11:38,305] {processor.py:161} INFO - Processing /home/airflow/.local/lib/python3.7/site-packages/airflow/example_dags/example_skip_dag.py took 0.180 seconds
[2022-08-12 03:16:39,888] {processor.py:153} INFO - Started process (PID=2258) to work on /home/airflow/.local/lib/python3.7/site-packages/airflow/example_dags/example_skip_dag.py
[2022-08-12 03:16:39,890] {processor.py:641} INFO - Processing file /home/airflow/.local/lib/python3.7/site-packages/airflow/example_dags/example_skip_dag.py for tasks to queue
[2022-08-12 03:16:39,892] {logging_mixin.py:115} INFO - [2022-08-12 03:16:39,891] {dagbag.py:507} INFO - Filling up the DagBag from /home/airflow/.local/lib/python3.7/site-packages/airflow/example_dags/example_skip_dag.py
[2022-08-12 03:16:39,906] {processor.py:651} INFO - DAG(s) dict_keys(['example_skip_dag']) retrieved from /home/airflow/.local/lib/python3.7/site-packages/airflow/example_dags/example_skip_dag.py
[2022-08-12 03:16:39,977] {logging_mixin.py:115} INFO - [2022-08-12 03:16:39,977] {dag.py:2371} INFO - Sync 1 DAGs
[2022-08-12 03:16:40,019] {logging_mixin.py:115} INFO - [2022-08-12 03:16:40,019] {dag.py:2919} INFO - Setting next_dagrun for example_skip_dag to 2022-08-11T03:16:40.019267+00:00, run_after=2022-08-12T03:16:40.019267+00:00
[2022-08-12 03:16:40,053] {processor.py:161} INFO - Processing /home/airflow/.local/lib/python3.7/site-packages/airflow/example_dags/example_skip_dag.py took 0.169 seconds
[2022-08-12 03:17:11,231] {processor.py:153} INFO - Started process (PID=2309) to work on /home/airflow/.local/lib/python3.7/site-packages/airflow/example_dags/example_skip_dag.py
[2022-08-12 03:17:11,234] {processor.py:641} INFO - Processing file /home/airflow/.local/lib/python3.7/site-packages/airflow/example_dags/example_skip_dag.py for tasks to queue
[2022-08-12 03:17:11,237] {logging_mixin.py:115} INFO - [2022-08-12 03:17:11,237] {dagbag.py:507} INFO - Filling up the DagBag from /home/airflow/.local/lib/python3.7/site-packages/airflow/example_dags/example_skip_dag.py
[2022-08-12 03:17:11,257] {processor.py:651} INFO - DAG(s) dict_keys(['example_skip_dag']) retrieved from /home/airflow/.local/lib/python3.7/site-packages/airflow/example_dags/example_skip_dag.py
[2022-08-12 03:17:11,345] {logging_mixin.py:115} INFO - [2022-08-12 03:17:11,344] {dag.py:2371} INFO - Sync 1 DAGs
[2022-08-12 03:17:11,403] {logging_mixin.py:115} INFO - [2022-08-12 03:17:11,403] {dag.py:2919} INFO - Setting next_dagrun for example_skip_dag to 2022-08-11T03:17:11.402653+00:00, run_after=2022-08-12T03:17:11.402653+00:00
[2022-08-12 03:17:11,442] {processor.py:161} INFO - Processing /home/airflow/.local/lib/python3.7/site-packages/airflow/example_dags/example_skip_dag.py took 0.223 seconds
[2022-08-12 03:22:13,215] {processor.py:153} INFO - Started process (PID=2361) to work on /home/airflow/.local/lib/python3.7/site-packages/airflow/example_dags/example_skip_dag.py
[2022-08-12 03:22:13,217] {processor.py:641} INFO - Processing file /home/airflow/.local/lib/python3.7/site-packages/airflow/example_dags/example_skip_dag.py for tasks to queue
[2022-08-12 03:22:13,219] {logging_mixin.py:115} INFO - [2022-08-12 03:22:13,219] {dagbag.py:507} INFO - Filling up the DagBag from /home/airflow/.local/lib/python3.7/site-packages/airflow/example_dags/example_skip_dag.py
[2022-08-12 03:22:13,226] {processor.py:651} INFO - DAG(s) dict_keys(['example_skip_dag']) retrieved from /home/airflow/.local/lib/python3.7/site-packages/airflow/example_dags/example_skip_dag.py
[2022-08-12 03:22:13,288] {logging_mixin.py:115} INFO - [2022-08-12 03:22:13,288] {dag.py:2371} INFO - Sync 1 DAGs
[2022-08-12 03:22:13,334] {logging_mixin.py:115} INFO - [2022-08-12 03:22:13,324] {dag.py:2919} INFO - Setting next_dagrun for example_skip_dag to 2022-08-11T03:22:13.324371+00:00, run_after=2022-08-12T03:22:13.324371+00:00
[2022-08-12 03:22:13,348] {processor.py:161} INFO - Processing /home/airflow/.local/lib/python3.7/site-packages/airflow/example_dags/example_skip_dag.py took 0.137 seconds
[2022-08-12 03:22:44,453] {processor.py:153} INFO - Started process (PID=2413) to work on /home/airflow/.local/lib/python3.7/site-packages/airflow/example_dags/example_skip_dag.py
[2022-08-12 03:22:44,456] {processor.py:641} INFO - Processing file /home/airflow/.local/lib/python3.7/site-packages/airflow/example_dags/example_skip_dag.py for tasks to queue
[2022-08-12 03:22:44,459] {logging_mixin.py:115} INFO - [2022-08-12 03:22:44,459] {dagbag.py:507} INFO - Filling up the DagBag from /home/airflow/.local/lib/python3.7/site-packages/airflow/example_dags/example_skip_dag.py
[2022-08-12 03:22:44,478] {processor.py:651} INFO - DAG(s) dict_keys(['example_skip_dag']) retrieved from /home/airflow/.local/lib/python3.7/site-packages/airflow/example_dags/example_skip_dag.py
[2022-08-12 03:22:44,563] {logging_mixin.py:115} INFO - [2022-08-12 03:22:44,563] {dag.py:2371} INFO - Sync 1 DAGs
[2022-08-12 03:22:44,621] {logging_mixin.py:115} INFO - [2022-08-12 03:22:44,621] {dag.py:2919} INFO - Setting next_dagrun for example_skip_dag to 2022-08-11T03:22:44.620843+00:00, run_after=2022-08-12T03:22:44.620843+00:00
[2022-08-12 03:22:44,655] {processor.py:161} INFO - Processing /home/airflow/.local/lib/python3.7/site-packages/airflow/example_dags/example_skip_dag.py took 0.214 seconds
[2022-08-12 03:27:46,669] {processor.py:153} INFO - Started process (PID=2466) to work on /home/airflow/.local/lib/python3.7/site-packages/airflow/example_dags/example_skip_dag.py
[2022-08-12 03:27:46,672] {processor.py:641} INFO - Processing file /home/airflow/.local/lib/python3.7/site-packages/airflow/example_dags/example_skip_dag.py for tasks to queue
[2022-08-12 03:27:46,674] {logging_mixin.py:115} INFO - [2022-08-12 03:27:46,674] {dagbag.py:507} INFO - Filling up the DagBag from /home/airflow/.local/lib/python3.7/site-packages/airflow/example_dags/example_skip_dag.py
[2022-08-12 03:27:46,690] {processor.py:651} INFO - DAG(s) dict_keys(['example_skip_dag']) retrieved from /home/airflow/.local/lib/python3.7/site-packages/airflow/example_dags/example_skip_dag.py
[2022-08-12 03:27:46,736] {logging_mixin.py:115} INFO - [2022-08-12 03:27:46,736] {dag.py:2371} INFO - Sync 1 DAGs
[2022-08-12 03:27:46,760] {logging_mixin.py:115} INFO - [2022-08-12 03:27:46,760] {dag.py:2919} INFO - Setting next_dagrun for example_skip_dag to 2022-08-11T03:27:46.759735+00:00, run_after=2022-08-12T03:27:46.759735+00:00
[2022-08-12 03:27:46,792] {processor.py:161} INFO - Processing /home/airflow/.local/lib/python3.7/site-packages/airflow/example_dags/example_skip_dag.py took 0.128 seconds
[2022-08-12 03:28:18,038] {processor.py:153} INFO - Started process (PID=2517) to work on /home/airflow/.local/lib/python3.7/site-packages/airflow/example_dags/example_skip_dag.py
[2022-08-12 03:28:18,042] {processor.py:641} INFO - Processing file /home/airflow/.local/lib/python3.7/site-packages/airflow/example_dags/example_skip_dag.py for tasks to queue
[2022-08-12 03:28:18,045] {logging_mixin.py:115} INFO - [2022-08-12 03:28:18,045] {dagbag.py:507} INFO - Filling up the DagBag from /home/airflow/.local/lib/python3.7/site-packages/airflow/example_dags/example_skip_dag.py
[2022-08-12 03:28:18,066] {processor.py:651} INFO - DAG(s) dict_keys(['example_skip_dag']) retrieved from /home/airflow/.local/lib/python3.7/site-packages/airflow/example_dags/example_skip_dag.py
[2022-08-12 03:28:18,157] {logging_mixin.py:115} INFO - [2022-08-12 03:28:18,157] {dag.py:2371} INFO - Sync 1 DAGs
[2022-08-12 03:28:18,211] {logging_mixin.py:115} INFO - [2022-08-12 03:28:18,211] {dag.py:2919} INFO - Setting next_dagrun for example_skip_dag to 2022-08-11T03:28:18.210314+00:00, run_after=2022-08-12T03:28:18.210314+00:00
[2022-08-12 03:28:18,249] {processor.py:161} INFO - Processing /home/airflow/.local/lib/python3.7/site-packages/airflow/example_dags/example_skip_dag.py took 0.220 seconds
[2022-08-12 03:33:18,289] {processor.py:153} INFO - Started process (PID=2569) to work on /home/airflow/.local/lib/python3.7/site-packages/airflow/example_dags/example_skip_dag.py
[2022-08-12 03:33:18,291] {processor.py:641} INFO - Processing file /home/airflow/.local/lib/python3.7/site-packages/airflow/example_dags/example_skip_dag.py for tasks to queue
[2022-08-12 03:33:18,293] {logging_mixin.py:115} INFO - [2022-08-12 03:33:18,293] {dagbag.py:507} INFO - Filling up the DagBag from /home/airflow/.local/lib/python3.7/site-packages/airflow/example_dags/example_skip_dag.py
[2022-08-12 03:33:18,312] {processor.py:651} INFO - DAG(s) dict_keys(['example_skip_dag']) retrieved from /home/airflow/.local/lib/python3.7/site-packages/airflow/example_dags/example_skip_dag.py
[2022-08-12 03:33:18,352] {logging_mixin.py:115} INFO - [2022-08-12 03:33:18,352] {dag.py:2371} INFO - Sync 1 DAGs
[2022-08-12 03:33:18,378] {logging_mixin.py:115} INFO - [2022-08-12 03:33:18,378] {dag.py:2919} INFO - Setting next_dagrun for example_skip_dag to 2022-08-11T03:33:18.378467+00:00, run_after=2022-08-12T03:33:18.378467+00:00
[2022-08-12 03:33:18,399] {processor.py:161} INFO - Processing /home/airflow/.local/lib/python3.7/site-packages/airflow/example_dags/example_skip_dag.py took 0.114 seconds
[2022-08-12 03:33:49,269] {processor.py:153} INFO - Started process (PID=2621) to work on /home/airflow/.local/lib/python3.7/site-packages/airflow/example_dags/example_skip_dag.py
[2022-08-12 03:33:49,272] {processor.py:641} INFO - Processing file /home/airflow/.local/lib/python3.7/site-packages/airflow/example_dags/example_skip_dag.py for tasks to queue
[2022-08-12 03:33:49,275] {logging_mixin.py:115} INFO - [2022-08-12 03:33:49,274] {dagbag.py:507} INFO - Filling up the DagBag from /home/airflow/.local/lib/python3.7/site-packages/airflow/example_dags/example_skip_dag.py
[2022-08-12 03:33:49,292] {processor.py:651} INFO - DAG(s) dict_keys(['example_skip_dag']) retrieved from /home/airflow/.local/lib/python3.7/site-packages/airflow/example_dags/example_skip_dag.py
[2022-08-12 03:33:49,385] {logging_mixin.py:115} INFO - [2022-08-12 03:33:49,385] {dag.py:2371} INFO - Sync 1 DAGs
[2022-08-12 03:33:49,437] {logging_mixin.py:115} INFO - [2022-08-12 03:33:49,437] {dag.py:2919} INFO - Setting next_dagrun for example_skip_dag to 2022-08-11T03:33:49.436916+00:00, run_after=2022-08-12T03:33:49.436916+00:00
[2022-08-12 03:33:49,469] {processor.py:161} INFO - Processing /home/airflow/.local/lib/python3.7/site-packages/airflow/example_dags/example_skip_dag.py took 0.210 seconds
[2022-08-12 03:38:50,875] {processor.py:153} INFO - Started process (PID=2673) to work on /home/airflow/.local/lib/python3.7/site-packages/airflow/example_dags/example_skip_dag.py
[2022-08-12 03:38:50,877] {processor.py:641} INFO - Processing file /home/airflow/.local/lib/python3.7/site-packages/airflow/example_dags/example_skip_dag.py for tasks to queue
[2022-08-12 03:38:50,880] {logging_mixin.py:115} INFO - [2022-08-12 03:38:50,880] {dagbag.py:507} INFO - Filling up the DagBag from /home/airflow/.local/lib/python3.7/site-packages/airflow/example_dags/example_skip_dag.py
[2022-08-12 03:38:50,889] {processor.py:651} INFO - DAG(s) dict_keys(['example_skip_dag']) retrieved from /home/airflow/.local/lib/python3.7/site-packages/airflow/example_dags/example_skip_dag.py
[2022-08-12 03:38:50,930] {logging_mixin.py:115} INFO - [2022-08-12 03:38:50,929] {dag.py:2371} INFO - Sync 1 DAGs
[2022-08-12 03:38:50,957] {logging_mixin.py:115} INFO - [2022-08-12 03:38:50,956] {dag.py:2919} INFO - Setting next_dagrun for example_skip_dag to 2022-08-11T03:38:50.956588+00:00, run_after=2022-08-12T03:38:50.956588+00:00
[2022-08-12 03:38:50,987] {processor.py:161} INFO - Processing /home/airflow/.local/lib/python3.7/site-packages/airflow/example_dags/example_skip_dag.py took 0.117 seconds
[2022-08-12 03:39:22,170] {processor.py:153} INFO - Started process (PID=2725) to work on /home/airflow/.local/lib/python3.7/site-packages/airflow/example_dags/example_skip_dag.py
[2022-08-12 03:39:22,173] {processor.py:641} INFO - Processing file /home/airflow/.local/lib/python3.7/site-packages/airflow/example_dags/example_skip_dag.py for tasks to queue
[2022-08-12 03:39:22,176] {logging_mixin.py:115} INFO - [2022-08-12 03:39:22,176] {dagbag.py:507} INFO - Filling up the DagBag from /home/airflow/.local/lib/python3.7/site-packages/airflow/example_dags/example_skip_dag.py
[2022-08-12 03:39:22,194] {processor.py:651} INFO - DAG(s) dict_keys(['example_skip_dag']) retrieved from /home/airflow/.local/lib/python3.7/site-packages/airflow/example_dags/example_skip_dag.py
[2022-08-12 03:39:22,279] {logging_mixin.py:115} INFO - [2022-08-12 03:39:22,279] {dag.py:2371} INFO - Sync 1 DAGs
[2022-08-12 03:39:22,348] {logging_mixin.py:115} INFO - [2022-08-12 03:39:22,348] {dag.py:2919} INFO - Setting next_dagrun for example_skip_dag to 2022-08-11T03:39:22.347584+00:00, run_after=2022-08-12T03:39:22.347584+00:00
[2022-08-12 03:39:22,382] {processor.py:161} INFO - Processing /home/airflow/.local/lib/python3.7/site-packages/airflow/example_dags/example_skip_dag.py took 0.223 seconds
[2022-08-12 03:44:29,922] {processor.py:153} INFO - Started process (PID=2779) to work on /home/airflow/.local/lib/python3.7/site-packages/airflow/example_dags/example_skip_dag.py
[2022-08-12 03:44:29,928] {processor.py:641} INFO - Processing file /home/airflow/.local/lib/python3.7/site-packages/airflow/example_dags/example_skip_dag.py for tasks to queue
[2022-08-12 03:44:29,930] {logging_mixin.py:115} INFO - [2022-08-12 03:44:29,930] {dagbag.py:507} INFO - Filling up the DagBag from /home/airflow/.local/lib/python3.7/site-packages/airflow/example_dags/example_skip_dag.py
[2022-08-12 03:44:29,947] {processor.py:651} INFO - DAG(s) dict_keys(['example_skip_dag']) retrieved from /home/airflow/.local/lib/python3.7/site-packages/airflow/example_dags/example_skip_dag.py
[2022-08-12 03:44:29,998] {logging_mixin.py:115} INFO - [2022-08-12 03:44:29,998] {dag.py:2371} INFO - Sync 1 DAGs
[2022-08-12 03:44:30,021] {logging_mixin.py:115} INFO - [2022-08-12 03:44:30,021] {dag.py:2919} INFO - Setting next_dagrun for example_skip_dag to 2022-08-11T03:44:30.021330+00:00, run_after=2022-08-12T03:44:30.021330+00:00
[2022-08-12 03:44:30,037] {processor.py:161} INFO - Processing /home/airflow/.local/lib/python3.7/site-packages/airflow/example_dags/example_skip_dag.py took 0.122 seconds
[2022-08-12 03:45:01,415] {processor.py:153} INFO - Started process (PID=2831) to work on /home/airflow/.local/lib/python3.7/site-packages/airflow/example_dags/example_skip_dag.py
[2022-08-12 03:45:01,419] {processor.py:641} INFO - Processing file /home/airflow/.local/lib/python3.7/site-packages/airflow/example_dags/example_skip_dag.py for tasks to queue
[2022-08-12 03:45:01,422] {logging_mixin.py:115} INFO - [2022-08-12 03:45:01,422] {dagbag.py:507} INFO - Filling up the DagBag from /home/airflow/.local/lib/python3.7/site-packages/airflow/example_dags/example_skip_dag.py
[2022-08-12 03:45:01,443] {processor.py:651} INFO - DAG(s) dict_keys(['example_skip_dag']) retrieved from /home/airflow/.local/lib/python3.7/site-packages/airflow/example_dags/example_skip_dag.py
[2022-08-12 03:45:01,538] {logging_mixin.py:115} INFO - [2022-08-12 03:45:01,537] {dag.py:2371} INFO - Sync 1 DAGs
[2022-08-12 03:45:01,601] {logging_mixin.py:115} INFO - [2022-08-12 03:45:01,601] {dag.py:2919} INFO - Setting next_dagrun for example_skip_dag to 2022-08-11T03:45:01.600555+00:00, run_after=2022-08-12T03:45:01.600555+00:00
[2022-08-12 03:45:01,641] {processor.py:161} INFO - Processing /home/airflow/.local/lib/python3.7/site-packages/airflow/example_dags/example_skip_dag.py took 0.236 seconds
[2022-08-12 03:50:02,118] {processor.py:153} INFO - Started process (PID=2883) to work on /home/airflow/.local/lib/python3.7/site-packages/airflow/example_dags/example_skip_dag.py
[2022-08-12 03:50:02,119] {processor.py:641} INFO - Processing file /home/airflow/.local/lib/python3.7/site-packages/airflow/example_dags/example_skip_dag.py for tasks to queue
[2022-08-12 03:50:02,121] {logging_mixin.py:115} INFO - [2022-08-12 03:50:02,121] {dagbag.py:507} INFO - Filling up the DagBag from /home/airflow/.local/lib/python3.7/site-packages/airflow/example_dags/example_skip_dag.py
[2022-08-12 03:50:02,129] {processor.py:651} INFO - DAG(s) dict_keys(['example_skip_dag']) retrieved from /home/airflow/.local/lib/python3.7/site-packages/airflow/example_dags/example_skip_dag.py
[2022-08-12 03:50:02,165] {logging_mixin.py:115} INFO - [2022-08-12 03:50:02,165] {dag.py:2371} INFO - Sync 1 DAGs
[2022-08-12 03:50:02,192] {logging_mixin.py:115} INFO - [2022-08-12 03:50:02,192] {dag.py:2919} INFO - Setting next_dagrun for example_skip_dag to 2022-08-11T03:50:02.192079+00:00, run_after=2022-08-12T03:50:02.192079+00:00
[2022-08-12 03:50:02,207] {processor.py:161} INFO - Processing /home/airflow/.local/lib/python3.7/site-packages/airflow/example_dags/example_skip_dag.py took 0.094 seconds
[2022-08-12 03:50:33,985] {processor.py:153} INFO - Started process (PID=2935) to work on /home/airflow/.local/lib/python3.7/site-packages/airflow/example_dags/example_skip_dag.py
[2022-08-12 03:50:33,988] {processor.py:641} INFO - Processing file /home/airflow/.local/lib/python3.7/site-packages/airflow/example_dags/example_skip_dag.py for tasks to queue
[2022-08-12 03:50:33,990] {logging_mixin.py:115} INFO - [2022-08-12 03:50:33,990] {dagbag.py:507} INFO - Filling up the DagBag from /home/airflow/.local/lib/python3.7/site-packages/airflow/example_dags/example_skip_dag.py
[2022-08-12 03:50:34,008] {processor.py:651} INFO - DAG(s) dict_keys(['example_skip_dag']) retrieved from /home/airflow/.local/lib/python3.7/site-packages/airflow/example_dags/example_skip_dag.py
[2022-08-12 03:50:34,104] {logging_mixin.py:115} INFO - [2022-08-12 03:50:34,104] {dag.py:2371} INFO - Sync 1 DAGs
[2022-08-12 03:50:34,163] {logging_mixin.py:115} INFO - [2022-08-12 03:50:34,162] {dag.py:2919} INFO - Setting next_dagrun for example_skip_dag to 2022-08-11T03:50:34.162121+00:00, run_after=2022-08-12T03:50:34.162121+00:00
[2022-08-12 03:50:34,197] {processor.py:161} INFO - Processing /home/airflow/.local/lib/python3.7/site-packages/airflow/example_dags/example_skip_dag.py took 0.222 seconds
[2022-08-12 03:55:33,455] {processor.py:153} INFO - Started process (PID=2986) to work on /home/airflow/.local/lib/python3.7/site-packages/airflow/example_dags/example_skip_dag.py
[2022-08-12 03:55:33,458] {processor.py:641} INFO - Processing file /home/airflow/.local/lib/python3.7/site-packages/airflow/example_dags/example_skip_dag.py for tasks to queue
[2022-08-12 03:55:33,461] {logging_mixin.py:115} INFO - [2022-08-12 03:55:33,461] {dagbag.py:507} INFO - Filling up the DagBag from /home/airflow/.local/lib/python3.7/site-packages/airflow/example_dags/example_skip_dag.py
[2022-08-12 03:55:33,480] {processor.py:651} INFO - DAG(s) dict_keys(['example_skip_dag']) retrieved from /home/airflow/.local/lib/python3.7/site-packages/airflow/example_dags/example_skip_dag.py
[2022-08-12 03:55:33,567] {logging_mixin.py:115} INFO - [2022-08-12 03:55:33,567] {dag.py:2371} INFO - Sync 1 DAGs
[2022-08-12 03:55:33,624] {logging_mixin.py:115} INFO - [2022-08-12 03:55:33,624] {dag.py:2919} INFO - Setting next_dagrun for example_skip_dag to 2022-08-11T03:55:33.622863+00:00, run_after=2022-08-12T03:55:33.622863+00:00
[2022-08-12 03:55:33,654] {processor.py:161} INFO - Processing /home/airflow/.local/lib/python3.7/site-packages/airflow/example_dags/example_skip_dag.py took 0.209 seconds
[2022-08-12 03:56:04,555] {processor.py:153} INFO - Started process (PID=3037) to work on /home/airflow/.local/lib/python3.7/site-packages/airflow/example_dags/example_skip_dag.py
[2022-08-12 03:56:04,559] {processor.py:641} INFO - Processing file /home/airflow/.local/lib/python3.7/site-packages/airflow/example_dags/example_skip_dag.py for tasks to queue
[2022-08-12 03:56:04,564] {logging_mixin.py:115} INFO - [2022-08-12 03:56:04,564] {dagbag.py:507} INFO - Filling up the DagBag from /home/airflow/.local/lib/python3.7/site-packages/airflow/example_dags/example_skip_dag.py
[2022-08-12 03:56:04,583] {processor.py:651} INFO - DAG(s) dict_keys(['example_skip_dag']) retrieved from /home/airflow/.local/lib/python3.7/site-packages/airflow/example_dags/example_skip_dag.py
[2022-08-12 03:56:04,673] {logging_mixin.py:115} INFO - [2022-08-12 03:56:04,672] {dag.py:2371} INFO - Sync 1 DAGs
[2022-08-12 03:56:04,725] {logging_mixin.py:115} INFO - [2022-08-12 03:56:04,725] {dag.py:2919} INFO - Setting next_dagrun for example_skip_dag to 2022-08-11T03:56:04.724877+00:00, run_after=2022-08-12T03:56:04.724877+00:00
[2022-08-12 03:56:04,760] {processor.py:161} INFO - Processing /home/airflow/.local/lib/python3.7/site-packages/airflow/example_dags/example_skip_dag.py took 0.215 seconds
[2022-08-12 03:56:35,039] {processor.py:153} INFO - Started process (PID=3089) to work on /home/airflow/.local/lib/python3.7/site-packages/airflow/example_dags/example_skip_dag.py
[2022-08-12 03:56:35,041] {processor.py:641} INFO - Processing file /home/airflow/.local/lib/python3.7/site-packages/airflow/example_dags/example_skip_dag.py for tasks to queue
[2022-08-12 03:56:35,043] {logging_mixin.py:115} INFO - [2022-08-12 03:56:35,043] {dagbag.py:507} INFO - Filling up the DagBag from /home/airflow/.local/lib/python3.7/site-packages/airflow/example_dags/example_skip_dag.py
[2022-08-12 03:56:35,058] {processor.py:651} INFO - DAG(s) dict_keys(['example_skip_dag']) retrieved from /home/airflow/.local/lib/python3.7/site-packages/airflow/example_dags/example_skip_dag.py
[2022-08-12 03:56:35,126] {logging_mixin.py:115} INFO - [2022-08-12 03:56:35,126] {dag.py:2371} INFO - Sync 1 DAGs
[2022-08-12 03:56:35,182] {logging_mixin.py:115} INFO - [2022-08-12 03:56:35,182] {dag.py:2919} INFO - Setting next_dagrun for example_skip_dag to 2022-08-11T03:56:35.181494+00:00, run_after=2022-08-12T03:56:35.181494+00:00
[2022-08-12 03:56:35,211] {processor.py:161} INFO - Processing /home/airflow/.local/lib/python3.7/site-packages/airflow/example_dags/example_skip_dag.py took 0.181 seconds
[2022-08-12 04:16:28,655] {processor.py:153} INFO - Started process (PID=3117) to work on /home/airflow/.local/lib/python3.7/site-packages/airflow/example_dags/example_skip_dag.py
[2022-08-12 04:16:28,663] {processor.py:641} INFO - Processing file /home/airflow/.local/lib/python3.7/site-packages/airflow/example_dags/example_skip_dag.py for tasks to queue
[2022-08-12 04:16:28,664] {logging_mixin.py:115} INFO - [2022-08-12 04:16:28,664] {dagbag.py:507} INFO - Filling up the DagBag from /home/airflow/.local/lib/python3.7/site-packages/airflow/example_dags/example_skip_dag.py
[2022-08-12 04:16:28,681] {processor.py:651} INFO - DAG(s) dict_keys(['example_skip_dag']) retrieved from /home/airflow/.local/lib/python3.7/site-packages/airflow/example_dags/example_skip_dag.py
[2022-08-12 04:16:28,787] {logging_mixin.py:115} INFO - [2022-08-12 04:16:28,787] {dag.py:2371} INFO - Sync 1 DAGs
[2022-08-12 04:16:28,843] {logging_mixin.py:115} INFO - [2022-08-12 04:16:28,843] {dag.py:2919} INFO - Setting next_dagrun for example_skip_dag to 2022-08-11T04:16:28.843311+00:00, run_after=2022-08-12T04:16:28.843311+00:00
[2022-08-12 04:16:28,877] {processor.py:161} INFO - Processing /home/airflow/.local/lib/python3.7/site-packages/airflow/example_dags/example_skip_dag.py took 0.228 seconds
[2022-08-12 05:25:44,792] {processor.py:153} INFO - Started process (PID=3172) to work on /home/airflow/.local/lib/python3.7/site-packages/airflow/example_dags/example_skip_dag.py
[2022-08-12 05:25:44,793] {processor.py:641} INFO - Processing file /home/airflow/.local/lib/python3.7/site-packages/airflow/example_dags/example_skip_dag.py for tasks to queue
[2022-08-12 05:25:44,794] {logging_mixin.py:115} INFO - [2022-08-12 05:25:44,794] {dagbag.py:507} INFO - Filling up the DagBag from /home/airflow/.local/lib/python3.7/site-packages/airflow/example_dags/example_skip_dag.py
[2022-08-12 05:25:44,804] {processor.py:651} INFO - DAG(s) dict_keys(['example_skip_dag']) retrieved from /home/airflow/.local/lib/python3.7/site-packages/airflow/example_dags/example_skip_dag.py
[2022-08-12 05:25:44,842] {logging_mixin.py:115} INFO - [2022-08-12 05:25:44,842] {dag.py:2371} INFO - Sync 1 DAGs
[2022-08-12 05:25:44,863] {logging_mixin.py:115} INFO - [2022-08-12 05:25:44,863] {dag.py:2919} INFO - Setting next_dagrun for example_skip_dag to 2022-08-11T05:25:44.863127+00:00, run_after=2022-08-12T05:25:44.863127+00:00
[2022-08-12 05:25:44,880] {processor.py:161} INFO - Processing /home/airflow/.local/lib/python3.7/site-packages/airflow/example_dags/example_skip_dag.py took 0.094 seconds
[2022-08-12 07:13:53,132] {processor.py:153} INFO - Started process (PID=3224) to work on /home/airflow/.local/lib/python3.7/site-packages/airflow/example_dags/example_skip_dag.py
[2022-08-12 07:13:53,134] {processor.py:641} INFO - Processing file /home/airflow/.local/lib/python3.7/site-packages/airflow/example_dags/example_skip_dag.py for tasks to queue
[2022-08-12 07:13:53,135] {logging_mixin.py:115} INFO - [2022-08-12 07:13:53,135] {dagbag.py:507} INFO - Filling up the DagBag from /home/airflow/.local/lib/python3.7/site-packages/airflow/example_dags/example_skip_dag.py
[2022-08-12 07:13:53,146] {processor.py:651} INFO - DAG(s) dict_keys(['example_skip_dag']) retrieved from /home/airflow/.local/lib/python3.7/site-packages/airflow/example_dags/example_skip_dag.py
[2022-08-12 07:13:53,186] {logging_mixin.py:115} INFO - [2022-08-12 07:13:53,186] {dag.py:2371} INFO - Sync 1 DAGs
[2022-08-12 07:13:53,210] {logging_mixin.py:115} INFO - [2022-08-12 07:13:53,210] {dag.py:2919} INFO - Setting next_dagrun for example_skip_dag to 2022-08-11T07:13:53.210459+00:00, run_after=2022-08-12T07:13:53.210459+00:00
[2022-08-12 07:13:53,223] {processor.py:161} INFO - Processing /home/airflow/.local/lib/python3.7/site-packages/airflow/example_dags/example_skip_dag.py took 0.102 seconds
[2022-08-12 09:02:10,324] {processor.py:153} INFO - Started process (PID=3276) to work on /home/airflow/.local/lib/python3.7/site-packages/airflow/example_dags/example_skip_dag.py
[2022-08-12 09:02:10,326] {processor.py:641} INFO - Processing file /home/airflow/.local/lib/python3.7/site-packages/airflow/example_dags/example_skip_dag.py for tasks to queue
[2022-08-12 09:02:10,329] {logging_mixin.py:115} INFO - [2022-08-12 09:02:10,329] {dagbag.py:507} INFO - Filling up the DagBag from /home/airflow/.local/lib/python3.7/site-packages/airflow/example_dags/example_skip_dag.py
[2022-08-12 09:02:10,361] {processor.py:651} INFO - DAG(s) dict_keys(['example_skip_dag']) retrieved from /home/airflow/.local/lib/python3.7/site-packages/airflow/example_dags/example_skip_dag.py
[2022-08-12 09:02:10,479] {logging_mixin.py:115} INFO - [2022-08-12 09:02:10,479] {dag.py:2371} INFO - Sync 1 DAGs
[2022-08-12 09:02:10,560] {logging_mixin.py:115} INFO - [2022-08-12 09:02:10,560] {dag.py:2919} INFO - Setting next_dagrun for example_skip_dag to 2022-08-11T09:02:10.560337+00:00, run_after=2022-08-12T09:02:10.560337+00:00
[2022-08-12 09:02:10,592] {processor.py:161} INFO - Processing /home/airflow/.local/lib/python3.7/site-packages/airflow/example_dags/example_skip_dag.py took 0.292 seconds
[2022-08-12 12:38:17,092] {processor.py:153} INFO - Started process (PID=3319) to work on /home/airflow/.local/lib/python3.7/site-packages/airflow/example_dags/example_skip_dag.py
[2022-08-12 12:38:17,093] {processor.py:641} INFO - Processing file /home/airflow/.local/lib/python3.7/site-packages/airflow/example_dags/example_skip_dag.py for tasks to queue
[2022-08-12 12:38:17,094] {logging_mixin.py:115} INFO - [2022-08-12 12:38:17,094] {dagbag.py:507} INFO - Filling up the DagBag from /home/airflow/.local/lib/python3.7/site-packages/airflow/example_dags/example_skip_dag.py
[2022-08-12 12:38:17,119] {processor.py:651} INFO - DAG(s) dict_keys(['example_skip_dag']) retrieved from /home/airflow/.local/lib/python3.7/site-packages/airflow/example_dags/example_skip_dag.py
[2022-08-12 12:38:17,184] {logging_mixin.py:115} INFO - [2022-08-12 12:38:17,184] {dag.py:2371} INFO - Sync 1 DAGs
[2022-08-12 12:38:17,222] {logging_mixin.py:115} INFO - [2022-08-12 12:38:17,222] {dag.py:2919} INFO - Setting next_dagrun for example_skip_dag to 2022-08-11T12:38:17.221823+00:00, run_after=2022-08-12T12:38:17.221823+00:00
[2022-08-12 12:38:17,242] {processor.py:161} INFO - Processing /home/airflow/.local/lib/python3.7/site-packages/airflow/example_dags/example_skip_dag.py took 0.168 seconds
[2022-08-12 14:26:42,326] {processor.py:153} INFO - Started process (PID=3381) to work on /home/airflow/.local/lib/python3.7/site-packages/airflow/example_dags/example_skip_dag.py
[2022-08-12 14:26:42,329] {processor.py:641} INFO - Processing file /home/airflow/.local/lib/python3.7/site-packages/airflow/example_dags/example_skip_dag.py for tasks to queue
[2022-08-12 14:26:42,333] {logging_mixin.py:115} INFO - [2022-08-12 14:26:42,333] {dagbag.py:507} INFO - Filling up the DagBag from /home/airflow/.local/lib/python3.7/site-packages/airflow/example_dags/example_skip_dag.py
[2022-08-12 14:26:42,345] {processor.py:651} INFO - DAG(s) dict_keys(['example_skip_dag']) retrieved from /home/airflow/.local/lib/python3.7/site-packages/airflow/example_dags/example_skip_dag.py
[2022-08-12 14:26:42,391] {logging_mixin.py:115} INFO - [2022-08-12 14:26:42,391] {dag.py:2371} INFO - Sync 1 DAGs
[2022-08-12 14:26:42,425] {logging_mixin.py:115} INFO - [2022-08-12 14:26:42,425] {dag.py:2919} INFO - Setting next_dagrun for example_skip_dag to 2022-08-11T14:26:42.425404+00:00, run_after=2022-08-12T14:26:42.425404+00:00
[2022-08-12 14:26:42,450] {processor.py:161} INFO - Processing /home/airflow/.local/lib/python3.7/site-packages/airflow/example_dags/example_skip_dag.py took 0.128 seconds
[2022-08-12 16:17:37,394] {processor.py:153} INFO - Started process (PID=3423) to work on /home/airflow/.local/lib/python3.7/site-packages/airflow/example_dags/example_skip_dag.py
[2022-08-12 16:17:37,396] {processor.py:641} INFO - Processing file /home/airflow/.local/lib/python3.7/site-packages/airflow/example_dags/example_skip_dag.py for tasks to queue
[2022-08-12 16:17:37,398] {logging_mixin.py:115} INFO - [2022-08-12 16:17:37,398] {dagbag.py:507} INFO - Filling up the DagBag from /home/airflow/.local/lib/python3.7/site-packages/airflow/example_dags/example_skip_dag.py
[2022-08-12 16:17:37,406] {processor.py:651} INFO - DAG(s) dict_keys(['example_skip_dag']) retrieved from /home/airflow/.local/lib/python3.7/site-packages/airflow/example_dags/example_skip_dag.py
[2022-08-12 16:17:37,447] {logging_mixin.py:115} INFO - [2022-08-12 16:17:37,447] {dag.py:2371} INFO - Sync 1 DAGs
[2022-08-12 16:17:37,503] {logging_mixin.py:115} INFO - [2022-08-12 16:17:37,502] {dag.py:2919} INFO - Setting next_dagrun for example_skip_dag to 2022-08-11T16:17:37.502559+00:00, run_after=2022-08-12T16:17:37.502559+00:00
[2022-08-12 16:17:37,530] {processor.py:161} INFO - Processing /home/airflow/.local/lib/python3.7/site-packages/airflow/example_dags/example_skip_dag.py took 0.140 seconds
