[2022-08-12 01:28:23,725] {processor.py:153} INFO - Started process (PID=99910) to work on /home/airflow/.local/lib/python3.7/site-packages/airflow/example_dags/example_task_group.py
[2022-08-12 01:28:23,728] {processor.py:641} INFO - Processing file /home/airflow/.local/lib/python3.7/site-packages/airflow/example_dags/example_task_group.py for tasks to queue
[2022-08-12 01:28:23,731] {logging_mixin.py:115} INFO - [2022-08-12 01:28:23,731] {dagbag.py:507} INFO - Filling up the DagBag from /home/airflow/.local/lib/python3.7/site-packages/airflow/example_dags/example_task_group.py
[2022-08-12 01:28:23,762] {processor.py:651} INFO - DAG(s) dict_keys(['example_task_group']) retrieved from /home/airflow/.local/lib/python3.7/site-packages/airflow/example_dags/example_task_group.py
[2022-08-12 01:28:23,891] {logging_mixin.py:115} INFO - [2022-08-12 01:28:23,888] {dag.py:2371} INFO - Sync 1 DAGs
[2022-08-12 01:28:24,023] {logging_mixin.py:115} INFO - [2022-08-12 01:28:24,022] {dag.py:2919} INFO - Setting next_dagrun for example_task_group to 2022-08-11T01:28:24.022007+00:00, run_after=2022-08-12T01:28:24.022007+00:00
[2022-08-12 01:28:24,096] {processor.py:161} INFO - Processing /home/airflow/.local/lib/python3.7/site-packages/airflow/example_dags/example_task_group.py took 0.389 seconds
[2022-08-12 01:28:54,288] {processor.py:153} INFO - Started process (PID=99971) to work on /home/airflow/.local/lib/python3.7/site-packages/airflow/example_dags/example_task_group.py
[2022-08-12 01:28:54,292] {processor.py:641} INFO - Processing file /home/airflow/.local/lib/python3.7/site-packages/airflow/example_dags/example_task_group.py for tasks to queue
[2022-08-12 01:28:54,307] {logging_mixin.py:115} INFO - [2022-08-12 01:28:54,306] {dagbag.py:507} INFO - Filling up the DagBag from /home/airflow/.local/lib/python3.7/site-packages/airflow/example_dags/example_task_group.py
[2022-08-12 01:28:54,323] {processor.py:651} INFO - DAG(s) dict_keys(['example_task_group']) retrieved from /home/airflow/.local/lib/python3.7/site-packages/airflow/example_dags/example_task_group.py
[2022-08-12 01:28:54,358] {logging_mixin.py:115} INFO - [2022-08-12 01:28:54,357] {dag.py:2371} INFO - Sync 1 DAGs
[2022-08-12 01:28:54,386] {logging_mixin.py:115} INFO - [2022-08-12 01:28:54,386] {dag.py:2919} INFO - Setting next_dagrun for example_task_group to 2022-08-11T01:28:54.385850+00:00, run_after=2022-08-12T01:28:54.385850+00:00
[2022-08-12 01:28:54,407] {processor.py:161} INFO - Processing /home/airflow/.local/lib/python3.7/site-packages/airflow/example_dags/example_task_group.py took 0.130 seconds
[2022-08-12 01:33:46,620] {processor.py:153} INFO - Started process (PID=315) to work on /home/airflow/.local/lib/python3.7/site-packages/airflow/example_dags/example_task_group.py
[2022-08-12 01:33:46,622] {processor.py:641} INFO - Processing file /home/airflow/.local/lib/python3.7/site-packages/airflow/example_dags/example_task_group.py for tasks to queue
[2022-08-12 01:33:46,624] {logging_mixin.py:115} INFO - [2022-08-12 01:33:46,624] {dagbag.py:507} INFO - Filling up the DagBag from /home/airflow/.local/lib/python3.7/site-packages/airflow/example_dags/example_task_group.py
[2022-08-12 01:33:46,638] {processor.py:651} INFO - DAG(s) dict_keys(['example_task_group']) retrieved from /home/airflow/.local/lib/python3.7/site-packages/airflow/example_dags/example_task_group.py
[2022-08-12 01:33:46,683] {logging_mixin.py:115} INFO - [2022-08-12 01:33:46,683] {dag.py:2371} INFO - Sync 1 DAGs
[2022-08-12 01:33:46,717] {logging_mixin.py:115} INFO - [2022-08-12 01:33:46,716] {dag.py:2919} INFO - Setting next_dagrun for example_task_group to 2022-08-11T01:33:46.716500+00:00, run_after=2022-08-12T01:33:46.716500+00:00
[2022-08-12 01:33:46,739] {processor.py:161} INFO - Processing /home/airflow/.local/lib/python3.7/site-packages/airflow/example_dags/example_task_group.py took 0.127 seconds
[2022-08-12 01:34:21,041] {processor.py:153} INFO - Started process (PID=367) to work on /home/airflow/.local/lib/python3.7/site-packages/airflow/example_dags/example_task_group.py
[2022-08-12 01:34:21,045] {processor.py:641} INFO - Processing file /home/airflow/.local/lib/python3.7/site-packages/airflow/example_dags/example_task_group.py for tasks to queue
[2022-08-12 01:34:21,051] {logging_mixin.py:115} INFO - [2022-08-12 01:34:21,051] {dagbag.py:507} INFO - Filling up the DagBag from /home/airflow/.local/lib/python3.7/site-packages/airflow/example_dags/example_task_group.py
[2022-08-12 01:34:21,090] {processor.py:651} INFO - DAG(s) dict_keys(['example_task_group']) retrieved from /home/airflow/.local/lib/python3.7/site-packages/airflow/example_dags/example_task_group.py
[2022-08-12 01:34:21,222] {logging_mixin.py:115} INFO - [2022-08-12 01:34:21,222] {dag.py:2371} INFO - Sync 1 DAGs
[2022-08-12 01:34:21,318] {logging_mixin.py:115} INFO - [2022-08-12 01:34:21,317] {dag.py:2919} INFO - Setting next_dagrun for example_task_group to 2022-08-11T01:34:21.316582+00:00, run_after=2022-08-12T01:34:21.316582+00:00
[2022-08-12 01:34:21,378] {processor.py:161} INFO - Processing /home/airflow/.local/lib/python3.7/site-packages/airflow/example_dags/example_task_group.py took 0.359 seconds
[2022-08-12 01:50:01,291] {processor.py:153} INFO - Started process (PID=411) to work on /home/airflow/.local/lib/python3.7/site-packages/airflow/example_dags/example_task_group.py
[2022-08-12 01:50:01,293] {processor.py:641} INFO - Processing file /home/airflow/.local/lib/python3.7/site-packages/airflow/example_dags/example_task_group.py for tasks to queue
[2022-08-12 01:50:01,294] {logging_mixin.py:115} INFO - [2022-08-12 01:50:01,294] {dagbag.py:507} INFO - Filling up the DagBag from /home/airflow/.local/lib/python3.7/site-packages/airflow/example_dags/example_task_group.py
[2022-08-12 01:50:01,315] {processor.py:651} INFO - DAG(s) dict_keys(['example_task_group']) retrieved from /home/airflow/.local/lib/python3.7/site-packages/airflow/example_dags/example_task_group.py
[2022-08-12 01:50:01,384] {logging_mixin.py:115} INFO - [2022-08-12 01:50:01,384] {dag.py:2371} INFO - Sync 1 DAGs
[2022-08-12 01:50:01,424] {logging_mixin.py:115} INFO - [2022-08-12 01:50:01,423] {dag.py:2919} INFO - Setting next_dagrun for example_task_group to 2022-08-11T01:50:01.423480+00:00, run_after=2022-08-12T01:50:01.423480+00:00
[2022-08-12 01:50:01,452] {processor.py:161} INFO - Processing /home/airflow/.local/lib/python3.7/site-packages/airflow/example_dags/example_task_group.py took 0.166 seconds
[2022-08-12 01:50:34,701] {processor.py:153} INFO - Started process (PID=463) to work on /home/airflow/.local/lib/python3.7/site-packages/airflow/example_dags/example_task_group.py
[2022-08-12 01:50:34,704] {processor.py:641} INFO - Processing file /home/airflow/.local/lib/python3.7/site-packages/airflow/example_dags/example_task_group.py for tasks to queue
[2022-08-12 01:50:34,708] {logging_mixin.py:115} INFO - [2022-08-12 01:50:34,707] {dagbag.py:507} INFO - Filling up the DagBag from /home/airflow/.local/lib/python3.7/site-packages/airflow/example_dags/example_task_group.py
[2022-08-12 01:50:34,757] {processor.py:651} INFO - DAG(s) dict_keys(['example_task_group']) retrieved from /home/airflow/.local/lib/python3.7/site-packages/airflow/example_dags/example_task_group.py
[2022-08-12 01:50:34,876] {logging_mixin.py:115} INFO - [2022-08-12 01:50:34,876] {dag.py:2371} INFO - Sync 1 DAGs
[2022-08-12 01:50:34,951] {logging_mixin.py:115} INFO - [2022-08-12 01:50:34,951] {dag.py:2919} INFO - Setting next_dagrun for example_task_group to 2022-08-11T01:50:34.950876+00:00, run_after=2022-08-12T01:50:34.950876+00:00
[2022-08-12 01:50:34,991] {processor.py:161} INFO - Processing /home/airflow/.local/lib/python3.7/site-packages/airflow/example_dags/example_task_group.py took 0.303 seconds
[2022-08-12 02:01:14,160] {processor.py:153} INFO - Started process (PID=516) to work on /home/airflow/.local/lib/python3.7/site-packages/airflow/example_dags/example_task_group.py
[2022-08-12 02:01:14,161] {processor.py:641} INFO - Processing file /home/airflow/.local/lib/python3.7/site-packages/airflow/example_dags/example_task_group.py for tasks to queue
[2022-08-12 02:01:14,163] {logging_mixin.py:115} INFO - [2022-08-12 02:01:14,163] {dagbag.py:507} INFO - Filling up the DagBag from /home/airflow/.local/lib/python3.7/site-packages/airflow/example_dags/example_task_group.py
[2022-08-12 02:01:14,178] {processor.py:651} INFO - DAG(s) dict_keys(['example_task_group']) retrieved from /home/airflow/.local/lib/python3.7/site-packages/airflow/example_dags/example_task_group.py
[2022-08-12 02:01:14,250] {logging_mixin.py:115} INFO - [2022-08-12 02:01:14,250] {dag.py:2371} INFO - Sync 1 DAGs
[2022-08-12 02:01:14,281] {logging_mixin.py:115} INFO - [2022-08-12 02:01:14,281] {dag.py:2919} INFO - Setting next_dagrun for example_task_group to 2022-08-11T02:01:14.281130+00:00, run_after=2022-08-12T02:01:14.281130+00:00
[2022-08-12 02:01:14,306] {processor.py:161} INFO - Processing /home/airflow/.local/lib/python3.7/site-packages/airflow/example_dags/example_task_group.py took 0.150 seconds
[2022-08-12 02:01:48,243] {processor.py:153} INFO - Started process (PID=568) to work on /home/airflow/.local/lib/python3.7/site-packages/airflow/example_dags/example_task_group.py
[2022-08-12 02:01:48,247] {processor.py:641} INFO - Processing file /home/airflow/.local/lib/python3.7/site-packages/airflow/example_dags/example_task_group.py for tasks to queue
[2022-08-12 02:01:48,250] {logging_mixin.py:115} INFO - [2022-08-12 02:01:48,250] {dagbag.py:507} INFO - Filling up the DagBag from /home/airflow/.local/lib/python3.7/site-packages/airflow/example_dags/example_task_group.py
[2022-08-12 02:01:48,284] {processor.py:651} INFO - DAG(s) dict_keys(['example_task_group']) retrieved from /home/airflow/.local/lib/python3.7/site-packages/airflow/example_dags/example_task_group.py
[2022-08-12 02:01:48,366] {logging_mixin.py:115} INFO - [2022-08-12 02:01:48,366] {dag.py:2371} INFO - Sync 1 DAGs
[2022-08-12 02:01:48,431] {logging_mixin.py:115} INFO - [2022-08-12 02:01:48,431] {dag.py:2919} INFO - Setting next_dagrun for example_task_group to 2022-08-11T02:01:48.430222+00:00, run_after=2022-08-12T02:01:48.430222+00:00
[2022-08-12 02:01:48,473] {processor.py:161} INFO - Processing /home/airflow/.local/lib/python3.7/site-packages/airflow/example_dags/example_task_group.py took 0.242 seconds
[2022-08-12 02:09:01,222] {processor.py:153} INFO - Started process (PID=622) to work on /home/airflow/.local/lib/python3.7/site-packages/airflow/example_dags/example_task_group.py
[2022-08-12 02:09:01,224] {processor.py:641} INFO - Processing file /home/airflow/.local/lib/python3.7/site-packages/airflow/example_dags/example_task_group.py for tasks to queue
[2022-08-12 02:09:01,225] {logging_mixin.py:115} INFO - [2022-08-12 02:09:01,225] {dagbag.py:507} INFO - Filling up the DagBag from /home/airflow/.local/lib/python3.7/site-packages/airflow/example_dags/example_task_group.py
[2022-08-12 02:09:01,252] {processor.py:651} INFO - DAG(s) dict_keys(['example_task_group']) retrieved from /home/airflow/.local/lib/python3.7/site-packages/airflow/example_dags/example_task_group.py
[2022-08-12 02:09:01,291] {logging_mixin.py:115} INFO - [2022-08-12 02:09:01,291] {dag.py:2371} INFO - Sync 1 DAGs
[2022-08-12 02:09:01,341] {logging_mixin.py:115} INFO - [2022-08-12 02:09:01,341] {dag.py:2919} INFO - Setting next_dagrun for example_task_group to 2022-08-11T02:09:01.340094+00:00, run_after=2022-08-12T02:09:01.340094+00:00
[2022-08-12 02:09:01,368] {processor.py:161} INFO - Processing /home/airflow/.local/lib/python3.7/site-packages/airflow/example_dags/example_task_group.py took 0.159 seconds
[2022-08-12 02:09:36,744] {processor.py:153} INFO - Started process (PID=674) to work on /home/airflow/.local/lib/python3.7/site-packages/airflow/example_dags/example_task_group.py
[2022-08-12 02:09:36,751] {processor.py:641} INFO - Processing file /home/airflow/.local/lib/python3.7/site-packages/airflow/example_dags/example_task_group.py for tasks to queue
[2022-08-12 02:09:36,755] {logging_mixin.py:115} INFO - [2022-08-12 02:09:36,755] {dagbag.py:507} INFO - Filling up the DagBag from /home/airflow/.local/lib/python3.7/site-packages/airflow/example_dags/example_task_group.py
[2022-08-12 02:09:36,801] {processor.py:651} INFO - DAG(s) dict_keys(['example_task_group']) retrieved from /home/airflow/.local/lib/python3.7/site-packages/airflow/example_dags/example_task_group.py
[2022-08-12 02:09:36,934] {logging_mixin.py:115} INFO - [2022-08-12 02:09:36,934] {dag.py:2371} INFO - Sync 1 DAGs
[2022-08-12 02:09:37,025] {logging_mixin.py:115} INFO - [2022-08-12 02:09:37,024] {dag.py:2919} INFO - Setting next_dagrun for example_task_group to 2022-08-11T02:09:37.023440+00:00, run_after=2022-08-12T02:09:37.023440+00:00
[2022-08-12 02:09:37,080] {processor.py:161} INFO - Processing /home/airflow/.local/lib/python3.7/site-packages/airflow/example_dags/example_task_group.py took 0.351 seconds
[2022-08-12 02:14:33,117] {processor.py:153} INFO - Started process (PID=717) to work on /home/airflow/.local/lib/python3.7/site-packages/airflow/example_dags/example_task_group.py
[2022-08-12 02:14:33,119] {processor.py:641} INFO - Processing file /home/airflow/.local/lib/python3.7/site-packages/airflow/example_dags/example_task_group.py for tasks to queue
[2022-08-12 02:14:33,121] {logging_mixin.py:115} INFO - [2022-08-12 02:14:33,121] {dagbag.py:507} INFO - Filling up the DagBag from /home/airflow/.local/lib/python3.7/site-packages/airflow/example_dags/example_task_group.py
[2022-08-12 02:14:33,133] {processor.py:651} INFO - DAG(s) dict_keys(['example_task_group']) retrieved from /home/airflow/.local/lib/python3.7/site-packages/airflow/example_dags/example_task_group.py
[2022-08-12 02:14:33,176] {logging_mixin.py:115} INFO - [2022-08-12 02:14:33,175] {dag.py:2371} INFO - Sync 1 DAGs
[2022-08-12 02:14:33,204] {logging_mixin.py:115} INFO - [2022-08-12 02:14:33,204] {dag.py:2919} INFO - Setting next_dagrun for example_task_group to 2022-08-11T02:14:33.204278+00:00, run_after=2022-08-12T02:14:33.204278+00:00
[2022-08-12 02:14:33,221] {processor.py:161} INFO - Processing /home/airflow/.local/lib/python3.7/site-packages/airflow/example_dags/example_task_group.py took 0.109 seconds
[2022-08-12 02:15:06,689] {processor.py:153} INFO - Started process (PID=769) to work on /home/airflow/.local/lib/python3.7/site-packages/airflow/example_dags/example_task_group.py
[2022-08-12 02:15:06,693] {processor.py:641} INFO - Processing file /home/airflow/.local/lib/python3.7/site-packages/airflow/example_dags/example_task_group.py for tasks to queue
[2022-08-12 02:15:06,698] {logging_mixin.py:115} INFO - [2022-08-12 02:15:06,697] {dagbag.py:507} INFO - Filling up the DagBag from /home/airflow/.local/lib/python3.7/site-packages/airflow/example_dags/example_task_group.py
[2022-08-12 02:15:06,731] {processor.py:651} INFO - DAG(s) dict_keys(['example_task_group']) retrieved from /home/airflow/.local/lib/python3.7/site-packages/airflow/example_dags/example_task_group.py
[2022-08-12 02:15:06,835] {logging_mixin.py:115} INFO - [2022-08-12 02:15:06,835] {dag.py:2371} INFO - Sync 1 DAGs
[2022-08-12 02:15:06,925] {logging_mixin.py:115} INFO - [2022-08-12 02:15:06,924] {dag.py:2919} INFO - Setting next_dagrun for example_task_group to 2022-08-11T02:15:06.923637+00:00, run_after=2022-08-12T02:15:06.923637+00:00
[2022-08-12 02:15:06,993] {processor.py:161} INFO - Processing /home/airflow/.local/lib/python3.7/site-packages/airflow/example_dags/example_task_group.py took 0.316 seconds
[2022-08-12 02:20:05,126] {processor.py:153} INFO - Started process (PID=813) to work on /home/airflow/.local/lib/python3.7/site-packages/airflow/example_dags/example_task_group.py
[2022-08-12 02:20:05,127] {processor.py:641} INFO - Processing file /home/airflow/.local/lib/python3.7/site-packages/airflow/example_dags/example_task_group.py for tasks to queue
[2022-08-12 02:20:05,128] {logging_mixin.py:115} INFO - [2022-08-12 02:20:05,128] {dagbag.py:507} INFO - Filling up the DagBag from /home/airflow/.local/lib/python3.7/site-packages/airflow/example_dags/example_task_group.py
[2022-08-12 02:20:05,140] {processor.py:651} INFO - DAG(s) dict_keys(['example_task_group']) retrieved from /home/airflow/.local/lib/python3.7/site-packages/airflow/example_dags/example_task_group.py
[2022-08-12 02:20:05,190] {logging_mixin.py:115} INFO - [2022-08-12 02:20:05,189] {dag.py:2371} INFO - Sync 1 DAGs
[2022-08-12 02:20:05,218] {logging_mixin.py:115} INFO - [2022-08-12 02:20:05,218] {dag.py:2919} INFO - Setting next_dagrun for example_task_group to 2022-08-11T02:20:05.218498+00:00, run_after=2022-08-12T02:20:05.218498+00:00
[2022-08-12 02:20:05,240] {processor.py:161} INFO - Processing /home/airflow/.local/lib/python3.7/site-packages/airflow/example_dags/example_task_group.py took 0.120 seconds
[2022-08-12 02:20:38,416] {processor.py:153} INFO - Started process (PID=866) to work on /home/airflow/.local/lib/python3.7/site-packages/airflow/example_dags/example_task_group.py
[2022-08-12 02:20:38,420] {processor.py:641} INFO - Processing file /home/airflow/.local/lib/python3.7/site-packages/airflow/example_dags/example_task_group.py for tasks to queue
[2022-08-12 02:20:38,423] {logging_mixin.py:115} INFO - [2022-08-12 02:20:38,423] {dagbag.py:507} INFO - Filling up the DagBag from /home/airflow/.local/lib/python3.7/site-packages/airflow/example_dags/example_task_group.py
[2022-08-12 02:20:38,458] {processor.py:651} INFO - DAG(s) dict_keys(['example_task_group']) retrieved from /home/airflow/.local/lib/python3.7/site-packages/airflow/example_dags/example_task_group.py
[2022-08-12 02:20:38,543] {logging_mixin.py:115} INFO - [2022-08-12 02:20:38,542] {dag.py:2371} INFO - Sync 1 DAGs
[2022-08-12 02:20:38,596] {logging_mixin.py:115} INFO - [2022-08-12 02:20:38,596] {dag.py:2919} INFO - Setting next_dagrun for example_task_group to 2022-08-11T02:20:38.595931+00:00, run_after=2022-08-12T02:20:38.595931+00:00
[2022-08-12 02:20:38,637] {processor.py:161} INFO - Processing /home/airflow/.local/lib/python3.7/site-packages/airflow/example_dags/example_task_group.py took 0.234 seconds
[2022-08-12 02:25:37,779] {processor.py:153} INFO - Started process (PID=920) to work on /home/airflow/.local/lib/python3.7/site-packages/airflow/example_dags/example_task_group.py
[2022-08-12 02:25:37,782] {processor.py:641} INFO - Processing file /home/airflow/.local/lib/python3.7/site-packages/airflow/example_dags/example_task_group.py for tasks to queue
[2022-08-12 02:25:37,784] {logging_mixin.py:115} INFO - [2022-08-12 02:25:37,784] {dagbag.py:507} INFO - Filling up the DagBag from /home/airflow/.local/lib/python3.7/site-packages/airflow/example_dags/example_task_group.py
[2022-08-12 02:25:37,799] {processor.py:651} INFO - DAG(s) dict_keys(['example_task_group']) retrieved from /home/airflow/.local/lib/python3.7/site-packages/airflow/example_dags/example_task_group.py
[2022-08-12 02:25:37,847] {logging_mixin.py:115} INFO - [2022-08-12 02:25:37,847] {dag.py:2371} INFO - Sync 1 DAGs
[2022-08-12 02:25:37,869] {logging_mixin.py:115} INFO - [2022-08-12 02:25:37,869] {dag.py:2919} INFO - Setting next_dagrun for example_task_group to 2022-08-11T02:25:37.869059+00:00, run_after=2022-08-12T02:25:37.869059+00:00
[2022-08-12 02:25:37,884] {processor.py:161} INFO - Processing /home/airflow/.local/lib/python3.7/site-packages/airflow/example_dags/example_task_group.py took 0.110 seconds
[2022-08-12 02:26:11,077] {processor.py:153} INFO - Started process (PID=972) to work on /home/airflow/.local/lib/python3.7/site-packages/airflow/example_dags/example_task_group.py
[2022-08-12 02:26:11,081] {processor.py:641} INFO - Processing file /home/airflow/.local/lib/python3.7/site-packages/airflow/example_dags/example_task_group.py for tasks to queue
[2022-08-12 02:26:11,084] {logging_mixin.py:115} INFO - [2022-08-12 02:26:11,083] {dagbag.py:507} INFO - Filling up the DagBag from /home/airflow/.local/lib/python3.7/site-packages/airflow/example_dags/example_task_group.py
[2022-08-12 02:26:11,117] {processor.py:651} INFO - DAG(s) dict_keys(['example_task_group']) retrieved from /home/airflow/.local/lib/python3.7/site-packages/airflow/example_dags/example_task_group.py
[2022-08-12 02:26:11,243] {logging_mixin.py:115} INFO - [2022-08-12 02:26:11,243] {dag.py:2371} INFO - Sync 1 DAGs
[2022-08-12 02:26:11,308] {logging_mixin.py:115} INFO - [2022-08-12 02:26:11,308] {dag.py:2919} INFO - Setting next_dagrun for example_task_group to 2022-08-11T02:26:11.307762+00:00, run_after=2022-08-12T02:26:11.307762+00:00
[2022-08-12 02:26:11,348] {processor.py:161} INFO - Processing /home/airflow/.local/lib/python3.7/site-packages/airflow/example_dags/example_task_group.py took 0.286 seconds
[2022-08-12 02:31:12,276] {processor.py:153} INFO - Started process (PID=1024) to work on /home/airflow/.local/lib/python3.7/site-packages/airflow/example_dags/example_task_group.py
[2022-08-12 02:31:12,278] {processor.py:641} INFO - Processing file /home/airflow/.local/lib/python3.7/site-packages/airflow/example_dags/example_task_group.py for tasks to queue
[2022-08-12 02:31:12,279] {logging_mixin.py:115} INFO - [2022-08-12 02:31:12,279] {dagbag.py:507} INFO - Filling up the DagBag from /home/airflow/.local/lib/python3.7/site-packages/airflow/example_dags/example_task_group.py
[2022-08-12 02:31:12,295] {processor.py:651} INFO - DAG(s) dict_keys(['example_task_group']) retrieved from /home/airflow/.local/lib/python3.7/site-packages/airflow/example_dags/example_task_group.py
[2022-08-12 02:31:12,341] {logging_mixin.py:115} INFO - [2022-08-12 02:31:12,340] {dag.py:2371} INFO - Sync 1 DAGs
[2022-08-12 02:31:12,373] {logging_mixin.py:115} INFO - [2022-08-12 02:31:12,373] {dag.py:2919} INFO - Setting next_dagrun for example_task_group to 2022-08-11T02:31:12.372381+00:00, run_after=2022-08-12T02:31:12.372381+00:00
[2022-08-12 02:31:12,395] {processor.py:161} INFO - Processing /home/airflow/.local/lib/python3.7/site-packages/airflow/example_dags/example_task_group.py took 0.124 seconds
[2022-08-12 02:31:44,653] {processor.py:153} INFO - Started process (PID=1076) to work on /home/airflow/.local/lib/python3.7/site-packages/airflow/example_dags/example_task_group.py
[2022-08-12 02:31:44,657] {processor.py:641} INFO - Processing file /home/airflow/.local/lib/python3.7/site-packages/airflow/example_dags/example_task_group.py for tasks to queue
[2022-08-12 02:31:44,663] {logging_mixin.py:115} INFO - [2022-08-12 02:31:44,662] {dagbag.py:507} INFO - Filling up the DagBag from /home/airflow/.local/lib/python3.7/site-packages/airflow/example_dags/example_task_group.py
[2022-08-12 02:31:44,696] {processor.py:651} INFO - DAG(s) dict_keys(['example_task_group']) retrieved from /home/airflow/.local/lib/python3.7/site-packages/airflow/example_dags/example_task_group.py
[2022-08-12 02:31:44,782] {logging_mixin.py:115} INFO - [2022-08-12 02:31:44,782] {dag.py:2371} INFO - Sync 1 DAGs
[2022-08-12 02:31:44,846] {logging_mixin.py:115} INFO - [2022-08-12 02:31:44,846] {dag.py:2919} INFO - Setting next_dagrun for example_task_group to 2022-08-11T02:31:44.844903+00:00, run_after=2022-08-12T02:31:44.844903+00:00
[2022-08-12 02:31:44,898] {processor.py:161} INFO - Processing /home/airflow/.local/lib/python3.7/site-packages/airflow/example_dags/example_task_group.py took 0.263 seconds
[2022-08-12 02:36:43,391] {processor.py:153} INFO - Started process (PID=1120) to work on /home/airflow/.local/lib/python3.7/site-packages/airflow/example_dags/example_task_group.py
[2022-08-12 02:36:43,395] {processor.py:641} INFO - Processing file /home/airflow/.local/lib/python3.7/site-packages/airflow/example_dags/example_task_group.py for tasks to queue
[2022-08-12 02:36:43,397] {logging_mixin.py:115} INFO - [2022-08-12 02:36:43,397] {dagbag.py:507} INFO - Filling up the DagBag from /home/airflow/.local/lib/python3.7/site-packages/airflow/example_dags/example_task_group.py
[2022-08-12 02:36:43,415] {processor.py:651} INFO - DAG(s) dict_keys(['example_task_group']) retrieved from /home/airflow/.local/lib/python3.7/site-packages/airflow/example_dags/example_task_group.py
[2022-08-12 02:36:43,460] {logging_mixin.py:115} INFO - [2022-08-12 02:36:43,460] {dag.py:2371} INFO - Sync 1 DAGs
[2022-08-12 02:36:43,489] {logging_mixin.py:115} INFO - [2022-08-12 02:36:43,488] {dag.py:2919} INFO - Setting next_dagrun for example_task_group to 2022-08-11T02:36:43.488665+00:00, run_after=2022-08-12T02:36:43.488665+00:00
[2022-08-12 02:36:43,505] {processor.py:161} INFO - Processing /home/airflow/.local/lib/python3.7/site-packages/airflow/example_dags/example_task_group.py took 0.118 seconds
[2022-08-12 02:37:16,586] {processor.py:153} INFO - Started process (PID=1172) to work on /home/airflow/.local/lib/python3.7/site-packages/airflow/example_dags/example_task_group.py
[2022-08-12 02:37:16,590] {processor.py:641} INFO - Processing file /home/airflow/.local/lib/python3.7/site-packages/airflow/example_dags/example_task_group.py for tasks to queue
[2022-08-12 02:37:16,595] {logging_mixin.py:115} INFO - [2022-08-12 02:37:16,594] {dagbag.py:507} INFO - Filling up the DagBag from /home/airflow/.local/lib/python3.7/site-packages/airflow/example_dags/example_task_group.py
[2022-08-12 02:37:16,637] {processor.py:651} INFO - DAG(s) dict_keys(['example_task_group']) retrieved from /home/airflow/.local/lib/python3.7/site-packages/airflow/example_dags/example_task_group.py
[2022-08-12 02:37:16,777] {logging_mixin.py:115} INFO - [2022-08-12 02:37:16,776] {dag.py:2371} INFO - Sync 1 DAGs
[2022-08-12 02:37:16,885] {logging_mixin.py:115} INFO - [2022-08-12 02:37:16,884] {dag.py:2919} INFO - Setting next_dagrun for example_task_group to 2022-08-11T02:37:16.883410+00:00, run_after=2022-08-12T02:37:16.883410+00:00
[2022-08-12 02:37:16,937] {processor.py:161} INFO - Processing /home/airflow/.local/lib/python3.7/site-packages/airflow/example_dags/example_task_group.py took 0.367 seconds
[2022-08-12 02:53:21,666] {processor.py:153} INFO - Started process (PID=1243) to work on /home/airflow/.local/lib/python3.7/site-packages/airflow/example_dags/example_task_group.py
[2022-08-12 02:53:21,668] {processor.py:641} INFO - Processing file /home/airflow/.local/lib/python3.7/site-packages/airflow/example_dags/example_task_group.py for tasks to queue
[2022-08-12 02:53:21,670] {logging_mixin.py:115} INFO - [2022-08-12 02:53:21,670] {dagbag.py:507} INFO - Filling up the DagBag from /home/airflow/.local/lib/python3.7/site-packages/airflow/example_dags/example_task_group.py
[2022-08-12 02:53:21,698] {processor.py:651} INFO - DAG(s) dict_keys(['example_task_group']) retrieved from /home/airflow/.local/lib/python3.7/site-packages/airflow/example_dags/example_task_group.py
[2022-08-12 02:53:21,792] {logging_mixin.py:115} INFO - [2022-08-12 02:53:21,792] {dag.py:2371} INFO - Sync 1 DAGs
[2022-08-12 02:53:21,883] {logging_mixin.py:115} INFO - [2022-08-12 02:53:21,882] {dag.py:2919} INFO - Setting next_dagrun for example_task_group to 2022-08-11T02:53:21.882392+00:00, run_after=2022-08-12T02:53:21.882392+00:00
[2022-08-12 02:53:21,919] {processor.py:161} INFO - Processing /home/airflow/.local/lib/python3.7/site-packages/airflow/example_dags/example_task_group.py took 0.257 seconds
[2022-08-12 02:53:55,642] {processor.py:153} INFO - Started process (PID=1295) to work on /home/airflow/.local/lib/python3.7/site-packages/airflow/example_dags/example_task_group.py
[2022-08-12 02:53:55,647] {processor.py:641} INFO - Processing file /home/airflow/.local/lib/python3.7/site-packages/airflow/example_dags/example_task_group.py for tasks to queue
[2022-08-12 02:53:55,652] {logging_mixin.py:115} INFO - [2022-08-12 02:53:55,651] {dagbag.py:507} INFO - Filling up the DagBag from /home/airflow/.local/lib/python3.7/site-packages/airflow/example_dags/example_task_group.py
[2022-08-12 02:53:55,705] {processor.py:651} INFO - DAG(s) dict_keys(['example_task_group']) retrieved from /home/airflow/.local/lib/python3.7/site-packages/airflow/example_dags/example_task_group.py
[2022-08-12 02:53:55,866] {logging_mixin.py:115} INFO - [2022-08-12 02:53:55,866] {dag.py:2371} INFO - Sync 1 DAGs
[2022-08-12 02:53:56,005] {logging_mixin.py:115} INFO - [2022-08-12 02:53:56,004] {dag.py:2919} INFO - Setting next_dagrun for example_task_group to 2022-08-11T02:53:56.002129+00:00, run_after=2022-08-12T02:53:56.002129+00:00
[2022-08-12 02:53:56,064] {processor.py:161} INFO - Processing /home/airflow/.local/lib/python3.7/site-packages/airflow/example_dags/example_task_group.py took 0.439 seconds
[2022-08-12 02:54:30,234] {processor.py:153} INFO - Started process (PID=1348) to work on /home/airflow/.local/lib/python3.7/site-packages/airflow/example_dags/example_task_group.py
[2022-08-12 02:54:30,243] {processor.py:641} INFO - Processing file /home/airflow/.local/lib/python3.7/site-packages/airflow/example_dags/example_task_group.py for tasks to queue
[2022-08-12 02:54:30,253] {logging_mixin.py:115} INFO - [2022-08-12 02:54:30,252] {dagbag.py:507} INFO - Filling up the DagBag from /home/airflow/.local/lib/python3.7/site-packages/airflow/example_dags/example_task_group.py
[2022-08-12 02:54:30,327] {processor.py:651} INFO - DAG(s) dict_keys(['example_task_group']) retrieved from /home/airflow/.local/lib/python3.7/site-packages/airflow/example_dags/example_task_group.py
[2022-08-12 02:54:30,542] {logging_mixin.py:115} INFO - [2022-08-12 02:54:30,541] {dag.py:2371} INFO - Sync 1 DAGs
[2022-08-12 02:54:30,643] {logging_mixin.py:115} INFO - [2022-08-12 02:54:30,642] {dag.py:2919} INFO - Setting next_dagrun for example_task_group to 2022-08-11T02:54:30.641404+00:00, run_after=2022-08-12T02:54:30.641404+00:00
[2022-08-12 02:54:30,701] {processor.py:161} INFO - Processing /home/airflow/.local/lib/python3.7/site-packages/airflow/example_dags/example_task_group.py took 0.490 seconds
[2022-08-12 02:55:01,125] {processor.py:153} INFO - Started process (PID=1397) to work on /home/airflow/.local/lib/python3.7/site-packages/airflow/example_dags/example_task_group.py
[2022-08-12 02:55:01,139] {processor.py:641} INFO - Processing file /home/airflow/.local/lib/python3.7/site-packages/airflow/example_dags/example_task_group.py for tasks to queue
[2022-08-12 02:55:01,145] {logging_mixin.py:115} INFO - [2022-08-12 02:55:01,144] {dagbag.py:507} INFO - Filling up the DagBag from /home/airflow/.local/lib/python3.7/site-packages/airflow/example_dags/example_task_group.py
[2022-08-12 02:55:01,264] {processor.py:651} INFO - DAG(s) dict_keys(['example_task_group']) retrieved from /home/airflow/.local/lib/python3.7/site-packages/airflow/example_dags/example_task_group.py
[2022-08-12 02:55:01,639] {logging_mixin.py:115} INFO - [2022-08-12 02:55:01,638] {dag.py:2371} INFO - Sync 1 DAGs
[2022-08-12 02:55:01,836] {logging_mixin.py:115} INFO - [2022-08-12 02:55:01,835] {dag.py:2919} INFO - Setting next_dagrun for example_task_group to 2022-08-11T02:55:01.834538+00:00, run_after=2022-08-12T02:55:01.834538+00:00
[2022-08-12 02:55:01,889] {processor.py:161} INFO - Processing /home/airflow/.local/lib/python3.7/site-packages/airflow/example_dags/example_task_group.py took 0.804 seconds
[2022-08-12 02:55:32,039] {processor.py:153} INFO - Started process (PID=1442) to work on /home/airflow/.local/lib/python3.7/site-packages/airflow/example_dags/example_task_group.py
[2022-08-12 02:55:32,043] {processor.py:641} INFO - Processing file /home/airflow/.local/lib/python3.7/site-packages/airflow/example_dags/example_task_group.py for tasks to queue
[2022-08-12 02:55:32,048] {logging_mixin.py:115} INFO - [2022-08-12 02:55:32,047] {dagbag.py:507} INFO - Filling up the DagBag from /home/airflow/.local/lib/python3.7/site-packages/airflow/example_dags/example_task_group.py
[2022-08-12 02:55:32,087] {processor.py:651} INFO - DAG(s) dict_keys(['example_task_group']) retrieved from /home/airflow/.local/lib/python3.7/site-packages/airflow/example_dags/example_task_group.py
[2022-08-12 02:55:32,181] {logging_mixin.py:115} INFO - [2022-08-12 02:55:32,181] {dag.py:2371} INFO - Sync 1 DAGs
[2022-08-12 02:55:32,247] {logging_mixin.py:115} INFO - [2022-08-12 02:55:32,247] {dag.py:2919} INFO - Setting next_dagrun for example_task_group to 2022-08-11T02:55:32.246124+00:00, run_after=2022-08-12T02:55:32.246124+00:00
[2022-08-12 02:55:32,306] {processor.py:161} INFO - Processing /home/airflow/.local/lib/python3.7/site-packages/airflow/example_dags/example_task_group.py took 0.280 seconds
[2022-08-12 02:56:02,430] {processor.py:153} INFO - Started process (PID=1494) to work on /home/airflow/.local/lib/python3.7/site-packages/airflow/example_dags/example_task_group.py
[2022-08-12 02:56:02,433] {processor.py:641} INFO - Processing file /home/airflow/.local/lib/python3.7/site-packages/airflow/example_dags/example_task_group.py for tasks to queue
[2022-08-12 02:56:02,436] {logging_mixin.py:115} INFO - [2022-08-12 02:56:02,436] {dagbag.py:507} INFO - Filling up the DagBag from /home/airflow/.local/lib/python3.7/site-packages/airflow/example_dags/example_task_group.py
[2022-08-12 02:56:02,458] {processor.py:651} INFO - DAG(s) dict_keys(['example_task_group']) retrieved from /home/airflow/.local/lib/python3.7/site-packages/airflow/example_dags/example_task_group.py
[2022-08-12 02:56:02,515] {logging_mixin.py:115} INFO - [2022-08-12 02:56:02,515] {dag.py:2371} INFO - Sync 1 DAGs
[2022-08-12 02:56:02,552] {logging_mixin.py:115} INFO - [2022-08-12 02:56:02,552] {dag.py:2919} INFO - Setting next_dagrun for example_task_group to 2022-08-11T02:56:02.552096+00:00, run_after=2022-08-12T02:56:02.552096+00:00
[2022-08-12 02:56:02,576] {processor.py:161} INFO - Processing /home/airflow/.local/lib/python3.7/site-packages/airflow/example_dags/example_task_group.py took 0.152 seconds
[2022-08-12 02:56:32,632] {processor.py:153} INFO - Started process (PID=1556) to work on /home/airflow/.local/lib/python3.7/site-packages/airflow/example_dags/example_task_group.py
[2022-08-12 02:56:32,634] {processor.py:641} INFO - Processing file /home/airflow/.local/lib/python3.7/site-packages/airflow/example_dags/example_task_group.py for tasks to queue
[2022-08-12 02:56:32,637] {logging_mixin.py:115} INFO - [2022-08-12 02:56:32,637] {dagbag.py:507} INFO - Filling up the DagBag from /home/airflow/.local/lib/python3.7/site-packages/airflow/example_dags/example_task_group.py
[2022-08-12 02:56:32,657] {processor.py:651} INFO - DAG(s) dict_keys(['example_task_group']) retrieved from /home/airflow/.local/lib/python3.7/site-packages/airflow/example_dags/example_task_group.py
[2022-08-12 02:56:32,704] {logging_mixin.py:115} INFO - [2022-08-12 02:56:32,704] {dag.py:2371} INFO - Sync 1 DAGs
[2022-08-12 02:56:32,737] {logging_mixin.py:115} INFO - [2022-08-12 02:56:32,737] {dag.py:2919} INFO - Setting next_dagrun for example_task_group to 2022-08-11T02:56:32.737146+00:00, run_after=2022-08-12T02:56:32.737146+00:00
[2022-08-12 02:56:32,760] {processor.py:161} INFO - Processing /home/airflow/.local/lib/python3.7/site-packages/airflow/example_dags/example_task_group.py took 0.135 seconds
[2022-08-12 02:57:02,911] {processor.py:153} INFO - Started process (PID=1608) to work on /home/airflow/.local/lib/python3.7/site-packages/airflow/example_dags/example_task_group.py
[2022-08-12 02:57:02,913] {processor.py:641} INFO - Processing file /home/airflow/.local/lib/python3.7/site-packages/airflow/example_dags/example_task_group.py for tasks to queue
[2022-08-12 02:57:02,915] {logging_mixin.py:115} INFO - [2022-08-12 02:57:02,915] {dagbag.py:507} INFO - Filling up the DagBag from /home/airflow/.local/lib/python3.7/site-packages/airflow/example_dags/example_task_group.py
[2022-08-12 02:57:02,935] {processor.py:651} INFO - DAG(s) dict_keys(['example_task_group']) retrieved from /home/airflow/.local/lib/python3.7/site-packages/airflow/example_dags/example_task_group.py
[2022-08-12 02:57:02,980] {logging_mixin.py:115} INFO - [2022-08-12 02:57:02,980] {dag.py:2371} INFO - Sync 1 DAGs
[2022-08-12 02:57:03,026] {logging_mixin.py:115} INFO - [2022-08-12 02:57:03,026] {dag.py:2919} INFO - Setting next_dagrun for example_task_group to 2022-08-11T02:57:03.026202+00:00, run_after=2022-08-12T02:57:03.026202+00:00
[2022-08-12 02:57:03,045] {processor.py:161} INFO - Processing /home/airflow/.local/lib/python3.7/site-packages/airflow/example_dags/example_task_group.py took 0.141 seconds
[2022-08-12 02:57:33,230] {processor.py:153} INFO - Started process (PID=1669) to work on /home/airflow/.local/lib/python3.7/site-packages/airflow/example_dags/example_task_group.py
[2022-08-12 02:57:33,232] {processor.py:641} INFO - Processing file /home/airflow/.local/lib/python3.7/site-packages/airflow/example_dags/example_task_group.py for tasks to queue
[2022-08-12 02:57:33,234] {logging_mixin.py:115} INFO - [2022-08-12 02:57:33,234] {dagbag.py:507} INFO - Filling up the DagBag from /home/airflow/.local/lib/python3.7/site-packages/airflow/example_dags/example_task_group.py
[2022-08-12 02:57:33,251] {processor.py:651} INFO - DAG(s) dict_keys(['example_task_group']) retrieved from /home/airflow/.local/lib/python3.7/site-packages/airflow/example_dags/example_task_group.py
[2022-08-12 02:57:33,293] {logging_mixin.py:115} INFO - [2022-08-12 02:57:33,293] {dag.py:2371} INFO - Sync 1 DAGs
[2022-08-12 02:57:33,322] {logging_mixin.py:115} INFO - [2022-08-12 02:57:33,322] {dag.py:2919} INFO - Setting next_dagrun for example_task_group to 2022-08-11T02:57:33.322461+00:00, run_after=2022-08-12T02:57:33.322461+00:00
[2022-08-12 02:57:33,343] {processor.py:161} INFO - Processing /home/airflow/.local/lib/python3.7/site-packages/airflow/example_dags/example_task_group.py took 0.119 seconds
[2022-08-12 02:58:04,026] {processor.py:153} INFO - Started process (PID=1721) to work on /home/airflow/.local/lib/python3.7/site-packages/airflow/example_dags/example_task_group.py
[2022-08-12 02:58:04,050] {processor.py:641} INFO - Processing file /home/airflow/.local/lib/python3.7/site-packages/airflow/example_dags/example_task_group.py for tasks to queue
[2022-08-12 02:58:04,051] {logging_mixin.py:115} INFO - [2022-08-12 02:58:04,051] {dagbag.py:507} INFO - Filling up the DagBag from /home/airflow/.local/lib/python3.7/site-packages/airflow/example_dags/example_task_group.py
[2022-08-12 02:58:04,066] {processor.py:651} INFO - DAG(s) dict_keys(['example_task_group']) retrieved from /home/airflow/.local/lib/python3.7/site-packages/airflow/example_dags/example_task_group.py
[2022-08-12 02:58:04,108] {logging_mixin.py:115} INFO - [2022-08-12 02:58:04,108] {dag.py:2371} INFO - Sync 1 DAGs
[2022-08-12 02:58:04,135] {logging_mixin.py:115} INFO - [2022-08-12 02:58:04,135] {dag.py:2919} INFO - Setting next_dagrun for example_task_group to 2022-08-11T02:58:04.135366+00:00, run_after=2022-08-12T02:58:04.135366+00:00
[2022-08-12 02:58:04,187] {processor.py:161} INFO - Processing /home/airflow/.local/lib/python3.7/site-packages/airflow/example_dags/example_task_group.py took 0.166 seconds
[2022-08-12 02:58:34,361] {processor.py:153} INFO - Started process (PID=1782) to work on /home/airflow/.local/lib/python3.7/site-packages/airflow/example_dags/example_task_group.py
[2022-08-12 02:58:34,362] {processor.py:641} INFO - Processing file /home/airflow/.local/lib/python3.7/site-packages/airflow/example_dags/example_task_group.py for tasks to queue
[2022-08-12 02:58:34,363] {logging_mixin.py:115} INFO - [2022-08-12 02:58:34,363] {dagbag.py:507} INFO - Filling up the DagBag from /home/airflow/.local/lib/python3.7/site-packages/airflow/example_dags/example_task_group.py
[2022-08-12 02:58:34,375] {processor.py:651} INFO - DAG(s) dict_keys(['example_task_group']) retrieved from /home/airflow/.local/lib/python3.7/site-packages/airflow/example_dags/example_task_group.py
[2022-08-12 02:58:34,412] {logging_mixin.py:115} INFO - [2022-08-12 02:58:34,412] {dag.py:2371} INFO - Sync 1 DAGs
[2022-08-12 02:58:34,437] {logging_mixin.py:115} INFO - [2022-08-12 02:58:34,436] {dag.py:2919} INFO - Setting next_dagrun for example_task_group to 2022-08-11T02:58:34.436481+00:00, run_after=2022-08-12T02:58:34.436481+00:00
[2022-08-12 02:58:34,451] {processor.py:161} INFO - Processing /home/airflow/.local/lib/python3.7/site-packages/airflow/example_dags/example_task_group.py took 0.096 seconds
[2022-08-12 02:59:04,773] {processor.py:153} INFO - Started process (PID=1843) to work on /home/airflow/.local/lib/python3.7/site-packages/airflow/example_dags/example_task_group.py
[2022-08-12 02:59:04,774] {processor.py:641} INFO - Processing file /home/airflow/.local/lib/python3.7/site-packages/airflow/example_dags/example_task_group.py for tasks to queue
[2022-08-12 02:59:04,776] {logging_mixin.py:115} INFO - [2022-08-12 02:59:04,776] {dagbag.py:507} INFO - Filling up the DagBag from /home/airflow/.local/lib/python3.7/site-packages/airflow/example_dags/example_task_group.py
[2022-08-12 02:59:04,787] {processor.py:651} INFO - DAG(s) dict_keys(['example_task_group']) retrieved from /home/airflow/.local/lib/python3.7/site-packages/airflow/example_dags/example_task_group.py
[2022-08-12 02:59:04,823] {logging_mixin.py:115} INFO - [2022-08-12 02:59:04,823] {dag.py:2371} INFO - Sync 1 DAGs
[2022-08-12 02:59:04,849] {logging_mixin.py:115} INFO - [2022-08-12 02:59:04,849] {dag.py:2919} INFO - Setting next_dagrun for example_task_group to 2022-08-11T02:59:04.849020+00:00, run_after=2022-08-12T02:59:04.849020+00:00
[2022-08-12 02:59:04,866] {processor.py:161} INFO - Processing /home/airflow/.local/lib/python3.7/site-packages/airflow/example_dags/example_task_group.py took 0.097 seconds
[2022-08-12 02:59:34,983] {processor.py:153} INFO - Started process (PID=1895) to work on /home/airflow/.local/lib/python3.7/site-packages/airflow/example_dags/example_task_group.py
[2022-08-12 02:59:34,984] {processor.py:641} INFO - Processing file /home/airflow/.local/lib/python3.7/site-packages/airflow/example_dags/example_task_group.py for tasks to queue
[2022-08-12 02:59:34,986] {logging_mixin.py:115} INFO - [2022-08-12 02:59:34,986] {dagbag.py:507} INFO - Filling up the DagBag from /home/airflow/.local/lib/python3.7/site-packages/airflow/example_dags/example_task_group.py
[2022-08-12 02:59:35,006] {processor.py:651} INFO - DAG(s) dict_keys(['example_task_group']) retrieved from /home/airflow/.local/lib/python3.7/site-packages/airflow/example_dags/example_task_group.py
[2022-08-12 02:59:35,042] {logging_mixin.py:115} INFO - [2022-08-12 02:59:35,042] {dag.py:2371} INFO - Sync 1 DAGs
[2022-08-12 02:59:35,068] {logging_mixin.py:115} INFO - [2022-08-12 02:59:35,068] {dag.py:2919} INFO - Setting next_dagrun for example_task_group to 2022-08-11T02:59:35.068337+00:00, run_after=2022-08-12T02:59:35.068337+00:00
[2022-08-12 02:59:35,086] {processor.py:161} INFO - Processing /home/airflow/.local/lib/python3.7/site-packages/airflow/example_dags/example_task_group.py took 0.109 seconds
[2022-08-12 03:00:05,521] {processor.py:153} INFO - Started process (PID=1955) to work on /home/airflow/.local/lib/python3.7/site-packages/airflow/example_dags/example_task_group.py
[2022-08-12 03:00:05,523] {processor.py:641} INFO - Processing file /home/airflow/.local/lib/python3.7/site-packages/airflow/example_dags/example_task_group.py for tasks to queue
[2022-08-12 03:00:05,525] {logging_mixin.py:115} INFO - [2022-08-12 03:00:05,525] {dagbag.py:507} INFO - Filling up the DagBag from /home/airflow/.local/lib/python3.7/site-packages/airflow/example_dags/example_task_group.py
[2022-08-12 03:00:05,545] {processor.py:651} INFO - DAG(s) dict_keys(['example_task_group']) retrieved from /home/airflow/.local/lib/python3.7/site-packages/airflow/example_dags/example_task_group.py
[2022-08-12 03:00:05,587] {logging_mixin.py:115} INFO - [2022-08-12 03:00:05,587] {dag.py:2371} INFO - Sync 1 DAGs
[2022-08-12 03:00:05,614] {logging_mixin.py:115} INFO - [2022-08-12 03:00:05,614] {dag.py:2919} INFO - Setting next_dagrun for example_task_group to 2022-08-11T03:00:05.613987+00:00, run_after=2022-08-12T03:00:05.613987+00:00
[2022-08-12 03:00:05,630] {processor.py:161} INFO - Processing /home/airflow/.local/lib/python3.7/site-packages/airflow/example_dags/example_task_group.py took 0.117 seconds
[2022-08-12 03:00:36,459] {processor.py:153} INFO - Started process (PID=2008) to work on /home/airflow/.local/lib/python3.7/site-packages/airflow/example_dags/example_task_group.py
[2022-08-12 03:00:36,462] {processor.py:641} INFO - Processing file /home/airflow/.local/lib/python3.7/site-packages/airflow/example_dags/example_task_group.py for tasks to queue
[2022-08-12 03:00:36,465] {logging_mixin.py:115} INFO - [2022-08-12 03:00:36,465] {dagbag.py:507} INFO - Filling up the DagBag from /home/airflow/.local/lib/python3.7/site-packages/airflow/example_dags/example_task_group.py
[2022-08-12 03:00:36,501] {processor.py:651} INFO - DAG(s) dict_keys(['example_task_group']) retrieved from /home/airflow/.local/lib/python3.7/site-packages/airflow/example_dags/example_task_group.py
[2022-08-12 03:00:36,596] {logging_mixin.py:115} INFO - [2022-08-12 03:00:36,596] {dag.py:2371} INFO - Sync 1 DAGs
[2022-08-12 03:00:36,640] {logging_mixin.py:115} INFO - [2022-08-12 03:00:36,640] {dag.py:2919} INFO - Setting next_dagrun for example_task_group to 2022-08-11T03:00:36.639972+00:00, run_after=2022-08-12T03:00:36.639972+00:00
[2022-08-12 03:00:36,661] {processor.py:161} INFO - Processing /home/airflow/.local/lib/python3.7/site-packages/airflow/example_dags/example_task_group.py took 0.210 seconds
[2022-08-12 03:05:35,059] {processor.py:153} INFO - Started process (PID=2061) to work on /home/airflow/.local/lib/python3.7/site-packages/airflow/example_dags/example_task_group.py
[2022-08-12 03:05:35,060] {processor.py:641} INFO - Processing file /home/airflow/.local/lib/python3.7/site-packages/airflow/example_dags/example_task_group.py for tasks to queue
[2022-08-12 03:05:35,061] {logging_mixin.py:115} INFO - [2022-08-12 03:05:35,061] {dagbag.py:507} INFO - Filling up the DagBag from /home/airflow/.local/lib/python3.7/site-packages/airflow/example_dags/example_task_group.py
[2022-08-12 03:05:35,070] {processor.py:651} INFO - DAG(s) dict_keys(['example_task_group']) retrieved from /home/airflow/.local/lib/python3.7/site-packages/airflow/example_dags/example_task_group.py
[2022-08-12 03:05:35,103] {logging_mixin.py:115} INFO - [2022-08-12 03:05:35,103] {dag.py:2371} INFO - Sync 1 DAGs
[2022-08-12 03:05:35,124] {logging_mixin.py:115} INFO - [2022-08-12 03:05:35,124] {dag.py:2919} INFO - Setting next_dagrun for example_task_group to 2022-08-11T03:05:35.123829+00:00, run_after=2022-08-12T03:05:35.123829+00:00
[2022-08-12 03:05:35,143] {processor.py:161} INFO - Processing /home/airflow/.local/lib/python3.7/site-packages/airflow/example_dags/example_task_group.py took 0.087 seconds
[2022-08-12 03:06:07,427] {processor.py:153} INFO - Started process (PID=2113) to work on /home/airflow/.local/lib/python3.7/site-packages/airflow/example_dags/example_task_group.py
[2022-08-12 03:06:07,430] {processor.py:641} INFO - Processing file /home/airflow/.local/lib/python3.7/site-packages/airflow/example_dags/example_task_group.py for tasks to queue
[2022-08-12 03:06:07,432] {logging_mixin.py:115} INFO - [2022-08-12 03:06:07,432] {dagbag.py:507} INFO - Filling up the DagBag from /home/airflow/.local/lib/python3.7/site-packages/airflow/example_dags/example_task_group.py
[2022-08-12 03:06:07,452] {processor.py:651} INFO - DAG(s) dict_keys(['example_task_group']) retrieved from /home/airflow/.local/lib/python3.7/site-packages/airflow/example_dags/example_task_group.py
[2022-08-12 03:06:07,526] {logging_mixin.py:115} INFO - [2022-08-12 03:06:07,526] {dag.py:2371} INFO - Sync 1 DAGs
[2022-08-12 03:06:07,570] {logging_mixin.py:115} INFO - [2022-08-12 03:06:07,570] {dag.py:2919} INFO - Setting next_dagrun for example_task_group to 2022-08-11T03:06:07.570028+00:00, run_after=2022-08-12T03:06:07.570028+00:00
[2022-08-12 03:06:07,604] {processor.py:161} INFO - Processing /home/airflow/.local/lib/python3.7/site-packages/airflow/example_dags/example_task_group.py took 0.185 seconds
[2022-08-12 03:11:07,771] {processor.py:153} INFO - Started process (PID=2166) to work on /home/airflow/.local/lib/python3.7/site-packages/airflow/example_dags/example_task_group.py
[2022-08-12 03:11:07,772] {processor.py:641} INFO - Processing file /home/airflow/.local/lib/python3.7/site-packages/airflow/example_dags/example_task_group.py for tasks to queue
[2022-08-12 03:11:07,774] {logging_mixin.py:115} INFO - [2022-08-12 03:11:07,773] {dagbag.py:507} INFO - Filling up the DagBag from /home/airflow/.local/lib/python3.7/site-packages/airflow/example_dags/example_task_group.py
[2022-08-12 03:11:07,783] {processor.py:651} INFO - DAG(s) dict_keys(['example_task_group']) retrieved from /home/airflow/.local/lib/python3.7/site-packages/airflow/example_dags/example_task_group.py
[2022-08-12 03:11:07,813] {logging_mixin.py:115} INFO - [2022-08-12 03:11:07,813] {dag.py:2371} INFO - Sync 1 DAGs
[2022-08-12 03:11:07,833] {logging_mixin.py:115} INFO - [2022-08-12 03:11:07,833] {dag.py:2919} INFO - Setting next_dagrun for example_task_group to 2022-08-11T03:11:07.833456+00:00, run_after=2022-08-12T03:11:07.833456+00:00
[2022-08-12 03:11:07,848] {processor.py:161} INFO - Processing /home/airflow/.local/lib/python3.7/site-packages/airflow/example_dags/example_task_group.py took 0.080 seconds
[2022-08-12 03:11:39,664] {processor.py:153} INFO - Started process (PID=2218) to work on /home/airflow/.local/lib/python3.7/site-packages/airflow/example_dags/example_task_group.py
[2022-08-12 03:11:39,667] {processor.py:641} INFO - Processing file /home/airflow/.local/lib/python3.7/site-packages/airflow/example_dags/example_task_group.py for tasks to queue
[2022-08-12 03:11:39,671] {logging_mixin.py:115} INFO - [2022-08-12 03:11:39,671] {dagbag.py:507} INFO - Filling up the DagBag from /home/airflow/.local/lib/python3.7/site-packages/airflow/example_dags/example_task_group.py
[2022-08-12 03:11:39,697] {processor.py:651} INFO - DAG(s) dict_keys(['example_task_group']) retrieved from /home/airflow/.local/lib/python3.7/site-packages/airflow/example_dags/example_task_group.py
[2022-08-12 03:11:39,768] {logging_mixin.py:115} INFO - [2022-08-12 03:11:39,767] {dag.py:2371} INFO - Sync 1 DAGs
[2022-08-12 03:11:39,835] {logging_mixin.py:115} INFO - [2022-08-12 03:11:39,834] {dag.py:2919} INFO - Setting next_dagrun for example_task_group to 2022-08-11T03:11:39.834256+00:00, run_after=2022-08-12T03:11:39.834256+00:00
[2022-08-12 03:11:39,863] {processor.py:161} INFO - Processing /home/airflow/.local/lib/python3.7/site-packages/airflow/example_dags/example_task_group.py took 0.211 seconds
[2022-08-12 03:16:41,188] {processor.py:153} INFO - Started process (PID=2270) to work on /home/airflow/.local/lib/python3.7/site-packages/airflow/example_dags/example_task_group.py
[2022-08-12 03:16:41,193] {processor.py:641} INFO - Processing file /home/airflow/.local/lib/python3.7/site-packages/airflow/example_dags/example_task_group.py for tasks to queue
[2022-08-12 03:16:41,194] {logging_mixin.py:115} INFO - [2022-08-12 03:16:41,194] {dagbag.py:507} INFO - Filling up the DagBag from /home/airflow/.local/lib/python3.7/site-packages/airflow/example_dags/example_task_group.py
[2022-08-12 03:16:41,217] {processor.py:651} INFO - DAG(s) dict_keys(['example_task_group']) retrieved from /home/airflow/.local/lib/python3.7/site-packages/airflow/example_dags/example_task_group.py
[2022-08-12 03:16:41,268] {logging_mixin.py:115} INFO - [2022-08-12 03:16:41,268] {dag.py:2371} INFO - Sync 1 DAGs
[2022-08-12 03:16:41,293] {logging_mixin.py:115} INFO - [2022-08-12 03:16:41,293] {dag.py:2919} INFO - Setting next_dagrun for example_task_group to 2022-08-11T03:16:41.293508+00:00, run_after=2022-08-12T03:16:41.293508+00:00
[2022-08-12 03:16:41,308] {processor.py:161} INFO - Processing /home/airflow/.local/lib/python3.7/site-packages/airflow/example_dags/example_task_group.py took 0.125 seconds
[2022-08-12 03:17:13,012] {processor.py:153} INFO - Started process (PID=2320) to work on /home/airflow/.local/lib/python3.7/site-packages/airflow/example_dags/example_task_group.py
[2022-08-12 03:17:13,015] {processor.py:641} INFO - Processing file /home/airflow/.local/lib/python3.7/site-packages/airflow/example_dags/example_task_group.py for tasks to queue
[2022-08-12 03:17:13,019] {logging_mixin.py:115} INFO - [2022-08-12 03:17:13,018] {dagbag.py:507} INFO - Filling up the DagBag from /home/airflow/.local/lib/python3.7/site-packages/airflow/example_dags/example_task_group.py
[2022-08-12 03:17:13,043] {processor.py:651} INFO - DAG(s) dict_keys(['example_task_group']) retrieved from /home/airflow/.local/lib/python3.7/site-packages/airflow/example_dags/example_task_group.py
[2022-08-12 03:17:13,124] {logging_mixin.py:115} INFO - [2022-08-12 03:17:13,123] {dag.py:2371} INFO - Sync 1 DAGs
[2022-08-12 03:17:13,190] {logging_mixin.py:115} INFO - [2022-08-12 03:17:13,190] {dag.py:2919} INFO - Setting next_dagrun for example_task_group to 2022-08-11T03:17:13.189818+00:00, run_after=2022-08-12T03:17:13.189818+00:00
[2022-08-12 03:17:13,229] {processor.py:161} INFO - Processing /home/airflow/.local/lib/python3.7/site-packages/airflow/example_dags/example_task_group.py took 0.227 seconds
[2022-08-12 03:22:14,319] {processor.py:153} INFO - Started process (PID=2373) to work on /home/airflow/.local/lib/python3.7/site-packages/airflow/example_dags/example_task_group.py
[2022-08-12 03:22:14,322] {processor.py:641} INFO - Processing file /home/airflow/.local/lib/python3.7/site-packages/airflow/example_dags/example_task_group.py for tasks to queue
[2022-08-12 03:22:14,324] {logging_mixin.py:115} INFO - [2022-08-12 03:22:14,324] {dagbag.py:507} INFO - Filling up the DagBag from /home/airflow/.local/lib/python3.7/site-packages/airflow/example_dags/example_task_group.py
[2022-08-12 03:22:14,345] {processor.py:651} INFO - DAG(s) dict_keys(['example_task_group']) retrieved from /home/airflow/.local/lib/python3.7/site-packages/airflow/example_dags/example_task_group.py
[2022-08-12 03:22:14,408] {logging_mixin.py:115} INFO - [2022-08-12 03:22:14,407] {dag.py:2371} INFO - Sync 1 DAGs
[2022-08-12 03:22:14,442] {logging_mixin.py:115} INFO - [2022-08-12 03:22:14,442] {dag.py:2919} INFO - Setting next_dagrun for example_task_group to 2022-08-11T03:22:14.442581+00:00, run_after=2022-08-12T03:22:14.442581+00:00
[2022-08-12 03:22:14,461] {processor.py:161} INFO - Processing /home/airflow/.local/lib/python3.7/site-packages/airflow/example_dags/example_task_group.py took 0.146 seconds
[2022-08-12 03:22:46,366] {processor.py:153} INFO - Started process (PID=2425) to work on /home/airflow/.local/lib/python3.7/site-packages/airflow/example_dags/example_task_group.py
[2022-08-12 03:22:46,368] {processor.py:641} INFO - Processing file /home/airflow/.local/lib/python3.7/site-packages/airflow/example_dags/example_task_group.py for tasks to queue
[2022-08-12 03:22:46,371] {logging_mixin.py:115} INFO - [2022-08-12 03:22:46,371] {dagbag.py:507} INFO - Filling up the DagBag from /home/airflow/.local/lib/python3.7/site-packages/airflow/example_dags/example_task_group.py
[2022-08-12 03:22:46,396] {processor.py:651} INFO - DAG(s) dict_keys(['example_task_group']) retrieved from /home/airflow/.local/lib/python3.7/site-packages/airflow/example_dags/example_task_group.py
[2022-08-12 03:22:46,485] {logging_mixin.py:115} INFO - [2022-08-12 03:22:46,485] {dag.py:2371} INFO - Sync 1 DAGs
[2022-08-12 03:22:46,543] {logging_mixin.py:115} INFO - [2022-08-12 03:22:46,543] {dag.py:2919} INFO - Setting next_dagrun for example_task_group to 2022-08-11T03:22:46.542838+00:00, run_after=2022-08-12T03:22:46.542838+00:00
[2022-08-12 03:22:46,579] {processor.py:161} INFO - Processing /home/airflow/.local/lib/python3.7/site-packages/airflow/example_dags/example_task_group.py took 0.229 seconds
[2022-08-12 03:27:47,716] {processor.py:153} INFO - Started process (PID=2478) to work on /home/airflow/.local/lib/python3.7/site-packages/airflow/example_dags/example_task_group.py
[2022-08-12 03:27:47,722] {processor.py:641} INFO - Processing file /home/airflow/.local/lib/python3.7/site-packages/airflow/example_dags/example_task_group.py for tasks to queue
[2022-08-12 03:27:47,723] {logging_mixin.py:115} INFO - [2022-08-12 03:27:47,723] {dagbag.py:507} INFO - Filling up the DagBag from /home/airflow/.local/lib/python3.7/site-packages/airflow/example_dags/example_task_group.py
[2022-08-12 03:27:47,740] {processor.py:651} INFO - DAG(s) dict_keys(['example_task_group']) retrieved from /home/airflow/.local/lib/python3.7/site-packages/airflow/example_dags/example_task_group.py
[2022-08-12 03:27:47,816] {logging_mixin.py:115} INFO - [2022-08-12 03:27:47,816] {dag.py:2371} INFO - Sync 1 DAGs
[2022-08-12 03:27:47,857] {logging_mixin.py:115} INFO - [2022-08-12 03:27:47,857] {dag.py:2919} INFO - Setting next_dagrun for example_task_group to 2022-08-11T03:27:47.857097+00:00, run_after=2022-08-12T03:27:47.857097+00:00
[2022-08-12 03:27:47,883] {processor.py:161} INFO - Processing /home/airflow/.local/lib/python3.7/site-packages/airflow/example_dags/example_task_group.py took 0.171 seconds
[2022-08-12 03:28:20,924] {processor.py:153} INFO - Started process (PID=2529) to work on /home/airflow/.local/lib/python3.7/site-packages/airflow/example_dags/example_task_group.py
[2022-08-12 03:28:20,948] {processor.py:641} INFO - Processing file /home/airflow/.local/lib/python3.7/site-packages/airflow/example_dags/example_task_group.py for tasks to queue
[2022-08-12 03:28:20,953] {logging_mixin.py:115} INFO - [2022-08-12 03:28:20,952] {dagbag.py:507} INFO - Filling up the DagBag from /home/airflow/.local/lib/python3.7/site-packages/airflow/example_dags/example_task_group.py
[2022-08-12 03:28:20,993] {processor.py:651} INFO - DAG(s) dict_keys(['example_task_group']) retrieved from /home/airflow/.local/lib/python3.7/site-packages/airflow/example_dags/example_task_group.py
[2022-08-12 03:28:21,141] {logging_mixin.py:115} INFO - [2022-08-12 03:28:21,140] {dag.py:2371} INFO - Sync 1 DAGs
[2022-08-12 03:28:21,236] {logging_mixin.py:115} INFO - [2022-08-12 03:28:21,235] {dag.py:2919} INFO - Setting next_dagrun for example_task_group to 2022-08-11T03:28:21.234952+00:00, run_after=2022-08-12T03:28:21.234952+00:00
[2022-08-12 03:28:21,290] {processor.py:161} INFO - Processing /home/airflow/.local/lib/python3.7/site-packages/airflow/example_dags/example_task_group.py took 0.383 seconds
[2022-08-12 03:33:19,411] {processor.py:153} INFO - Started process (PID=2581) to work on /home/airflow/.local/lib/python3.7/site-packages/airflow/example_dags/example_task_group.py
[2022-08-12 03:33:19,413] {processor.py:641} INFO - Processing file /home/airflow/.local/lib/python3.7/site-packages/airflow/example_dags/example_task_group.py for tasks to queue
[2022-08-12 03:33:19,414] {logging_mixin.py:115} INFO - [2022-08-12 03:33:19,414] {dagbag.py:507} INFO - Filling up the DagBag from /home/airflow/.local/lib/python3.7/site-packages/airflow/example_dags/example_task_group.py
[2022-08-12 03:33:19,429] {processor.py:651} INFO - DAG(s) dict_keys(['example_task_group']) retrieved from /home/airflow/.local/lib/python3.7/site-packages/airflow/example_dags/example_task_group.py
[2022-08-12 03:33:19,462] {logging_mixin.py:115} INFO - [2022-08-12 03:33:19,462] {dag.py:2371} INFO - Sync 1 DAGs
[2022-08-12 03:33:19,484] {logging_mixin.py:115} INFO - [2022-08-12 03:33:19,483] {dag.py:2919} INFO - Setting next_dagrun for example_task_group to 2022-08-11T03:33:19.483590+00:00, run_after=2022-08-12T03:33:19.483590+00:00
[2022-08-12 03:33:19,498] {processor.py:161} INFO - Processing /home/airflow/.local/lib/python3.7/site-packages/airflow/example_dags/example_task_group.py took 0.091 seconds
[2022-08-12 03:33:50,981] {processor.py:153} INFO - Started process (PID=2633) to work on /home/airflow/.local/lib/python3.7/site-packages/airflow/example_dags/example_task_group.py
[2022-08-12 03:33:50,985] {processor.py:641} INFO - Processing file /home/airflow/.local/lib/python3.7/site-packages/airflow/example_dags/example_task_group.py for tasks to queue
[2022-08-12 03:33:50,988] {logging_mixin.py:115} INFO - [2022-08-12 03:33:50,988] {dagbag.py:507} INFO - Filling up the DagBag from /home/airflow/.local/lib/python3.7/site-packages/airflow/example_dags/example_task_group.py
[2022-08-12 03:33:51,020] {processor.py:651} INFO - DAG(s) dict_keys(['example_task_group']) retrieved from /home/airflow/.local/lib/python3.7/site-packages/airflow/example_dags/example_task_group.py
[2022-08-12 03:33:51,100] {logging_mixin.py:115} INFO - [2022-08-12 03:33:51,100] {dag.py:2371} INFO - Sync 1 DAGs
[2022-08-12 03:33:51,149] {logging_mixin.py:115} INFO - [2022-08-12 03:33:51,149] {dag.py:2919} INFO - Setting next_dagrun for example_task_group to 2022-08-11T03:33:51.148739+00:00, run_after=2022-08-12T03:33:51.148739+00:00
[2022-08-12 03:33:51,180] {processor.py:161} INFO - Processing /home/airflow/.local/lib/python3.7/site-packages/airflow/example_dags/example_task_group.py took 0.210 seconds
[2022-08-12 03:38:51,948] {processor.py:153} INFO - Started process (PID=2685) to work on /home/airflow/.local/lib/python3.7/site-packages/airflow/example_dags/example_task_group.py
[2022-08-12 03:38:51,949] {processor.py:641} INFO - Processing file /home/airflow/.local/lib/python3.7/site-packages/airflow/example_dags/example_task_group.py for tasks to queue
[2022-08-12 03:38:51,951] {logging_mixin.py:115} INFO - [2022-08-12 03:38:51,951] {dagbag.py:507} INFO - Filling up the DagBag from /home/airflow/.local/lib/python3.7/site-packages/airflow/example_dags/example_task_group.py
[2022-08-12 03:38:51,962] {processor.py:651} INFO - DAG(s) dict_keys(['example_task_group']) retrieved from /home/airflow/.local/lib/python3.7/site-packages/airflow/example_dags/example_task_group.py
[2022-08-12 03:38:52,001] {logging_mixin.py:115} INFO - [2022-08-12 03:38:52,001] {dag.py:2371} INFO - Sync 1 DAGs
[2022-08-12 03:38:52,032] {logging_mixin.py:115} INFO - [2022-08-12 03:38:52,032] {dag.py:2919} INFO - Setting next_dagrun for example_task_group to 2022-08-11T03:38:52.032162+00:00, run_after=2022-08-12T03:38:52.032162+00:00
[2022-08-12 03:38:52,046] {processor.py:161} INFO - Processing /home/airflow/.local/lib/python3.7/site-packages/airflow/example_dags/example_task_group.py took 0.103 seconds
[2022-08-12 03:39:24,531] {processor.py:153} INFO - Started process (PID=2737) to work on /home/airflow/.local/lib/python3.7/site-packages/airflow/example_dags/example_task_group.py
[2022-08-12 03:39:24,535] {processor.py:641} INFO - Processing file /home/airflow/.local/lib/python3.7/site-packages/airflow/example_dags/example_task_group.py for tasks to queue
[2022-08-12 03:39:24,541] {logging_mixin.py:115} INFO - [2022-08-12 03:39:24,540] {dagbag.py:507} INFO - Filling up the DagBag from /home/airflow/.local/lib/python3.7/site-packages/airflow/example_dags/example_task_group.py
[2022-08-12 03:39:24,579] {processor.py:651} INFO - DAG(s) dict_keys(['example_task_group']) retrieved from /home/airflow/.local/lib/python3.7/site-packages/airflow/example_dags/example_task_group.py
[2022-08-12 03:39:24,712] {logging_mixin.py:115} INFO - [2022-08-12 03:39:24,712] {dag.py:2371} INFO - Sync 1 DAGs
[2022-08-12 03:39:24,773] {logging_mixin.py:115} INFO - [2022-08-12 03:39:24,772] {dag.py:2919} INFO - Setting next_dagrun for example_task_group to 2022-08-11T03:39:24.772164+00:00, run_after=2022-08-12T03:39:24.772164+00:00
[2022-08-12 03:39:24,811] {processor.py:161} INFO - Processing /home/airflow/.local/lib/python3.7/site-packages/airflow/example_dags/example_task_group.py took 0.295 seconds
[2022-08-12 03:44:30,930] {processor.py:153} INFO - Started process (PID=2791) to work on /home/airflow/.local/lib/python3.7/site-packages/airflow/example_dags/example_task_group.py
[2022-08-12 03:44:30,934] {processor.py:641} INFO - Processing file /home/airflow/.local/lib/python3.7/site-packages/airflow/example_dags/example_task_group.py for tasks to queue
[2022-08-12 03:44:30,935] {logging_mixin.py:115} INFO - [2022-08-12 03:44:30,935] {dagbag.py:507} INFO - Filling up the DagBag from /home/airflow/.local/lib/python3.7/site-packages/airflow/example_dags/example_task_group.py
[2022-08-12 03:44:30,944] {processor.py:651} INFO - DAG(s) dict_keys(['example_task_group']) retrieved from /home/airflow/.local/lib/python3.7/site-packages/airflow/example_dags/example_task_group.py
[2022-08-12 03:44:31,001] {logging_mixin.py:115} INFO - [2022-08-12 03:44:31,001] {dag.py:2371} INFO - Sync 1 DAGs
[2022-08-12 03:44:31,043] {logging_mixin.py:115} INFO - [2022-08-12 03:44:31,043] {dag.py:2919} INFO - Setting next_dagrun for example_task_group to 2022-08-11T03:44:31.042995+00:00, run_after=2022-08-12T03:44:31.042995+00:00
[2022-08-12 03:44:31,061] {processor.py:161} INFO - Processing /home/airflow/.local/lib/python3.7/site-packages/airflow/example_dags/example_task_group.py took 0.135 seconds
[2022-08-12 03:45:03,386] {processor.py:153} INFO - Started process (PID=2842) to work on /home/airflow/.local/lib/python3.7/site-packages/airflow/example_dags/example_task_group.py
[2022-08-12 03:45:03,390] {processor.py:641} INFO - Processing file /home/airflow/.local/lib/python3.7/site-packages/airflow/example_dags/example_task_group.py for tasks to queue
[2022-08-12 03:45:03,393] {logging_mixin.py:115} INFO - [2022-08-12 03:45:03,393] {dagbag.py:507} INFO - Filling up the DagBag from /home/airflow/.local/lib/python3.7/site-packages/airflow/example_dags/example_task_group.py
[2022-08-12 03:45:03,420] {processor.py:651} INFO - DAG(s) dict_keys(['example_task_group']) retrieved from /home/airflow/.local/lib/python3.7/site-packages/airflow/example_dags/example_task_group.py
[2022-08-12 03:45:03,501] {logging_mixin.py:115} INFO - [2022-08-12 03:45:03,500] {dag.py:2371} INFO - Sync 1 DAGs
[2022-08-12 03:45:03,556] {logging_mixin.py:115} INFO - [2022-08-12 03:45:03,556] {dag.py:2919} INFO - Setting next_dagrun for example_task_group to 2022-08-11T03:45:03.555833+00:00, run_after=2022-08-12T03:45:03.555833+00:00
[2022-08-12 03:45:03,592] {processor.py:161} INFO - Processing /home/airflow/.local/lib/python3.7/site-packages/airflow/example_dags/example_task_group.py took 0.215 seconds
[2022-08-12 03:50:02,939] {processor.py:153} INFO - Started process (PID=2895) to work on /home/airflow/.local/lib/python3.7/site-packages/airflow/example_dags/example_task_group.py
[2022-08-12 03:50:02,941] {processor.py:641} INFO - Processing file /home/airflow/.local/lib/python3.7/site-packages/airflow/example_dags/example_task_group.py for tasks to queue
[2022-08-12 03:50:02,943] {logging_mixin.py:115} INFO - [2022-08-12 03:50:02,943] {dagbag.py:507} INFO - Filling up the DagBag from /home/airflow/.local/lib/python3.7/site-packages/airflow/example_dags/example_task_group.py
[2022-08-12 03:50:02,956] {processor.py:651} INFO - DAG(s) dict_keys(['example_task_group']) retrieved from /home/airflow/.local/lib/python3.7/site-packages/airflow/example_dags/example_task_group.py
[2022-08-12 03:50:02,990] {logging_mixin.py:115} INFO - [2022-08-12 03:50:02,990] {dag.py:2371} INFO - Sync 1 DAGs
[2022-08-12 03:50:03,014] {logging_mixin.py:115} INFO - [2022-08-12 03:50:03,014] {dag.py:2919} INFO - Setting next_dagrun for example_task_group to 2022-08-11T03:50:03.014232+00:00, run_after=2022-08-12T03:50:03.014232+00:00
[2022-08-12 03:50:03,027] {processor.py:161} INFO - Processing /home/airflow/.local/lib/python3.7/site-packages/airflow/example_dags/example_task_group.py took 0.094 seconds
[2022-08-12 03:50:36,213] {processor.py:153} INFO - Started process (PID=2947) to work on /home/airflow/.local/lib/python3.7/site-packages/airflow/example_dags/example_task_group.py
[2022-08-12 03:50:36,216] {processor.py:641} INFO - Processing file /home/airflow/.local/lib/python3.7/site-packages/airflow/example_dags/example_task_group.py for tasks to queue
[2022-08-12 03:50:36,220] {logging_mixin.py:115} INFO - [2022-08-12 03:50:36,219] {dagbag.py:507} INFO - Filling up the DagBag from /home/airflow/.local/lib/python3.7/site-packages/airflow/example_dags/example_task_group.py
[2022-08-12 03:50:36,245] {processor.py:651} INFO - DAG(s) dict_keys(['example_task_group']) retrieved from /home/airflow/.local/lib/python3.7/site-packages/airflow/example_dags/example_task_group.py
[2022-08-12 03:50:36,342] {logging_mixin.py:115} INFO - [2022-08-12 03:50:36,342] {dag.py:2371} INFO - Sync 1 DAGs
[2022-08-12 03:50:36,422] {logging_mixin.py:115} INFO - [2022-08-12 03:50:36,422] {dag.py:2919} INFO - Setting next_dagrun for example_task_group to 2022-08-11T03:50:36.421012+00:00, run_after=2022-08-12T03:50:36.421012+00:00
[2022-08-12 03:50:36,460] {processor.py:161} INFO - Processing /home/airflow/.local/lib/python3.7/site-packages/airflow/example_dags/example_task_group.py took 0.257 seconds
[2022-08-12 03:55:35,235] {processor.py:153} INFO - Started process (PID=2998) to work on /home/airflow/.local/lib/python3.7/site-packages/airflow/example_dags/example_task_group.py
[2022-08-12 03:55:35,236] {processor.py:641} INFO - Processing file /home/airflow/.local/lib/python3.7/site-packages/airflow/example_dags/example_task_group.py for tasks to queue
[2022-08-12 03:55:35,241] {logging_mixin.py:115} INFO - [2022-08-12 03:55:35,241] {dagbag.py:507} INFO - Filling up the DagBag from /home/airflow/.local/lib/python3.7/site-packages/airflow/example_dags/example_task_group.py
[2022-08-12 03:55:35,258] {processor.py:651} INFO - DAG(s) dict_keys(['example_task_group']) retrieved from /home/airflow/.local/lib/python3.7/site-packages/airflow/example_dags/example_task_group.py
[2022-08-12 03:55:35,311] {logging_mixin.py:115} INFO - [2022-08-12 03:55:35,311] {dag.py:2371} INFO - Sync 1 DAGs
[2022-08-12 03:55:35,340] {logging_mixin.py:115} INFO - [2022-08-12 03:55:35,340] {dag.py:2919} INFO - Setting next_dagrun for example_task_group to 2022-08-11T03:55:35.340142+00:00, run_after=2022-08-12T03:55:35.340142+00:00
[2022-08-12 03:55:35,360] {processor.py:161} INFO - Processing /home/airflow/.local/lib/python3.7/site-packages/airflow/example_dags/example_task_group.py took 0.131 seconds
[2022-08-12 03:56:06,866] {processor.py:153} INFO - Started process (PID=3049) to work on /home/airflow/.local/lib/python3.7/site-packages/airflow/example_dags/example_task_group.py
[2022-08-12 03:56:06,872] {processor.py:641} INFO - Processing file /home/airflow/.local/lib/python3.7/site-packages/airflow/example_dags/example_task_group.py for tasks to queue
[2022-08-12 03:56:06,875] {logging_mixin.py:115} INFO - [2022-08-12 03:56:06,875] {dagbag.py:507} INFO - Filling up the DagBag from /home/airflow/.local/lib/python3.7/site-packages/airflow/example_dags/example_task_group.py
[2022-08-12 03:56:06,901] {processor.py:651} INFO - DAG(s) dict_keys(['example_task_group']) retrieved from /home/airflow/.local/lib/python3.7/site-packages/airflow/example_dags/example_task_group.py
[2022-08-12 03:56:06,987] {logging_mixin.py:115} INFO - [2022-08-12 03:56:06,986] {dag.py:2371} INFO - Sync 1 DAGs
[2022-08-12 03:56:07,056] {logging_mixin.py:115} INFO - [2022-08-12 03:56:07,055] {dag.py:2919} INFO - Setting next_dagrun for example_task_group to 2022-08-11T03:56:07.054530+00:00, run_after=2022-08-12T03:56:07.054530+00:00
[2022-08-12 03:56:07,103] {processor.py:161} INFO - Processing /home/airflow/.local/lib/python3.7/site-packages/airflow/example_dags/example_task_group.py took 0.253 seconds
[2022-08-12 04:16:30,095] {processor.py:153} INFO - Started process (PID=3129) to work on /home/airflow/.local/lib/python3.7/site-packages/airflow/example_dags/example_task_group.py
[2022-08-12 04:16:30,097] {processor.py:641} INFO - Processing file /home/airflow/.local/lib/python3.7/site-packages/airflow/example_dags/example_task_group.py for tasks to queue
[2022-08-12 04:16:30,107] {logging_mixin.py:115} INFO - [2022-08-12 04:16:30,099] {dagbag.py:507} INFO - Filling up the DagBag from /home/airflow/.local/lib/python3.7/site-packages/airflow/example_dags/example_task_group.py
[2022-08-12 04:16:30,142] {processor.py:651} INFO - DAG(s) dict_keys(['example_task_group']) retrieved from /home/airflow/.local/lib/python3.7/site-packages/airflow/example_dags/example_task_group.py
[2022-08-12 04:16:30,214] {logging_mixin.py:115} INFO - [2022-08-12 04:16:30,214] {dag.py:2371} INFO - Sync 1 DAGs
[2022-08-12 04:16:30,258] {logging_mixin.py:115} INFO - [2022-08-12 04:16:30,257] {dag.py:2919} INFO - Setting next_dagrun for example_task_group to 2022-08-11T04:16:30.257318+00:00, run_after=2022-08-12T04:16:30.257318+00:00
[2022-08-12 04:16:30,289] {processor.py:161} INFO - Processing /home/airflow/.local/lib/python3.7/site-packages/airflow/example_dags/example_task_group.py took 0.202 seconds
[2022-08-12 05:25:45,604] {processor.py:153} INFO - Started process (PID=3184) to work on /home/airflow/.local/lib/python3.7/site-packages/airflow/example_dags/example_task_group.py
[2022-08-12 05:25:45,606] {processor.py:641} INFO - Processing file /home/airflow/.local/lib/python3.7/site-packages/airflow/example_dags/example_task_group.py for tasks to queue
[2022-08-12 05:25:45,608] {logging_mixin.py:115} INFO - [2022-08-12 05:25:45,608] {dagbag.py:507} INFO - Filling up the DagBag from /home/airflow/.local/lib/python3.7/site-packages/airflow/example_dags/example_task_group.py
[2022-08-12 05:25:45,628] {processor.py:651} INFO - DAG(s) dict_keys(['example_task_group']) retrieved from /home/airflow/.local/lib/python3.7/site-packages/airflow/example_dags/example_task_group.py
[2022-08-12 05:25:45,666] {logging_mixin.py:115} INFO - [2022-08-12 05:25:45,666] {dag.py:2371} INFO - Sync 1 DAGs
[2022-08-12 05:25:45,691] {logging_mixin.py:115} INFO - [2022-08-12 05:25:45,691] {dag.py:2919} INFO - Setting next_dagrun for example_task_group to 2022-08-11T05:25:45.691056+00:00, run_after=2022-08-12T05:25:45.691056+00:00
[2022-08-12 05:25:45,708] {processor.py:161} INFO - Processing /home/airflow/.local/lib/python3.7/site-packages/airflow/example_dags/example_task_group.py took 0.112 seconds
[2022-08-12 07:13:54,035] {processor.py:153} INFO - Started process (PID=3236) to work on /home/airflow/.local/lib/python3.7/site-packages/airflow/example_dags/example_task_group.py
[2022-08-12 07:13:54,036] {processor.py:641} INFO - Processing file /home/airflow/.local/lib/python3.7/site-packages/airflow/example_dags/example_task_group.py for tasks to queue
[2022-08-12 07:13:54,037] {logging_mixin.py:115} INFO - [2022-08-12 07:13:54,037] {dagbag.py:507} INFO - Filling up the DagBag from /home/airflow/.local/lib/python3.7/site-packages/airflow/example_dags/example_task_group.py
[2022-08-12 07:13:54,047] {processor.py:651} INFO - DAG(s) dict_keys(['example_task_group']) retrieved from /home/airflow/.local/lib/python3.7/site-packages/airflow/example_dags/example_task_group.py
[2022-08-12 07:13:54,083] {logging_mixin.py:115} INFO - [2022-08-12 07:13:54,083] {dag.py:2371} INFO - Sync 1 DAGs
[2022-08-12 07:13:54,110] {logging_mixin.py:115} INFO - [2022-08-12 07:13:54,110] {dag.py:2919} INFO - Setting next_dagrun for example_task_group to 2022-08-11T07:13:54.110045+00:00, run_after=2022-08-12T07:13:54.110045+00:00
[2022-08-12 07:13:54,123] {processor.py:161} INFO - Processing /home/airflow/.local/lib/python3.7/site-packages/airflow/example_dags/example_task_group.py took 0.093 seconds
[2022-08-12 09:02:18,911] {processor.py:153} INFO - Started process (PID=3288) to work on /home/airflow/.local/lib/python3.7/site-packages/airflow/example_dags/example_task_group.py
[2022-08-12 09:02:18,917] {processor.py:641} INFO - Processing file /home/airflow/.local/lib/python3.7/site-packages/airflow/example_dags/example_task_group.py for tasks to queue
[2022-08-12 09:02:18,940] {logging_mixin.py:115} INFO - [2022-08-12 09:02:18,940] {dagbag.py:507} INFO - Filling up the DagBag from /home/airflow/.local/lib/python3.7/site-packages/airflow/example_dags/example_task_group.py
[2022-08-12 09:02:18,961] {processor.py:651} INFO - DAG(s) dict_keys(['example_task_group']) retrieved from /home/airflow/.local/lib/python3.7/site-packages/airflow/example_dags/example_task_group.py
[2022-08-12 09:02:19,033] {logging_mixin.py:115} INFO - [2022-08-12 09:02:19,032] {dag.py:2371} INFO - Sync 1 DAGs
[2022-08-12 09:02:19,083] {logging_mixin.py:115} INFO - [2022-08-12 09:02:19,083] {dag.py:2919} INFO - Setting next_dagrun for example_task_group to 2022-08-11T09:02:19.082654+00:00, run_after=2022-08-12T09:02:19.082654+00:00
[2022-08-12 09:02:19,109] {processor.py:161} INFO - Processing /home/airflow/.local/lib/python3.7/site-packages/airflow/example_dags/example_task_group.py took 0.207 seconds
[2022-08-12 12:38:19,277] {processor.py:153} INFO - Started process (PID=3331) to work on /home/airflow/.local/lib/python3.7/site-packages/airflow/example_dags/example_task_group.py
[2022-08-12 12:38:19,281] {processor.py:641} INFO - Processing file /home/airflow/.local/lib/python3.7/site-packages/airflow/example_dags/example_task_group.py for tasks to queue
[2022-08-12 12:38:19,283] {logging_mixin.py:115} INFO - [2022-08-12 12:38:19,283] {dagbag.py:507} INFO - Filling up the DagBag from /home/airflow/.local/lib/python3.7/site-packages/airflow/example_dags/example_task_group.py
[2022-08-12 12:38:19,302] {processor.py:651} INFO - DAG(s) dict_keys(['example_task_group']) retrieved from /home/airflow/.local/lib/python3.7/site-packages/airflow/example_dags/example_task_group.py
[2022-08-12 12:38:19,358] {logging_mixin.py:115} INFO - [2022-08-12 12:38:19,358] {dag.py:2371} INFO - Sync 1 DAGs
[2022-08-12 12:38:19,384] {logging_mixin.py:115} INFO - [2022-08-12 12:38:19,384] {dag.py:2919} INFO - Setting next_dagrun for example_task_group to 2022-08-11T12:38:19.383805+00:00, run_after=2022-08-12T12:38:19.383805+00:00
[2022-08-12 12:38:19,403] {processor.py:161} INFO - Processing /home/airflow/.local/lib/python3.7/site-packages/airflow/example_dags/example_task_group.py took 0.135 seconds
[2022-08-12 14:26:43,684] {processor.py:153} INFO - Started process (PID=3393) to work on /home/airflow/.local/lib/python3.7/site-packages/airflow/example_dags/example_task_group.py
[2022-08-12 14:26:43,685] {processor.py:641} INFO - Processing file /home/airflow/.local/lib/python3.7/site-packages/airflow/example_dags/example_task_group.py for tasks to queue
[2022-08-12 14:26:43,687] {logging_mixin.py:115} INFO - [2022-08-12 14:26:43,687] {dagbag.py:507} INFO - Filling up the DagBag from /home/airflow/.local/lib/python3.7/site-packages/airflow/example_dags/example_task_group.py
[2022-08-12 14:26:43,703] {processor.py:651} INFO - DAG(s) dict_keys(['example_task_group']) retrieved from /home/airflow/.local/lib/python3.7/site-packages/airflow/example_dags/example_task_group.py
[2022-08-12 14:26:43,775] {logging_mixin.py:115} INFO - [2022-08-12 14:26:43,775] {dag.py:2371} INFO - Sync 1 DAGs
[2022-08-12 14:26:43,806] {logging_mixin.py:115} INFO - [2022-08-12 14:26:43,806] {dag.py:2919} INFO - Setting next_dagrun for example_task_group to 2022-08-11T14:26:43.805715+00:00, run_after=2022-08-12T14:26:43.805715+00:00
[2022-08-12 14:26:43,827] {processor.py:161} INFO - Processing /home/airflow/.local/lib/python3.7/site-packages/airflow/example_dags/example_task_group.py took 0.149 seconds
[2022-08-12 16:17:38,552] {processor.py:153} INFO - Started process (PID=3435) to work on /home/airflow/.local/lib/python3.7/site-packages/airflow/example_dags/example_task_group.py
[2022-08-12 16:17:38,556] {processor.py:641} INFO - Processing file /home/airflow/.local/lib/python3.7/site-packages/airflow/example_dags/example_task_group.py for tasks to queue
[2022-08-12 16:17:38,558] {logging_mixin.py:115} INFO - [2022-08-12 16:17:38,558] {dagbag.py:507} INFO - Filling up the DagBag from /home/airflow/.local/lib/python3.7/site-packages/airflow/example_dags/example_task_group.py
[2022-08-12 16:17:38,573] {processor.py:651} INFO - DAG(s) dict_keys(['example_task_group']) retrieved from /home/airflow/.local/lib/python3.7/site-packages/airflow/example_dags/example_task_group.py
[2022-08-12 16:17:38,628] {logging_mixin.py:115} INFO - [2022-08-12 16:17:38,628] {dag.py:2371} INFO - Sync 1 DAGs
[2022-08-12 16:17:38,656] {logging_mixin.py:115} INFO - [2022-08-12 16:17:38,656] {dag.py:2919} INFO - Setting next_dagrun for example_task_group to 2022-08-11T16:17:38.656053+00:00, run_after=2022-08-12T16:17:38.656053+00:00
[2022-08-12 16:17:38,678] {processor.py:161} INFO - Processing /home/airflow/.local/lib/python3.7/site-packages/airflow/example_dags/example_task_group.py took 0.131 seconds
