[2022-08-11 00:49:21,681] {processor.py:153} INFO - Started process (PID=97696) to work on /home/airflow/.local/lib/python3.7/site-packages/airflow/example_dags/example_skip_dag.py
[2022-08-11 00:49:21,682] {processor.py:641} INFO - Processing file /home/airflow/.local/lib/python3.7/site-packages/airflow/example_dags/example_skip_dag.py for tasks to queue
[2022-08-11 00:49:21,684] {logging_mixin.py:115} INFO - [2022-08-11 00:49:21,684] {dagbag.py:507} INFO - Filling up the DagBag from /home/airflow/.local/lib/python3.7/site-packages/airflow/example_dags/example_skip_dag.py
[2022-08-11 00:49:21,698] {processor.py:651} INFO - DAG(s) dict_keys(['example_skip_dag']) retrieved from /home/airflow/.local/lib/python3.7/site-packages/airflow/example_dags/example_skip_dag.py
[2022-08-11 00:49:21,764] {logging_mixin.py:115} INFO - [2022-08-11 00:49:21,764] {dag.py:2371} INFO - Sync 1 DAGs
[2022-08-11 00:49:21,807] {logging_mixin.py:115} INFO - [2022-08-11 00:49:21,807] {dag.py:2919} INFO - Setting next_dagrun for example_skip_dag to 2022-08-10T00:49:21.807224+00:00, run_after=2022-08-11T00:49:21.807224+00:00
[2022-08-11 00:49:21,826] {processor.py:161} INFO - Processing /home/airflow/.local/lib/python3.7/site-packages/airflow/example_dags/example_skip_dag.py took 0.152 seconds
[2022-08-11 02:37:24,978] {processor.py:153} INFO - Started process (PID=97740) to work on /home/airflow/.local/lib/python3.7/site-packages/airflow/example_dags/example_skip_dag.py
[2022-08-11 02:37:24,979] {processor.py:641} INFO - Processing file /home/airflow/.local/lib/python3.7/site-packages/airflow/example_dags/example_skip_dag.py for tasks to queue
[2022-08-11 02:37:24,981] {logging_mixin.py:115} INFO - [2022-08-11 02:37:24,980] {dagbag.py:507} INFO - Filling up the DagBag from /home/airflow/.local/lib/python3.7/site-packages/airflow/example_dags/example_skip_dag.py
[2022-08-11 02:37:24,988] {processor.py:651} INFO - DAG(s) dict_keys(['example_skip_dag']) retrieved from /home/airflow/.local/lib/python3.7/site-packages/airflow/example_dags/example_skip_dag.py
[2022-08-11 02:37:25,064] {logging_mixin.py:115} INFO - [2022-08-11 02:37:25,064] {dag.py:2371} INFO - Sync 1 DAGs
[2022-08-11 02:37:25,103] {logging_mixin.py:115} INFO - [2022-08-11 02:37:25,103] {dag.py:2919} INFO - Setting next_dagrun for example_skip_dag to 2022-08-10T02:37:25.103245+00:00, run_after=2022-08-11T02:37:25.103245+00:00
[2022-08-11 02:37:25,140] {processor.py:161} INFO - Processing /home/airflow/.local/lib/python3.7/site-packages/airflow/example_dags/example_skip_dag.py took 0.166 seconds
[2022-08-11 02:43:20,687] {processor.py:153} INFO - Started process (PID=97784) to work on /home/airflow/.local/lib/python3.7/site-packages/airflow/example_dags/example_skip_dag.py
[2022-08-11 02:43:20,705] {processor.py:641} INFO - Processing file /home/airflow/.local/lib/python3.7/site-packages/airflow/example_dags/example_skip_dag.py for tasks to queue
[2022-08-11 02:43:20,707] {logging_mixin.py:115} INFO - [2022-08-11 02:43:20,707] {dagbag.py:507} INFO - Filling up the DagBag from /home/airflow/.local/lib/python3.7/site-packages/airflow/example_dags/example_skip_dag.py
[2022-08-11 02:43:20,774] {processor.py:651} INFO - DAG(s) dict_keys(['example_skip_dag']) retrieved from /home/airflow/.local/lib/python3.7/site-packages/airflow/example_dags/example_skip_dag.py
[2022-08-11 02:43:21,143] {logging_mixin.py:115} INFO - [2022-08-11 02:43:21,143] {dag.py:2371} INFO - Sync 1 DAGs
[2022-08-11 02:43:21,463] {logging_mixin.py:115} INFO - [2022-08-11 02:43:21,463] {dag.py:2919} INFO - Setting next_dagrun for example_skip_dag to 2022-08-10T02:43:21.459473+00:00, run_after=2022-08-11T02:43:21.459473+00:00
[2022-08-11 02:43:21,588] {processor.py:161} INFO - Processing /home/airflow/.local/lib/python3.7/site-packages/airflow/example_dags/example_skip_dag.py took 0.914 seconds
[2022-08-11 04:26:24,452] {processor.py:153} INFO - Started process (PID=97834) to work on /home/airflow/.local/lib/python3.7/site-packages/airflow/example_dags/example_skip_dag.py
[2022-08-11 04:26:24,457] {processor.py:641} INFO - Processing file /home/airflow/.local/lib/python3.7/site-packages/airflow/example_dags/example_skip_dag.py for tasks to queue
[2022-08-11 04:26:24,461] {logging_mixin.py:115} INFO - [2022-08-11 04:26:24,461] {dagbag.py:507} INFO - Filling up the DagBag from /home/airflow/.local/lib/python3.7/site-packages/airflow/example_dags/example_skip_dag.py
[2022-08-11 04:26:24,486] {processor.py:651} INFO - DAG(s) dict_keys(['example_skip_dag']) retrieved from /home/airflow/.local/lib/python3.7/site-packages/airflow/example_dags/example_skip_dag.py
[2022-08-11 04:26:24,593] {logging_mixin.py:115} INFO - [2022-08-11 04:26:24,593] {dag.py:2371} INFO - Sync 1 DAGs
[2022-08-11 04:26:24,666] {logging_mixin.py:115} INFO - [2022-08-11 04:26:24,665] {dag.py:2919} INFO - Setting next_dagrun for example_skip_dag to 2022-08-10T04:26:24.665427+00:00, run_after=2022-08-11T04:26:24.665427+00:00
[2022-08-11 04:26:24,721] {processor.py:161} INFO - Processing /home/airflow/.local/lib/python3.7/site-packages/airflow/example_dags/example_skip_dag.py took 0.281 seconds
[2022-08-11 04:26:56,108] {processor.py:153} INFO - Started process (PID=97885) to work on /home/airflow/.local/lib/python3.7/site-packages/airflow/example_dags/example_skip_dag.py
[2022-08-11 04:26:56,115] {processor.py:641} INFO - Processing file /home/airflow/.local/lib/python3.7/site-packages/airflow/example_dags/example_skip_dag.py for tasks to queue
[2022-08-11 04:26:56,125] {logging_mixin.py:115} INFO - [2022-08-11 04:26:56,124] {dagbag.py:507} INFO - Filling up the DagBag from /home/airflow/.local/lib/python3.7/site-packages/airflow/example_dags/example_skip_dag.py
[2022-08-11 04:26:56,179] {processor.py:651} INFO - DAG(s) dict_keys(['example_skip_dag']) retrieved from /home/airflow/.local/lib/python3.7/site-packages/airflow/example_dags/example_skip_dag.py
[2022-08-11 04:26:56,297] {logging_mixin.py:115} INFO - [2022-08-11 04:26:56,297] {dag.py:2371} INFO - Sync 1 DAGs
[2022-08-11 04:26:56,435] {logging_mixin.py:115} INFO - [2022-08-11 04:26:56,435] {dag.py:2919} INFO - Setting next_dagrun for example_skip_dag to 2022-08-10T04:26:56.433851+00:00, run_after=2022-08-11T04:26:56.433851+00:00
[2022-08-11 04:26:56,482] {processor.py:161} INFO - Processing /home/airflow/.local/lib/python3.7/site-packages/airflow/example_dags/example_skip_dag.py took 0.393 seconds
[2022-08-11 04:27:27,099] {processor.py:153} INFO - Started process (PID=97930) to work on /home/airflow/.local/lib/python3.7/site-packages/airflow/example_dags/example_skip_dag.py
[2022-08-11 04:27:27,104] {processor.py:641} INFO - Processing file /home/airflow/.local/lib/python3.7/site-packages/airflow/example_dags/example_skip_dag.py for tasks to queue
[2022-08-11 04:27:27,110] {logging_mixin.py:115} INFO - [2022-08-11 04:27:27,109] {dagbag.py:507} INFO - Filling up the DagBag from /home/airflow/.local/lib/python3.7/site-packages/airflow/example_dags/example_skip_dag.py
[2022-08-11 04:27:27,175] {processor.py:651} INFO - DAG(s) dict_keys(['example_skip_dag']) retrieved from /home/airflow/.local/lib/python3.7/site-packages/airflow/example_dags/example_skip_dag.py
[2022-08-11 04:27:27,316] {logging_mixin.py:115} INFO - [2022-08-11 04:27:27,316] {dag.py:2371} INFO - Sync 1 DAGs
[2022-08-11 04:27:27,426] {logging_mixin.py:115} INFO - [2022-08-11 04:27:27,425] {dag.py:2919} INFO - Setting next_dagrun for example_skip_dag to 2022-08-10T04:27:27.424570+00:00, run_after=2022-08-11T04:27:27.424570+00:00
[2022-08-11 04:27:27,478] {processor.py:161} INFO - Processing /home/airflow/.local/lib/python3.7/site-packages/airflow/example_dags/example_skip_dag.py took 0.396 seconds
[2022-08-11 04:32:19,858] {processor.py:153} INFO - Started process (PID=97966) to work on /home/airflow/.local/lib/python3.7/site-packages/airflow/example_dags/example_skip_dag.py
[2022-08-11 04:32:19,863] {processor.py:641} INFO - Processing file /home/airflow/.local/lib/python3.7/site-packages/airflow/example_dags/example_skip_dag.py for tasks to queue
[2022-08-11 04:32:19,865] {logging_mixin.py:115} INFO - [2022-08-11 04:32:19,865] {dagbag.py:507} INFO - Filling up the DagBag from /home/airflow/.local/lib/python3.7/site-packages/airflow/example_dags/example_skip_dag.py
[2022-08-11 04:32:19,884] {processor.py:651} INFO - DAG(s) dict_keys(['example_skip_dag']) retrieved from /home/airflow/.local/lib/python3.7/site-packages/airflow/example_dags/example_skip_dag.py
[2022-08-11 04:32:19,956] {logging_mixin.py:115} INFO - [2022-08-11 04:32:19,956] {dag.py:2371} INFO - Sync 1 DAGs
[2022-08-11 04:32:20,010] {logging_mixin.py:115} INFO - [2022-08-11 04:32:20,010] {dag.py:2919} INFO - Setting next_dagrun for example_skip_dag to 2022-08-10T04:32:20.009830+00:00, run_after=2022-08-11T04:32:20.009830+00:00
[2022-08-11 04:32:20,042] {processor.py:161} INFO - Processing /home/airflow/.local/lib/python3.7/site-packages/airflow/example_dags/example_skip_dag.py took 0.191 seconds
[2022-08-11 04:32:52,855] {processor.py:153} INFO - Started process (PID=98019) to work on /home/airflow/.local/lib/python3.7/site-packages/airflow/example_dags/example_skip_dag.py
[2022-08-11 04:32:52,862] {processor.py:641} INFO - Processing file /home/airflow/.local/lib/python3.7/site-packages/airflow/example_dags/example_skip_dag.py for tasks to queue
[2022-08-11 04:32:52,867] {logging_mixin.py:115} INFO - [2022-08-11 04:32:52,866] {dagbag.py:507} INFO - Filling up the DagBag from /home/airflow/.local/lib/python3.7/site-packages/airflow/example_dags/example_skip_dag.py
[2022-08-11 04:32:52,917] {processor.py:651} INFO - DAG(s) dict_keys(['example_skip_dag']) retrieved from /home/airflow/.local/lib/python3.7/site-packages/airflow/example_dags/example_skip_dag.py
[2022-08-11 04:32:53,037] {logging_mixin.py:115} INFO - [2022-08-11 04:32:53,037] {dag.py:2371} INFO - Sync 1 DAGs
[2022-08-11 04:32:53,128] {logging_mixin.py:115} INFO - [2022-08-11 04:32:53,128] {dag.py:2919} INFO - Setting next_dagrun for example_skip_dag to 2022-08-10T04:32:53.126878+00:00, run_after=2022-08-11T04:32:53.126878+00:00
[2022-08-11 04:32:53,191] {processor.py:161} INFO - Processing /home/airflow/.local/lib/python3.7/site-packages/airflow/example_dags/example_skip_dag.py took 0.354 seconds
[2022-08-11 04:37:50,176] {processor.py:153} INFO - Started process (PID=98062) to work on /home/airflow/.local/lib/python3.7/site-packages/airflow/example_dags/example_skip_dag.py
[2022-08-11 04:37:50,178] {processor.py:641} INFO - Processing file /home/airflow/.local/lib/python3.7/site-packages/airflow/example_dags/example_skip_dag.py for tasks to queue
[2022-08-11 04:37:50,179] {logging_mixin.py:115} INFO - [2022-08-11 04:37:50,179] {dagbag.py:507} INFO - Filling up the DagBag from /home/airflow/.local/lib/python3.7/site-packages/airflow/example_dags/example_skip_dag.py
[2022-08-11 04:37:50,193] {processor.py:651} INFO - DAG(s) dict_keys(['example_skip_dag']) retrieved from /home/airflow/.local/lib/python3.7/site-packages/airflow/example_dags/example_skip_dag.py
[2022-08-11 04:37:50,238] {logging_mixin.py:115} INFO - [2022-08-11 04:37:50,238] {dag.py:2371} INFO - Sync 1 DAGs
[2022-08-11 04:37:50,266] {logging_mixin.py:115} INFO - [2022-08-11 04:37:50,266] {dag.py:2919} INFO - Setting next_dagrun for example_skip_dag to 2022-08-10T04:37:50.265785+00:00, run_after=2022-08-11T04:37:50.265785+00:00
[2022-08-11 04:37:50,282] {processor.py:161} INFO - Processing /home/airflow/.local/lib/python3.7/site-packages/airflow/example_dags/example_skip_dag.py took 0.113 seconds
[2022-08-11 04:38:23,542] {processor.py:153} INFO - Started process (PID=98114) to work on /home/airflow/.local/lib/python3.7/site-packages/airflow/example_dags/example_skip_dag.py
[2022-08-11 04:38:23,546] {processor.py:641} INFO - Processing file /home/airflow/.local/lib/python3.7/site-packages/airflow/example_dags/example_skip_dag.py for tasks to queue
[2022-08-11 04:38:23,550] {logging_mixin.py:115} INFO - [2022-08-11 04:38:23,550] {dagbag.py:507} INFO - Filling up the DagBag from /home/airflow/.local/lib/python3.7/site-packages/airflow/example_dags/example_skip_dag.py
[2022-08-11 04:38:23,577] {processor.py:651} INFO - DAG(s) dict_keys(['example_skip_dag']) retrieved from /home/airflow/.local/lib/python3.7/site-packages/airflow/example_dags/example_skip_dag.py
[2022-08-11 04:38:23,688] {logging_mixin.py:115} INFO - [2022-08-11 04:38:23,688] {dag.py:2371} INFO - Sync 1 DAGs
[2022-08-11 04:38:23,769] {logging_mixin.py:115} INFO - [2022-08-11 04:38:23,769] {dag.py:2919} INFO - Setting next_dagrun for example_skip_dag to 2022-08-10T04:38:23.768142+00:00, run_after=2022-08-11T04:38:23.768142+00:00
[2022-08-11 04:38:23,813] {processor.py:161} INFO - Processing /home/airflow/.local/lib/python3.7/site-packages/airflow/example_dags/example_skip_dag.py took 0.283 seconds
[2022-08-11 04:43:25,364] {processor.py:153} INFO - Started process (PID=98168) to work on /home/airflow/.local/lib/python3.7/site-packages/airflow/example_dags/example_skip_dag.py
[2022-08-11 04:43:25,366] {processor.py:641} INFO - Processing file /home/airflow/.local/lib/python3.7/site-packages/airflow/example_dags/example_skip_dag.py for tasks to queue
[2022-08-11 04:43:25,369] {logging_mixin.py:115} INFO - [2022-08-11 04:43:25,368] {dagbag.py:507} INFO - Filling up the DagBag from /home/airflow/.local/lib/python3.7/site-packages/airflow/example_dags/example_skip_dag.py
[2022-08-11 04:43:25,383] {processor.py:651} INFO - DAG(s) dict_keys(['example_skip_dag']) retrieved from /home/airflow/.local/lib/python3.7/site-packages/airflow/example_dags/example_skip_dag.py
[2022-08-11 04:43:25,470] {logging_mixin.py:115} INFO - [2022-08-11 04:43:25,470] {dag.py:2371} INFO - Sync 1 DAGs
[2022-08-11 04:43:25,520] {logging_mixin.py:115} INFO - [2022-08-11 04:43:25,520] {dag.py:2919} INFO - Setting next_dagrun for example_skip_dag to 2022-08-10T04:43:25.519932+00:00, run_after=2022-08-11T04:43:25.519932+00:00
[2022-08-11 04:43:25,553] {processor.py:161} INFO - Processing /home/airflow/.local/lib/python3.7/site-packages/airflow/example_dags/example_skip_dag.py took 0.200 seconds
[2022-08-11 04:43:58,047] {processor.py:153} INFO - Started process (PID=98220) to work on /home/airflow/.local/lib/python3.7/site-packages/airflow/example_dags/example_skip_dag.py
[2022-08-11 04:43:58,054] {processor.py:641} INFO - Processing file /home/airflow/.local/lib/python3.7/site-packages/airflow/example_dags/example_skip_dag.py for tasks to queue
[2022-08-11 04:43:58,062] {logging_mixin.py:115} INFO - [2022-08-11 04:43:58,062] {dagbag.py:507} INFO - Filling up the DagBag from /home/airflow/.local/lib/python3.7/site-packages/airflow/example_dags/example_skip_dag.py
[2022-08-11 04:43:58,115] {processor.py:651} INFO - DAG(s) dict_keys(['example_skip_dag']) retrieved from /home/airflow/.local/lib/python3.7/site-packages/airflow/example_dags/example_skip_dag.py
[2022-08-11 04:43:58,256] {logging_mixin.py:115} INFO - [2022-08-11 04:43:58,256] {dag.py:2371} INFO - Sync 1 DAGs
[2022-08-11 04:43:58,381] {logging_mixin.py:115} INFO - [2022-08-11 04:43:58,381] {dag.py:2919} INFO - Setting next_dagrun for example_skip_dag to 2022-08-10T04:43:58.379919+00:00, run_after=2022-08-11T04:43:58.379919+00:00
[2022-08-11 04:43:58,443] {processor.py:161} INFO - Processing /home/airflow/.local/lib/python3.7/site-packages/airflow/example_dags/example_skip_dag.py took 0.417 seconds
[2022-08-11 04:48:59,987] {processor.py:153} INFO - Started process (PID=98264) to work on /home/airflow/.local/lib/python3.7/site-packages/airflow/example_dags/example_skip_dag.py
[2022-08-11 04:48:59,988] {processor.py:641} INFO - Processing file /home/airflow/.local/lib/python3.7/site-packages/airflow/example_dags/example_skip_dag.py for tasks to queue
[2022-08-11 04:48:59,992] {logging_mixin.py:115} INFO - [2022-08-11 04:48:59,992] {dagbag.py:507} INFO - Filling up the DagBag from /home/airflow/.local/lib/python3.7/site-packages/airflow/example_dags/example_skip_dag.py
[2022-08-11 04:49:00,004] {processor.py:651} INFO - DAG(s) dict_keys(['example_skip_dag']) retrieved from /home/airflow/.local/lib/python3.7/site-packages/airflow/example_dags/example_skip_dag.py
[2022-08-11 04:49:00,061] {logging_mixin.py:115} INFO - [2022-08-11 04:49:00,060] {dag.py:2371} INFO - Sync 1 DAGs
[2022-08-11 04:49:00,091] {logging_mixin.py:115} INFO - [2022-08-11 04:49:00,091] {dag.py:2919} INFO - Setting next_dagrun for example_skip_dag to 2022-08-10T04:49:00.089582+00:00, run_after=2022-08-11T04:49:00.089582+00:00
[2022-08-11 04:49:00,116] {processor.py:161} INFO - Processing /home/airflow/.local/lib/python3.7/site-packages/airflow/example_dags/example_skip_dag.py took 0.134 seconds
[2022-08-11 04:49:35,018] {processor.py:153} INFO - Started process (PID=98318) to work on /home/airflow/.local/lib/python3.7/site-packages/airflow/example_dags/example_skip_dag.py
[2022-08-11 04:49:35,057] {processor.py:641} INFO - Processing file /home/airflow/.local/lib/python3.7/site-packages/airflow/example_dags/example_skip_dag.py for tasks to queue
[2022-08-11 04:49:35,062] {logging_mixin.py:115} INFO - [2022-08-11 04:49:35,061] {dagbag.py:507} INFO - Filling up the DagBag from /home/airflow/.local/lib/python3.7/site-packages/airflow/example_dags/example_skip_dag.py
[2022-08-11 04:49:35,091] {processor.py:651} INFO - DAG(s) dict_keys(['example_skip_dag']) retrieved from /home/airflow/.local/lib/python3.7/site-packages/airflow/example_dags/example_skip_dag.py
[2022-08-11 04:49:35,229] {logging_mixin.py:115} INFO - [2022-08-11 04:49:35,229] {dag.py:2371} INFO - Sync 1 DAGs
[2022-08-11 04:49:35,358] {logging_mixin.py:115} INFO - [2022-08-11 04:49:35,358] {dag.py:2919} INFO - Setting next_dagrun for example_skip_dag to 2022-08-10T04:49:35.357275+00:00, run_after=2022-08-11T04:49:35.357275+00:00
[2022-08-11 04:49:35,509] {processor.py:161} INFO - Processing /home/airflow/.local/lib/python3.7/site-packages/airflow/example_dags/example_skip_dag.py took 0.505 seconds
[2022-08-11 04:54:33,442] {processor.py:153} INFO - Started process (PID=98364) to work on /home/airflow/.local/lib/python3.7/site-packages/airflow/example_dags/example_skip_dag.py
[2022-08-11 04:54:33,443] {processor.py:641} INFO - Processing file /home/airflow/.local/lib/python3.7/site-packages/airflow/example_dags/example_skip_dag.py for tasks to queue
[2022-08-11 04:54:33,444] {logging_mixin.py:115} INFO - [2022-08-11 04:54:33,444] {dagbag.py:507} INFO - Filling up the DagBag from /home/airflow/.local/lib/python3.7/site-packages/airflow/example_dags/example_skip_dag.py
[2022-08-11 04:54:33,451] {processor.py:651} INFO - DAG(s) dict_keys(['example_skip_dag']) retrieved from /home/airflow/.local/lib/python3.7/site-packages/airflow/example_dags/example_skip_dag.py
[2022-08-11 04:54:33,483] {logging_mixin.py:115} INFO - [2022-08-11 04:54:33,483] {dag.py:2371} INFO - Sync 1 DAGs
[2022-08-11 04:54:33,504] {logging_mixin.py:115} INFO - [2022-08-11 04:54:33,504] {dag.py:2919} INFO - Setting next_dagrun for example_skip_dag to 2022-08-10T04:54:33.503986+00:00, run_after=2022-08-11T04:54:33.503986+00:00
[2022-08-11 04:54:33,520] {processor.py:161} INFO - Processing /home/airflow/.local/lib/python3.7/site-packages/airflow/example_dags/example_skip_dag.py took 0.082 seconds
[2022-08-11 04:55:05,212] {processor.py:153} INFO - Started process (PID=98417) to work on /home/airflow/.local/lib/python3.7/site-packages/airflow/example_dags/example_skip_dag.py
[2022-08-11 04:55:05,216] {processor.py:641} INFO - Processing file /home/airflow/.local/lib/python3.7/site-packages/airflow/example_dags/example_skip_dag.py for tasks to queue
[2022-08-11 04:55:05,219] {logging_mixin.py:115} INFO - [2022-08-11 04:55:05,219] {dagbag.py:507} INFO - Filling up the DagBag from /home/airflow/.local/lib/python3.7/site-packages/airflow/example_dags/example_skip_dag.py
[2022-08-11 04:55:05,241] {processor.py:651} INFO - DAG(s) dict_keys(['example_skip_dag']) retrieved from /home/airflow/.local/lib/python3.7/site-packages/airflow/example_dags/example_skip_dag.py
[2022-08-11 04:55:05,334] {logging_mixin.py:115} INFO - [2022-08-11 04:55:05,333] {dag.py:2371} INFO - Sync 1 DAGs
[2022-08-11 04:55:05,421] {logging_mixin.py:115} INFO - [2022-08-11 04:55:05,421] {dag.py:2919} INFO - Setting next_dagrun for example_skip_dag to 2022-08-10T04:55:05.420557+00:00, run_after=2022-08-11T04:55:05.420557+00:00
[2022-08-11 04:55:05,455] {processor.py:161} INFO - Processing /home/airflow/.local/lib/python3.7/site-packages/airflow/example_dags/example_skip_dag.py took 0.252 seconds
[2022-08-11 05:10:41,218] {processor.py:153} INFO - Started process (PID=98488) to work on /home/airflow/.local/lib/python3.7/site-packages/airflow/example_dags/example_skip_dag.py
[2022-08-11 05:10:41,220] {processor.py:641} INFO - Processing file /home/airflow/.local/lib/python3.7/site-packages/airflow/example_dags/example_skip_dag.py for tasks to queue
[2022-08-11 05:10:41,221] {logging_mixin.py:115} INFO - [2022-08-11 05:10:41,221] {dagbag.py:507} INFO - Filling up the DagBag from /home/airflow/.local/lib/python3.7/site-packages/airflow/example_dags/example_skip_dag.py
[2022-08-11 05:10:41,235] {processor.py:651} INFO - DAG(s) dict_keys(['example_skip_dag']) retrieved from /home/airflow/.local/lib/python3.7/site-packages/airflow/example_dags/example_skip_dag.py
[2022-08-11 05:10:41,303] {logging_mixin.py:115} INFO - [2022-08-11 05:10:41,302] {dag.py:2371} INFO - Sync 1 DAGs
[2022-08-11 05:10:41,353] {logging_mixin.py:115} INFO - [2022-08-11 05:10:41,353] {dag.py:2919} INFO - Setting next_dagrun for example_skip_dag to 2022-08-10T05:10:41.352782+00:00, run_after=2022-08-11T05:10:41.352782+00:00
[2022-08-11 05:10:41,377] {processor.py:161} INFO - Processing /home/airflow/.local/lib/python3.7/site-packages/airflow/example_dags/example_skip_dag.py took 0.167 seconds
[2022-08-11 05:11:15,401] {processor.py:153} INFO - Started process (PID=98540) to work on /home/airflow/.local/lib/python3.7/site-packages/airflow/example_dags/example_skip_dag.py
[2022-08-11 05:11:15,405] {processor.py:641} INFO - Processing file /home/airflow/.local/lib/python3.7/site-packages/airflow/example_dags/example_skip_dag.py for tasks to queue
[2022-08-11 05:11:15,410] {logging_mixin.py:115} INFO - [2022-08-11 05:11:15,410] {dagbag.py:507} INFO - Filling up the DagBag from /home/airflow/.local/lib/python3.7/site-packages/airflow/example_dags/example_skip_dag.py
[2022-08-11 05:11:15,441] {processor.py:651} INFO - DAG(s) dict_keys(['example_skip_dag']) retrieved from /home/airflow/.local/lib/python3.7/site-packages/airflow/example_dags/example_skip_dag.py
[2022-08-11 05:11:15,624] {logging_mixin.py:115} INFO - [2022-08-11 05:11:15,624] {dag.py:2371} INFO - Sync 1 DAGs
[2022-08-11 05:11:15,714] {logging_mixin.py:115} INFO - [2022-08-11 05:11:15,713] {dag.py:2919} INFO - Setting next_dagrun for example_skip_dag to 2022-08-10T05:11:15.713065+00:00, run_after=2022-08-11T05:11:15.713065+00:00
[2022-08-11 05:11:15,756] {processor.py:161} INFO - Processing /home/airflow/.local/lib/python3.7/site-packages/airflow/example_dags/example_skip_dag.py took 0.373 seconds
[2022-08-11 05:11:46,110] {processor.py:153} INFO - Started process (PID=98593) to work on /home/airflow/.local/lib/python3.7/site-packages/airflow/example_dags/example_skip_dag.py
[2022-08-11 05:11:46,118] {processor.py:641} INFO - Processing file /home/airflow/.local/lib/python3.7/site-packages/airflow/example_dags/example_skip_dag.py for tasks to queue
[2022-08-11 05:11:46,126] {logging_mixin.py:115} INFO - [2022-08-11 05:11:46,125] {dagbag.py:507} INFO - Filling up the DagBag from /home/airflow/.local/lib/python3.7/site-packages/airflow/example_dags/example_skip_dag.py
[2022-08-11 05:11:46,157] {processor.py:651} INFO - DAG(s) dict_keys(['example_skip_dag']) retrieved from /home/airflow/.local/lib/python3.7/site-packages/airflow/example_dags/example_skip_dag.py
[2022-08-11 05:11:46,375] {logging_mixin.py:115} INFO - [2022-08-11 05:11:46,375] {dag.py:2371} INFO - Sync 1 DAGs
[2022-08-11 05:11:46,476] {logging_mixin.py:115} INFO - [2022-08-11 05:11:46,476] {dag.py:2919} INFO - Setting next_dagrun for example_skip_dag to 2022-08-10T05:11:46.469144+00:00, run_after=2022-08-11T05:11:46.469144+00:00
[2022-08-11 05:11:46,558] {processor.py:161} INFO - Processing /home/airflow/.local/lib/python3.7/site-packages/airflow/example_dags/example_skip_dag.py took 0.468 seconds
[2022-08-11 05:16:42,821] {processor.py:153} INFO - Started process (PID=98637) to work on /home/airflow/.local/lib/python3.7/site-packages/airflow/example_dags/example_skip_dag.py
[2022-08-11 05:16:42,825] {processor.py:641} INFO - Processing file /home/airflow/.local/lib/python3.7/site-packages/airflow/example_dags/example_skip_dag.py for tasks to queue
[2022-08-11 05:16:42,827] {logging_mixin.py:115} INFO - [2022-08-11 05:16:42,827] {dagbag.py:507} INFO - Filling up the DagBag from /home/airflow/.local/lib/python3.7/site-packages/airflow/example_dags/example_skip_dag.py
[2022-08-11 05:16:42,834] {processor.py:651} INFO - DAG(s) dict_keys(['example_skip_dag']) retrieved from /home/airflow/.local/lib/python3.7/site-packages/airflow/example_dags/example_skip_dag.py
[2022-08-11 05:16:42,867] {logging_mixin.py:115} INFO - [2022-08-11 05:16:42,867] {dag.py:2371} INFO - Sync 1 DAGs
[2022-08-11 05:16:42,891] {logging_mixin.py:115} INFO - [2022-08-11 05:16:42,890] {dag.py:2919} INFO - Setting next_dagrun for example_skip_dag to 2022-08-10T05:16:42.890488+00:00, run_after=2022-08-11T05:16:42.890488+00:00
[2022-08-11 05:16:42,906] {processor.py:161} INFO - Processing /home/airflow/.local/lib/python3.7/site-packages/airflow/example_dags/example_skip_dag.py took 0.099 seconds
[2022-08-11 05:17:14,840] {processor.py:153} INFO - Started process (PID=98690) to work on /home/airflow/.local/lib/python3.7/site-packages/airflow/example_dags/example_skip_dag.py
[2022-08-11 05:17:14,847] {processor.py:641} INFO - Processing file /home/airflow/.local/lib/python3.7/site-packages/airflow/example_dags/example_skip_dag.py for tasks to queue
[2022-08-11 05:17:14,851] {logging_mixin.py:115} INFO - [2022-08-11 05:17:14,851] {dagbag.py:507} INFO - Filling up the DagBag from /home/airflow/.local/lib/python3.7/site-packages/airflow/example_dags/example_skip_dag.py
[2022-08-11 05:17:14,875] {processor.py:651} INFO - DAG(s) dict_keys(['example_skip_dag']) retrieved from /home/airflow/.local/lib/python3.7/site-packages/airflow/example_dags/example_skip_dag.py
[2022-08-11 05:17:14,977] {logging_mixin.py:115} INFO - [2022-08-11 05:17:14,976] {dag.py:2371} INFO - Sync 1 DAGs
[2022-08-11 05:17:15,046] {logging_mixin.py:115} INFO - [2022-08-11 05:17:15,045] {dag.py:2919} INFO - Setting next_dagrun for example_skip_dag to 2022-08-10T05:17:15.044948+00:00, run_after=2022-08-11T05:17:15.044948+00:00
[2022-08-11 05:17:15,156] {processor.py:161} INFO - Processing /home/airflow/.local/lib/python3.7/site-packages/airflow/example_dags/example_skip_dag.py took 0.330 seconds
[2022-08-11 05:22:15,052] {processor.py:153} INFO - Started process (PID=98743) to work on /home/airflow/.local/lib/python3.7/site-packages/airflow/example_dags/example_skip_dag.py
[2022-08-11 05:22:15,054] {processor.py:641} INFO - Processing file /home/airflow/.local/lib/python3.7/site-packages/airflow/example_dags/example_skip_dag.py for tasks to queue
[2022-08-11 05:22:15,055] {logging_mixin.py:115} INFO - [2022-08-11 05:22:15,055] {dagbag.py:507} INFO - Filling up the DagBag from /home/airflow/.local/lib/python3.7/site-packages/airflow/example_dags/example_skip_dag.py
[2022-08-11 05:22:15,064] {processor.py:651} INFO - DAG(s) dict_keys(['example_skip_dag']) retrieved from /home/airflow/.local/lib/python3.7/site-packages/airflow/example_dags/example_skip_dag.py
[2022-08-11 05:22:15,094] {logging_mixin.py:115} INFO - [2022-08-11 05:22:15,094] {dag.py:2371} INFO - Sync 1 DAGs
[2022-08-11 05:22:15,117] {logging_mixin.py:115} INFO - [2022-08-11 05:22:15,117] {dag.py:2919} INFO - Setting next_dagrun for example_skip_dag to 2022-08-10T05:22:15.116936+00:00, run_after=2022-08-11T05:22:15.116936+00:00
[2022-08-11 05:22:15,130] {processor.py:161} INFO - Processing /home/airflow/.local/lib/python3.7/site-packages/airflow/example_dags/example_skip_dag.py took 0.082 seconds
[2022-08-11 05:22:46,881] {processor.py:153} INFO - Started process (PID=98795) to work on /home/airflow/.local/lib/python3.7/site-packages/airflow/example_dags/example_skip_dag.py
[2022-08-11 05:22:46,885] {processor.py:641} INFO - Processing file /home/airflow/.local/lib/python3.7/site-packages/airflow/example_dags/example_skip_dag.py for tasks to queue
[2022-08-11 05:22:46,888] {logging_mixin.py:115} INFO - [2022-08-11 05:22:46,888] {dagbag.py:507} INFO - Filling up the DagBag from /home/airflow/.local/lib/python3.7/site-packages/airflow/example_dags/example_skip_dag.py
[2022-08-11 05:22:46,907] {processor.py:651} INFO - DAG(s) dict_keys(['example_skip_dag']) retrieved from /home/airflow/.local/lib/python3.7/site-packages/airflow/example_dags/example_skip_dag.py
[2022-08-11 05:22:47,029] {logging_mixin.py:115} INFO - [2022-08-11 05:22:47,029] {dag.py:2371} INFO - Sync 1 DAGs
[2022-08-11 05:22:47,086] {logging_mixin.py:115} INFO - [2022-08-11 05:22:47,086] {dag.py:2919} INFO - Setting next_dagrun for example_skip_dag to 2022-08-10T05:22:47.085804+00:00, run_after=2022-08-11T05:22:47.085804+00:00
[2022-08-11 05:22:47,120] {processor.py:161} INFO - Processing /home/airflow/.local/lib/python3.7/site-packages/airflow/example_dags/example_skip_dag.py took 0.249 seconds
[2022-08-11 05:27:48,855] {processor.py:153} INFO - Started process (PID=98849) to work on /home/airflow/.local/lib/python3.7/site-packages/airflow/example_dags/example_skip_dag.py
[2022-08-11 05:27:48,856] {processor.py:641} INFO - Processing file /home/airflow/.local/lib/python3.7/site-packages/airflow/example_dags/example_skip_dag.py for tasks to queue
[2022-08-11 05:27:48,858] {logging_mixin.py:115} INFO - [2022-08-11 05:27:48,858] {dagbag.py:507} INFO - Filling up the DagBag from /home/airflow/.local/lib/python3.7/site-packages/airflow/example_dags/example_skip_dag.py
[2022-08-11 05:27:48,873] {processor.py:651} INFO - DAG(s) dict_keys(['example_skip_dag']) retrieved from /home/airflow/.local/lib/python3.7/site-packages/airflow/example_dags/example_skip_dag.py
[2022-08-11 05:27:48,916] {logging_mixin.py:115} INFO - [2022-08-11 05:27:48,916] {dag.py:2371} INFO - Sync 1 DAGs
[2022-08-11 05:27:48,959] {logging_mixin.py:115} INFO - [2022-08-11 05:27:48,959] {dag.py:2919} INFO - Setting next_dagrun for example_skip_dag to 2022-08-10T05:27:48.959353+00:00, run_after=2022-08-11T05:27:48.959353+00:00
[2022-08-11 05:27:48,983] {processor.py:161} INFO - Processing /home/airflow/.local/lib/python3.7/site-packages/airflow/example_dags/example_skip_dag.py took 0.132 seconds
[2022-08-11 05:28:19,943] {processor.py:153} INFO - Started process (PID=98901) to work on /home/airflow/.local/lib/python3.7/site-packages/airflow/example_dags/example_skip_dag.py
[2022-08-11 05:28:19,948] {processor.py:641} INFO - Processing file /home/airflow/.local/lib/python3.7/site-packages/airflow/example_dags/example_skip_dag.py for tasks to queue
[2022-08-11 05:28:19,952] {logging_mixin.py:115} INFO - [2022-08-11 05:28:19,951] {dagbag.py:507} INFO - Filling up the DagBag from /home/airflow/.local/lib/python3.7/site-packages/airflow/example_dags/example_skip_dag.py
[2022-08-11 05:28:19,970] {processor.py:651} INFO - DAG(s) dict_keys(['example_skip_dag']) retrieved from /home/airflow/.local/lib/python3.7/site-packages/airflow/example_dags/example_skip_dag.py
[2022-08-11 05:28:20,066] {logging_mixin.py:115} INFO - [2022-08-11 05:28:20,066] {dag.py:2371} INFO - Sync 1 DAGs
[2022-08-11 05:28:20,124] {logging_mixin.py:115} INFO - [2022-08-11 05:28:20,124] {dag.py:2919} INFO - Setting next_dagrun for example_skip_dag to 2022-08-10T05:28:20.123196+00:00, run_after=2022-08-11T05:28:20.123196+00:00
[2022-08-11 05:28:20,158] {processor.py:161} INFO - Processing /home/airflow/.local/lib/python3.7/site-packages/airflow/example_dags/example_skip_dag.py took 0.230 seconds
[2022-08-11 05:33:21,727] {processor.py:153} INFO - Started process (PID=98954) to work on /home/airflow/.local/lib/python3.7/site-packages/airflow/example_dags/example_skip_dag.py
[2022-08-11 05:33:21,730] {processor.py:641} INFO - Processing file /home/airflow/.local/lib/python3.7/site-packages/airflow/example_dags/example_skip_dag.py for tasks to queue
[2022-08-11 05:33:21,731] {logging_mixin.py:115} INFO - [2022-08-11 05:33:21,731] {dagbag.py:507} INFO - Filling up the DagBag from /home/airflow/.local/lib/python3.7/site-packages/airflow/example_dags/example_skip_dag.py
[2022-08-11 05:33:21,743] {processor.py:651} INFO - DAG(s) dict_keys(['example_skip_dag']) retrieved from /home/airflow/.local/lib/python3.7/site-packages/airflow/example_dags/example_skip_dag.py
[2022-08-11 05:33:21,805] {logging_mixin.py:115} INFO - [2022-08-11 05:33:21,805] {dag.py:2371} INFO - Sync 1 DAGs
[2022-08-11 05:33:21,837] {logging_mixin.py:115} INFO - [2022-08-11 05:33:21,837] {dag.py:2919} INFO - Setting next_dagrun for example_skip_dag to 2022-08-10T05:33:21.837233+00:00, run_after=2022-08-11T05:33:21.837233+00:00
[2022-08-11 05:33:21,862] {processor.py:161} INFO - Processing /home/airflow/.local/lib/python3.7/site-packages/airflow/example_dags/example_skip_dag.py took 0.142 seconds
[2022-08-11 05:33:52,763] {processor.py:153} INFO - Started process (PID=99007) to work on /home/airflow/.local/lib/python3.7/site-packages/airflow/example_dags/example_skip_dag.py
[2022-08-11 05:33:52,768] {processor.py:641} INFO - Processing file /home/airflow/.local/lib/python3.7/site-packages/airflow/example_dags/example_skip_dag.py for tasks to queue
[2022-08-11 05:33:52,771] {logging_mixin.py:115} INFO - [2022-08-11 05:33:52,771] {dagbag.py:507} INFO - Filling up the DagBag from /home/airflow/.local/lib/python3.7/site-packages/airflow/example_dags/example_skip_dag.py
[2022-08-11 05:33:52,790] {processor.py:651} INFO - DAG(s) dict_keys(['example_skip_dag']) retrieved from /home/airflow/.local/lib/python3.7/site-packages/airflow/example_dags/example_skip_dag.py
[2022-08-11 05:33:52,876] {logging_mixin.py:115} INFO - [2022-08-11 05:33:52,876] {dag.py:2371} INFO - Sync 1 DAGs
[2022-08-11 05:33:52,939] {logging_mixin.py:115} INFO - [2022-08-11 05:33:52,938] {dag.py:2919} INFO - Setting next_dagrun for example_skip_dag to 2022-08-10T05:33:52.938133+00:00, run_after=2022-08-11T05:33:52.938133+00:00
[2022-08-11 05:33:52,975] {processor.py:161} INFO - Processing /home/airflow/.local/lib/python3.7/site-packages/airflow/example_dags/example_skip_dag.py took 0.223 seconds
[2022-08-11 05:38:53,513] {processor.py:153} INFO - Started process (PID=99058) to work on /home/airflow/.local/lib/python3.7/site-packages/airflow/example_dags/example_skip_dag.py
[2022-08-11 05:38:53,517] {processor.py:641} INFO - Processing file /home/airflow/.local/lib/python3.7/site-packages/airflow/example_dags/example_skip_dag.py for tasks to queue
[2022-08-11 05:38:53,518] {logging_mixin.py:115} INFO - [2022-08-11 05:38:53,518] {dagbag.py:507} INFO - Filling up the DagBag from /home/airflow/.local/lib/python3.7/site-packages/airflow/example_dags/example_skip_dag.py
[2022-08-11 05:38:53,538] {processor.py:651} INFO - DAG(s) dict_keys(['example_skip_dag']) retrieved from /home/airflow/.local/lib/python3.7/site-packages/airflow/example_dags/example_skip_dag.py
[2022-08-11 05:38:53,620] {logging_mixin.py:115} INFO - [2022-08-11 05:38:53,620] {dag.py:2371} INFO - Sync 1 DAGs
[2022-08-11 05:38:53,658] {logging_mixin.py:115} INFO - [2022-08-11 05:38:53,658] {dag.py:2919} INFO - Setting next_dagrun for example_skip_dag to 2022-08-10T05:38:53.658484+00:00, run_after=2022-08-11T05:38:53.658484+00:00
[2022-08-11 05:38:53,679] {processor.py:161} INFO - Processing /home/airflow/.local/lib/python3.7/site-packages/airflow/example_dags/example_skip_dag.py took 0.172 seconds
[2022-08-11 05:39:25,047] {processor.py:153} INFO - Started process (PID=99111) to work on /home/airflow/.local/lib/python3.7/site-packages/airflow/example_dags/example_skip_dag.py
[2022-08-11 05:39:25,050] {processor.py:641} INFO - Processing file /home/airflow/.local/lib/python3.7/site-packages/airflow/example_dags/example_skip_dag.py for tasks to queue
[2022-08-11 05:39:25,053] {logging_mixin.py:115} INFO - [2022-08-11 05:39:25,053] {dagbag.py:507} INFO - Filling up the DagBag from /home/airflow/.local/lib/python3.7/site-packages/airflow/example_dags/example_skip_dag.py
[2022-08-11 05:39:25,072] {processor.py:651} INFO - DAG(s) dict_keys(['example_skip_dag']) retrieved from /home/airflow/.local/lib/python3.7/site-packages/airflow/example_dags/example_skip_dag.py
[2022-08-11 05:39:25,167] {logging_mixin.py:115} INFO - [2022-08-11 05:39:25,167] {dag.py:2371} INFO - Sync 1 DAGs
[2022-08-11 05:39:25,231] {logging_mixin.py:115} INFO - [2022-08-11 05:39:25,231] {dag.py:2919} INFO - Setting next_dagrun for example_skip_dag to 2022-08-10T05:39:25.230544+00:00, run_after=2022-08-11T05:39:25.230544+00:00
[2022-08-11 05:39:25,266] {processor.py:161} INFO - Processing /home/airflow/.local/lib/python3.7/site-packages/airflow/example_dags/example_skip_dag.py took 0.232 seconds
[2022-08-11 05:44:26,826] {processor.py:153} INFO - Started process (PID=99166) to work on /home/airflow/.local/lib/python3.7/site-packages/airflow/example_dags/example_skip_dag.py
[2022-08-11 05:44:26,827] {processor.py:641} INFO - Processing file /home/airflow/.local/lib/python3.7/site-packages/airflow/example_dags/example_skip_dag.py for tasks to queue
[2022-08-11 05:44:26,829] {logging_mixin.py:115} INFO - [2022-08-11 05:44:26,828] {dagbag.py:507} INFO - Filling up the DagBag from /home/airflow/.local/lib/python3.7/site-packages/airflow/example_dags/example_skip_dag.py
[2022-08-11 05:44:26,835] {processor.py:651} INFO - DAG(s) dict_keys(['example_skip_dag']) retrieved from /home/airflow/.local/lib/python3.7/site-packages/airflow/example_dags/example_skip_dag.py
[2022-08-11 05:44:26,870] {logging_mixin.py:115} INFO - [2022-08-11 05:44:26,870] {dag.py:2371} INFO - Sync 1 DAGs
[2022-08-11 05:44:26,892] {logging_mixin.py:115} INFO - [2022-08-11 05:44:26,892] {dag.py:2919} INFO - Setting next_dagrun for example_skip_dag to 2022-08-10T05:44:26.892117+00:00, run_after=2022-08-11T05:44:26.892117+00:00
[2022-08-11 05:44:26,905] {processor.py:161} INFO - Processing /home/airflow/.local/lib/python3.7/site-packages/airflow/example_dags/example_skip_dag.py took 0.083 seconds
[2022-08-11 05:44:58,824] {processor.py:153} INFO - Started process (PID=99218) to work on /home/airflow/.local/lib/python3.7/site-packages/airflow/example_dags/example_skip_dag.py
[2022-08-11 05:44:58,827] {processor.py:641} INFO - Processing file /home/airflow/.local/lib/python3.7/site-packages/airflow/example_dags/example_skip_dag.py for tasks to queue
[2022-08-11 05:44:58,832] {logging_mixin.py:115} INFO - [2022-08-11 05:44:58,831] {dagbag.py:507} INFO - Filling up the DagBag from /home/airflow/.local/lib/python3.7/site-packages/airflow/example_dags/example_skip_dag.py
[2022-08-11 05:44:58,859] {processor.py:651} INFO - DAG(s) dict_keys(['example_skip_dag']) retrieved from /home/airflow/.local/lib/python3.7/site-packages/airflow/example_dags/example_skip_dag.py
[2022-08-11 05:44:58,955] {logging_mixin.py:115} INFO - [2022-08-11 05:44:58,955] {dag.py:2371} INFO - Sync 1 DAGs
[2022-08-11 05:44:59,011] {logging_mixin.py:115} INFO - [2022-08-11 05:44:59,010] {dag.py:2919} INFO - Setting next_dagrun for example_skip_dag to 2022-08-10T05:44:59.010242+00:00, run_after=2022-08-11T05:44:59.010242+00:00
[2022-08-11 05:44:59,048] {processor.py:161} INFO - Processing /home/airflow/.local/lib/python3.7/site-packages/airflow/example_dags/example_skip_dag.py took 0.234 seconds
[2022-08-11 05:50:02,050] {processor.py:153} INFO - Started process (PID=99270) to work on /home/airflow/.local/lib/python3.7/site-packages/airflow/example_dags/example_skip_dag.py
[2022-08-11 05:50:02,062] {processor.py:641} INFO - Processing file /home/airflow/.local/lib/python3.7/site-packages/airflow/example_dags/example_skip_dag.py for tasks to queue
[2022-08-11 05:50:02,064] {logging_mixin.py:115} INFO - [2022-08-11 05:50:02,064] {dagbag.py:507} INFO - Filling up the DagBag from /home/airflow/.local/lib/python3.7/site-packages/airflow/example_dags/example_skip_dag.py
[2022-08-11 05:50:02,081] {processor.py:651} INFO - DAG(s) dict_keys(['example_skip_dag']) retrieved from /home/airflow/.local/lib/python3.7/site-packages/airflow/example_dags/example_skip_dag.py
[2022-08-11 05:50:02,141] {logging_mixin.py:115} INFO - [2022-08-11 05:50:02,141] {dag.py:2371} INFO - Sync 1 DAGs
[2022-08-11 05:50:02,182] {logging_mixin.py:115} INFO - [2022-08-11 05:50:02,182] {dag.py:2919} INFO - Setting next_dagrun for example_skip_dag to 2022-08-10T05:50:02.181943+00:00, run_after=2022-08-11T05:50:02.181943+00:00
[2022-08-11 05:50:02,203] {processor.py:161} INFO - Processing /home/airflow/.local/lib/python3.7/site-packages/airflow/example_dags/example_skip_dag.py took 0.157 seconds
[2022-08-11 05:50:33,699] {processor.py:153} INFO - Started process (PID=99323) to work on /home/airflow/.local/lib/python3.7/site-packages/airflow/example_dags/example_skip_dag.py
[2022-08-11 05:50:33,703] {processor.py:641} INFO - Processing file /home/airflow/.local/lib/python3.7/site-packages/airflow/example_dags/example_skip_dag.py for tasks to queue
[2022-08-11 05:50:33,706] {logging_mixin.py:115} INFO - [2022-08-11 05:50:33,705] {dagbag.py:507} INFO - Filling up the DagBag from /home/airflow/.local/lib/python3.7/site-packages/airflow/example_dags/example_skip_dag.py
[2022-08-11 05:50:33,727] {processor.py:651} INFO - DAG(s) dict_keys(['example_skip_dag']) retrieved from /home/airflow/.local/lib/python3.7/site-packages/airflow/example_dags/example_skip_dag.py
[2022-08-11 05:50:33,816] {logging_mixin.py:115} INFO - [2022-08-11 05:50:33,816] {dag.py:2371} INFO - Sync 1 DAGs
[2022-08-11 05:50:33,879] {logging_mixin.py:115} INFO - [2022-08-11 05:50:33,879] {dag.py:2919} INFO - Setting next_dagrun for example_skip_dag to 2022-08-10T05:50:33.878884+00:00, run_after=2022-08-11T05:50:33.878884+00:00
[2022-08-11 05:50:33,914] {processor.py:161} INFO - Processing /home/airflow/.local/lib/python3.7/site-packages/airflow/example_dags/example_skip_dag.py took 0.228 seconds
[2022-08-11 05:55:35,074] {processor.py:153} INFO - Started process (PID=99375) to work on /home/airflow/.local/lib/python3.7/site-packages/airflow/example_dags/example_skip_dag.py
[2022-08-11 05:55:35,076] {processor.py:641} INFO - Processing file /home/airflow/.local/lib/python3.7/site-packages/airflow/example_dags/example_skip_dag.py for tasks to queue
[2022-08-11 05:55:35,078] {logging_mixin.py:115} INFO - [2022-08-11 05:55:35,078] {dagbag.py:507} INFO - Filling up the DagBag from /home/airflow/.local/lib/python3.7/site-packages/airflow/example_dags/example_skip_dag.py
[2022-08-11 05:55:35,088] {processor.py:651} INFO - DAG(s) dict_keys(['example_skip_dag']) retrieved from /home/airflow/.local/lib/python3.7/site-packages/airflow/example_dags/example_skip_dag.py
[2022-08-11 05:55:35,123] {logging_mixin.py:115} INFO - [2022-08-11 05:55:35,123] {dag.py:2371} INFO - Sync 1 DAGs
[2022-08-11 05:55:35,144] {logging_mixin.py:115} INFO - [2022-08-11 05:55:35,144] {dag.py:2919} INFO - Setting next_dagrun for example_skip_dag to 2022-08-10T05:55:35.144042+00:00, run_after=2022-08-11T05:55:35.144042+00:00
[2022-08-11 05:55:35,158] {processor.py:161} INFO - Processing /home/airflow/.local/lib/python3.7/site-packages/airflow/example_dags/example_skip_dag.py took 0.088 seconds
[2022-08-11 05:56:06,354] {processor.py:153} INFO - Started process (PID=99428) to work on /home/airflow/.local/lib/python3.7/site-packages/airflow/example_dags/example_skip_dag.py
[2022-08-11 05:56:06,357] {processor.py:641} INFO - Processing file /home/airflow/.local/lib/python3.7/site-packages/airflow/example_dags/example_skip_dag.py for tasks to queue
[2022-08-11 05:56:06,360] {logging_mixin.py:115} INFO - [2022-08-11 05:56:06,360] {dagbag.py:507} INFO - Filling up the DagBag from /home/airflow/.local/lib/python3.7/site-packages/airflow/example_dags/example_skip_dag.py
[2022-08-11 05:56:06,379] {processor.py:651} INFO - DAG(s) dict_keys(['example_skip_dag']) retrieved from /home/airflow/.local/lib/python3.7/site-packages/airflow/example_dags/example_skip_dag.py
[2022-08-11 05:56:06,468] {logging_mixin.py:115} INFO - [2022-08-11 05:56:06,468] {dag.py:2371} INFO - Sync 1 DAGs
[2022-08-11 05:56:06,534] {logging_mixin.py:115} INFO - [2022-08-11 05:56:06,533] {dag.py:2919} INFO - Setting next_dagrun for example_skip_dag to 2022-08-10T05:56:06.532940+00:00, run_after=2022-08-11T05:56:06.532940+00:00
[2022-08-11 05:56:06,570] {processor.py:161} INFO - Processing /home/airflow/.local/lib/python3.7/site-packages/airflow/example_dags/example_skip_dag.py took 0.227 seconds
[2022-08-11 06:01:07,984] {processor.py:153} INFO - Started process (PID=99481) to work on /home/airflow/.local/lib/python3.7/site-packages/airflow/example_dags/example_skip_dag.py
[2022-08-11 06:01:07,988] {processor.py:641} INFO - Processing file /home/airflow/.local/lib/python3.7/site-packages/airflow/example_dags/example_skip_dag.py for tasks to queue
[2022-08-11 06:01:07,990] {logging_mixin.py:115} INFO - [2022-08-11 06:01:07,989] {dagbag.py:507} INFO - Filling up the DagBag from /home/airflow/.local/lib/python3.7/site-packages/airflow/example_dags/example_skip_dag.py
[2022-08-11 06:01:08,007] {processor.py:651} INFO - DAG(s) dict_keys(['example_skip_dag']) retrieved from /home/airflow/.local/lib/python3.7/site-packages/airflow/example_dags/example_skip_dag.py
[2022-08-11 06:01:08,076] {logging_mixin.py:115} INFO - [2022-08-11 06:01:08,076] {dag.py:2371} INFO - Sync 1 DAGs
[2022-08-11 06:01:08,114] {logging_mixin.py:115} INFO - [2022-08-11 06:01:08,113] {dag.py:2919} INFO - Setting next_dagrun for example_skip_dag to 2022-08-10T06:01:08.113605+00:00, run_after=2022-08-11T06:01:08.113605+00:00
[2022-08-11 06:01:08,133] {processor.py:161} INFO - Processing /home/airflow/.local/lib/python3.7/site-packages/airflow/example_dags/example_skip_dag.py took 0.165 seconds
[2022-08-11 06:01:39,623] {processor.py:153} INFO - Started process (PID=99533) to work on /home/airflow/.local/lib/python3.7/site-packages/airflow/example_dags/example_skip_dag.py
[2022-08-11 06:01:39,627] {processor.py:641} INFO - Processing file /home/airflow/.local/lib/python3.7/site-packages/airflow/example_dags/example_skip_dag.py for tasks to queue
[2022-08-11 06:01:39,632] {logging_mixin.py:115} INFO - [2022-08-11 06:01:39,631] {dagbag.py:507} INFO - Filling up the DagBag from /home/airflow/.local/lib/python3.7/site-packages/airflow/example_dags/example_skip_dag.py
[2022-08-11 06:01:39,656] {processor.py:651} INFO - DAG(s) dict_keys(['example_skip_dag']) retrieved from /home/airflow/.local/lib/python3.7/site-packages/airflow/example_dags/example_skip_dag.py
[2022-08-11 06:01:39,752] {logging_mixin.py:115} INFO - [2022-08-11 06:01:39,752] {dag.py:2371} INFO - Sync 1 DAGs
[2022-08-11 06:01:39,814] {logging_mixin.py:115} INFO - [2022-08-11 06:01:39,814] {dag.py:2919} INFO - Setting next_dagrun for example_skip_dag to 2022-08-10T06:01:39.813178+00:00, run_after=2022-08-11T06:01:39.813178+00:00
[2022-08-11 06:01:39,861] {processor.py:161} INFO - Processing /home/airflow/.local/lib/python3.7/site-packages/airflow/example_dags/example_skip_dag.py took 0.251 seconds
[2022-08-11 06:05:36,977] {processor.py:153} INFO - Started process (PID=99585) to work on /home/airflow/.local/lib/python3.7/site-packages/airflow/example_dags/example_skip_dag.py
[2022-08-11 06:05:36,987] {processor.py:641} INFO - Processing file /home/airflow/.local/lib/python3.7/site-packages/airflow/example_dags/example_skip_dag.py for tasks to queue
[2022-08-11 06:05:36,991] {logging_mixin.py:115} INFO - [2022-08-11 06:05:36,991] {dagbag.py:507} INFO - Filling up the DagBag from /home/airflow/.local/lib/python3.7/site-packages/airflow/example_dags/example_skip_dag.py
[2022-08-11 06:05:37,012] {processor.py:651} INFO - DAG(s) dict_keys(['example_skip_dag']) retrieved from /home/airflow/.local/lib/python3.7/site-packages/airflow/example_dags/example_skip_dag.py
[2022-08-11 06:05:37,098] {logging_mixin.py:115} INFO - [2022-08-11 06:05:37,098] {dag.py:2371} INFO - Sync 1 DAGs
[2022-08-11 06:05:37,138] {logging_mixin.py:115} INFO - [2022-08-11 06:05:37,138] {dag.py:2919} INFO - Setting next_dagrun for example_skip_dag to 2022-08-10T06:05:37.138313+00:00, run_after=2022-08-11T06:05:37.138313+00:00
[2022-08-11 06:05:37,168] {processor.py:161} INFO - Processing /home/airflow/.local/lib/python3.7/site-packages/airflow/example_dags/example_skip_dag.py took 0.199 seconds
[2022-08-11 06:10:49,054] {processor.py:153} INFO - Started process (PID=99629) to work on /home/airflow/.local/lib/python3.7/site-packages/airflow/example_dags/example_skip_dag.py
[2022-08-11 06:10:49,065] {processor.py:641} INFO - Processing file /home/airflow/.local/lib/python3.7/site-packages/airflow/example_dags/example_skip_dag.py for tasks to queue
[2022-08-11 06:10:49,067] {logging_mixin.py:115} INFO - [2022-08-11 06:10:49,067] {dagbag.py:507} INFO - Filling up the DagBag from /home/airflow/.local/lib/python3.7/site-packages/airflow/example_dags/example_skip_dag.py
[2022-08-11 06:10:49,080] {processor.py:651} INFO - DAG(s) dict_keys(['example_skip_dag']) retrieved from /home/airflow/.local/lib/python3.7/site-packages/airflow/example_dags/example_skip_dag.py
[2022-08-11 06:10:49,148] {logging_mixin.py:115} INFO - [2022-08-11 06:10:49,147] {dag.py:2371} INFO - Sync 1 DAGs
[2022-08-11 06:10:49,211] {logging_mixin.py:115} INFO - [2022-08-11 06:10:49,211] {dag.py:2919} INFO - Setting next_dagrun for example_skip_dag to 2022-08-10T06:10:49.210869+00:00, run_after=2022-08-11T06:10:49.210869+00:00
[2022-08-11 06:10:49,262] {processor.py:161} INFO - Processing /home/airflow/.local/lib/python3.7/site-packages/airflow/example_dags/example_skip_dag.py took 0.218 seconds
[2022-08-11 07:20:19,547] {processor.py:153} INFO - Started process (PID=99689) to work on /home/airflow/.local/lib/python3.7/site-packages/airflow/example_dags/example_skip_dag.py
[2022-08-11 07:20:19,549] {processor.py:641} INFO - Processing file /home/airflow/.local/lib/python3.7/site-packages/airflow/example_dags/example_skip_dag.py for tasks to queue
[2022-08-11 07:20:19,551] {logging_mixin.py:115} INFO - [2022-08-11 07:20:19,551] {dagbag.py:507} INFO - Filling up the DagBag from /home/airflow/.local/lib/python3.7/site-packages/airflow/example_dags/example_skip_dag.py
[2022-08-11 07:20:19,559] {processor.py:651} INFO - DAG(s) dict_keys(['example_skip_dag']) retrieved from /home/airflow/.local/lib/python3.7/site-packages/airflow/example_dags/example_skip_dag.py
[2022-08-11 07:20:19,630] {logging_mixin.py:115} INFO - [2022-08-11 07:20:19,630] {dag.py:2371} INFO - Sync 1 DAGs
[2022-08-11 07:20:19,661] {logging_mixin.py:115} INFO - [2022-08-11 07:20:19,661] {dag.py:2919} INFO - Setting next_dagrun for example_skip_dag to 2022-08-10T07:20:19.660466+00:00, run_after=2022-08-11T07:20:19.660466+00:00
[2022-08-11 07:20:19,693] {processor.py:161} INFO - Processing /home/airflow/.local/lib/python3.7/site-packages/airflow/example_dags/example_skip_dag.py took 0.151 seconds
[2022-08-11 10:56:32,146] {processor.py:153} INFO - Started process (PID=99741) to work on /home/airflow/.local/lib/python3.7/site-packages/airflow/example_dags/example_skip_dag.py
[2022-08-11 10:56:32,151] {processor.py:641} INFO - Processing file /home/airflow/.local/lib/python3.7/site-packages/airflow/example_dags/example_skip_dag.py for tasks to queue
[2022-08-11 10:56:32,153] {logging_mixin.py:115} INFO - [2022-08-11 10:56:32,153] {dagbag.py:507} INFO - Filling up the DagBag from /home/airflow/.local/lib/python3.7/site-packages/airflow/example_dags/example_skip_dag.py
[2022-08-11 10:56:32,166] {processor.py:651} INFO - DAG(s) dict_keys(['example_skip_dag']) retrieved from /home/airflow/.local/lib/python3.7/site-packages/airflow/example_dags/example_skip_dag.py
[2022-08-11 10:56:32,230] {logging_mixin.py:115} INFO - [2022-08-11 10:56:32,230] {dag.py:2371} INFO - Sync 1 DAGs
[2022-08-11 10:56:32,275] {logging_mixin.py:115} INFO - [2022-08-11 10:56:32,275] {dag.py:2919} INFO - Setting next_dagrun for example_skip_dag to 2022-08-10T10:56:32.275254+00:00, run_after=2022-08-11T10:56:32.275254+00:00
[2022-08-11 10:56:32,294] {processor.py:161} INFO - Processing /home/airflow/.local/lib/python3.7/site-packages/airflow/example_dags/example_skip_dag.py took 0.154 seconds
[2022-08-11 12:44:54,786] {processor.py:153} INFO - Started process (PID=99802) to work on /home/airflow/.local/lib/python3.7/site-packages/airflow/example_dags/example_skip_dag.py
[2022-08-11 12:44:54,794] {processor.py:641} INFO - Processing file /home/airflow/.local/lib/python3.7/site-packages/airflow/example_dags/example_skip_dag.py for tasks to queue
[2022-08-11 12:44:54,803] {logging_mixin.py:115} INFO - [2022-08-11 12:44:54,803] {dagbag.py:507} INFO - Filling up the DagBag from /home/airflow/.local/lib/python3.7/site-packages/airflow/example_dags/example_skip_dag.py
[2022-08-11 12:44:54,840] {processor.py:651} INFO - DAG(s) dict_keys(['example_skip_dag']) retrieved from /home/airflow/.local/lib/python3.7/site-packages/airflow/example_dags/example_skip_dag.py
[2022-08-11 12:44:55,061] {logging_mixin.py:115} INFO - [2022-08-11 12:44:55,061] {dag.py:2371} INFO - Sync 1 DAGs
[2022-08-11 12:44:55,170] {logging_mixin.py:115} INFO - [2022-08-11 12:44:55,170] {dag.py:2919} INFO - Setting next_dagrun for example_skip_dag to 2022-08-10T12:44:55.170212+00:00, run_after=2022-08-11T12:44:55.170212+00:00
[2022-08-11 12:44:55,245] {processor.py:161} INFO - Processing /home/airflow/.local/lib/python3.7/site-packages/airflow/example_dags/example_skip_dag.py took 0.463 seconds
[2022-08-11 16:20:55,112] {processor.py:153} INFO - Started process (PID=99846) to work on /home/airflow/.local/lib/python3.7/site-packages/airflow/example_dags/example_skip_dag.py
[2022-08-11 16:20:55,116] {processor.py:641} INFO - Processing file /home/airflow/.local/lib/python3.7/site-packages/airflow/example_dags/example_skip_dag.py for tasks to queue
[2022-08-11 16:20:55,118] {logging_mixin.py:115} INFO - [2022-08-11 16:20:55,118] {dagbag.py:507} INFO - Filling up the DagBag from /home/airflow/.local/lib/python3.7/site-packages/airflow/example_dags/example_skip_dag.py
[2022-08-11 16:20:55,138] {processor.py:651} INFO - DAG(s) dict_keys(['example_skip_dag']) retrieved from /home/airflow/.local/lib/python3.7/site-packages/airflow/example_dags/example_skip_dag.py
[2022-08-11 16:20:55,199] {logging_mixin.py:115} INFO - [2022-08-11 16:20:55,199] {dag.py:2371} INFO - Sync 1 DAGs
[2022-08-11 16:20:55,258] {logging_mixin.py:115} INFO - [2022-08-11 16:20:55,258] {dag.py:2919} INFO - Setting next_dagrun for example_skip_dag to 2022-08-10T16:20:55.258229+00:00, run_after=2022-08-11T16:20:55.258229+00:00
[2022-08-11 16:20:55,277] {processor.py:161} INFO - Processing /home/airflow/.local/lib/python3.7/site-packages/airflow/example_dags/example_skip_dag.py took 0.169 seconds
