[2022-08-11 00:49:19,871] {processor.py:153} INFO - Started process (PID=97689) to work on /home/airflow/.local/lib/python3.7/site-packages/airflow/example_dags/example_task_group_decorator.py
[2022-08-11 00:49:19,873] {processor.py:641} INFO - Processing file /home/airflow/.local/lib/python3.7/site-packages/airflow/example_dags/example_task_group_decorator.py for tasks to queue
[2022-08-11 00:49:19,876] {logging_mixin.py:115} INFO - [2022-08-11 00:49:19,875] {dagbag.py:507} INFO - Filling up the DagBag from /home/airflow/.local/lib/python3.7/site-packages/airflow/example_dags/example_task_group_decorator.py
[2022-08-11 00:49:19,992] {processor.py:651} INFO - DAG(s) dict_keys(['example_task_group_decorator']) retrieved from /home/airflow/.local/lib/python3.7/site-packages/airflow/example_dags/example_task_group_decorator.py
[2022-08-11 00:49:20,644] {logging_mixin.py:115} INFO - [2022-08-11 00:49:20,643] {dag.py:2371} INFO - Sync 1 DAGs
[2022-08-11 00:49:20,761] {logging_mixin.py:115} INFO - [2022-08-11 00:49:20,761] {dag.py:2919} INFO - Setting next_dagrun for example_task_group_decorator to 2022-08-10T00:49:20.750806+00:00, run_after=2022-08-11T00:49:20.750806+00:00
[2022-08-11 00:49:20,820] {processor.py:161} INFO - Processing /home/airflow/.local/lib/python3.7/site-packages/airflow/example_dags/example_task_group_decorator.py took 0.954 seconds
[2022-08-11 02:37:24,014] {processor.py:153} INFO - Started process (PID=97733) to work on /home/airflow/.local/lib/python3.7/site-packages/airflow/example_dags/example_task_group_decorator.py
[2022-08-11 02:37:24,016] {processor.py:641} INFO - Processing file /home/airflow/.local/lib/python3.7/site-packages/airflow/example_dags/example_task_group_decorator.py for tasks to queue
[2022-08-11 02:37:24,018] {logging_mixin.py:115} INFO - [2022-08-11 02:37:24,018] {dagbag.py:507} INFO - Filling up the DagBag from /home/airflow/.local/lib/python3.7/site-packages/airflow/example_dags/example_task_group_decorator.py
[2022-08-11 02:37:24,118] {processor.py:651} INFO - DAG(s) dict_keys(['example_task_group_decorator']) retrieved from /home/airflow/.local/lib/python3.7/site-packages/airflow/example_dags/example_task_group_decorator.py
[2022-08-11 02:37:24,253] {logging_mixin.py:115} INFO - [2022-08-11 02:37:24,253] {dag.py:2371} INFO - Sync 1 DAGs
[2022-08-11 02:37:24,297] {logging_mixin.py:115} INFO - [2022-08-11 02:37:24,297] {dag.py:2919} INFO - Setting next_dagrun for example_task_group_decorator to 2022-08-10T02:37:24.297094+00:00, run_after=2022-08-11T02:37:24.297094+00:00
[2022-08-11 02:37:24,322] {processor.py:161} INFO - Processing /home/airflow/.local/lib/python3.7/site-packages/airflow/example_dags/example_task_group_decorator.py took 0.323 seconds
[2022-08-11 02:43:10,390] {processor.py:153} INFO - Started process (PID=97777) to work on /home/airflow/.local/lib/python3.7/site-packages/airflow/example_dags/example_task_group_decorator.py
[2022-08-11 02:43:10,393] {processor.py:641} INFO - Processing file /home/airflow/.local/lib/python3.7/site-packages/airflow/example_dags/example_task_group_decorator.py for tasks to queue
[2022-08-11 02:43:10,395] {logging_mixin.py:115} INFO - [2022-08-11 02:43:10,395] {dagbag.py:507} INFO - Filling up the DagBag from /home/airflow/.local/lib/python3.7/site-packages/airflow/example_dags/example_task_group_decorator.py
[2022-08-11 02:43:10,491] {processor.py:651} INFO - DAG(s) dict_keys(['example_task_group_decorator']) retrieved from /home/airflow/.local/lib/python3.7/site-packages/airflow/example_dags/example_task_group_decorator.py
[2022-08-11 02:43:10,716] {logging_mixin.py:115} INFO - [2022-08-11 02:43:10,716] {dag.py:2371} INFO - Sync 1 DAGs
[2022-08-11 02:43:10,758] {logging_mixin.py:115} INFO - [2022-08-11 02:43:10,758] {dag.py:2919} INFO - Setting next_dagrun for example_task_group_decorator to 2022-08-10T02:43:10.757694+00:00, run_after=2022-08-11T02:43:10.757694+00:00
[2022-08-11 02:43:10,791] {processor.py:161} INFO - Processing /home/airflow/.local/lib/python3.7/site-packages/airflow/example_dags/example_task_group_decorator.py took 0.406 seconds
[2022-08-11 04:26:23,050] {processor.py:153} INFO - Started process (PID=97820) to work on /home/airflow/.local/lib/python3.7/site-packages/airflow/example_dags/example_task_group_decorator.py
[2022-08-11 04:26:23,052] {processor.py:641} INFO - Processing file /home/airflow/.local/lib/python3.7/site-packages/airflow/example_dags/example_task_group_decorator.py for tasks to queue
[2022-08-11 04:26:23,054] {logging_mixin.py:115} INFO - [2022-08-11 04:26:23,054] {dagbag.py:507} INFO - Filling up the DagBag from /home/airflow/.local/lib/python3.7/site-packages/airflow/example_dags/example_task_group_decorator.py
[2022-08-11 04:26:23,154] {processor.py:651} INFO - DAG(s) dict_keys(['example_task_group_decorator']) retrieved from /home/airflow/.local/lib/python3.7/site-packages/airflow/example_dags/example_task_group_decorator.py
[2022-08-11 04:26:23,396] {logging_mixin.py:115} INFO - [2022-08-11 04:26:23,395] {dag.py:2371} INFO - Sync 1 DAGs
[2022-08-11 04:26:23,453] {logging_mixin.py:115} INFO - [2022-08-11 04:26:23,453] {dag.py:2919} INFO - Setting next_dagrun for example_task_group_decorator to 2022-08-10T04:26:23.452984+00:00, run_after=2022-08-11T04:26:23.452984+00:00
[2022-08-11 04:26:23,494] {processor.py:161} INFO - Processing /home/airflow/.local/lib/python3.7/site-packages/airflow/example_dags/example_task_group_decorator.py took 0.452 seconds
[2022-08-11 04:26:54,410] {processor.py:153} INFO - Started process (PID=97871) to work on /home/airflow/.local/lib/python3.7/site-packages/airflow/example_dags/example_task_group_decorator.py
[2022-08-11 04:26:54,414] {processor.py:641} INFO - Processing file /home/airflow/.local/lib/python3.7/site-packages/airflow/example_dags/example_task_group_decorator.py for tasks to queue
[2022-08-11 04:26:54,421] {logging_mixin.py:115} INFO - [2022-08-11 04:26:54,419] {dagbag.py:507} INFO - Filling up the DagBag from /home/airflow/.local/lib/python3.7/site-packages/airflow/example_dags/example_task_group_decorator.py
[2022-08-11 04:26:54,550] {processor.py:651} INFO - DAG(s) dict_keys(['example_task_group_decorator']) retrieved from /home/airflow/.local/lib/python3.7/site-packages/airflow/example_dags/example_task_group_decorator.py
[2022-08-11 04:26:54,865] {logging_mixin.py:115} INFO - [2022-08-11 04:26:54,865] {dag.py:2371} INFO - Sync 1 DAGs
[2022-08-11 04:26:54,937] {logging_mixin.py:115} INFO - [2022-08-11 04:26:54,937] {dag.py:2919} INFO - Setting next_dagrun for example_task_group_decorator to 2022-08-10T04:26:54.935770+00:00, run_after=2022-08-11T04:26:54.935770+00:00
[2022-08-11 04:26:55,003] {processor.py:161} INFO - Processing /home/airflow/.local/lib/python3.7/site-packages/airflow/example_dags/example_task_group_decorator.py took 0.605 seconds
[2022-08-11 04:27:25,156] {processor.py:153} INFO - Started process (PID=97923) to work on /home/airflow/.local/lib/python3.7/site-packages/airflow/example_dags/example_task_group_decorator.py
[2022-08-11 04:27:25,160] {processor.py:641} INFO - Processing file /home/airflow/.local/lib/python3.7/site-packages/airflow/example_dags/example_task_group_decorator.py for tasks to queue
[2022-08-11 04:27:25,164] {logging_mixin.py:115} INFO - [2022-08-11 04:27:25,164] {dagbag.py:507} INFO - Filling up the DagBag from /home/airflow/.local/lib/python3.7/site-packages/airflow/example_dags/example_task_group_decorator.py
[2022-08-11 04:27:25,295] {processor.py:651} INFO - DAG(s) dict_keys(['example_task_group_decorator']) retrieved from /home/airflow/.local/lib/python3.7/site-packages/airflow/example_dags/example_task_group_decorator.py
[2022-08-11 04:27:25,751] {logging_mixin.py:115} INFO - [2022-08-11 04:27:25,750] {dag.py:2371} INFO - Sync 1 DAGs
[2022-08-11 04:27:25,841] {logging_mixin.py:115} INFO - [2022-08-11 04:27:25,840] {dag.py:2919} INFO - Setting next_dagrun for example_task_group_decorator to 2022-08-10T04:27:25.839428+00:00, run_after=2022-08-11T04:27:25.839428+00:00
[2022-08-11 04:27:25,924] {processor.py:161} INFO - Processing /home/airflow/.local/lib/python3.7/site-packages/airflow/example_dags/example_task_group_decorator.py took 0.781 seconds
[2022-08-11 04:32:18,952] {processor.py:153} INFO - Started process (PID=97959) to work on /home/airflow/.local/lib/python3.7/site-packages/airflow/example_dags/example_task_group_decorator.py
[2022-08-11 04:32:18,954] {processor.py:641} INFO - Processing file /home/airflow/.local/lib/python3.7/site-packages/airflow/example_dags/example_task_group_decorator.py for tasks to queue
[2022-08-11 04:32:18,956] {logging_mixin.py:115} INFO - [2022-08-11 04:32:18,955] {dagbag.py:507} INFO - Filling up the DagBag from /home/airflow/.local/lib/python3.7/site-packages/airflow/example_dags/example_task_group_decorator.py
[2022-08-11 04:32:19,010] {processor.py:651} INFO - DAG(s) dict_keys(['example_task_group_decorator']) retrieved from /home/airflow/.local/lib/python3.7/site-packages/airflow/example_dags/example_task_group_decorator.py
[2022-08-11 04:32:19,227] {logging_mixin.py:115} INFO - [2022-08-11 04:32:19,227] {dag.py:2371} INFO - Sync 1 DAGs
[2022-08-11 04:32:19,262] {logging_mixin.py:115} INFO - [2022-08-11 04:32:19,262] {dag.py:2919} INFO - Setting next_dagrun for example_task_group_decorator to 2022-08-10T04:32:19.261753+00:00, run_after=2022-08-11T04:32:19.261753+00:00
[2022-08-11 04:32:19,285] {processor.py:161} INFO - Processing /home/airflow/.local/lib/python3.7/site-packages/airflow/example_dags/example_task_group_decorator.py took 0.340 seconds
[2022-08-11 04:32:51,137] {processor.py:153} INFO - Started process (PID=98012) to work on /home/airflow/.local/lib/python3.7/site-packages/airflow/example_dags/example_task_group_decorator.py
[2022-08-11 04:32:51,143] {processor.py:641} INFO - Processing file /home/airflow/.local/lib/python3.7/site-packages/airflow/example_dags/example_task_group_decorator.py for tasks to queue
[2022-08-11 04:32:51,147] {logging_mixin.py:115} INFO - [2022-08-11 04:32:51,146] {dagbag.py:507} INFO - Filling up the DagBag from /home/airflow/.local/lib/python3.7/site-packages/airflow/example_dags/example_task_group_decorator.py
[2022-08-11 04:32:51,286] {processor.py:651} INFO - DAG(s) dict_keys(['example_task_group_decorator']) retrieved from /home/airflow/.local/lib/python3.7/site-packages/airflow/example_dags/example_task_group_decorator.py
[2022-08-11 04:32:51,624] {logging_mixin.py:115} INFO - [2022-08-11 04:32:51,623] {dag.py:2371} INFO - Sync 1 DAGs
[2022-08-11 04:32:51,700] {logging_mixin.py:115} INFO - [2022-08-11 04:32:51,700] {dag.py:2919} INFO - Setting next_dagrun for example_task_group_decorator to 2022-08-10T04:32:51.698993+00:00, run_after=2022-08-11T04:32:51.698993+00:00
[2022-08-11 04:32:51,768] {processor.py:161} INFO - Processing /home/airflow/.local/lib/python3.7/site-packages/airflow/example_dags/example_task_group_decorator.py took 0.643 seconds
[2022-08-11 04:37:49,503] {processor.py:153} INFO - Started process (PID=98055) to work on /home/airflow/.local/lib/python3.7/site-packages/airflow/example_dags/example_task_group_decorator.py
[2022-08-11 04:37:49,505] {processor.py:641} INFO - Processing file /home/airflow/.local/lib/python3.7/site-packages/airflow/example_dags/example_task_group_decorator.py for tasks to queue
[2022-08-11 04:37:49,508] {logging_mixin.py:115} INFO - [2022-08-11 04:37:49,508] {dagbag.py:507} INFO - Filling up the DagBag from /home/airflow/.local/lib/python3.7/site-packages/airflow/example_dags/example_task_group_decorator.py
[2022-08-11 04:37:49,551] {processor.py:651} INFO - DAG(s) dict_keys(['example_task_group_decorator']) retrieved from /home/airflow/.local/lib/python3.7/site-packages/airflow/example_dags/example_task_group_decorator.py
[2022-08-11 04:37:49,662] {logging_mixin.py:115} INFO - [2022-08-11 04:37:49,661] {dag.py:2371} INFO - Sync 1 DAGs
[2022-08-11 04:37:49,687] {logging_mixin.py:115} INFO - [2022-08-11 04:37:49,687] {dag.py:2919} INFO - Setting next_dagrun for example_task_group_decorator to 2022-08-10T04:37:49.687387+00:00, run_after=2022-08-11T04:37:49.687387+00:00
[2022-08-11 04:37:49,708] {processor.py:161} INFO - Processing /home/airflow/.local/lib/python3.7/site-packages/airflow/example_dags/example_task_group_decorator.py took 0.209 seconds
[2022-08-11 04:38:21,554] {processor.py:153} INFO - Started process (PID=98107) to work on /home/airflow/.local/lib/python3.7/site-packages/airflow/example_dags/example_task_group_decorator.py
[2022-08-11 04:38:21,561] {processor.py:641} INFO - Processing file /home/airflow/.local/lib/python3.7/site-packages/airflow/example_dags/example_task_group_decorator.py for tasks to queue
[2022-08-11 04:38:21,572] {logging_mixin.py:115} INFO - [2022-08-11 04:38:21,572] {dagbag.py:507} INFO - Filling up the DagBag from /home/airflow/.local/lib/python3.7/site-packages/airflow/example_dags/example_task_group_decorator.py
[2022-08-11 04:38:21,722] {processor.py:651} INFO - DAG(s) dict_keys(['example_task_group_decorator']) retrieved from /home/airflow/.local/lib/python3.7/site-packages/airflow/example_dags/example_task_group_decorator.py
[2022-08-11 04:38:22,056] {logging_mixin.py:115} INFO - [2022-08-11 04:38:22,055] {dag.py:2371} INFO - Sync 1 DAGs
[2022-08-11 04:38:22,133] {logging_mixin.py:115} INFO - [2022-08-11 04:38:22,132] {dag.py:2919} INFO - Setting next_dagrun for example_task_group_decorator to 2022-08-10T04:38:22.131770+00:00, run_after=2022-08-11T04:38:22.131770+00:00
[2022-08-11 04:38:22,198] {processor.py:161} INFO - Processing /home/airflow/.local/lib/python3.7/site-packages/airflow/example_dags/example_task_group_decorator.py took 0.657 seconds
[2022-08-11 04:43:24,241] {processor.py:153} INFO - Started process (PID=98161) to work on /home/airflow/.local/lib/python3.7/site-packages/airflow/example_dags/example_task_group_decorator.py
[2022-08-11 04:43:24,243] {processor.py:641} INFO - Processing file /home/airflow/.local/lib/python3.7/site-packages/airflow/example_dags/example_task_group_decorator.py for tasks to queue
[2022-08-11 04:43:24,245] {logging_mixin.py:115} INFO - [2022-08-11 04:43:24,245] {dagbag.py:507} INFO - Filling up the DagBag from /home/airflow/.local/lib/python3.7/site-packages/airflow/example_dags/example_task_group_decorator.py
[2022-08-11 04:43:24,307] {processor.py:651} INFO - DAG(s) dict_keys(['example_task_group_decorator']) retrieved from /home/airflow/.local/lib/python3.7/site-packages/airflow/example_dags/example_task_group_decorator.py
[2022-08-11 04:43:24,584] {logging_mixin.py:115} INFO - [2022-08-11 04:43:24,584] {dag.py:2371} INFO - Sync 1 DAGs
[2022-08-11 04:43:24,643] {logging_mixin.py:115} INFO - [2022-08-11 04:43:24,643] {dag.py:2919} INFO - Setting next_dagrun for example_task_group_decorator to 2022-08-10T04:43:24.642925+00:00, run_after=2022-08-11T04:43:24.642925+00:00
[2022-08-11 04:43:24,678] {processor.py:161} INFO - Processing /home/airflow/.local/lib/python3.7/site-packages/airflow/example_dags/example_task_group_decorator.py took 0.456 seconds
[2022-08-11 04:43:56,053] {processor.py:153} INFO - Started process (PID=98213) to work on /home/airflow/.local/lib/python3.7/site-packages/airflow/example_dags/example_task_group_decorator.py
[2022-08-11 04:43:56,060] {processor.py:641} INFO - Processing file /home/airflow/.local/lib/python3.7/site-packages/airflow/example_dags/example_task_group_decorator.py for tasks to queue
[2022-08-11 04:43:56,065] {logging_mixin.py:115} INFO - [2022-08-11 04:43:56,065] {dagbag.py:507} INFO - Filling up the DagBag from /home/airflow/.local/lib/python3.7/site-packages/airflow/example_dags/example_task_group_decorator.py
[2022-08-11 04:43:56,227] {processor.py:651} INFO - DAG(s) dict_keys(['example_task_group_decorator']) retrieved from /home/airflow/.local/lib/python3.7/site-packages/airflow/example_dags/example_task_group_decorator.py
[2022-08-11 04:43:56,611] {logging_mixin.py:115} INFO - [2022-08-11 04:43:56,611] {dag.py:2371} INFO - Sync 1 DAGs
[2022-08-11 04:43:56,692] {logging_mixin.py:115} INFO - [2022-08-11 04:43:56,692] {dag.py:2919} INFO - Setting next_dagrun for example_task_group_decorator to 2022-08-10T04:43:56.691180+00:00, run_after=2022-08-11T04:43:56.691180+00:00
[2022-08-11 04:43:56,761] {processor.py:161} INFO - Processing /home/airflow/.local/lib/python3.7/site-packages/airflow/example_dags/example_task_group_decorator.py took 0.745 seconds
[2022-08-11 04:48:59,288] {processor.py:153} INFO - Started process (PID=98257) to work on /home/airflow/.local/lib/python3.7/site-packages/airflow/example_dags/example_task_group_decorator.py
[2022-08-11 04:48:59,290] {processor.py:641} INFO - Processing file /home/airflow/.local/lib/python3.7/site-packages/airflow/example_dags/example_task_group_decorator.py for tasks to queue
[2022-08-11 04:48:59,292] {logging_mixin.py:115} INFO - [2022-08-11 04:48:59,292] {dagbag.py:507} INFO - Filling up the DagBag from /home/airflow/.local/lib/python3.7/site-packages/airflow/example_dags/example_task_group_decorator.py
[2022-08-11 04:48:59,345] {processor.py:651} INFO - DAG(s) dict_keys(['example_task_group_decorator']) retrieved from /home/airflow/.local/lib/python3.7/site-packages/airflow/example_dags/example_task_group_decorator.py
[2022-08-11 04:48:59,458] {logging_mixin.py:115} INFO - [2022-08-11 04:48:59,458] {dag.py:2371} INFO - Sync 1 DAGs
[2022-08-11 04:48:59,487] {logging_mixin.py:115} INFO - [2022-08-11 04:48:59,487] {dag.py:2919} INFO - Setting next_dagrun for example_task_group_decorator to 2022-08-10T04:48:59.486913+00:00, run_after=2022-08-11T04:48:59.486913+00:00
[2022-08-11 04:48:59,513] {processor.py:161} INFO - Processing /home/airflow/.local/lib/python3.7/site-packages/airflow/example_dags/example_task_group_decorator.py took 0.232 seconds
[2022-08-11 04:49:32,393] {processor.py:153} INFO - Started process (PID=98311) to work on /home/airflow/.local/lib/python3.7/site-packages/airflow/example_dags/example_task_group_decorator.py
[2022-08-11 04:49:32,400] {processor.py:641} INFO - Processing file /home/airflow/.local/lib/python3.7/site-packages/airflow/example_dags/example_task_group_decorator.py for tasks to queue
[2022-08-11 04:49:32,410] {logging_mixin.py:115} INFO - [2022-08-11 04:49:32,408] {dagbag.py:507} INFO - Filling up the DagBag from /home/airflow/.local/lib/python3.7/site-packages/airflow/example_dags/example_task_group_decorator.py
[2022-08-11 04:49:32,585] {processor.py:651} INFO - DAG(s) dict_keys(['example_task_group_decorator']) retrieved from /home/airflow/.local/lib/python3.7/site-packages/airflow/example_dags/example_task_group_decorator.py
[2022-08-11 04:49:32,985] {logging_mixin.py:115} INFO - [2022-08-11 04:49:32,985] {dag.py:2371} INFO - Sync 1 DAGs
[2022-08-11 04:49:33,059] {logging_mixin.py:115} INFO - [2022-08-11 04:49:33,059] {dag.py:2919} INFO - Setting next_dagrun for example_task_group_decorator to 2022-08-10T04:49:33.057978+00:00, run_after=2022-08-11T04:49:33.057978+00:00
[2022-08-11 04:49:33,133] {processor.py:161} INFO - Processing /home/airflow/.local/lib/python3.7/site-packages/airflow/example_dags/example_task_group_decorator.py took 0.759 seconds
[2022-08-11 04:54:32,907] {processor.py:153} INFO - Started process (PID=98357) to work on /home/airflow/.local/lib/python3.7/site-packages/airflow/example_dags/example_task_group_decorator.py
[2022-08-11 04:54:32,909] {processor.py:641} INFO - Processing file /home/airflow/.local/lib/python3.7/site-packages/airflow/example_dags/example_task_group_decorator.py for tasks to queue
[2022-08-11 04:54:32,912] {logging_mixin.py:115} INFO - [2022-08-11 04:54:32,911] {dagbag.py:507} INFO - Filling up the DagBag from /home/airflow/.local/lib/python3.7/site-packages/airflow/example_dags/example_task_group_decorator.py
[2022-08-11 04:54:32,969] {processor.py:651} INFO - DAG(s) dict_keys(['example_task_group_decorator']) retrieved from /home/airflow/.local/lib/python3.7/site-packages/airflow/example_dags/example_task_group_decorator.py
[2022-08-11 04:54:33,082] {logging_mixin.py:115} INFO - [2022-08-11 04:54:33,082] {dag.py:2371} INFO - Sync 1 DAGs
[2022-08-11 04:54:33,105] {logging_mixin.py:115} INFO - [2022-08-11 04:54:33,105] {dag.py:2919} INFO - Setting next_dagrun for example_task_group_decorator to 2022-08-10T04:54:33.104933+00:00, run_after=2022-08-11T04:54:33.104933+00:00
[2022-08-11 04:54:33,123] {processor.py:161} INFO - Processing /home/airflow/.local/lib/python3.7/site-packages/airflow/example_dags/example_task_group_decorator.py took 0.229 seconds
[2022-08-11 04:55:03,764] {processor.py:153} INFO - Started process (PID=98410) to work on /home/airflow/.local/lib/python3.7/site-packages/airflow/example_dags/example_task_group_decorator.py
[2022-08-11 04:55:03,768] {processor.py:641} INFO - Processing file /home/airflow/.local/lib/python3.7/site-packages/airflow/example_dags/example_task_group_decorator.py for tasks to queue
[2022-08-11 04:55:03,772] {logging_mixin.py:115} INFO - [2022-08-11 04:55:03,772] {dagbag.py:507} INFO - Filling up the DagBag from /home/airflow/.local/lib/python3.7/site-packages/airflow/example_dags/example_task_group_decorator.py
[2022-08-11 04:55:03,874] {processor.py:651} INFO - DAG(s) dict_keys(['example_task_group_decorator']) retrieved from /home/airflow/.local/lib/python3.7/site-packages/airflow/example_dags/example_task_group_decorator.py
[2022-08-11 04:55:04,143] {logging_mixin.py:115} INFO - [2022-08-11 04:55:04,142] {dag.py:2371} INFO - Sync 1 DAGs
[2022-08-11 04:55:04,224] {logging_mixin.py:115} INFO - [2022-08-11 04:55:04,223] {dag.py:2919} INFO - Setting next_dagrun for example_task_group_decorator to 2022-08-10T04:55:04.222425+00:00, run_after=2022-08-11T04:55:04.222425+00:00
[2022-08-11 04:55:04,273] {processor.py:161} INFO - Processing /home/airflow/.local/lib/python3.7/site-packages/airflow/example_dags/example_task_group_decorator.py took 0.520 seconds
[2022-08-11 04:55:34,430] {processor.py:153} INFO - Started process (PID=98462) to work on /home/airflow/.local/lib/python3.7/site-packages/airflow/example_dags/example_task_group_decorator.py
[2022-08-11 04:55:34,433] {processor.py:641} INFO - Processing file /home/airflow/.local/lib/python3.7/site-packages/airflow/example_dags/example_task_group_decorator.py for tasks to queue
[2022-08-11 04:55:34,435] {logging_mixin.py:115} INFO - [2022-08-11 04:55:34,435] {dagbag.py:507} INFO - Filling up the DagBag from /home/airflow/.local/lib/python3.7/site-packages/airflow/example_dags/example_task_group_decorator.py
[2022-08-11 04:55:34,498] {processor.py:651} INFO - DAG(s) dict_keys(['example_task_group_decorator']) retrieved from /home/airflow/.local/lib/python3.7/site-packages/airflow/example_dags/example_task_group_decorator.py
[2022-08-11 05:10:40,298] {processor.py:153} INFO - Started process (PID=98481) to work on /home/airflow/.local/lib/python3.7/site-packages/airflow/example_dags/example_task_group_decorator.py
[2022-08-11 05:10:40,300] {processor.py:641} INFO - Processing file /home/airflow/.local/lib/python3.7/site-packages/airflow/example_dags/example_task_group_decorator.py for tasks to queue
[2022-08-11 05:10:40,302] {logging_mixin.py:115} INFO - [2022-08-11 05:10:40,302] {dagbag.py:507} INFO - Filling up the DagBag from /home/airflow/.local/lib/python3.7/site-packages/airflow/example_dags/example_task_group_decorator.py
[2022-08-11 05:10:40,360] {processor.py:651} INFO - DAG(s) dict_keys(['example_task_group_decorator']) retrieved from /home/airflow/.local/lib/python3.7/site-packages/airflow/example_dags/example_task_group_decorator.py
[2022-08-11 05:10:40,635] {logging_mixin.py:115} INFO - [2022-08-11 05:10:40,635] {dag.py:2371} INFO - Sync 1 DAGs
[2022-08-11 05:10:40,667] {logging_mixin.py:115} INFO - [2022-08-11 05:10:40,667] {dag.py:2919} INFO - Setting next_dagrun for example_task_group_decorator to 2022-08-10T05:10:40.666707+00:00, run_after=2022-08-11T05:10:40.666707+00:00
[2022-08-11 05:10:40,700] {processor.py:161} INFO - Processing /home/airflow/.local/lib/python3.7/site-packages/airflow/example_dags/example_task_group_decorator.py took 0.407 seconds
[2022-08-11 05:11:13,286] {processor.py:153} INFO - Started process (PID=98533) to work on /home/airflow/.local/lib/python3.7/site-packages/airflow/example_dags/example_task_group_decorator.py
[2022-08-11 05:11:13,291] {processor.py:641} INFO - Processing file /home/airflow/.local/lib/python3.7/site-packages/airflow/example_dags/example_task_group_decorator.py for tasks to queue
[2022-08-11 05:11:13,295] {logging_mixin.py:115} INFO - [2022-08-11 05:11:13,295] {dagbag.py:507} INFO - Filling up the DagBag from /home/airflow/.local/lib/python3.7/site-packages/airflow/example_dags/example_task_group_decorator.py
[2022-08-11 05:11:13,427] {processor.py:651} INFO - DAG(s) dict_keys(['example_task_group_decorator']) retrieved from /home/airflow/.local/lib/python3.7/site-packages/airflow/example_dags/example_task_group_decorator.py
[2022-08-11 05:11:13,755] {logging_mixin.py:115} INFO - [2022-08-11 05:11:13,754] {dag.py:2371} INFO - Sync 1 DAGs
[2022-08-11 05:11:13,834] {logging_mixin.py:115} INFO - [2022-08-11 05:11:13,834] {dag.py:2919} INFO - Setting next_dagrun for example_task_group_decorator to 2022-08-10T05:11:13.825450+00:00, run_after=2022-08-11T05:11:13.825450+00:00
[2022-08-11 05:11:13,906] {processor.py:161} INFO - Processing /home/airflow/.local/lib/python3.7/site-packages/airflow/example_dags/example_task_group_decorator.py took 0.638 seconds
[2022-08-11 05:11:44,446] {processor.py:153} INFO - Started process (PID=98586) to work on /home/airflow/.local/lib/python3.7/site-packages/airflow/example_dags/example_task_group_decorator.py
[2022-08-11 05:11:44,452] {processor.py:641} INFO - Processing file /home/airflow/.local/lib/python3.7/site-packages/airflow/example_dags/example_task_group_decorator.py for tasks to queue
[2022-08-11 05:11:44,456] {logging_mixin.py:115} INFO - [2022-08-11 05:11:44,456] {dagbag.py:507} INFO - Filling up the DagBag from /home/airflow/.local/lib/python3.7/site-packages/airflow/example_dags/example_task_group_decorator.py
[2022-08-11 05:11:44,560] {processor.py:651} INFO - DAG(s) dict_keys(['example_task_group_decorator']) retrieved from /home/airflow/.local/lib/python3.7/site-packages/airflow/example_dags/example_task_group_decorator.py
[2022-08-11 05:11:44,858] {logging_mixin.py:115} INFO - [2022-08-11 05:11:44,858] {dag.py:2371} INFO - Sync 1 DAGs
[2022-08-11 05:11:44,917] {logging_mixin.py:115} INFO - [2022-08-11 05:11:44,917] {dag.py:2919} INFO - Setting next_dagrun for example_task_group_decorator to 2022-08-10T05:11:44.916426+00:00, run_after=2022-08-11T05:11:44.916426+00:00
[2022-08-11 05:11:44,978] {processor.py:161} INFO - Processing /home/airflow/.local/lib/python3.7/site-packages/airflow/example_dags/example_task_group_decorator.py took 0.547 seconds
[2022-08-11 05:16:41,949] {processor.py:153} INFO - Started process (PID=98630) to work on /home/airflow/.local/lib/python3.7/site-packages/airflow/example_dags/example_task_group_decorator.py
[2022-08-11 05:16:41,951] {processor.py:641} INFO - Processing file /home/airflow/.local/lib/python3.7/site-packages/airflow/example_dags/example_task_group_decorator.py for tasks to queue
[2022-08-11 05:16:41,953] {logging_mixin.py:115} INFO - [2022-08-11 05:16:41,953] {dagbag.py:507} INFO - Filling up the DagBag from /home/airflow/.local/lib/python3.7/site-packages/airflow/example_dags/example_task_group_decorator.py
[2022-08-11 05:16:41,999] {processor.py:651} INFO - DAG(s) dict_keys(['example_task_group_decorator']) retrieved from /home/airflow/.local/lib/python3.7/site-packages/airflow/example_dags/example_task_group_decorator.py
[2022-08-11 05:16:42,116] {logging_mixin.py:115} INFO - [2022-08-11 05:16:42,116] {dag.py:2371} INFO - Sync 1 DAGs
[2022-08-11 05:16:42,145] {logging_mixin.py:115} INFO - [2022-08-11 05:16:42,145] {dag.py:2919} INFO - Setting next_dagrun for example_task_group_decorator to 2022-08-10T05:16:42.145332+00:00, run_after=2022-08-11T05:16:42.145332+00:00
[2022-08-11 05:16:42,168] {processor.py:161} INFO - Processing /home/airflow/.local/lib/python3.7/site-packages/airflow/example_dags/example_task_group_decorator.py took 0.225 seconds
[2022-08-11 05:17:13,214] {processor.py:153} INFO - Started process (PID=98683) to work on /home/airflow/.local/lib/python3.7/site-packages/airflow/example_dags/example_task_group_decorator.py
[2022-08-11 05:17:13,218] {processor.py:641} INFO - Processing file /home/airflow/.local/lib/python3.7/site-packages/airflow/example_dags/example_task_group_decorator.py for tasks to queue
[2022-08-11 05:17:13,221] {logging_mixin.py:115} INFO - [2022-08-11 05:17:13,221] {dagbag.py:507} INFO - Filling up the DagBag from /home/airflow/.local/lib/python3.7/site-packages/airflow/example_dags/example_task_group_decorator.py
[2022-08-11 05:17:13,314] {processor.py:651} INFO - DAG(s) dict_keys(['example_task_group_decorator']) retrieved from /home/airflow/.local/lib/python3.7/site-packages/airflow/example_dags/example_task_group_decorator.py
[2022-08-11 05:17:13,543] {logging_mixin.py:115} INFO - [2022-08-11 05:17:13,543] {dag.py:2371} INFO - Sync 1 DAGs
[2022-08-11 05:17:13,591] {logging_mixin.py:115} INFO - [2022-08-11 05:17:13,590] {dag.py:2919} INFO - Setting next_dagrun for example_task_group_decorator to 2022-08-10T05:17:13.590079+00:00, run_after=2022-08-11T05:17:13.590079+00:00
[2022-08-11 05:17:13,633] {processor.py:161} INFO - Processing /home/airflow/.local/lib/python3.7/site-packages/airflow/example_dags/example_task_group_decorator.py took 0.448 seconds
[2022-08-11 05:22:14,201] {processor.py:153} INFO - Started process (PID=98736) to work on /home/airflow/.local/lib/python3.7/site-packages/airflow/example_dags/example_task_group_decorator.py
[2022-08-11 05:22:14,203] {processor.py:641} INFO - Processing file /home/airflow/.local/lib/python3.7/site-packages/airflow/example_dags/example_task_group_decorator.py for tasks to queue
[2022-08-11 05:22:14,205] {logging_mixin.py:115} INFO - [2022-08-11 05:22:14,204] {dagbag.py:507} INFO - Filling up the DagBag from /home/airflow/.local/lib/python3.7/site-packages/airflow/example_dags/example_task_group_decorator.py
[2022-08-11 05:22:14,274] {processor.py:651} INFO - DAG(s) dict_keys(['example_task_group_decorator']) retrieved from /home/airflow/.local/lib/python3.7/site-packages/airflow/example_dags/example_task_group_decorator.py
[2022-08-11 05:22:14,525] {logging_mixin.py:115} INFO - [2022-08-11 05:22:14,525] {dag.py:2371} INFO - Sync 1 DAGs
[2022-08-11 05:22:14,549] {logging_mixin.py:115} INFO - [2022-08-11 05:22:14,549] {dag.py:2919} INFO - Setting next_dagrun for example_task_group_decorator to 2022-08-10T05:22:14.548847+00:00, run_after=2022-08-11T05:22:14.548847+00:00
[2022-08-11 05:22:14,581] {processor.py:161} INFO - Processing /home/airflow/.local/lib/python3.7/site-packages/airflow/example_dags/example_task_group_decorator.py took 0.385 seconds
[2022-08-11 05:22:45,589] {processor.py:153} INFO - Started process (PID=98788) to work on /home/airflow/.local/lib/python3.7/site-packages/airflow/example_dags/example_task_group_decorator.py
[2022-08-11 05:22:45,596] {processor.py:641} INFO - Processing file /home/airflow/.local/lib/python3.7/site-packages/airflow/example_dags/example_task_group_decorator.py for tasks to queue
[2022-08-11 05:22:45,602] {logging_mixin.py:115} INFO - [2022-08-11 05:22:45,601] {dagbag.py:507} INFO - Filling up the DagBag from /home/airflow/.local/lib/python3.7/site-packages/airflow/example_dags/example_task_group_decorator.py
[2022-08-11 05:22:45,698] {processor.py:651} INFO - DAG(s) dict_keys(['example_task_group_decorator']) retrieved from /home/airflow/.local/lib/python3.7/site-packages/airflow/example_dags/example_task_group_decorator.py
[2022-08-11 05:22:45,948] {logging_mixin.py:115} INFO - [2022-08-11 05:22:45,947] {dag.py:2371} INFO - Sync 1 DAGs
[2022-08-11 05:22:46,001] {logging_mixin.py:115} INFO - [2022-08-11 05:22:46,001] {dag.py:2919} INFO - Setting next_dagrun for example_task_group_decorator to 2022-08-10T05:22:46.000724+00:00, run_after=2022-08-11T05:22:46.000724+00:00
[2022-08-11 05:22:46,047] {processor.py:161} INFO - Processing /home/airflow/.local/lib/python3.7/site-packages/airflow/example_dags/example_task_group_decorator.py took 0.479 seconds
[2022-08-11 05:27:48,027] {processor.py:153} INFO - Started process (PID=98842) to work on /home/airflow/.local/lib/python3.7/site-packages/airflow/example_dags/example_task_group_decorator.py
[2022-08-11 05:27:48,029] {processor.py:641} INFO - Processing file /home/airflow/.local/lib/python3.7/site-packages/airflow/example_dags/example_task_group_decorator.py for tasks to queue
[2022-08-11 05:27:48,035] {logging_mixin.py:115} INFO - [2022-08-11 05:27:48,035] {dagbag.py:507} INFO - Filling up the DagBag from /home/airflow/.local/lib/python3.7/site-packages/airflow/example_dags/example_task_group_decorator.py
[2022-08-11 05:27:48,084] {processor.py:651} INFO - DAG(s) dict_keys(['example_task_group_decorator']) retrieved from /home/airflow/.local/lib/python3.7/site-packages/airflow/example_dags/example_task_group_decorator.py
[2022-08-11 05:27:48,201] {logging_mixin.py:115} INFO - [2022-08-11 05:27:48,201] {dag.py:2371} INFO - Sync 1 DAGs
[2022-08-11 05:27:48,222] {logging_mixin.py:115} INFO - [2022-08-11 05:27:48,221] {dag.py:2919} INFO - Setting next_dagrun for example_task_group_decorator to 2022-08-10T05:27:48.221554+00:00, run_after=2022-08-11T05:27:48.221554+00:00
[2022-08-11 05:27:48,241] {processor.py:161} INFO - Processing /home/airflow/.local/lib/python3.7/site-packages/airflow/example_dags/example_task_group_decorator.py took 0.222 seconds
[2022-08-11 05:28:18,635] {processor.py:153} INFO - Started process (PID=98894) to work on /home/airflow/.local/lib/python3.7/site-packages/airflow/example_dags/example_task_group_decorator.py
[2022-08-11 05:28:18,639] {processor.py:641} INFO - Processing file /home/airflow/.local/lib/python3.7/site-packages/airflow/example_dags/example_task_group_decorator.py for tasks to queue
[2022-08-11 05:28:18,642] {logging_mixin.py:115} INFO - [2022-08-11 05:28:18,642] {dagbag.py:507} INFO - Filling up the DagBag from /home/airflow/.local/lib/python3.7/site-packages/airflow/example_dags/example_task_group_decorator.py
[2022-08-11 05:28:18,724] {processor.py:651} INFO - DAG(s) dict_keys(['example_task_group_decorator']) retrieved from /home/airflow/.local/lib/python3.7/site-packages/airflow/example_dags/example_task_group_decorator.py
[2022-08-11 05:28:18,934] {logging_mixin.py:115} INFO - [2022-08-11 05:28:18,934] {dag.py:2371} INFO - Sync 1 DAGs
[2022-08-11 05:28:19,001] {logging_mixin.py:115} INFO - [2022-08-11 05:28:19,001] {dag.py:2919} INFO - Setting next_dagrun for example_task_group_decorator to 2022-08-10T05:28:19.000762+00:00, run_after=2022-08-11T05:28:19.000762+00:00
[2022-08-11 05:28:19,046] {processor.py:161} INFO - Processing /home/airflow/.local/lib/python3.7/site-packages/airflow/example_dags/example_task_group_decorator.py took 0.421 seconds
[2022-08-11 05:33:20,992] {processor.py:153} INFO - Started process (PID=98947) to work on /home/airflow/.local/lib/python3.7/site-packages/airflow/example_dags/example_task_group_decorator.py
[2022-08-11 05:33:20,994] {processor.py:641} INFO - Processing file /home/airflow/.local/lib/python3.7/site-packages/airflow/example_dags/example_task_group_decorator.py for tasks to queue
[2022-08-11 05:33:20,995] {logging_mixin.py:115} INFO - [2022-08-11 05:33:20,995] {dagbag.py:507} INFO - Filling up the DagBag from /home/airflow/.local/lib/python3.7/site-packages/airflow/example_dags/example_task_group_decorator.py
[2022-08-11 05:33:21,055] {processor.py:651} INFO - DAG(s) dict_keys(['example_task_group_decorator']) retrieved from /home/airflow/.local/lib/python3.7/site-packages/airflow/example_dags/example_task_group_decorator.py
[2022-08-11 05:33:21,229] {logging_mixin.py:115} INFO - [2022-08-11 05:33:21,229] {dag.py:2371} INFO - Sync 1 DAGs
[2022-08-11 05:33:21,273] {logging_mixin.py:115} INFO - [2022-08-11 05:33:21,273] {dag.py:2919} INFO - Setting next_dagrun for example_task_group_decorator to 2022-08-10T05:33:21.272988+00:00, run_after=2022-08-11T05:33:21.272988+00:00
[2022-08-11 05:33:21,297] {processor.py:161} INFO - Processing /home/airflow/.local/lib/python3.7/site-packages/airflow/example_dags/example_task_group_decorator.py took 0.309 seconds
[2022-08-11 05:33:51,698] {processor.py:153} INFO - Started process (PID=99000) to work on /home/airflow/.local/lib/python3.7/site-packages/airflow/example_dags/example_task_group_decorator.py
[2022-08-11 05:33:51,701] {processor.py:641} INFO - Processing file /home/airflow/.local/lib/python3.7/site-packages/airflow/example_dags/example_task_group_decorator.py for tasks to queue
[2022-08-11 05:33:51,705] {logging_mixin.py:115} INFO - [2022-08-11 05:33:51,704] {dagbag.py:507} INFO - Filling up the DagBag from /home/airflow/.local/lib/python3.7/site-packages/airflow/example_dags/example_task_group_decorator.py
[2022-08-11 05:33:51,792] {processor.py:651} INFO - DAG(s) dict_keys(['example_task_group_decorator']) retrieved from /home/airflow/.local/lib/python3.7/site-packages/airflow/example_dags/example_task_group_decorator.py
[2022-08-11 05:33:52,002] {logging_mixin.py:115} INFO - [2022-08-11 05:33:52,002] {dag.py:2371} INFO - Sync 1 DAGs
[2022-08-11 05:33:52,051] {logging_mixin.py:115} INFO - [2022-08-11 05:33:52,050] {dag.py:2919} INFO - Setting next_dagrun for example_task_group_decorator to 2022-08-10T05:33:52.050172+00:00, run_after=2022-08-11T05:33:52.050172+00:00
[2022-08-11 05:33:52,094] {processor.py:161} INFO - Processing /home/airflow/.local/lib/python3.7/site-packages/airflow/example_dags/example_task_group_decorator.py took 0.406 seconds
[2022-08-11 05:38:52,450] {processor.py:153} INFO - Started process (PID=99051) to work on /home/airflow/.local/lib/python3.7/site-packages/airflow/example_dags/example_task_group_decorator.py
[2022-08-11 05:38:52,453] {processor.py:641} INFO - Processing file /home/airflow/.local/lib/python3.7/site-packages/airflow/example_dags/example_task_group_decorator.py for tasks to queue
[2022-08-11 05:38:52,454] {logging_mixin.py:115} INFO - [2022-08-11 05:38:52,454] {dagbag.py:507} INFO - Filling up the DagBag from /home/airflow/.local/lib/python3.7/site-packages/airflow/example_dags/example_task_group_decorator.py
[2022-08-11 05:38:52,539] {processor.py:651} INFO - DAG(s) dict_keys(['example_task_group_decorator']) retrieved from /home/airflow/.local/lib/python3.7/site-packages/airflow/example_dags/example_task_group_decorator.py
[2022-08-11 05:38:52,748] {logging_mixin.py:115} INFO - [2022-08-11 05:38:52,748] {dag.py:2371} INFO - Sync 1 DAGs
[2022-08-11 05:38:52,787] {logging_mixin.py:115} INFO - [2022-08-11 05:38:52,787] {dag.py:2919} INFO - Setting next_dagrun for example_task_group_decorator to 2022-08-10T05:38:52.787386+00:00, run_after=2022-08-11T05:38:52.787386+00:00
[2022-08-11 05:38:52,852] {processor.py:161} INFO - Processing /home/airflow/.local/lib/python3.7/site-packages/airflow/example_dags/example_task_group_decorator.py took 0.409 seconds
[2022-08-11 05:39:23,771] {processor.py:153} INFO - Started process (PID=99104) to work on /home/airflow/.local/lib/python3.7/site-packages/airflow/example_dags/example_task_group_decorator.py
[2022-08-11 05:39:23,777] {processor.py:641} INFO - Processing file /home/airflow/.local/lib/python3.7/site-packages/airflow/example_dags/example_task_group_decorator.py for tasks to queue
[2022-08-11 05:39:23,782] {logging_mixin.py:115} INFO - [2022-08-11 05:39:23,781] {dagbag.py:507} INFO - Filling up the DagBag from /home/airflow/.local/lib/python3.7/site-packages/airflow/example_dags/example_task_group_decorator.py
[2022-08-11 05:39:23,875] {processor.py:651} INFO - DAG(s) dict_keys(['example_task_group_decorator']) retrieved from /home/airflow/.local/lib/python3.7/site-packages/airflow/example_dags/example_task_group_decorator.py
[2022-08-11 05:39:24,081] {logging_mixin.py:115} INFO - [2022-08-11 05:39:24,081] {dag.py:2371} INFO - Sync 1 DAGs
[2022-08-11 05:39:24,128] {logging_mixin.py:115} INFO - [2022-08-11 05:39:24,128] {dag.py:2919} INFO - Setting next_dagrun for example_task_group_decorator to 2022-08-10T05:39:24.127676+00:00, run_after=2022-08-11T05:39:24.127676+00:00
[2022-08-11 05:39:24,169] {processor.py:161} INFO - Processing /home/airflow/.local/lib/python3.7/site-packages/airflow/example_dags/example_task_group_decorator.py took 0.413 seconds
[2022-08-11 05:44:26,267] {processor.py:153} INFO - Started process (PID=99159) to work on /home/airflow/.local/lib/python3.7/site-packages/airflow/example_dags/example_task_group_decorator.py
[2022-08-11 05:44:26,269] {processor.py:641} INFO - Processing file /home/airflow/.local/lib/python3.7/site-packages/airflow/example_dags/example_task_group_decorator.py for tasks to queue
[2022-08-11 05:44:26,271] {logging_mixin.py:115} INFO - [2022-08-11 05:44:26,270] {dagbag.py:507} INFO - Filling up the DagBag from /home/airflow/.local/lib/python3.7/site-packages/airflow/example_dags/example_task_group_decorator.py
[2022-08-11 05:44:26,306] {processor.py:651} INFO - DAG(s) dict_keys(['example_task_group_decorator']) retrieved from /home/airflow/.local/lib/python3.7/site-packages/airflow/example_dags/example_task_group_decorator.py
[2022-08-11 05:44:26,411] {logging_mixin.py:115} INFO - [2022-08-11 05:44:26,410] {dag.py:2371} INFO - Sync 1 DAGs
[2022-08-11 05:44:26,433] {logging_mixin.py:115} INFO - [2022-08-11 05:44:26,433] {dag.py:2919} INFO - Setting next_dagrun for example_task_group_decorator to 2022-08-10T05:44:26.432715+00:00, run_after=2022-08-11T05:44:26.432715+00:00
[2022-08-11 05:44:26,462] {processor.py:161} INFO - Processing /home/airflow/.local/lib/python3.7/site-packages/airflow/example_dags/example_task_group_decorator.py took 0.201 seconds
[2022-08-11 05:44:57,760] {processor.py:153} INFO - Started process (PID=99211) to work on /home/airflow/.local/lib/python3.7/site-packages/airflow/example_dags/example_task_group_decorator.py
[2022-08-11 05:44:57,763] {processor.py:641} INFO - Processing file /home/airflow/.local/lib/python3.7/site-packages/airflow/example_dags/example_task_group_decorator.py for tasks to queue
[2022-08-11 05:44:57,766] {logging_mixin.py:115} INFO - [2022-08-11 05:44:57,766] {dagbag.py:507} INFO - Filling up the DagBag from /home/airflow/.local/lib/python3.7/site-packages/airflow/example_dags/example_task_group_decorator.py
[2022-08-11 05:44:57,851] {processor.py:651} INFO - DAG(s) dict_keys(['example_task_group_decorator']) retrieved from /home/airflow/.local/lib/python3.7/site-packages/airflow/example_dags/example_task_group_decorator.py
[2022-08-11 05:44:58,086] {logging_mixin.py:115} INFO - [2022-08-11 05:44:58,085] {dag.py:2371} INFO - Sync 1 DAGs
[2022-08-11 05:44:58,134] {logging_mixin.py:115} INFO - [2022-08-11 05:44:58,133] {dag.py:2919} INFO - Setting next_dagrun for example_task_group_decorator to 2022-08-10T05:44:58.132663+00:00, run_after=2022-08-11T05:44:58.132663+00:00
[2022-08-11 05:44:58,173] {processor.py:161} INFO - Processing /home/airflow/.local/lib/python3.7/site-packages/airflow/example_dags/example_task_group_decorator.py took 0.429 seconds
[2022-08-11 05:50:01,029] {processor.py:153} INFO - Started process (PID=99263) to work on /home/airflow/.local/lib/python3.7/site-packages/airflow/example_dags/example_task_group_decorator.py
[2022-08-11 05:50:01,033] {processor.py:641} INFO - Processing file /home/airflow/.local/lib/python3.7/site-packages/airflow/example_dags/example_task_group_decorator.py for tasks to queue
[2022-08-11 05:50:01,034] {logging_mixin.py:115} INFO - [2022-08-11 05:50:01,034] {dagbag.py:507} INFO - Filling up the DagBag from /home/airflow/.local/lib/python3.7/site-packages/airflow/example_dags/example_task_group_decorator.py
[2022-08-11 05:50:01,106] {processor.py:651} INFO - DAG(s) dict_keys(['example_task_group_decorator']) retrieved from /home/airflow/.local/lib/python3.7/site-packages/airflow/example_dags/example_task_group_decorator.py
[2022-08-11 05:50:01,330] {logging_mixin.py:115} INFO - [2022-08-11 05:50:01,330] {dag.py:2371} INFO - Sync 1 DAGs
[2022-08-11 05:50:01,376] {logging_mixin.py:115} INFO - [2022-08-11 05:50:01,376] {dag.py:2919} INFO - Setting next_dagrun for example_task_group_decorator to 2022-08-10T05:50:01.376370+00:00, run_after=2022-08-11T05:50:01.376370+00:00
[2022-08-11 05:50:01,460] {processor.py:161} INFO - Processing /home/airflow/.local/lib/python3.7/site-packages/airflow/example_dags/example_task_group_decorator.py took 0.435 seconds
[2022-08-11 05:50:32,360] {processor.py:153} INFO - Started process (PID=99316) to work on /home/airflow/.local/lib/python3.7/site-packages/airflow/example_dags/example_task_group_decorator.py
[2022-08-11 05:50:32,366] {processor.py:641} INFO - Processing file /home/airflow/.local/lib/python3.7/site-packages/airflow/example_dags/example_task_group_decorator.py for tasks to queue
[2022-08-11 05:50:32,371] {logging_mixin.py:115} INFO - [2022-08-11 05:50:32,371] {dagbag.py:507} INFO - Filling up the DagBag from /home/airflow/.local/lib/python3.7/site-packages/airflow/example_dags/example_task_group_decorator.py
[2022-08-11 05:50:32,458] {processor.py:651} INFO - DAG(s) dict_keys(['example_task_group_decorator']) retrieved from /home/airflow/.local/lib/python3.7/site-packages/airflow/example_dags/example_task_group_decorator.py
[2022-08-11 05:50:32,673] {logging_mixin.py:115} INFO - [2022-08-11 05:50:32,672] {dag.py:2371} INFO - Sync 1 DAGs
[2022-08-11 05:50:32,721] {logging_mixin.py:115} INFO - [2022-08-11 05:50:32,721] {dag.py:2919} INFO - Setting next_dagrun for example_task_group_decorator to 2022-08-10T05:50:32.720631+00:00, run_after=2022-08-11T05:50:32.720631+00:00
[2022-08-11 05:50:32,758] {processor.py:161} INFO - Processing /home/airflow/.local/lib/python3.7/site-packages/airflow/example_dags/example_task_group_decorator.py took 0.425 seconds
[2022-08-11 05:55:33,896] {processor.py:153} INFO - Started process (PID=99368) to work on /home/airflow/.local/lib/python3.7/site-packages/airflow/example_dags/example_task_group_decorator.py
[2022-08-11 05:55:33,899] {processor.py:641} INFO - Processing file /home/airflow/.local/lib/python3.7/site-packages/airflow/example_dags/example_task_group_decorator.py for tasks to queue
[2022-08-11 05:55:33,900] {logging_mixin.py:115} INFO - [2022-08-11 05:55:33,900] {dagbag.py:507} INFO - Filling up the DagBag from /home/airflow/.local/lib/python3.7/site-packages/airflow/example_dags/example_task_group_decorator.py
[2022-08-11 05:55:33,977] {processor.py:651} INFO - DAG(s) dict_keys(['example_task_group_decorator']) retrieved from /home/airflow/.local/lib/python3.7/site-packages/airflow/example_dags/example_task_group_decorator.py
[2022-08-11 05:55:34,189] {logging_mixin.py:115} INFO - [2022-08-11 05:55:34,189] {dag.py:2371} INFO - Sync 1 DAGs
[2022-08-11 05:55:34,223] {logging_mixin.py:115} INFO - [2022-08-11 05:55:34,223] {dag.py:2919} INFO - Setting next_dagrun for example_task_group_decorator to 2022-08-10T05:55:34.223413+00:00, run_after=2022-08-11T05:55:34.223413+00:00
[2022-08-11 05:55:34,252] {processor.py:161} INFO - Processing /home/airflow/.local/lib/python3.7/site-packages/airflow/example_dags/example_task_group_decorator.py took 0.360 seconds
[2022-08-11 05:56:05,004] {processor.py:153} INFO - Started process (PID=99421) to work on /home/airflow/.local/lib/python3.7/site-packages/airflow/example_dags/example_task_group_decorator.py
[2022-08-11 05:56:05,008] {processor.py:641} INFO - Processing file /home/airflow/.local/lib/python3.7/site-packages/airflow/example_dags/example_task_group_decorator.py for tasks to queue
[2022-08-11 05:56:05,017] {logging_mixin.py:115} INFO - [2022-08-11 05:56:05,016] {dagbag.py:507} INFO - Filling up the DagBag from /home/airflow/.local/lib/python3.7/site-packages/airflow/example_dags/example_task_group_decorator.py
[2022-08-11 05:56:05,113] {processor.py:651} INFO - DAG(s) dict_keys(['example_task_group_decorator']) retrieved from /home/airflow/.local/lib/python3.7/site-packages/airflow/example_dags/example_task_group_decorator.py
[2022-08-11 05:56:05,385] {logging_mixin.py:115} INFO - [2022-08-11 05:56:05,384] {dag.py:2371} INFO - Sync 1 DAGs
[2022-08-11 05:56:05,432] {logging_mixin.py:115} INFO - [2022-08-11 05:56:05,432] {dag.py:2919} INFO - Setting next_dagrun for example_task_group_decorator to 2022-08-10T05:56:05.431824+00:00, run_after=2022-08-11T05:56:05.431824+00:00
[2022-08-11 05:56:05,473] {processor.py:161} INFO - Processing /home/airflow/.local/lib/python3.7/site-packages/airflow/example_dags/example_task_group_decorator.py took 0.487 seconds
[2022-08-11 06:01:07,228] {processor.py:153} INFO - Started process (PID=99474) to work on /home/airflow/.local/lib/python3.7/site-packages/airflow/example_dags/example_task_group_decorator.py
[2022-08-11 06:01:07,230] {processor.py:641} INFO - Processing file /home/airflow/.local/lib/python3.7/site-packages/airflow/example_dags/example_task_group_decorator.py for tasks to queue
[2022-08-11 06:01:07,232] {logging_mixin.py:115} INFO - [2022-08-11 06:01:07,232] {dagbag.py:507} INFO - Filling up the DagBag from /home/airflow/.local/lib/python3.7/site-packages/airflow/example_dags/example_task_group_decorator.py
[2022-08-11 06:01:07,272] {processor.py:651} INFO - DAG(s) dict_keys(['example_task_group_decorator']) retrieved from /home/airflow/.local/lib/python3.7/site-packages/airflow/example_dags/example_task_group_decorator.py
[2022-08-11 06:01:07,393] {logging_mixin.py:115} INFO - [2022-08-11 06:01:07,392] {dag.py:2371} INFO - Sync 1 DAGs
[2022-08-11 06:01:07,411] {logging_mixin.py:115} INFO - [2022-08-11 06:01:07,411] {dag.py:2919} INFO - Setting next_dagrun for example_task_group_decorator to 2022-08-10T06:01:07.410811+00:00, run_after=2022-08-11T06:01:07.410811+00:00
[2022-08-11 06:01:07,425] {processor.py:161} INFO - Processing /home/airflow/.local/lib/python3.7/site-packages/airflow/example_dags/example_task_group_decorator.py took 0.201 seconds
[2022-08-11 06:01:38,491] {processor.py:153} INFO - Started process (PID=99526) to work on /home/airflow/.local/lib/python3.7/site-packages/airflow/example_dags/example_task_group_decorator.py
[2022-08-11 06:01:38,496] {processor.py:641} INFO - Processing file /home/airflow/.local/lib/python3.7/site-packages/airflow/example_dags/example_task_group_decorator.py for tasks to queue
[2022-08-11 06:01:38,502] {logging_mixin.py:115} INFO - [2022-08-11 06:01:38,501] {dagbag.py:507} INFO - Filling up the DagBag from /home/airflow/.local/lib/python3.7/site-packages/airflow/example_dags/example_task_group_decorator.py
[2022-08-11 06:01:38,601] {processor.py:651} INFO - DAG(s) dict_keys(['example_task_group_decorator']) retrieved from /home/airflow/.local/lib/python3.7/site-packages/airflow/example_dags/example_task_group_decorator.py
[2022-08-11 06:01:38,809] {logging_mixin.py:115} INFO - [2022-08-11 06:01:38,809] {dag.py:2371} INFO - Sync 1 DAGs
[2022-08-11 06:01:38,857] {logging_mixin.py:115} INFO - [2022-08-11 06:01:38,856] {dag.py:2919} INFO - Setting next_dagrun for example_task_group_decorator to 2022-08-10T06:01:38.856070+00:00, run_after=2022-08-11T06:01:38.856070+00:00
[2022-08-11 06:01:38,897] {processor.py:161} INFO - Processing /home/airflow/.local/lib/python3.7/site-packages/airflow/example_dags/example_task_group_decorator.py took 0.421 seconds
[2022-08-11 06:05:35,255] {processor.py:153} INFO - Started process (PID=99578) to work on /home/airflow/.local/lib/python3.7/site-packages/airflow/example_dags/example_task_group_decorator.py
[2022-08-11 06:05:35,260] {processor.py:641} INFO - Processing file /home/airflow/.local/lib/python3.7/site-packages/airflow/example_dags/example_task_group_decorator.py for tasks to queue
[2022-08-11 06:05:35,263] {logging_mixin.py:115} INFO - [2022-08-11 06:05:35,263] {dagbag.py:507} INFO - Filling up the DagBag from /home/airflow/.local/lib/python3.7/site-packages/airflow/example_dags/example_task_group_decorator.py
[2022-08-11 06:05:35,449] {processor.py:651} INFO - DAG(s) dict_keys(['example_task_group_decorator']) retrieved from /home/airflow/.local/lib/python3.7/site-packages/airflow/example_dags/example_task_group_decorator.py
[2022-08-11 06:05:35,664] {logging_mixin.py:115} INFO - [2022-08-11 06:05:35,664] {dag.py:2371} INFO - Sync 1 DAGs
[2022-08-11 06:05:35,688] {logging_mixin.py:115} INFO - [2022-08-11 06:05:35,688] {dag.py:2919} INFO - Setting next_dagrun for example_task_group_decorator to 2022-08-10T06:05:35.687851+00:00, run_after=2022-08-11T06:05:35.687851+00:00
[2022-08-11 06:05:35,707] {processor.py:161} INFO - Processing /home/airflow/.local/lib/python3.7/site-packages/airflow/example_dags/example_task_group_decorator.py took 0.464 seconds
[2022-08-11 06:10:48,191] {processor.py:153} INFO - Started process (PID=99622) to work on /home/airflow/.local/lib/python3.7/site-packages/airflow/example_dags/example_task_group_decorator.py
[2022-08-11 06:10:48,192] {processor.py:641} INFO - Processing file /home/airflow/.local/lib/python3.7/site-packages/airflow/example_dags/example_task_group_decorator.py for tasks to queue
[2022-08-11 06:10:48,194] {logging_mixin.py:115} INFO - [2022-08-11 06:10:48,194] {dagbag.py:507} INFO - Filling up the DagBag from /home/airflow/.local/lib/python3.7/site-packages/airflow/example_dags/example_task_group_decorator.py
[2022-08-11 06:10:48,227] {processor.py:651} INFO - DAG(s) dict_keys(['example_task_group_decorator']) retrieved from /home/airflow/.local/lib/python3.7/site-packages/airflow/example_dags/example_task_group_decorator.py
[2022-08-11 06:10:48,351] {logging_mixin.py:115} INFO - [2022-08-11 06:10:48,351] {dag.py:2371} INFO - Sync 1 DAGs
[2022-08-11 06:10:48,375] {logging_mixin.py:115} INFO - [2022-08-11 06:10:48,375] {dag.py:2919} INFO - Setting next_dagrun for example_task_group_decorator to 2022-08-10T06:10:48.375177+00:00, run_after=2022-08-11T06:10:48.375177+00:00
[2022-08-11 06:10:48,394] {processor.py:161} INFO - Processing /home/airflow/.local/lib/python3.7/site-packages/airflow/example_dags/example_task_group_decorator.py took 0.207 seconds
[2022-08-11 07:20:18,469] {processor.py:153} INFO - Started process (PID=99682) to work on /home/airflow/.local/lib/python3.7/site-packages/airflow/example_dags/example_task_group_decorator.py
[2022-08-11 07:20:18,473] {processor.py:641} INFO - Processing file /home/airflow/.local/lib/python3.7/site-packages/airflow/example_dags/example_task_group_decorator.py for tasks to queue
[2022-08-11 07:20:18,477] {logging_mixin.py:115} INFO - [2022-08-11 07:20:18,477] {dagbag.py:507} INFO - Filling up the DagBag from /home/airflow/.local/lib/python3.7/site-packages/airflow/example_dags/example_task_group_decorator.py
[2022-08-11 07:20:18,532] {processor.py:651} INFO - DAG(s) dict_keys(['example_task_group_decorator']) retrieved from /home/airflow/.local/lib/python3.7/site-packages/airflow/example_dags/example_task_group_decorator.py
[2022-08-11 07:20:18,678] {logging_mixin.py:115} INFO - [2022-08-11 07:20:18,678] {dag.py:2371} INFO - Sync 1 DAGs
[2022-08-11 07:20:18,722] {logging_mixin.py:115} INFO - [2022-08-11 07:20:18,722] {dag.py:2919} INFO - Setting next_dagrun for example_task_group_decorator to 2022-08-10T07:20:18.722225+00:00, run_after=2022-08-11T07:20:18.722225+00:00
[2022-08-11 07:20:18,750] {processor.py:161} INFO - Processing /home/airflow/.local/lib/python3.7/site-packages/airflow/example_dags/example_task_group_decorator.py took 0.287 seconds
[2022-08-11 10:56:31,244] {processor.py:153} INFO - Started process (PID=99734) to work on /home/airflow/.local/lib/python3.7/site-packages/airflow/example_dags/example_task_group_decorator.py
[2022-08-11 10:56:31,246] {processor.py:641} INFO - Processing file /home/airflow/.local/lib/python3.7/site-packages/airflow/example_dags/example_task_group_decorator.py for tasks to queue
[2022-08-11 10:56:31,248] {logging_mixin.py:115} INFO - [2022-08-11 10:56:31,248] {dagbag.py:507} INFO - Filling up the DagBag from /home/airflow/.local/lib/python3.7/site-packages/airflow/example_dags/example_task_group_decorator.py
[2022-08-11 10:56:31,294] {processor.py:651} INFO - DAG(s) dict_keys(['example_task_group_decorator']) retrieved from /home/airflow/.local/lib/python3.7/site-packages/airflow/example_dags/example_task_group_decorator.py
[2022-08-11 10:56:31,439] {logging_mixin.py:115} INFO - [2022-08-11 10:56:31,439] {dag.py:2371} INFO - Sync 1 DAGs
[2022-08-11 10:56:31,468] {logging_mixin.py:115} INFO - [2022-08-11 10:56:31,468] {dag.py:2919} INFO - Setting next_dagrun for example_task_group_decorator to 2022-08-10T10:56:31.467983+00:00, run_after=2022-08-11T10:56:31.467983+00:00
[2022-08-11 10:56:31,498] {processor.py:161} INFO - Processing /home/airflow/.local/lib/python3.7/site-packages/airflow/example_dags/example_task_group_decorator.py took 0.270 seconds
[2022-08-11 12:44:53,021] {processor.py:153} INFO - Started process (PID=99793) to work on /home/airflow/.local/lib/python3.7/site-packages/airflow/example_dags/example_task_group_decorator.py
[2022-08-11 12:44:53,024] {processor.py:641} INFO - Processing file /home/airflow/.local/lib/python3.7/site-packages/airflow/example_dags/example_task_group_decorator.py for tasks to queue
[2022-08-11 12:44:53,029] {logging_mixin.py:115} INFO - [2022-08-11 12:44:53,029] {dagbag.py:507} INFO - Filling up the DagBag from /home/airflow/.local/lib/python3.7/site-packages/airflow/example_dags/example_task_group_decorator.py
[2022-08-11 12:44:53,115] {processor.py:651} INFO - DAG(s) dict_keys(['example_task_group_decorator']) retrieved from /home/airflow/.local/lib/python3.7/site-packages/airflow/example_dags/example_task_group_decorator.py
[2022-08-11 12:44:53,290] {logging_mixin.py:115} INFO - [2022-08-11 12:44:53,290] {dag.py:2371} INFO - Sync 1 DAGs
[2022-08-11 12:44:53,362] {logging_mixin.py:115} INFO - [2022-08-11 12:44:53,362] {dag.py:2919} INFO - Setting next_dagrun for example_task_group_decorator to 2022-08-10T12:44:53.361065+00:00, run_after=2022-08-11T12:44:53.361065+00:00
[2022-08-11 12:44:53,407] {processor.py:161} INFO - Processing /home/airflow/.local/lib/python3.7/site-packages/airflow/example_dags/example_task_group_decorator.py took 0.393 seconds
[2022-08-11 16:20:54,450] {processor.py:153} INFO - Started process (PID=99839) to work on /home/airflow/.local/lib/python3.7/site-packages/airflow/example_dags/example_task_group_decorator.py
[2022-08-11 16:20:54,452] {processor.py:641} INFO - Processing file /home/airflow/.local/lib/python3.7/site-packages/airflow/example_dags/example_task_group_decorator.py for tasks to queue
[2022-08-11 16:20:54,455] {logging_mixin.py:115} INFO - [2022-08-11 16:20:54,455] {dagbag.py:507} INFO - Filling up the DagBag from /home/airflow/.local/lib/python3.7/site-packages/airflow/example_dags/example_task_group_decorator.py
[2022-08-11 16:20:54,505] {processor.py:651} INFO - DAG(s) dict_keys(['example_task_group_decorator']) retrieved from /home/airflow/.local/lib/python3.7/site-packages/airflow/example_dags/example_task_group_decorator.py
[2022-08-11 16:20:54,583] {logging_mixin.py:115} INFO - [2022-08-11 16:20:54,583] {dag.py:2371} INFO - Sync 1 DAGs
[2022-08-11 16:20:54,603] {logging_mixin.py:115} INFO - [2022-08-11 16:20:54,603] {dag.py:2919} INFO - Setting next_dagrun for example_task_group_decorator to 2022-08-10T16:20:54.603019+00:00, run_after=2022-08-11T16:20:54.603019+00:00
[2022-08-11 16:20:54,619] {processor.py:161} INFO - Processing /home/airflow/.local/lib/python3.7/site-packages/airflow/example_dags/example_task_group_decorator.py took 0.175 seconds
