[2022-08-11 00:49:22,209] {processor.py:153} INFO - Started process (PID=97700) to work on /home/airflow/.local/lib/python3.7/site-packages/airflow/example_dags/example_complex.py
[2022-08-11 00:49:22,211] {processor.py:641} INFO - Processing file /home/airflow/.local/lib/python3.7/site-packages/airflow/example_dags/example_complex.py for tasks to queue
[2022-08-11 00:49:22,214] {logging_mixin.py:115} INFO - [2022-08-11 00:49:22,213] {dagbag.py:507} INFO - Filling up the DagBag from /home/airflow/.local/lib/python3.7/site-packages/airflow/example_dags/example_complex.py
[2022-08-11 00:49:22,255] {processor.py:651} INFO - DAG(s) dict_keys(['example_complex']) retrieved from /home/airflow/.local/lib/python3.7/site-packages/airflow/example_dags/example_complex.py
[2022-08-11 00:49:22,343] {logging_mixin.py:115} INFO - [2022-08-11 00:49:22,343] {dag.py:2371} INFO - Sync 1 DAGs
[2022-08-11 00:49:22,394] {logging_mixin.py:115} INFO - [2022-08-11 00:49:22,394] {dag.py:2919} INFO - Setting next_dagrun for example_complex to None, run_after=None
[2022-08-11 00:49:22,417] {processor.py:161} INFO - Processing /home/airflow/.local/lib/python3.7/site-packages/airflow/example_dags/example_complex.py took 0.219 seconds
[2022-08-11 02:37:25,567] {processor.py:153} INFO - Started process (PID=97744) to work on /home/airflow/.local/lib/python3.7/site-packages/airflow/example_dags/example_complex.py
[2022-08-11 02:37:25,569] {processor.py:641} INFO - Processing file /home/airflow/.local/lib/python3.7/site-packages/airflow/example_dags/example_complex.py for tasks to queue
[2022-08-11 02:37:25,570] {logging_mixin.py:115} INFO - [2022-08-11 02:37:25,570] {dagbag.py:507} INFO - Filling up the DagBag from /home/airflow/.local/lib/python3.7/site-packages/airflow/example_dags/example_complex.py
[2022-08-11 02:37:25,594] {processor.py:651} INFO - DAG(s) dict_keys(['example_complex']) retrieved from /home/airflow/.local/lib/python3.7/site-packages/airflow/example_dags/example_complex.py
[2022-08-11 02:37:25,637] {logging_mixin.py:115} INFO - [2022-08-11 02:37:25,637] {dag.py:2371} INFO - Sync 1 DAGs
[2022-08-11 02:37:25,665] {logging_mixin.py:115} INFO - [2022-08-11 02:37:25,664] {dag.py:2919} INFO - Setting next_dagrun for example_complex to None, run_after=None
[2022-08-11 02:37:25,681] {processor.py:161} INFO - Processing /home/airflow/.local/lib/python3.7/site-packages/airflow/example_dags/example_complex.py took 0.118 seconds
[2022-08-11 02:43:22,411] {processor.py:153} INFO - Started process (PID=97788) to work on /home/airflow/.local/lib/python3.7/site-packages/airflow/example_dags/example_complex.py
[2022-08-11 02:43:22,414] {processor.py:641} INFO - Processing file /home/airflow/.local/lib/python3.7/site-packages/airflow/example_dags/example_complex.py for tasks to queue
[2022-08-11 02:43:22,416] {logging_mixin.py:115} INFO - [2022-08-11 02:43:22,416] {dagbag.py:507} INFO - Filling up the DagBag from /home/airflow/.local/lib/python3.7/site-packages/airflow/example_dags/example_complex.py
[2022-08-11 02:43:22,468] {processor.py:651} INFO - DAG(s) dict_keys(['example_complex']) retrieved from /home/airflow/.local/lib/python3.7/site-packages/airflow/example_dags/example_complex.py
[2022-08-11 02:43:22,578] {logging_mixin.py:115} INFO - [2022-08-11 02:43:22,578] {dag.py:2371} INFO - Sync 1 DAGs
[2022-08-11 02:43:22,639] {logging_mixin.py:115} INFO - [2022-08-11 02:43:22,638] {dag.py:2919} INFO - Setting next_dagrun for example_complex to None, run_after=None
[2022-08-11 02:43:22,709] {processor.py:161} INFO - Processing /home/airflow/.local/lib/python3.7/site-packages/airflow/example_dags/example_complex.py took 0.309 seconds
[2022-08-11 04:26:25,129] {processor.py:153} INFO - Started process (PID=97840) to work on /home/airflow/.local/lib/python3.7/site-packages/airflow/example_dags/example_complex.py
[2022-08-11 04:26:25,134] {processor.py:641} INFO - Processing file /home/airflow/.local/lib/python3.7/site-packages/airflow/example_dags/example_complex.py for tasks to queue
[2022-08-11 04:26:25,136] {logging_mixin.py:115} INFO - [2022-08-11 04:26:25,135] {dagbag.py:507} INFO - Filling up the DagBag from /home/airflow/.local/lib/python3.7/site-packages/airflow/example_dags/example_complex.py
[2022-08-11 04:26:25,222] {processor.py:651} INFO - DAG(s) dict_keys(['example_complex']) retrieved from /home/airflow/.local/lib/python3.7/site-packages/airflow/example_dags/example_complex.py
[2022-08-11 04:26:25,371] {logging_mixin.py:115} INFO - [2022-08-11 04:26:25,371] {dag.py:2371} INFO - Sync 1 DAGs
[2022-08-11 04:26:25,436] {logging_mixin.py:115} INFO - [2022-08-11 04:26:25,436] {dag.py:2919} INFO - Setting next_dagrun for example_complex to None, run_after=None
[2022-08-11 04:26:25,491] {processor.py:161} INFO - Processing /home/airflow/.local/lib/python3.7/site-packages/airflow/example_dags/example_complex.py took 0.376 seconds
[2022-08-11 04:26:57,089] {processor.py:153} INFO - Started process (PID=97891) to work on /home/airflow/.local/lib/python3.7/site-packages/airflow/example_dags/example_complex.py
[2022-08-11 04:26:57,094] {processor.py:641} INFO - Processing file /home/airflow/.local/lib/python3.7/site-packages/airflow/example_dags/example_complex.py for tasks to queue
[2022-08-11 04:26:57,101] {logging_mixin.py:115} INFO - [2022-08-11 04:26:57,101] {dagbag.py:507} INFO - Filling up the DagBag from /home/airflow/.local/lib/python3.7/site-packages/airflow/example_dags/example_complex.py
[2022-08-11 04:26:57,301] {processor.py:651} INFO - DAG(s) dict_keys(['example_complex']) retrieved from /home/airflow/.local/lib/python3.7/site-packages/airflow/example_dags/example_complex.py
[2022-08-11 04:26:57,533] {logging_mixin.py:115} INFO - [2022-08-11 04:26:57,532] {dag.py:2371} INFO - Sync 1 DAGs
[2022-08-11 04:26:57,732] {logging_mixin.py:115} INFO - [2022-08-11 04:26:57,732] {dag.py:2919} INFO - Setting next_dagrun for example_complex to None, run_after=None
[2022-08-11 04:26:57,834] {processor.py:161} INFO - Processing /home/airflow/.local/lib/python3.7/site-packages/airflow/example_dags/example_complex.py took 0.769 seconds
[2022-08-11 04:27:28,129] {processor.py:153} INFO - Started process (PID=97934) to work on /home/airflow/.local/lib/python3.7/site-packages/airflow/example_dags/example_complex.py
[2022-08-11 04:27:28,190] {processor.py:641} INFO - Processing file /home/airflow/.local/lib/python3.7/site-packages/airflow/example_dags/example_complex.py for tasks to queue
[2022-08-11 04:27:28,215] {logging_mixin.py:115} INFO - [2022-08-11 04:27:28,215] {dagbag.py:507} INFO - Filling up the DagBag from /home/airflow/.local/lib/python3.7/site-packages/airflow/example_dags/example_complex.py
[2022-08-11 04:27:28,359] {processor.py:651} INFO - DAG(s) dict_keys(['example_complex']) retrieved from /home/airflow/.local/lib/python3.7/site-packages/airflow/example_dags/example_complex.py
[2022-08-11 04:27:28,595] {logging_mixin.py:115} INFO - [2022-08-11 04:27:28,594] {dag.py:2371} INFO - Sync 1 DAGs
[2022-08-11 04:27:28,731] {logging_mixin.py:115} INFO - [2022-08-11 04:27:28,730] {dag.py:2919} INFO - Setting next_dagrun for example_complex to None, run_after=None
[2022-08-11 04:27:28,813] {processor.py:161} INFO - Processing /home/airflow/.local/lib/python3.7/site-packages/airflow/example_dags/example_complex.py took 0.699 seconds
[2022-08-11 04:32:20,309] {processor.py:153} INFO - Started process (PID=97970) to work on /home/airflow/.local/lib/python3.7/site-packages/airflow/example_dags/example_complex.py
[2022-08-11 04:32:20,310] {processor.py:641} INFO - Processing file /home/airflow/.local/lib/python3.7/site-packages/airflow/example_dags/example_complex.py for tasks to queue
[2022-08-11 04:32:20,312] {logging_mixin.py:115} INFO - [2022-08-11 04:32:20,312] {dagbag.py:507} INFO - Filling up the DagBag from /home/airflow/.local/lib/python3.7/site-packages/airflow/example_dags/example_complex.py
[2022-08-11 04:32:20,370] {processor.py:651} INFO - DAG(s) dict_keys(['example_complex']) retrieved from /home/airflow/.local/lib/python3.7/site-packages/airflow/example_dags/example_complex.py
[2022-08-11 04:32:20,460] {logging_mixin.py:115} INFO - [2022-08-11 04:32:20,460] {dag.py:2371} INFO - Sync 1 DAGs
[2022-08-11 04:32:20,523] {logging_mixin.py:115} INFO - [2022-08-11 04:32:20,523] {dag.py:2919} INFO - Setting next_dagrun for example_complex to None, run_after=None
[2022-08-11 04:32:20,543] {processor.py:161} INFO - Processing /home/airflow/.local/lib/python3.7/site-packages/airflow/example_dags/example_complex.py took 0.242 seconds
[2022-08-11 04:32:53,856] {processor.py:153} INFO - Started process (PID=98023) to work on /home/airflow/.local/lib/python3.7/site-packages/airflow/example_dags/example_complex.py
[2022-08-11 04:32:53,860] {processor.py:641} INFO - Processing file /home/airflow/.local/lib/python3.7/site-packages/airflow/example_dags/example_complex.py for tasks to queue
[2022-08-11 04:32:53,864] {logging_mixin.py:115} INFO - [2022-08-11 04:32:53,864] {dagbag.py:507} INFO - Filling up the DagBag from /home/airflow/.local/lib/python3.7/site-packages/airflow/example_dags/example_complex.py
[2022-08-11 04:32:53,925] {processor.py:651} INFO - DAG(s) dict_keys(['example_complex']) retrieved from /home/airflow/.local/lib/python3.7/site-packages/airflow/example_dags/example_complex.py
[2022-08-11 04:32:54,057] {logging_mixin.py:115} INFO - [2022-08-11 04:32:54,057] {dag.py:2371} INFO - Sync 1 DAGs
[2022-08-11 04:32:54,149] {logging_mixin.py:115} INFO - [2022-08-11 04:32:54,148] {dag.py:2919} INFO - Setting next_dagrun for example_complex to None, run_after=None
[2022-08-11 04:32:54,204] {processor.py:161} INFO - Processing /home/airflow/.local/lib/python3.7/site-packages/airflow/example_dags/example_complex.py took 0.360 seconds
[2022-08-11 04:37:50,458] {processor.py:153} INFO - Started process (PID=98066) to work on /home/airflow/.local/lib/python3.7/site-packages/airflow/example_dags/example_complex.py
[2022-08-11 04:37:50,459] {processor.py:641} INFO - Processing file /home/airflow/.local/lib/python3.7/site-packages/airflow/example_dags/example_complex.py for tasks to queue
[2022-08-11 04:37:50,461] {logging_mixin.py:115} INFO - [2022-08-11 04:37:50,460] {dagbag.py:507} INFO - Filling up the DagBag from /home/airflow/.local/lib/python3.7/site-packages/airflow/example_dags/example_complex.py
[2022-08-11 04:37:50,489] {processor.py:651} INFO - DAG(s) dict_keys(['example_complex']) retrieved from /home/airflow/.local/lib/python3.7/site-packages/airflow/example_dags/example_complex.py
[2022-08-11 04:37:50,548] {logging_mixin.py:115} INFO - [2022-08-11 04:37:50,548] {dag.py:2371} INFO - Sync 1 DAGs
[2022-08-11 04:37:50,595] {logging_mixin.py:115} INFO - [2022-08-11 04:37:50,595] {dag.py:2919} INFO - Setting next_dagrun for example_complex to None, run_after=None
[2022-08-11 04:37:50,616] {processor.py:161} INFO - Processing /home/airflow/.local/lib/python3.7/site-packages/airflow/example_dags/example_complex.py took 0.161 seconds
[2022-08-11 04:38:24,252] {processor.py:153} INFO - Started process (PID=98118) to work on /home/airflow/.local/lib/python3.7/site-packages/airflow/example_dags/example_complex.py
[2022-08-11 04:38:24,257] {processor.py:641} INFO - Processing file /home/airflow/.local/lib/python3.7/site-packages/airflow/example_dags/example_complex.py for tasks to queue
[2022-08-11 04:38:24,261] {logging_mixin.py:115} INFO - [2022-08-11 04:38:24,261] {dagbag.py:507} INFO - Filling up the DagBag from /home/airflow/.local/lib/python3.7/site-packages/airflow/example_dags/example_complex.py
[2022-08-11 04:38:24,331] {processor.py:651} INFO - DAG(s) dict_keys(['example_complex']) retrieved from /home/airflow/.local/lib/python3.7/site-packages/airflow/example_dags/example_complex.py
[2022-08-11 04:38:24,445] {logging_mixin.py:115} INFO - [2022-08-11 04:38:24,445] {dag.py:2371} INFO - Sync 1 DAGs
[2022-08-11 04:38:24,522] {logging_mixin.py:115} INFO - [2022-08-11 04:38:24,522] {dag.py:2919} INFO - Setting next_dagrun for example_complex to None, run_after=None
[2022-08-11 04:38:24,569] {processor.py:161} INFO - Processing /home/airflow/.local/lib/python3.7/site-packages/airflow/example_dags/example_complex.py took 0.331 seconds
[2022-08-11 04:43:25,858] {processor.py:153} INFO - Started process (PID=98172) to work on /home/airflow/.local/lib/python3.7/site-packages/airflow/example_dags/example_complex.py
[2022-08-11 04:43:25,863] {processor.py:641} INFO - Processing file /home/airflow/.local/lib/python3.7/site-packages/airflow/example_dags/example_complex.py for tasks to queue
[2022-08-11 04:43:25,865] {logging_mixin.py:115} INFO - [2022-08-11 04:43:25,864] {dagbag.py:507} INFO - Filling up the DagBag from /home/airflow/.local/lib/python3.7/site-packages/airflow/example_dags/example_complex.py
[2022-08-11 04:43:25,928] {processor.py:651} INFO - DAG(s) dict_keys(['example_complex']) retrieved from /home/airflow/.local/lib/python3.7/site-packages/airflow/example_dags/example_complex.py
[2022-08-11 04:43:25,994] {logging_mixin.py:115} INFO - [2022-08-11 04:43:25,994] {dag.py:2371} INFO - Sync 1 DAGs
[2022-08-11 04:43:26,029] {logging_mixin.py:115} INFO - [2022-08-11 04:43:26,029] {dag.py:2919} INFO - Setting next_dagrun for example_complex to None, run_after=None
[2022-08-11 04:43:26,050] {processor.py:161} INFO - Processing /home/airflow/.local/lib/python3.7/site-packages/airflow/example_dags/example_complex.py took 0.197 seconds
[2022-08-11 04:43:59,146] {processor.py:153} INFO - Started process (PID=98224) to work on /home/airflow/.local/lib/python3.7/site-packages/airflow/example_dags/example_complex.py
[2022-08-11 04:43:59,151] {processor.py:641} INFO - Processing file /home/airflow/.local/lib/python3.7/site-packages/airflow/example_dags/example_complex.py for tasks to queue
[2022-08-11 04:43:59,158] {logging_mixin.py:115} INFO - [2022-08-11 04:43:59,158] {dagbag.py:507} INFO - Filling up the DagBag from /home/airflow/.local/lib/python3.7/site-packages/airflow/example_dags/example_complex.py
[2022-08-11 04:43:59,281] {processor.py:651} INFO - DAG(s) dict_keys(['example_complex']) retrieved from /home/airflow/.local/lib/python3.7/site-packages/airflow/example_dags/example_complex.py
[2022-08-11 04:43:59,440] {logging_mixin.py:115} INFO - [2022-08-11 04:43:59,440] {dag.py:2371} INFO - Sync 1 DAGs
[2022-08-11 04:43:59,526] {logging_mixin.py:115} INFO - [2022-08-11 04:43:59,525] {dag.py:2919} INFO - Setting next_dagrun for example_complex to None, run_after=None
[2022-08-11 04:43:59,571] {processor.py:161} INFO - Processing /home/airflow/.local/lib/python3.7/site-packages/airflow/example_dags/example_complex.py took 0.445 seconds
[2022-08-11 04:49:00,437] {processor.py:153} INFO - Started process (PID=98268) to work on /home/airflow/.local/lib/python3.7/site-packages/airflow/example_dags/example_complex.py
[2022-08-11 04:49:00,438] {processor.py:641} INFO - Processing file /home/airflow/.local/lib/python3.7/site-packages/airflow/example_dags/example_complex.py for tasks to queue
[2022-08-11 04:49:00,440] {logging_mixin.py:115} INFO - [2022-08-11 04:49:00,440] {dagbag.py:507} INFO - Filling up the DagBag from /home/airflow/.local/lib/python3.7/site-packages/airflow/example_dags/example_complex.py
[2022-08-11 04:49:00,464] {processor.py:651} INFO - DAG(s) dict_keys(['example_complex']) retrieved from /home/airflow/.local/lib/python3.7/site-packages/airflow/example_dags/example_complex.py
[2022-08-11 04:49:00,509] {logging_mixin.py:115} INFO - [2022-08-11 04:49:00,509] {dag.py:2371} INFO - Sync 1 DAGs
[2022-08-11 04:49:00,549] {logging_mixin.py:115} INFO - [2022-08-11 04:49:00,548] {dag.py:2919} INFO - Setting next_dagrun for example_complex to None, run_after=None
[2022-08-11 04:49:00,564] {processor.py:161} INFO - Processing /home/airflow/.local/lib/python3.7/site-packages/airflow/example_dags/example_complex.py took 0.132 seconds
[2022-08-11 04:49:36,243] {processor.py:153} INFO - Started process (PID=98322) to work on /home/airflow/.local/lib/python3.7/site-packages/airflow/example_dags/example_complex.py
[2022-08-11 04:49:36,247] {processor.py:641} INFO - Processing file /home/airflow/.local/lib/python3.7/site-packages/airflow/example_dags/example_complex.py for tasks to queue
[2022-08-11 04:49:36,251] {logging_mixin.py:115} INFO - [2022-08-11 04:49:36,250] {dagbag.py:507} INFO - Filling up the DagBag from /home/airflow/.local/lib/python3.7/site-packages/airflow/example_dags/example_complex.py
[2022-08-11 04:49:36,321] {processor.py:651} INFO - DAG(s) dict_keys(['example_complex']) retrieved from /home/airflow/.local/lib/python3.7/site-packages/airflow/example_dags/example_complex.py
[2022-08-11 04:49:36,519] {logging_mixin.py:115} INFO - [2022-08-11 04:49:36,518] {dag.py:2371} INFO - Sync 1 DAGs
[2022-08-11 04:49:36,619] {logging_mixin.py:115} INFO - [2022-08-11 04:49:36,619] {dag.py:2919} INFO - Setting next_dagrun for example_complex to None, run_after=None
[2022-08-11 04:49:36,673] {processor.py:161} INFO - Processing /home/airflow/.local/lib/python3.7/site-packages/airflow/example_dags/example_complex.py took 0.443 seconds
[2022-08-11 04:54:33,692] {processor.py:153} INFO - Started process (PID=98368) to work on /home/airflow/.local/lib/python3.7/site-packages/airflow/example_dags/example_complex.py
[2022-08-11 04:54:33,694] {processor.py:641} INFO - Processing file /home/airflow/.local/lib/python3.7/site-packages/airflow/example_dags/example_complex.py for tasks to queue
[2022-08-11 04:54:33,695] {logging_mixin.py:115} INFO - [2022-08-11 04:54:33,695] {dagbag.py:507} INFO - Filling up the DagBag from /home/airflow/.local/lib/python3.7/site-packages/airflow/example_dags/example_complex.py
[2022-08-11 04:54:33,713] {processor.py:651} INFO - DAG(s) dict_keys(['example_complex']) retrieved from /home/airflow/.local/lib/python3.7/site-packages/airflow/example_dags/example_complex.py
[2022-08-11 04:54:33,762] {logging_mixin.py:115} INFO - [2022-08-11 04:54:33,762] {dag.py:2371} INFO - Sync 1 DAGs
[2022-08-11 04:54:33,788] {logging_mixin.py:115} INFO - [2022-08-11 04:54:33,788] {dag.py:2919} INFO - Setting next_dagrun for example_complex to None, run_after=None
[2022-08-11 04:54:33,802] {processor.py:161} INFO - Processing /home/airflow/.local/lib/python3.7/site-packages/airflow/example_dags/example_complex.py took 0.113 seconds
[2022-08-11 04:55:05,948] {processor.py:153} INFO - Started process (PID=98421) to work on /home/airflow/.local/lib/python3.7/site-packages/airflow/example_dags/example_complex.py
[2022-08-11 04:55:05,952] {processor.py:641} INFO - Processing file /home/airflow/.local/lib/python3.7/site-packages/airflow/example_dags/example_complex.py for tasks to queue
[2022-08-11 04:55:05,956] {logging_mixin.py:115} INFO - [2022-08-11 04:55:05,956] {dagbag.py:507} INFO - Filling up the DagBag from /home/airflow/.local/lib/python3.7/site-packages/airflow/example_dags/example_complex.py
[2022-08-11 04:55:06,005] {processor.py:651} INFO - DAG(s) dict_keys(['example_complex']) retrieved from /home/airflow/.local/lib/python3.7/site-packages/airflow/example_dags/example_complex.py
[2022-08-11 04:55:06,103] {logging_mixin.py:115} INFO - [2022-08-11 04:55:06,103] {dag.py:2371} INFO - Sync 1 DAGs
[2022-08-11 04:55:06,164] {logging_mixin.py:115} INFO - [2022-08-11 04:55:06,164] {dag.py:2919} INFO - Setting next_dagrun for example_complex to None, run_after=None
[2022-08-11 04:55:06,196] {processor.py:161} INFO - Processing /home/airflow/.local/lib/python3.7/site-packages/airflow/example_dags/example_complex.py took 0.261 seconds
[2022-08-11 05:10:41,752] {processor.py:153} INFO - Started process (PID=98492) to work on /home/airflow/.local/lib/python3.7/site-packages/airflow/example_dags/example_complex.py
[2022-08-11 05:10:41,753] {processor.py:641} INFO - Processing file /home/airflow/.local/lib/python3.7/site-packages/airflow/example_dags/example_complex.py for tasks to queue
[2022-08-11 05:10:41,755] {logging_mixin.py:115} INFO - [2022-08-11 05:10:41,755] {dagbag.py:507} INFO - Filling up the DagBag from /home/airflow/.local/lib/python3.7/site-packages/airflow/example_dags/example_complex.py
[2022-08-11 05:10:41,782] {processor.py:651} INFO - DAG(s) dict_keys(['example_complex']) retrieved from /home/airflow/.local/lib/python3.7/site-packages/airflow/example_dags/example_complex.py
[2022-08-11 05:10:41,844] {logging_mixin.py:115} INFO - [2022-08-11 05:10:41,844] {dag.py:2371} INFO - Sync 1 DAGs
[2022-08-11 05:10:41,878] {logging_mixin.py:115} INFO - [2022-08-11 05:10:41,878] {dag.py:2919} INFO - Setting next_dagrun for example_complex to None, run_after=None
[2022-08-11 05:10:41,898] {processor.py:161} INFO - Processing /home/airflow/.local/lib/python3.7/site-packages/airflow/example_dags/example_complex.py took 0.152 seconds
[2022-08-11 05:11:16,213] {processor.py:153} INFO - Started process (PID=98544) to work on /home/airflow/.local/lib/python3.7/site-packages/airflow/example_dags/example_complex.py
[2022-08-11 05:11:16,217] {processor.py:641} INFO - Processing file /home/airflow/.local/lib/python3.7/site-packages/airflow/example_dags/example_complex.py for tasks to queue
[2022-08-11 05:11:16,222] {logging_mixin.py:115} INFO - [2022-08-11 05:11:16,222] {dagbag.py:507} INFO - Filling up the DagBag from /home/airflow/.local/lib/python3.7/site-packages/airflow/example_dags/example_complex.py
[2022-08-11 05:11:16,298] {processor.py:651} INFO - DAG(s) dict_keys(['example_complex']) retrieved from /home/airflow/.local/lib/python3.7/site-packages/airflow/example_dags/example_complex.py
[2022-08-11 05:11:16,476] {logging_mixin.py:115} INFO - [2022-08-11 05:11:16,476] {dag.py:2371} INFO - Sync 1 DAGs
[2022-08-11 05:11:16,553] {logging_mixin.py:115} INFO - [2022-08-11 05:11:16,552] {dag.py:2919} INFO - Setting next_dagrun for example_complex to None, run_after=None
[2022-08-11 05:11:16,592] {processor.py:161} INFO - Processing /home/airflow/.local/lib/python3.7/site-packages/airflow/example_dags/example_complex.py took 0.394 seconds
[2022-08-11 05:11:47,073] {processor.py:153} INFO - Started process (PID=98597) to work on /home/airflow/.local/lib/python3.7/site-packages/airflow/example_dags/example_complex.py
[2022-08-11 05:11:47,077] {processor.py:641} INFO - Processing file /home/airflow/.local/lib/python3.7/site-packages/airflow/example_dags/example_complex.py for tasks to queue
[2022-08-11 05:11:47,080] {logging_mixin.py:115} INFO - [2022-08-11 05:11:47,080] {dagbag.py:507} INFO - Filling up the DagBag from /home/airflow/.local/lib/python3.7/site-packages/airflow/example_dags/example_complex.py
[2022-08-11 05:11:47,146] {processor.py:651} INFO - DAG(s) dict_keys(['example_complex']) retrieved from /home/airflow/.local/lib/python3.7/site-packages/airflow/example_dags/example_complex.py
[2022-08-11 05:11:47,298] {logging_mixin.py:115} INFO - [2022-08-11 05:11:47,298] {dag.py:2371} INFO - Sync 1 DAGs
[2022-08-11 05:11:47,377] {logging_mixin.py:115} INFO - [2022-08-11 05:11:47,377] {dag.py:2919} INFO - Setting next_dagrun for example_complex to None, run_after=None
[2022-08-11 05:11:47,451] {processor.py:161} INFO - Processing /home/airflow/.local/lib/python3.7/site-packages/airflow/example_dags/example_complex.py took 0.393 seconds
[2022-08-11 05:16:43,098] {processor.py:153} INFO - Started process (PID=98641) to work on /home/airflow/.local/lib/python3.7/site-packages/airflow/example_dags/example_complex.py
[2022-08-11 05:16:43,100] {processor.py:641} INFO - Processing file /home/airflow/.local/lib/python3.7/site-packages/airflow/example_dags/example_complex.py for tasks to queue
[2022-08-11 05:16:43,101] {logging_mixin.py:115} INFO - [2022-08-11 05:16:43,101] {dagbag.py:507} INFO - Filling up the DagBag from /home/airflow/.local/lib/python3.7/site-packages/airflow/example_dags/example_complex.py
[2022-08-11 05:16:43,120] {processor.py:651} INFO - DAG(s) dict_keys(['example_complex']) retrieved from /home/airflow/.local/lib/python3.7/site-packages/airflow/example_dags/example_complex.py
[2022-08-11 05:16:43,183] {logging_mixin.py:115} INFO - [2022-08-11 05:16:43,183] {dag.py:2371} INFO - Sync 1 DAGs
[2022-08-11 05:16:43,209] {logging_mixin.py:115} INFO - [2022-08-11 05:16:43,209] {dag.py:2919} INFO - Setting next_dagrun for example_complex to None, run_after=None
[2022-08-11 05:16:43,231] {processor.py:161} INFO - Processing /home/airflow/.local/lib/python3.7/site-packages/airflow/example_dags/example_complex.py took 0.138 seconds
[2022-08-11 05:17:15,529] {processor.py:153} INFO - Started process (PID=98694) to work on /home/airflow/.local/lib/python3.7/site-packages/airflow/example_dags/example_complex.py
[2022-08-11 05:17:15,534] {processor.py:641} INFO - Processing file /home/airflow/.local/lib/python3.7/site-packages/airflow/example_dags/example_complex.py for tasks to queue
[2022-08-11 05:17:15,537] {logging_mixin.py:115} INFO - [2022-08-11 05:17:15,536] {dagbag.py:507} INFO - Filling up the DagBag from /home/airflow/.local/lib/python3.7/site-packages/airflow/example_dags/example_complex.py
[2022-08-11 05:17:15,591] {processor.py:651} INFO - DAG(s) dict_keys(['example_complex']) retrieved from /home/airflow/.local/lib/python3.7/site-packages/airflow/example_dags/example_complex.py
[2022-08-11 05:17:15,693] {logging_mixin.py:115} INFO - [2022-08-11 05:17:15,693] {dag.py:2371} INFO - Sync 1 DAGs
[2022-08-11 05:17:15,752] {logging_mixin.py:115} INFO - [2022-08-11 05:17:15,752] {dag.py:2919} INFO - Setting next_dagrun for example_complex to None, run_after=None
[2022-08-11 05:17:15,805] {processor.py:161} INFO - Processing /home/airflow/.local/lib/python3.7/site-packages/airflow/example_dags/example_complex.py took 0.286 seconds
[2022-08-11 05:22:15,260] {processor.py:153} INFO - Started process (PID=98747) to work on /home/airflow/.local/lib/python3.7/site-packages/airflow/example_dags/example_complex.py
[2022-08-11 05:22:15,262] {processor.py:641} INFO - Processing file /home/airflow/.local/lib/python3.7/site-packages/airflow/example_dags/example_complex.py for tasks to queue
[2022-08-11 05:22:15,263] {logging_mixin.py:115} INFO - [2022-08-11 05:22:15,262] {dagbag.py:507} INFO - Filling up the DagBag from /home/airflow/.local/lib/python3.7/site-packages/airflow/example_dags/example_complex.py
[2022-08-11 05:22:15,278] {processor.py:651} INFO - DAG(s) dict_keys(['example_complex']) retrieved from /home/airflow/.local/lib/python3.7/site-packages/airflow/example_dags/example_complex.py
[2022-08-11 05:22:15,313] {logging_mixin.py:115} INFO - [2022-08-11 05:22:15,313] {dag.py:2371} INFO - Sync 1 DAGs
[2022-08-11 05:22:15,334] {logging_mixin.py:115} INFO - [2022-08-11 05:22:15,334] {dag.py:2919} INFO - Setting next_dagrun for example_complex to None, run_after=None
[2022-08-11 05:22:15,347] {processor.py:161} INFO - Processing /home/airflow/.local/lib/python3.7/site-packages/airflow/example_dags/example_complex.py took 0.090 seconds
[2022-08-11 05:22:47,454] {processor.py:153} INFO - Started process (PID=98799) to work on /home/airflow/.local/lib/python3.7/site-packages/airflow/example_dags/example_complex.py
[2022-08-11 05:22:47,457] {processor.py:641} INFO - Processing file /home/airflow/.local/lib/python3.7/site-packages/airflow/example_dags/example_complex.py for tasks to queue
[2022-08-11 05:22:47,460] {logging_mixin.py:115} INFO - [2022-08-11 05:22:47,460] {dagbag.py:507} INFO - Filling up the DagBag from /home/airflow/.local/lib/python3.7/site-packages/airflow/example_dags/example_complex.py
[2022-08-11 05:22:47,503] {processor.py:651} INFO - DAG(s) dict_keys(['example_complex']) retrieved from /home/airflow/.local/lib/python3.7/site-packages/airflow/example_dags/example_complex.py
[2022-08-11 05:22:47,611] {logging_mixin.py:115} INFO - [2022-08-11 05:22:47,611] {dag.py:2371} INFO - Sync 1 DAGs
[2022-08-11 05:22:47,678] {logging_mixin.py:115} INFO - [2022-08-11 05:22:47,678] {dag.py:2919} INFO - Setting next_dagrun for example_complex to None, run_after=None
[2022-08-11 05:22:47,714] {processor.py:161} INFO - Processing /home/airflow/.local/lib/python3.7/site-packages/airflow/example_dags/example_complex.py took 0.270 seconds
[2022-08-11 05:27:49,162] {processor.py:153} INFO - Started process (PID=98853) to work on /home/airflow/.local/lib/python3.7/site-packages/airflow/example_dags/example_complex.py
[2022-08-11 05:27:49,164] {processor.py:641} INFO - Processing file /home/airflow/.local/lib/python3.7/site-packages/airflow/example_dags/example_complex.py for tasks to queue
[2022-08-11 05:27:49,169] {logging_mixin.py:115} INFO - [2022-08-11 05:27:49,168] {dagbag.py:507} INFO - Filling up the DagBag from /home/airflow/.local/lib/python3.7/site-packages/airflow/example_dags/example_complex.py
[2022-08-11 05:27:49,202] {processor.py:651} INFO - DAG(s) dict_keys(['example_complex']) retrieved from /home/airflow/.local/lib/python3.7/site-packages/airflow/example_dags/example_complex.py
[2022-08-11 05:27:49,245] {logging_mixin.py:115} INFO - [2022-08-11 05:27:49,245] {dag.py:2371} INFO - Sync 1 DAGs
[2022-08-11 05:27:49,265] {logging_mixin.py:115} INFO - [2022-08-11 05:27:49,265] {dag.py:2919} INFO - Setting next_dagrun for example_complex to None, run_after=None
[2022-08-11 05:27:49,283] {processor.py:161} INFO - Processing /home/airflow/.local/lib/python3.7/site-packages/airflow/example_dags/example_complex.py took 0.125 seconds
[2022-08-11 05:28:20,495] {processor.py:153} INFO - Started process (PID=98905) to work on /home/airflow/.local/lib/python3.7/site-packages/airflow/example_dags/example_complex.py
[2022-08-11 05:28:20,498] {processor.py:641} INFO - Processing file /home/airflow/.local/lib/python3.7/site-packages/airflow/example_dags/example_complex.py for tasks to queue
[2022-08-11 05:28:20,501] {logging_mixin.py:115} INFO - [2022-08-11 05:28:20,501] {dagbag.py:507} INFO - Filling up the DagBag from /home/airflow/.local/lib/python3.7/site-packages/airflow/example_dags/example_complex.py
[2022-08-11 05:28:20,544] {processor.py:651} INFO - DAG(s) dict_keys(['example_complex']) retrieved from /home/airflow/.local/lib/python3.7/site-packages/airflow/example_dags/example_complex.py
[2022-08-11 05:28:20,642] {logging_mixin.py:115} INFO - [2022-08-11 05:28:20,641] {dag.py:2371} INFO - Sync 1 DAGs
[2022-08-11 05:28:20,700] {logging_mixin.py:115} INFO - [2022-08-11 05:28:20,699] {dag.py:2919} INFO - Setting next_dagrun for example_complex to None, run_after=None
[2022-08-11 05:28:20,737] {processor.py:161} INFO - Processing /home/airflow/.local/lib/python3.7/site-packages/airflow/example_dags/example_complex.py took 0.252 seconds
[2022-08-11 05:33:22,172] {processor.py:153} INFO - Started process (PID=98958) to work on /home/airflow/.local/lib/python3.7/site-packages/airflow/example_dags/example_complex.py
[2022-08-11 05:33:22,177] {processor.py:641} INFO - Processing file /home/airflow/.local/lib/python3.7/site-packages/airflow/example_dags/example_complex.py for tasks to queue
[2022-08-11 05:33:22,178] {logging_mixin.py:115} INFO - [2022-08-11 05:33:22,178] {dagbag.py:507} INFO - Filling up the DagBag from /home/airflow/.local/lib/python3.7/site-packages/airflow/example_dags/example_complex.py
[2022-08-11 05:33:22,197] {processor.py:651} INFO - DAG(s) dict_keys(['example_complex']) retrieved from /home/airflow/.local/lib/python3.7/site-packages/airflow/example_dags/example_complex.py
[2022-08-11 05:33:22,254] {logging_mixin.py:115} INFO - [2022-08-11 05:33:22,254] {dag.py:2371} INFO - Sync 1 DAGs
[2022-08-11 05:33:22,282] {logging_mixin.py:115} INFO - [2022-08-11 05:33:22,282] {dag.py:2919} INFO - Setting next_dagrun for example_complex to None, run_after=None
[2022-08-11 05:33:22,299] {processor.py:161} INFO - Processing /home/airflow/.local/lib/python3.7/site-packages/airflow/example_dags/example_complex.py took 0.137 seconds
[2022-08-11 05:33:53,339] {processor.py:153} INFO - Started process (PID=99011) to work on /home/airflow/.local/lib/python3.7/site-packages/airflow/example_dags/example_complex.py
[2022-08-11 05:33:53,342] {processor.py:641} INFO - Processing file /home/airflow/.local/lib/python3.7/site-packages/airflow/example_dags/example_complex.py for tasks to queue
[2022-08-11 05:33:53,346] {logging_mixin.py:115} INFO - [2022-08-11 05:33:53,346] {dagbag.py:507} INFO - Filling up the DagBag from /home/airflow/.local/lib/python3.7/site-packages/airflow/example_dags/example_complex.py
[2022-08-11 05:33:53,392] {processor.py:651} INFO - DAG(s) dict_keys(['example_complex']) retrieved from /home/airflow/.local/lib/python3.7/site-packages/airflow/example_dags/example_complex.py
[2022-08-11 05:33:53,505] {logging_mixin.py:115} INFO - [2022-08-11 05:33:53,504] {dag.py:2371} INFO - Sync 1 DAGs
[2022-08-11 05:33:53,569] {logging_mixin.py:115} INFO - [2022-08-11 05:33:53,568] {dag.py:2919} INFO - Setting next_dagrun for example_complex to None, run_after=None
[2022-08-11 05:33:53,657] {processor.py:161} INFO - Processing /home/airflow/.local/lib/python3.7/site-packages/airflow/example_dags/example_complex.py took 0.328 seconds
[2022-08-11 05:38:53,912] {processor.py:153} INFO - Started process (PID=99062) to work on /home/airflow/.local/lib/python3.7/site-packages/airflow/example_dags/example_complex.py
[2022-08-11 05:38:53,914] {processor.py:641} INFO - Processing file /home/airflow/.local/lib/python3.7/site-packages/airflow/example_dags/example_complex.py for tasks to queue
[2022-08-11 05:38:53,916] {logging_mixin.py:115} INFO - [2022-08-11 05:38:53,916] {dagbag.py:507} INFO - Filling up the DagBag from /home/airflow/.local/lib/python3.7/site-packages/airflow/example_dags/example_complex.py
[2022-08-11 05:38:53,941] {processor.py:651} INFO - DAG(s) dict_keys(['example_complex']) retrieved from /home/airflow/.local/lib/python3.7/site-packages/airflow/example_dags/example_complex.py
[2022-08-11 05:38:54,016] {logging_mixin.py:115} INFO - [2022-08-11 05:38:54,015] {dag.py:2371} INFO - Sync 1 DAGs
[2022-08-11 05:38:54,038] {logging_mixin.py:115} INFO - [2022-08-11 05:38:54,038] {dag.py:2919} INFO - Setting next_dagrun for example_complex to None, run_after=None
[2022-08-11 05:38:54,052] {processor.py:161} INFO - Processing /home/airflow/.local/lib/python3.7/site-packages/airflow/example_dags/example_complex.py took 0.144 seconds
[2022-08-11 05:39:25,680] {processor.py:153} INFO - Started process (PID=99115) to work on /home/airflow/.local/lib/python3.7/site-packages/airflow/example_dags/example_complex.py
[2022-08-11 05:39:25,685] {processor.py:641} INFO - Processing file /home/airflow/.local/lib/python3.7/site-packages/airflow/example_dags/example_complex.py for tasks to queue
[2022-08-11 05:39:25,690] {logging_mixin.py:115} INFO - [2022-08-11 05:39:25,689] {dagbag.py:507} INFO - Filling up the DagBag from /home/airflow/.local/lib/python3.7/site-packages/airflow/example_dags/example_complex.py
[2022-08-11 05:39:25,741] {processor.py:651} INFO - DAG(s) dict_keys(['example_complex']) retrieved from /home/airflow/.local/lib/python3.7/site-packages/airflow/example_dags/example_complex.py
[2022-08-11 05:39:25,840] {logging_mixin.py:115} INFO - [2022-08-11 05:39:25,840] {dag.py:2371} INFO - Sync 1 DAGs
[2022-08-11 05:39:25,910] {logging_mixin.py:115} INFO - [2022-08-11 05:39:25,909] {dag.py:2919} INFO - Setting next_dagrun for example_complex to None, run_after=None
[2022-08-11 05:39:25,959] {processor.py:161} INFO - Processing /home/airflow/.local/lib/python3.7/site-packages/airflow/example_dags/example_complex.py took 0.291 seconds
[2022-08-11 05:44:27,180] {processor.py:153} INFO - Started process (PID=99170) to work on /home/airflow/.local/lib/python3.7/site-packages/airflow/example_dags/example_complex.py
[2022-08-11 05:44:27,182] {processor.py:641} INFO - Processing file /home/airflow/.local/lib/python3.7/site-packages/airflow/example_dags/example_complex.py for tasks to queue
[2022-08-11 05:44:27,184] {logging_mixin.py:115} INFO - [2022-08-11 05:44:27,184] {dagbag.py:507} INFO - Filling up the DagBag from /home/airflow/.local/lib/python3.7/site-packages/airflow/example_dags/example_complex.py
[2022-08-11 05:44:27,209] {processor.py:651} INFO - DAG(s) dict_keys(['example_complex']) retrieved from /home/airflow/.local/lib/python3.7/site-packages/airflow/example_dags/example_complex.py
[2022-08-11 05:44:27,273] {logging_mixin.py:115} INFO - [2022-08-11 05:44:27,273] {dag.py:2371} INFO - Sync 1 DAGs
[2022-08-11 05:44:27,304] {logging_mixin.py:115} INFO - [2022-08-11 05:44:27,304] {dag.py:2919} INFO - Setting next_dagrun for example_complex to None, run_after=None
[2022-08-11 05:44:27,319] {processor.py:161} INFO - Processing /home/airflow/.local/lib/python3.7/site-packages/airflow/example_dags/example_complex.py took 0.144 seconds
[2022-08-11 05:44:59,648] {processor.py:153} INFO - Started process (PID=99222) to work on /home/airflow/.local/lib/python3.7/site-packages/airflow/example_dags/example_complex.py
[2022-08-11 05:44:59,654] {processor.py:641} INFO - Processing file /home/airflow/.local/lib/python3.7/site-packages/airflow/example_dags/example_complex.py for tasks to queue
[2022-08-11 05:44:59,657] {logging_mixin.py:115} INFO - [2022-08-11 05:44:59,657] {dagbag.py:507} INFO - Filling up the DagBag from /home/airflow/.local/lib/python3.7/site-packages/airflow/example_dags/example_complex.py
[2022-08-11 05:44:59,708] {processor.py:651} INFO - DAG(s) dict_keys(['example_complex']) retrieved from /home/airflow/.local/lib/python3.7/site-packages/airflow/example_dags/example_complex.py
[2022-08-11 05:44:59,798] {logging_mixin.py:115} INFO - [2022-08-11 05:44:59,798] {dag.py:2371} INFO - Sync 1 DAGs
[2022-08-11 05:44:59,875] {logging_mixin.py:115} INFO - [2022-08-11 05:44:59,875] {dag.py:2919} INFO - Setting next_dagrun for example_complex to None, run_after=None
[2022-08-11 05:44:59,920] {processor.py:161} INFO - Processing /home/airflow/.local/lib/python3.7/site-packages/airflow/example_dags/example_complex.py took 0.281 seconds
[2022-08-11 05:50:02,450] {processor.py:153} INFO - Started process (PID=99274) to work on /home/airflow/.local/lib/python3.7/site-packages/airflow/example_dags/example_complex.py
[2022-08-11 05:50:02,458] {processor.py:641} INFO - Processing file /home/airflow/.local/lib/python3.7/site-packages/airflow/example_dags/example_complex.py for tasks to queue
[2022-08-11 05:50:02,459] {logging_mixin.py:115} INFO - [2022-08-11 05:50:02,459] {dagbag.py:507} INFO - Filling up the DagBag from /home/airflow/.local/lib/python3.7/site-packages/airflow/example_dags/example_complex.py
[2022-08-11 05:50:02,480] {processor.py:651} INFO - DAG(s) dict_keys(['example_complex']) retrieved from /home/airflow/.local/lib/python3.7/site-packages/airflow/example_dags/example_complex.py
[2022-08-11 05:50:02,539] {logging_mixin.py:115} INFO - [2022-08-11 05:50:02,539] {dag.py:2371} INFO - Sync 1 DAGs
[2022-08-11 05:50:02,575] {logging_mixin.py:115} INFO - [2022-08-11 05:50:02,574] {dag.py:2919} INFO - Setting next_dagrun for example_complex to None, run_after=None
[2022-08-11 05:50:02,605] {processor.py:161} INFO - Processing /home/airflow/.local/lib/python3.7/site-packages/airflow/example_dags/example_complex.py took 0.159 seconds
[2022-08-11 05:50:34,346] {processor.py:153} INFO - Started process (PID=99327) to work on /home/airflow/.local/lib/python3.7/site-packages/airflow/example_dags/example_complex.py
[2022-08-11 05:50:34,349] {processor.py:641} INFO - Processing file /home/airflow/.local/lib/python3.7/site-packages/airflow/example_dags/example_complex.py for tasks to queue
[2022-08-11 05:50:34,352] {logging_mixin.py:115} INFO - [2022-08-11 05:50:34,352] {dagbag.py:507} INFO - Filling up the DagBag from /home/airflow/.local/lib/python3.7/site-packages/airflow/example_dags/example_complex.py
[2022-08-11 05:50:34,395] {processor.py:651} INFO - DAG(s) dict_keys(['example_complex']) retrieved from /home/airflow/.local/lib/python3.7/site-packages/airflow/example_dags/example_complex.py
[2022-08-11 05:50:34,487] {logging_mixin.py:115} INFO - [2022-08-11 05:50:34,487] {dag.py:2371} INFO - Sync 1 DAGs
[2022-08-11 05:50:34,542] {logging_mixin.py:115} INFO - [2022-08-11 05:50:34,541] {dag.py:2919} INFO - Setting next_dagrun for example_complex to None, run_after=None
[2022-08-11 05:50:34,578] {processor.py:161} INFO - Processing /home/airflow/.local/lib/python3.7/site-packages/airflow/example_dags/example_complex.py took 0.242 seconds
[2022-08-11 05:55:35,340] {processor.py:153} INFO - Started process (PID=99379) to work on /home/airflow/.local/lib/python3.7/site-packages/airflow/example_dags/example_complex.py
[2022-08-11 05:55:35,342] {processor.py:641} INFO - Processing file /home/airflow/.local/lib/python3.7/site-packages/airflow/example_dags/example_complex.py for tasks to queue
[2022-08-11 05:55:35,344] {logging_mixin.py:115} INFO - [2022-08-11 05:55:35,344] {dagbag.py:507} INFO - Filling up the DagBag from /home/airflow/.local/lib/python3.7/site-packages/airflow/example_dags/example_complex.py
[2022-08-11 05:55:35,365] {processor.py:651} INFO - DAG(s) dict_keys(['example_complex']) retrieved from /home/airflow/.local/lib/python3.7/site-packages/airflow/example_dags/example_complex.py
[2022-08-11 05:55:35,405] {logging_mixin.py:115} INFO - [2022-08-11 05:55:35,404] {dag.py:2371} INFO - Sync 1 DAGs
[2022-08-11 05:55:35,431] {logging_mixin.py:115} INFO - [2022-08-11 05:55:35,431] {dag.py:2919} INFO - Setting next_dagrun for example_complex to None, run_after=None
[2022-08-11 05:55:35,459] {processor.py:161} INFO - Processing /home/airflow/.local/lib/python3.7/site-packages/airflow/example_dags/example_complex.py took 0.129 seconds
[2022-08-11 05:56:06,955] {processor.py:153} INFO - Started process (PID=99432) to work on /home/airflow/.local/lib/python3.7/site-packages/airflow/example_dags/example_complex.py
[2022-08-11 05:56:06,958] {processor.py:641} INFO - Processing file /home/airflow/.local/lib/python3.7/site-packages/airflow/example_dags/example_complex.py for tasks to queue
[2022-08-11 05:56:06,962] {logging_mixin.py:115} INFO - [2022-08-11 05:56:06,961] {dagbag.py:507} INFO - Filling up the DagBag from /home/airflow/.local/lib/python3.7/site-packages/airflow/example_dags/example_complex.py
[2022-08-11 05:56:07,045] {processor.py:651} INFO - DAG(s) dict_keys(['example_complex']) retrieved from /home/airflow/.local/lib/python3.7/site-packages/airflow/example_dags/example_complex.py
[2022-08-11 05:56:07,198] {logging_mixin.py:115} INFO - [2022-08-11 05:56:07,198] {dag.py:2371} INFO - Sync 1 DAGs
[2022-08-11 05:56:07,273] {logging_mixin.py:115} INFO - [2022-08-11 05:56:07,273] {dag.py:2919} INFO - Setting next_dagrun for example_complex to None, run_after=None
[2022-08-11 05:56:07,310] {processor.py:161} INFO - Processing /home/airflow/.local/lib/python3.7/site-packages/airflow/example_dags/example_complex.py took 0.366 seconds
[2022-08-11 06:01:08,308] {processor.py:153} INFO - Started process (PID=99485) to work on /home/airflow/.local/lib/python3.7/site-packages/airflow/example_dags/example_complex.py
[2022-08-11 06:01:08,309] {processor.py:641} INFO - Processing file /home/airflow/.local/lib/python3.7/site-packages/airflow/example_dags/example_complex.py for tasks to queue
[2022-08-11 06:01:08,312] {logging_mixin.py:115} INFO - [2022-08-11 06:01:08,311] {dagbag.py:507} INFO - Filling up the DagBag from /home/airflow/.local/lib/python3.7/site-packages/airflow/example_dags/example_complex.py
[2022-08-11 06:01:08,335] {processor.py:651} INFO - DAG(s) dict_keys(['example_complex']) retrieved from /home/airflow/.local/lib/python3.7/site-packages/airflow/example_dags/example_complex.py
[2022-08-11 06:01:08,375] {logging_mixin.py:115} INFO - [2022-08-11 06:01:08,375] {dag.py:2371} INFO - Sync 1 DAGs
[2022-08-11 06:01:08,404] {logging_mixin.py:115} INFO - [2022-08-11 06:01:08,404] {dag.py:2919} INFO - Setting next_dagrun for example_complex to None, run_after=None
[2022-08-11 06:01:08,418] {processor.py:161} INFO - Processing /home/airflow/.local/lib/python3.7/site-packages/airflow/example_dags/example_complex.py took 0.118 seconds
[2022-08-11 06:01:40,470] {processor.py:153} INFO - Started process (PID=99537) to work on /home/airflow/.local/lib/python3.7/site-packages/airflow/example_dags/example_complex.py
[2022-08-11 06:01:40,474] {processor.py:641} INFO - Processing file /home/airflow/.local/lib/python3.7/site-packages/airflow/example_dags/example_complex.py for tasks to queue
[2022-08-11 06:01:40,478] {logging_mixin.py:115} INFO - [2022-08-11 06:01:40,477] {dagbag.py:507} INFO - Filling up the DagBag from /home/airflow/.local/lib/python3.7/site-packages/airflow/example_dags/example_complex.py
[2022-08-11 06:01:40,522] {processor.py:651} INFO - DAG(s) dict_keys(['example_complex']) retrieved from /home/airflow/.local/lib/python3.7/site-packages/airflow/example_dags/example_complex.py
[2022-08-11 06:01:40,621] {logging_mixin.py:115} INFO - [2022-08-11 06:01:40,620] {dag.py:2371} INFO - Sync 1 DAGs
[2022-08-11 06:01:40,675] {logging_mixin.py:115} INFO - [2022-08-11 06:01:40,675] {dag.py:2919} INFO - Setting next_dagrun for example_complex to None, run_after=None
[2022-08-11 06:01:40,716] {processor.py:161} INFO - Processing /home/airflow/.local/lib/python3.7/site-packages/airflow/example_dags/example_complex.py took 0.257 seconds
[2022-08-11 06:05:37,470] {processor.py:153} INFO - Started process (PID=99589) to work on /home/airflow/.local/lib/python3.7/site-packages/airflow/example_dags/example_complex.py
[2022-08-11 06:05:37,471] {processor.py:641} INFO - Processing file /home/airflow/.local/lib/python3.7/site-packages/airflow/example_dags/example_complex.py for tasks to queue
[2022-08-11 06:05:37,473] {logging_mixin.py:115} INFO - [2022-08-11 06:05:37,472] {dagbag.py:507} INFO - Filling up the DagBag from /home/airflow/.local/lib/python3.7/site-packages/airflow/example_dags/example_complex.py
[2022-08-11 06:05:37,516] {processor.py:651} INFO - DAG(s) dict_keys(['example_complex']) retrieved from /home/airflow/.local/lib/python3.7/site-packages/airflow/example_dags/example_complex.py
[2022-08-11 06:05:37,609] {logging_mixin.py:115} INFO - [2022-08-11 06:05:37,609] {dag.py:2371} INFO - Sync 1 DAGs
[2022-08-11 06:05:37,645] {logging_mixin.py:115} INFO - [2022-08-11 06:05:37,645] {dag.py:2919} INFO - Setting next_dagrun for example_complex to None, run_after=None
[2022-08-11 06:05:37,660] {processor.py:161} INFO - Processing /home/airflow/.local/lib/python3.7/site-packages/airflow/example_dags/example_complex.py took 0.196 seconds
[2022-08-11 06:10:49,479] {processor.py:153} INFO - Started process (PID=99633) to work on /home/airflow/.local/lib/python3.7/site-packages/airflow/example_dags/example_complex.py
[2022-08-11 06:10:49,483] {processor.py:641} INFO - Processing file /home/airflow/.local/lib/python3.7/site-packages/airflow/example_dags/example_complex.py for tasks to queue
[2022-08-11 06:10:49,484] {logging_mixin.py:115} INFO - [2022-08-11 06:10:49,484] {dagbag.py:507} INFO - Filling up the DagBag from /home/airflow/.local/lib/python3.7/site-packages/airflow/example_dags/example_complex.py
[2022-08-11 06:10:49,511] {processor.py:651} INFO - DAG(s) dict_keys(['example_complex']) retrieved from /home/airflow/.local/lib/python3.7/site-packages/airflow/example_dags/example_complex.py
[2022-08-11 06:10:49,575] {logging_mixin.py:115} INFO - [2022-08-11 06:10:49,575] {dag.py:2371} INFO - Sync 1 DAGs
[2022-08-11 06:10:49,604] {logging_mixin.py:115} INFO - [2022-08-11 06:10:49,604] {dag.py:2919} INFO - Setting next_dagrun for example_complex to None, run_after=None
[2022-08-11 06:10:49,624] {processor.py:161} INFO - Processing /home/airflow/.local/lib/python3.7/site-packages/airflow/example_dags/example_complex.py took 0.149 seconds
[2022-08-11 07:20:19,853] {processor.py:153} INFO - Started process (PID=99693) to work on /home/airflow/.local/lib/python3.7/site-packages/airflow/example_dags/example_complex.py
[2022-08-11 07:20:19,855] {processor.py:641} INFO - Processing file /home/airflow/.local/lib/python3.7/site-packages/airflow/example_dags/example_complex.py for tasks to queue
[2022-08-11 07:20:19,857] {logging_mixin.py:115} INFO - [2022-08-11 07:20:19,857] {dagbag.py:507} INFO - Filling up the DagBag from /home/airflow/.local/lib/python3.7/site-packages/airflow/example_dags/example_complex.py
[2022-08-11 07:20:19,886] {processor.py:651} INFO - DAG(s) dict_keys(['example_complex']) retrieved from /home/airflow/.local/lib/python3.7/site-packages/airflow/example_dags/example_complex.py
[2022-08-11 07:20:19,955] {logging_mixin.py:115} INFO - [2022-08-11 07:20:19,955] {dag.py:2371} INFO - Sync 1 DAGs
[2022-08-11 07:20:20,021] {logging_mixin.py:115} INFO - [2022-08-11 07:20:20,021] {dag.py:2919} INFO - Setting next_dagrun for example_complex to None, run_after=None
[2022-08-11 07:20:20,046] {processor.py:161} INFO - Processing /home/airflow/.local/lib/python3.7/site-packages/airflow/example_dags/example_complex.py took 0.197 seconds
[2022-08-11 10:56:32,671] {processor.py:153} INFO - Started process (PID=99745) to work on /home/airflow/.local/lib/python3.7/site-packages/airflow/example_dags/example_complex.py
[2022-08-11 10:56:32,673] {processor.py:641} INFO - Processing file /home/airflow/.local/lib/python3.7/site-packages/airflow/example_dags/example_complex.py for tasks to queue
[2022-08-11 10:56:32,680] {logging_mixin.py:115} INFO - [2022-08-11 10:56:32,679] {dagbag.py:507} INFO - Filling up the DagBag from /home/airflow/.local/lib/python3.7/site-packages/airflow/example_dags/example_complex.py
[2022-08-11 10:56:32,746] {processor.py:651} INFO - DAG(s) dict_keys(['example_complex']) retrieved from /home/airflow/.local/lib/python3.7/site-packages/airflow/example_dags/example_complex.py
[2022-08-11 10:56:32,787] {logging_mixin.py:115} INFO - [2022-08-11 10:56:32,787] {dag.py:2371} INFO - Sync 1 DAGs
[2022-08-11 10:56:32,813] {logging_mixin.py:115} INFO - [2022-08-11 10:56:32,813] {dag.py:2919} INFO - Setting next_dagrun for example_complex to None, run_after=None
[2022-08-11 10:56:32,827] {processor.py:161} INFO - Processing /home/airflow/.local/lib/python3.7/site-packages/airflow/example_dags/example_complex.py took 0.160 seconds
[2022-08-11 12:44:55,621] {processor.py:153} INFO - Started process (PID=99806) to work on /home/airflow/.local/lib/python3.7/site-packages/airflow/example_dags/example_complex.py
[2022-08-11 12:44:55,624] {processor.py:641} INFO - Processing file /home/airflow/.local/lib/python3.7/site-packages/airflow/example_dags/example_complex.py for tasks to queue
[2022-08-11 12:44:55,626] {logging_mixin.py:115} INFO - [2022-08-11 12:44:55,625] {dagbag.py:507} INFO - Filling up the DagBag from /home/airflow/.local/lib/python3.7/site-packages/airflow/example_dags/example_complex.py
[2022-08-11 12:44:55,698] {processor.py:651} INFO - DAG(s) dict_keys(['example_complex']) retrieved from /home/airflow/.local/lib/python3.7/site-packages/airflow/example_dags/example_complex.py
[2022-08-11 12:44:55,834] {logging_mixin.py:115} INFO - [2022-08-11 12:44:55,834] {dag.py:2371} INFO - Sync 1 DAGs
[2022-08-11 12:44:55,882] {logging_mixin.py:115} INFO - [2022-08-11 12:44:55,882] {dag.py:2919} INFO - Setting next_dagrun for example_complex to None, run_after=None
[2022-08-11 12:44:55,910] {processor.py:161} INFO - Processing /home/airflow/.local/lib/python3.7/site-packages/airflow/example_dags/example_complex.py took 0.301 seconds
[2022-08-11 16:20:55,545] {processor.py:153} INFO - Started process (PID=99850) to work on /home/airflow/.local/lib/python3.7/site-packages/airflow/example_dags/example_complex.py
[2022-08-11 16:20:55,547] {processor.py:641} INFO - Processing file /home/airflow/.local/lib/python3.7/site-packages/airflow/example_dags/example_complex.py for tasks to queue
[2022-08-11 16:20:55,551] {logging_mixin.py:115} INFO - [2022-08-11 16:20:55,551] {dagbag.py:507} INFO - Filling up the DagBag from /home/airflow/.local/lib/python3.7/site-packages/airflow/example_dags/example_complex.py
[2022-08-11 16:20:55,585] {processor.py:651} INFO - DAG(s) dict_keys(['example_complex']) retrieved from /home/airflow/.local/lib/python3.7/site-packages/airflow/example_dags/example_complex.py
[2022-08-11 16:20:55,670] {logging_mixin.py:115} INFO - [2022-08-11 16:20:55,670] {dag.py:2371} INFO - Sync 1 DAGs
[2022-08-11 16:20:55,698] {logging_mixin.py:115} INFO - [2022-08-11 16:20:55,698] {dag.py:2919} INFO - Setting next_dagrun for example_complex to None, run_after=None
[2022-08-11 16:20:55,722] {processor.py:161} INFO - Processing /home/airflow/.local/lib/python3.7/site-packages/airflow/example_dags/example_complex.py took 0.189 seconds
