[2022-08-11 00:49:18,688] {processor.py:153} INFO - Started process (PID=97681) to work on /home/airflow/.local/lib/python3.7/site-packages/airflow/example_dags/example_branch_datetime_operator.py
[2022-08-11 00:49:18,689] {processor.py:641} INFO - Processing file /home/airflow/.local/lib/python3.7/site-packages/airflow/example_dags/example_branch_datetime_operator.py for tasks to queue
[2022-08-11 00:49:18,691] {logging_mixin.py:115} INFO - [2022-08-11 00:49:18,691] {dagbag.py:507} INFO - Filling up the DagBag from /home/airflow/.local/lib/python3.7/site-packages/airflow/example_dags/example_branch_datetime_operator.py
[2022-08-11 00:49:18,709] {processor.py:651} INFO - DAG(s) dict_keys(['example_branch_datetime_operator_2']) retrieved from /home/airflow/.local/lib/python3.7/site-packages/airflow/example_dags/example_branch_datetime_operator.py
[2022-08-11 00:49:18,757] {logging_mixin.py:115} INFO - [2022-08-11 00:49:18,757] {dag.py:2371} INFO - Sync 1 DAGs
[2022-08-11 00:49:18,798] {logging_mixin.py:115} INFO - [2022-08-11 00:49:18,798] {dag.py:2919} INFO - Setting next_dagrun for example_branch_datetime_operator_2 to 2022-08-10T00:00:00+00:00, run_after=2022-08-11T00:00:00+00:00
[2022-08-11 00:49:18,823] {processor.py:161} INFO - Processing /home/airflow/.local/lib/python3.7/site-packages/airflow/example_dags/example_branch_datetime_operator.py took 0.141 seconds
[2022-08-11 02:37:23,032] {processor.py:153} INFO - Started process (PID=97727) to work on /home/airflow/.local/lib/python3.7/site-packages/airflow/example_dags/example_branch_datetime_operator.py
[2022-08-11 02:37:23,033] {processor.py:641} INFO - Processing file /home/airflow/.local/lib/python3.7/site-packages/airflow/example_dags/example_branch_datetime_operator.py for tasks to queue
[2022-08-11 02:37:23,035] {logging_mixin.py:115} INFO - [2022-08-11 02:37:23,035] {dagbag.py:507} INFO - Filling up the DagBag from /home/airflow/.local/lib/python3.7/site-packages/airflow/example_dags/example_branch_datetime_operator.py
[2022-08-11 02:37:23,069] {processor.py:651} INFO - DAG(s) dict_keys(['example_branch_datetime_operator_2']) retrieved from /home/airflow/.local/lib/python3.7/site-packages/airflow/example_dags/example_branch_datetime_operator.py
[2022-08-11 02:37:23,120] {logging_mixin.py:115} INFO - [2022-08-11 02:37:23,120] {dag.py:2371} INFO - Sync 1 DAGs
[2022-08-11 02:37:23,205] {logging_mixin.py:115} INFO - [2022-08-11 02:37:23,199] {dag.py:2919} INFO - Setting next_dagrun for example_branch_datetime_operator_2 to 2022-08-10T00:00:00+00:00, run_after=2022-08-11T00:00:00+00:00
[2022-08-11 02:37:23,255] {processor.py:161} INFO - Processing /home/airflow/.local/lib/python3.7/site-packages/airflow/example_dags/example_branch_datetime_operator.py took 0.246 seconds
[2022-08-11 02:43:09,031] {processor.py:153} INFO - Started process (PID=97771) to work on /home/airflow/.local/lib/python3.7/site-packages/airflow/example_dags/example_branch_datetime_operator.py
[2022-08-11 02:43:09,043] {processor.py:641} INFO - Processing file /home/airflow/.local/lib/python3.7/site-packages/airflow/example_dags/example_branch_datetime_operator.py for tasks to queue
[2022-08-11 02:43:09,045] {logging_mixin.py:115} INFO - [2022-08-11 02:43:09,045] {dagbag.py:507} INFO - Filling up the DagBag from /home/airflow/.local/lib/python3.7/site-packages/airflow/example_dags/example_branch_datetime_operator.py
[2022-08-11 02:43:09,120] {processor.py:651} INFO - DAG(s) dict_keys(['example_branch_datetime_operator_2']) retrieved from /home/airflow/.local/lib/python3.7/site-packages/airflow/example_dags/example_branch_datetime_operator.py
[2022-08-11 02:43:09,253] {logging_mixin.py:115} INFO - [2022-08-11 02:43:09,253] {dag.py:2371} INFO - Sync 1 DAGs
[2022-08-11 02:43:09,323] {logging_mixin.py:115} INFO - [2022-08-11 02:43:09,323] {dag.py:2919} INFO - Setting next_dagrun for example_branch_datetime_operator_2 to 2022-08-10T00:00:00+00:00, run_after=2022-08-11T00:00:00+00:00
[2022-08-11 02:43:09,359] {processor.py:161} INFO - Processing /home/airflow/.local/lib/python3.7/site-packages/airflow/example_dags/example_branch_datetime_operator.py took 0.344 seconds
[2022-08-11 04:26:20,638] {processor.py:153} INFO - Started process (PID=97814) to work on /home/airflow/.local/lib/python3.7/site-packages/airflow/example_dags/example_branch_datetime_operator.py
[2022-08-11 04:26:20,641] {processor.py:641} INFO - Processing file /home/airflow/.local/lib/python3.7/site-packages/airflow/example_dags/example_branch_datetime_operator.py for tasks to queue
[2022-08-11 04:26:20,643] {logging_mixin.py:115} INFO - [2022-08-11 04:26:20,642] {dagbag.py:507} INFO - Filling up the DagBag from /home/airflow/.local/lib/python3.7/site-packages/airflow/example_dags/example_branch_datetime_operator.py
[2022-08-11 04:26:20,834] {processor.py:651} INFO - DAG(s) dict_keys(['example_branch_datetime_operator_2']) retrieved from /home/airflow/.local/lib/python3.7/site-packages/airflow/example_dags/example_branch_datetime_operator.py
[2022-08-11 04:26:20,982] {logging_mixin.py:115} INFO - [2022-08-11 04:26:20,982] {dag.py:2371} INFO - Sync 1 DAGs
[2022-08-11 04:26:21,163] {logging_mixin.py:115} INFO - [2022-08-11 04:26:21,163] {dag.py:2919} INFO - Setting next_dagrun for example_branch_datetime_operator_2 to 2022-08-10T00:00:00+00:00, run_after=2022-08-11T00:00:00+00:00
[2022-08-11 04:26:21,264] {processor.py:161} INFO - Processing /home/airflow/.local/lib/python3.7/site-packages/airflow/example_dags/example_branch_datetime_operator.py took 0.633 seconds
[2022-08-11 04:26:51,786] {processor.py:153} INFO - Started process (PID=97865) to work on /home/airflow/.local/lib/python3.7/site-packages/airflow/example_dags/example_branch_datetime_operator.py
[2022-08-11 04:26:51,788] {processor.py:641} INFO - Processing file /home/airflow/.local/lib/python3.7/site-packages/airflow/example_dags/example_branch_datetime_operator.py for tasks to queue
[2022-08-11 04:26:51,790] {logging_mixin.py:115} INFO - [2022-08-11 04:26:51,790] {dagbag.py:507} INFO - Filling up the DagBag from /home/airflow/.local/lib/python3.7/site-packages/airflow/example_dags/example_branch_datetime_operator.py
[2022-08-11 04:26:51,807] {processor.py:651} INFO - DAG(s) dict_keys(['example_branch_datetime_operator_2']) retrieved from /home/airflow/.local/lib/python3.7/site-packages/airflow/example_dags/example_branch_datetime_operator.py
[2022-08-11 04:26:51,854] {logging_mixin.py:115} INFO - [2022-08-11 04:26:51,854] {dag.py:2371} INFO - Sync 1 DAGs
[2022-08-11 04:26:51,893] {logging_mixin.py:115} INFO - [2022-08-11 04:26:51,893] {dag.py:2919} INFO - Setting next_dagrun for example_branch_datetime_operator_2 to 2022-08-10T00:00:00+00:00, run_after=2022-08-11T00:00:00+00:00
[2022-08-11 04:26:51,914] {processor.py:161} INFO - Processing /home/airflow/.local/lib/python3.7/site-packages/airflow/example_dags/example_branch_datetime_operator.py took 0.135 seconds
[2022-08-11 04:27:22,890] {processor.py:153} INFO - Started process (PID=97917) to work on /home/airflow/.local/lib/python3.7/site-packages/airflow/example_dags/example_branch_datetime_operator.py
[2022-08-11 04:27:22,894] {processor.py:641} INFO - Processing file /home/airflow/.local/lib/python3.7/site-packages/airflow/example_dags/example_branch_datetime_operator.py for tasks to queue
[2022-08-11 04:27:22,899] {logging_mixin.py:115} INFO - [2022-08-11 04:27:22,898] {dagbag.py:507} INFO - Filling up the DagBag from /home/airflow/.local/lib/python3.7/site-packages/airflow/example_dags/example_branch_datetime_operator.py
[2022-08-11 04:27:22,937] {processor.py:651} INFO - DAG(s) dict_keys(['example_branch_datetime_operator_2']) retrieved from /home/airflow/.local/lib/python3.7/site-packages/airflow/example_dags/example_branch_datetime_operator.py
[2022-08-11 04:27:23,037] {logging_mixin.py:115} INFO - [2022-08-11 04:27:23,036] {dag.py:2371} INFO - Sync 1 DAGs
[2022-08-11 04:27:23,110] {logging_mixin.py:115} INFO - [2022-08-11 04:27:23,110] {dag.py:2919} INFO - Setting next_dagrun for example_branch_datetime_operator_2 to 2022-08-10T00:00:00+00:00, run_after=2022-08-11T00:00:00+00:00
[2022-08-11 04:27:23,149] {processor.py:161} INFO - Processing /home/airflow/.local/lib/python3.7/site-packages/airflow/example_dags/example_branch_datetime_operator.py took 0.271 seconds
[2022-08-11 04:32:18,094] {processor.py:153} INFO - Started process (PID=97953) to work on /home/airflow/.local/lib/python3.7/site-packages/airflow/example_dags/example_branch_datetime_operator.py
[2022-08-11 04:32:18,100] {processor.py:641} INFO - Processing file /home/airflow/.local/lib/python3.7/site-packages/airflow/example_dags/example_branch_datetime_operator.py for tasks to queue
[2022-08-11 04:32:18,102] {logging_mixin.py:115} INFO - [2022-08-11 04:32:18,102] {dagbag.py:507} INFO - Filling up the DagBag from /home/airflow/.local/lib/python3.7/site-packages/airflow/example_dags/example_branch_datetime_operator.py
[2022-08-11 04:32:18,124] {processor.py:651} INFO - DAG(s) dict_keys(['example_branch_datetime_operator_2']) retrieved from /home/airflow/.local/lib/python3.7/site-packages/airflow/example_dags/example_branch_datetime_operator.py
[2022-08-11 04:32:18,183] {logging_mixin.py:115} INFO - [2022-08-11 04:32:18,183] {dag.py:2371} INFO - Sync 1 DAGs
[2022-08-11 04:32:18,244] {logging_mixin.py:115} INFO - [2022-08-11 04:32:18,244] {dag.py:2919} INFO - Setting next_dagrun for example_branch_datetime_operator_2 to 2022-08-10T00:00:00+00:00, run_after=2022-08-11T00:00:00+00:00
[2022-08-11 04:32:18,277] {processor.py:161} INFO - Processing /home/airflow/.local/lib/python3.7/site-packages/airflow/example_dags/example_branch_datetime_operator.py took 0.188 seconds
[2022-08-11 04:32:49,208] {processor.py:153} INFO - Started process (PID=98006) to work on /home/airflow/.local/lib/python3.7/site-packages/airflow/example_dags/example_branch_datetime_operator.py
[2022-08-11 04:32:49,212] {processor.py:641} INFO - Processing file /home/airflow/.local/lib/python3.7/site-packages/airflow/example_dags/example_branch_datetime_operator.py for tasks to queue
[2022-08-11 04:32:49,216] {logging_mixin.py:115} INFO - [2022-08-11 04:32:49,216] {dagbag.py:507} INFO - Filling up the DagBag from /home/airflow/.local/lib/python3.7/site-packages/airflow/example_dags/example_branch_datetime_operator.py
[2022-08-11 04:32:49,252] {processor.py:651} INFO - DAG(s) dict_keys(['example_branch_datetime_operator_2']) retrieved from /home/airflow/.local/lib/python3.7/site-packages/airflow/example_dags/example_branch_datetime_operator.py
[2022-08-11 04:32:49,354] {logging_mixin.py:115} INFO - [2022-08-11 04:32:49,354] {dag.py:2371} INFO - Sync 1 DAGs
[2022-08-11 04:32:49,450] {logging_mixin.py:115} INFO - [2022-08-11 04:32:49,450] {dag.py:2919} INFO - Setting next_dagrun for example_branch_datetime_operator_2 to 2022-08-10T00:00:00+00:00, run_after=2022-08-11T00:00:00+00:00
[2022-08-11 04:32:49,498] {processor.py:161} INFO - Processing /home/airflow/.local/lib/python3.7/site-packages/airflow/example_dags/example_branch_datetime_operator.py took 0.303 seconds
[2022-08-11 04:37:48,663] {processor.py:153} INFO - Started process (PID=98049) to work on /home/airflow/.local/lib/python3.7/site-packages/airflow/example_dags/example_branch_datetime_operator.py
[2022-08-11 04:37:48,665] {processor.py:641} INFO - Processing file /home/airflow/.local/lib/python3.7/site-packages/airflow/example_dags/example_branch_datetime_operator.py for tasks to queue
[2022-08-11 04:37:48,666] {logging_mixin.py:115} INFO - [2022-08-11 04:37:48,666] {dagbag.py:507} INFO - Filling up the DagBag from /home/airflow/.local/lib/python3.7/site-packages/airflow/example_dags/example_branch_datetime_operator.py
[2022-08-11 04:37:48,679] {processor.py:651} INFO - DAG(s) dict_keys(['example_branch_datetime_operator_2']) retrieved from /home/airflow/.local/lib/python3.7/site-packages/airflow/example_dags/example_branch_datetime_operator.py
[2022-08-11 04:37:48,724] {logging_mixin.py:115} INFO - [2022-08-11 04:37:48,723] {dag.py:2371} INFO - Sync 1 DAGs
[2022-08-11 04:37:48,758] {logging_mixin.py:115} INFO - [2022-08-11 04:37:48,758] {dag.py:2919} INFO - Setting next_dagrun for example_branch_datetime_operator_2 to 2022-08-10T00:00:00+00:00, run_after=2022-08-11T00:00:00+00:00
[2022-08-11 04:37:48,795] {processor.py:161} INFO - Processing /home/airflow/.local/lib/python3.7/site-packages/airflow/example_dags/example_branch_datetime_operator.py took 0.138 seconds
[2022-08-11 04:38:19,695] {processor.py:153} INFO - Started process (PID=98101) to work on /home/airflow/.local/lib/python3.7/site-packages/airflow/example_dags/example_branch_datetime_operator.py
[2022-08-11 04:38:19,711] {processor.py:641} INFO - Processing file /home/airflow/.local/lib/python3.7/site-packages/airflow/example_dags/example_branch_datetime_operator.py for tasks to queue
[2022-08-11 04:38:19,721] {logging_mixin.py:115} INFO - [2022-08-11 04:38:19,720] {dagbag.py:507} INFO - Filling up the DagBag from /home/airflow/.local/lib/python3.7/site-packages/airflow/example_dags/example_branch_datetime_operator.py
[2022-08-11 04:38:19,834] {processor.py:651} INFO - DAG(s) dict_keys(['example_branch_datetime_operator_2']) retrieved from /home/airflow/.local/lib/python3.7/site-packages/airflow/example_dags/example_branch_datetime_operator.py
[2022-08-11 04:38:20,046] {logging_mixin.py:115} INFO - [2022-08-11 04:38:20,046] {dag.py:2371} INFO - Sync 1 DAGs
[2022-08-11 04:38:20,161] {logging_mixin.py:115} INFO - [2022-08-11 04:38:20,161] {dag.py:2919} INFO - Setting next_dagrun for example_branch_datetime_operator_2 to 2022-08-10T00:00:00+00:00, run_after=2022-08-11T00:00:00+00:00
[2022-08-11 04:38:20,215] {processor.py:161} INFO - Processing /home/airflow/.local/lib/python3.7/site-packages/airflow/example_dags/example_branch_datetime_operator.py took 0.583 seconds
[2022-08-11 04:43:23,113] {processor.py:153} INFO - Started process (PID=98155) to work on /home/airflow/.local/lib/python3.7/site-packages/airflow/example_dags/example_branch_datetime_operator.py
[2022-08-11 04:43:23,115] {processor.py:641} INFO - Processing file /home/airflow/.local/lib/python3.7/site-packages/airflow/example_dags/example_branch_datetime_operator.py for tasks to queue
[2022-08-11 04:43:23,116] {logging_mixin.py:115} INFO - [2022-08-11 04:43:23,116] {dagbag.py:507} INFO - Filling up the DagBag from /home/airflow/.local/lib/python3.7/site-packages/airflow/example_dags/example_branch_datetime_operator.py
[2022-08-11 04:43:23,144] {processor.py:651} INFO - DAG(s) dict_keys(['example_branch_datetime_operator_2']) retrieved from /home/airflow/.local/lib/python3.7/site-packages/airflow/example_dags/example_branch_datetime_operator.py
[2022-08-11 04:43:23,229] {logging_mixin.py:115} INFO - [2022-08-11 04:43:23,229] {dag.py:2371} INFO - Sync 1 DAGs
[2022-08-11 04:43:23,269] {logging_mixin.py:115} INFO - [2022-08-11 04:43:23,269] {dag.py:2919} INFO - Setting next_dagrun for example_branch_datetime_operator_2 to 2022-08-10T00:00:00+00:00, run_after=2022-08-11T00:00:00+00:00
[2022-08-11 04:43:23,292] {processor.py:161} INFO - Processing /home/airflow/.local/lib/python3.7/site-packages/airflow/example_dags/example_branch_datetime_operator.py took 0.195 seconds
[2022-08-11 04:43:54,175] {processor.py:153} INFO - Started process (PID=98207) to work on /home/airflow/.local/lib/python3.7/site-packages/airflow/example_dags/example_branch_datetime_operator.py
[2022-08-11 04:43:54,196] {processor.py:641} INFO - Processing file /home/airflow/.local/lib/python3.7/site-packages/airflow/example_dags/example_branch_datetime_operator.py for tasks to queue
[2022-08-11 04:43:54,220] {logging_mixin.py:115} INFO - [2022-08-11 04:43:54,219] {dagbag.py:507} INFO - Filling up the DagBag from /home/airflow/.local/lib/python3.7/site-packages/airflow/example_dags/example_branch_datetime_operator.py
[2022-08-11 04:43:54,267] {processor.py:651} INFO - DAG(s) dict_keys(['example_branch_datetime_operator_2']) retrieved from /home/airflow/.local/lib/python3.7/site-packages/airflow/example_dags/example_branch_datetime_operator.py
[2022-08-11 04:43:54,401] {logging_mixin.py:115} INFO - [2022-08-11 04:43:54,401] {dag.py:2371} INFO - Sync 1 DAGs
[2022-08-11 04:43:54,530] {logging_mixin.py:115} INFO - [2022-08-11 04:43:54,529] {dag.py:2919} INFO - Setting next_dagrun for example_branch_datetime_operator_2 to 2022-08-10T00:00:00+00:00, run_after=2022-08-11T00:00:00+00:00
[2022-08-11 04:43:54,586] {processor.py:161} INFO - Processing /home/airflow/.local/lib/python3.7/site-packages/airflow/example_dags/example_branch_datetime_operator.py took 0.424 seconds
[2022-08-11 04:48:58,683] {processor.py:153} INFO - Started process (PID=98251) to work on /home/airflow/.local/lib/python3.7/site-packages/airflow/example_dags/example_branch_datetime_operator.py
[2022-08-11 04:48:58,695] {processor.py:641} INFO - Processing file /home/airflow/.local/lib/python3.7/site-packages/airflow/example_dags/example_branch_datetime_operator.py for tasks to queue
[2022-08-11 04:48:58,697] {logging_mixin.py:115} INFO - [2022-08-11 04:48:58,697] {dagbag.py:507} INFO - Filling up the DagBag from /home/airflow/.local/lib/python3.7/site-packages/airflow/example_dags/example_branch_datetime_operator.py
[2022-08-11 04:48:58,714] {processor.py:651} INFO - DAG(s) dict_keys(['example_branch_datetime_operator_2']) retrieved from /home/airflow/.local/lib/python3.7/site-packages/airflow/example_dags/example_branch_datetime_operator.py
[2022-08-11 04:48:58,760] {logging_mixin.py:115} INFO - [2022-08-11 04:48:58,760] {dag.py:2371} INFO - Sync 1 DAGs
[2022-08-11 04:48:58,793] {logging_mixin.py:115} INFO - [2022-08-11 04:48:58,792] {dag.py:2919} INFO - Setting next_dagrun for example_branch_datetime_operator_2 to 2022-08-10T00:00:00+00:00, run_after=2022-08-11T00:00:00+00:00
[2022-08-11 04:48:58,812] {processor.py:161} INFO - Processing /home/airflow/.local/lib/python3.7/site-packages/airflow/example_dags/example_branch_datetime_operator.py took 0.134 seconds
[2022-08-11 04:49:29,678] {processor.py:153} INFO - Started process (PID=98305) to work on /home/airflow/.local/lib/python3.7/site-packages/airflow/example_dags/example_branch_datetime_operator.py
[2022-08-11 04:49:29,682] {processor.py:641} INFO - Processing file /home/airflow/.local/lib/python3.7/site-packages/airflow/example_dags/example_branch_datetime_operator.py for tasks to queue
[2022-08-11 04:49:29,686] {logging_mixin.py:115} INFO - [2022-08-11 04:49:29,685] {dagbag.py:507} INFO - Filling up the DagBag from /home/airflow/.local/lib/python3.7/site-packages/airflow/example_dags/example_branch_datetime_operator.py
[2022-08-11 04:49:29,722] {processor.py:651} INFO - DAG(s) dict_keys(['example_branch_datetime_operator_2']) retrieved from /home/airflow/.local/lib/python3.7/site-packages/airflow/example_dags/example_branch_datetime_operator.py
[2022-08-11 04:49:29,869] {logging_mixin.py:115} INFO - [2022-08-11 04:49:29,869] {dag.py:2371} INFO - Sync 1 DAGs
[2022-08-11 04:49:29,989] {logging_mixin.py:115} INFO - [2022-08-11 04:49:29,989] {dag.py:2919} INFO - Setting next_dagrun for example_branch_datetime_operator_2 to 2022-08-10T00:00:00+00:00, run_after=2022-08-11T00:00:00+00:00
[2022-08-11 04:49:30,071] {processor.py:161} INFO - Processing /home/airflow/.local/lib/python3.7/site-packages/airflow/example_dags/example_branch_datetime_operator.py took 0.405 seconds
[2022-08-11 04:54:32,206] {processor.py:153} INFO - Started process (PID=98351) to work on /home/airflow/.local/lib/python3.7/site-packages/airflow/example_dags/example_branch_datetime_operator.py
[2022-08-11 04:54:32,209] {processor.py:641} INFO - Processing file /home/airflow/.local/lib/python3.7/site-packages/airflow/example_dags/example_branch_datetime_operator.py for tasks to queue
[2022-08-11 04:54:32,213] {logging_mixin.py:115} INFO - [2022-08-11 04:54:32,212] {dagbag.py:507} INFO - Filling up the DagBag from /home/airflow/.local/lib/python3.7/site-packages/airflow/example_dags/example_branch_datetime_operator.py
[2022-08-11 04:54:32,232] {processor.py:651} INFO - DAG(s) dict_keys(['example_branch_datetime_operator_2']) retrieved from /home/airflow/.local/lib/python3.7/site-packages/airflow/example_dags/example_branch_datetime_operator.py
[2022-08-11 04:54:32,304] {logging_mixin.py:115} INFO - [2022-08-11 04:54:32,303] {dag.py:2371} INFO - Sync 1 DAGs
[2022-08-11 04:54:32,339] {logging_mixin.py:115} INFO - [2022-08-11 04:54:32,338] {dag.py:2919} INFO - Setting next_dagrun for example_branch_datetime_operator_2 to 2022-08-10T00:00:00+00:00, run_after=2022-08-11T00:00:00+00:00
[2022-08-11 04:54:32,360] {processor.py:161} INFO - Processing /home/airflow/.local/lib/python3.7/site-packages/airflow/example_dags/example_branch_datetime_operator.py took 0.159 seconds
[2022-08-11 04:55:02,823] {processor.py:153} INFO - Started process (PID=98404) to work on /home/airflow/.local/lib/python3.7/site-packages/airflow/example_dags/example_branch_datetime_operator.py
[2022-08-11 04:55:02,826] {processor.py:641} INFO - Processing file /home/airflow/.local/lib/python3.7/site-packages/airflow/example_dags/example_branch_datetime_operator.py for tasks to queue
[2022-08-11 04:55:02,829] {logging_mixin.py:115} INFO - [2022-08-11 04:55:02,829] {dagbag.py:507} INFO - Filling up the DagBag from /home/airflow/.local/lib/python3.7/site-packages/airflow/example_dags/example_branch_datetime_operator.py
[2022-08-11 04:55:02,857] {processor.py:651} INFO - DAG(s) dict_keys(['example_branch_datetime_operator_2']) retrieved from /home/airflow/.local/lib/python3.7/site-packages/airflow/example_dags/example_branch_datetime_operator.py
[2022-08-11 04:55:02,950] {logging_mixin.py:115} INFO - [2022-08-11 04:55:02,950] {dag.py:2371} INFO - Sync 1 DAGs
[2022-08-11 04:55:03,019] {logging_mixin.py:115} INFO - [2022-08-11 04:55:03,019] {dag.py:2919} INFO - Setting next_dagrun for example_branch_datetime_operator_2 to 2022-08-10T00:00:00+00:00, run_after=2022-08-11T00:00:00+00:00
[2022-08-11 04:55:03,053] {processor.py:161} INFO - Processing /home/airflow/.local/lib/python3.7/site-packages/airflow/example_dags/example_branch_datetime_operator.py took 0.239 seconds
[2022-08-11 04:55:33,143] {processor.py:153} INFO - Started process (PID=98456) to work on /home/airflow/.local/lib/python3.7/site-packages/airflow/example_dags/example_branch_datetime_operator.py
[2022-08-11 04:55:33,146] {processor.py:641} INFO - Processing file /home/airflow/.local/lib/python3.7/site-packages/airflow/example_dags/example_branch_datetime_operator.py for tasks to queue
[2022-08-11 04:55:33,148] {logging_mixin.py:115} INFO - [2022-08-11 04:55:33,148] {dagbag.py:507} INFO - Filling up the DagBag from /home/airflow/.local/lib/python3.7/site-packages/airflow/example_dags/example_branch_datetime_operator.py
[2022-08-11 04:55:33,168] {processor.py:651} INFO - DAG(s) dict_keys(['example_branch_datetime_operator_2']) retrieved from /home/airflow/.local/lib/python3.7/site-packages/airflow/example_dags/example_branch_datetime_operator.py
[2022-08-11 04:55:33,244] {logging_mixin.py:115} INFO - [2022-08-11 04:55:33,243] {dag.py:2371} INFO - Sync 1 DAGs
[2022-08-11 04:55:33,292] {logging_mixin.py:115} INFO - [2022-08-11 04:55:33,291] {dag.py:2919} INFO - Setting next_dagrun for example_branch_datetime_operator_2 to 2022-08-10T00:00:00+00:00, run_after=2022-08-11T00:00:00+00:00
[2022-08-11 04:55:33,324] {processor.py:161} INFO - Processing /home/airflow/.local/lib/python3.7/site-packages/airflow/example_dags/example_branch_datetime_operator.py took 0.188 seconds
[2022-08-11 05:10:39,029] {processor.py:153} INFO - Started process (PID=98475) to work on /home/airflow/.local/lib/python3.7/site-packages/airflow/example_dags/example_branch_datetime_operator.py
[2022-08-11 05:10:39,031] {processor.py:641} INFO - Processing file /home/airflow/.local/lib/python3.7/site-packages/airflow/example_dags/example_branch_datetime_operator.py for tasks to queue
[2022-08-11 05:10:39,032] {logging_mixin.py:115} INFO - [2022-08-11 05:10:39,032] {dagbag.py:507} INFO - Filling up the DagBag from /home/airflow/.local/lib/python3.7/site-packages/airflow/example_dags/example_branch_datetime_operator.py
[2022-08-11 05:10:39,047] {processor.py:651} INFO - DAG(s) dict_keys(['example_branch_datetime_operator_2']) retrieved from /home/airflow/.local/lib/python3.7/site-packages/airflow/example_dags/example_branch_datetime_operator.py
[2022-08-11 05:10:39,151] {logging_mixin.py:115} INFO - [2022-08-11 05:10:39,150] {dag.py:2371} INFO - Sync 1 DAGs
[2022-08-11 05:10:39,211] {logging_mixin.py:115} INFO - [2022-08-11 05:10:39,210] {dag.py:2919} INFO - Setting next_dagrun for example_branch_datetime_operator_2 to 2022-08-10T00:00:00+00:00, run_after=2022-08-11T00:00:00+00:00
[2022-08-11 05:10:39,237] {processor.py:161} INFO - Processing /home/airflow/.local/lib/python3.7/site-packages/airflow/example_dags/example_branch_datetime_operator.py took 0.214 seconds
[2022-08-11 05:11:11,019] {processor.py:153} INFO - Started process (PID=98527) to work on /home/airflow/.local/lib/python3.7/site-packages/airflow/example_dags/example_branch_datetime_operator.py
[2022-08-11 05:11:11,032] {processor.py:641} INFO - Processing file /home/airflow/.local/lib/python3.7/site-packages/airflow/example_dags/example_branch_datetime_operator.py for tasks to queue
[2022-08-11 05:11:11,038] {logging_mixin.py:115} INFO - [2022-08-11 05:11:11,037] {dagbag.py:507} INFO - Filling up the DagBag from /home/airflow/.local/lib/python3.7/site-packages/airflow/example_dags/example_branch_datetime_operator.py
[2022-08-11 05:11:11,099] {processor.py:651} INFO - DAG(s) dict_keys(['example_branch_datetime_operator_2']) retrieved from /home/airflow/.local/lib/python3.7/site-packages/airflow/example_dags/example_branch_datetime_operator.py
[2022-08-11 05:11:11,285] {logging_mixin.py:115} INFO - [2022-08-11 05:11:11,284] {dag.py:2371} INFO - Sync 1 DAGs
[2022-08-11 05:11:11,432] {logging_mixin.py:115} INFO - [2022-08-11 05:11:11,432] {dag.py:2919} INFO - Setting next_dagrun for example_branch_datetime_operator_2 to 2022-08-10T00:00:00+00:00, run_after=2022-08-11T00:00:00+00:00
[2022-08-11 05:11:11,517] {processor.py:161} INFO - Processing /home/airflow/.local/lib/python3.7/site-packages/airflow/example_dags/example_branch_datetime_operator.py took 0.522 seconds
[2022-08-11 05:11:42,425] {processor.py:153} INFO - Started process (PID=98580) to work on /home/airflow/.local/lib/python3.7/site-packages/airflow/example_dags/example_branch_datetime_operator.py
[2022-08-11 05:11:42,434] {processor.py:641} INFO - Processing file /home/airflow/.local/lib/python3.7/site-packages/airflow/example_dags/example_branch_datetime_operator.py for tasks to queue
[2022-08-11 05:11:42,441] {logging_mixin.py:115} INFO - [2022-08-11 05:11:42,441] {dagbag.py:507} INFO - Filling up the DagBag from /home/airflow/.local/lib/python3.7/site-packages/airflow/example_dags/example_branch_datetime_operator.py
[2022-08-11 05:11:42,532] {processor.py:651} INFO - DAG(s) dict_keys(['example_branch_datetime_operator_2']) retrieved from /home/airflow/.local/lib/python3.7/site-packages/airflow/example_dags/example_branch_datetime_operator.py
[2022-08-11 05:11:42,671] {logging_mixin.py:115} INFO - [2022-08-11 05:11:42,671] {dag.py:2371} INFO - Sync 1 DAGs
[2022-08-11 05:11:42,871] {logging_mixin.py:115} INFO - [2022-08-11 05:11:42,870] {dag.py:2919} INFO - Setting next_dagrun for example_branch_datetime_operator_2 to 2022-08-10T00:00:00+00:00, run_after=2022-08-11T00:00:00+00:00
[2022-08-11 05:11:42,919] {processor.py:161} INFO - Processing /home/airflow/.local/lib/python3.7/site-packages/airflow/example_dags/example_branch_datetime_operator.py took 0.516 seconds
[2022-08-11 05:16:40,920] {processor.py:153} INFO - Started process (PID=98622) to work on /home/airflow/.local/lib/python3.7/site-packages/airflow/example_dags/example_branch_datetime_operator.py
[2022-08-11 05:16:40,925] {processor.py:641} INFO - Processing file /home/airflow/.local/lib/python3.7/site-packages/airflow/example_dags/example_branch_datetime_operator.py for tasks to queue
[2022-08-11 05:16:40,927] {logging_mixin.py:115} INFO - [2022-08-11 05:16:40,927] {dagbag.py:507} INFO - Filling up the DagBag from /home/airflow/.local/lib/python3.7/site-packages/airflow/example_dags/example_branch_datetime_operator.py
[2022-08-11 05:16:41,039] {processor.py:651} INFO - DAG(s) dict_keys(['example_branch_datetime_operator_2']) retrieved from /home/airflow/.local/lib/python3.7/site-packages/airflow/example_dags/example_branch_datetime_operator.py
[2022-08-11 05:16:41,156] {logging_mixin.py:115} INFO - [2022-08-11 05:16:41,156] {dag.py:2371} INFO - Sync 1 DAGs
[2022-08-11 05:16:41,233] {logging_mixin.py:115} INFO - [2022-08-11 05:16:41,233] {dag.py:2919} INFO - Setting next_dagrun for example_branch_datetime_operator_2 to 2022-08-10T00:00:00+00:00, run_after=2022-08-11T00:00:00+00:00
[2022-08-11 05:16:41,294] {processor.py:161} INFO - Processing /home/airflow/.local/lib/python3.7/site-packages/airflow/example_dags/example_branch_datetime_operator.py took 0.397 seconds
[2022-08-11 05:17:11,508] {processor.py:153} INFO - Started process (PID=98677) to work on /home/airflow/.local/lib/python3.7/site-packages/airflow/example_dags/example_branch_datetime_operator.py
[2022-08-11 05:17:11,512] {processor.py:641} INFO - Processing file /home/airflow/.local/lib/python3.7/site-packages/airflow/example_dags/example_branch_datetime_operator.py for tasks to queue
[2022-08-11 05:17:11,515] {logging_mixin.py:115} INFO - [2022-08-11 05:17:11,515] {dagbag.py:507} INFO - Filling up the DagBag from /home/airflow/.local/lib/python3.7/site-packages/airflow/example_dags/example_branch_datetime_operator.py
[2022-08-11 05:17:11,544] {processor.py:651} INFO - DAG(s) dict_keys(['example_branch_datetime_operator_2']) retrieved from /home/airflow/.local/lib/python3.7/site-packages/airflow/example_dags/example_branch_datetime_operator.py
[2022-08-11 05:17:11,636] {logging_mixin.py:115} INFO - [2022-08-11 05:17:11,636] {dag.py:2371} INFO - Sync 1 DAGs
[2022-08-11 05:17:11,722] {logging_mixin.py:115} INFO - [2022-08-11 05:17:11,722] {dag.py:2919} INFO - Setting next_dagrun for example_branch_datetime_operator_2 to 2022-08-10T00:00:00+00:00, run_after=2022-08-11T00:00:00+00:00
[2022-08-11 05:17:11,780] {processor.py:161} INFO - Processing /home/airflow/.local/lib/python3.7/site-packages/airflow/example_dags/example_branch_datetime_operator.py took 0.283 seconds
[2022-08-11 05:22:13,428] {processor.py:153} INFO - Started process (PID=98730) to work on /home/airflow/.local/lib/python3.7/site-packages/airflow/example_dags/example_branch_datetime_operator.py
[2022-08-11 05:22:13,430] {processor.py:641} INFO - Processing file /home/airflow/.local/lib/python3.7/site-packages/airflow/example_dags/example_branch_datetime_operator.py for tasks to queue
[2022-08-11 05:22:13,433] {logging_mixin.py:115} INFO - [2022-08-11 05:22:13,431] {dagbag.py:507} INFO - Filling up the DagBag from /home/airflow/.local/lib/python3.7/site-packages/airflow/example_dags/example_branch_datetime_operator.py
[2022-08-11 05:22:13,456] {processor.py:651} INFO - DAG(s) dict_keys(['example_branch_datetime_operator_2']) retrieved from /home/airflow/.local/lib/python3.7/site-packages/airflow/example_dags/example_branch_datetime_operator.py
[2022-08-11 05:22:13,530] {logging_mixin.py:115} INFO - [2022-08-11 05:22:13,530] {dag.py:2371} INFO - Sync 1 DAGs
[2022-08-11 05:22:13,567] {logging_mixin.py:115} INFO - [2022-08-11 05:22:13,567] {dag.py:2919} INFO - Setting next_dagrun for example_branch_datetime_operator_2 to 2022-08-10T00:00:00+00:00, run_after=2022-08-11T00:00:00+00:00
[2022-08-11 05:22:13,591] {processor.py:161} INFO - Processing /home/airflow/.local/lib/python3.7/site-packages/airflow/example_dags/example_branch_datetime_operator.py took 0.171 seconds
[2022-08-11 05:22:44,660] {processor.py:153} INFO - Started process (PID=98782) to work on /home/airflow/.local/lib/python3.7/site-packages/airflow/example_dags/example_branch_datetime_operator.py
[2022-08-11 05:22:44,664] {processor.py:641} INFO - Processing file /home/airflow/.local/lib/python3.7/site-packages/airflow/example_dags/example_branch_datetime_operator.py for tasks to queue
[2022-08-11 05:22:44,666] {logging_mixin.py:115} INFO - [2022-08-11 05:22:44,666] {dagbag.py:507} INFO - Filling up the DagBag from /home/airflow/.local/lib/python3.7/site-packages/airflow/example_dags/example_branch_datetime_operator.py
[2022-08-11 05:22:44,701] {processor.py:651} INFO - DAG(s) dict_keys(['example_branch_datetime_operator_2']) retrieved from /home/airflow/.local/lib/python3.7/site-packages/airflow/example_dags/example_branch_datetime_operator.py
[2022-08-11 05:22:44,784] {logging_mixin.py:115} INFO - [2022-08-11 05:22:44,784] {dag.py:2371} INFO - Sync 1 DAGs
[2022-08-11 05:22:44,849] {logging_mixin.py:115} INFO - [2022-08-11 05:22:44,848] {dag.py:2919} INFO - Setting next_dagrun for example_branch_datetime_operator_2 to 2022-08-10T00:00:00+00:00, run_after=2022-08-11T00:00:00+00:00
[2022-08-11 05:22:44,887] {processor.py:161} INFO - Processing /home/airflow/.local/lib/python3.7/site-packages/airflow/example_dags/example_branch_datetime_operator.py took 0.236 seconds
[2022-08-11 05:27:47,035] {processor.py:153} INFO - Started process (PID=98836) to work on /home/airflow/.local/lib/python3.7/site-packages/airflow/example_dags/example_branch_datetime_operator.py
[2022-08-11 05:27:47,049] {processor.py:641} INFO - Processing file /home/airflow/.local/lib/python3.7/site-packages/airflow/example_dags/example_branch_datetime_operator.py for tasks to queue
[2022-08-11 05:27:47,051] {logging_mixin.py:115} INFO - [2022-08-11 05:27:47,051] {dagbag.py:507} INFO - Filling up the DagBag from /home/airflow/.local/lib/python3.7/site-packages/airflow/example_dags/example_branch_datetime_operator.py
[2022-08-11 05:27:47,089] {processor.py:651} INFO - DAG(s) dict_keys(['example_branch_datetime_operator_2']) retrieved from /home/airflow/.local/lib/python3.7/site-packages/airflow/example_dags/example_branch_datetime_operator.py
[2022-08-11 05:27:47,145] {logging_mixin.py:115} INFO - [2022-08-11 05:27:47,145] {dag.py:2371} INFO - Sync 1 DAGs
[2022-08-11 05:27:47,171] {logging_mixin.py:115} INFO - [2022-08-11 05:27:47,171] {dag.py:2919} INFO - Setting next_dagrun for example_branch_datetime_operator_2 to 2022-08-10T00:00:00+00:00, run_after=2022-08-11T00:00:00+00:00
[2022-08-11 05:27:47,185] {processor.py:161} INFO - Processing /home/airflow/.local/lib/python3.7/site-packages/airflow/example_dags/example_branch_datetime_operator.py took 0.154 seconds
[2022-08-11 05:28:17,608] {processor.py:153} INFO - Started process (PID=98888) to work on /home/airflow/.local/lib/python3.7/site-packages/airflow/example_dags/example_branch_datetime_operator.py
[2022-08-11 05:28:17,611] {processor.py:641} INFO - Processing file /home/airflow/.local/lib/python3.7/site-packages/airflow/example_dags/example_branch_datetime_operator.py for tasks to queue
[2022-08-11 05:28:17,614] {logging_mixin.py:115} INFO - [2022-08-11 05:28:17,614] {dagbag.py:507} INFO - Filling up the DagBag from /home/airflow/.local/lib/python3.7/site-packages/airflow/example_dags/example_branch_datetime_operator.py
[2022-08-11 05:28:17,641] {processor.py:651} INFO - DAG(s) dict_keys(['example_branch_datetime_operator_2']) retrieved from /home/airflow/.local/lib/python3.7/site-packages/airflow/example_dags/example_branch_datetime_operator.py
[2022-08-11 05:28:17,729] {logging_mixin.py:115} INFO - [2022-08-11 05:28:17,729] {dag.py:2371} INFO - Sync 1 DAGs
[2022-08-11 05:28:17,788] {logging_mixin.py:115} INFO - [2022-08-11 05:28:17,788] {dag.py:2919} INFO - Setting next_dagrun for example_branch_datetime_operator_2 to 2022-08-10T00:00:00+00:00, run_after=2022-08-11T00:00:00+00:00
[2022-08-11 05:28:17,817] {processor.py:161} INFO - Processing /home/airflow/.local/lib/python3.7/site-packages/airflow/example_dags/example_branch_datetime_operator.py took 0.226 seconds
[2022-08-11 05:33:19,789] {processor.py:153} INFO - Started process (PID=98941) to work on /home/airflow/.local/lib/python3.7/site-packages/airflow/example_dags/example_branch_datetime_operator.py
[2022-08-11 05:33:19,795] {processor.py:641} INFO - Processing file /home/airflow/.local/lib/python3.7/site-packages/airflow/example_dags/example_branch_datetime_operator.py for tasks to queue
[2022-08-11 05:33:19,798] {logging_mixin.py:115} INFO - [2022-08-11 05:33:19,798] {dagbag.py:507} INFO - Filling up the DagBag from /home/airflow/.local/lib/python3.7/site-packages/airflow/example_dags/example_branch_datetime_operator.py
[2022-08-11 05:33:19,839] {processor.py:651} INFO - DAG(s) dict_keys(['example_branch_datetime_operator_2']) retrieved from /home/airflow/.local/lib/python3.7/site-packages/airflow/example_dags/example_branch_datetime_operator.py
[2022-08-11 05:33:19,938] {logging_mixin.py:115} INFO - [2022-08-11 05:33:19,938] {dag.py:2371} INFO - Sync 1 DAGs
[2022-08-11 05:33:20,008] {logging_mixin.py:115} INFO - [2022-08-11 05:33:20,008] {dag.py:2919} INFO - Setting next_dagrun for example_branch_datetime_operator_2 to 2022-08-10T00:00:00+00:00, run_after=2022-08-11T00:00:00+00:00
[2022-08-11 05:33:20,041] {processor.py:161} INFO - Processing /home/airflow/.local/lib/python3.7/site-packages/airflow/example_dags/example_branch_datetime_operator.py took 0.264 seconds
[2022-08-11 05:33:50,261] {processor.py:153} INFO - Started process (PID=98994) to work on /home/airflow/.local/lib/python3.7/site-packages/airflow/example_dags/example_branch_datetime_operator.py
[2022-08-11 05:33:50,264] {processor.py:641} INFO - Processing file /home/airflow/.local/lib/python3.7/site-packages/airflow/example_dags/example_branch_datetime_operator.py for tasks to queue
[2022-08-11 05:33:50,268] {logging_mixin.py:115} INFO - [2022-08-11 05:33:50,267] {dagbag.py:507} INFO - Filling up the DagBag from /home/airflow/.local/lib/python3.7/site-packages/airflow/example_dags/example_branch_datetime_operator.py
[2022-08-11 05:33:50,297] {processor.py:651} INFO - DAG(s) dict_keys(['example_branch_datetime_operator_2']) retrieved from /home/airflow/.local/lib/python3.7/site-packages/airflow/example_dags/example_branch_datetime_operator.py
[2022-08-11 05:33:50,380] {logging_mixin.py:115} INFO - [2022-08-11 05:33:50,379] {dag.py:2371} INFO - Sync 1 DAGs
[2022-08-11 05:33:50,444] {logging_mixin.py:115} INFO - [2022-08-11 05:33:50,443] {dag.py:2919} INFO - Setting next_dagrun for example_branch_datetime_operator_2 to 2022-08-10T00:00:00+00:00, run_after=2022-08-11T00:00:00+00:00
[2022-08-11 05:33:50,476] {processor.py:161} INFO - Processing /home/airflow/.local/lib/python3.7/site-packages/airflow/example_dags/example_branch_datetime_operator.py took 0.226 seconds
[2022-08-11 05:38:51,161] {processor.py:153} INFO - Started process (PID=99043) to work on /home/airflow/.local/lib/python3.7/site-packages/airflow/example_dags/example_branch_datetime_operator.py
[2022-08-11 05:38:51,170] {processor.py:641} INFO - Processing file /home/airflow/.local/lib/python3.7/site-packages/airflow/example_dags/example_branch_datetime_operator.py for tasks to queue
[2022-08-11 05:38:51,171] {logging_mixin.py:115} INFO - [2022-08-11 05:38:51,171] {dagbag.py:507} INFO - Filling up the DagBag from /home/airflow/.local/lib/python3.7/site-packages/airflow/example_dags/example_branch_datetime_operator.py
[2022-08-11 05:38:51,205] {processor.py:651} INFO - DAG(s) dict_keys(['example_branch_datetime_operator_2']) retrieved from /home/airflow/.local/lib/python3.7/site-packages/airflow/example_dags/example_branch_datetime_operator.py
[2022-08-11 05:38:51,324] {logging_mixin.py:115} INFO - [2022-08-11 05:38:51,324] {dag.py:2371} INFO - Sync 1 DAGs
[2022-08-11 05:38:51,608] {logging_mixin.py:115} INFO - [2022-08-11 05:38:51,608] {dag.py:2919} INFO - Setting next_dagrun for example_branch_datetime_operator_2 to 2022-08-10T00:00:00+00:00, run_after=2022-08-11T00:00:00+00:00
[2022-08-11 05:38:51,649] {processor.py:161} INFO - Processing /home/airflow/.local/lib/python3.7/site-packages/airflow/example_dags/example_branch_datetime_operator.py took 0.502 seconds
[2022-08-11 05:39:22,553] {processor.py:153} INFO - Started process (PID=99098) to work on /home/airflow/.local/lib/python3.7/site-packages/airflow/example_dags/example_branch_datetime_operator.py
[2022-08-11 05:39:22,557] {processor.py:641} INFO - Processing file /home/airflow/.local/lib/python3.7/site-packages/airflow/example_dags/example_branch_datetime_operator.py for tasks to queue
[2022-08-11 05:39:22,562] {logging_mixin.py:115} INFO - [2022-08-11 05:39:22,561] {dagbag.py:507} INFO - Filling up the DagBag from /home/airflow/.local/lib/python3.7/site-packages/airflow/example_dags/example_branch_datetime_operator.py
[2022-08-11 05:39:22,596] {processor.py:651} INFO - DAG(s) dict_keys(['example_branch_datetime_operator_2']) retrieved from /home/airflow/.local/lib/python3.7/site-packages/airflow/example_dags/example_branch_datetime_operator.py
[2022-08-11 05:39:22,716] {logging_mixin.py:115} INFO - [2022-08-11 05:39:22,716] {dag.py:2371} INFO - Sync 1 DAGs
[2022-08-11 05:39:22,825] {logging_mixin.py:115} INFO - [2022-08-11 05:39:22,824] {dag.py:2919} INFO - Setting next_dagrun for example_branch_datetime_operator_2 to 2022-08-10T00:00:00+00:00, run_after=2022-08-11T00:00:00+00:00
[2022-08-11 05:39:22,862] {processor.py:161} INFO - Processing /home/airflow/.local/lib/python3.7/site-packages/airflow/example_dags/example_branch_datetime_operator.py took 0.318 seconds
[2022-08-11 05:44:25,721] {processor.py:153} INFO - Started process (PID=99153) to work on /home/airflow/.local/lib/python3.7/site-packages/airflow/example_dags/example_branch_datetime_operator.py
[2022-08-11 05:44:25,723] {processor.py:641} INFO - Processing file /home/airflow/.local/lib/python3.7/site-packages/airflow/example_dags/example_branch_datetime_operator.py for tasks to queue
[2022-08-11 05:44:25,725] {logging_mixin.py:115} INFO - [2022-08-11 05:44:25,725] {dagbag.py:507} INFO - Filling up the DagBag from /home/airflow/.local/lib/python3.7/site-packages/airflow/example_dags/example_branch_datetime_operator.py
[2022-08-11 05:44:25,739] {processor.py:651} INFO - DAG(s) dict_keys(['example_branch_datetime_operator_2']) retrieved from /home/airflow/.local/lib/python3.7/site-packages/airflow/example_dags/example_branch_datetime_operator.py
[2022-08-11 05:44:25,810] {logging_mixin.py:115} INFO - [2022-08-11 05:44:25,809] {dag.py:2371} INFO - Sync 1 DAGs
[2022-08-11 05:44:25,844] {logging_mixin.py:115} INFO - [2022-08-11 05:44:25,843] {dag.py:2919} INFO - Setting next_dagrun for example_branch_datetime_operator_2 to 2022-08-10T00:00:00+00:00, run_after=2022-08-11T00:00:00+00:00
[2022-08-11 05:44:25,867] {processor.py:161} INFO - Processing /home/airflow/.local/lib/python3.7/site-packages/airflow/example_dags/example_branch_datetime_operator.py took 0.154 seconds
[2022-08-11 05:44:56,630] {processor.py:153} INFO - Started process (PID=99205) to work on /home/airflow/.local/lib/python3.7/site-packages/airflow/example_dags/example_branch_datetime_operator.py
[2022-08-11 05:44:56,634] {processor.py:641} INFO - Processing file /home/airflow/.local/lib/python3.7/site-packages/airflow/example_dags/example_branch_datetime_operator.py for tasks to queue
[2022-08-11 05:44:56,641] {logging_mixin.py:115} INFO - [2022-08-11 05:44:56,640] {dagbag.py:507} INFO - Filling up the DagBag from /home/airflow/.local/lib/python3.7/site-packages/airflow/example_dags/example_branch_datetime_operator.py
[2022-08-11 05:44:56,683] {processor.py:651} INFO - DAG(s) dict_keys(['example_branch_datetime_operator_2']) retrieved from /home/airflow/.local/lib/python3.7/site-packages/airflow/example_dags/example_branch_datetime_operator.py
[2022-08-11 05:44:56,774] {logging_mixin.py:115} INFO - [2022-08-11 05:44:56,774] {dag.py:2371} INFO - Sync 1 DAGs
[2022-08-11 05:44:56,840] {logging_mixin.py:115} INFO - [2022-08-11 05:44:56,840] {dag.py:2919} INFO - Setting next_dagrun for example_branch_datetime_operator_2 to 2022-08-10T00:00:00+00:00, run_after=2022-08-11T00:00:00+00:00
[2022-08-11 05:44:56,874] {processor.py:161} INFO - Processing /home/airflow/.local/lib/python3.7/site-packages/airflow/example_dags/example_branch_datetime_operator.py took 0.254 seconds
[2022-08-11 05:49:59,680] {processor.py:153} INFO - Started process (PID=99255) to work on /home/airflow/.local/lib/python3.7/site-packages/airflow/example_dags/example_branch_datetime_operator.py
[2022-08-11 05:49:59,681] {processor.py:641} INFO - Processing file /home/airflow/.local/lib/python3.7/site-packages/airflow/example_dags/example_branch_datetime_operator.py for tasks to queue
[2022-08-11 05:49:59,682] {logging_mixin.py:115} INFO - [2022-08-11 05:49:59,682] {dagbag.py:507} INFO - Filling up the DagBag from /home/airflow/.local/lib/python3.7/site-packages/airflow/example_dags/example_branch_datetime_operator.py
[2022-08-11 05:49:59,694] {processor.py:651} INFO - DAG(s) dict_keys(['example_branch_datetime_operator_2']) retrieved from /home/airflow/.local/lib/python3.7/site-packages/airflow/example_dags/example_branch_datetime_operator.py
[2022-08-11 05:49:59,726] {logging_mixin.py:115} INFO - [2022-08-11 05:49:59,726] {dag.py:2371} INFO - Sync 1 DAGs
[2022-08-11 05:49:59,757] {logging_mixin.py:115} INFO - [2022-08-11 05:49:59,757] {dag.py:2919} INFO - Setting next_dagrun for example_branch_datetime_operator_2 to 2022-08-10T00:00:00+00:00, run_after=2022-08-11T00:00:00+00:00
[2022-08-11 05:49:59,783] {processor.py:161} INFO - Processing /home/airflow/.local/lib/python3.7/site-packages/airflow/example_dags/example_branch_datetime_operator.py took 0.108 seconds
[2022-08-11 05:50:31,116] {processor.py:153} INFO - Started process (PID=99310) to work on /home/airflow/.local/lib/python3.7/site-packages/airflow/example_dags/example_branch_datetime_operator.py
[2022-08-11 05:50:31,122] {processor.py:641} INFO - Processing file /home/airflow/.local/lib/python3.7/site-packages/airflow/example_dags/example_branch_datetime_operator.py for tasks to queue
[2022-08-11 05:50:31,127] {logging_mixin.py:115} INFO - [2022-08-11 05:50:31,126] {dagbag.py:507} INFO - Filling up the DagBag from /home/airflow/.local/lib/python3.7/site-packages/airflow/example_dags/example_branch_datetime_operator.py
[2022-08-11 05:50:31,161] {processor.py:651} INFO - DAG(s) dict_keys(['example_branch_datetime_operator_2']) retrieved from /home/airflow/.local/lib/python3.7/site-packages/airflow/example_dags/example_branch_datetime_operator.py
[2022-08-11 05:50:31,343] {logging_mixin.py:115} INFO - [2022-08-11 05:50:31,343] {dag.py:2371} INFO - Sync 1 DAGs
[2022-08-11 05:50:31,467] {logging_mixin.py:115} INFO - [2022-08-11 05:50:31,467] {dag.py:2919} INFO - Setting next_dagrun for example_branch_datetime_operator_2 to 2022-08-10T00:00:00+00:00, run_after=2022-08-11T00:00:00+00:00
[2022-08-11 05:50:31,520] {processor.py:161} INFO - Processing /home/airflow/.local/lib/python3.7/site-packages/airflow/example_dags/example_branch_datetime_operator.py took 0.416 seconds
[2022-08-11 05:55:32,647] {processor.py:153} INFO - Started process (PID=99360) to work on /home/airflow/.local/lib/python3.7/site-packages/airflow/example_dags/example_branch_datetime_operator.py
[2022-08-11 05:55:32,649] {processor.py:641} INFO - Processing file /home/airflow/.local/lib/python3.7/site-packages/airflow/example_dags/example_branch_datetime_operator.py for tasks to queue
[2022-08-11 05:55:32,651] {logging_mixin.py:115} INFO - [2022-08-11 05:55:32,650] {dagbag.py:507} INFO - Filling up the DagBag from /home/airflow/.local/lib/python3.7/site-packages/airflow/example_dags/example_branch_datetime_operator.py
[2022-08-11 05:55:32,667] {processor.py:651} INFO - DAG(s) dict_keys(['example_branch_datetime_operator_2']) retrieved from /home/airflow/.local/lib/python3.7/site-packages/airflow/example_dags/example_branch_datetime_operator.py
[2022-08-11 05:55:32,718] {logging_mixin.py:115} INFO - [2022-08-11 05:55:32,718] {dag.py:2371} INFO - Sync 1 DAGs
[2022-08-11 05:55:32,772] {logging_mixin.py:115} INFO - [2022-08-11 05:55:32,772] {dag.py:2919} INFO - Setting next_dagrun for example_branch_datetime_operator_2 to 2022-08-10T00:00:00+00:00, run_after=2022-08-11T00:00:00+00:00
[2022-08-11 05:55:32,806] {processor.py:161} INFO - Processing /home/airflow/.local/lib/python3.7/site-packages/airflow/example_dags/example_branch_datetime_operator.py took 0.164 seconds
[2022-08-11 05:56:03,954] {processor.py:153} INFO - Started process (PID=99415) to work on /home/airflow/.local/lib/python3.7/site-packages/airflow/example_dags/example_branch_datetime_operator.py
[2022-08-11 05:56:03,958] {processor.py:641} INFO - Processing file /home/airflow/.local/lib/python3.7/site-packages/airflow/example_dags/example_branch_datetime_operator.py for tasks to queue
[2022-08-11 05:56:03,961] {logging_mixin.py:115} INFO - [2022-08-11 05:56:03,961] {dagbag.py:507} INFO - Filling up the DagBag from /home/airflow/.local/lib/python3.7/site-packages/airflow/example_dags/example_branch_datetime_operator.py
[2022-08-11 05:56:03,990] {processor.py:651} INFO - DAG(s) dict_keys(['example_branch_datetime_operator_2']) retrieved from /home/airflow/.local/lib/python3.7/site-packages/airflow/example_dags/example_branch_datetime_operator.py
[2022-08-11 05:56:04,077] {logging_mixin.py:115} INFO - [2022-08-11 05:56:04,077] {dag.py:2371} INFO - Sync 1 DAGs
[2022-08-11 05:56:04,149] {logging_mixin.py:115} INFO - [2022-08-11 05:56:04,149] {dag.py:2919} INFO - Setting next_dagrun for example_branch_datetime_operator_2 to 2022-08-10T00:00:00+00:00, run_after=2022-08-11T00:00:00+00:00
[2022-08-11 05:56:04,193] {processor.py:161} INFO - Processing /home/airflow/.local/lib/python3.7/site-packages/airflow/example_dags/example_branch_datetime_operator.py took 0.249 seconds
[2022-08-11 06:01:05,890] {processor.py:153} INFO - Started process (PID=99468) to work on /home/airflow/.local/lib/python3.7/site-packages/airflow/example_dags/example_branch_datetime_operator.py
[2022-08-11 06:01:05,893] {processor.py:641} INFO - Processing file /home/airflow/.local/lib/python3.7/site-packages/airflow/example_dags/example_branch_datetime_operator.py for tasks to queue
[2022-08-11 06:01:05,895] {logging_mixin.py:115} INFO - [2022-08-11 06:01:05,895] {dagbag.py:507} INFO - Filling up the DagBag from /home/airflow/.local/lib/python3.7/site-packages/airflow/example_dags/example_branch_datetime_operator.py
[2022-08-11 06:01:05,927] {processor.py:651} INFO - DAG(s) dict_keys(['example_branch_datetime_operator_2']) retrieved from /home/airflow/.local/lib/python3.7/site-packages/airflow/example_dags/example_branch_datetime_operator.py
[2022-08-11 06:01:05,996] {logging_mixin.py:115} INFO - [2022-08-11 06:01:05,996] {dag.py:2371} INFO - Sync 1 DAGs
[2022-08-11 06:01:06,062] {logging_mixin.py:115} INFO - [2022-08-11 06:01:06,061] {dag.py:2919} INFO - Setting next_dagrun for example_branch_datetime_operator_2 to 2022-08-10T00:00:00+00:00, run_after=2022-08-11T00:00:00+00:00
[2022-08-11 06:01:06,095] {processor.py:161} INFO - Processing /home/airflow/.local/lib/python3.7/site-packages/airflow/example_dags/example_branch_datetime_operator.py took 0.209 seconds
[2022-08-11 06:01:37,102] {processor.py:153} INFO - Started process (PID=99520) to work on /home/airflow/.local/lib/python3.7/site-packages/airflow/example_dags/example_branch_datetime_operator.py
[2022-08-11 06:01:37,106] {processor.py:641} INFO - Processing file /home/airflow/.local/lib/python3.7/site-packages/airflow/example_dags/example_branch_datetime_operator.py for tasks to queue
[2022-08-11 06:01:37,109] {logging_mixin.py:115} INFO - [2022-08-11 06:01:37,109] {dagbag.py:507} INFO - Filling up the DagBag from /home/airflow/.local/lib/python3.7/site-packages/airflow/example_dags/example_branch_datetime_operator.py
[2022-08-11 06:01:37,134] {processor.py:651} INFO - DAG(s) dict_keys(['example_branch_datetime_operator_2']) retrieved from /home/airflow/.local/lib/python3.7/site-packages/airflow/example_dags/example_branch_datetime_operator.py
[2022-08-11 06:01:37,214] {logging_mixin.py:115} INFO - [2022-08-11 06:01:37,214] {dag.py:2371} INFO - Sync 1 DAGs
[2022-08-11 06:01:37,273] {logging_mixin.py:115} INFO - [2022-08-11 06:01:37,273] {dag.py:2919} INFO - Setting next_dagrun for example_branch_datetime_operator_2 to 2022-08-10T00:00:00+00:00, run_after=2022-08-11T00:00:00+00:00
[2022-08-11 06:01:37,314] {processor.py:161} INFO - Processing /home/airflow/.local/lib/python3.7/site-packages/airflow/example_dags/example_branch_datetime_operator.py took 0.221 seconds
[2022-08-11 06:05:33,497] {processor.py:153} INFO - Started process (PID=99570) to work on /home/airflow/.local/lib/python3.7/site-packages/airflow/example_dags/example_branch_datetime_operator.py
[2022-08-11 06:05:33,507] {processor.py:641} INFO - Processing file /home/airflow/.local/lib/python3.7/site-packages/airflow/example_dags/example_branch_datetime_operator.py for tasks to queue
[2022-08-11 06:05:33,511] {logging_mixin.py:115} INFO - [2022-08-11 06:05:33,511] {dagbag.py:507} INFO - Filling up the DagBag from /home/airflow/.local/lib/python3.7/site-packages/airflow/example_dags/example_branch_datetime_operator.py
[2022-08-11 06:05:33,567] {processor.py:651} INFO - DAG(s) dict_keys(['example_branch_datetime_operator_2']) retrieved from /home/airflow/.local/lib/python3.7/site-packages/airflow/example_dags/example_branch_datetime_operator.py
[2022-08-11 06:05:33,854] {logging_mixin.py:115} INFO - [2022-08-11 06:05:33,854] {dag.py:2371} INFO - Sync 1 DAGs
[2022-08-11 06:05:34,001] {logging_mixin.py:115} INFO - [2022-08-11 06:05:34,001] {dag.py:2919} INFO - Setting next_dagrun for example_branch_datetime_operator_2 to 2022-08-10T00:00:00+00:00, run_after=2022-08-11T00:00:00+00:00
[2022-08-11 06:05:34,077] {processor.py:161} INFO - Processing /home/airflow/.local/lib/python3.7/site-packages/airflow/example_dags/example_branch_datetime_operator.py took 0.624 seconds
[2022-08-11 06:10:47,686] {processor.py:153} INFO - Started process (PID=99616) to work on /home/airflow/.local/lib/python3.7/site-packages/airflow/example_dags/example_branch_datetime_operator.py
[2022-08-11 06:10:47,687] {processor.py:641} INFO - Processing file /home/airflow/.local/lib/python3.7/site-packages/airflow/example_dags/example_branch_datetime_operator.py for tasks to queue
[2022-08-11 06:10:47,689] {logging_mixin.py:115} INFO - [2022-08-11 06:10:47,688] {dagbag.py:507} INFO - Filling up the DagBag from /home/airflow/.local/lib/python3.7/site-packages/airflow/example_dags/example_branch_datetime_operator.py
[2022-08-11 06:10:47,699] {processor.py:651} INFO - DAG(s) dict_keys(['example_branch_datetime_operator_2']) retrieved from /home/airflow/.local/lib/python3.7/site-packages/airflow/example_dags/example_branch_datetime_operator.py
[2022-08-11 06:10:47,733] {logging_mixin.py:115} INFO - [2022-08-11 06:10:47,733] {dag.py:2371} INFO - Sync 1 DAGs
[2022-08-11 06:10:47,759] {logging_mixin.py:115} INFO - [2022-08-11 06:10:47,758] {dag.py:2919} INFO - Setting next_dagrun for example_branch_datetime_operator_2 to 2022-08-10T00:00:00+00:00, run_after=2022-08-11T00:00:00+00:00
[2022-08-11 06:10:47,774] {processor.py:161} INFO - Processing /home/airflow/.local/lib/python3.7/site-packages/airflow/example_dags/example_branch_datetime_operator.py took 0.091 seconds
[2022-08-11 07:20:17,407] {processor.py:153} INFO - Started process (PID=99676) to work on /home/airflow/.local/lib/python3.7/site-packages/airflow/example_dags/example_branch_datetime_operator.py
[2022-08-11 07:20:17,409] {processor.py:641} INFO - Processing file /home/airflow/.local/lib/python3.7/site-packages/airflow/example_dags/example_branch_datetime_operator.py for tasks to queue
[2022-08-11 07:20:17,412] {logging_mixin.py:115} INFO - [2022-08-11 07:20:17,411] {dagbag.py:507} INFO - Filling up the DagBag from /home/airflow/.local/lib/python3.7/site-packages/airflow/example_dags/example_branch_datetime_operator.py
[2022-08-11 07:20:17,436] {processor.py:651} INFO - DAG(s) dict_keys(['example_branch_datetime_operator_2']) retrieved from /home/airflow/.local/lib/python3.7/site-packages/airflow/example_dags/example_branch_datetime_operator.py
[2022-08-11 07:20:17,511] {logging_mixin.py:115} INFO - [2022-08-11 07:20:17,511] {dag.py:2371} INFO - Sync 1 DAGs
[2022-08-11 07:20:17,553] {logging_mixin.py:115} INFO - [2022-08-11 07:20:17,553] {dag.py:2919} INFO - Setting next_dagrun for example_branch_datetime_operator_2 to 2022-08-10T00:00:00+00:00, run_after=2022-08-11T00:00:00+00:00
[2022-08-11 07:20:17,585] {processor.py:161} INFO - Processing /home/airflow/.local/lib/python3.7/site-packages/airflow/example_dags/example_branch_datetime_operator.py took 0.187 seconds
[2022-08-11 10:56:30,217] {processor.py:153} INFO - Started process (PID=99728) to work on /home/airflow/.local/lib/python3.7/site-packages/airflow/example_dags/example_branch_datetime_operator.py
[2022-08-11 10:56:30,220] {processor.py:641} INFO - Processing file /home/airflow/.local/lib/python3.7/site-packages/airflow/example_dags/example_branch_datetime_operator.py for tasks to queue
[2022-08-11 10:56:30,223] {logging_mixin.py:115} INFO - [2022-08-11 10:56:30,223] {dagbag.py:507} INFO - Filling up the DagBag from /home/airflow/.local/lib/python3.7/site-packages/airflow/example_dags/example_branch_datetime_operator.py
[2022-08-11 10:56:30,257] {processor.py:651} INFO - DAG(s) dict_keys(['example_branch_datetime_operator_2']) retrieved from /home/airflow/.local/lib/python3.7/site-packages/airflow/example_dags/example_branch_datetime_operator.py
[2022-08-11 10:56:30,337] {logging_mixin.py:115} INFO - [2022-08-11 10:56:30,337] {dag.py:2371} INFO - Sync 1 DAGs
[2022-08-11 10:56:30,415] {logging_mixin.py:115} INFO - [2022-08-11 10:56:30,414] {dag.py:2919} INFO - Setting next_dagrun for example_branch_datetime_operator_2 to 2022-08-10T00:00:00+00:00, run_after=2022-08-11T00:00:00+00:00
[2022-08-11 10:56:30,468] {processor.py:161} INFO - Processing /home/airflow/.local/lib/python3.7/site-packages/airflow/example_dags/example_branch_datetime_operator.py took 0.257 seconds
[2022-08-11 12:44:45,104] {processor.py:153} INFO - Started process (PID=99780) to work on /home/airflow/.local/lib/python3.7/site-packages/airflow/example_dags/example_branch_datetime_operator.py
[2022-08-11 12:44:45,106] {processor.py:641} INFO - Processing file /home/airflow/.local/lib/python3.7/site-packages/airflow/example_dags/example_branch_datetime_operator.py for tasks to queue
[2022-08-11 12:44:45,107] {logging_mixin.py:115} INFO - [2022-08-11 12:44:45,107] {dagbag.py:507} INFO - Filling up the DagBag from /home/airflow/.local/lib/python3.7/site-packages/airflow/example_dags/example_branch_datetime_operator.py
[2022-08-11 12:44:45,117] {processor.py:651} INFO - DAG(s) dict_keys(['example_branch_datetime_operator_2']) retrieved from /home/airflow/.local/lib/python3.7/site-packages/airflow/example_dags/example_branch_datetime_operator.py
[2022-08-11 12:44:45,151] {logging_mixin.py:115} INFO - [2022-08-11 12:44:45,151] {dag.py:2371} INFO - Sync 1 DAGs
[2022-08-11 12:44:45,175] {logging_mixin.py:115} INFO - [2022-08-11 12:44:45,175] {dag.py:2919} INFO - Setting next_dagrun for example_branch_datetime_operator_2 to 2022-08-10T00:00:00+00:00, run_after=2022-08-11T00:00:00+00:00
[2022-08-11 12:44:45,203] {processor.py:161} INFO - Processing /home/airflow/.local/lib/python3.7/site-packages/airflow/example_dags/example_branch_datetime_operator.py took 0.103 seconds
[2022-08-11 16:20:53,289] {processor.py:153} INFO - Started process (PID=99833) to work on /home/airflow/.local/lib/python3.7/site-packages/airflow/example_dags/example_branch_datetime_operator.py
[2022-08-11 16:20:53,293] {processor.py:641} INFO - Processing file /home/airflow/.local/lib/python3.7/site-packages/airflow/example_dags/example_branch_datetime_operator.py for tasks to queue
[2022-08-11 16:20:53,295] {logging_mixin.py:115} INFO - [2022-08-11 16:20:53,295] {dagbag.py:507} INFO - Filling up the DagBag from /home/airflow/.local/lib/python3.7/site-packages/airflow/example_dags/example_branch_datetime_operator.py
[2022-08-11 16:20:53,311] {processor.py:651} INFO - DAG(s) dict_keys(['example_branch_datetime_operator_2']) retrieved from /home/airflow/.local/lib/python3.7/site-packages/airflow/example_dags/example_branch_datetime_operator.py
[2022-08-11 16:20:53,368] {logging_mixin.py:115} INFO - [2022-08-11 16:20:53,368] {dag.py:2371} INFO - Sync 1 DAGs
[2022-08-11 16:20:53,411] {logging_mixin.py:115} INFO - [2022-08-11 16:20:53,411] {dag.py:2919} INFO - Setting next_dagrun for example_branch_datetime_operator_2 to 2022-08-10T00:00:00+00:00, run_after=2022-08-11T00:00:00+00:00
[2022-08-11 16:20:53,427] {processor.py:161} INFO - Processing /home/airflow/.local/lib/python3.7/site-packages/airflow/example_dags/example_branch_datetime_operator.py took 0.148 seconds
