[2022-08-11 00:49:18,892] {processor.py:153} INFO - Started process (PID=97683) to work on /home/airflow/.local/lib/python3.7/site-packages/airflow/example_dags/example_short_circuit_operator.py
[2022-08-11 00:49:18,894] {processor.py:641} INFO - Processing file /home/airflow/.local/lib/python3.7/site-packages/airflow/example_dags/example_short_circuit_operator.py for tasks to queue
[2022-08-11 00:49:18,898] {logging_mixin.py:115} INFO - [2022-08-11 00:49:18,897] {dagbag.py:507} INFO - Filling up the DagBag from /home/airflow/.local/lib/python3.7/site-packages/airflow/example_dags/example_short_circuit_operator.py
[2022-08-11 00:49:18,940] {processor.py:651} INFO - DAG(s) dict_keys(['example_short_circuit_operator']) retrieved from /home/airflow/.local/lib/python3.7/site-packages/airflow/example_dags/example_short_circuit_operator.py
[2022-08-11 00:49:19,063] {logging_mixin.py:115} INFO - [2022-08-11 00:49:19,063] {dag.py:2371} INFO - Sync 1 DAGs
[2022-08-11 00:49:19,112] {logging_mixin.py:115} INFO - [2022-08-11 00:49:19,112] {dag.py:2919} INFO - Setting next_dagrun for example_short_circuit_operator to 2022-08-10T00:49:19.112186+00:00, run_after=2022-08-11T00:49:19.112186+00:00
[2022-08-11 00:49:19,137] {processor.py:161} INFO - Processing /home/airflow/.local/lib/python3.7/site-packages/airflow/example_dags/example_short_circuit_operator.py took 0.250 seconds
[2022-08-11 02:37:23,323] {processor.py:153} INFO - Started process (PID=97729) to work on /home/airflow/.local/lib/python3.7/site-packages/airflow/example_dags/example_short_circuit_operator.py
[2022-08-11 02:37:23,329] {processor.py:641} INFO - Processing file /home/airflow/.local/lib/python3.7/site-packages/airflow/example_dags/example_short_circuit_operator.py for tasks to queue
[2022-08-11 02:37:23,330] {logging_mixin.py:115} INFO - [2022-08-11 02:37:23,330] {dagbag.py:507} INFO - Filling up the DagBag from /home/airflow/.local/lib/python3.7/site-packages/airflow/example_dags/example_short_circuit_operator.py
[2022-08-11 02:37:23,358] {processor.py:651} INFO - DAG(s) dict_keys(['example_short_circuit_operator']) retrieved from /home/airflow/.local/lib/python3.7/site-packages/airflow/example_dags/example_short_circuit_operator.py
[2022-08-11 02:37:23,428] {logging_mixin.py:115} INFO - [2022-08-11 02:37:23,427] {dag.py:2371} INFO - Sync 1 DAGs
[2022-08-11 02:37:23,481] {logging_mixin.py:115} INFO - [2022-08-11 02:37:23,481] {dag.py:2919} INFO - Setting next_dagrun for example_short_circuit_operator to 2022-08-10T02:37:23.481021+00:00, run_after=2022-08-11T02:37:23.481021+00:00
[2022-08-11 02:37:23,527] {processor.py:161} INFO - Processing /home/airflow/.local/lib/python3.7/site-packages/airflow/example_dags/example_short_circuit_operator.py took 0.208 seconds
[2022-08-11 02:43:09,436] {processor.py:153} INFO - Started process (PID=97773) to work on /home/airflow/.local/lib/python3.7/site-packages/airflow/example_dags/example_short_circuit_operator.py
[2022-08-11 02:43:09,441] {processor.py:641} INFO - Processing file /home/airflow/.local/lib/python3.7/site-packages/airflow/example_dags/example_short_circuit_operator.py for tasks to queue
[2022-08-11 02:43:09,442] {logging_mixin.py:115} INFO - [2022-08-11 02:43:09,442] {dagbag.py:507} INFO - Filling up the DagBag from /home/airflow/.local/lib/python3.7/site-packages/airflow/example_dags/example_short_circuit_operator.py
[2022-08-11 02:43:09,479] {processor.py:651} INFO - DAG(s) dict_keys(['example_short_circuit_operator']) retrieved from /home/airflow/.local/lib/python3.7/site-packages/airflow/example_dags/example_short_circuit_operator.py
[2022-08-11 02:43:09,578] {logging_mixin.py:115} INFO - [2022-08-11 02:43:09,578] {dag.py:2371} INFO - Sync 1 DAGs
[2022-08-11 02:43:09,630] {logging_mixin.py:115} INFO - [2022-08-11 02:43:09,630] {dag.py:2919} INFO - Setting next_dagrun for example_short_circuit_operator to 2022-08-10T02:43:09.629803+00:00, run_after=2022-08-11T02:43:09.629803+00:00
[2022-08-11 02:43:09,672] {processor.py:161} INFO - Processing /home/airflow/.local/lib/python3.7/site-packages/airflow/example_dags/example_short_circuit_operator.py took 0.248 seconds
[2022-08-11 04:26:21,407] {processor.py:153} INFO - Started process (PID=97816) to work on /home/airflow/.local/lib/python3.7/site-packages/airflow/example_dags/example_short_circuit_operator.py
[2022-08-11 04:26:21,414] {processor.py:641} INFO - Processing file /home/airflow/.local/lib/python3.7/site-packages/airflow/example_dags/example_short_circuit_operator.py for tasks to queue
[2022-08-11 04:26:21,416] {logging_mixin.py:115} INFO - [2022-08-11 04:26:21,416] {dagbag.py:507} INFO - Filling up the DagBag from /home/airflow/.local/lib/python3.7/site-packages/airflow/example_dags/example_short_circuit_operator.py
[2022-08-11 04:26:21,481] {processor.py:651} INFO - DAG(s) dict_keys(['example_short_circuit_operator']) retrieved from /home/airflow/.local/lib/python3.7/site-packages/airflow/example_dags/example_short_circuit_operator.py
[2022-08-11 04:26:21,689] {logging_mixin.py:115} INFO - [2022-08-11 04:26:21,689] {dag.py:2371} INFO - Sync 1 DAGs
[2022-08-11 04:26:21,902] {logging_mixin.py:115} INFO - [2022-08-11 04:26:21,902] {dag.py:2919} INFO - Setting next_dagrun for example_short_circuit_operator to 2022-08-10T04:26:21.902105+00:00, run_after=2022-08-11T04:26:21.902105+00:00
[2022-08-11 04:26:21,966] {processor.py:161} INFO - Processing /home/airflow/.local/lib/python3.7/site-packages/airflow/example_dags/example_short_circuit_operator.py took 0.566 seconds
[2022-08-11 04:26:52,167] {processor.py:153} INFO - Started process (PID=97867) to work on /home/airflow/.local/lib/python3.7/site-packages/airflow/example_dags/example_short_circuit_operator.py
[2022-08-11 04:26:52,171] {processor.py:641} INFO - Processing file /home/airflow/.local/lib/python3.7/site-packages/airflow/example_dags/example_short_circuit_operator.py for tasks to queue
[2022-08-11 04:26:52,176] {logging_mixin.py:115} INFO - [2022-08-11 04:26:52,175] {dagbag.py:507} INFO - Filling up the DagBag from /home/airflow/.local/lib/python3.7/site-packages/airflow/example_dags/example_short_circuit_operator.py
[2022-08-11 04:26:52,213] {processor.py:651} INFO - DAG(s) dict_keys(['example_short_circuit_operator']) retrieved from /home/airflow/.local/lib/python3.7/site-packages/airflow/example_dags/example_short_circuit_operator.py
[2022-08-11 04:26:52,308] {logging_mixin.py:115} INFO - [2022-08-11 04:26:52,307] {dag.py:2371} INFO - Sync 1 DAGs
[2022-08-11 04:26:52,374] {logging_mixin.py:115} INFO - [2022-08-11 04:26:52,374] {dag.py:2919} INFO - Setting next_dagrun for example_short_circuit_operator to 2022-08-10T04:26:52.373085+00:00, run_after=2022-08-11T04:26:52.373085+00:00
[2022-08-11 04:26:52,417] {processor.py:161} INFO - Processing /home/airflow/.local/lib/python3.7/site-packages/airflow/example_dags/example_short_circuit_operator.py took 0.262 seconds
[2022-08-11 04:27:23,595] {processor.py:153} INFO - Started process (PID=97919) to work on /home/airflow/.local/lib/python3.7/site-packages/airflow/example_dags/example_short_circuit_operator.py
[2022-08-11 04:27:23,599] {processor.py:641} INFO - Processing file /home/airflow/.local/lib/python3.7/site-packages/airflow/example_dags/example_short_circuit_operator.py for tasks to queue
[2022-08-11 04:27:23,603] {logging_mixin.py:115} INFO - [2022-08-11 04:27:23,602] {dagbag.py:507} INFO - Filling up the DagBag from /home/airflow/.local/lib/python3.7/site-packages/airflow/example_dags/example_short_circuit_operator.py
[2022-08-11 04:27:23,637] {processor.py:651} INFO - DAG(s) dict_keys(['example_short_circuit_operator']) retrieved from /home/airflow/.local/lib/python3.7/site-packages/airflow/example_dags/example_short_circuit_operator.py
[2022-08-11 04:27:23,734] {logging_mixin.py:115} INFO - [2022-08-11 04:27:23,733] {dag.py:2371} INFO - Sync 1 DAGs
[2022-08-11 04:27:23,816] {logging_mixin.py:115} INFO - [2022-08-11 04:27:23,815] {dag.py:2919} INFO - Setting next_dagrun for example_short_circuit_operator to 2022-08-10T04:27:23.814956+00:00, run_after=2022-08-11T04:27:23.814956+00:00
[2022-08-11 04:27:23,899] {processor.py:161} INFO - Processing /home/airflow/.local/lib/python3.7/site-packages/airflow/example_dags/example_short_circuit_operator.py took 0.320 seconds
[2022-08-11 04:32:18,352] {processor.py:153} INFO - Started process (PID=97955) to work on /home/airflow/.local/lib/python3.7/site-packages/airflow/example_dags/example_short_circuit_operator.py
[2022-08-11 04:32:18,359] {processor.py:641} INFO - Processing file /home/airflow/.local/lib/python3.7/site-packages/airflow/example_dags/example_short_circuit_operator.py for tasks to queue
[2022-08-11 04:32:18,373] {logging_mixin.py:115} INFO - [2022-08-11 04:32:18,372] {dagbag.py:507} INFO - Filling up the DagBag from /home/airflow/.local/lib/python3.7/site-packages/airflow/example_dags/example_short_circuit_operator.py
[2022-08-11 04:32:18,397] {processor.py:651} INFO - DAG(s) dict_keys(['example_short_circuit_operator']) retrieved from /home/airflow/.local/lib/python3.7/site-packages/airflow/example_dags/example_short_circuit_operator.py
[2022-08-11 04:32:18,482] {logging_mixin.py:115} INFO - [2022-08-11 04:32:18,482] {dag.py:2371} INFO - Sync 1 DAGs
[2022-08-11 04:32:18,540] {logging_mixin.py:115} INFO - [2022-08-11 04:32:18,540] {dag.py:2919} INFO - Setting next_dagrun for example_short_circuit_operator to 2022-08-10T04:32:18.540189+00:00, run_after=2022-08-11T04:32:18.540189+00:00
[2022-08-11 04:32:18,576] {processor.py:161} INFO - Processing /home/airflow/.local/lib/python3.7/site-packages/airflow/example_dags/example_short_circuit_operator.py took 0.235 seconds
[2022-08-11 04:32:49,625] {processor.py:153} INFO - Started process (PID=98008) to work on /home/airflow/.local/lib/python3.7/site-packages/airflow/example_dags/example_short_circuit_operator.py
[2022-08-11 04:32:49,630] {processor.py:641} INFO - Processing file /home/airflow/.local/lib/python3.7/site-packages/airflow/example_dags/example_short_circuit_operator.py for tasks to queue
[2022-08-11 04:32:49,634] {logging_mixin.py:115} INFO - [2022-08-11 04:32:49,634] {dagbag.py:507} INFO - Filling up the DagBag from /home/airflow/.local/lib/python3.7/site-packages/airflow/example_dags/example_short_circuit_operator.py
[2022-08-11 04:32:49,680] {processor.py:651} INFO - DAG(s) dict_keys(['example_short_circuit_operator']) retrieved from /home/airflow/.local/lib/python3.7/site-packages/airflow/example_dags/example_short_circuit_operator.py
[2022-08-11 04:32:49,806] {logging_mixin.py:115} INFO - [2022-08-11 04:32:49,806] {dag.py:2371} INFO - Sync 1 DAGs
[2022-08-11 04:32:49,886] {logging_mixin.py:115} INFO - [2022-08-11 04:32:49,886] {dag.py:2919} INFO - Setting next_dagrun for example_short_circuit_operator to 2022-08-10T04:32:49.885147+00:00, run_after=2022-08-11T04:32:49.885147+00:00
[2022-08-11 04:32:49,935] {processor.py:161} INFO - Processing /home/airflow/.local/lib/python3.7/site-packages/airflow/example_dags/example_short_circuit_operator.py took 0.325 seconds
[2022-08-11 04:37:48,842] {processor.py:153} INFO - Started process (PID=98051) to work on /home/airflow/.local/lib/python3.7/site-packages/airflow/example_dags/example_short_circuit_operator.py
[2022-08-11 04:37:48,843] {processor.py:641} INFO - Processing file /home/airflow/.local/lib/python3.7/site-packages/airflow/example_dags/example_short_circuit_operator.py for tasks to queue
[2022-08-11 04:37:48,845] {logging_mixin.py:115} INFO - [2022-08-11 04:37:48,844] {dagbag.py:507} INFO - Filling up the DagBag from /home/airflow/.local/lib/python3.7/site-packages/airflow/example_dags/example_short_circuit_operator.py
[2022-08-11 04:37:48,868] {processor.py:651} INFO - DAG(s) dict_keys(['example_short_circuit_operator']) retrieved from /home/airflow/.local/lib/python3.7/site-packages/airflow/example_dags/example_short_circuit_operator.py
[2022-08-11 04:37:48,920] {logging_mixin.py:115} INFO - [2022-08-11 04:37:48,920] {dag.py:2371} INFO - Sync 1 DAGs
[2022-08-11 04:37:48,969] {logging_mixin.py:115} INFO - [2022-08-11 04:37:48,969] {dag.py:2919} INFO - Setting next_dagrun for example_short_circuit_operator to 2022-08-10T04:37:48.961074+00:00, run_after=2022-08-11T04:37:48.961074+00:00
[2022-08-11 04:37:49,007] {processor.py:161} INFO - Processing /home/airflow/.local/lib/python3.7/site-packages/airflow/example_dags/example_short_circuit_operator.py took 0.172 seconds
[2022-08-11 04:38:20,393] {processor.py:153} INFO - Started process (PID=98103) to work on /home/airflow/.local/lib/python3.7/site-packages/airflow/example_dags/example_short_circuit_operator.py
[2022-08-11 04:38:20,400] {processor.py:641} INFO - Processing file /home/airflow/.local/lib/python3.7/site-packages/airflow/example_dags/example_short_circuit_operator.py for tasks to queue
[2022-08-11 04:38:20,405] {logging_mixin.py:115} INFO - [2022-08-11 04:38:20,404] {dagbag.py:507} INFO - Filling up the DagBag from /home/airflow/.local/lib/python3.7/site-packages/airflow/example_dags/example_short_circuit_operator.py
[2022-08-11 04:38:20,479] {processor.py:651} INFO - DAG(s) dict_keys(['example_short_circuit_operator']) retrieved from /home/airflow/.local/lib/python3.7/site-packages/airflow/example_dags/example_short_circuit_operator.py
[2022-08-11 04:38:20,618] {logging_mixin.py:115} INFO - [2022-08-11 04:38:20,618] {dag.py:2371} INFO - Sync 1 DAGs
[2022-08-11 04:38:20,737] {logging_mixin.py:115} INFO - [2022-08-11 04:38:20,737] {dag.py:2919} INFO - Setting next_dagrun for example_short_circuit_operator to 2022-08-10T04:38:20.735567+00:00, run_after=2022-08-11T04:38:20.735567+00:00
[2022-08-11 04:38:20,784] {processor.py:161} INFO - Processing /home/airflow/.local/lib/python3.7/site-packages/airflow/example_dags/example_short_circuit_operator.py took 0.410 seconds
[2022-08-11 04:43:23,356] {processor.py:153} INFO - Started process (PID=98157) to work on /home/airflow/.local/lib/python3.7/site-packages/airflow/example_dags/example_short_circuit_operator.py
[2022-08-11 04:43:23,364] {processor.py:641} INFO - Processing file /home/airflow/.local/lib/python3.7/site-packages/airflow/example_dags/example_short_circuit_operator.py for tasks to queue
[2022-08-11 04:43:23,366] {logging_mixin.py:115} INFO - [2022-08-11 04:43:23,366] {dagbag.py:507} INFO - Filling up the DagBag from /home/airflow/.local/lib/python3.7/site-packages/airflow/example_dags/example_short_circuit_operator.py
[2022-08-11 04:43:23,395] {processor.py:651} INFO - DAG(s) dict_keys(['example_short_circuit_operator']) retrieved from /home/airflow/.local/lib/python3.7/site-packages/airflow/example_dags/example_short_circuit_operator.py
[2022-08-11 04:43:23,501] {logging_mixin.py:115} INFO - [2022-08-11 04:43:23,501] {dag.py:2371} INFO - Sync 1 DAGs
[2022-08-11 04:43:23,568] {logging_mixin.py:115} INFO - [2022-08-11 04:43:23,568] {dag.py:2919} INFO - Setting next_dagrun for example_short_circuit_operator to 2022-08-10T04:43:23.567985+00:00, run_after=2022-08-11T04:43:23.567985+00:00
[2022-08-11 04:43:23,630] {processor.py:161} INFO - Processing /home/airflow/.local/lib/python3.7/site-packages/airflow/example_dags/example_short_circuit_operator.py took 0.280 seconds
[2022-08-11 04:43:54,715] {processor.py:153} INFO - Started process (PID=98209) to work on /home/airflow/.local/lib/python3.7/site-packages/airflow/example_dags/example_short_circuit_operator.py
[2022-08-11 04:43:54,722] {processor.py:641} INFO - Processing file /home/airflow/.local/lib/python3.7/site-packages/airflow/example_dags/example_short_circuit_operator.py for tasks to queue
[2022-08-11 04:43:54,732] {logging_mixin.py:115} INFO - [2022-08-11 04:43:54,731] {dagbag.py:507} INFO - Filling up the DagBag from /home/airflow/.local/lib/python3.7/site-packages/airflow/example_dags/example_short_circuit_operator.py
[2022-08-11 04:43:54,800] {processor.py:651} INFO - DAG(s) dict_keys(['example_short_circuit_operator']) retrieved from /home/airflow/.local/lib/python3.7/site-packages/airflow/example_dags/example_short_circuit_operator.py
[2022-08-11 04:43:54,961] {logging_mixin.py:115} INFO - [2022-08-11 04:43:54,961] {dag.py:2371} INFO - Sync 1 DAGs
[2022-08-11 04:43:55,064] {logging_mixin.py:115} INFO - [2022-08-11 04:43:55,064] {dag.py:2919} INFO - Setting next_dagrun for example_short_circuit_operator to 2022-08-10T04:43:55.063263+00:00, run_after=2022-08-11T04:43:55.063263+00:00
[2022-08-11 04:43:55,150] {processor.py:161} INFO - Processing /home/airflow/.local/lib/python3.7/site-packages/airflow/example_dags/example_short_circuit_operator.py took 0.455 seconds
[2022-08-11 04:48:58,862] {processor.py:153} INFO - Started process (PID=98253) to work on /home/airflow/.local/lib/python3.7/site-packages/airflow/example_dags/example_short_circuit_operator.py
[2022-08-11 04:48:58,867] {processor.py:641} INFO - Processing file /home/airflow/.local/lib/python3.7/site-packages/airflow/example_dags/example_short_circuit_operator.py for tasks to queue
[2022-08-11 04:48:58,869] {logging_mixin.py:115} INFO - [2022-08-11 04:48:58,868] {dagbag.py:507} INFO - Filling up the DagBag from /home/airflow/.local/lib/python3.7/site-packages/airflow/example_dags/example_short_circuit_operator.py
[2022-08-11 04:48:58,892] {processor.py:651} INFO - DAG(s) dict_keys(['example_short_circuit_operator']) retrieved from /home/airflow/.local/lib/python3.7/site-packages/airflow/example_dags/example_short_circuit_operator.py
[2022-08-11 04:48:58,939] {logging_mixin.py:115} INFO - [2022-08-11 04:48:58,938] {dag.py:2371} INFO - Sync 1 DAGs
[2022-08-11 04:48:58,972] {logging_mixin.py:115} INFO - [2022-08-11 04:48:58,972] {dag.py:2919} INFO - Setting next_dagrun for example_short_circuit_operator to 2022-08-10T04:48:58.971802+00:00, run_after=2022-08-11T04:48:58.971802+00:00
[2022-08-11 04:48:58,990] {processor.py:161} INFO - Processing /home/airflow/.local/lib/python3.7/site-packages/airflow/example_dags/example_short_circuit_operator.py took 0.134 seconds
[2022-08-11 04:49:30,748] {processor.py:153} INFO - Started process (PID=98307) to work on /home/airflow/.local/lib/python3.7/site-packages/airflow/example_dags/example_short_circuit_operator.py
[2022-08-11 04:49:30,754] {processor.py:641} INFO - Processing file /home/airflow/.local/lib/python3.7/site-packages/airflow/example_dags/example_short_circuit_operator.py for tasks to queue
[2022-08-11 04:49:30,764] {logging_mixin.py:115} INFO - [2022-08-11 04:49:30,762] {dagbag.py:507} INFO - Filling up the DagBag from /home/airflow/.local/lib/python3.7/site-packages/airflow/example_dags/example_short_circuit_operator.py
[2022-08-11 04:49:30,883] {processor.py:651} INFO - DAG(s) dict_keys(['example_short_circuit_operator']) retrieved from /home/airflow/.local/lib/python3.7/site-packages/airflow/example_dags/example_short_circuit_operator.py
[2022-08-11 04:49:31,133] {logging_mixin.py:115} INFO - [2022-08-11 04:49:31,133] {dag.py:2371} INFO - Sync 1 DAGs
[2022-08-11 04:49:31,301] {logging_mixin.py:115} INFO - [2022-08-11 04:49:31,301] {dag.py:2919} INFO - Setting next_dagrun for example_short_circuit_operator to 2022-08-10T04:49:31.299669+00:00, run_after=2022-08-11T04:49:31.299669+00:00
[2022-08-11 04:49:31,384] {processor.py:161} INFO - Processing /home/airflow/.local/lib/python3.7/site-packages/airflow/example_dags/example_short_circuit_operator.py took 0.652 seconds
[2022-08-11 04:54:32,440] {processor.py:153} INFO - Started process (PID=98353) to work on /home/airflow/.local/lib/python3.7/site-packages/airflow/example_dags/example_short_circuit_operator.py
[2022-08-11 04:54:32,442] {processor.py:641} INFO - Processing file /home/airflow/.local/lib/python3.7/site-packages/airflow/example_dags/example_short_circuit_operator.py for tasks to queue
[2022-08-11 04:54:32,444] {logging_mixin.py:115} INFO - [2022-08-11 04:54:32,444] {dagbag.py:507} INFO - Filling up the DagBag from /home/airflow/.local/lib/python3.7/site-packages/airflow/example_dags/example_short_circuit_operator.py
[2022-08-11 04:54:32,484] {processor.py:651} INFO - DAG(s) dict_keys(['example_short_circuit_operator']) retrieved from /home/airflow/.local/lib/python3.7/site-packages/airflow/example_dags/example_short_circuit_operator.py
[2022-08-11 04:54:32,541] {logging_mixin.py:115} INFO - [2022-08-11 04:54:32,541] {dag.py:2371} INFO - Sync 1 DAGs
[2022-08-11 04:54:32,580] {logging_mixin.py:115} INFO - [2022-08-11 04:54:32,579] {dag.py:2919} INFO - Setting next_dagrun for example_short_circuit_operator to 2022-08-10T04:54:32.579450+00:00, run_after=2022-08-11T04:54:32.579450+00:00
[2022-08-11 04:54:32,624] {processor.py:161} INFO - Processing /home/airflow/.local/lib/python3.7/site-packages/airflow/example_dags/example_short_circuit_operator.py took 0.207 seconds
[2022-08-11 04:55:03,120] {processor.py:153} INFO - Started process (PID=98406) to work on /home/airflow/.local/lib/python3.7/site-packages/airflow/example_dags/example_short_circuit_operator.py
[2022-08-11 04:55:03,126] {processor.py:641} INFO - Processing file /home/airflow/.local/lib/python3.7/site-packages/airflow/example_dags/example_short_circuit_operator.py for tasks to queue
[2022-08-11 04:55:03,129] {logging_mixin.py:115} INFO - [2022-08-11 04:55:03,129] {dagbag.py:507} INFO - Filling up the DagBag from /home/airflow/.local/lib/python3.7/site-packages/airflow/example_dags/example_short_circuit_operator.py
[2022-08-11 04:55:03,168] {processor.py:651} INFO - DAG(s) dict_keys(['example_short_circuit_operator']) retrieved from /home/airflow/.local/lib/python3.7/site-packages/airflow/example_dags/example_short_circuit_operator.py
[2022-08-11 04:55:03,255] {logging_mixin.py:115} INFO - [2022-08-11 04:55:03,255] {dag.py:2371} INFO - Sync 1 DAGs
[2022-08-11 04:55:03,313] {logging_mixin.py:115} INFO - [2022-08-11 04:55:03,312] {dag.py:2919} INFO - Setting next_dagrun for example_short_circuit_operator to 2022-08-10T04:55:03.312071+00:00, run_after=2022-08-11T04:55:03.312071+00:00
[2022-08-11 04:55:03,347] {processor.py:161} INFO - Processing /home/airflow/.local/lib/python3.7/site-packages/airflow/example_dags/example_short_circuit_operator.py took 0.238 seconds
[2022-08-11 04:55:33,620] {processor.py:153} INFO - Started process (PID=98458) to work on /home/airflow/.local/lib/python3.7/site-packages/airflow/example_dags/example_short_circuit_operator.py
[2022-08-11 04:55:33,622] {processor.py:641} INFO - Processing file /home/airflow/.local/lib/python3.7/site-packages/airflow/example_dags/example_short_circuit_operator.py for tasks to queue
[2022-08-11 04:55:33,625] {logging_mixin.py:115} INFO - [2022-08-11 04:55:33,625] {dagbag.py:507} INFO - Filling up the DagBag from /home/airflow/.local/lib/python3.7/site-packages/airflow/example_dags/example_short_circuit_operator.py
[2022-08-11 04:55:33,648] {processor.py:651} INFO - DAG(s) dict_keys(['example_short_circuit_operator']) retrieved from /home/airflow/.local/lib/python3.7/site-packages/airflow/example_dags/example_short_circuit_operator.py
[2022-08-11 04:55:33,724] {logging_mixin.py:115} INFO - [2022-08-11 04:55:33,724] {dag.py:2371} INFO - Sync 1 DAGs
[2022-08-11 04:55:33,768] {logging_mixin.py:115} INFO - [2022-08-11 04:55:33,768] {dag.py:2919} INFO - Setting next_dagrun for example_short_circuit_operator to 2022-08-10T04:55:33.767612+00:00, run_after=2022-08-11T04:55:33.767612+00:00
[2022-08-11 04:55:33,800] {processor.py:161} INFO - Processing /home/airflow/.local/lib/python3.7/site-packages/airflow/example_dags/example_short_circuit_operator.py took 0.188 seconds
[2022-08-11 05:10:39,312] {processor.py:153} INFO - Started process (PID=98477) to work on /home/airflow/.local/lib/python3.7/site-packages/airflow/example_dags/example_short_circuit_operator.py
[2022-08-11 05:10:39,327] {processor.py:641} INFO - Processing file /home/airflow/.local/lib/python3.7/site-packages/airflow/example_dags/example_short_circuit_operator.py for tasks to queue
[2022-08-11 05:10:39,336] {logging_mixin.py:115} INFO - [2022-08-11 05:10:39,336] {dagbag.py:507} INFO - Filling up the DagBag from /home/airflow/.local/lib/python3.7/site-packages/airflow/example_dags/example_short_circuit_operator.py
[2022-08-11 05:10:39,415] {processor.py:651} INFO - DAG(s) dict_keys(['example_short_circuit_operator']) retrieved from /home/airflow/.local/lib/python3.7/site-packages/airflow/example_dags/example_short_circuit_operator.py
[2022-08-11 05:10:39,557] {logging_mixin.py:115} INFO - [2022-08-11 05:10:39,557] {dag.py:2371} INFO - Sync 1 DAGs
[2022-08-11 05:10:39,626] {logging_mixin.py:115} INFO - [2022-08-11 05:10:39,626] {dag.py:2919} INFO - Setting next_dagrun for example_short_circuit_operator to 2022-08-10T05:10:39.625704+00:00, run_after=2022-08-11T05:10:39.625704+00:00
[2022-08-11 05:10:39,674] {processor.py:161} INFO - Processing /home/airflow/.local/lib/python3.7/site-packages/airflow/example_dags/example_short_circuit_operator.py took 0.376 seconds
[2022-08-11 05:11:11,633] {processor.py:153} INFO - Started process (PID=98529) to work on /home/airflow/.local/lib/python3.7/site-packages/airflow/example_dags/example_short_circuit_operator.py
[2022-08-11 05:11:11,637] {processor.py:641} INFO - Processing file /home/airflow/.local/lib/python3.7/site-packages/airflow/example_dags/example_short_circuit_operator.py for tasks to queue
[2022-08-11 05:11:11,642] {logging_mixin.py:115} INFO - [2022-08-11 05:11:11,641] {dagbag.py:507} INFO - Filling up the DagBag from /home/airflow/.local/lib/python3.7/site-packages/airflow/example_dags/example_short_circuit_operator.py
[2022-08-11 05:11:11,706] {processor.py:651} INFO - DAG(s) dict_keys(['example_short_circuit_operator']) retrieved from /home/airflow/.local/lib/python3.7/site-packages/airflow/example_dags/example_short_circuit_operator.py
[2022-08-11 05:11:11,832] {logging_mixin.py:115} INFO - [2022-08-11 05:11:11,831] {dag.py:2371} INFO - Sync 1 DAGs
[2022-08-11 05:11:11,985] {logging_mixin.py:115} INFO - [2022-08-11 05:11:11,985] {dag.py:2919} INFO - Setting next_dagrun for example_short_circuit_operator to 2022-08-10T05:11:11.983752+00:00, run_after=2022-08-11T05:11:11.983752+00:00
[2022-08-11 05:11:12,093] {processor.py:161} INFO - Processing /home/airflow/.local/lib/python3.7/site-packages/airflow/example_dags/example_short_circuit_operator.py took 0.473 seconds
[2022-08-11 05:11:43,073] {processor.py:153} INFO - Started process (PID=98582) to work on /home/airflow/.local/lib/python3.7/site-packages/airflow/example_dags/example_short_circuit_operator.py
[2022-08-11 05:11:43,077] {processor.py:641} INFO - Processing file /home/airflow/.local/lib/python3.7/site-packages/airflow/example_dags/example_short_circuit_operator.py for tasks to queue
[2022-08-11 05:11:43,088] {logging_mixin.py:115} INFO - [2022-08-11 05:11:43,087] {dagbag.py:507} INFO - Filling up the DagBag from /home/airflow/.local/lib/python3.7/site-packages/airflow/example_dags/example_short_circuit_operator.py
[2022-08-11 05:11:43,137] {processor.py:651} INFO - DAG(s) dict_keys(['example_short_circuit_operator']) retrieved from /home/airflow/.local/lib/python3.7/site-packages/airflow/example_dags/example_short_circuit_operator.py
[2022-08-11 05:11:43,279] {logging_mixin.py:115} INFO - [2022-08-11 05:11:43,279] {dag.py:2371} INFO - Sync 1 DAGs
[2022-08-11 05:11:43,386] {logging_mixin.py:115} INFO - [2022-08-11 05:11:43,386] {dag.py:2919} INFO - Setting next_dagrun for example_short_circuit_operator to 2022-08-10T05:11:43.384381+00:00, run_after=2022-08-11T05:11:43.384381+00:00
[2022-08-11 05:11:43,462] {processor.py:161} INFO - Processing /home/airflow/.local/lib/python3.7/site-packages/airflow/example_dags/example_short_circuit_operator.py took 0.409 seconds
[2022-08-11 05:16:41,383] {processor.py:153} INFO - Started process (PID=98626) to work on /home/airflow/.local/lib/python3.7/site-packages/airflow/example_dags/example_short_circuit_operator.py
[2022-08-11 05:16:41,385] {processor.py:641} INFO - Processing file /home/airflow/.local/lib/python3.7/site-packages/airflow/example_dags/example_short_circuit_operator.py for tasks to queue
[2022-08-11 05:16:41,387] {logging_mixin.py:115} INFO - [2022-08-11 05:16:41,387] {dagbag.py:507} INFO - Filling up the DagBag from /home/airflow/.local/lib/python3.7/site-packages/airflow/example_dags/example_short_circuit_operator.py
[2022-08-11 05:16:41,421] {processor.py:651} INFO - DAG(s) dict_keys(['example_short_circuit_operator']) retrieved from /home/airflow/.local/lib/python3.7/site-packages/airflow/example_dags/example_short_circuit_operator.py
[2022-08-11 05:16:41,493] {logging_mixin.py:115} INFO - [2022-08-11 05:16:41,493] {dag.py:2371} INFO - Sync 1 DAGs
[2022-08-11 05:16:41,563] {logging_mixin.py:115} INFO - [2022-08-11 05:16:41,563] {dag.py:2919} INFO - Setting next_dagrun for example_short_circuit_operator to 2022-08-10T05:16:41.562872+00:00, run_after=2022-08-11T05:16:41.562872+00:00
[2022-08-11 05:16:41,585] {processor.py:161} INFO - Processing /home/airflow/.local/lib/python3.7/site-packages/airflow/example_dags/example_short_circuit_operator.py took 0.216 seconds
[2022-08-11 05:17:11,862] {processor.py:153} INFO - Started process (PID=98679) to work on /home/airflow/.local/lib/python3.7/site-packages/airflow/example_dags/example_short_circuit_operator.py
[2022-08-11 05:17:11,865] {processor.py:641} INFO - Processing file /home/airflow/.local/lib/python3.7/site-packages/airflow/example_dags/example_short_circuit_operator.py for tasks to queue
[2022-08-11 05:17:11,868] {logging_mixin.py:115} INFO - [2022-08-11 05:17:11,868] {dagbag.py:507} INFO - Filling up the DagBag from /home/airflow/.local/lib/python3.7/site-packages/airflow/example_dags/example_short_circuit_operator.py
[2022-08-11 05:17:11,899] {processor.py:651} INFO - DAG(s) dict_keys(['example_short_circuit_operator']) retrieved from /home/airflow/.local/lib/python3.7/site-packages/airflow/example_dags/example_short_circuit_operator.py
[2022-08-11 05:17:11,983] {logging_mixin.py:115} INFO - [2022-08-11 05:17:11,983] {dag.py:2371} INFO - Sync 1 DAGs
[2022-08-11 05:17:12,038] {logging_mixin.py:115} INFO - [2022-08-11 05:17:12,038] {dag.py:2919} INFO - Setting next_dagrun for example_short_circuit_operator to 2022-08-10T05:17:12.037384+00:00, run_after=2022-08-11T05:17:12.037384+00:00
[2022-08-11 05:17:12,072] {processor.py:161} INFO - Processing /home/airflow/.local/lib/python3.7/site-packages/airflow/example_dags/example_short_circuit_operator.py took 0.221 seconds
[2022-08-11 05:22:13,640] {processor.py:153} INFO - Started process (PID=98732) to work on /home/airflow/.local/lib/python3.7/site-packages/airflow/example_dags/example_short_circuit_operator.py
[2022-08-11 05:22:13,641] {processor.py:641} INFO - Processing file /home/airflow/.local/lib/python3.7/site-packages/airflow/example_dags/example_short_circuit_operator.py for tasks to queue
[2022-08-11 05:22:13,642] {logging_mixin.py:115} INFO - [2022-08-11 05:22:13,642] {dagbag.py:507} INFO - Filling up the DagBag from /home/airflow/.local/lib/python3.7/site-packages/airflow/example_dags/example_short_circuit_operator.py
[2022-08-11 05:22:13,662] {processor.py:651} INFO - DAG(s) dict_keys(['example_short_circuit_operator']) retrieved from /home/airflow/.local/lib/python3.7/site-packages/airflow/example_dags/example_short_circuit_operator.py
[2022-08-11 05:22:13,723] {logging_mixin.py:115} INFO - [2022-08-11 05:22:13,723] {dag.py:2371} INFO - Sync 1 DAGs
[2022-08-11 05:22:13,755] {logging_mixin.py:115} INFO - [2022-08-11 05:22:13,755] {dag.py:2919} INFO - Setting next_dagrun for example_short_circuit_operator to 2022-08-10T05:22:13.755054+00:00, run_after=2022-08-11T05:22:13.755054+00:00
[2022-08-11 05:22:13,778] {processor.py:161} INFO - Processing /home/airflow/.local/lib/python3.7/site-packages/airflow/example_dags/example_short_circuit_operator.py took 0.152 seconds
[2022-08-11 05:22:44,952] {processor.py:153} INFO - Started process (PID=98784) to work on /home/airflow/.local/lib/python3.7/site-packages/airflow/example_dags/example_short_circuit_operator.py
[2022-08-11 05:22:44,956] {processor.py:641} INFO - Processing file /home/airflow/.local/lib/python3.7/site-packages/airflow/example_dags/example_short_circuit_operator.py for tasks to queue
[2022-08-11 05:22:44,961] {logging_mixin.py:115} INFO - [2022-08-11 05:22:44,961] {dagbag.py:507} INFO - Filling up the DagBag from /home/airflow/.local/lib/python3.7/site-packages/airflow/example_dags/example_short_circuit_operator.py
[2022-08-11 05:22:44,995] {processor.py:651} INFO - DAG(s) dict_keys(['example_short_circuit_operator']) retrieved from /home/airflow/.local/lib/python3.7/site-packages/airflow/example_dags/example_short_circuit_operator.py
[2022-08-11 05:22:45,095] {logging_mixin.py:115} INFO - [2022-08-11 05:22:45,095] {dag.py:2371} INFO - Sync 1 DAGs
[2022-08-11 05:22:45,156] {logging_mixin.py:115} INFO - [2022-08-11 05:22:45,155] {dag.py:2919} INFO - Setting next_dagrun for example_short_circuit_operator to 2022-08-10T05:22:45.155155+00:00, run_after=2022-08-11T05:22:45.155155+00:00
[2022-08-11 05:22:45,192] {processor.py:161} INFO - Processing /home/airflow/.local/lib/python3.7/site-packages/airflow/example_dags/example_short_circuit_operator.py took 0.249 seconds
[2022-08-11 05:27:47,252] {processor.py:153} INFO - Started process (PID=98838) to work on /home/airflow/.local/lib/python3.7/site-packages/airflow/example_dags/example_short_circuit_operator.py
[2022-08-11 05:27:47,260] {processor.py:641} INFO - Processing file /home/airflow/.local/lib/python3.7/site-packages/airflow/example_dags/example_short_circuit_operator.py for tasks to queue
[2022-08-11 05:27:47,262] {logging_mixin.py:115} INFO - [2022-08-11 05:27:47,262] {dagbag.py:507} INFO - Filling up the DagBag from /home/airflow/.local/lib/python3.7/site-packages/airflow/example_dags/example_short_circuit_operator.py
[2022-08-11 05:27:47,328] {processor.py:651} INFO - DAG(s) dict_keys(['example_short_circuit_operator']) retrieved from /home/airflow/.local/lib/python3.7/site-packages/airflow/example_dags/example_short_circuit_operator.py
[2022-08-11 05:27:47,479] {logging_mixin.py:115} INFO - [2022-08-11 05:27:47,479] {dag.py:2371} INFO - Sync 1 DAGs
[2022-08-11 05:27:47,585] {logging_mixin.py:115} INFO - [2022-08-11 05:27:47,585] {dag.py:2919} INFO - Setting next_dagrun for example_short_circuit_operator to 2022-08-10T05:27:47.585221+00:00, run_after=2022-08-11T05:27:47.585221+00:00
[2022-08-11 05:27:47,674] {processor.py:161} INFO - Processing /home/airflow/.local/lib/python3.7/site-packages/airflow/example_dags/example_short_circuit_operator.py took 0.437 seconds
[2022-08-11 05:28:17,889] {processor.py:153} INFO - Started process (PID=98890) to work on /home/airflow/.local/lib/python3.7/site-packages/airflow/example_dags/example_short_circuit_operator.py
[2022-08-11 05:28:17,892] {processor.py:641} INFO - Processing file /home/airflow/.local/lib/python3.7/site-packages/airflow/example_dags/example_short_circuit_operator.py for tasks to queue
[2022-08-11 05:28:17,896] {logging_mixin.py:115} INFO - [2022-08-11 05:28:17,895] {dagbag.py:507} INFO - Filling up the DagBag from /home/airflow/.local/lib/python3.7/site-packages/airflow/example_dags/example_short_circuit_operator.py
[2022-08-11 05:28:17,927] {processor.py:651} INFO - DAG(s) dict_keys(['example_short_circuit_operator']) retrieved from /home/airflow/.local/lib/python3.7/site-packages/airflow/example_dags/example_short_circuit_operator.py
[2022-08-11 05:28:18,027] {logging_mixin.py:115} INFO - [2022-08-11 05:28:18,027] {dag.py:2371} INFO - Sync 1 DAGs
[2022-08-11 05:28:18,084] {logging_mixin.py:115} INFO - [2022-08-11 05:28:18,084] {dag.py:2919} INFO - Setting next_dagrun for example_short_circuit_operator to 2022-08-10T05:28:18.083736+00:00, run_after=2022-08-11T05:28:18.083736+00:00
[2022-08-11 05:28:18,118] {processor.py:161} INFO - Processing /home/airflow/.local/lib/python3.7/site-packages/airflow/example_dags/example_short_circuit_operator.py took 0.240 seconds
[2022-08-11 05:33:20,124] {processor.py:153} INFO - Started process (PID=98943) to work on /home/airflow/.local/lib/python3.7/site-packages/airflow/example_dags/example_short_circuit_operator.py
[2022-08-11 05:33:20,126] {processor.py:641} INFO - Processing file /home/airflow/.local/lib/python3.7/site-packages/airflow/example_dags/example_short_circuit_operator.py for tasks to queue
[2022-08-11 05:33:20,127] {logging_mixin.py:115} INFO - [2022-08-11 05:33:20,127] {dagbag.py:507} INFO - Filling up the DagBag from /home/airflow/.local/lib/python3.7/site-packages/airflow/example_dags/example_short_circuit_operator.py
[2022-08-11 05:33:20,177] {processor.py:651} INFO - DAG(s) dict_keys(['example_short_circuit_operator']) retrieved from /home/airflow/.local/lib/python3.7/site-packages/airflow/example_dags/example_short_circuit_operator.py
[2022-08-11 05:33:20,377] {logging_mixin.py:115} INFO - [2022-08-11 05:33:20,377] {dag.py:2371} INFO - Sync 1 DAGs
[2022-08-11 05:33:20,449] {logging_mixin.py:115} INFO - [2022-08-11 05:33:20,449] {dag.py:2919} INFO - Setting next_dagrun for example_short_circuit_operator to 2022-08-10T05:33:20.448635+00:00, run_after=2022-08-11T05:33:20.448635+00:00
[2022-08-11 05:33:20,490] {processor.py:161} INFO - Processing /home/airflow/.local/lib/python3.7/site-packages/airflow/example_dags/example_short_circuit_operator.py took 0.387 seconds
[2022-08-11 05:33:50,659] {processor.py:153} INFO - Started process (PID=98996) to work on /home/airflow/.local/lib/python3.7/site-packages/airflow/example_dags/example_short_circuit_operator.py
[2022-08-11 05:33:50,663] {processor.py:641} INFO - Processing file /home/airflow/.local/lib/python3.7/site-packages/airflow/example_dags/example_short_circuit_operator.py for tasks to queue
[2022-08-11 05:33:50,666] {logging_mixin.py:115} INFO - [2022-08-11 05:33:50,665] {dagbag.py:507} INFO - Filling up the DagBag from /home/airflow/.local/lib/python3.7/site-packages/airflow/example_dags/example_short_circuit_operator.py
[2022-08-11 05:33:50,696] {processor.py:651} INFO - DAG(s) dict_keys(['example_short_circuit_operator']) retrieved from /home/airflow/.local/lib/python3.7/site-packages/airflow/example_dags/example_short_circuit_operator.py
[2022-08-11 05:33:50,780] {logging_mixin.py:115} INFO - [2022-08-11 05:33:50,780] {dag.py:2371} INFO - Sync 1 DAGs
[2022-08-11 05:33:50,844] {logging_mixin.py:115} INFO - [2022-08-11 05:33:50,844] {dag.py:2919} INFO - Setting next_dagrun for example_short_circuit_operator to 2022-08-10T05:33:50.843816+00:00, run_after=2022-08-11T05:33:50.843816+00:00
[2022-08-11 05:33:50,885] {processor.py:161} INFO - Processing /home/airflow/.local/lib/python3.7/site-packages/airflow/example_dags/example_short_circuit_operator.py took 0.236 seconds
[2022-08-11 05:38:51,737] {processor.py:153} INFO - Started process (PID=99047) to work on /home/airflow/.local/lib/python3.7/site-packages/airflow/example_dags/example_short_circuit_operator.py
[2022-08-11 05:38:51,739] {processor.py:641} INFO - Processing file /home/airflow/.local/lib/python3.7/site-packages/airflow/example_dags/example_short_circuit_operator.py for tasks to queue
[2022-08-11 05:38:51,745] {logging_mixin.py:115} INFO - [2022-08-11 05:38:51,745] {dagbag.py:507} INFO - Filling up the DagBag from /home/airflow/.local/lib/python3.7/site-packages/airflow/example_dags/example_short_circuit_operator.py
[2022-08-11 05:38:51,790] {processor.py:651} INFO - DAG(s) dict_keys(['example_short_circuit_operator']) retrieved from /home/airflow/.local/lib/python3.7/site-packages/airflow/example_dags/example_short_circuit_operator.py
[2022-08-11 05:38:51,873] {logging_mixin.py:115} INFO - [2022-08-11 05:38:51,873] {dag.py:2371} INFO - Sync 1 DAGs
[2022-08-11 05:38:51,908] {logging_mixin.py:115} INFO - [2022-08-11 05:38:51,907] {dag.py:2919} INFO - Setting next_dagrun for example_short_circuit_operator to 2022-08-10T05:38:51.907632+00:00, run_after=2022-08-11T05:38:51.907632+00:00
[2022-08-11 05:38:51,939] {processor.py:161} INFO - Processing /home/airflow/.local/lib/python3.7/site-packages/airflow/example_dags/example_short_circuit_operator.py took 0.221 seconds
[2022-08-11 05:39:22,941] {processor.py:153} INFO - Started process (PID=99100) to work on /home/airflow/.local/lib/python3.7/site-packages/airflow/example_dags/example_short_circuit_operator.py
[2022-08-11 05:39:22,947] {processor.py:641} INFO - Processing file /home/airflow/.local/lib/python3.7/site-packages/airflow/example_dags/example_short_circuit_operator.py for tasks to queue
[2022-08-11 05:39:22,953] {logging_mixin.py:115} INFO - [2022-08-11 05:39:22,952] {dagbag.py:507} INFO - Filling up the DagBag from /home/airflow/.local/lib/python3.7/site-packages/airflow/example_dags/example_short_circuit_operator.py
[2022-08-11 05:39:23,008] {processor.py:651} INFO - DAG(s) dict_keys(['example_short_circuit_operator']) retrieved from /home/airflow/.local/lib/python3.7/site-packages/airflow/example_dags/example_short_circuit_operator.py
[2022-08-11 05:39:23,139] {logging_mixin.py:115} INFO - [2022-08-11 05:39:23,138] {dag.py:2371} INFO - Sync 1 DAGs
[2022-08-11 05:39:23,199] {logging_mixin.py:115} INFO - [2022-08-11 05:39:23,199] {dag.py:2919} INFO - Setting next_dagrun for example_short_circuit_operator to 2022-08-10T05:39:23.198235+00:00, run_after=2022-08-11T05:39:23.198235+00:00
[2022-08-11 05:39:23,233] {processor.py:161} INFO - Processing /home/airflow/.local/lib/python3.7/site-packages/airflow/example_dags/example_short_circuit_operator.py took 0.309 seconds
[2022-08-11 05:44:25,909] {processor.py:153} INFO - Started process (PID=99155) to work on /home/airflow/.local/lib/python3.7/site-packages/airflow/example_dags/example_short_circuit_operator.py
[2022-08-11 05:44:25,911] {processor.py:641} INFO - Processing file /home/airflow/.local/lib/python3.7/site-packages/airflow/example_dags/example_short_circuit_operator.py for tasks to queue
[2022-08-11 05:44:25,912] {logging_mixin.py:115} INFO - [2022-08-11 05:44:25,912] {dagbag.py:507} INFO - Filling up the DagBag from /home/airflow/.local/lib/python3.7/site-packages/airflow/example_dags/example_short_circuit_operator.py
[2022-08-11 05:44:25,928] {processor.py:651} INFO - DAG(s) dict_keys(['example_short_circuit_operator']) retrieved from /home/airflow/.local/lib/python3.7/site-packages/airflow/example_dags/example_short_circuit_operator.py
[2022-08-11 05:44:25,978] {logging_mixin.py:115} INFO - [2022-08-11 05:44:25,978] {dag.py:2371} INFO - Sync 1 DAGs
[2022-08-11 05:44:26,002] {logging_mixin.py:115} INFO - [2022-08-11 05:44:26,002] {dag.py:2919} INFO - Setting next_dagrun for example_short_circuit_operator to 2022-08-10T05:44:26.002444+00:00, run_after=2022-08-11T05:44:26.002444+00:00
[2022-08-11 05:44:26,018] {processor.py:161} INFO - Processing /home/airflow/.local/lib/python3.7/site-packages/airflow/example_dags/example_short_circuit_operator.py took 0.116 seconds
[2022-08-11 05:44:56,935] {processor.py:153} INFO - Started process (PID=99207) to work on /home/airflow/.local/lib/python3.7/site-packages/airflow/example_dags/example_short_circuit_operator.py
[2022-08-11 05:44:56,939] {processor.py:641} INFO - Processing file /home/airflow/.local/lib/python3.7/site-packages/airflow/example_dags/example_short_circuit_operator.py for tasks to queue
[2022-08-11 05:44:56,943] {logging_mixin.py:115} INFO - [2022-08-11 05:44:56,943] {dagbag.py:507} INFO - Filling up the DagBag from /home/airflow/.local/lib/python3.7/site-packages/airflow/example_dags/example_short_circuit_operator.py
[2022-08-11 05:44:56,982] {processor.py:651} INFO - DAG(s) dict_keys(['example_short_circuit_operator']) retrieved from /home/airflow/.local/lib/python3.7/site-packages/airflow/example_dags/example_short_circuit_operator.py
[2022-08-11 05:44:57,087] {logging_mixin.py:115} INFO - [2022-08-11 05:44:57,086] {dag.py:2371} INFO - Sync 1 DAGs
[2022-08-11 05:44:57,148] {logging_mixin.py:115} INFO - [2022-08-11 05:44:57,147] {dag.py:2919} INFO - Setting next_dagrun for example_short_circuit_operator to 2022-08-10T05:44:57.147024+00:00, run_after=2022-08-11T05:44:57.147024+00:00
[2022-08-11 05:44:57,193] {processor.py:161} INFO - Processing /home/airflow/.local/lib/python3.7/site-packages/airflow/example_dags/example_short_circuit_operator.py took 0.268 seconds
[2022-08-11 05:49:59,884] {processor.py:153} INFO - Started process (PID=99257) to work on /home/airflow/.local/lib/python3.7/site-packages/airflow/example_dags/example_short_circuit_operator.py
[2022-08-11 05:49:59,893] {processor.py:641} INFO - Processing file /home/airflow/.local/lib/python3.7/site-packages/airflow/example_dags/example_short_circuit_operator.py for tasks to queue
[2022-08-11 05:49:59,898] {logging_mixin.py:115} INFO - [2022-08-11 05:49:59,897] {dagbag.py:507} INFO - Filling up the DagBag from /home/airflow/.local/lib/python3.7/site-packages/airflow/example_dags/example_short_circuit_operator.py
[2022-08-11 05:49:59,940] {processor.py:651} INFO - DAG(s) dict_keys(['example_short_circuit_operator']) retrieved from /home/airflow/.local/lib/python3.7/site-packages/airflow/example_dags/example_short_circuit_operator.py
[2022-08-11 05:50:00,196] {logging_mixin.py:115} INFO - [2022-08-11 05:50:00,196] {dag.py:2371} INFO - Sync 1 DAGs
[2022-08-11 05:50:00,286] {logging_mixin.py:115} INFO - [2022-08-11 05:50:00,286] {dag.py:2919} INFO - Setting next_dagrun for example_short_circuit_operator to 2022-08-10T05:50:00.286280+00:00, run_after=2022-08-11T05:50:00.286280+00:00
[2022-08-11 05:50:00,325] {processor.py:161} INFO - Processing /home/airflow/.local/lib/python3.7/site-packages/airflow/example_dags/example_short_circuit_operator.py took 0.447 seconds
[2022-08-11 05:50:31,622] {processor.py:153} INFO - Started process (PID=99312) to work on /home/airflow/.local/lib/python3.7/site-packages/airflow/example_dags/example_short_circuit_operator.py
[2022-08-11 05:50:31,628] {processor.py:641} INFO - Processing file /home/airflow/.local/lib/python3.7/site-packages/airflow/example_dags/example_short_circuit_operator.py for tasks to queue
[2022-08-11 05:50:31,635] {logging_mixin.py:115} INFO - [2022-08-11 05:50:31,635] {dagbag.py:507} INFO - Filling up the DagBag from /home/airflow/.local/lib/python3.7/site-packages/airflow/example_dags/example_short_circuit_operator.py
[2022-08-11 05:50:31,671] {processor.py:651} INFO - DAG(s) dict_keys(['example_short_circuit_operator']) retrieved from /home/airflow/.local/lib/python3.7/site-packages/airflow/example_dags/example_short_circuit_operator.py
[2022-08-11 05:50:31,753] {logging_mixin.py:115} INFO - [2022-08-11 05:50:31,752] {dag.py:2371} INFO - Sync 1 DAGs
[2022-08-11 05:50:31,807] {logging_mixin.py:115} INFO - [2022-08-11 05:50:31,807] {dag.py:2919} INFO - Setting next_dagrun for example_short_circuit_operator to 2022-08-10T05:50:31.806318+00:00, run_after=2022-08-11T05:50:31.806318+00:00
[2022-08-11 05:50:31,840] {processor.py:161} INFO - Processing /home/airflow/.local/lib/python3.7/site-packages/airflow/example_dags/example_short_circuit_operator.py took 0.244 seconds
[2022-08-11 05:55:32,893] {processor.py:153} INFO - Started process (PID=99362) to work on /home/airflow/.local/lib/python3.7/site-packages/airflow/example_dags/example_short_circuit_operator.py
[2022-08-11 05:55:32,897] {processor.py:641} INFO - Processing file /home/airflow/.local/lib/python3.7/site-packages/airflow/example_dags/example_short_circuit_operator.py for tasks to queue
[2022-08-11 05:55:32,898] {logging_mixin.py:115} INFO - [2022-08-11 05:55:32,898] {dagbag.py:507} INFO - Filling up the DagBag from /home/airflow/.local/lib/python3.7/site-packages/airflow/example_dags/example_short_circuit_operator.py
[2022-08-11 05:55:32,979] {processor.py:651} INFO - DAG(s) dict_keys(['example_short_circuit_operator']) retrieved from /home/airflow/.local/lib/python3.7/site-packages/airflow/example_dags/example_short_circuit_operator.py
[2022-08-11 05:55:33,217] {logging_mixin.py:115} INFO - [2022-08-11 05:55:33,206] {dag.py:2371} INFO - Sync 1 DAGs
[2022-08-11 05:55:33,327] {logging_mixin.py:115} INFO - [2022-08-11 05:55:33,327] {dag.py:2919} INFO - Setting next_dagrun for example_short_circuit_operator to 2022-08-10T05:55:33.327075+00:00, run_after=2022-08-11T05:55:33.327075+00:00
[2022-08-11 05:55:33,356] {processor.py:161} INFO - Processing /home/airflow/.local/lib/python3.7/site-packages/airflow/example_dags/example_short_circuit_operator.py took 0.470 seconds
[2022-08-11 05:56:04,269] {processor.py:153} INFO - Started process (PID=99417) to work on /home/airflow/.local/lib/python3.7/site-packages/airflow/example_dags/example_short_circuit_operator.py
[2022-08-11 05:56:04,273] {processor.py:641} INFO - Processing file /home/airflow/.local/lib/python3.7/site-packages/airflow/example_dags/example_short_circuit_operator.py for tasks to queue
[2022-08-11 05:56:04,276] {logging_mixin.py:115} INFO - [2022-08-11 05:56:04,275] {dagbag.py:507} INFO - Filling up the DagBag from /home/airflow/.local/lib/python3.7/site-packages/airflow/example_dags/example_short_circuit_operator.py
[2022-08-11 05:56:04,308] {processor.py:651} INFO - DAG(s) dict_keys(['example_short_circuit_operator']) retrieved from /home/airflow/.local/lib/python3.7/site-packages/airflow/example_dags/example_short_circuit_operator.py
[2022-08-11 05:56:04,395] {logging_mixin.py:115} INFO - [2022-08-11 05:56:04,395] {dag.py:2371} INFO - Sync 1 DAGs
[2022-08-11 05:56:04,450] {logging_mixin.py:115} INFO - [2022-08-11 05:56:04,449] {dag.py:2919} INFO - Setting next_dagrun for example_short_circuit_operator to 2022-08-10T05:56:04.449083+00:00, run_after=2022-08-11T05:56:04.449083+00:00
[2022-08-11 05:56:04,483] {processor.py:161} INFO - Processing /home/airflow/.local/lib/python3.7/site-packages/airflow/example_dags/example_short_circuit_operator.py took 0.223 seconds
[2022-08-11 06:01:06,179] {processor.py:153} INFO - Started process (PID=99470) to work on /home/airflow/.local/lib/python3.7/site-packages/airflow/example_dags/example_short_circuit_operator.py
[2022-08-11 06:01:06,186] {processor.py:641} INFO - Processing file /home/airflow/.local/lib/python3.7/site-packages/airflow/example_dags/example_short_circuit_operator.py for tasks to queue
[2022-08-11 06:01:06,189] {logging_mixin.py:115} INFO - [2022-08-11 06:01:06,189] {dagbag.py:507} INFO - Filling up the DagBag from /home/airflow/.local/lib/python3.7/site-packages/airflow/example_dags/example_short_circuit_operator.py
[2022-08-11 06:01:06,246] {processor.py:651} INFO - DAG(s) dict_keys(['example_short_circuit_operator']) retrieved from /home/airflow/.local/lib/python3.7/site-packages/airflow/example_dags/example_short_circuit_operator.py
[2022-08-11 06:01:06,341] {logging_mixin.py:115} INFO - [2022-08-11 06:01:06,341] {dag.py:2371} INFO - Sync 1 DAGs
[2022-08-11 06:01:06,417] {logging_mixin.py:115} INFO - [2022-08-11 06:01:06,417] {dag.py:2919} INFO - Setting next_dagrun for example_short_circuit_operator to 2022-08-10T06:01:06.416782+00:00, run_after=2022-08-11T06:01:06.416782+00:00
[2022-08-11 06:01:06,451] {processor.py:161} INFO - Processing /home/airflow/.local/lib/python3.7/site-packages/airflow/example_dags/example_short_circuit_operator.py took 0.298 seconds
[2022-08-11 06:01:37,387] {processor.py:153} INFO - Started process (PID=99522) to work on /home/airflow/.local/lib/python3.7/site-packages/airflow/example_dags/example_short_circuit_operator.py
[2022-08-11 06:01:37,393] {processor.py:641} INFO - Processing file /home/airflow/.local/lib/python3.7/site-packages/airflow/example_dags/example_short_circuit_operator.py for tasks to queue
[2022-08-11 06:01:37,396] {logging_mixin.py:115} INFO - [2022-08-11 06:01:37,396] {dagbag.py:507} INFO - Filling up the DagBag from /home/airflow/.local/lib/python3.7/site-packages/airflow/example_dags/example_short_circuit_operator.py
[2022-08-11 06:01:37,427] {processor.py:651} INFO - DAG(s) dict_keys(['example_short_circuit_operator']) retrieved from /home/airflow/.local/lib/python3.7/site-packages/airflow/example_dags/example_short_circuit_operator.py
[2022-08-11 06:01:37,513] {logging_mixin.py:115} INFO - [2022-08-11 06:01:37,513] {dag.py:2371} INFO - Sync 1 DAGs
[2022-08-11 06:01:37,573] {logging_mixin.py:115} INFO - [2022-08-11 06:01:37,573] {dag.py:2919} INFO - Setting next_dagrun for example_short_circuit_operator to 2022-08-10T06:01:37.572696+00:00, run_after=2022-08-11T06:01:37.572696+00:00
[2022-08-11 06:01:37,617] {processor.py:161} INFO - Processing /home/airflow/.local/lib/python3.7/site-packages/airflow/example_dags/example_short_circuit_operator.py took 0.240 seconds
[2022-08-11 06:05:34,172] {processor.py:153} INFO - Started process (PID=99572) to work on /home/airflow/.local/lib/python3.7/site-packages/airflow/example_dags/example_short_circuit_operator.py
[2022-08-11 06:05:34,193] {processor.py:641} INFO - Processing file /home/airflow/.local/lib/python3.7/site-packages/airflow/example_dags/example_short_circuit_operator.py for tasks to queue
[2022-08-11 06:05:34,199] {logging_mixin.py:115} INFO - [2022-08-11 06:05:34,199] {dagbag.py:507} INFO - Filling up the DagBag from /home/airflow/.local/lib/python3.7/site-packages/airflow/example_dags/example_short_circuit_operator.py
[2022-08-11 06:05:34,227] {processor.py:651} INFO - DAG(s) dict_keys(['example_short_circuit_operator']) retrieved from /home/airflow/.local/lib/python3.7/site-packages/airflow/example_dags/example_short_circuit_operator.py
[2022-08-11 06:05:34,312] {logging_mixin.py:115} INFO - [2022-08-11 06:05:34,312] {dag.py:2371} INFO - Sync 1 DAGs
[2022-08-11 06:05:34,376] {logging_mixin.py:115} INFO - [2022-08-11 06:05:34,376] {dag.py:2919} INFO - Setting next_dagrun for example_short_circuit_operator to 2022-08-10T06:05:34.375545+00:00, run_after=2022-08-11T06:05:34.375545+00:00
[2022-08-11 06:05:34,436] {processor.py:161} INFO - Processing /home/airflow/.local/lib/python3.7/site-packages/airflow/example_dags/example_short_circuit_operator.py took 0.286 seconds
[2022-08-11 06:10:47,801] {processor.py:153} INFO - Started process (PID=99618) to work on /home/airflow/.local/lib/python3.7/site-packages/airflow/example_dags/example_short_circuit_operator.py
[2022-08-11 06:10:47,802] {processor.py:641} INFO - Processing file /home/airflow/.local/lib/python3.7/site-packages/airflow/example_dags/example_short_circuit_operator.py for tasks to queue
[2022-08-11 06:10:47,803] {logging_mixin.py:115} INFO - [2022-08-11 06:10:47,803] {dagbag.py:507} INFO - Filling up the DagBag from /home/airflow/.local/lib/python3.7/site-packages/airflow/example_dags/example_short_circuit_operator.py
[2022-08-11 06:10:47,815] {processor.py:651} INFO - DAG(s) dict_keys(['example_short_circuit_operator']) retrieved from /home/airflow/.local/lib/python3.7/site-packages/airflow/example_dags/example_short_circuit_operator.py
[2022-08-11 06:10:47,846] {logging_mixin.py:115} INFO - [2022-08-11 06:10:47,846] {dag.py:2371} INFO - Sync 1 DAGs
[2022-08-11 06:10:47,867] {logging_mixin.py:115} INFO - [2022-08-11 06:10:47,867] {dag.py:2919} INFO - Setting next_dagrun for example_short_circuit_operator to 2022-08-10T06:10:47.866515+00:00, run_after=2022-08-11T06:10:47.866515+00:00
[2022-08-11 06:10:47,884] {processor.py:161} INFO - Processing /home/airflow/.local/lib/python3.7/site-packages/airflow/example_dags/example_short_circuit_operator.py took 0.087 seconds
[2022-08-11 07:20:17,639] {processor.py:153} INFO - Started process (PID=99678) to work on /home/airflow/.local/lib/python3.7/site-packages/airflow/example_dags/example_short_circuit_operator.py
[2022-08-11 07:20:17,645] {processor.py:641} INFO - Processing file /home/airflow/.local/lib/python3.7/site-packages/airflow/example_dags/example_short_circuit_operator.py for tasks to queue
[2022-08-11 07:20:17,646] {logging_mixin.py:115} INFO - [2022-08-11 07:20:17,646] {dagbag.py:507} INFO - Filling up the DagBag from /home/airflow/.local/lib/python3.7/site-packages/airflow/example_dags/example_short_circuit_operator.py
[2022-08-11 07:20:17,668] {processor.py:651} INFO - DAG(s) dict_keys(['example_short_circuit_operator']) retrieved from /home/airflow/.local/lib/python3.7/site-packages/airflow/example_dags/example_short_circuit_operator.py
[2022-08-11 07:20:17,737] {logging_mixin.py:115} INFO - [2022-08-11 07:20:17,737] {dag.py:2371} INFO - Sync 1 DAGs
[2022-08-11 07:20:17,787] {logging_mixin.py:115} INFO - [2022-08-11 07:20:17,787] {dag.py:2919} INFO - Setting next_dagrun for example_short_circuit_operator to 2022-08-10T07:20:17.787143+00:00, run_after=2022-08-11T07:20:17.787143+00:00
[2022-08-11 07:20:17,814] {processor.py:161} INFO - Processing /home/airflow/.local/lib/python3.7/site-packages/airflow/example_dags/example_short_circuit_operator.py took 0.181 seconds
[2022-08-11 10:56:30,520] {processor.py:153} INFO - Started process (PID=99730) to work on /home/airflow/.local/lib/python3.7/site-packages/airflow/example_dags/example_short_circuit_operator.py
[2022-08-11 10:56:30,522] {processor.py:641} INFO - Processing file /home/airflow/.local/lib/python3.7/site-packages/airflow/example_dags/example_short_circuit_operator.py for tasks to queue
[2022-08-11 10:56:30,524] {logging_mixin.py:115} INFO - [2022-08-11 10:56:30,524] {dagbag.py:507} INFO - Filling up the DagBag from /home/airflow/.local/lib/python3.7/site-packages/airflow/example_dags/example_short_circuit_operator.py
[2022-08-11 10:56:30,543] {processor.py:651} INFO - DAG(s) dict_keys(['example_short_circuit_operator']) retrieved from /home/airflow/.local/lib/python3.7/site-packages/airflow/example_dags/example_short_circuit_operator.py
[2022-08-11 10:56:30,609] {logging_mixin.py:115} INFO - [2022-08-11 10:56:30,609] {dag.py:2371} INFO - Sync 1 DAGs
[2022-08-11 10:56:30,657] {logging_mixin.py:115} INFO - [2022-08-11 10:56:30,656] {dag.py:2919} INFO - Setting next_dagrun for example_short_circuit_operator to 2022-08-10T10:56:30.655730+00:00, run_after=2022-08-11T10:56:30.655730+00:00
[2022-08-11 10:56:30,686] {processor.py:161} INFO - Processing /home/airflow/.local/lib/python3.7/site-packages/airflow/example_dags/example_short_circuit_operator.py took 0.177 seconds
[2022-08-11 12:44:45,265] {processor.py:153} INFO - Started process (PID=99782) to work on /home/airflow/.local/lib/python3.7/site-packages/airflow/example_dags/example_short_circuit_operator.py
[2022-08-11 12:44:45,269] {processor.py:641} INFO - Processing file /home/airflow/.local/lib/python3.7/site-packages/airflow/example_dags/example_short_circuit_operator.py for tasks to queue
[2022-08-11 12:44:45,272] {logging_mixin.py:115} INFO - [2022-08-11 12:44:45,272] {dagbag.py:507} INFO - Filling up the DagBag from /home/airflow/.local/lib/python3.7/site-packages/airflow/example_dags/example_short_circuit_operator.py
[2022-08-11 12:44:45,294] {processor.py:651} INFO - DAG(s) dict_keys(['example_short_circuit_operator']) retrieved from /home/airflow/.local/lib/python3.7/site-packages/airflow/example_dags/example_short_circuit_operator.py
[2022-08-11 12:44:45,358] {logging_mixin.py:115} INFO - [2022-08-11 12:44:45,358] {dag.py:2371} INFO - Sync 1 DAGs
[2022-08-11 12:44:45,402] {logging_mixin.py:115} INFO - [2022-08-11 12:44:45,402] {dag.py:2919} INFO - Setting next_dagrun for example_short_circuit_operator to 2022-08-10T12:44:45.401252+00:00, run_after=2022-08-11T12:44:45.401252+00:00
[2022-08-11 12:44:45,431] {processor.py:161} INFO - Processing /home/airflow/.local/lib/python3.7/site-packages/airflow/example_dags/example_short_circuit_operator.py took 0.175 seconds
[2022-08-11 16:20:53,481] {processor.py:153} INFO - Started process (PID=99835) to work on /home/airflow/.local/lib/python3.7/site-packages/airflow/example_dags/example_short_circuit_operator.py
[2022-08-11 16:20:53,485] {processor.py:641} INFO - Processing file /home/airflow/.local/lib/python3.7/site-packages/airflow/example_dags/example_short_circuit_operator.py for tasks to queue
[2022-08-11 16:20:53,486] {logging_mixin.py:115} INFO - [2022-08-11 16:20:53,486] {dagbag.py:507} INFO - Filling up the DagBag from /home/airflow/.local/lib/python3.7/site-packages/airflow/example_dags/example_short_circuit_operator.py
[2022-08-11 16:20:53,519] {processor.py:651} INFO - DAG(s) dict_keys(['example_short_circuit_operator']) retrieved from /home/airflow/.local/lib/python3.7/site-packages/airflow/example_dags/example_short_circuit_operator.py
[2022-08-11 16:20:53,574] {logging_mixin.py:115} INFO - [2022-08-11 16:20:53,574] {dag.py:2371} INFO - Sync 1 DAGs
[2022-08-11 16:20:53,615] {logging_mixin.py:115} INFO - [2022-08-11 16:20:53,615] {dag.py:2919} INFO - Setting next_dagrun for example_short_circuit_operator to 2022-08-10T16:20:53.614616+00:00, run_after=2022-08-11T16:20:53.614616+00:00
[2022-08-11 16:20:53,641] {processor.py:161} INFO - Processing /home/airflow/.local/lib/python3.7/site-packages/airflow/example_dags/example_short_circuit_operator.py took 0.165 seconds
