[2022-08-11 00:49:18,889] {processor.py:153} INFO - Started process (PID=97682) to work on /home/airflow/.local/lib/python3.7/site-packages/airflow/example_dags/example_trigger_target_dag.py
[2022-08-11 00:49:18,897] {processor.py:641} INFO - Processing file /home/airflow/.local/lib/python3.7/site-packages/airflow/example_dags/example_trigger_target_dag.py for tasks to queue
[2022-08-11 00:49:18,900] {logging_mixin.py:115} INFO - [2022-08-11 00:49:18,900] {dagbag.py:507} INFO - Filling up the DagBag from /home/airflow/.local/lib/python3.7/site-packages/airflow/example_dags/example_trigger_target_dag.py
[2022-08-11 00:49:18,943] {processor.py:651} INFO - DAG(s) dict_keys(['example_trigger_target_dag']) retrieved from /home/airflow/.local/lib/python3.7/site-packages/airflow/example_dags/example_trigger_target_dag.py
[2022-08-11 00:49:19,025] {logging_mixin.py:115} INFO - [2022-08-11 00:49:19,024] {dag.py:2371} INFO - Sync 1 DAGs
[2022-08-11 00:49:19,071] {logging_mixin.py:115} INFO - [2022-08-11 00:49:19,071] {dag.py:2919} INFO - Setting next_dagrun for example_trigger_target_dag to None, run_after=None
[2022-08-11 00:49:19,113] {processor.py:161} INFO - Processing /home/airflow/.local/lib/python3.7/site-packages/airflow/example_dags/example_trigger_target_dag.py took 0.238 seconds
[2022-08-11 02:37:23,089] {processor.py:153} INFO - Started process (PID=97728) to work on /home/airflow/.local/lib/python3.7/site-packages/airflow/example_dags/example_trigger_target_dag.py
[2022-08-11 02:37:23,097] {processor.py:641} INFO - Processing file /home/airflow/.local/lib/python3.7/site-packages/airflow/example_dags/example_trigger_target_dag.py for tasks to queue
[2022-08-11 02:37:23,099] {logging_mixin.py:115} INFO - [2022-08-11 02:37:23,099] {dagbag.py:507} INFO - Filling up the DagBag from /home/airflow/.local/lib/python3.7/site-packages/airflow/example_dags/example_trigger_target_dag.py
[2022-08-11 02:37:23,149] {processor.py:651} INFO - DAG(s) dict_keys(['example_trigger_target_dag']) retrieved from /home/airflow/.local/lib/python3.7/site-packages/airflow/example_dags/example_trigger_target_dag.py
[2022-08-11 02:37:23,272] {logging_mixin.py:115} INFO - [2022-08-11 02:37:23,272] {dag.py:2371} INFO - Sync 1 DAGs
[2022-08-11 02:37:23,336] {logging_mixin.py:115} INFO - [2022-08-11 02:37:23,336] {dag.py:2919} INFO - Setting next_dagrun for example_trigger_target_dag to None, run_after=None
[2022-08-11 02:37:23,353] {processor.py:161} INFO - Processing /home/airflow/.local/lib/python3.7/site-packages/airflow/example_dags/example_trigger_target_dag.py took 0.269 seconds
[2022-08-11 02:43:09,137] {processor.py:153} INFO - Started process (PID=97772) to work on /home/airflow/.local/lib/python3.7/site-packages/airflow/example_dags/example_trigger_target_dag.py
[2022-08-11 02:43:09,140] {processor.py:641} INFO - Processing file /home/airflow/.local/lib/python3.7/site-packages/airflow/example_dags/example_trigger_target_dag.py for tasks to queue
[2022-08-11 02:43:09,142] {logging_mixin.py:115} INFO - [2022-08-11 02:43:09,141] {dagbag.py:507} INFO - Filling up the DagBag from /home/airflow/.local/lib/python3.7/site-packages/airflow/example_dags/example_trigger_target_dag.py
[2022-08-11 02:43:09,239] {processor.py:651} INFO - DAG(s) dict_keys(['example_trigger_target_dag']) retrieved from /home/airflow/.local/lib/python3.7/site-packages/airflow/example_dags/example_trigger_target_dag.py
[2022-08-11 02:43:09,430] {logging_mixin.py:115} INFO - [2022-08-11 02:43:09,429] {dag.py:2371} INFO - Sync 1 DAGs
[2022-08-11 02:43:09,514] {logging_mixin.py:115} INFO - [2022-08-11 02:43:09,514] {dag.py:2919} INFO - Setting next_dagrun for example_trigger_target_dag to None, run_after=None
[2022-08-11 02:43:09,551] {processor.py:161} INFO - Processing /home/airflow/.local/lib/python3.7/site-packages/airflow/example_dags/example_trigger_target_dag.py took 0.424 seconds
[2022-08-11 04:26:20,819] {processor.py:153} INFO - Started process (PID=97815) to work on /home/airflow/.local/lib/python3.7/site-packages/airflow/example_dags/example_trigger_target_dag.py
[2022-08-11 04:26:20,820] {processor.py:641} INFO - Processing file /home/airflow/.local/lib/python3.7/site-packages/airflow/example_dags/example_trigger_target_dag.py for tasks to queue
[2022-08-11 04:26:20,824] {logging_mixin.py:115} INFO - [2022-08-11 04:26:20,824] {dagbag.py:507} INFO - Filling up the DagBag from /home/airflow/.local/lib/python3.7/site-packages/airflow/example_dags/example_trigger_target_dag.py
[2022-08-11 04:26:20,918] {processor.py:651} INFO - DAG(s) dict_keys(['example_trigger_target_dag']) retrieved from /home/airflow/.local/lib/python3.7/site-packages/airflow/example_dags/example_trigger_target_dag.py
[2022-08-11 04:26:21,147] {logging_mixin.py:115} INFO - [2022-08-11 04:26:21,147] {dag.py:2371} INFO - Sync 1 DAGs
[2022-08-11 04:26:21,209] {logging_mixin.py:115} INFO - [2022-08-11 04:26:21,209] {dag.py:2919} INFO - Setting next_dagrun for example_trigger_target_dag to None, run_after=None
[2022-08-11 04:26:21,286] {processor.py:161} INFO - Processing /home/airflow/.local/lib/python3.7/site-packages/airflow/example_dags/example_trigger_target_dag.py took 0.473 seconds
[2022-08-11 04:26:51,955] {processor.py:153} INFO - Started process (PID=97866) to work on /home/airflow/.local/lib/python3.7/site-packages/airflow/example_dags/example_trigger_target_dag.py
[2022-08-11 04:26:51,957] {processor.py:641} INFO - Processing file /home/airflow/.local/lib/python3.7/site-packages/airflow/example_dags/example_trigger_target_dag.py for tasks to queue
[2022-08-11 04:26:51,959] {logging_mixin.py:115} INFO - [2022-08-11 04:26:51,959] {dagbag.py:507} INFO - Filling up the DagBag from /home/airflow/.local/lib/python3.7/site-packages/airflow/example_dags/example_trigger_target_dag.py
[2022-08-11 04:26:51,993] {processor.py:651} INFO - DAG(s) dict_keys(['example_trigger_target_dag']) retrieved from /home/airflow/.local/lib/python3.7/site-packages/airflow/example_dags/example_trigger_target_dag.py
[2022-08-11 04:26:52,038] {logging_mixin.py:115} INFO - [2022-08-11 04:26:52,038] {dag.py:2371} INFO - Sync 1 DAGs
[2022-08-11 04:26:52,073] {logging_mixin.py:115} INFO - [2022-08-11 04:26:52,072] {dag.py:2919} INFO - Setting next_dagrun for example_trigger_target_dag to None, run_after=None
[2022-08-11 04:26:52,094] {processor.py:161} INFO - Processing /home/airflow/.local/lib/python3.7/site-packages/airflow/example_dags/example_trigger_target_dag.py took 0.144 seconds
[2022-08-11 04:27:23,230] {processor.py:153} INFO - Started process (PID=97918) to work on /home/airflow/.local/lib/python3.7/site-packages/airflow/example_dags/example_trigger_target_dag.py
[2022-08-11 04:27:23,234] {processor.py:641} INFO - Processing file /home/airflow/.local/lib/python3.7/site-packages/airflow/example_dags/example_trigger_target_dag.py for tasks to queue
[2022-08-11 04:27:23,238] {logging_mixin.py:115} INFO - [2022-08-11 04:27:23,238] {dagbag.py:507} INFO - Filling up the DagBag from /home/airflow/.local/lib/python3.7/site-packages/airflow/example_dags/example_trigger_target_dag.py
[2022-08-11 04:27:23,300] {processor.py:651} INFO - DAG(s) dict_keys(['example_trigger_target_dag']) retrieved from /home/airflow/.local/lib/python3.7/site-packages/airflow/example_dags/example_trigger_target_dag.py
[2022-08-11 04:27:23,384] {logging_mixin.py:115} INFO - [2022-08-11 04:27:23,384] {dag.py:2371} INFO - Sync 1 DAGs
[2022-08-11 04:27:23,469] {logging_mixin.py:115} INFO - [2022-08-11 04:27:23,469] {dag.py:2919} INFO - Setting next_dagrun for example_trigger_target_dag to None, run_after=None
[2022-08-11 04:27:23,509] {processor.py:161} INFO - Processing /home/airflow/.local/lib/python3.7/site-packages/airflow/example_dags/example_trigger_target_dag.py took 0.293 seconds
[2022-08-11 04:32:18,324] {processor.py:153} INFO - Started process (PID=97954) to work on /home/airflow/.local/lib/python3.7/site-packages/airflow/example_dags/example_trigger_target_dag.py
[2022-08-11 04:32:18,329] {processor.py:641} INFO - Processing file /home/airflow/.local/lib/python3.7/site-packages/airflow/example_dags/example_trigger_target_dag.py for tasks to queue
[2022-08-11 04:32:18,332] {logging_mixin.py:115} INFO - [2022-08-11 04:32:18,332] {dagbag.py:507} INFO - Filling up the DagBag from /home/airflow/.local/lib/python3.7/site-packages/airflow/example_dags/example_trigger_target_dag.py
[2022-08-11 04:32:18,377] {processor.py:651} INFO - DAG(s) dict_keys(['example_trigger_target_dag']) retrieved from /home/airflow/.local/lib/python3.7/site-packages/airflow/example_dags/example_trigger_target_dag.py
[2022-08-11 04:32:18,434] {logging_mixin.py:115} INFO - [2022-08-11 04:32:18,433] {dag.py:2371} INFO - Sync 1 DAGs
[2022-08-11 04:32:18,502] {logging_mixin.py:115} INFO - [2022-08-11 04:32:18,502] {dag.py:2919} INFO - Setting next_dagrun for example_trigger_target_dag to None, run_after=None
[2022-08-11 04:32:18,546] {processor.py:161} INFO - Processing /home/airflow/.local/lib/python3.7/site-packages/airflow/example_dags/example_trigger_target_dag.py took 0.227 seconds
[2022-08-11 04:32:49,598] {processor.py:153} INFO - Started process (PID=98007) to work on /home/airflow/.local/lib/python3.7/site-packages/airflow/example_dags/example_trigger_target_dag.py
[2022-08-11 04:32:49,603] {processor.py:641} INFO - Processing file /home/airflow/.local/lib/python3.7/site-packages/airflow/example_dags/example_trigger_target_dag.py for tasks to queue
[2022-08-11 04:32:49,608] {logging_mixin.py:115} INFO - [2022-08-11 04:32:49,608] {dagbag.py:507} INFO - Filling up the DagBag from /home/airflow/.local/lib/python3.7/site-packages/airflow/example_dags/example_trigger_target_dag.py
[2022-08-11 04:32:49,683] {processor.py:651} INFO - DAG(s) dict_keys(['example_trigger_target_dag']) retrieved from /home/airflow/.local/lib/python3.7/site-packages/airflow/example_dags/example_trigger_target_dag.py
[2022-08-11 04:32:49,808] {logging_mixin.py:115} INFO - [2022-08-11 04:32:49,808] {dag.py:2371} INFO - Sync 1 DAGs
[2022-08-11 04:32:49,887] {logging_mixin.py:115} INFO - [2022-08-11 04:32:49,886] {dag.py:2919} INFO - Setting next_dagrun for example_trigger_target_dag to None, run_after=None
[2022-08-11 04:32:49,932] {processor.py:161} INFO - Processing /home/airflow/.local/lib/python3.7/site-packages/airflow/example_dags/example_trigger_target_dag.py took 0.348 seconds
[2022-08-11 04:37:48,799] {processor.py:153} INFO - Started process (PID=98050) to work on /home/airflow/.local/lib/python3.7/site-packages/airflow/example_dags/example_trigger_target_dag.py
[2022-08-11 04:37:48,805] {processor.py:641} INFO - Processing file /home/airflow/.local/lib/python3.7/site-packages/airflow/example_dags/example_trigger_target_dag.py for tasks to queue
[2022-08-11 04:37:48,807] {logging_mixin.py:115} INFO - [2022-08-11 04:37:48,807] {dagbag.py:507} INFO - Filling up the DagBag from /home/airflow/.local/lib/python3.7/site-packages/airflow/example_dags/example_trigger_target_dag.py
[2022-08-11 04:37:48,858] {processor.py:651} INFO - DAG(s) dict_keys(['example_trigger_target_dag']) retrieved from /home/airflow/.local/lib/python3.7/site-packages/airflow/example_dags/example_trigger_target_dag.py
[2022-08-11 04:37:48,923] {logging_mixin.py:115} INFO - [2022-08-11 04:37:48,923] {dag.py:2371} INFO - Sync 1 DAGs
[2022-08-11 04:37:48,970] {logging_mixin.py:115} INFO - [2022-08-11 04:37:48,970] {dag.py:2919} INFO - Setting next_dagrun for example_trigger_target_dag to None, run_after=None
[2022-08-11 04:37:49,007] {processor.py:161} INFO - Processing /home/airflow/.local/lib/python3.7/site-packages/airflow/example_dags/example_trigger_target_dag.py took 0.214 seconds
[2022-08-11 04:38:19,872] {processor.py:153} INFO - Started process (PID=98102) to work on /home/airflow/.local/lib/python3.7/site-packages/airflow/example_dags/example_trigger_target_dag.py
[2022-08-11 04:38:19,876] {processor.py:641} INFO - Processing file /home/airflow/.local/lib/python3.7/site-packages/airflow/example_dags/example_trigger_target_dag.py for tasks to queue
[2022-08-11 04:38:19,883] {logging_mixin.py:115} INFO - [2022-08-11 04:38:19,882] {dagbag.py:507} INFO - Filling up the DagBag from /home/airflow/.local/lib/python3.7/site-packages/airflow/example_dags/example_trigger_target_dag.py
[2022-08-11 04:38:19,994] {processor.py:651} INFO - DAG(s) dict_keys(['example_trigger_target_dag']) retrieved from /home/airflow/.local/lib/python3.7/site-packages/airflow/example_dags/example_trigger_target_dag.py
[2022-08-11 04:38:20,105] {logging_mixin.py:115} INFO - [2022-08-11 04:38:20,104] {dag.py:2371} INFO - Sync 1 DAGs
[2022-08-11 04:38:20,235] {logging_mixin.py:115} INFO - [2022-08-11 04:38:20,234] {dag.py:2919} INFO - Setting next_dagrun for example_trigger_target_dag to None, run_after=None
[2022-08-11 04:38:20,290] {processor.py:161} INFO - Processing /home/airflow/.local/lib/python3.7/site-packages/airflow/example_dags/example_trigger_target_dag.py took 0.441 seconds
[2022-08-11 04:43:23,198] {processor.py:153} INFO - Started process (PID=98156) to work on /home/airflow/.local/lib/python3.7/site-packages/airflow/example_dags/example_trigger_target_dag.py
[2022-08-11 04:43:23,200] {processor.py:641} INFO - Processing file /home/airflow/.local/lib/python3.7/site-packages/airflow/example_dags/example_trigger_target_dag.py for tasks to queue
[2022-08-11 04:43:23,211] {logging_mixin.py:115} INFO - [2022-08-11 04:43:23,211] {dagbag.py:507} INFO - Filling up the DagBag from /home/airflow/.local/lib/python3.7/site-packages/airflow/example_dags/example_trigger_target_dag.py
[2022-08-11 04:43:23,321] {processor.py:651} INFO - DAG(s) dict_keys(['example_trigger_target_dag']) retrieved from /home/airflow/.local/lib/python3.7/site-packages/airflow/example_dags/example_trigger_target_dag.py
[2022-08-11 04:43:23,405] {logging_mixin.py:115} INFO - [2022-08-11 04:43:23,405] {dag.py:2371} INFO - Sync 1 DAGs
[2022-08-11 04:43:23,500] {logging_mixin.py:115} INFO - [2022-08-11 04:43:23,500] {dag.py:2919} INFO - Setting next_dagrun for example_trigger_target_dag to None, run_after=None
[2022-08-11 04:43:23,539] {processor.py:161} INFO - Processing /home/airflow/.local/lib/python3.7/site-packages/airflow/example_dags/example_trigger_target_dag.py took 0.345 seconds
[2022-08-11 04:43:54,407] {processor.py:153} INFO - Started process (PID=98208) to work on /home/airflow/.local/lib/python3.7/site-packages/airflow/example_dags/example_trigger_target_dag.py
[2022-08-11 04:43:54,412] {processor.py:641} INFO - Processing file /home/airflow/.local/lib/python3.7/site-packages/airflow/example_dags/example_trigger_target_dag.py for tasks to queue
[2022-08-11 04:43:54,416] {logging_mixin.py:115} INFO - [2022-08-11 04:43:54,416] {dagbag.py:507} INFO - Filling up the DagBag from /home/airflow/.local/lib/python3.7/site-packages/airflow/example_dags/example_trigger_target_dag.py
[2022-08-11 04:43:54,523] {processor.py:651} INFO - DAG(s) dict_keys(['example_trigger_target_dag']) retrieved from /home/airflow/.local/lib/python3.7/site-packages/airflow/example_dags/example_trigger_target_dag.py
[2022-08-11 04:43:54,648] {logging_mixin.py:115} INFO - [2022-08-11 04:43:54,647] {dag.py:2371} INFO - Sync 1 DAGs
[2022-08-11 04:43:54,765] {logging_mixin.py:115} INFO - [2022-08-11 04:43:54,765] {dag.py:2919} INFO - Setting next_dagrun for example_trigger_target_dag to None, run_after=None
[2022-08-11 04:43:54,827] {processor.py:161} INFO - Processing /home/airflow/.local/lib/python3.7/site-packages/airflow/example_dags/example_trigger_target_dag.py took 0.441 seconds
[2022-08-11 04:48:58,715] {processor.py:153} INFO - Started process (PID=98252) to work on /home/airflow/.local/lib/python3.7/site-packages/airflow/example_dags/example_trigger_target_dag.py
[2022-08-11 04:48:58,717] {processor.py:641} INFO - Processing file /home/airflow/.local/lib/python3.7/site-packages/airflow/example_dags/example_trigger_target_dag.py for tasks to queue
[2022-08-11 04:48:58,720] {logging_mixin.py:115} INFO - [2022-08-11 04:48:58,720] {dagbag.py:507} INFO - Filling up the DagBag from /home/airflow/.local/lib/python3.7/site-packages/airflow/example_dags/example_trigger_target_dag.py
[2022-08-11 04:48:58,752] {processor.py:651} INFO - DAG(s) dict_keys(['example_trigger_target_dag']) retrieved from /home/airflow/.local/lib/python3.7/site-packages/airflow/example_dags/example_trigger_target_dag.py
[2022-08-11 04:48:58,804] {logging_mixin.py:115} INFO - [2022-08-11 04:48:58,804] {dag.py:2371} INFO - Sync 1 DAGs
[2022-08-11 04:48:58,839] {logging_mixin.py:115} INFO - [2022-08-11 04:48:58,838] {dag.py:2919} INFO - Setting next_dagrun for example_trigger_target_dag to None, run_after=None
[2022-08-11 04:48:58,861] {processor.py:161} INFO - Processing /home/airflow/.local/lib/python3.7/site-packages/airflow/example_dags/example_trigger_target_dag.py took 0.156 seconds
[2022-08-11 04:49:30,222] {processor.py:153} INFO - Started process (PID=98306) to work on /home/airflow/.local/lib/python3.7/site-packages/airflow/example_dags/example_trigger_target_dag.py
[2022-08-11 04:49:30,232] {processor.py:641} INFO - Processing file /home/airflow/.local/lib/python3.7/site-packages/airflow/example_dags/example_trigger_target_dag.py for tasks to queue
[2022-08-11 04:49:30,248] {logging_mixin.py:115} INFO - [2022-08-11 04:49:30,247] {dagbag.py:507} INFO - Filling up the DagBag from /home/airflow/.local/lib/python3.7/site-packages/airflow/example_dags/example_trigger_target_dag.py
[2022-08-11 04:49:30,359] {processor.py:651} INFO - DAG(s) dict_keys(['example_trigger_target_dag']) retrieved from /home/airflow/.local/lib/python3.7/site-packages/airflow/example_dags/example_trigger_target_dag.py
[2022-08-11 04:49:30,498] {logging_mixin.py:115} INFO - [2022-08-11 04:49:30,497] {dag.py:2371} INFO - Sync 1 DAGs
[2022-08-11 04:49:30,596] {logging_mixin.py:115} INFO - [2022-08-11 04:49:30,596] {dag.py:2919} INFO - Setting next_dagrun for example_trigger_target_dag to None, run_after=None
[2022-08-11 04:49:30,654] {processor.py:161} INFO - Processing /home/airflow/.local/lib/python3.7/site-packages/airflow/example_dags/example_trigger_target_dag.py took 0.459 seconds
[2022-08-11 04:54:32,285] {processor.py:153} INFO - Started process (PID=98352) to work on /home/airflow/.local/lib/python3.7/site-packages/airflow/example_dags/example_trigger_target_dag.py
[2022-08-11 04:54:32,290] {processor.py:641} INFO - Processing file /home/airflow/.local/lib/python3.7/site-packages/airflow/example_dags/example_trigger_target_dag.py for tasks to queue
[2022-08-11 04:54:32,292] {logging_mixin.py:115} INFO - [2022-08-11 04:54:32,292] {dagbag.py:507} INFO - Filling up the DagBag from /home/airflow/.local/lib/python3.7/site-packages/airflow/example_dags/example_trigger_target_dag.py
[2022-08-11 04:54:32,345] {processor.py:651} INFO - DAG(s) dict_keys(['example_trigger_target_dag']) retrieved from /home/airflow/.local/lib/python3.7/site-packages/airflow/example_dags/example_trigger_target_dag.py
[2022-08-11 04:54:32,426] {logging_mixin.py:115} INFO - [2022-08-11 04:54:32,426] {dag.py:2371} INFO - Sync 1 DAGs
[2022-08-11 04:54:32,462] {logging_mixin.py:115} INFO - [2022-08-11 04:54:32,462] {dag.py:2919} INFO - Setting next_dagrun for example_trigger_target_dag to None, run_after=None
[2022-08-11 04:54:32,480] {processor.py:161} INFO - Processing /home/airflow/.local/lib/python3.7/site-packages/airflow/example_dags/example_trigger_target_dag.py took 0.200 seconds
[2022-08-11 04:55:02,853] {processor.py:153} INFO - Started process (PID=98405) to work on /home/airflow/.local/lib/python3.7/site-packages/airflow/example_dags/example_trigger_target_dag.py
[2022-08-11 04:55:02,856] {processor.py:641} INFO - Processing file /home/airflow/.local/lib/python3.7/site-packages/airflow/example_dags/example_trigger_target_dag.py for tasks to queue
[2022-08-11 04:55:02,860] {logging_mixin.py:115} INFO - [2022-08-11 04:55:02,859] {dagbag.py:507} INFO - Filling up the DagBag from /home/airflow/.local/lib/python3.7/site-packages/airflow/example_dags/example_trigger_target_dag.py
[2022-08-11 04:55:02,913] {processor.py:651} INFO - DAG(s) dict_keys(['example_trigger_target_dag']) retrieved from /home/airflow/.local/lib/python3.7/site-packages/airflow/example_dags/example_trigger_target_dag.py
[2022-08-11 04:55:02,996] {logging_mixin.py:115} INFO - [2022-08-11 04:55:02,996] {dag.py:2371} INFO - Sync 1 DAGs
[2022-08-11 04:55:03,055] {logging_mixin.py:115} INFO - [2022-08-11 04:55:03,054] {dag.py:2919} INFO - Setting next_dagrun for example_trigger_target_dag to None, run_after=None
[2022-08-11 04:55:03,094] {processor.py:161} INFO - Processing /home/airflow/.local/lib/python3.7/site-packages/airflow/example_dags/example_trigger_target_dag.py took 0.251 seconds
[2022-08-11 04:55:33,384] {processor.py:153} INFO - Started process (PID=98457) to work on /home/airflow/.local/lib/python3.7/site-packages/airflow/example_dags/example_trigger_target_dag.py
[2022-08-11 04:55:33,388] {processor.py:641} INFO - Processing file /home/airflow/.local/lib/python3.7/site-packages/airflow/example_dags/example_trigger_target_dag.py for tasks to queue
[2022-08-11 04:55:33,392] {logging_mixin.py:115} INFO - [2022-08-11 04:55:33,392] {dagbag.py:507} INFO - Filling up the DagBag from /home/airflow/.local/lib/python3.7/site-packages/airflow/example_dags/example_trigger_target_dag.py
[2022-08-11 04:55:33,437] {processor.py:651} INFO - DAG(s) dict_keys(['example_trigger_target_dag']) retrieved from /home/airflow/.local/lib/python3.7/site-packages/airflow/example_dags/example_trigger_target_dag.py
[2022-08-11 04:55:33,500] {logging_mixin.py:115} INFO - [2022-08-11 04:55:33,499] {dag.py:2371} INFO - Sync 1 DAGs
[2022-08-11 04:55:33,546] {logging_mixin.py:115} INFO - [2022-08-11 04:55:33,545] {dag.py:2919} INFO - Setting next_dagrun for example_trigger_target_dag to None, run_after=None
[2022-08-11 04:55:33,571] {processor.py:161} INFO - Processing /home/airflow/.local/lib/python3.7/site-packages/airflow/example_dags/example_trigger_target_dag.py took 0.199 seconds
[2022-08-11 05:10:39,157] {processor.py:153} INFO - Started process (PID=98476) to work on /home/airflow/.local/lib/python3.7/site-packages/airflow/example_dags/example_trigger_target_dag.py
[2022-08-11 05:10:39,158] {processor.py:641} INFO - Processing file /home/airflow/.local/lib/python3.7/site-packages/airflow/example_dags/example_trigger_target_dag.py for tasks to queue
[2022-08-11 05:10:39,174] {logging_mixin.py:115} INFO - [2022-08-11 05:10:39,172] {dagbag.py:507} INFO - Filling up the DagBag from /home/airflow/.local/lib/python3.7/site-packages/airflow/example_dags/example_trigger_target_dag.py
[2022-08-11 05:10:39,258] {processor.py:651} INFO - DAG(s) dict_keys(['example_trigger_target_dag']) retrieved from /home/airflow/.local/lib/python3.7/site-packages/airflow/example_dags/example_trigger_target_dag.py
[2022-08-11 05:10:39,324] {logging_mixin.py:115} INFO - [2022-08-11 05:10:39,323] {dag.py:2371} INFO - Sync 1 DAGs
[2022-08-11 05:10:39,394] {logging_mixin.py:115} INFO - [2022-08-11 05:10:39,394] {dag.py:2919} INFO - Setting next_dagrun for example_trigger_target_dag to None, run_after=None
[2022-08-11 05:10:39,426] {processor.py:161} INFO - Processing /home/airflow/.local/lib/python3.7/site-packages/airflow/example_dags/example_trigger_target_dag.py took 0.276 seconds
[2022-08-11 05:11:11,134] {processor.py:153} INFO - Started process (PID=98528) to work on /home/airflow/.local/lib/python3.7/site-packages/airflow/example_dags/example_trigger_target_dag.py
[2022-08-11 05:11:11,151] {processor.py:641} INFO - Processing file /home/airflow/.local/lib/python3.7/site-packages/airflow/example_dags/example_trigger_target_dag.py for tasks to queue
[2022-08-11 05:11:11,156] {logging_mixin.py:115} INFO - [2022-08-11 05:11:11,156] {dagbag.py:507} INFO - Filling up the DagBag from /home/airflow/.local/lib/python3.7/site-packages/airflow/example_dags/example_trigger_target_dag.py
[2022-08-11 05:11:11,391] {processor.py:651} INFO - DAG(s) dict_keys(['example_trigger_target_dag']) retrieved from /home/airflow/.local/lib/python3.7/site-packages/airflow/example_dags/example_trigger_target_dag.py
[2022-08-11 05:11:11,657] {logging_mixin.py:115} INFO - [2022-08-11 05:11:11,657] {dag.py:2371} INFO - Sync 1 DAGs
[2022-08-11 05:11:11,801] {logging_mixin.py:115} INFO - [2022-08-11 05:11:11,801] {dag.py:2919} INFO - Setting next_dagrun for example_trigger_target_dag to None, run_after=None
[2022-08-11 05:11:11,877] {processor.py:161} INFO - Processing /home/airflow/.local/lib/python3.7/site-packages/airflow/example_dags/example_trigger_target_dag.py took 0.772 seconds
[2022-08-11 05:11:42,749] {processor.py:153} INFO - Started process (PID=98581) to work on /home/airflow/.local/lib/python3.7/site-packages/airflow/example_dags/example_trigger_target_dag.py
[2022-08-11 05:11:42,755] {processor.py:641} INFO - Processing file /home/airflow/.local/lib/python3.7/site-packages/airflow/example_dags/example_trigger_target_dag.py for tasks to queue
[2022-08-11 05:11:42,760] {logging_mixin.py:115} INFO - [2022-08-11 05:11:42,759] {dagbag.py:507} INFO - Filling up the DagBag from /home/airflow/.local/lib/python3.7/site-packages/airflow/example_dags/example_trigger_target_dag.py
[2022-08-11 05:11:42,916] {processor.py:651} INFO - DAG(s) dict_keys(['example_trigger_target_dag']) retrieved from /home/airflow/.local/lib/python3.7/site-packages/airflow/example_dags/example_trigger_target_dag.py
[2022-08-11 05:11:43,046] {logging_mixin.py:115} INFO - [2022-08-11 05:11:43,045] {dag.py:2371} INFO - Sync 1 DAGs
[2022-08-11 05:11:43,208] {logging_mixin.py:115} INFO - [2022-08-11 05:11:43,208] {dag.py:2919} INFO - Setting next_dagrun for example_trigger_target_dag to None, run_after=None
[2022-08-11 05:11:43,279] {processor.py:161} INFO - Processing /home/airflow/.local/lib/python3.7/site-packages/airflow/example_dags/example_trigger_target_dag.py took 0.558 seconds
[2022-08-11 05:16:41,051] {processor.py:153} INFO - Started process (PID=98623) to work on /home/airflow/.local/lib/python3.7/site-packages/airflow/example_dags/example_trigger_target_dag.py
[2022-08-11 05:16:41,056] {processor.py:641} INFO - Processing file /home/airflow/.local/lib/python3.7/site-packages/airflow/example_dags/example_trigger_target_dag.py for tasks to queue
[2022-08-11 05:16:41,062] {logging_mixin.py:115} INFO - [2022-08-11 05:16:41,062] {dagbag.py:507} INFO - Filling up the DagBag from /home/airflow/.local/lib/python3.7/site-packages/airflow/example_dags/example_trigger_target_dag.py
[2022-08-11 05:16:41,158] {processor.py:651} INFO - DAG(s) dict_keys(['example_trigger_target_dag']) retrieved from /home/airflow/.local/lib/python3.7/site-packages/airflow/example_dags/example_trigger_target_dag.py
[2022-08-11 05:16:41,292] {logging_mixin.py:115} INFO - [2022-08-11 05:16:41,292] {dag.py:2371} INFO - Sync 1 DAGs
[2022-08-11 05:16:41,375] {logging_mixin.py:115} INFO - [2022-08-11 05:16:41,375] {dag.py:2919} INFO - Setting next_dagrun for example_trigger_target_dag to None, run_after=None
[2022-08-11 05:16:41,441] {processor.py:161} INFO - Processing /home/airflow/.local/lib/python3.7/site-packages/airflow/example_dags/example_trigger_target_dag.py took 0.415 seconds
[2022-08-11 05:17:11,851] {processor.py:153} INFO - Started process (PID=98678) to work on /home/airflow/.local/lib/python3.7/site-packages/airflow/example_dags/example_trigger_target_dag.py
[2022-08-11 05:17:11,854] {processor.py:641} INFO - Processing file /home/airflow/.local/lib/python3.7/site-packages/airflow/example_dags/example_trigger_target_dag.py for tasks to queue
[2022-08-11 05:17:11,857] {logging_mixin.py:115} INFO - [2022-08-11 05:17:11,857] {dagbag.py:507} INFO - Filling up the DagBag from /home/airflow/.local/lib/python3.7/site-packages/airflow/example_dags/example_trigger_target_dag.py
[2022-08-11 05:17:11,913] {processor.py:651} INFO - DAG(s) dict_keys(['example_trigger_target_dag']) retrieved from /home/airflow/.local/lib/python3.7/site-packages/airflow/example_dags/example_trigger_target_dag.py
[2022-08-11 05:17:11,991] {logging_mixin.py:115} INFO - [2022-08-11 05:17:11,991] {dag.py:2371} INFO - Sync 1 DAGs
[2022-08-11 05:17:12,047] {logging_mixin.py:115} INFO - [2022-08-11 05:17:12,047] {dag.py:2919} INFO - Setting next_dagrun for example_trigger_target_dag to None, run_after=None
[2022-08-11 05:17:12,082] {processor.py:161} INFO - Processing /home/airflow/.local/lib/python3.7/site-packages/airflow/example_dags/example_trigger_target_dag.py took 0.245 seconds
[2022-08-11 05:22:13,507] {processor.py:153} INFO - Started process (PID=98731) to work on /home/airflow/.local/lib/python3.7/site-packages/airflow/example_dags/example_trigger_target_dag.py
[2022-08-11 05:22:13,515] {processor.py:641} INFO - Processing file /home/airflow/.local/lib/python3.7/site-packages/airflow/example_dags/example_trigger_target_dag.py for tasks to queue
[2022-08-11 05:22:13,518] {logging_mixin.py:115} INFO - [2022-08-11 05:22:13,518] {dagbag.py:507} INFO - Filling up the DagBag from /home/airflow/.local/lib/python3.7/site-packages/airflow/example_dags/example_trigger_target_dag.py
[2022-08-11 05:22:13,590] {processor.py:651} INFO - DAG(s) dict_keys(['example_trigger_target_dag']) retrieved from /home/airflow/.local/lib/python3.7/site-packages/airflow/example_dags/example_trigger_target_dag.py
[2022-08-11 05:22:13,624] {logging_mixin.py:115} INFO - [2022-08-11 05:22:13,624] {dag.py:2371} INFO - Sync 1 DAGs
[2022-08-11 05:22:13,653] {logging_mixin.py:115} INFO - [2022-08-11 05:22:13,653] {dag.py:2919} INFO - Setting next_dagrun for example_trigger_target_dag to None, run_after=None
[2022-08-11 05:22:13,668] {processor.py:161} INFO - Processing /home/airflow/.local/lib/python3.7/site-packages/airflow/example_dags/example_trigger_target_dag.py took 0.170 seconds
[2022-08-11 05:22:44,693] {processor.py:153} INFO - Started process (PID=98783) to work on /home/airflow/.local/lib/python3.7/site-packages/airflow/example_dags/example_trigger_target_dag.py
[2022-08-11 05:22:44,697] {processor.py:641} INFO - Processing file /home/airflow/.local/lib/python3.7/site-packages/airflow/example_dags/example_trigger_target_dag.py for tasks to queue
[2022-08-11 05:22:44,700] {logging_mixin.py:115} INFO - [2022-08-11 05:22:44,699] {dagbag.py:507} INFO - Filling up the DagBag from /home/airflow/.local/lib/python3.7/site-packages/airflow/example_dags/example_trigger_target_dag.py
[2022-08-11 05:22:44,750] {processor.py:651} INFO - DAG(s) dict_keys(['example_trigger_target_dag']) retrieved from /home/airflow/.local/lib/python3.7/site-packages/airflow/example_dags/example_trigger_target_dag.py
[2022-08-11 05:22:44,832] {logging_mixin.py:115} INFO - [2022-08-11 05:22:44,831] {dag.py:2371} INFO - Sync 1 DAGs
[2022-08-11 05:22:44,892] {logging_mixin.py:115} INFO - [2022-08-11 05:22:44,892] {dag.py:2919} INFO - Setting next_dagrun for example_trigger_target_dag to None, run_after=None
[2022-08-11 05:22:44,956] {processor.py:161} INFO - Processing /home/airflow/.local/lib/python3.7/site-packages/airflow/example_dags/example_trigger_target_dag.py took 0.272 seconds
[2022-08-11 05:27:47,131] {processor.py:153} INFO - Started process (PID=98837) to work on /home/airflow/.local/lib/python3.7/site-packages/airflow/example_dags/example_trigger_target_dag.py
[2022-08-11 05:27:47,137] {processor.py:641} INFO - Processing file /home/airflow/.local/lib/python3.7/site-packages/airflow/example_dags/example_trigger_target_dag.py for tasks to queue
[2022-08-11 05:27:47,145] {logging_mixin.py:115} INFO - [2022-08-11 05:27:47,145] {dagbag.py:507} INFO - Filling up the DagBag from /home/airflow/.local/lib/python3.7/site-packages/airflow/example_dags/example_trigger_target_dag.py
[2022-08-11 05:27:47,222] {processor.py:651} INFO - DAG(s) dict_keys(['example_trigger_target_dag']) retrieved from /home/airflow/.local/lib/python3.7/site-packages/airflow/example_dags/example_trigger_target_dag.py
[2022-08-11 05:27:47,326] {logging_mixin.py:115} INFO - [2022-08-11 05:27:47,326] {dag.py:2371} INFO - Sync 1 DAGs
[2022-08-11 05:27:47,389] {logging_mixin.py:115} INFO - [2022-08-11 05:27:47,389] {dag.py:2919} INFO - Setting next_dagrun for example_trigger_target_dag to None, run_after=None
[2022-08-11 05:27:47,421] {processor.py:161} INFO - Processing /home/airflow/.local/lib/python3.7/site-packages/airflow/example_dags/example_trigger_target_dag.py took 0.294 seconds
[2022-08-11 05:28:17,695] {processor.py:153} INFO - Started process (PID=98889) to work on /home/airflow/.local/lib/python3.7/site-packages/airflow/example_dags/example_trigger_target_dag.py
[2022-08-11 05:28:17,698] {processor.py:641} INFO - Processing file /home/airflow/.local/lib/python3.7/site-packages/airflow/example_dags/example_trigger_target_dag.py for tasks to queue
[2022-08-11 05:28:17,703] {logging_mixin.py:115} INFO - [2022-08-11 05:28:17,702] {dagbag.py:507} INFO - Filling up the DagBag from /home/airflow/.local/lib/python3.7/site-packages/airflow/example_dags/example_trigger_target_dag.py
[2022-08-11 05:28:17,753] {processor.py:651} INFO - DAG(s) dict_keys(['example_trigger_target_dag']) retrieved from /home/airflow/.local/lib/python3.7/site-packages/airflow/example_dags/example_trigger_target_dag.py
[2022-08-11 05:28:17,830] {logging_mixin.py:115} INFO - [2022-08-11 05:28:17,829] {dag.py:2371} INFO - Sync 1 DAGs
[2022-08-11 05:28:17,887] {logging_mixin.py:115} INFO - [2022-08-11 05:28:17,887] {dag.py:2919} INFO - Setting next_dagrun for example_trigger_target_dag to None, run_after=None
[2022-08-11 05:28:17,921] {processor.py:161} INFO - Processing /home/airflow/.local/lib/python3.7/site-packages/airflow/example_dags/example_trigger_target_dag.py took 0.235 seconds
[2022-08-11 05:33:19,887] {processor.py:153} INFO - Started process (PID=98942) to work on /home/airflow/.local/lib/python3.7/site-packages/airflow/example_dags/example_trigger_target_dag.py
[2022-08-11 05:33:19,889] {processor.py:641} INFO - Processing file /home/airflow/.local/lib/python3.7/site-packages/airflow/example_dags/example_trigger_target_dag.py for tasks to queue
[2022-08-11 05:33:19,891] {logging_mixin.py:115} INFO - [2022-08-11 05:33:19,890] {dagbag.py:507} INFO - Filling up the DagBag from /home/airflow/.local/lib/python3.7/site-packages/airflow/example_dags/example_trigger_target_dag.py
[2022-08-11 05:33:19,983] {processor.py:651} INFO - DAG(s) dict_keys(['example_trigger_target_dag']) retrieved from /home/airflow/.local/lib/python3.7/site-packages/airflow/example_dags/example_trigger_target_dag.py
[2022-08-11 05:33:20,078] {logging_mixin.py:115} INFO - [2022-08-11 05:33:20,078] {dag.py:2371} INFO - Sync 1 DAGs
[2022-08-11 05:33:20,160] {logging_mixin.py:115} INFO - [2022-08-11 05:33:20,160] {dag.py:2919} INFO - Setting next_dagrun for example_trigger_target_dag to None, run_after=None
[2022-08-11 05:33:20,204] {processor.py:161} INFO - Processing /home/airflow/.local/lib/python3.7/site-packages/airflow/example_dags/example_trigger_target_dag.py took 0.337 seconds
[2022-08-11 05:33:50,335] {processor.py:153} INFO - Started process (PID=98995) to work on /home/airflow/.local/lib/python3.7/site-packages/airflow/example_dags/example_trigger_target_dag.py
[2022-08-11 05:33:50,339] {processor.py:641} INFO - Processing file /home/airflow/.local/lib/python3.7/site-packages/airflow/example_dags/example_trigger_target_dag.py for tasks to queue
[2022-08-11 05:33:50,342] {logging_mixin.py:115} INFO - [2022-08-11 05:33:50,341] {dagbag.py:507} INFO - Filling up the DagBag from /home/airflow/.local/lib/python3.7/site-packages/airflow/example_dags/example_trigger_target_dag.py
[2022-08-11 05:33:50,405] {processor.py:651} INFO - DAG(s) dict_keys(['example_trigger_target_dag']) retrieved from /home/airflow/.local/lib/python3.7/site-packages/airflow/example_dags/example_trigger_target_dag.py
[2022-08-11 05:33:50,508] {logging_mixin.py:115} INFO - [2022-08-11 05:33:50,508] {dag.py:2371} INFO - Sync 1 DAGs
[2022-08-11 05:33:50,565] {logging_mixin.py:115} INFO - [2022-08-11 05:33:50,565] {dag.py:2919} INFO - Setting next_dagrun for example_trigger_target_dag to None, run_after=None
[2022-08-11 05:33:50,594] {processor.py:161} INFO - Processing /home/airflow/.local/lib/python3.7/site-packages/airflow/example_dags/example_trigger_target_dag.py took 0.269 seconds
[2022-08-11 05:38:51,446] {processor.py:153} INFO - Started process (PID=99044) to work on /home/airflow/.local/lib/python3.7/site-packages/airflow/example_dags/example_trigger_target_dag.py
[2022-08-11 05:38:51,456] {processor.py:641} INFO - Processing file /home/airflow/.local/lib/python3.7/site-packages/airflow/example_dags/example_trigger_target_dag.py for tasks to queue
[2022-08-11 05:38:51,458] {logging_mixin.py:115} INFO - [2022-08-11 05:38:51,458] {dagbag.py:507} INFO - Filling up the DagBag from /home/airflow/.local/lib/python3.7/site-packages/airflow/example_dags/example_trigger_target_dag.py
[2022-08-11 05:38:51,506] {processor.py:651} INFO - DAG(s) dict_keys(['example_trigger_target_dag']) retrieved from /home/airflow/.local/lib/python3.7/site-packages/airflow/example_dags/example_trigger_target_dag.py
[2022-08-11 05:38:51,604] {logging_mixin.py:115} INFO - [2022-08-11 05:38:51,599] {dag.py:2371} INFO - Sync 1 DAGs
[2022-08-11 05:38:51,676] {logging_mixin.py:115} INFO - [2022-08-11 05:38:51,676] {dag.py:2919} INFO - Setting next_dagrun for example_trigger_target_dag to None, run_after=None
[2022-08-11 05:38:51,716] {processor.py:161} INFO - Processing /home/airflow/.local/lib/python3.7/site-packages/airflow/example_dags/example_trigger_target_dag.py took 0.288 seconds
[2022-08-11 05:39:22,646] {processor.py:153} INFO - Started process (PID=99099) to work on /home/airflow/.local/lib/python3.7/site-packages/airflow/example_dags/example_trigger_target_dag.py
[2022-08-11 05:39:22,651] {processor.py:641} INFO - Processing file /home/airflow/.local/lib/python3.7/site-packages/airflow/example_dags/example_trigger_target_dag.py for tasks to queue
[2022-08-11 05:39:22,658] {logging_mixin.py:115} INFO - [2022-08-11 05:39:22,657] {dagbag.py:507} INFO - Filling up the DagBag from /home/airflow/.local/lib/python3.7/site-packages/airflow/example_dags/example_trigger_target_dag.py
[2022-08-11 05:39:22,780] {processor.py:651} INFO - DAG(s) dict_keys(['example_trigger_target_dag']) retrieved from /home/airflow/.local/lib/python3.7/site-packages/airflow/example_dags/example_trigger_target_dag.py
[2022-08-11 05:39:22,868] {logging_mixin.py:115} INFO - [2022-08-11 05:39:22,868] {dag.py:2371} INFO - Sync 1 DAGs
[2022-08-11 05:39:22,942] {logging_mixin.py:115} INFO - [2022-08-11 05:39:22,941] {dag.py:2919} INFO - Setting next_dagrun for example_trigger_target_dag to None, run_after=None
[2022-08-11 05:39:22,978] {processor.py:161} INFO - Processing /home/airflow/.local/lib/python3.7/site-packages/airflow/example_dags/example_trigger_target_dag.py took 0.350 seconds
[2022-08-11 05:44:25,774] {processor.py:153} INFO - Started process (PID=99154) to work on /home/airflow/.local/lib/python3.7/site-packages/airflow/example_dags/example_trigger_target_dag.py
[2022-08-11 05:44:25,786] {processor.py:641} INFO - Processing file /home/airflow/.local/lib/python3.7/site-packages/airflow/example_dags/example_trigger_target_dag.py for tasks to queue
[2022-08-11 05:44:25,788] {logging_mixin.py:115} INFO - [2022-08-11 05:44:25,788] {dagbag.py:507} INFO - Filling up the DagBag from /home/airflow/.local/lib/python3.7/site-packages/airflow/example_dags/example_trigger_target_dag.py
[2022-08-11 05:44:25,835] {processor.py:651} INFO - DAG(s) dict_keys(['example_trigger_target_dag']) retrieved from /home/airflow/.local/lib/python3.7/site-packages/airflow/example_dags/example_trigger_target_dag.py
[2022-08-11 05:44:25,882] {logging_mixin.py:115} INFO - [2022-08-11 05:44:25,882] {dag.py:2371} INFO - Sync 1 DAGs
[2022-08-11 05:44:25,925] {logging_mixin.py:115} INFO - [2022-08-11 05:44:25,925] {dag.py:2919} INFO - Setting next_dagrun for example_trigger_target_dag to None, run_after=None
[2022-08-11 05:44:25,943] {processor.py:161} INFO - Processing /home/airflow/.local/lib/python3.7/site-packages/airflow/example_dags/example_trigger_target_dag.py took 0.173 seconds
[2022-08-11 05:44:56,654] {processor.py:153} INFO - Started process (PID=99206) to work on /home/airflow/.local/lib/python3.7/site-packages/airflow/example_dags/example_trigger_target_dag.py
[2022-08-11 05:44:56,657] {processor.py:641} INFO - Processing file /home/airflow/.local/lib/python3.7/site-packages/airflow/example_dags/example_trigger_target_dag.py for tasks to queue
[2022-08-11 05:44:56,661] {logging_mixin.py:115} INFO - [2022-08-11 05:44:56,660] {dagbag.py:507} INFO - Filling up the DagBag from /home/airflow/.local/lib/python3.7/site-packages/airflow/example_dags/example_trigger_target_dag.py
[2022-08-11 05:44:56,717] {processor.py:651} INFO - DAG(s) dict_keys(['example_trigger_target_dag']) retrieved from /home/airflow/.local/lib/python3.7/site-packages/airflow/example_dags/example_trigger_target_dag.py
[2022-08-11 05:44:56,796] {logging_mixin.py:115} INFO - [2022-08-11 05:44:56,796] {dag.py:2371} INFO - Sync 1 DAGs
[2022-08-11 05:44:56,852] {logging_mixin.py:115} INFO - [2022-08-11 05:44:56,852] {dag.py:2919} INFO - Setting next_dagrun for example_trigger_target_dag to None, run_after=None
[2022-08-11 05:44:56,883] {processor.py:161} INFO - Processing /home/airflow/.local/lib/python3.7/site-packages/airflow/example_dags/example_trigger_target_dag.py took 0.239 seconds
[2022-08-11 05:49:59,829] {processor.py:153} INFO - Started process (PID=99256) to work on /home/airflow/.local/lib/python3.7/site-packages/airflow/example_dags/example_trigger_target_dag.py
[2022-08-11 05:49:59,834] {processor.py:641} INFO - Processing file /home/airflow/.local/lib/python3.7/site-packages/airflow/example_dags/example_trigger_target_dag.py for tasks to queue
[2022-08-11 05:49:59,837] {logging_mixin.py:115} INFO - [2022-08-11 05:49:59,837] {dagbag.py:507} INFO - Filling up the DagBag from /home/airflow/.local/lib/python3.7/site-packages/airflow/example_dags/example_trigger_target_dag.py
[2022-08-11 05:49:59,901] {processor.py:651} INFO - DAG(s) dict_keys(['example_trigger_target_dag']) retrieved from /home/airflow/.local/lib/python3.7/site-packages/airflow/example_dags/example_trigger_target_dag.py
[2022-08-11 05:50:00,062] {logging_mixin.py:115} INFO - [2022-08-11 05:50:00,061] {dag.py:2371} INFO - Sync 1 DAGs
[2022-08-11 05:50:00,184] {logging_mixin.py:115} INFO - [2022-08-11 05:50:00,184] {dag.py:2919} INFO - Setting next_dagrun for example_trigger_target_dag to None, run_after=None
[2022-08-11 05:50:00,222] {processor.py:161} INFO - Processing /home/airflow/.local/lib/python3.7/site-packages/airflow/example_dags/example_trigger_target_dag.py took 0.397 seconds
[2022-08-11 05:50:31,190] {processor.py:153} INFO - Started process (PID=99311) to work on /home/airflow/.local/lib/python3.7/site-packages/airflow/example_dags/example_trigger_target_dag.py
[2022-08-11 05:50:31,196] {processor.py:641} INFO - Processing file /home/airflow/.local/lib/python3.7/site-packages/airflow/example_dags/example_trigger_target_dag.py for tasks to queue
[2022-08-11 05:50:31,204] {logging_mixin.py:115} INFO - [2022-08-11 05:50:31,203] {dagbag.py:507} INFO - Filling up the DagBag from /home/airflow/.local/lib/python3.7/site-packages/airflow/example_dags/example_trigger_target_dag.py
[2022-08-11 05:50:31,280] {processor.py:651} INFO - DAG(s) dict_keys(['example_trigger_target_dag']) retrieved from /home/airflow/.local/lib/python3.7/site-packages/airflow/example_dags/example_trigger_target_dag.py
[2022-08-11 05:50:31,359] {logging_mixin.py:115} INFO - [2022-08-11 05:50:31,358] {dag.py:2371} INFO - Sync 1 DAGs
[2022-08-11 05:50:31,471] {logging_mixin.py:115} INFO - [2022-08-11 05:50:31,471] {dag.py:2919} INFO - Setting next_dagrun for example_trigger_target_dag to None, run_after=None
[2022-08-11 05:50:31,502] {processor.py:161} INFO - Processing /home/airflow/.local/lib/python3.7/site-packages/airflow/example_dags/example_trigger_target_dag.py took 0.330 seconds
[2022-08-11 05:55:32,868] {processor.py:153} INFO - Started process (PID=99361) to work on /home/airflow/.local/lib/python3.7/site-packages/airflow/example_dags/example_trigger_target_dag.py
[2022-08-11 05:55:32,870] {processor.py:641} INFO - Processing file /home/airflow/.local/lib/python3.7/site-packages/airflow/example_dags/example_trigger_target_dag.py for tasks to queue
[2022-08-11 05:55:32,872] {logging_mixin.py:115} INFO - [2022-08-11 05:55:32,872] {dagbag.py:507} INFO - Filling up the DagBag from /home/airflow/.local/lib/python3.7/site-packages/airflow/example_dags/example_trigger_target_dag.py
[2022-08-11 05:55:32,936] {processor.py:651} INFO - DAG(s) dict_keys(['example_trigger_target_dag']) retrieved from /home/airflow/.local/lib/python3.7/site-packages/airflow/example_dags/example_trigger_target_dag.py
[2022-08-11 05:55:33,129] {logging_mixin.py:115} INFO - [2022-08-11 05:55:33,129] {dag.py:2371} INFO - Sync 1 DAGs
[2022-08-11 05:55:33,205] {logging_mixin.py:115} INFO - [2022-08-11 05:55:33,204] {dag.py:2919} INFO - Setting next_dagrun for example_trigger_target_dag to None, run_after=None
[2022-08-11 05:55:33,266] {processor.py:161} INFO - Processing /home/airflow/.local/lib/python3.7/site-packages/airflow/example_dags/example_trigger_target_dag.py took 0.403 seconds
[2022-08-11 05:56:03,966] {processor.py:153} INFO - Started process (PID=99416) to work on /home/airflow/.local/lib/python3.7/site-packages/airflow/example_dags/example_trigger_target_dag.py
[2022-08-11 05:56:03,970] {processor.py:641} INFO - Processing file /home/airflow/.local/lib/python3.7/site-packages/airflow/example_dags/example_trigger_target_dag.py for tasks to queue
[2022-08-11 05:56:03,973] {logging_mixin.py:115} INFO - [2022-08-11 05:56:03,973] {dagbag.py:507} INFO - Filling up the DagBag from /home/airflow/.local/lib/python3.7/site-packages/airflow/example_dags/example_trigger_target_dag.py
[2022-08-11 05:56:04,031] {processor.py:651} INFO - DAG(s) dict_keys(['example_trigger_target_dag']) retrieved from /home/airflow/.local/lib/python3.7/site-packages/airflow/example_dags/example_trigger_target_dag.py
[2022-08-11 05:56:04,105] {logging_mixin.py:115} INFO - [2022-08-11 05:56:04,105] {dag.py:2371} INFO - Sync 1 DAGs
[2022-08-11 05:56:04,159] {logging_mixin.py:115} INFO - [2022-08-11 05:56:04,159] {dag.py:2919} INFO - Setting next_dagrun for example_trigger_target_dag to None, run_after=None
[2022-08-11 05:56:04,193] {processor.py:161} INFO - Processing /home/airflow/.local/lib/python3.7/site-packages/airflow/example_dags/example_trigger_target_dag.py took 0.244 seconds
[2022-08-11 06:01:06,164] {processor.py:153} INFO - Started process (PID=99469) to work on /home/airflow/.local/lib/python3.7/site-packages/airflow/example_dags/example_trigger_target_dag.py
[2022-08-11 06:01:06,165] {processor.py:641} INFO - Processing file /home/airflow/.local/lib/python3.7/site-packages/airflow/example_dags/example_trigger_target_dag.py for tasks to queue
[2022-08-11 06:01:06,167] {logging_mixin.py:115} INFO - [2022-08-11 06:01:06,167] {dagbag.py:507} INFO - Filling up the DagBag from /home/airflow/.local/lib/python3.7/site-packages/airflow/example_dags/example_trigger_target_dag.py
[2022-08-11 06:01:06,232] {processor.py:651} INFO - DAG(s) dict_keys(['example_trigger_target_dag']) retrieved from /home/airflow/.local/lib/python3.7/site-packages/airflow/example_dags/example_trigger_target_dag.py
[2022-08-11 06:01:06,345] {logging_mixin.py:115} INFO - [2022-08-11 06:01:06,345] {dag.py:2371} INFO - Sync 1 DAGs
[2022-08-11 06:01:06,416] {logging_mixin.py:115} INFO - [2022-08-11 06:01:06,416] {dag.py:2919} INFO - Setting next_dagrun for example_trigger_target_dag to None, run_after=None
[2022-08-11 06:01:06,466] {processor.py:161} INFO - Processing /home/airflow/.local/lib/python3.7/site-packages/airflow/example_dags/example_trigger_target_dag.py took 0.324 seconds
[2022-08-11 06:01:37,388] {processor.py:153} INFO - Started process (PID=99521) to work on /home/airflow/.local/lib/python3.7/site-packages/airflow/example_dags/example_trigger_target_dag.py
[2022-08-11 06:01:37,393] {processor.py:641} INFO - Processing file /home/airflow/.local/lib/python3.7/site-packages/airflow/example_dags/example_trigger_target_dag.py for tasks to queue
[2022-08-11 06:01:37,396] {logging_mixin.py:115} INFO - [2022-08-11 06:01:37,396] {dagbag.py:507} INFO - Filling up the DagBag from /home/airflow/.local/lib/python3.7/site-packages/airflow/example_dags/example_trigger_target_dag.py
[2022-08-11 06:01:37,447] {processor.py:651} INFO - DAG(s) dict_keys(['example_trigger_target_dag']) retrieved from /home/airflow/.local/lib/python3.7/site-packages/airflow/example_dags/example_trigger_target_dag.py
[2022-08-11 06:01:37,525] {logging_mixin.py:115} INFO - [2022-08-11 06:01:37,525] {dag.py:2371} INFO - Sync 1 DAGs
[2022-08-11 06:01:37,585] {logging_mixin.py:115} INFO - [2022-08-11 06:01:37,585] {dag.py:2919} INFO - Setting next_dagrun for example_trigger_target_dag to None, run_after=None
[2022-08-11 06:01:37,622] {processor.py:161} INFO - Processing /home/airflow/.local/lib/python3.7/site-packages/airflow/example_dags/example_trigger_target_dag.py took 0.257 seconds
[2022-08-11 06:05:33,603] {processor.py:153} INFO - Started process (PID=99571) to work on /home/airflow/.local/lib/python3.7/site-packages/airflow/example_dags/example_trigger_target_dag.py
[2022-08-11 06:05:33,606] {processor.py:641} INFO - Processing file /home/airflow/.local/lib/python3.7/site-packages/airflow/example_dags/example_trigger_target_dag.py for tasks to queue
[2022-08-11 06:05:33,608] {logging_mixin.py:115} INFO - [2022-08-11 06:05:33,607] {dagbag.py:507} INFO - Filling up the DagBag from /home/airflow/.local/lib/python3.7/site-packages/airflow/example_dags/example_trigger_target_dag.py
[2022-08-11 06:05:33,677] {processor.py:651} INFO - DAG(s) dict_keys(['example_trigger_target_dag']) retrieved from /home/airflow/.local/lib/python3.7/site-packages/airflow/example_dags/example_trigger_target_dag.py
[2022-08-11 06:05:33,823] {logging_mixin.py:115} INFO - [2022-08-11 06:05:33,822] {dag.py:2371} INFO - Sync 1 DAGs
[2022-08-11 06:05:33,959] {logging_mixin.py:115} INFO - [2022-08-11 06:05:33,959] {dag.py:2919} INFO - Setting next_dagrun for example_trigger_target_dag to None, run_after=None
[2022-08-11 06:05:34,041] {processor.py:161} INFO - Processing /home/airflow/.local/lib/python3.7/site-packages/airflow/example_dags/example_trigger_target_dag.py took 0.457 seconds
[2022-08-11 06:10:47,685] {processor.py:153} INFO - Started process (PID=99617) to work on /home/airflow/.local/lib/python3.7/site-packages/airflow/example_dags/example_trigger_target_dag.py
[2022-08-11 06:10:47,687] {processor.py:641} INFO - Processing file /home/airflow/.local/lib/python3.7/site-packages/airflow/example_dags/example_trigger_target_dag.py for tasks to queue
[2022-08-11 06:10:47,689] {logging_mixin.py:115} INFO - [2022-08-11 06:10:47,689] {dagbag.py:507} INFO - Filling up the DagBag from /home/airflow/.local/lib/python3.7/site-packages/airflow/example_dags/example_trigger_target_dag.py
[2022-08-11 06:10:47,709] {processor.py:651} INFO - DAG(s) dict_keys(['example_trigger_target_dag']) retrieved from /home/airflow/.local/lib/python3.7/site-packages/airflow/example_dags/example_trigger_target_dag.py
[2022-08-11 06:10:47,739] {logging_mixin.py:115} INFO - [2022-08-11 06:10:47,739] {dag.py:2371} INFO - Sync 1 DAGs
[2022-08-11 06:10:47,761] {logging_mixin.py:115} INFO - [2022-08-11 06:10:47,760] {dag.py:2919} INFO - Setting next_dagrun for example_trigger_target_dag to None, run_after=None
[2022-08-11 06:10:47,773] {processor.py:161} INFO - Processing /home/airflow/.local/lib/python3.7/site-packages/airflow/example_dags/example_trigger_target_dag.py took 0.093 seconds
[2022-08-11 07:20:17,505] {processor.py:153} INFO - Started process (PID=99677) to work on /home/airflow/.local/lib/python3.7/site-packages/airflow/example_dags/example_trigger_target_dag.py
[2022-08-11 07:20:17,510] {processor.py:641} INFO - Processing file /home/airflow/.local/lib/python3.7/site-packages/airflow/example_dags/example_trigger_target_dag.py for tasks to queue
[2022-08-11 07:20:17,511] {logging_mixin.py:115} INFO - [2022-08-11 07:20:17,511] {dagbag.py:507} INFO - Filling up the DagBag from /home/airflow/.local/lib/python3.7/site-packages/airflow/example_dags/example_trigger_target_dag.py
[2022-08-11 07:20:17,575] {processor.py:651} INFO - DAG(s) dict_keys(['example_trigger_target_dag']) retrieved from /home/airflow/.local/lib/python3.7/site-packages/airflow/example_dags/example_trigger_target_dag.py
[2022-08-11 07:20:17,664] {logging_mixin.py:115} INFO - [2022-08-11 07:20:17,664] {dag.py:2371} INFO - Sync 1 DAGs
[2022-08-11 07:20:17,715] {logging_mixin.py:115} INFO - [2022-08-11 07:20:17,715] {dag.py:2919} INFO - Setting next_dagrun for example_trigger_target_dag to None, run_after=None
[2022-08-11 07:20:17,737] {processor.py:161} INFO - Processing /home/airflow/.local/lib/python3.7/site-packages/airflow/example_dags/example_trigger_target_dag.py took 0.235 seconds
[2022-08-11 10:56:30,514] {processor.py:153} INFO - Started process (PID=99729) to work on /home/airflow/.local/lib/python3.7/site-packages/airflow/example_dags/example_trigger_target_dag.py
[2022-08-11 10:56:30,516] {processor.py:641} INFO - Processing file /home/airflow/.local/lib/python3.7/site-packages/airflow/example_dags/example_trigger_target_dag.py for tasks to queue
[2022-08-11 10:56:30,517] {logging_mixin.py:115} INFO - [2022-08-11 10:56:30,517] {dagbag.py:507} INFO - Filling up the DagBag from /home/airflow/.local/lib/python3.7/site-packages/airflow/example_dags/example_trigger_target_dag.py
[2022-08-11 10:56:30,556] {processor.py:651} INFO - DAG(s) dict_keys(['example_trigger_target_dag']) retrieved from /home/airflow/.local/lib/python3.7/site-packages/airflow/example_dags/example_trigger_target_dag.py
[2022-08-11 10:56:30,619] {logging_mixin.py:115} INFO - [2022-08-11 10:56:30,619] {dag.py:2371} INFO - Sync 1 DAGs
[2022-08-11 10:56:30,683] {logging_mixin.py:115} INFO - [2022-08-11 10:56:30,683] {dag.py:2919} INFO - Setting next_dagrun for example_trigger_target_dag to None, run_after=None
[2022-08-11 10:56:30,716] {processor.py:161} INFO - Processing /home/airflow/.local/lib/python3.7/site-packages/airflow/example_dags/example_trigger_target_dag.py took 0.207 seconds
[2022-08-11 12:44:45,244] {processor.py:153} INFO - Started process (PID=99781) to work on /home/airflow/.local/lib/python3.7/site-packages/airflow/example_dags/example_trigger_target_dag.py
[2022-08-11 12:44:45,248] {processor.py:641} INFO - Processing file /home/airflow/.local/lib/python3.7/site-packages/airflow/example_dags/example_trigger_target_dag.py for tasks to queue
[2022-08-11 12:44:45,252] {logging_mixin.py:115} INFO - [2022-08-11 12:44:45,251] {dagbag.py:507} INFO - Filling up the DagBag from /home/airflow/.local/lib/python3.7/site-packages/airflow/example_dags/example_trigger_target_dag.py
[2022-08-11 12:44:45,288] {processor.py:651} INFO - DAG(s) dict_keys(['example_trigger_target_dag']) retrieved from /home/airflow/.local/lib/python3.7/site-packages/airflow/example_dags/example_trigger_target_dag.py
[2022-08-11 12:44:45,349] {logging_mixin.py:115} INFO - [2022-08-11 12:44:45,348] {dag.py:2371} INFO - Sync 1 DAGs
[2022-08-11 12:44:45,389] {logging_mixin.py:115} INFO - [2022-08-11 12:44:45,388] {dag.py:2919} INFO - Setting next_dagrun for example_trigger_target_dag to None, run_after=None
[2022-08-11 12:44:45,433] {processor.py:161} INFO - Processing /home/airflow/.local/lib/python3.7/site-packages/airflow/example_dags/example_trigger_target_dag.py took 0.193 seconds
[2022-08-11 16:20:53,500] {processor.py:153} INFO - Started process (PID=99834) to work on /home/airflow/.local/lib/python3.7/site-packages/airflow/example_dags/example_trigger_target_dag.py
[2022-08-11 16:20:53,504] {processor.py:641} INFO - Processing file /home/airflow/.local/lib/python3.7/site-packages/airflow/example_dags/example_trigger_target_dag.py for tasks to queue
[2022-08-11 16:20:53,507] {logging_mixin.py:115} INFO - [2022-08-11 16:20:53,507] {dagbag.py:507} INFO - Filling up the DagBag from /home/airflow/.local/lib/python3.7/site-packages/airflow/example_dags/example_trigger_target_dag.py
[2022-08-11 16:20:53,544] {processor.py:651} INFO - DAG(s) dict_keys(['example_trigger_target_dag']) retrieved from /home/airflow/.local/lib/python3.7/site-packages/airflow/example_dags/example_trigger_target_dag.py
[2022-08-11 16:20:53,583] {logging_mixin.py:115} INFO - [2022-08-11 16:20:53,583] {dag.py:2371} INFO - Sync 1 DAGs
[2022-08-11 16:20:53,636] {logging_mixin.py:115} INFO - [2022-08-11 16:20:53,636] {dag.py:2919} INFO - Setting next_dagrun for example_trigger_target_dag to None, run_after=None
[2022-08-11 16:20:53,671] {processor.py:161} INFO - Processing /home/airflow/.local/lib/python3.7/site-packages/airflow/example_dags/example_trigger_target_dag.py took 0.187 seconds
