[2022-08-11 00:49:18,273] {processor.py:153} INFO - Started process (PID=97680) to work on /home/airflow/.local/lib/python3.7/site-packages/airflow/example_dags/example_branch_operator.py
[2022-08-11 00:49:18,279] {processor.py:641} INFO - Processing file /home/airflow/.local/lib/python3.7/site-packages/airflow/example_dags/example_branch_operator.py for tasks to queue
[2022-08-11 00:49:18,281] {logging_mixin.py:115} INFO - [2022-08-11 00:49:18,281] {dagbag.py:507} INFO - Filling up the DagBag from /home/airflow/.local/lib/python3.7/site-packages/airflow/example_dags/example_branch_operator.py
[2022-08-11 00:49:18,339] {processor.py:651} INFO - DAG(s) dict_keys(['example_branch_operator']) retrieved from /home/airflow/.local/lib/python3.7/site-packages/airflow/example_dags/example_branch_operator.py
[2022-08-11 00:49:18,431] {logging_mixin.py:115} INFO - [2022-08-11 00:49:18,431] {dag.py:2371} INFO - Sync 1 DAGs
[2022-08-11 00:49:18,570] {logging_mixin.py:115} INFO - [2022-08-11 00:49:18,570] {dag.py:2919} INFO - Setting next_dagrun for example_branch_operator to 2022-08-10T00:00:00+00:00, run_after=2022-08-11T00:00:00+00:00
[2022-08-11 00:49:18,638] {processor.py:161} INFO - Processing /home/airflow/.local/lib/python3.7/site-packages/airflow/example_dags/example_branch_operator.py took 0.388 seconds
[2022-08-11 02:37:22,662] {processor.py:153} INFO - Started process (PID=97726) to work on /home/airflow/.local/lib/python3.7/site-packages/airflow/example_dags/example_branch_operator.py
[2022-08-11 02:37:22,664] {processor.py:641} INFO - Processing file /home/airflow/.local/lib/python3.7/site-packages/airflow/example_dags/example_branch_operator.py for tasks to queue
[2022-08-11 02:37:22,666] {logging_mixin.py:115} INFO - [2022-08-11 02:37:22,666] {dagbag.py:507} INFO - Filling up the DagBag from /home/airflow/.local/lib/python3.7/site-packages/airflow/example_dags/example_branch_operator.py
[2022-08-11 02:37:22,718] {processor.py:651} INFO - DAG(s) dict_keys(['example_branch_operator']) retrieved from /home/airflow/.local/lib/python3.7/site-packages/airflow/example_dags/example_branch_operator.py
[2022-08-11 02:37:22,819] {logging_mixin.py:115} INFO - [2022-08-11 02:37:22,819] {dag.py:2371} INFO - Sync 1 DAGs
[2022-08-11 02:37:22,900] {logging_mixin.py:115} INFO - [2022-08-11 02:37:22,900] {dag.py:2919} INFO - Setting next_dagrun for example_branch_operator to 2022-08-10T00:00:00+00:00, run_after=2022-08-11T00:00:00+00:00
[2022-08-11 02:37:22,948] {processor.py:161} INFO - Processing /home/airflow/.local/lib/python3.7/site-packages/airflow/example_dags/example_branch_operator.py took 0.303 seconds
[2022-08-11 02:43:08,580] {processor.py:153} INFO - Started process (PID=97770) to work on /home/airflow/.local/lib/python3.7/site-packages/airflow/example_dags/example_branch_operator.py
[2022-08-11 02:43:08,584] {processor.py:641} INFO - Processing file /home/airflow/.local/lib/python3.7/site-packages/airflow/example_dags/example_branch_operator.py for tasks to queue
[2022-08-11 02:43:08,587] {logging_mixin.py:115} INFO - [2022-08-11 02:43:08,587] {dagbag.py:507} INFO - Filling up the DagBag from /home/airflow/.local/lib/python3.7/site-packages/airflow/example_dags/example_branch_operator.py
[2022-08-11 02:43:08,683] {processor.py:651} INFO - DAG(s) dict_keys(['example_branch_operator']) retrieved from /home/airflow/.local/lib/python3.7/site-packages/airflow/example_dags/example_branch_operator.py
[2022-08-11 02:43:08,830] {logging_mixin.py:115} INFO - [2022-08-11 02:43:08,830] {dag.py:2371} INFO - Sync 1 DAGs
[2022-08-11 02:43:08,900] {logging_mixin.py:115} INFO - [2022-08-11 02:43:08,900] {dag.py:2919} INFO - Setting next_dagrun for example_branch_operator to 2022-08-10T00:00:00+00:00, run_after=2022-08-11T00:00:00+00:00
[2022-08-11 02:43:08,942] {processor.py:161} INFO - Processing /home/airflow/.local/lib/python3.7/site-packages/airflow/example_dags/example_branch_operator.py took 0.392 seconds
[2022-08-11 04:26:20,233] {processor.py:153} INFO - Started process (PID=97813) to work on /home/airflow/.local/lib/python3.7/site-packages/airflow/example_dags/example_branch_operator.py
[2022-08-11 04:26:20,236] {processor.py:641} INFO - Processing file /home/airflow/.local/lib/python3.7/site-packages/airflow/example_dags/example_branch_operator.py for tasks to queue
[2022-08-11 04:26:20,239] {logging_mixin.py:115} INFO - [2022-08-11 04:26:20,239] {dagbag.py:507} INFO - Filling up the DagBag from /home/airflow/.local/lib/python3.7/site-packages/airflow/example_dags/example_branch_operator.py
[2022-08-11 04:26:20,282] {processor.py:651} INFO - DAG(s) dict_keys(['example_branch_operator']) retrieved from /home/airflow/.local/lib/python3.7/site-packages/airflow/example_dags/example_branch_operator.py
[2022-08-11 04:26:20,412] {logging_mixin.py:115} INFO - [2022-08-11 04:26:20,412] {dag.py:2371} INFO - Sync 1 DAGs
[2022-08-11 04:26:20,506] {logging_mixin.py:115} INFO - [2022-08-11 04:26:20,506] {dag.py:2919} INFO - Setting next_dagrun for example_branch_operator to 2022-08-10T00:00:00+00:00, run_after=2022-08-11T00:00:00+00:00
[2022-08-11 04:26:20,571] {processor.py:161} INFO - Processing /home/airflow/.local/lib/python3.7/site-packages/airflow/example_dags/example_branch_operator.py took 0.345 seconds
[2022-08-11 04:26:51,578] {processor.py:153} INFO - Started process (PID=97864) to work on /home/airflow/.local/lib/python3.7/site-packages/airflow/example_dags/example_branch_operator.py
[2022-08-11 04:26:51,580] {processor.py:641} INFO - Processing file /home/airflow/.local/lib/python3.7/site-packages/airflow/example_dags/example_branch_operator.py for tasks to queue
[2022-08-11 04:26:51,582] {logging_mixin.py:115} INFO - [2022-08-11 04:26:51,582] {dagbag.py:507} INFO - Filling up the DagBag from /home/airflow/.local/lib/python3.7/site-packages/airflow/example_dags/example_branch_operator.py
[2022-08-11 04:26:51,608] {processor.py:651} INFO - DAG(s) dict_keys(['example_branch_operator']) retrieved from /home/airflow/.local/lib/python3.7/site-packages/airflow/example_dags/example_branch_operator.py
[2022-08-11 04:26:51,663] {logging_mixin.py:115} INFO - [2022-08-11 04:26:51,663] {dag.py:2371} INFO - Sync 1 DAGs
[2022-08-11 04:26:51,711] {logging_mixin.py:115} INFO - [2022-08-11 04:26:51,710] {dag.py:2919} INFO - Setting next_dagrun for example_branch_operator to 2022-08-10T00:00:00+00:00, run_after=2022-08-11T00:00:00+00:00
[2022-08-11 04:26:51,741] {processor.py:161} INFO - Processing /home/airflow/.local/lib/python3.7/site-packages/airflow/example_dags/example_branch_operator.py took 0.170 seconds
[2022-08-11 04:27:22,517] {processor.py:153} INFO - Started process (PID=97916) to work on /home/airflow/.local/lib/python3.7/site-packages/airflow/example_dags/example_branch_operator.py
[2022-08-11 04:27:22,521] {processor.py:641} INFO - Processing file /home/airflow/.local/lib/python3.7/site-packages/airflow/example_dags/example_branch_operator.py for tasks to queue
[2022-08-11 04:27:22,529] {logging_mixin.py:115} INFO - [2022-08-11 04:27:22,528] {dagbag.py:507} INFO - Filling up the DagBag from /home/airflow/.local/lib/python3.7/site-packages/airflow/example_dags/example_branch_operator.py
[2022-08-11 04:27:22,580] {processor.py:651} INFO - DAG(s) dict_keys(['example_branch_operator']) retrieved from /home/airflow/.local/lib/python3.7/site-packages/airflow/example_dags/example_branch_operator.py
[2022-08-11 04:27:22,680] {logging_mixin.py:115} INFO - [2022-08-11 04:27:22,679] {dag.py:2371} INFO - Sync 1 DAGs
[2022-08-11 04:27:22,779] {logging_mixin.py:115} INFO - [2022-08-11 04:27:22,779] {dag.py:2919} INFO - Setting next_dagrun for example_branch_operator to 2022-08-10T00:00:00+00:00, run_after=2022-08-11T00:00:00+00:00
[2022-08-11 04:27:22,820] {processor.py:161} INFO - Processing /home/airflow/.local/lib/python3.7/site-packages/airflow/example_dags/example_branch_operator.py took 0.321 seconds
[2022-08-11 04:32:17,827] {processor.py:153} INFO - Started process (PID=97952) to work on /home/airflow/.local/lib/python3.7/site-packages/airflow/example_dags/example_branch_operator.py
[2022-08-11 04:32:17,835] {processor.py:641} INFO - Processing file /home/airflow/.local/lib/python3.7/site-packages/airflow/example_dags/example_branch_operator.py for tasks to queue
[2022-08-11 04:32:17,837] {logging_mixin.py:115} INFO - [2022-08-11 04:32:17,837] {dagbag.py:507} INFO - Filling up the DagBag from /home/airflow/.local/lib/python3.7/site-packages/airflow/example_dags/example_branch_operator.py
[2022-08-11 04:32:17,871] {processor.py:651} INFO - DAG(s) dict_keys(['example_branch_operator']) retrieved from /home/airflow/.local/lib/python3.7/site-packages/airflow/example_dags/example_branch_operator.py
[2022-08-11 04:32:17,929] {logging_mixin.py:115} INFO - [2022-08-11 04:32:17,929] {dag.py:2371} INFO - Sync 1 DAGs
[2022-08-11 04:32:17,999] {logging_mixin.py:115} INFO - [2022-08-11 04:32:17,999] {dag.py:2919} INFO - Setting next_dagrun for example_branch_operator to 2022-08-10T00:00:00+00:00, run_after=2022-08-11T00:00:00+00:00
[2022-08-11 04:32:18,031] {processor.py:161} INFO - Processing /home/airflow/.local/lib/python3.7/site-packages/airflow/example_dags/example_branch_operator.py took 0.213 seconds
[2022-08-11 04:32:48,576] {processor.py:153} INFO - Started process (PID=98005) to work on /home/airflow/.local/lib/python3.7/site-packages/airflow/example_dags/example_branch_operator.py
[2022-08-11 04:32:48,580] {processor.py:641} INFO - Processing file /home/airflow/.local/lib/python3.7/site-packages/airflow/example_dags/example_branch_operator.py for tasks to queue
[2022-08-11 04:32:48,584] {logging_mixin.py:115} INFO - [2022-08-11 04:32:48,584] {dagbag.py:507} INFO - Filling up the DagBag from /home/airflow/.local/lib/python3.7/site-packages/airflow/example_dags/example_branch_operator.py
[2022-08-11 04:32:48,687] {processor.py:651} INFO - DAG(s) dict_keys(['example_branch_operator']) retrieved from /home/airflow/.local/lib/python3.7/site-packages/airflow/example_dags/example_branch_operator.py
[2022-08-11 04:32:48,913] {logging_mixin.py:115} INFO - [2022-08-11 04:32:48,913] {dag.py:2371} INFO - Sync 1 DAGs
[2022-08-11 04:32:49,025] {logging_mixin.py:115} INFO - [2022-08-11 04:32:49,024] {dag.py:2919} INFO - Setting next_dagrun for example_branch_operator to 2022-08-10T00:00:00+00:00, run_after=2022-08-11T00:00:00+00:00
[2022-08-11 04:32:49,082] {processor.py:161} INFO - Processing /home/airflow/.local/lib/python3.7/site-packages/airflow/example_dags/example_branch_operator.py took 0.533 seconds
[2022-08-11 04:37:48,457] {processor.py:153} INFO - Started process (PID=98048) to work on /home/airflow/.local/lib/python3.7/site-packages/airflow/example_dags/example_branch_operator.py
[2022-08-11 04:37:48,461] {processor.py:641} INFO - Processing file /home/airflow/.local/lib/python3.7/site-packages/airflow/example_dags/example_branch_operator.py for tasks to queue
[2022-08-11 04:37:48,466] {logging_mixin.py:115} INFO - [2022-08-11 04:37:48,465] {dagbag.py:507} INFO - Filling up the DagBag from /home/airflow/.local/lib/python3.7/site-packages/airflow/example_dags/example_branch_operator.py
[2022-08-11 04:37:48,510] {processor.py:651} INFO - DAG(s) dict_keys(['example_branch_operator']) retrieved from /home/airflow/.local/lib/python3.7/site-packages/airflow/example_dags/example_branch_operator.py
[2022-08-11 04:37:48,571] {logging_mixin.py:115} INFO - [2022-08-11 04:37:48,571] {dag.py:2371} INFO - Sync 1 DAGs
[2022-08-11 04:37:48,606] {logging_mixin.py:115} INFO - [2022-08-11 04:37:48,606] {dag.py:2919} INFO - Setting next_dagrun for example_branch_operator to 2022-08-10T00:00:00+00:00, run_after=2022-08-11T00:00:00+00:00
[2022-08-11 04:37:48,623] {processor.py:161} INFO - Processing /home/airflow/.local/lib/python3.7/site-packages/airflow/example_dags/example_branch_operator.py took 0.216 seconds
[2022-08-11 04:38:19,010] {processor.py:153} INFO - Started process (PID=98100) to work on /home/airflow/.local/lib/python3.7/site-packages/airflow/example_dags/example_branch_operator.py
[2022-08-11 04:38:19,013] {processor.py:641} INFO - Processing file /home/airflow/.local/lib/python3.7/site-packages/airflow/example_dags/example_branch_operator.py for tasks to queue
[2022-08-11 04:38:19,025] {logging_mixin.py:115} INFO - [2022-08-11 04:38:19,025] {dagbag.py:507} INFO - Filling up the DagBag from /home/airflow/.local/lib/python3.7/site-packages/airflow/example_dags/example_branch_operator.py
[2022-08-11 04:38:19,166] {processor.py:651} INFO - DAG(s) dict_keys(['example_branch_operator']) retrieved from /home/airflow/.local/lib/python3.7/site-packages/airflow/example_dags/example_branch_operator.py
[2022-08-11 04:38:19,263] {logging_mixin.py:115} INFO - [2022-08-11 04:38:19,263] {dag.py:2371} INFO - Sync 1 DAGs
[2022-08-11 04:38:19,375] {logging_mixin.py:115} INFO - [2022-08-11 04:38:19,374] {dag.py:2919} INFO - Setting next_dagrun for example_branch_operator to 2022-08-10T00:00:00+00:00, run_after=2022-08-11T00:00:00+00:00
[2022-08-11 04:38:19,446] {processor.py:161} INFO - Processing /home/airflow/.local/lib/python3.7/site-packages/airflow/example_dags/example_branch_operator.py took 0.516 seconds
[2022-08-11 04:43:22,844] {processor.py:153} INFO - Started process (PID=98154) to work on /home/airflow/.local/lib/python3.7/site-packages/airflow/example_dags/example_branch_operator.py
[2022-08-11 04:43:22,858] {processor.py:641} INFO - Processing file /home/airflow/.local/lib/python3.7/site-packages/airflow/example_dags/example_branch_operator.py for tasks to queue
[2022-08-11 04:43:22,860] {logging_mixin.py:115} INFO - [2022-08-11 04:43:22,860] {dagbag.py:507} INFO - Filling up the DagBag from /home/airflow/.local/lib/python3.7/site-packages/airflow/example_dags/example_branch_operator.py
[2022-08-11 04:43:22,914] {processor.py:651} INFO - DAG(s) dict_keys(['example_branch_operator']) retrieved from /home/airflow/.local/lib/python3.7/site-packages/airflow/example_dags/example_branch_operator.py
[2022-08-11 04:43:22,984] {logging_mixin.py:115} INFO - [2022-08-11 04:43:22,984] {dag.py:2371} INFO - Sync 1 DAGs
[2022-08-11 04:43:23,103] {logging_mixin.py:115} INFO - [2022-08-11 04:43:23,103] {dag.py:2919} INFO - Setting next_dagrun for example_branch_operator to 2022-08-10T00:00:00+00:00, run_after=2022-08-11T00:00:00+00:00
[2022-08-11 04:43:23,136] {processor.py:161} INFO - Processing /home/airflow/.local/lib/python3.7/site-packages/airflow/example_dags/example_branch_operator.py took 0.297 seconds
[2022-08-11 04:43:53,351] {processor.py:153} INFO - Started process (PID=98206) to work on /home/airflow/.local/lib/python3.7/site-packages/airflow/example_dags/example_branch_operator.py
[2022-08-11 04:43:53,365] {processor.py:641} INFO - Processing file /home/airflow/.local/lib/python3.7/site-packages/airflow/example_dags/example_branch_operator.py for tasks to queue
[2022-08-11 04:43:53,370] {logging_mixin.py:115} INFO - [2022-08-11 04:43:53,370] {dagbag.py:507} INFO - Filling up the DagBag from /home/airflow/.local/lib/python3.7/site-packages/airflow/example_dags/example_branch_operator.py
[2022-08-11 04:43:53,577] {processor.py:651} INFO - DAG(s) dict_keys(['example_branch_operator']) retrieved from /home/airflow/.local/lib/python3.7/site-packages/airflow/example_dags/example_branch_operator.py
[2022-08-11 04:43:53,780] {logging_mixin.py:115} INFO - [2022-08-11 04:43:53,777] {dag.py:2371} INFO - Sync 1 DAGs
[2022-08-11 04:43:53,923] {logging_mixin.py:115} INFO - [2022-08-11 04:43:53,910] {dag.py:2919} INFO - Setting next_dagrun for example_branch_operator to 2022-08-10T00:00:00+00:00, run_after=2022-08-11T00:00:00+00:00
[2022-08-11 04:43:54,023] {processor.py:161} INFO - Processing /home/airflow/.local/lib/python3.7/site-packages/airflow/example_dags/example_branch_operator.py took 0.725 seconds
[2022-08-11 04:48:58,502] {processor.py:153} INFO - Started process (PID=98250) to work on /home/airflow/.local/lib/python3.7/site-packages/airflow/example_dags/example_branch_operator.py
[2022-08-11 04:48:58,504] {processor.py:641} INFO - Processing file /home/airflow/.local/lib/python3.7/site-packages/airflow/example_dags/example_branch_operator.py for tasks to queue
[2022-08-11 04:48:58,505] {logging_mixin.py:115} INFO - [2022-08-11 04:48:58,505] {dagbag.py:507} INFO - Filling up the DagBag from /home/airflow/.local/lib/python3.7/site-packages/airflow/example_dags/example_branch_operator.py
[2022-08-11 04:48:58,522] {processor.py:651} INFO - DAG(s) dict_keys(['example_branch_operator']) retrieved from /home/airflow/.local/lib/python3.7/site-packages/airflow/example_dags/example_branch_operator.py
[2022-08-11 04:48:58,576] {logging_mixin.py:115} INFO - [2022-08-11 04:48:58,576] {dag.py:2371} INFO - Sync 1 DAGs
[2022-08-11 04:48:58,617] {logging_mixin.py:115} INFO - [2022-08-11 04:48:58,617] {dag.py:2919} INFO - Setting next_dagrun for example_branch_operator to 2022-08-10T00:00:00+00:00, run_after=2022-08-11T00:00:00+00:00
[2022-08-11 04:48:58,641] {processor.py:161} INFO - Processing /home/airflow/.local/lib/python3.7/site-packages/airflow/example_dags/example_branch_operator.py took 0.142 seconds
[2022-08-11 04:49:29,070] {processor.py:153} INFO - Started process (PID=98304) to work on /home/airflow/.local/lib/python3.7/site-packages/airflow/example_dags/example_branch_operator.py
[2022-08-11 04:49:29,076] {processor.py:641} INFO - Processing file /home/airflow/.local/lib/python3.7/site-packages/airflow/example_dags/example_branch_operator.py for tasks to queue
[2022-08-11 04:49:29,086] {logging_mixin.py:115} INFO - [2022-08-11 04:49:29,085] {dagbag.py:507} INFO - Filling up the DagBag from /home/airflow/.local/lib/python3.7/site-packages/airflow/example_dags/example_branch_operator.py
[2022-08-11 04:49:29,221] {processor.py:651} INFO - DAG(s) dict_keys(['example_branch_operator']) retrieved from /home/airflow/.local/lib/python3.7/site-packages/airflow/example_dags/example_branch_operator.py
[2022-08-11 04:49:29,400] {logging_mixin.py:115} INFO - [2022-08-11 04:49:29,400] {dag.py:2371} INFO - Sync 1 DAGs
[2022-08-11 04:49:29,545] {logging_mixin.py:115} INFO - [2022-08-11 04:49:29,544] {dag.py:2919} INFO - Setting next_dagrun for example_branch_operator to 2022-08-10T00:00:00+00:00, run_after=2022-08-11T00:00:00+00:00
[2022-08-11 04:49:29,592] {processor.py:161} INFO - Processing /home/airflow/.local/lib/python3.7/site-packages/airflow/example_dags/example_branch_operator.py took 0.580 seconds
[2022-08-11 04:54:30,617] {processor.py:153} INFO - Started process (PID=98347) to work on /home/airflow/.local/lib/python3.7/site-packages/airflow/example_dags/example_branch_operator.py
[2022-08-11 04:54:30,619] {processor.py:641} INFO - Processing file /home/airflow/.local/lib/python3.7/site-packages/airflow/example_dags/example_branch_operator.py for tasks to queue
[2022-08-11 04:54:30,621] {logging_mixin.py:115} INFO - [2022-08-11 04:54:30,621] {dagbag.py:507} INFO - Filling up the DagBag from /home/airflow/.local/lib/python3.7/site-packages/airflow/example_dags/example_branch_operator.py
[2022-08-11 04:54:30,656] {processor.py:651} INFO - DAG(s) dict_keys(['example_branch_operator']) retrieved from /home/airflow/.local/lib/python3.7/site-packages/airflow/example_dags/example_branch_operator.py
[2022-08-11 04:54:30,705] {logging_mixin.py:115} INFO - [2022-08-11 04:54:30,705] {dag.py:2371} INFO - Sync 1 DAGs
[2022-08-11 04:54:30,737] {logging_mixin.py:115} INFO - [2022-08-11 04:54:30,737] {dag.py:2919} INFO - Setting next_dagrun for example_branch_operator to 2022-08-10T00:00:00+00:00, run_after=2022-08-11T00:00:00+00:00
[2022-08-11 04:54:30,752] {processor.py:161} INFO - Processing /home/airflow/.local/lib/python3.7/site-packages/airflow/example_dags/example_branch_operator.py took 0.155 seconds
[2022-08-11 04:54:32,019] {processor.py:153} INFO - Started process (PID=98350) to work on /home/airflow/.local/lib/python3.7/site-packages/airflow/example_dags/example_branch_operator.py
[2022-08-11 04:54:32,023] {processor.py:641} INFO - Processing file /home/airflow/.local/lib/python3.7/site-packages/airflow/example_dags/example_branch_operator.py for tasks to queue
[2022-08-11 04:54:32,028] {logging_mixin.py:115} INFO - [2022-08-11 04:54:32,027] {dagbag.py:507} INFO - Filling up the DagBag from /home/airflow/.local/lib/python3.7/site-packages/airflow/example_dags/example_branch_operator.py
[2022-08-11 04:54:32,050] {processor.py:651} INFO - DAG(s) dict_keys(['example_branch_operator']) retrieved from /home/airflow/.local/lib/python3.7/site-packages/airflow/example_dags/example_branch_operator.py
[2022-08-11 04:54:32,092] {logging_mixin.py:115} INFO - [2022-08-11 04:54:32,092] {dag.py:2371} INFO - Sync 1 DAGs
[2022-08-11 04:54:32,124] {logging_mixin.py:115} INFO - [2022-08-11 04:54:32,123] {dag.py:2919} INFO - Setting next_dagrun for example_branch_operator to 2022-08-10T00:00:00+00:00, run_after=2022-08-11T00:00:00+00:00
[2022-08-11 04:54:32,158] {processor.py:161} INFO - Processing /home/airflow/.local/lib/python3.7/site-packages/airflow/example_dags/example_branch_operator.py took 0.162 seconds
[2022-08-11 04:55:02,543] {processor.py:153} INFO - Started process (PID=98403) to work on /home/airflow/.local/lib/python3.7/site-packages/airflow/example_dags/example_branch_operator.py
[2022-08-11 04:55:02,548] {processor.py:641} INFO - Processing file /home/airflow/.local/lib/python3.7/site-packages/airflow/example_dags/example_branch_operator.py for tasks to queue
[2022-08-11 04:55:02,551] {logging_mixin.py:115} INFO - [2022-08-11 04:55:02,551] {dagbag.py:507} INFO - Filling up the DagBag from /home/airflow/.local/lib/python3.7/site-packages/airflow/example_dags/example_branch_operator.py
[2022-08-11 04:55:02,589] {processor.py:651} INFO - DAG(s) dict_keys(['example_branch_operator']) retrieved from /home/airflow/.local/lib/python3.7/site-packages/airflow/example_dags/example_branch_operator.py
[2022-08-11 04:55:02,670] {logging_mixin.py:115} INFO - [2022-08-11 04:55:02,669] {dag.py:2371} INFO - Sync 1 DAGs
[2022-08-11 04:55:02,731] {logging_mixin.py:115} INFO - [2022-08-11 04:55:02,730] {dag.py:2919} INFO - Setting next_dagrun for example_branch_operator to 2022-08-10T00:00:00+00:00, run_after=2022-08-11T00:00:00+00:00
[2022-08-11 04:55:02,764] {processor.py:161} INFO - Processing /home/airflow/.local/lib/python3.7/site-packages/airflow/example_dags/example_branch_operator.py took 0.236 seconds
[2022-08-11 04:55:32,921] {processor.py:153} INFO - Started process (PID=98455) to work on /home/airflow/.local/lib/python3.7/site-packages/airflow/example_dags/example_branch_operator.py
[2022-08-11 04:55:32,924] {processor.py:641} INFO - Processing file /home/airflow/.local/lib/python3.7/site-packages/airflow/example_dags/example_branch_operator.py for tasks to queue
[2022-08-11 04:55:32,926] {logging_mixin.py:115} INFO - [2022-08-11 04:55:32,926] {dagbag.py:507} INFO - Filling up the DagBag from /home/airflow/.local/lib/python3.7/site-packages/airflow/example_dags/example_branch_operator.py
[2022-08-11 04:55:32,953] {processor.py:651} INFO - DAG(s) dict_keys(['example_branch_operator']) retrieved from /home/airflow/.local/lib/python3.7/site-packages/airflow/example_dags/example_branch_operator.py
[2022-08-11 04:55:33,022] {logging_mixin.py:115} INFO - [2022-08-11 04:55:33,022] {dag.py:2371} INFO - Sync 1 DAGs
[2022-08-11 04:55:33,070] {logging_mixin.py:115} INFO - [2022-08-11 04:55:33,069] {dag.py:2919} INFO - Setting next_dagrun for example_branch_operator to 2022-08-10T00:00:00+00:00, run_after=2022-08-11T00:00:00+00:00
[2022-08-11 04:55:33,095] {processor.py:161} INFO - Processing /home/airflow/.local/lib/python3.7/site-packages/airflow/example_dags/example_branch_operator.py took 0.182 seconds
[2022-08-11 05:10:38,807] {processor.py:153} INFO - Started process (PID=98474) to work on /home/airflow/.local/lib/python3.7/site-packages/airflow/example_dags/example_branch_operator.py
[2022-08-11 05:10:38,809] {processor.py:641} INFO - Processing file /home/airflow/.local/lib/python3.7/site-packages/airflow/example_dags/example_branch_operator.py for tasks to queue
[2022-08-11 05:10:38,811] {logging_mixin.py:115} INFO - [2022-08-11 05:10:38,811] {dagbag.py:507} INFO - Filling up the DagBag from /home/airflow/.local/lib/python3.7/site-packages/airflow/example_dags/example_branch_operator.py
[2022-08-11 05:10:38,833] {processor.py:651} INFO - DAG(s) dict_keys(['example_branch_operator']) retrieved from /home/airflow/.local/lib/python3.7/site-packages/airflow/example_dags/example_branch_operator.py
[2022-08-11 05:10:38,886] {logging_mixin.py:115} INFO - [2022-08-11 05:10:38,886] {dag.py:2371} INFO - Sync 1 DAGs
[2022-08-11 05:10:38,964] {logging_mixin.py:115} INFO - [2022-08-11 05:10:38,964] {dag.py:2919} INFO - Setting next_dagrun for example_branch_operator to 2022-08-10T00:00:00+00:00, run_after=2022-08-11T00:00:00+00:00
[2022-08-11 05:10:38,987] {processor.py:161} INFO - Processing /home/airflow/.local/lib/python3.7/site-packages/airflow/example_dags/example_branch_operator.py took 0.184 seconds
[2022-08-11 05:11:10,215] {processor.py:153} INFO - Started process (PID=98526) to work on /home/airflow/.local/lib/python3.7/site-packages/airflow/example_dags/example_branch_operator.py
[2022-08-11 05:11:10,224] {processor.py:641} INFO - Processing file /home/airflow/.local/lib/python3.7/site-packages/airflow/example_dags/example_branch_operator.py for tasks to queue
[2022-08-11 05:11:10,248] {logging_mixin.py:115} INFO - [2022-08-11 05:11:10,247] {dagbag.py:507} INFO - Filling up the DagBag from /home/airflow/.local/lib/python3.7/site-packages/airflow/example_dags/example_branch_operator.py
[2022-08-11 05:11:10,383] {processor.py:651} INFO - DAG(s) dict_keys(['example_branch_operator']) retrieved from /home/airflow/.local/lib/python3.7/site-packages/airflow/example_dags/example_branch_operator.py
[2022-08-11 05:11:10,532] {logging_mixin.py:115} INFO - [2022-08-11 05:11:10,532] {dag.py:2371} INFO - Sync 1 DAGs
[2022-08-11 05:11:10,729] {logging_mixin.py:115} INFO - [2022-08-11 05:11:10,728] {dag.py:2919} INFO - Setting next_dagrun for example_branch_operator to 2022-08-10T00:00:00+00:00, run_after=2022-08-11T00:00:00+00:00
[2022-08-11 05:11:10,844] {processor.py:161} INFO - Processing /home/airflow/.local/lib/python3.7/site-packages/airflow/example_dags/example_branch_operator.py took 0.672 seconds
[2022-08-11 05:11:41,676] {processor.py:153} INFO - Started process (PID=98577) to work on /home/airflow/.local/lib/python3.7/site-packages/airflow/example_dags/example_branch_operator.py
[2022-08-11 05:11:41,680] {processor.py:641} INFO - Processing file /home/airflow/.local/lib/python3.7/site-packages/airflow/example_dags/example_branch_operator.py for tasks to queue
[2022-08-11 05:11:41,685] {logging_mixin.py:115} INFO - [2022-08-11 05:11:41,684] {dagbag.py:507} INFO - Filling up the DagBag from /home/airflow/.local/lib/python3.7/site-packages/airflow/example_dags/example_branch_operator.py
[2022-08-11 05:11:41,741] {processor.py:651} INFO - DAG(s) dict_keys(['example_branch_operator']) retrieved from /home/airflow/.local/lib/python3.7/site-packages/airflow/example_dags/example_branch_operator.py
[2022-08-11 05:11:41,874] {logging_mixin.py:115} INFO - [2022-08-11 05:11:41,874] {dag.py:2371} INFO - Sync 1 DAGs
[2022-08-11 05:11:42,038] {logging_mixin.py:115} INFO - [2022-08-11 05:11:42,038] {dag.py:2919} INFO - Setting next_dagrun for example_branch_operator to 2022-08-10T00:00:00+00:00, run_after=2022-08-11T00:00:00+00:00
[2022-08-11 05:11:42,179] {processor.py:161} INFO - Processing /home/airflow/.local/lib/python3.7/site-packages/airflow/example_dags/example_branch_operator.py took 0.539 seconds
[2022-08-11 05:16:40,643] {processor.py:153} INFO - Started process (PID=98621) to work on /home/airflow/.local/lib/python3.7/site-packages/airflow/example_dags/example_branch_operator.py
[2022-08-11 05:16:40,658] {processor.py:641} INFO - Processing file /home/airflow/.local/lib/python3.7/site-packages/airflow/example_dags/example_branch_operator.py for tasks to queue
[2022-08-11 05:16:40,660] {logging_mixin.py:115} INFO - [2022-08-11 05:16:40,660] {dagbag.py:507} INFO - Filling up the DagBag from /home/airflow/.local/lib/python3.7/site-packages/airflow/example_dags/example_branch_operator.py
[2022-08-11 05:16:40,748] {processor.py:651} INFO - DAG(s) dict_keys(['example_branch_operator']) retrieved from /home/airflow/.local/lib/python3.7/site-packages/airflow/example_dags/example_branch_operator.py
[2022-08-11 05:16:40,845] {logging_mixin.py:115} INFO - [2022-08-11 05:16:40,845] {dag.py:2371} INFO - Sync 1 DAGs
[2022-08-11 05:16:40,892] {logging_mixin.py:115} INFO - [2022-08-11 05:16:40,892] {dag.py:2919} INFO - Setting next_dagrun for example_branch_operator to 2022-08-10T00:00:00+00:00, run_after=2022-08-11T00:00:00+00:00
[2022-08-11 05:16:40,970] {processor.py:161} INFO - Processing /home/airflow/.local/lib/python3.7/site-packages/airflow/example_dags/example_branch_operator.py took 0.359 seconds
[2022-08-11 05:17:11,195] {processor.py:153} INFO - Started process (PID=98676) to work on /home/airflow/.local/lib/python3.7/site-packages/airflow/example_dags/example_branch_operator.py
[2022-08-11 05:17:11,198] {processor.py:641} INFO - Processing file /home/airflow/.local/lib/python3.7/site-packages/airflow/example_dags/example_branch_operator.py for tasks to queue
[2022-08-11 05:17:11,202] {logging_mixin.py:115} INFO - [2022-08-11 05:17:11,201] {dagbag.py:507} INFO - Filling up the DagBag from /home/airflow/.local/lib/python3.7/site-packages/airflow/example_dags/example_branch_operator.py
[2022-08-11 05:17:11,239] {processor.py:651} INFO - DAG(s) dict_keys(['example_branch_operator']) retrieved from /home/airflow/.local/lib/python3.7/site-packages/airflow/example_dags/example_branch_operator.py
[2022-08-11 05:17:11,325] {logging_mixin.py:115} INFO - [2022-08-11 05:17:11,325] {dag.py:2371} INFO - Sync 1 DAGs
[2022-08-11 05:17:11,393] {logging_mixin.py:115} INFO - [2022-08-11 05:17:11,393] {dag.py:2919} INFO - Setting next_dagrun for example_branch_operator to 2022-08-10T00:00:00+00:00, run_after=2022-08-11T00:00:00+00:00
[2022-08-11 05:17:11,432] {processor.py:161} INFO - Processing /home/airflow/.local/lib/python3.7/site-packages/airflow/example_dags/example_branch_operator.py took 0.249 seconds
[2022-08-11 05:22:13,160] {processor.py:153} INFO - Started process (PID=98729) to work on /home/airflow/.local/lib/python3.7/site-packages/airflow/example_dags/example_branch_operator.py
[2022-08-11 05:22:13,167] {processor.py:641} INFO - Processing file /home/airflow/.local/lib/python3.7/site-packages/airflow/example_dags/example_branch_operator.py for tasks to queue
[2022-08-11 05:22:13,168] {logging_mixin.py:115} INFO - [2022-08-11 05:22:13,168] {dagbag.py:507} INFO - Filling up the DagBag from /home/airflow/.local/lib/python3.7/site-packages/airflow/example_dags/example_branch_operator.py
[2022-08-11 05:22:13,194] {processor.py:651} INFO - DAG(s) dict_keys(['example_branch_operator']) retrieved from /home/airflow/.local/lib/python3.7/site-packages/airflow/example_dags/example_branch_operator.py
[2022-08-11 05:22:13,320] {logging_mixin.py:115} INFO - [2022-08-11 05:22:13,320] {dag.py:2371} INFO - Sync 1 DAGs
[2022-08-11 05:22:13,389] {logging_mixin.py:115} INFO - [2022-08-11 05:22:13,388] {dag.py:2919} INFO - Setting next_dagrun for example_branch_operator to 2022-08-10T00:00:00+00:00, run_after=2022-08-11T00:00:00+00:00
[2022-08-11 05:22:13,443] {processor.py:161} INFO - Processing /home/airflow/.local/lib/python3.7/site-packages/airflow/example_dags/example_branch_operator.py took 0.287 seconds
[2022-08-11 05:22:44,357] {processor.py:153} INFO - Started process (PID=98781) to work on /home/airflow/.local/lib/python3.7/site-packages/airflow/example_dags/example_branch_operator.py
[2022-08-11 05:22:44,361] {processor.py:641} INFO - Processing file /home/airflow/.local/lib/python3.7/site-packages/airflow/example_dags/example_branch_operator.py for tasks to queue
[2022-08-11 05:22:44,364] {logging_mixin.py:115} INFO - [2022-08-11 05:22:44,364] {dagbag.py:507} INFO - Filling up the DagBag from /home/airflow/.local/lib/python3.7/site-packages/airflow/example_dags/example_branch_operator.py
[2022-08-11 05:22:44,401] {processor.py:651} INFO - DAG(s) dict_keys(['example_branch_operator']) retrieved from /home/airflow/.local/lib/python3.7/site-packages/airflow/example_dags/example_branch_operator.py
[2022-08-11 05:22:44,487] {logging_mixin.py:115} INFO - [2022-08-11 05:22:44,486] {dag.py:2371} INFO - Sync 1 DAGs
[2022-08-11 05:22:44,554] {logging_mixin.py:115} INFO - [2022-08-11 05:22:44,553] {dag.py:2919} INFO - Setting next_dagrun for example_branch_operator to 2022-08-10T00:00:00+00:00, run_after=2022-08-11T00:00:00+00:00
[2022-08-11 05:22:44,594] {processor.py:161} INFO - Processing /home/airflow/.local/lib/python3.7/site-packages/airflow/example_dags/example_branch_operator.py took 0.246 seconds
[2022-08-11 05:27:46,702] {processor.py:153} INFO - Started process (PID=98835) to work on /home/airflow/.local/lib/python3.7/site-packages/airflow/example_dags/example_branch_operator.py
[2022-08-11 05:27:46,712] {processor.py:641} INFO - Processing file /home/airflow/.local/lib/python3.7/site-packages/airflow/example_dags/example_branch_operator.py for tasks to queue
[2022-08-11 05:27:46,713] {logging_mixin.py:115} INFO - [2022-08-11 05:27:46,713] {dagbag.py:507} INFO - Filling up the DagBag from /home/airflow/.local/lib/python3.7/site-packages/airflow/example_dags/example_branch_operator.py
[2022-08-11 05:27:46,763] {processor.py:651} INFO - DAG(s) dict_keys(['example_branch_operator']) retrieved from /home/airflow/.local/lib/python3.7/site-packages/airflow/example_dags/example_branch_operator.py
[2022-08-11 05:27:46,917] {logging_mixin.py:115} INFO - [2022-08-11 05:27:46,917] {dag.py:2371} INFO - Sync 1 DAGs
[2022-08-11 05:27:46,989] {logging_mixin.py:115} INFO - [2022-08-11 05:27:46,989] {dag.py:2919} INFO - Setting next_dagrun for example_branch_operator to 2022-08-10T00:00:00+00:00, run_after=2022-08-11T00:00:00+00:00
[2022-08-11 05:27:47,048] {processor.py:161} INFO - Processing /home/airflow/.local/lib/python3.7/site-packages/airflow/example_dags/example_branch_operator.py took 0.355 seconds
[2022-08-11 05:28:17,255] {processor.py:153} INFO - Started process (PID=98887) to work on /home/airflow/.local/lib/python3.7/site-packages/airflow/example_dags/example_branch_operator.py
[2022-08-11 05:28:17,260] {processor.py:641} INFO - Processing file /home/airflow/.local/lib/python3.7/site-packages/airflow/example_dags/example_branch_operator.py for tasks to queue
[2022-08-11 05:28:17,266] {logging_mixin.py:115} INFO - [2022-08-11 05:28:17,265] {dagbag.py:507} INFO - Filling up the DagBag from /home/airflow/.local/lib/python3.7/site-packages/airflow/example_dags/example_branch_operator.py
[2022-08-11 05:28:17,340] {processor.py:651} INFO - DAG(s) dict_keys(['example_branch_operator']) retrieved from /home/airflow/.local/lib/python3.7/site-packages/airflow/example_dags/example_branch_operator.py
[2022-08-11 05:28:17,456] {logging_mixin.py:115} INFO - [2022-08-11 05:28:17,456] {dag.py:2371} INFO - Sync 1 DAGs
[2022-08-11 05:28:17,540] {logging_mixin.py:115} INFO - [2022-08-11 05:28:17,540] {dag.py:2919} INFO - Setting next_dagrun for example_branch_operator to 2022-08-10T00:00:00+00:00, run_after=2022-08-11T00:00:00+00:00
[2022-08-11 05:28:17,628] {processor.py:161} INFO - Processing /home/airflow/.local/lib/python3.7/site-packages/airflow/example_dags/example_branch_operator.py took 0.391 seconds
[2022-08-11 05:33:19,466] {processor.py:153} INFO - Started process (PID=98940) to work on /home/airflow/.local/lib/python3.7/site-packages/airflow/example_dags/example_branch_operator.py
[2022-08-11 05:33:19,472] {processor.py:641} INFO - Processing file /home/airflow/.local/lib/python3.7/site-packages/airflow/example_dags/example_branch_operator.py for tasks to queue
[2022-08-11 05:33:19,480] {logging_mixin.py:115} INFO - [2022-08-11 05:33:19,480] {dagbag.py:507} INFO - Filling up the DagBag from /home/airflow/.local/lib/python3.7/site-packages/airflow/example_dags/example_branch_operator.py
[2022-08-11 05:33:19,532] {processor.py:651} INFO - DAG(s) dict_keys(['example_branch_operator']) retrieved from /home/airflow/.local/lib/python3.7/site-packages/airflow/example_dags/example_branch_operator.py
[2022-08-11 05:33:19,630] {logging_mixin.py:115} INFO - [2022-08-11 05:33:19,629] {dag.py:2371} INFO - Sync 1 DAGs
[2022-08-11 05:33:19,690] {logging_mixin.py:115} INFO - [2022-08-11 05:33:19,690] {dag.py:2919} INFO - Setting next_dagrun for example_branch_operator to 2022-08-10T00:00:00+00:00, run_after=2022-08-11T00:00:00+00:00
[2022-08-11 05:33:19,724] {processor.py:161} INFO - Processing /home/airflow/.local/lib/python3.7/site-packages/airflow/example_dags/example_branch_operator.py took 0.267 seconds
[2022-08-11 05:33:49,847] {processor.py:153} INFO - Started process (PID=98992) to work on /home/airflow/.local/lib/python3.7/site-packages/airflow/example_dags/example_branch_operator.py
[2022-08-11 05:33:49,852] {processor.py:641} INFO - Processing file /home/airflow/.local/lib/python3.7/site-packages/airflow/example_dags/example_branch_operator.py for tasks to queue
[2022-08-11 05:33:49,863] {logging_mixin.py:115} INFO - [2022-08-11 05:33:49,863] {dagbag.py:507} INFO - Filling up the DagBag from /home/airflow/.local/lib/python3.7/site-packages/airflow/example_dags/example_branch_operator.py
[2022-08-11 05:33:49,921] {processor.py:651} INFO - DAG(s) dict_keys(['example_branch_operator']) retrieved from /home/airflow/.local/lib/python3.7/site-packages/airflow/example_dags/example_branch_operator.py
[2022-08-11 05:33:50,030] {logging_mixin.py:115} INFO - [2022-08-11 05:33:50,030] {dag.py:2371} INFO - Sync 1 DAGs
[2022-08-11 05:33:50,157] {logging_mixin.py:115} INFO - [2022-08-11 05:33:50,157] {dag.py:2919} INFO - Setting next_dagrun for example_branch_operator to 2022-08-10T00:00:00+00:00, run_after=2022-08-11T00:00:00+00:00
[2022-08-11 05:33:50,191] {processor.py:161} INFO - Processing /home/airflow/.local/lib/python3.7/site-packages/airflow/example_dags/example_branch_operator.py took 0.368 seconds
[2022-08-11 05:38:50,909] {processor.py:153} INFO - Started process (PID=99042) to work on /home/airflow/.local/lib/python3.7/site-packages/airflow/example_dags/example_branch_operator.py
[2022-08-11 05:38:50,911] {processor.py:641} INFO - Processing file /home/airflow/.local/lib/python3.7/site-packages/airflow/example_dags/example_branch_operator.py for tasks to queue
[2022-08-11 05:38:50,914] {logging_mixin.py:115} INFO - [2022-08-11 05:38:50,913] {dagbag.py:507} INFO - Filling up the DagBag from /home/airflow/.local/lib/python3.7/site-packages/airflow/example_dags/example_branch_operator.py
[2022-08-11 05:38:50,949] {processor.py:651} INFO - DAG(s) dict_keys(['example_branch_operator']) retrieved from /home/airflow/.local/lib/python3.7/site-packages/airflow/example_dags/example_branch_operator.py
[2022-08-11 05:38:51,029] {logging_mixin.py:115} INFO - [2022-08-11 05:38:51,029] {dag.py:2371} INFO - Sync 1 DAGs
[2022-08-11 05:38:51,062] {logging_mixin.py:115} INFO - [2022-08-11 05:38:51,062] {dag.py:2919} INFO - Setting next_dagrun for example_branch_operator to 2022-08-10T00:00:00+00:00, run_after=2022-08-11T00:00:00+00:00
[2022-08-11 05:38:51,092] {processor.py:161} INFO - Processing /home/airflow/.local/lib/python3.7/site-packages/airflow/example_dags/example_branch_operator.py took 0.194 seconds
[2022-08-11 05:39:22,198] {processor.py:153} INFO - Started process (PID=99097) to work on /home/airflow/.local/lib/python3.7/site-packages/airflow/example_dags/example_branch_operator.py
[2022-08-11 05:39:22,201] {processor.py:641} INFO - Processing file /home/airflow/.local/lib/python3.7/site-packages/airflow/example_dags/example_branch_operator.py for tasks to queue
[2022-08-11 05:39:22,205] {logging_mixin.py:115} INFO - [2022-08-11 05:39:22,205] {dagbag.py:507} INFO - Filling up the DagBag from /home/airflow/.local/lib/python3.7/site-packages/airflow/example_dags/example_branch_operator.py
[2022-08-11 05:39:22,239] {processor.py:651} INFO - DAG(s) dict_keys(['example_branch_operator']) retrieved from /home/airflow/.local/lib/python3.7/site-packages/airflow/example_dags/example_branch_operator.py
[2022-08-11 05:39:22,339] {logging_mixin.py:115} INFO - [2022-08-11 05:39:22,338] {dag.py:2371} INFO - Sync 1 DAGs
[2022-08-11 05:39:22,406] {logging_mixin.py:115} INFO - [2022-08-11 05:39:22,405] {dag.py:2919} INFO - Setting next_dagrun for example_branch_operator to 2022-08-10T00:00:00+00:00, run_after=2022-08-11T00:00:00+00:00
[2022-08-11 05:39:22,476] {processor.py:161} INFO - Processing /home/airflow/.local/lib/python3.7/site-packages/airflow/example_dags/example_branch_operator.py took 0.319 seconds
[2022-08-11 05:44:25,368] {processor.py:153} INFO - Started process (PID=99152) to work on /home/airflow/.local/lib/python3.7/site-packages/airflow/example_dags/example_branch_operator.py
[2022-08-11 05:44:25,370] {processor.py:641} INFO - Processing file /home/airflow/.local/lib/python3.7/site-packages/airflow/example_dags/example_branch_operator.py for tasks to queue
[2022-08-11 05:44:25,371] {logging_mixin.py:115} INFO - [2022-08-11 05:44:25,371] {dagbag.py:507} INFO - Filling up the DagBag from /home/airflow/.local/lib/python3.7/site-packages/airflow/example_dags/example_branch_operator.py
[2022-08-11 05:44:25,433] {processor.py:651} INFO - DAG(s) dict_keys(['example_branch_operator']) retrieved from /home/airflow/.local/lib/python3.7/site-packages/airflow/example_dags/example_branch_operator.py
[2022-08-11 05:44:25,559] {logging_mixin.py:115} INFO - [2022-08-11 05:44:25,559] {dag.py:2371} INFO - Sync 1 DAGs
[2022-08-11 05:44:25,627] {logging_mixin.py:115} INFO - [2022-08-11 05:44:25,627] {dag.py:2919} INFO - Setting next_dagrun for example_branch_operator to 2022-08-10T00:00:00+00:00, run_after=2022-08-11T00:00:00+00:00
[2022-08-11 05:44:25,686] {processor.py:161} INFO - Processing /home/airflow/.local/lib/python3.7/site-packages/airflow/example_dags/example_branch_operator.py took 0.340 seconds
[2022-08-11 05:44:56,340] {processor.py:153} INFO - Started process (PID=99204) to work on /home/airflow/.local/lib/python3.7/site-packages/airflow/example_dags/example_branch_operator.py
[2022-08-11 05:44:56,343] {processor.py:641} INFO - Processing file /home/airflow/.local/lib/python3.7/site-packages/airflow/example_dags/example_branch_operator.py for tasks to queue
[2022-08-11 05:44:56,346] {logging_mixin.py:115} INFO - [2022-08-11 05:44:56,346] {dagbag.py:507} INFO - Filling up the DagBag from /home/airflow/.local/lib/python3.7/site-packages/airflow/example_dags/example_branch_operator.py
[2022-08-11 05:44:56,381] {processor.py:651} INFO - DAG(s) dict_keys(['example_branch_operator']) retrieved from /home/airflow/.local/lib/python3.7/site-packages/airflow/example_dags/example_branch_operator.py
[2022-08-11 05:44:56,465] {logging_mixin.py:115} INFO - [2022-08-11 05:44:56,465] {dag.py:2371} INFO - Sync 1 DAGs
[2022-08-11 05:44:56,525] {logging_mixin.py:115} INFO - [2022-08-11 05:44:56,525] {dag.py:2919} INFO - Setting next_dagrun for example_branch_operator to 2022-08-10T00:00:00+00:00, run_after=2022-08-11T00:00:00+00:00
[2022-08-11 05:44:56,558] {processor.py:161} INFO - Processing /home/airflow/.local/lib/python3.7/site-packages/airflow/example_dags/example_branch_operator.py took 0.230 seconds
[2022-08-11 05:49:59,523] {processor.py:153} INFO - Started process (PID=99254) to work on /home/airflow/.local/lib/python3.7/site-packages/airflow/example_dags/example_branch_operator.py
[2022-08-11 05:49:59,525] {processor.py:641} INFO - Processing file /home/airflow/.local/lib/python3.7/site-packages/airflow/example_dags/example_branch_operator.py for tasks to queue
[2022-08-11 05:49:59,528] {logging_mixin.py:115} INFO - [2022-08-11 05:49:59,527] {dagbag.py:507} INFO - Filling up the DagBag from /home/airflow/.local/lib/python3.7/site-packages/airflow/example_dags/example_branch_operator.py
[2022-08-11 05:49:59,560] {processor.py:651} INFO - DAG(s) dict_keys(['example_branch_operator']) retrieved from /home/airflow/.local/lib/python3.7/site-packages/airflow/example_dags/example_branch_operator.py
[2022-08-11 05:49:59,588] {logging_mixin.py:115} INFO - [2022-08-11 05:49:59,588] {dag.py:2371} INFO - Sync 1 DAGs
[2022-08-11 05:49:59,635] {logging_mixin.py:115} INFO - [2022-08-11 05:49:59,635] {dag.py:2919} INFO - Setting next_dagrun for example_branch_operator to 2022-08-10T00:00:00+00:00, run_after=2022-08-11T00:00:00+00:00
[2022-08-11 05:49:59,649] {processor.py:161} INFO - Processing /home/airflow/.local/lib/python3.7/site-packages/airflow/example_dags/example_branch_operator.py took 0.132 seconds
[2022-08-11 05:50:30,504] {processor.py:153} INFO - Started process (PID=99309) to work on /home/airflow/.local/lib/python3.7/site-packages/airflow/example_dags/example_branch_operator.py
[2022-08-11 05:50:30,514] {processor.py:641} INFO - Processing file /home/airflow/.local/lib/python3.7/site-packages/airflow/example_dags/example_branch_operator.py for tasks to queue
[2022-08-11 05:50:30,525] {logging_mixin.py:115} INFO - [2022-08-11 05:50:30,524] {dagbag.py:507} INFO - Filling up the DagBag from /home/airflow/.local/lib/python3.7/site-packages/airflow/example_dags/example_branch_operator.py
[2022-08-11 05:50:30,642] {processor.py:651} INFO - DAG(s) dict_keys(['example_branch_operator']) retrieved from /home/airflow/.local/lib/python3.7/site-packages/airflow/example_dags/example_branch_operator.py
[2022-08-11 05:50:30,771] {logging_mixin.py:115} INFO - [2022-08-11 05:50:30,771] {dag.py:2371} INFO - Sync 1 DAGs
[2022-08-11 05:50:30,986] {logging_mixin.py:115} INFO - [2022-08-11 05:50:30,986] {dag.py:2919} INFO - Setting next_dagrun for example_branch_operator to 2022-08-10T00:00:00+00:00, run_after=2022-08-11T00:00:00+00:00
[2022-08-11 05:50:31,051] {processor.py:161} INFO - Processing /home/airflow/.local/lib/python3.7/site-packages/airflow/example_dags/example_branch_operator.py took 0.598 seconds
[2022-08-11 05:55:32,319] {processor.py:153} INFO - Started process (PID=99358) to work on /home/airflow/.local/lib/python3.7/site-packages/airflow/example_dags/example_branch_operator.py
[2022-08-11 05:55:32,341] {processor.py:641} INFO - Processing file /home/airflow/.local/lib/python3.7/site-packages/airflow/example_dags/example_branch_operator.py for tasks to queue
[2022-08-11 05:55:32,353] {logging_mixin.py:115} INFO - [2022-08-11 05:55:32,344] {dagbag.py:507} INFO - Filling up the DagBag from /home/airflow/.local/lib/python3.7/site-packages/airflow/example_dags/example_branch_operator.py
[2022-08-11 05:55:32,489] {processor.py:651} INFO - DAG(s) dict_keys(['example_branch_operator']) retrieved from /home/airflow/.local/lib/python3.7/site-packages/airflow/example_dags/example_branch_operator.py
[2022-08-11 05:55:32,719] {logging_mixin.py:115} INFO - [2022-08-11 05:55:32,719] {dag.py:2371} INFO - Sync 1 DAGs
[2022-08-11 05:55:32,787] {logging_mixin.py:115} INFO - [2022-08-11 05:55:32,787] {dag.py:2919} INFO - Setting next_dagrun for example_branch_operator to 2022-08-10T00:00:00+00:00, run_after=2022-08-11T00:00:00+00:00
[2022-08-11 05:55:32,825] {processor.py:161} INFO - Processing /home/airflow/.local/lib/python3.7/site-packages/airflow/example_dags/example_branch_operator.py took 0.580 seconds
[2022-08-11 05:56:03,622] {processor.py:153} INFO - Started process (PID=99414) to work on /home/airflow/.local/lib/python3.7/site-packages/airflow/example_dags/example_branch_operator.py
[2022-08-11 05:56:03,625] {processor.py:641} INFO - Processing file /home/airflow/.local/lib/python3.7/site-packages/airflow/example_dags/example_branch_operator.py for tasks to queue
[2022-08-11 05:56:03,628] {logging_mixin.py:115} INFO - [2022-08-11 05:56:03,627] {dagbag.py:507} INFO - Filling up the DagBag from /home/airflow/.local/lib/python3.7/site-packages/airflow/example_dags/example_branch_operator.py
[2022-08-11 05:56:03,669] {processor.py:651} INFO - DAG(s) dict_keys(['example_branch_operator']) retrieved from /home/airflow/.local/lib/python3.7/site-packages/airflow/example_dags/example_branch_operator.py
[2022-08-11 05:56:03,746] {logging_mixin.py:115} INFO - [2022-08-11 05:56:03,746] {dag.py:2371} INFO - Sync 1 DAGs
[2022-08-11 05:56:03,828] {logging_mixin.py:115} INFO - [2022-08-11 05:56:03,828] {dag.py:2919} INFO - Setting next_dagrun for example_branch_operator to 2022-08-10T00:00:00+00:00, run_after=2022-08-11T00:00:00+00:00
[2022-08-11 05:56:03,866] {processor.py:161} INFO - Processing /home/airflow/.local/lib/python3.7/site-packages/airflow/example_dags/example_branch_operator.py took 0.255 seconds
[2022-08-11 06:01:05,439] {processor.py:153} INFO - Started process (PID=99465) to work on /home/airflow/.local/lib/python3.7/site-packages/airflow/example_dags/example_branch_operator.py
[2022-08-11 06:01:05,445] {processor.py:641} INFO - Processing file /home/airflow/.local/lib/python3.7/site-packages/airflow/example_dags/example_branch_operator.py for tasks to queue
[2022-08-11 06:01:05,448] {logging_mixin.py:115} INFO - [2022-08-11 06:01:05,448] {dagbag.py:507} INFO - Filling up the DagBag from /home/airflow/.local/lib/python3.7/site-packages/airflow/example_dags/example_branch_operator.py
[2022-08-11 06:01:05,518] {processor.py:651} INFO - DAG(s) dict_keys(['example_branch_operator']) retrieved from /home/airflow/.local/lib/python3.7/site-packages/airflow/example_dags/example_branch_operator.py
[2022-08-11 06:01:05,693] {logging_mixin.py:115} INFO - [2022-08-11 06:01:05,692] {dag.py:2371} INFO - Sync 1 DAGs
[2022-08-11 06:01:05,786] {logging_mixin.py:115} INFO - [2022-08-11 06:01:05,786] {dag.py:2919} INFO - Setting next_dagrun for example_branch_operator to 2022-08-10T00:00:00+00:00, run_after=2022-08-11T00:00:00+00:00
[2022-08-11 06:01:05,840] {processor.py:161} INFO - Processing /home/airflow/.local/lib/python3.7/site-packages/airflow/example_dags/example_branch_operator.py took 0.407 seconds
[2022-08-11 06:01:36,807] {processor.py:153} INFO - Started process (PID=99519) to work on /home/airflow/.local/lib/python3.7/site-packages/airflow/example_dags/example_branch_operator.py
[2022-08-11 06:01:36,810] {processor.py:641} INFO - Processing file /home/airflow/.local/lib/python3.7/site-packages/airflow/example_dags/example_branch_operator.py for tasks to queue
[2022-08-11 06:01:36,813] {logging_mixin.py:115} INFO - [2022-08-11 06:01:36,813] {dagbag.py:507} INFO - Filling up the DagBag from /home/airflow/.local/lib/python3.7/site-packages/airflow/example_dags/example_branch_operator.py
[2022-08-11 06:01:36,848] {processor.py:651} INFO - DAG(s) dict_keys(['example_branch_operator']) retrieved from /home/airflow/.local/lib/python3.7/site-packages/airflow/example_dags/example_branch_operator.py
[2022-08-11 06:01:36,948] {logging_mixin.py:115} INFO - [2022-08-11 06:01:36,948] {dag.py:2371} INFO - Sync 1 DAGs
[2022-08-11 06:01:37,007] {logging_mixin.py:115} INFO - [2022-08-11 06:01:37,006] {dag.py:2919} INFO - Setting next_dagrun for example_branch_operator to 2022-08-10T00:00:00+00:00, run_after=2022-08-11T00:00:00+00:00
[2022-08-11 06:01:37,042] {processor.py:161} INFO - Processing /home/airflow/.local/lib/python3.7/site-packages/airflow/example_dags/example_branch_operator.py took 0.244 seconds
[2022-08-11 06:05:31,478] {processor.py:153} INFO - Started process (PID=99562) to work on /home/airflow/.local/lib/python3.7/site-packages/airflow/example_dags/example_branch_operator.py
[2022-08-11 06:05:31,487] {processor.py:641} INFO - Processing file /home/airflow/.local/lib/python3.7/site-packages/airflow/example_dags/example_branch_operator.py for tasks to queue
[2022-08-11 06:05:31,492] {logging_mixin.py:115} INFO - [2022-08-11 06:05:31,491] {dagbag.py:507} INFO - Filling up the DagBag from /home/airflow/.local/lib/python3.7/site-packages/airflow/example_dags/example_branch_operator.py
[2022-08-11 06:05:31,731] {processor.py:651} INFO - DAG(s) dict_keys(['example_branch_operator']) retrieved from /home/airflow/.local/lib/python3.7/site-packages/airflow/example_dags/example_branch_operator.py
[2022-08-11 06:05:31,902] {logging_mixin.py:115} INFO - [2022-08-11 06:05:31,901] {dag.py:2371} INFO - Sync 1 DAGs
[2022-08-11 06:05:31,992] {logging_mixin.py:115} INFO - [2022-08-11 06:05:31,992] {dag.py:2919} INFO - Setting next_dagrun for example_branch_operator to 2022-08-10T00:00:00+00:00, run_after=2022-08-11T00:00:00+00:00
[2022-08-11 06:05:32,125] {processor.py:161} INFO - Processing /home/airflow/.local/lib/python3.7/site-packages/airflow/example_dags/example_branch_operator.py took 0.693 seconds
[2022-08-11 06:10:47,494] {processor.py:153} INFO - Started process (PID=99615) to work on /home/airflow/.local/lib/python3.7/site-packages/airflow/example_dags/example_branch_operator.py
[2022-08-11 06:10:47,496] {processor.py:641} INFO - Processing file /home/airflow/.local/lib/python3.7/site-packages/airflow/example_dags/example_branch_operator.py for tasks to queue
[2022-08-11 06:10:47,499] {logging_mixin.py:115} INFO - [2022-08-11 06:10:47,499] {dagbag.py:507} INFO - Filling up the DagBag from /home/airflow/.local/lib/python3.7/site-packages/airflow/example_dags/example_branch_operator.py
[2022-08-11 06:10:47,535] {processor.py:651} INFO - DAG(s) dict_keys(['example_branch_operator']) retrieved from /home/airflow/.local/lib/python3.7/site-packages/airflow/example_dags/example_branch_operator.py
[2022-08-11 06:10:47,595] {logging_mixin.py:115} INFO - [2022-08-11 06:10:47,595] {dag.py:2371} INFO - Sync 1 DAGs
[2022-08-11 06:10:47,629] {logging_mixin.py:115} INFO - [2022-08-11 06:10:47,629] {dag.py:2919} INFO - Setting next_dagrun for example_branch_operator to 2022-08-10T00:00:00+00:00, run_after=2022-08-11T00:00:00+00:00
[2022-08-11 06:10:47,645] {processor.py:161} INFO - Processing /home/airflow/.local/lib/python3.7/site-packages/airflow/example_dags/example_branch_operator.py took 0.160 seconds
[2022-08-11 07:20:16,975] {processor.py:153} INFO - Started process (PID=99675) to work on /home/airflow/.local/lib/python3.7/site-packages/airflow/example_dags/example_branch_operator.py
[2022-08-11 07:20:16,983] {processor.py:641} INFO - Processing file /home/airflow/.local/lib/python3.7/site-packages/airflow/example_dags/example_branch_operator.py for tasks to queue
[2022-08-11 07:20:17,004] {logging_mixin.py:115} INFO - [2022-08-11 07:20:16,994] {dagbag.py:507} INFO - Filling up the DagBag from /home/airflow/.local/lib/python3.7/site-packages/airflow/example_dags/example_branch_operator.py
[2022-08-11 07:20:17,102] {processor.py:651} INFO - DAG(s) dict_keys(['example_branch_operator']) retrieved from /home/airflow/.local/lib/python3.7/site-packages/airflow/example_dags/example_branch_operator.py
[2022-08-11 07:20:17,295] {logging_mixin.py:115} INFO - [2022-08-11 07:20:17,295] {dag.py:2371} INFO - Sync 1 DAGs
[2022-08-11 07:20:17,383] {logging_mixin.py:115} INFO - [2022-08-11 07:20:17,382] {dag.py:2919} INFO - Setting next_dagrun for example_branch_operator to 2022-08-10T00:00:00+00:00, run_after=2022-08-11T00:00:00+00:00
[2022-08-11 07:20:17,437] {processor.py:161} INFO - Processing /home/airflow/.local/lib/python3.7/site-packages/airflow/example_dags/example_branch_operator.py took 0.507 seconds
[2022-08-11 10:56:29,952] {processor.py:153} INFO - Started process (PID=99727) to work on /home/airflow/.local/lib/python3.7/site-packages/airflow/example_dags/example_branch_operator.py
[2022-08-11 10:56:29,955] {processor.py:641} INFO - Processing file /home/airflow/.local/lib/python3.7/site-packages/airflow/example_dags/example_branch_operator.py for tasks to queue
[2022-08-11 10:56:29,956] {logging_mixin.py:115} INFO - [2022-08-11 10:56:29,956] {dagbag.py:507} INFO - Filling up the DagBag from /home/airflow/.local/lib/python3.7/site-packages/airflow/example_dags/example_branch_operator.py
[2022-08-11 10:56:30,014] {processor.py:651} INFO - DAG(s) dict_keys(['example_branch_operator']) retrieved from /home/airflow/.local/lib/python3.7/site-packages/airflow/example_dags/example_branch_operator.py
[2022-08-11 10:56:30,115] {logging_mixin.py:115} INFO - [2022-08-11 10:56:30,115] {dag.py:2371} INFO - Sync 1 DAGs
[2022-08-11 10:56:30,152] {logging_mixin.py:115} INFO - [2022-08-11 10:56:30,152] {dag.py:2919} INFO - Setting next_dagrun for example_branch_operator to 2022-08-10T00:00:00+00:00, run_after=2022-08-11T00:00:00+00:00
[2022-08-11 10:56:30,175] {processor.py:161} INFO - Processing /home/airflow/.local/lib/python3.7/site-packages/airflow/example_dags/example_branch_operator.py took 0.230 seconds
[2022-08-11 12:44:44,895] {processor.py:153} INFO - Started process (PID=99779) to work on /home/airflow/.local/lib/python3.7/site-packages/airflow/example_dags/example_branch_operator.py
[2022-08-11 12:44:44,898] {processor.py:641} INFO - Processing file /home/airflow/.local/lib/python3.7/site-packages/airflow/example_dags/example_branch_operator.py for tasks to queue
[2022-08-11 12:44:44,901] {logging_mixin.py:115} INFO - [2022-08-11 12:44:44,901] {dagbag.py:507} INFO - Filling up the DagBag from /home/airflow/.local/lib/python3.7/site-packages/airflow/example_dags/example_branch_operator.py
[2022-08-11 12:44:44,952] {processor.py:651} INFO - DAG(s) dict_keys(['example_branch_operator']) retrieved from /home/airflow/.local/lib/python3.7/site-packages/airflow/example_dags/example_branch_operator.py
[2022-08-11 12:44:45,028] {logging_mixin.py:115} INFO - [2022-08-11 12:44:45,028] {dag.py:2371} INFO - Sync 1 DAGs
[2022-08-11 12:44:45,060] {logging_mixin.py:115} INFO - [2022-08-11 12:44:45,059] {dag.py:2919} INFO - Setting next_dagrun for example_branch_operator to 2022-08-10T00:00:00+00:00, run_after=2022-08-11T00:00:00+00:00
[2022-08-11 12:44:45,075] {processor.py:161} INFO - Processing /home/airflow/.local/lib/python3.7/site-packages/airflow/example_dags/example_branch_operator.py took 0.189 seconds
[2022-08-11 16:20:53,103] {processor.py:153} INFO - Started process (PID=99832) to work on /home/airflow/.local/lib/python3.7/site-packages/airflow/example_dags/example_branch_operator.py
[2022-08-11 16:20:53,105] {processor.py:641} INFO - Processing file /home/airflow/.local/lib/python3.7/site-packages/airflow/example_dags/example_branch_operator.py for tasks to queue
[2022-08-11 16:20:53,108] {logging_mixin.py:115} INFO - [2022-08-11 16:20:53,108] {dagbag.py:507} INFO - Filling up the DagBag from /home/airflow/.local/lib/python3.7/site-packages/airflow/example_dags/example_branch_operator.py
[2022-08-11 16:20:53,150] {processor.py:651} INFO - DAG(s) dict_keys(['example_branch_operator']) retrieved from /home/airflow/.local/lib/python3.7/site-packages/airflow/example_dags/example_branch_operator.py
[2022-08-11 16:20:53,203] {logging_mixin.py:115} INFO - [2022-08-11 16:20:53,203] {dag.py:2371} INFO - Sync 1 DAGs
[2022-08-11 16:20:53,234] {logging_mixin.py:115} INFO - [2022-08-11 16:20:53,233] {dag.py:2919} INFO - Setting next_dagrun for example_branch_operator to 2022-08-10T00:00:00+00:00, run_after=2022-08-11T00:00:00+00:00
[2022-08-11 16:20:53,251] {processor.py:161} INFO - Processing /home/airflow/.local/lib/python3.7/site-packages/airflow/example_dags/example_branch_operator.py took 0.156 seconds
