[2022-08-11 00:49:22,925] {processor.py:153} INFO - Started process (PID=97706) to work on /home/airflow/.local/lib/python3.7/site-packages/airflow/example_dags/example_local_kubernetes_executor.py
[2022-08-11 00:49:22,926] {processor.py:641} INFO - Processing file /home/airflow/.local/lib/python3.7/site-packages/airflow/example_dags/example_local_kubernetes_executor.py for tasks to queue
[2022-08-11 00:49:22,928] {logging_mixin.py:115} INFO - [2022-08-11 00:49:22,928] {dagbag.py:507} INFO - Filling up the DagBag from /home/airflow/.local/lib/python3.7/site-packages/airflow/example_dags/example_local_kubernetes_executor.py
[2022-08-11 00:49:22,965] {processor.py:651} INFO - DAG(s) dict_keys(['example_local_kubernetes_executor']) retrieved from /home/airflow/.local/lib/python3.7/site-packages/airflow/example_dags/example_local_kubernetes_executor.py
[2022-08-11 00:49:23,013] {logging_mixin.py:115} INFO - [2022-08-11 00:49:23,012] {dag.py:2371} INFO - Sync 1 DAGs
[2022-08-11 00:49:23,068] {logging_mixin.py:115} INFO - [2022-08-11 00:49:23,068] {dag.py:2919} INFO - Setting next_dagrun for example_local_kubernetes_executor to None, run_after=None
[2022-08-11 00:49:23,090] {processor.py:161} INFO - Processing /home/airflow/.local/lib/python3.7/site-packages/airflow/example_dags/example_local_kubernetes_executor.py took 0.171 seconds
[2022-08-11 02:37:26,171] {processor.py:153} INFO - Started process (PID=97750) to work on /home/airflow/.local/lib/python3.7/site-packages/airflow/example_dags/example_local_kubernetes_executor.py
[2022-08-11 02:37:26,177] {processor.py:641} INFO - Processing file /home/airflow/.local/lib/python3.7/site-packages/airflow/example_dags/example_local_kubernetes_executor.py for tasks to queue
[2022-08-11 02:37:26,182] {logging_mixin.py:115} INFO - [2022-08-11 02:37:26,181] {dagbag.py:507} INFO - Filling up the DagBag from /home/airflow/.local/lib/python3.7/site-packages/airflow/example_dags/example_local_kubernetes_executor.py
[2022-08-11 02:37:26,258] {processor.py:651} INFO - DAG(s) dict_keys(['example_local_kubernetes_executor']) retrieved from /home/airflow/.local/lib/python3.7/site-packages/airflow/example_dags/example_local_kubernetes_executor.py
[2022-08-11 02:37:26,305] {logging_mixin.py:115} INFO - [2022-08-11 02:37:26,305] {dag.py:2371} INFO - Sync 1 DAGs
[2022-08-11 02:37:26,344] {logging_mixin.py:115} INFO - [2022-08-11 02:37:26,344] {dag.py:2919} INFO - Setting next_dagrun for example_local_kubernetes_executor to None, run_after=None
[2022-08-11 02:37:26,363] {processor.py:161} INFO - Processing /home/airflow/.local/lib/python3.7/site-packages/airflow/example_dags/example_local_kubernetes_executor.py took 0.206 seconds
[2022-08-11 02:43:24,691] {processor.py:153} INFO - Started process (PID=97794) to work on /home/airflow/.local/lib/python3.7/site-packages/airflow/example_dags/example_local_kubernetes_executor.py
[2022-08-11 02:43:24,706] {processor.py:641} INFO - Processing file /home/airflow/.local/lib/python3.7/site-packages/airflow/example_dags/example_local_kubernetes_executor.py for tasks to queue
[2022-08-11 02:43:24,709] {logging_mixin.py:115} INFO - [2022-08-11 02:43:24,709] {dagbag.py:507} INFO - Filling up the DagBag from /home/airflow/.local/lib/python3.7/site-packages/airflow/example_dags/example_local_kubernetes_executor.py
[2022-08-11 02:43:24,834] {processor.py:651} INFO - DAG(s) dict_keys(['example_local_kubernetes_executor']) retrieved from /home/airflow/.local/lib/python3.7/site-packages/airflow/example_dags/example_local_kubernetes_executor.py
[2022-08-11 02:43:24,995] {logging_mixin.py:115} INFO - [2022-08-11 02:43:24,994] {dag.py:2371} INFO - Sync 1 DAGs
[2022-08-11 02:43:25,063] {logging_mixin.py:115} INFO - [2022-08-11 02:43:25,063] {dag.py:2919} INFO - Setting next_dagrun for example_local_kubernetes_executor to None, run_after=None
[2022-08-11 02:43:25,101] {processor.py:161} INFO - Processing /home/airflow/.local/lib/python3.7/site-packages/airflow/example_dags/example_local_kubernetes_executor.py took 0.417 seconds
[2022-08-11 04:26:26,278] {processor.py:153} INFO - Started process (PID=97846) to work on /home/airflow/.local/lib/python3.7/site-packages/airflow/example_dags/example_local_kubernetes_executor.py
[2022-08-11 04:26:26,281] {processor.py:641} INFO - Processing file /home/airflow/.local/lib/python3.7/site-packages/airflow/example_dags/example_local_kubernetes_executor.py for tasks to queue
[2022-08-11 04:26:26,283] {logging_mixin.py:115} INFO - [2022-08-11 04:26:26,283] {dagbag.py:507} INFO - Filling up the DagBag from /home/airflow/.local/lib/python3.7/site-packages/airflow/example_dags/example_local_kubernetes_executor.py
[2022-08-11 04:26:26,326] {processor.py:651} INFO - DAG(s) dict_keys(['example_local_kubernetes_executor']) retrieved from /home/airflow/.local/lib/python3.7/site-packages/airflow/example_dags/example_local_kubernetes_executor.py
[2022-08-11 04:26:26,399] {logging_mixin.py:115} INFO - [2022-08-11 04:26:26,397] {dag.py:2371} INFO - Sync 1 DAGs
[2022-08-11 04:26:26,432] {logging_mixin.py:115} INFO - [2022-08-11 04:26:26,432] {dag.py:2919} INFO - Setting next_dagrun for example_local_kubernetes_executor to None, run_after=None
[2022-08-11 04:26:26,454] {processor.py:161} INFO - Processing /home/airflow/.local/lib/python3.7/site-packages/airflow/example_dags/example_local_kubernetes_executor.py took 0.182 seconds
[2022-08-11 04:26:59,543] {processor.py:153} INFO - Started process (PID=97897) to work on /home/airflow/.local/lib/python3.7/site-packages/airflow/example_dags/example_local_kubernetes_executor.py
[2022-08-11 04:26:59,549] {processor.py:641} INFO - Processing file /home/airflow/.local/lib/python3.7/site-packages/airflow/example_dags/example_local_kubernetes_executor.py for tasks to queue
[2022-08-11 04:26:59,554] {logging_mixin.py:115} INFO - [2022-08-11 04:26:59,553] {dagbag.py:507} INFO - Filling up the DagBag from /home/airflow/.local/lib/python3.7/site-packages/airflow/example_dags/example_local_kubernetes_executor.py
[2022-08-11 04:26:59,641] {processor.py:651} INFO - DAG(s) dict_keys(['example_local_kubernetes_executor']) retrieved from /home/airflow/.local/lib/python3.7/site-packages/airflow/example_dags/example_local_kubernetes_executor.py
[2022-08-11 04:26:59,721] {logging_mixin.py:115} INFO - [2022-08-11 04:26:59,721] {dag.py:2371} INFO - Sync 1 DAGs
[2022-08-11 04:26:59,877] {logging_mixin.py:115} INFO - [2022-08-11 04:26:59,877] {dag.py:2919} INFO - Setting next_dagrun for example_local_kubernetes_executor to None, run_after=None
[2022-08-11 04:26:59,960] {processor.py:161} INFO - Processing /home/airflow/.local/lib/python3.7/site-packages/airflow/example_dags/example_local_kubernetes_executor.py took 0.431 seconds
[2022-08-11 04:27:30,477] {processor.py:153} INFO - Started process (PID=97947) to work on /home/airflow/.local/lib/python3.7/site-packages/airflow/example_dags/example_local_kubernetes_executor.py
[2022-08-11 04:27:30,481] {processor.py:641} INFO - Processing file /home/airflow/.local/lib/python3.7/site-packages/airflow/example_dags/example_local_kubernetes_executor.py for tasks to queue
[2022-08-11 04:27:30,490] {logging_mixin.py:115} INFO - [2022-08-11 04:27:30,486] {dagbag.py:507} INFO - Filling up the DagBag from /home/airflow/.local/lib/python3.7/site-packages/airflow/example_dags/example_local_kubernetes_executor.py
[2022-08-11 04:27:30,681] {processor.py:651} INFO - DAG(s) dict_keys(['example_local_kubernetes_executor']) retrieved from /home/airflow/.local/lib/python3.7/site-packages/airflow/example_dags/example_local_kubernetes_executor.py
[2022-08-11 04:32:15,717] {logging_mixin.py:115} INFO - [2022-08-11 04:32:15,717] {dag.py:2371} INFO - Sync 1 DAGs
[2022-08-11 04:32:17,361] {logging_mixin.py:115} INFO - [2022-08-11 04:32:17,361] {process_utils.py:240} INFO - Waiting up to 5 seconds for processes to exit...
[2022-08-11 04:32:21,178] {processor.py:153} INFO - Started process (PID=97976) to work on /home/airflow/.local/lib/python3.7/site-packages/airflow/example_dags/example_local_kubernetes_executor.py
[2022-08-11 04:32:21,183] {processor.py:641} INFO - Processing file /home/airflow/.local/lib/python3.7/site-packages/airflow/example_dags/example_local_kubernetes_executor.py for tasks to queue
[2022-08-11 04:32:21,185] {logging_mixin.py:115} INFO - [2022-08-11 04:32:21,185] {dagbag.py:507} INFO - Filling up the DagBag from /home/airflow/.local/lib/python3.7/site-packages/airflow/example_dags/example_local_kubernetes_executor.py
[2022-08-11 04:32:21,246] {processor.py:651} INFO - DAG(s) dict_keys(['example_local_kubernetes_executor']) retrieved from /home/airflow/.local/lib/python3.7/site-packages/airflow/example_dags/example_local_kubernetes_executor.py
[2022-08-11 04:32:21,300] {logging_mixin.py:115} INFO - [2022-08-11 04:32:21,300] {dag.py:2371} INFO - Sync 1 DAGs
[2022-08-11 04:32:21,337] {logging_mixin.py:115} INFO - [2022-08-11 04:32:21,336] {dag.py:2919} INFO - Setting next_dagrun for example_local_kubernetes_executor to None, run_after=None
[2022-08-11 04:32:21,358] {processor.py:161} INFO - Processing /home/airflow/.local/lib/python3.7/site-packages/airflow/example_dags/example_local_kubernetes_executor.py took 0.190 seconds
[2022-08-11 04:32:55,151] {processor.py:153} INFO - Started process (PID=98029) to work on /home/airflow/.local/lib/python3.7/site-packages/airflow/example_dags/example_local_kubernetes_executor.py
[2022-08-11 04:32:55,161] {processor.py:641} INFO - Processing file /home/airflow/.local/lib/python3.7/site-packages/airflow/example_dags/example_local_kubernetes_executor.py for tasks to queue
[2022-08-11 04:32:55,170] {logging_mixin.py:115} INFO - [2022-08-11 04:32:55,169] {dagbag.py:507} INFO - Filling up the DagBag from /home/airflow/.local/lib/python3.7/site-packages/airflow/example_dags/example_local_kubernetes_executor.py
[2022-08-11 04:32:55,276] {processor.py:651} INFO - DAG(s) dict_keys(['example_local_kubernetes_executor']) retrieved from /home/airflow/.local/lib/python3.7/site-packages/airflow/example_dags/example_local_kubernetes_executor.py
[2022-08-11 04:32:55,399] {logging_mixin.py:115} INFO - [2022-08-11 04:32:55,399] {dag.py:2371} INFO - Sync 1 DAGs
[2022-08-11 04:32:55,486] {logging_mixin.py:115} INFO - [2022-08-11 04:32:55,486] {dag.py:2919} INFO - Setting next_dagrun for example_local_kubernetes_executor to None, run_after=None
[2022-08-11 04:32:55,531] {processor.py:161} INFO - Processing /home/airflow/.local/lib/python3.7/site-packages/airflow/example_dags/example_local_kubernetes_executor.py took 0.392 seconds
[2022-08-11 04:37:50,940] {processor.py:153} INFO - Started process (PID=98072) to work on /home/airflow/.local/lib/python3.7/site-packages/airflow/example_dags/example_local_kubernetes_executor.py
[2022-08-11 04:37:50,941] {processor.py:641} INFO - Processing file /home/airflow/.local/lib/python3.7/site-packages/airflow/example_dags/example_local_kubernetes_executor.py for tasks to queue
[2022-08-11 04:37:50,943] {logging_mixin.py:115} INFO - [2022-08-11 04:37:50,942] {dagbag.py:507} INFO - Filling up the DagBag from /home/airflow/.local/lib/python3.7/site-packages/airflow/example_dags/example_local_kubernetes_executor.py
[2022-08-11 04:37:50,971] {processor.py:651} INFO - DAG(s) dict_keys(['example_local_kubernetes_executor']) retrieved from /home/airflow/.local/lib/python3.7/site-packages/airflow/example_dags/example_local_kubernetes_executor.py
[2022-08-11 04:37:51,005] {logging_mixin.py:115} INFO - [2022-08-11 04:37:51,005] {dag.py:2371} INFO - Sync 1 DAGs
[2022-08-11 04:37:51,033] {logging_mixin.py:115} INFO - [2022-08-11 04:37:51,033] {dag.py:2919} INFO - Setting next_dagrun for example_local_kubernetes_executor to None, run_after=None
[2022-08-11 04:37:51,048] {processor.py:161} INFO - Processing /home/airflow/.local/lib/python3.7/site-packages/airflow/example_dags/example_local_kubernetes_executor.py took 0.112 seconds
[2022-08-11 04:38:25,551] {processor.py:153} INFO - Started process (PID=98124) to work on /home/airflow/.local/lib/python3.7/site-packages/airflow/example_dags/example_local_kubernetes_executor.py
[2022-08-11 04:38:25,558] {processor.py:641} INFO - Processing file /home/airflow/.local/lib/python3.7/site-packages/airflow/example_dags/example_local_kubernetes_executor.py for tasks to queue
[2022-08-11 04:38:25,567] {logging_mixin.py:115} INFO - [2022-08-11 04:38:25,566] {dagbag.py:507} INFO - Filling up the DagBag from /home/airflow/.local/lib/python3.7/site-packages/airflow/example_dags/example_local_kubernetes_executor.py
[2022-08-11 04:38:25,651] {processor.py:651} INFO - DAG(s) dict_keys(['example_local_kubernetes_executor']) retrieved from /home/airflow/.local/lib/python3.7/site-packages/airflow/example_dags/example_local_kubernetes_executor.py
[2022-08-11 04:38:25,768] {logging_mixin.py:115} INFO - [2022-08-11 04:38:25,767] {dag.py:2371} INFO - Sync 1 DAGs
[2022-08-11 04:38:25,855] {logging_mixin.py:115} INFO - [2022-08-11 04:38:25,854] {dag.py:2919} INFO - Setting next_dagrun for example_local_kubernetes_executor to None, run_after=None
[2022-08-11 04:38:25,903] {processor.py:161} INFO - Processing /home/airflow/.local/lib/python3.7/site-packages/airflow/example_dags/example_local_kubernetes_executor.py took 0.370 seconds
[2022-08-11 04:43:26,458] {processor.py:153} INFO - Started process (PID=98178) to work on /home/airflow/.local/lib/python3.7/site-packages/airflow/example_dags/example_local_kubernetes_executor.py
[2022-08-11 04:43:26,461] {processor.py:641} INFO - Processing file /home/airflow/.local/lib/python3.7/site-packages/airflow/example_dags/example_local_kubernetes_executor.py for tasks to queue
[2022-08-11 04:43:26,462] {logging_mixin.py:115} INFO - [2022-08-11 04:43:26,462] {dagbag.py:507} INFO - Filling up the DagBag from /home/airflow/.local/lib/python3.7/site-packages/airflow/example_dags/example_local_kubernetes_executor.py
[2022-08-11 04:43:26,507] {processor.py:651} INFO - DAG(s) dict_keys(['example_local_kubernetes_executor']) retrieved from /home/airflow/.local/lib/python3.7/site-packages/airflow/example_dags/example_local_kubernetes_executor.py
[2022-08-11 04:43:26,550] {logging_mixin.py:115} INFO - [2022-08-11 04:43:26,550] {dag.py:2371} INFO - Sync 1 DAGs
[2022-08-11 04:43:26,587] {logging_mixin.py:115} INFO - [2022-08-11 04:43:26,587] {dag.py:2919} INFO - Setting next_dagrun for example_local_kubernetes_executor to None, run_after=None
[2022-08-11 04:43:26,606] {processor.py:161} INFO - Processing /home/airflow/.local/lib/python3.7/site-packages/airflow/example_dags/example_local_kubernetes_executor.py took 0.154 seconds
[2022-08-11 04:44:00,597] {processor.py:153} INFO - Started process (PID=98230) to work on /home/airflow/.local/lib/python3.7/site-packages/airflow/example_dags/example_local_kubernetes_executor.py
[2022-08-11 04:44:00,602] {processor.py:641} INFO - Processing file /home/airflow/.local/lib/python3.7/site-packages/airflow/example_dags/example_local_kubernetes_executor.py for tasks to queue
[2022-08-11 04:44:00,607] {logging_mixin.py:115} INFO - [2022-08-11 04:44:00,606] {dagbag.py:507} INFO - Filling up the DagBag from /home/airflow/.local/lib/python3.7/site-packages/airflow/example_dags/example_local_kubernetes_executor.py
[2022-08-11 04:44:00,687] {processor.py:651} INFO - DAG(s) dict_keys(['example_local_kubernetes_executor']) retrieved from /home/airflow/.local/lib/python3.7/site-packages/airflow/example_dags/example_local_kubernetes_executor.py
[2022-08-11 04:44:00,804] {logging_mixin.py:115} INFO - [2022-08-11 04:44:00,804] {dag.py:2371} INFO - Sync 1 DAGs
[2022-08-11 04:44:00,898] {logging_mixin.py:115} INFO - [2022-08-11 04:44:00,898] {dag.py:2919} INFO - Setting next_dagrun for example_local_kubernetes_executor to None, run_after=None
[2022-08-11 04:44:00,940] {processor.py:161} INFO - Processing /home/airflow/.local/lib/python3.7/site-packages/airflow/example_dags/example_local_kubernetes_executor.py took 0.358 seconds
[2022-08-11 04:49:00,909] {processor.py:153} INFO - Started process (PID=98274) to work on /home/airflow/.local/lib/python3.7/site-packages/airflow/example_dags/example_local_kubernetes_executor.py
[2022-08-11 04:49:00,911] {processor.py:641} INFO - Processing file /home/airflow/.local/lib/python3.7/site-packages/airflow/example_dags/example_local_kubernetes_executor.py for tasks to queue
[2022-08-11 04:49:00,913] {logging_mixin.py:115} INFO - [2022-08-11 04:49:00,913] {dagbag.py:507} INFO - Filling up the DagBag from /home/airflow/.local/lib/python3.7/site-packages/airflow/example_dags/example_local_kubernetes_executor.py
[2022-08-11 04:49:00,941] {processor.py:651} INFO - DAG(s) dict_keys(['example_local_kubernetes_executor']) retrieved from /home/airflow/.local/lib/python3.7/site-packages/airflow/example_dags/example_local_kubernetes_executor.py
[2022-08-11 04:49:00,975] {logging_mixin.py:115} INFO - [2022-08-11 04:49:00,975] {dag.py:2371} INFO - Sync 1 DAGs
[2022-08-11 04:49:01,004] {logging_mixin.py:115} INFO - [2022-08-11 04:49:01,004] {dag.py:2919} INFO - Setting next_dagrun for example_local_kubernetes_executor to None, run_after=None
[2022-08-11 04:49:01,019] {processor.py:161} INFO - Processing /home/airflow/.local/lib/python3.7/site-packages/airflow/example_dags/example_local_kubernetes_executor.py took 0.115 seconds
[2022-08-11 04:49:37,689] {processor.py:153} INFO - Started process (PID=98328) to work on /home/airflow/.local/lib/python3.7/site-packages/airflow/example_dags/example_local_kubernetes_executor.py
[2022-08-11 04:49:37,699] {processor.py:641} INFO - Processing file /home/airflow/.local/lib/python3.7/site-packages/airflow/example_dags/example_local_kubernetes_executor.py for tasks to queue
[2022-08-11 04:49:37,707] {logging_mixin.py:115} INFO - [2022-08-11 04:49:37,707] {dagbag.py:507} INFO - Filling up the DagBag from /home/airflow/.local/lib/python3.7/site-packages/airflow/example_dags/example_local_kubernetes_executor.py
[2022-08-11 04:49:37,811] {processor.py:651} INFO - DAG(s) dict_keys(['example_local_kubernetes_executor']) retrieved from /home/airflow/.local/lib/python3.7/site-packages/airflow/example_dags/example_local_kubernetes_executor.py
[2022-08-11 04:49:37,913] {logging_mixin.py:115} INFO - [2022-08-11 04:49:37,913] {dag.py:2371} INFO - Sync 1 DAGs
[2022-08-11 04:49:38,021] {logging_mixin.py:115} INFO - [2022-08-11 04:49:38,020] {dag.py:2919} INFO - Setting next_dagrun for example_local_kubernetes_executor to None, run_after=None
[2022-08-11 04:49:38,072] {processor.py:161} INFO - Processing /home/airflow/.local/lib/python3.7/site-packages/airflow/example_dags/example_local_kubernetes_executor.py took 0.406 seconds
[2022-08-11 04:54:34,091] {processor.py:153} INFO - Started process (PID=98374) to work on /home/airflow/.local/lib/python3.7/site-packages/airflow/example_dags/example_local_kubernetes_executor.py
[2022-08-11 04:54:34,092] {processor.py:641} INFO - Processing file /home/airflow/.local/lib/python3.7/site-packages/airflow/example_dags/example_local_kubernetes_executor.py for tasks to queue
[2022-08-11 04:54:34,094] {logging_mixin.py:115} INFO - [2022-08-11 04:54:34,093] {dagbag.py:507} INFO - Filling up the DagBag from /home/airflow/.local/lib/python3.7/site-packages/airflow/example_dags/example_local_kubernetes_executor.py
[2022-08-11 04:54:34,117] {processor.py:651} INFO - DAG(s) dict_keys(['example_local_kubernetes_executor']) retrieved from /home/airflow/.local/lib/python3.7/site-packages/airflow/example_dags/example_local_kubernetes_executor.py
[2022-08-11 04:54:34,143] {logging_mixin.py:115} INFO - [2022-08-11 04:54:34,143] {dag.py:2371} INFO - Sync 1 DAGs
[2022-08-11 04:54:34,163] {logging_mixin.py:115} INFO - [2022-08-11 04:54:34,163] {dag.py:2919} INFO - Setting next_dagrun for example_local_kubernetes_executor to None, run_after=None
[2022-08-11 04:54:34,176] {processor.py:161} INFO - Processing /home/airflow/.local/lib/python3.7/site-packages/airflow/example_dags/example_local_kubernetes_executor.py took 0.090 seconds
[2022-08-11 04:55:06,931] {processor.py:153} INFO - Started process (PID=98427) to work on /home/airflow/.local/lib/python3.7/site-packages/airflow/example_dags/example_local_kubernetes_executor.py
[2022-08-11 04:55:06,936] {processor.py:641} INFO - Processing file /home/airflow/.local/lib/python3.7/site-packages/airflow/example_dags/example_local_kubernetes_executor.py for tasks to queue
[2022-08-11 04:55:06,940] {logging_mixin.py:115} INFO - [2022-08-11 04:55:06,940] {dagbag.py:507} INFO - Filling up the DagBag from /home/airflow/.local/lib/python3.7/site-packages/airflow/example_dags/example_local_kubernetes_executor.py
[2022-08-11 04:55:07,013] {processor.py:651} INFO - DAG(s) dict_keys(['example_local_kubernetes_executor']) retrieved from /home/airflow/.local/lib/python3.7/site-packages/airflow/example_dags/example_local_kubernetes_executor.py
[2022-08-11 04:55:07,107] {logging_mixin.py:115} INFO - [2022-08-11 04:55:07,106] {dag.py:2371} INFO - Sync 1 DAGs
[2022-08-11 04:55:07,166] {logging_mixin.py:115} INFO - [2022-08-11 04:55:07,166] {dag.py:2919} INFO - Setting next_dagrun for example_local_kubernetes_executor to None, run_after=None
[2022-08-11 04:55:07,223] {processor.py:161} INFO - Processing /home/airflow/.local/lib/python3.7/site-packages/airflow/example_dags/example_local_kubernetes_executor.py took 0.302 seconds
[2022-08-11 05:10:42,296] {processor.py:153} INFO - Started process (PID=98498) to work on /home/airflow/.local/lib/python3.7/site-packages/airflow/example_dags/example_local_kubernetes_executor.py
[2022-08-11 05:10:42,299] {processor.py:641} INFO - Processing file /home/airflow/.local/lib/python3.7/site-packages/airflow/example_dags/example_local_kubernetes_executor.py for tasks to queue
[2022-08-11 05:10:42,301] {logging_mixin.py:115} INFO - [2022-08-11 05:10:42,301] {dagbag.py:507} INFO - Filling up the DagBag from /home/airflow/.local/lib/python3.7/site-packages/airflow/example_dags/example_local_kubernetes_executor.py
[2022-08-11 05:10:42,334] {processor.py:651} INFO - DAG(s) dict_keys(['example_local_kubernetes_executor']) retrieved from /home/airflow/.local/lib/python3.7/site-packages/airflow/example_dags/example_local_kubernetes_executor.py
[2022-08-11 05:10:42,378] {logging_mixin.py:115} INFO - [2022-08-11 05:10:42,378] {dag.py:2371} INFO - Sync 1 DAGs
[2022-08-11 05:10:42,414] {logging_mixin.py:115} INFO - [2022-08-11 05:10:42,414] {dag.py:2919} INFO - Setting next_dagrun for example_local_kubernetes_executor to None, run_after=None
[2022-08-11 05:10:42,435] {processor.py:161} INFO - Processing /home/airflow/.local/lib/python3.7/site-packages/airflow/example_dags/example_local_kubernetes_executor.py took 0.145 seconds
[2022-08-11 05:11:17,411] {processor.py:153} INFO - Started process (PID=98550) to work on /home/airflow/.local/lib/python3.7/site-packages/airflow/example_dags/example_local_kubernetes_executor.py
[2022-08-11 05:11:17,415] {processor.py:641} INFO - Processing file /home/airflow/.local/lib/python3.7/site-packages/airflow/example_dags/example_local_kubernetes_executor.py for tasks to queue
[2022-08-11 05:11:17,418] {logging_mixin.py:115} INFO - [2022-08-11 05:11:17,418] {dagbag.py:507} INFO - Filling up the DagBag from /home/airflow/.local/lib/python3.7/site-packages/airflow/example_dags/example_local_kubernetes_executor.py
[2022-08-11 05:11:17,495] {processor.py:651} INFO - DAG(s) dict_keys(['example_local_kubernetes_executor']) retrieved from /home/airflow/.local/lib/python3.7/site-packages/airflow/example_dags/example_local_kubernetes_executor.py
[2022-08-11 05:11:17,612] {logging_mixin.py:115} INFO - [2022-08-11 05:11:17,611] {dag.py:2371} INFO - Sync 1 DAGs
[2022-08-11 05:11:17,691] {logging_mixin.py:115} INFO - [2022-08-11 05:11:17,690] {dag.py:2919} INFO - Setting next_dagrun for example_local_kubernetes_executor to None, run_after=None
[2022-08-11 05:11:17,733] {processor.py:161} INFO - Processing /home/airflow/.local/lib/python3.7/site-packages/airflow/example_dags/example_local_kubernetes_executor.py took 0.341 seconds
[2022-08-11 05:11:48,666] {processor.py:153} INFO - Started process (PID=98603) to work on /home/airflow/.local/lib/python3.7/site-packages/airflow/example_dags/example_local_kubernetes_executor.py
[2022-08-11 05:11:48,673] {processor.py:641} INFO - Processing file /home/airflow/.local/lib/python3.7/site-packages/airflow/example_dags/example_local_kubernetes_executor.py for tasks to queue
[2022-08-11 05:11:48,677] {logging_mixin.py:115} INFO - [2022-08-11 05:11:48,677] {dagbag.py:507} INFO - Filling up the DagBag from /home/airflow/.local/lib/python3.7/site-packages/airflow/example_dags/example_local_kubernetes_executor.py
[2022-08-11 05:11:48,756] {processor.py:651} INFO - DAG(s) dict_keys(['example_local_kubernetes_executor']) retrieved from /home/airflow/.local/lib/python3.7/site-packages/airflow/example_dags/example_local_kubernetes_executor.py
[2022-08-11 05:11:48,847] {logging_mixin.py:115} INFO - [2022-08-11 05:11:48,847] {dag.py:2371} INFO - Sync 1 DAGs
[2022-08-11 05:11:48,956] {logging_mixin.py:115} INFO - [2022-08-11 05:11:48,956] {dag.py:2919} INFO - Setting next_dagrun for example_local_kubernetes_executor to None, run_after=None
[2022-08-11 05:11:48,998] {processor.py:161} INFO - Processing /home/airflow/.local/lib/python3.7/site-packages/airflow/example_dags/example_local_kubernetes_executor.py took 0.355 seconds
[2022-08-11 05:16:43,650] {processor.py:153} INFO - Started process (PID=98647) to work on /home/airflow/.local/lib/python3.7/site-packages/airflow/example_dags/example_local_kubernetes_executor.py
[2022-08-11 05:16:43,652] {processor.py:641} INFO - Processing file /home/airflow/.local/lib/python3.7/site-packages/airflow/example_dags/example_local_kubernetes_executor.py for tasks to queue
[2022-08-11 05:16:43,653] {logging_mixin.py:115} INFO - [2022-08-11 05:16:43,653] {dagbag.py:507} INFO - Filling up the DagBag from /home/airflow/.local/lib/python3.7/site-packages/airflow/example_dags/example_local_kubernetes_executor.py
[2022-08-11 05:16:43,674] {processor.py:651} INFO - DAG(s) dict_keys(['example_local_kubernetes_executor']) retrieved from /home/airflow/.local/lib/python3.7/site-packages/airflow/example_dags/example_local_kubernetes_executor.py
[2022-08-11 05:16:43,705] {logging_mixin.py:115} INFO - [2022-08-11 05:16:43,704] {dag.py:2371} INFO - Sync 1 DAGs
[2022-08-11 05:16:43,727] {logging_mixin.py:115} INFO - [2022-08-11 05:16:43,727] {dag.py:2919} INFO - Setting next_dagrun for example_local_kubernetes_executor to None, run_after=None
[2022-08-11 05:16:43,741] {processor.py:161} INFO - Processing /home/airflow/.local/lib/python3.7/site-packages/airflow/example_dags/example_local_kubernetes_executor.py took 0.096 seconds
[2022-08-11 05:17:17,048] {processor.py:153} INFO - Started process (PID=98700) to work on /home/airflow/.local/lib/python3.7/site-packages/airflow/example_dags/example_local_kubernetes_executor.py
[2022-08-11 05:17:17,053] {processor.py:641} INFO - Processing file /home/airflow/.local/lib/python3.7/site-packages/airflow/example_dags/example_local_kubernetes_executor.py for tasks to queue
[2022-08-11 05:17:17,057] {logging_mixin.py:115} INFO - [2022-08-11 05:17:17,056] {dagbag.py:507} INFO - Filling up the DagBag from /home/airflow/.local/lib/python3.7/site-packages/airflow/example_dags/example_local_kubernetes_executor.py
[2022-08-11 05:17:17,116] {processor.py:651} INFO - DAG(s) dict_keys(['example_local_kubernetes_executor']) retrieved from /home/airflow/.local/lib/python3.7/site-packages/airflow/example_dags/example_local_kubernetes_executor.py
[2022-08-11 05:17:17,193] {logging_mixin.py:115} INFO - [2022-08-11 05:17:17,193] {dag.py:2371} INFO - Sync 1 DAGs
[2022-08-11 05:17:17,247] {logging_mixin.py:115} INFO - [2022-08-11 05:17:17,247] {dag.py:2919} INFO - Setting next_dagrun for example_local_kubernetes_executor to None, run_after=None
[2022-08-11 05:17:17,290] {processor.py:161} INFO - Processing /home/airflow/.local/lib/python3.7/site-packages/airflow/example_dags/example_local_kubernetes_executor.py took 0.271 seconds
[2022-08-11 05:22:15,603] {processor.py:153} INFO - Started process (PID=98753) to work on /home/airflow/.local/lib/python3.7/site-packages/airflow/example_dags/example_local_kubernetes_executor.py
[2022-08-11 05:22:15,605] {processor.py:641} INFO - Processing file /home/airflow/.local/lib/python3.7/site-packages/airflow/example_dags/example_local_kubernetes_executor.py for tasks to queue
[2022-08-11 05:22:15,606] {logging_mixin.py:115} INFO - [2022-08-11 05:22:15,606] {dagbag.py:507} INFO - Filling up the DagBag from /home/airflow/.local/lib/python3.7/site-packages/airflow/example_dags/example_local_kubernetes_executor.py
[2022-08-11 05:22:15,627] {processor.py:651} INFO - DAG(s) dict_keys(['example_local_kubernetes_executor']) retrieved from /home/airflow/.local/lib/python3.7/site-packages/airflow/example_dags/example_local_kubernetes_executor.py
[2022-08-11 05:22:15,656] {logging_mixin.py:115} INFO - [2022-08-11 05:22:15,656] {dag.py:2371} INFO - Sync 1 DAGs
[2022-08-11 05:22:15,678] {logging_mixin.py:115} INFO - [2022-08-11 05:22:15,678] {dag.py:2919} INFO - Setting next_dagrun for example_local_kubernetes_executor to None, run_after=None
[2022-08-11 05:22:15,694] {processor.py:161} INFO - Processing /home/airflow/.local/lib/python3.7/site-packages/airflow/example_dags/example_local_kubernetes_executor.py took 0.095 seconds
[2022-08-11 05:22:48,430] {processor.py:153} INFO - Started process (PID=98805) to work on /home/airflow/.local/lib/python3.7/site-packages/airflow/example_dags/example_local_kubernetes_executor.py
[2022-08-11 05:22:48,433] {processor.py:641} INFO - Processing file /home/airflow/.local/lib/python3.7/site-packages/airflow/example_dags/example_local_kubernetes_executor.py for tasks to queue
[2022-08-11 05:22:48,436] {logging_mixin.py:115} INFO - [2022-08-11 05:22:48,436] {dagbag.py:507} INFO - Filling up the DagBag from /home/airflow/.local/lib/python3.7/site-packages/airflow/example_dags/example_local_kubernetes_executor.py
[2022-08-11 05:22:48,508] {processor.py:651} INFO - DAG(s) dict_keys(['example_local_kubernetes_executor']) retrieved from /home/airflow/.local/lib/python3.7/site-packages/airflow/example_dags/example_local_kubernetes_executor.py
[2022-08-11 05:22:48,653] {logging_mixin.py:115} INFO - [2022-08-11 05:22:48,652] {dag.py:2371} INFO - Sync 1 DAGs
[2022-08-11 05:22:48,755] {logging_mixin.py:115} INFO - [2022-08-11 05:22:48,755] {dag.py:2919} INFO - Setting next_dagrun for example_local_kubernetes_executor to None, run_after=None
[2022-08-11 05:22:48,805] {processor.py:161} INFO - Processing /home/airflow/.local/lib/python3.7/site-packages/airflow/example_dags/example_local_kubernetes_executor.py took 0.385 seconds
[2022-08-11 05:27:49,691] {processor.py:153} INFO - Started process (PID=98859) to work on /home/airflow/.local/lib/python3.7/site-packages/airflow/example_dags/example_local_kubernetes_executor.py
[2022-08-11 05:27:49,693] {processor.py:641} INFO - Processing file /home/airflow/.local/lib/python3.7/site-packages/airflow/example_dags/example_local_kubernetes_executor.py for tasks to queue
[2022-08-11 05:27:49,694] {logging_mixin.py:115} INFO - [2022-08-11 05:27:49,694] {dagbag.py:507} INFO - Filling up the DagBag from /home/airflow/.local/lib/python3.7/site-packages/airflow/example_dags/example_local_kubernetes_executor.py
[2022-08-11 05:27:49,736] {processor.py:651} INFO - DAG(s) dict_keys(['example_local_kubernetes_executor']) retrieved from /home/airflow/.local/lib/python3.7/site-packages/airflow/example_dags/example_local_kubernetes_executor.py
[2022-08-11 05:27:49,801] {logging_mixin.py:115} INFO - [2022-08-11 05:27:49,800] {dag.py:2371} INFO - Sync 1 DAGs
[2022-08-11 05:27:49,839] {logging_mixin.py:115} INFO - [2022-08-11 05:27:49,838] {dag.py:2919} INFO - Setting next_dagrun for example_local_kubernetes_executor to None, run_after=None
[2022-08-11 05:27:49,862] {processor.py:161} INFO - Processing /home/airflow/.local/lib/python3.7/site-packages/airflow/example_dags/example_local_kubernetes_executor.py took 0.176 seconds
[2022-08-11 05:28:21,393] {processor.py:153} INFO - Started process (PID=98911) to work on /home/airflow/.local/lib/python3.7/site-packages/airflow/example_dags/example_local_kubernetes_executor.py
[2022-08-11 05:28:21,396] {processor.py:641} INFO - Processing file /home/airflow/.local/lib/python3.7/site-packages/airflow/example_dags/example_local_kubernetes_executor.py for tasks to queue
[2022-08-11 05:28:21,399] {logging_mixin.py:115} INFO - [2022-08-11 05:28:21,399] {dagbag.py:507} INFO - Filling up the DagBag from /home/airflow/.local/lib/python3.7/site-packages/airflow/example_dags/example_local_kubernetes_executor.py
[2022-08-11 05:28:21,457] {processor.py:651} INFO - DAG(s) dict_keys(['example_local_kubernetes_executor']) retrieved from /home/airflow/.local/lib/python3.7/site-packages/airflow/example_dags/example_local_kubernetes_executor.py
[2022-08-11 05:28:21,528] {logging_mixin.py:115} INFO - [2022-08-11 05:28:21,528] {dag.py:2371} INFO - Sync 1 DAGs
[2022-08-11 05:28:21,593] {logging_mixin.py:115} INFO - [2022-08-11 05:28:21,593] {dag.py:2919} INFO - Setting next_dagrun for example_local_kubernetes_executor to None, run_after=None
[2022-08-11 05:28:21,641] {processor.py:161} INFO - Processing /home/airflow/.local/lib/python3.7/site-packages/airflow/example_dags/example_local_kubernetes_executor.py took 0.257 seconds
[2022-08-11 05:33:22,733] {processor.py:153} INFO - Started process (PID=98964) to work on /home/airflow/.local/lib/python3.7/site-packages/airflow/example_dags/example_local_kubernetes_executor.py
[2022-08-11 05:33:22,735] {processor.py:641} INFO - Processing file /home/airflow/.local/lib/python3.7/site-packages/airflow/example_dags/example_local_kubernetes_executor.py for tasks to queue
[2022-08-11 05:33:22,737] {logging_mixin.py:115} INFO - [2022-08-11 05:33:22,737] {dagbag.py:507} INFO - Filling up the DagBag from /home/airflow/.local/lib/python3.7/site-packages/airflow/example_dags/example_local_kubernetes_executor.py
[2022-08-11 05:33:22,773] {processor.py:651} INFO - DAG(s) dict_keys(['example_local_kubernetes_executor']) retrieved from /home/airflow/.local/lib/python3.7/site-packages/airflow/example_dags/example_local_kubernetes_executor.py
[2022-08-11 05:33:22,815] {logging_mixin.py:115} INFO - [2022-08-11 05:33:22,813] {dag.py:2371} INFO - Sync 1 DAGs
[2022-08-11 05:33:22,841] {logging_mixin.py:115} INFO - [2022-08-11 05:33:22,841] {dag.py:2919} INFO - Setting next_dagrun for example_local_kubernetes_executor to None, run_after=None
[2022-08-11 05:33:22,860] {processor.py:161} INFO - Processing /home/airflow/.local/lib/python3.7/site-packages/airflow/example_dags/example_local_kubernetes_executor.py took 0.131 seconds
[2022-08-11 05:33:54,382] {processor.py:153} INFO - Started process (PID=99017) to work on /home/airflow/.local/lib/python3.7/site-packages/airflow/example_dags/example_local_kubernetes_executor.py
[2022-08-11 05:33:54,386] {processor.py:641} INFO - Processing file /home/airflow/.local/lib/python3.7/site-packages/airflow/example_dags/example_local_kubernetes_executor.py for tasks to queue
[2022-08-11 05:33:54,389] {logging_mixin.py:115} INFO - [2022-08-11 05:33:54,389] {dagbag.py:507} INFO - Filling up the DagBag from /home/airflow/.local/lib/python3.7/site-packages/airflow/example_dags/example_local_kubernetes_executor.py
[2022-08-11 05:33:54,448] {processor.py:651} INFO - DAG(s) dict_keys(['example_local_kubernetes_executor']) retrieved from /home/airflow/.local/lib/python3.7/site-packages/airflow/example_dags/example_local_kubernetes_executor.py
[2022-08-11 05:33:54,525] {logging_mixin.py:115} INFO - [2022-08-11 05:33:54,525] {dag.py:2371} INFO - Sync 1 DAGs
[2022-08-11 05:33:54,583] {logging_mixin.py:115} INFO - [2022-08-11 05:33:54,583] {dag.py:2919} INFO - Setting next_dagrun for example_local_kubernetes_executor to None, run_after=None
[2022-08-11 05:33:54,629] {processor.py:161} INFO - Processing /home/airflow/.local/lib/python3.7/site-packages/airflow/example_dags/example_local_kubernetes_executor.py took 0.258 seconds
[2022-08-11 05:38:54,557] {processor.py:153} INFO - Started process (PID=99068) to work on /home/airflow/.local/lib/python3.7/site-packages/airflow/example_dags/example_local_kubernetes_executor.py
[2022-08-11 05:38:54,559] {processor.py:641} INFO - Processing file /home/airflow/.local/lib/python3.7/site-packages/airflow/example_dags/example_local_kubernetes_executor.py for tasks to queue
[2022-08-11 05:38:54,561] {logging_mixin.py:115} INFO - [2022-08-11 05:38:54,561] {dagbag.py:507} INFO - Filling up the DagBag from /home/airflow/.local/lib/python3.7/site-packages/airflow/example_dags/example_local_kubernetes_executor.py
[2022-08-11 05:38:54,632] {processor.py:651} INFO - DAG(s) dict_keys(['example_local_kubernetes_executor']) retrieved from /home/airflow/.local/lib/python3.7/site-packages/airflow/example_dags/example_local_kubernetes_executor.py
[2022-08-11 05:38:54,682] {logging_mixin.py:115} INFO - [2022-08-11 05:38:54,681] {dag.py:2371} INFO - Sync 1 DAGs
[2022-08-11 05:38:54,708] {logging_mixin.py:115} INFO - [2022-08-11 05:38:54,708] {dag.py:2919} INFO - Setting next_dagrun for example_local_kubernetes_executor to None, run_after=None
[2022-08-11 05:38:54,726] {processor.py:161} INFO - Processing /home/airflow/.local/lib/python3.7/site-packages/airflow/example_dags/example_local_kubernetes_executor.py took 0.179 seconds
[2022-08-11 05:39:26,910] {processor.py:153} INFO - Started process (PID=99121) to work on /home/airflow/.local/lib/python3.7/site-packages/airflow/example_dags/example_local_kubernetes_executor.py
[2022-08-11 05:39:26,916] {processor.py:641} INFO - Processing file /home/airflow/.local/lib/python3.7/site-packages/airflow/example_dags/example_local_kubernetes_executor.py for tasks to queue
[2022-08-11 05:39:26,921] {logging_mixin.py:115} INFO - [2022-08-11 05:39:26,920] {dagbag.py:507} INFO - Filling up the DagBag from /home/airflow/.local/lib/python3.7/site-packages/airflow/example_dags/example_local_kubernetes_executor.py
[2022-08-11 05:39:27,006] {processor.py:651} INFO - DAG(s) dict_keys(['example_local_kubernetes_executor']) retrieved from /home/airflow/.local/lib/python3.7/site-packages/airflow/example_dags/example_local_kubernetes_executor.py
[2022-08-11 05:39:27,099] {logging_mixin.py:115} INFO - [2022-08-11 05:39:27,099] {dag.py:2371} INFO - Sync 1 DAGs
[2022-08-11 05:39:27,191] {logging_mixin.py:115} INFO - [2022-08-11 05:39:27,191] {dag.py:2919} INFO - Setting next_dagrun for example_local_kubernetes_executor to None, run_after=None
[2022-08-11 05:39:27,241] {processor.py:161} INFO - Processing /home/airflow/.local/lib/python3.7/site-packages/airflow/example_dags/example_local_kubernetes_executor.py took 0.348 seconds
[2022-08-11 05:44:27,596] {processor.py:153} INFO - Started process (PID=99176) to work on /home/airflow/.local/lib/python3.7/site-packages/airflow/example_dags/example_local_kubernetes_executor.py
[2022-08-11 05:44:27,597] {processor.py:641} INFO - Processing file /home/airflow/.local/lib/python3.7/site-packages/airflow/example_dags/example_local_kubernetes_executor.py for tasks to queue
[2022-08-11 05:44:27,599] {logging_mixin.py:115} INFO - [2022-08-11 05:44:27,599] {dagbag.py:507} INFO - Filling up the DagBag from /home/airflow/.local/lib/python3.7/site-packages/airflow/example_dags/example_local_kubernetes_executor.py
[2022-08-11 05:44:27,625] {processor.py:651} INFO - DAG(s) dict_keys(['example_local_kubernetes_executor']) retrieved from /home/airflow/.local/lib/python3.7/site-packages/airflow/example_dags/example_local_kubernetes_executor.py
[2022-08-11 05:44:27,654] {logging_mixin.py:115} INFO - [2022-08-11 05:44:27,654] {dag.py:2371} INFO - Sync 1 DAGs
[2022-08-11 05:44:27,678] {logging_mixin.py:115} INFO - [2022-08-11 05:44:27,678] {dag.py:2919} INFO - Setting next_dagrun for example_local_kubernetes_executor to None, run_after=None
[2022-08-11 05:44:27,690] {processor.py:161} INFO - Processing /home/airflow/.local/lib/python3.7/site-packages/airflow/example_dags/example_local_kubernetes_executor.py took 0.098 seconds
[2022-08-11 05:45:00,659] {processor.py:153} INFO - Started process (PID=99228) to work on /home/airflow/.local/lib/python3.7/site-packages/airflow/example_dags/example_local_kubernetes_executor.py
[2022-08-11 05:45:00,662] {processor.py:641} INFO - Processing file /home/airflow/.local/lib/python3.7/site-packages/airflow/example_dags/example_local_kubernetes_executor.py for tasks to queue
[2022-08-11 05:45:00,665] {logging_mixin.py:115} INFO - [2022-08-11 05:45:00,665] {dagbag.py:507} INFO - Filling up the DagBag from /home/airflow/.local/lib/python3.7/site-packages/airflow/example_dags/example_local_kubernetes_executor.py
[2022-08-11 05:45:00,720] {processor.py:651} INFO - DAG(s) dict_keys(['example_local_kubernetes_executor']) retrieved from /home/airflow/.local/lib/python3.7/site-packages/airflow/example_dags/example_local_kubernetes_executor.py
[2022-08-11 05:45:00,793] {logging_mixin.py:115} INFO - [2022-08-11 05:45:00,793] {dag.py:2371} INFO - Sync 1 DAGs
[2022-08-11 05:45:00,848] {logging_mixin.py:115} INFO - [2022-08-11 05:45:00,848] {dag.py:2919} INFO - Setting next_dagrun for example_local_kubernetes_executor to None, run_after=None
[2022-08-11 05:45:00,885] {processor.py:161} INFO - Processing /home/airflow/.local/lib/python3.7/site-packages/airflow/example_dags/example_local_kubernetes_executor.py took 0.236 seconds
[2022-08-11 05:50:03,073] {processor.py:153} INFO - Started process (PID=99280) to work on /home/airflow/.local/lib/python3.7/site-packages/airflow/example_dags/example_local_kubernetes_executor.py
[2022-08-11 05:50:03,075] {processor.py:641} INFO - Processing file /home/airflow/.local/lib/python3.7/site-packages/airflow/example_dags/example_local_kubernetes_executor.py for tasks to queue
[2022-08-11 05:50:03,077] {logging_mixin.py:115} INFO - [2022-08-11 05:50:03,076] {dagbag.py:507} INFO - Filling up the DagBag from /home/airflow/.local/lib/python3.7/site-packages/airflow/example_dags/example_local_kubernetes_executor.py
[2022-08-11 05:50:03,107] {processor.py:651} INFO - DAG(s) dict_keys(['example_local_kubernetes_executor']) retrieved from /home/airflow/.local/lib/python3.7/site-packages/airflow/example_dags/example_local_kubernetes_executor.py
[2022-08-11 05:50:03,146] {logging_mixin.py:115} INFO - [2022-08-11 05:50:03,146] {dag.py:2371} INFO - Sync 1 DAGs
[2022-08-11 05:50:03,174] {logging_mixin.py:115} INFO - [2022-08-11 05:50:03,174] {dag.py:2919} INFO - Setting next_dagrun for example_local_kubernetes_executor to None, run_after=None
[2022-08-11 05:50:03,204] {processor.py:161} INFO - Processing /home/airflow/.local/lib/python3.7/site-packages/airflow/example_dags/example_local_kubernetes_executor.py took 0.140 seconds
[2022-08-11 05:50:35,506] {processor.py:153} INFO - Started process (PID=99333) to work on /home/airflow/.local/lib/python3.7/site-packages/airflow/example_dags/example_local_kubernetes_executor.py
[2022-08-11 05:50:35,510] {processor.py:641} INFO - Processing file /home/airflow/.local/lib/python3.7/site-packages/airflow/example_dags/example_local_kubernetes_executor.py for tasks to queue
[2022-08-11 05:50:35,513] {logging_mixin.py:115} INFO - [2022-08-11 05:50:35,513] {dagbag.py:507} INFO - Filling up the DagBag from /home/airflow/.local/lib/python3.7/site-packages/airflow/example_dags/example_local_kubernetes_executor.py
[2022-08-11 05:50:35,571] {processor.py:651} INFO - DAG(s) dict_keys(['example_local_kubernetes_executor']) retrieved from /home/airflow/.local/lib/python3.7/site-packages/airflow/example_dags/example_local_kubernetes_executor.py
[2022-08-11 05:50:35,645] {logging_mixin.py:115} INFO - [2022-08-11 05:50:35,645] {dag.py:2371} INFO - Sync 1 DAGs
[2022-08-11 05:50:35,709] {logging_mixin.py:115} INFO - [2022-08-11 05:50:35,709] {dag.py:2919} INFO - Setting next_dagrun for example_local_kubernetes_executor to None, run_after=None
[2022-08-11 05:50:35,739] {processor.py:161} INFO - Processing /home/airflow/.local/lib/python3.7/site-packages/airflow/example_dags/example_local_kubernetes_executor.py took 0.243 seconds
[2022-08-11 05:55:35,741] {processor.py:153} INFO - Started process (PID=99385) to work on /home/airflow/.local/lib/python3.7/site-packages/airflow/example_dags/example_local_kubernetes_executor.py
[2022-08-11 05:55:35,742] {processor.py:641} INFO - Processing file /home/airflow/.local/lib/python3.7/site-packages/airflow/example_dags/example_local_kubernetes_executor.py for tasks to queue
[2022-08-11 05:55:35,744] {logging_mixin.py:115} INFO - [2022-08-11 05:55:35,744] {dagbag.py:507} INFO - Filling up the DagBag from /home/airflow/.local/lib/python3.7/site-packages/airflow/example_dags/example_local_kubernetes_executor.py
[2022-08-11 05:55:35,767] {processor.py:651} INFO - DAG(s) dict_keys(['example_local_kubernetes_executor']) retrieved from /home/airflow/.local/lib/python3.7/site-packages/airflow/example_dags/example_local_kubernetes_executor.py
[2022-08-11 05:55:35,801] {logging_mixin.py:115} INFO - [2022-08-11 05:55:35,801] {dag.py:2371} INFO - Sync 1 DAGs
[2022-08-11 05:55:35,827] {logging_mixin.py:115} INFO - [2022-08-11 05:55:35,827] {dag.py:2919} INFO - Setting next_dagrun for example_local_kubernetes_executor to None, run_after=None
[2022-08-11 05:55:35,843] {processor.py:161} INFO - Processing /home/airflow/.local/lib/python3.7/site-packages/airflow/example_dags/example_local_kubernetes_executor.py took 0.106 seconds
[2022-08-11 05:56:07,974] {processor.py:153} INFO - Started process (PID=99438) to work on /home/airflow/.local/lib/python3.7/site-packages/airflow/example_dags/example_local_kubernetes_executor.py
[2022-08-11 05:56:07,978] {processor.py:641} INFO - Processing file /home/airflow/.local/lib/python3.7/site-packages/airflow/example_dags/example_local_kubernetes_executor.py for tasks to queue
[2022-08-11 05:56:07,982] {logging_mixin.py:115} INFO - [2022-08-11 05:56:07,982] {dagbag.py:507} INFO - Filling up the DagBag from /home/airflow/.local/lib/python3.7/site-packages/airflow/example_dags/example_local_kubernetes_executor.py
[2022-08-11 05:56:08,053] {processor.py:651} INFO - DAG(s) dict_keys(['example_local_kubernetes_executor']) retrieved from /home/airflow/.local/lib/python3.7/site-packages/airflow/example_dags/example_local_kubernetes_executor.py
[2022-08-11 05:56:08,131] {logging_mixin.py:115} INFO - [2022-08-11 05:56:08,131] {dag.py:2371} INFO - Sync 1 DAGs
[2022-08-11 05:56:08,192] {logging_mixin.py:115} INFO - [2022-08-11 05:56:08,191] {dag.py:2919} INFO - Setting next_dagrun for example_local_kubernetes_executor to None, run_after=None
[2022-08-11 05:56:08,233] {processor.py:161} INFO - Processing /home/airflow/.local/lib/python3.7/site-packages/airflow/example_dags/example_local_kubernetes_executor.py took 0.271 seconds
[2022-08-11 06:01:08,789] {processor.py:153} INFO - Started process (PID=99491) to work on /home/airflow/.local/lib/python3.7/site-packages/airflow/example_dags/example_local_kubernetes_executor.py
[2022-08-11 06:01:08,791] {processor.py:641} INFO - Processing file /home/airflow/.local/lib/python3.7/site-packages/airflow/example_dags/example_local_kubernetes_executor.py for tasks to queue
[2022-08-11 06:01:08,793] {logging_mixin.py:115} INFO - [2022-08-11 06:01:08,793] {dagbag.py:507} INFO - Filling up the DagBag from /home/airflow/.local/lib/python3.7/site-packages/airflow/example_dags/example_local_kubernetes_executor.py
[2022-08-11 06:01:08,823] {processor.py:651} INFO - DAG(s) dict_keys(['example_local_kubernetes_executor']) retrieved from /home/airflow/.local/lib/python3.7/site-packages/airflow/example_dags/example_local_kubernetes_executor.py
[2022-08-11 06:01:08,856] {logging_mixin.py:115} INFO - [2022-08-11 06:01:08,855] {dag.py:2371} INFO - Sync 1 DAGs
[2022-08-11 06:01:08,879] {logging_mixin.py:115} INFO - [2022-08-11 06:01:08,879] {dag.py:2919} INFO - Setting next_dagrun for example_local_kubernetes_executor to None, run_after=None
[2022-08-11 06:01:08,897] {processor.py:161} INFO - Processing /home/airflow/.local/lib/python3.7/site-packages/airflow/example_dags/example_local_kubernetes_executor.py took 0.113 seconds
[2022-08-11 06:01:41,799] {processor.py:153} INFO - Started process (PID=99543) to work on /home/airflow/.local/lib/python3.7/site-packages/airflow/example_dags/example_local_kubernetes_executor.py
[2022-08-11 06:01:41,803] {processor.py:641} INFO - Processing file /home/airflow/.local/lib/python3.7/site-packages/airflow/example_dags/example_local_kubernetes_executor.py for tasks to queue
[2022-08-11 06:01:41,809] {logging_mixin.py:115} INFO - [2022-08-11 06:01:41,807] {dagbag.py:507} INFO - Filling up the DagBag from /home/airflow/.local/lib/python3.7/site-packages/airflow/example_dags/example_local_kubernetes_executor.py
[2022-08-11 06:01:41,866] {processor.py:651} INFO - DAG(s) dict_keys(['example_local_kubernetes_executor']) retrieved from /home/airflow/.local/lib/python3.7/site-packages/airflow/example_dags/example_local_kubernetes_executor.py
[2022-08-11 06:01:41,941] {logging_mixin.py:115} INFO - [2022-08-11 06:01:41,941] {dag.py:2371} INFO - Sync 1 DAGs
[2022-08-11 06:01:41,994] {logging_mixin.py:115} INFO - [2022-08-11 06:01:41,994] {dag.py:2919} INFO - Setting next_dagrun for example_local_kubernetes_executor to None, run_after=None
[2022-08-11 06:01:42,028] {processor.py:161} INFO - Processing /home/airflow/.local/lib/python3.7/site-packages/airflow/example_dags/example_local_kubernetes_executor.py took 0.238 seconds
[2022-08-11 06:05:38,066] {processor.py:153} INFO - Started process (PID=99595) to work on /home/airflow/.local/lib/python3.7/site-packages/airflow/example_dags/example_local_kubernetes_executor.py
[2022-08-11 06:05:38,068] {processor.py:641} INFO - Processing file /home/airflow/.local/lib/python3.7/site-packages/airflow/example_dags/example_local_kubernetes_executor.py for tasks to queue
[2022-08-11 06:05:38,069] {logging_mixin.py:115} INFO - [2022-08-11 06:05:38,069] {dagbag.py:507} INFO - Filling up the DagBag from /home/airflow/.local/lib/python3.7/site-packages/airflow/example_dags/example_local_kubernetes_executor.py
[2022-08-11 06:05:38,108] {processor.py:651} INFO - DAG(s) dict_keys(['example_local_kubernetes_executor']) retrieved from /home/airflow/.local/lib/python3.7/site-packages/airflow/example_dags/example_local_kubernetes_executor.py
[2022-08-11 06:05:38,151] {logging_mixin.py:115} INFO - [2022-08-11 06:05:38,151] {dag.py:2371} INFO - Sync 1 DAGs
[2022-08-11 06:05:38,178] {logging_mixin.py:115} INFO - [2022-08-11 06:05:38,178] {dag.py:2919} INFO - Setting next_dagrun for example_local_kubernetes_executor to None, run_after=None
[2022-08-11 06:05:38,195] {processor.py:161} INFO - Processing /home/airflow/.local/lib/python3.7/site-packages/airflow/example_dags/example_local_kubernetes_executor.py took 0.133 seconds
[2022-08-11 06:10:50,100] {processor.py:153} INFO - Started process (PID=99639) to work on /home/airflow/.local/lib/python3.7/site-packages/airflow/example_dags/example_local_kubernetes_executor.py
[2022-08-11 06:10:50,102] {processor.py:641} INFO - Processing file /home/airflow/.local/lib/python3.7/site-packages/airflow/example_dags/example_local_kubernetes_executor.py for tasks to queue
[2022-08-11 06:10:50,103] {logging_mixin.py:115} INFO - [2022-08-11 06:10:50,103] {dagbag.py:507} INFO - Filling up the DagBag from /home/airflow/.local/lib/python3.7/site-packages/airflow/example_dags/example_local_kubernetes_executor.py
[2022-08-11 06:10:50,146] {processor.py:651} INFO - DAG(s) dict_keys(['example_local_kubernetes_executor']) retrieved from /home/airflow/.local/lib/python3.7/site-packages/airflow/example_dags/example_local_kubernetes_executor.py
[2022-08-11 06:10:50,203] {logging_mixin.py:115} INFO - [2022-08-11 06:10:50,203] {dag.py:2371} INFO - Sync 1 DAGs
[2022-08-11 06:10:50,248] {logging_mixin.py:115} INFO - [2022-08-11 06:10:50,248] {dag.py:2919} INFO - Setting next_dagrun for example_local_kubernetes_executor to None, run_after=None
[2022-08-11 06:10:50,267] {processor.py:161} INFO - Processing /home/airflow/.local/lib/python3.7/site-packages/airflow/example_dags/example_local_kubernetes_executor.py took 0.171 seconds
[2022-08-11 07:20:26,236] {processor.py:153} INFO - Started process (PID=99699) to work on /home/airflow/.local/lib/python3.7/site-packages/airflow/example_dags/example_local_kubernetes_executor.py
[2022-08-11 07:20:26,257] {processor.py:641} INFO - Processing file /home/airflow/.local/lib/python3.7/site-packages/airflow/example_dags/example_local_kubernetes_executor.py for tasks to queue
[2022-08-11 07:20:26,262] {logging_mixin.py:115} INFO - [2022-08-11 07:20:26,262] {dagbag.py:507} INFO - Filling up the DagBag from /home/airflow/.local/lib/python3.7/site-packages/airflow/example_dags/example_local_kubernetes_executor.py
[2022-08-11 07:20:26,300] {processor.py:651} INFO - DAG(s) dict_keys(['example_local_kubernetes_executor']) retrieved from /home/airflow/.local/lib/python3.7/site-packages/airflow/example_dags/example_local_kubernetes_executor.py
[2022-08-11 07:20:26,338] {logging_mixin.py:115} INFO - [2022-08-11 07:20:26,338] {dag.py:2371} INFO - Sync 1 DAGs
[2022-08-11 07:20:26,385] {logging_mixin.py:115} INFO - [2022-08-11 07:20:26,384] {dag.py:2919} INFO - Setting next_dagrun for example_local_kubernetes_executor to None, run_after=None
[2022-08-11 07:20:26,411] {processor.py:161} INFO - Processing /home/airflow/.local/lib/python3.7/site-packages/airflow/example_dags/example_local_kubernetes_executor.py took 0.180 seconds
[2022-08-11 10:56:33,204] {processor.py:153} INFO - Started process (PID=99751) to work on /home/airflow/.local/lib/python3.7/site-packages/airflow/example_dags/example_local_kubernetes_executor.py
[2022-08-11 10:56:33,208] {processor.py:641} INFO - Processing file /home/airflow/.local/lib/python3.7/site-packages/airflow/example_dags/example_local_kubernetes_executor.py for tasks to queue
[2022-08-11 10:56:33,209] {logging_mixin.py:115} INFO - [2022-08-11 10:56:33,209] {dagbag.py:507} INFO - Filling up the DagBag from /home/airflow/.local/lib/python3.7/site-packages/airflow/example_dags/example_local_kubernetes_executor.py
[2022-08-11 10:56:33,245] {processor.py:651} INFO - DAG(s) dict_keys(['example_local_kubernetes_executor']) retrieved from /home/airflow/.local/lib/python3.7/site-packages/airflow/example_dags/example_local_kubernetes_executor.py
[2022-08-11 10:56:33,285] {logging_mixin.py:115} INFO - [2022-08-11 10:56:33,285] {dag.py:2371} INFO - Sync 1 DAGs
[2022-08-11 10:56:33,329] {logging_mixin.py:115} INFO - [2022-08-11 10:56:33,328] {dag.py:2919} INFO - Setting next_dagrun for example_local_kubernetes_executor to None, run_after=None
[2022-08-11 10:56:33,347] {processor.py:161} INFO - Processing /home/airflow/.local/lib/python3.7/site-packages/airflow/example_dags/example_local_kubernetes_executor.py took 0.154 seconds
[2022-08-11 12:44:56,551] {processor.py:153} INFO - Started process (PID=99812) to work on /home/airflow/.local/lib/python3.7/site-packages/airflow/example_dags/example_local_kubernetes_executor.py
[2022-08-11 12:44:56,553] {processor.py:641} INFO - Processing file /home/airflow/.local/lib/python3.7/site-packages/airflow/example_dags/example_local_kubernetes_executor.py for tasks to queue
[2022-08-11 12:44:56,555] {logging_mixin.py:115} INFO - [2022-08-11 12:44:56,555] {dagbag.py:507} INFO - Filling up the DagBag from /home/airflow/.local/lib/python3.7/site-packages/airflow/example_dags/example_local_kubernetes_executor.py
[2022-08-11 12:44:56,614] {processor.py:651} INFO - DAG(s) dict_keys(['example_local_kubernetes_executor']) retrieved from /home/airflow/.local/lib/python3.7/site-packages/airflow/example_dags/example_local_kubernetes_executor.py
[2022-08-11 12:44:56,694] {logging_mixin.py:115} INFO - [2022-08-11 12:44:56,694] {dag.py:2371} INFO - Sync 1 DAGs
[2022-08-11 12:44:56,752] {logging_mixin.py:115} INFO - [2022-08-11 12:44:56,752] {dag.py:2919} INFO - Setting next_dagrun for example_local_kubernetes_executor to None, run_after=None
[2022-08-11 12:44:56,783] {processor.py:161} INFO - Processing /home/airflow/.local/lib/python3.7/site-packages/airflow/example_dags/example_local_kubernetes_executor.py took 0.236 seconds
[2022-08-11 16:20:56,124] {processor.py:153} INFO - Started process (PID=99856) to work on /home/airflow/.local/lib/python3.7/site-packages/airflow/example_dags/example_local_kubernetes_executor.py
[2022-08-11 16:20:56,126] {processor.py:641} INFO - Processing file /home/airflow/.local/lib/python3.7/site-packages/airflow/example_dags/example_local_kubernetes_executor.py for tasks to queue
[2022-08-11 16:20:56,128] {logging_mixin.py:115} INFO - [2022-08-11 16:20:56,128] {dagbag.py:507} INFO - Filling up the DagBag from /home/airflow/.local/lib/python3.7/site-packages/airflow/example_dags/example_local_kubernetes_executor.py
[2022-08-11 16:20:56,168] {processor.py:651} INFO - DAG(s) dict_keys(['example_local_kubernetes_executor']) retrieved from /home/airflow/.local/lib/python3.7/site-packages/airflow/example_dags/example_local_kubernetes_executor.py
[2022-08-11 16:20:56,205] {logging_mixin.py:115} INFO - [2022-08-11 16:20:56,205] {dag.py:2371} INFO - Sync 1 DAGs
[2022-08-11 16:20:56,239] {logging_mixin.py:115} INFO - [2022-08-11 16:20:56,239] {dag.py:2919} INFO - Setting next_dagrun for example_local_kubernetes_executor to None, run_after=None
[2022-08-11 16:20:56,267] {processor.py:161} INFO - Processing /home/airflow/.local/lib/python3.7/site-packages/airflow/example_dags/example_local_kubernetes_executor.py took 0.148 seconds
