[2022-08-17 00:09:04,862] {processor.py:153} INFO - Started process (PID=16210) to work on /home/airflow/.local/lib/python3.7/site-packages/airflow/example_dags/example_skip_dag.py
[2022-08-17 00:09:04,864] {processor.py:641} INFO - Processing file /home/airflow/.local/lib/python3.7/site-packages/airflow/example_dags/example_skip_dag.py for tasks to queue
[2022-08-17 00:09:04,865] {logging_mixin.py:115} INFO - [2022-08-17 00:09:04,865] {dagbag.py:507} INFO - Filling up the DagBag from /home/airflow/.local/lib/python3.7/site-packages/airflow/example_dags/example_skip_dag.py
[2022-08-17 00:09:04,874] {processor.py:651} INFO - DAG(s) dict_keys(['example_skip_dag']) retrieved from /home/airflow/.local/lib/python3.7/site-packages/airflow/example_dags/example_skip_dag.py
[2022-08-17 00:09:04,909] {logging_mixin.py:115} INFO - [2022-08-17 00:09:04,909] {dag.py:2371} INFO - Sync 1 DAGs
[2022-08-17 00:09:04,932] {logging_mixin.py:115} INFO - [2022-08-17 00:09:04,932] {dag.py:2919} INFO - Setting next_dagrun for example_skip_dag to 2022-08-16T00:09:04.932286+00:00, run_after=2022-08-17T00:09:04.932286+00:00
[2022-08-17 00:09:04,951] {processor.py:161} INFO - Processing /home/airflow/.local/lib/python3.7/site-packages/airflow/example_dags/example_skip_dag.py took 0.093 seconds
[2022-08-17 01:48:07,558] {processor.py:153} INFO - Started process (PID=16254) to work on /home/airflow/.local/lib/python3.7/site-packages/airflow/example_dags/example_skip_dag.py
[2022-08-17 01:48:07,559] {processor.py:641} INFO - Processing file /home/airflow/.local/lib/python3.7/site-packages/airflow/example_dags/example_skip_dag.py for tasks to queue
[2022-08-17 01:48:07,561] {logging_mixin.py:115} INFO - [2022-08-17 01:48:07,560] {dagbag.py:507} INFO - Filling up the DagBag from /home/airflow/.local/lib/python3.7/site-packages/airflow/example_dags/example_skip_dag.py
[2022-08-17 01:48:07,575] {processor.py:651} INFO - DAG(s) dict_keys(['example_skip_dag']) retrieved from /home/airflow/.local/lib/python3.7/site-packages/airflow/example_dags/example_skip_dag.py
[2022-08-17 01:48:07,613] {logging_mixin.py:115} INFO - [2022-08-17 01:48:07,613] {dag.py:2371} INFO - Sync 1 DAGs
[2022-08-17 01:48:07,634] {logging_mixin.py:115} INFO - [2022-08-17 01:48:07,634] {dag.py:2919} INFO - Setting next_dagrun for example_skip_dag to 2022-08-16T01:48:07.633849+00:00, run_after=2022-08-17T01:48:07.633849+00:00
[2022-08-17 01:48:07,647] {processor.py:161} INFO - Processing /home/airflow/.local/lib/python3.7/site-packages/airflow/example_dags/example_skip_dag.py took 0.095 seconds
[2022-08-17 05:24:30,807] {processor.py:153} INFO - Started process (PID=16306) to work on /home/airflow/.local/lib/python3.7/site-packages/airflow/example_dags/example_skip_dag.py
[2022-08-17 05:24:30,811] {processor.py:641} INFO - Processing file /home/airflow/.local/lib/python3.7/site-packages/airflow/example_dags/example_skip_dag.py for tasks to queue
[2022-08-17 05:24:30,813] {logging_mixin.py:115} INFO - [2022-08-17 05:24:30,813] {dagbag.py:507} INFO - Filling up the DagBag from /home/airflow/.local/lib/python3.7/site-packages/airflow/example_dags/example_skip_dag.py
[2022-08-17 05:24:30,832] {processor.py:651} INFO - DAG(s) dict_keys(['example_skip_dag']) retrieved from /home/airflow/.local/lib/python3.7/site-packages/airflow/example_dags/example_skip_dag.py
[2022-08-17 05:24:30,919] {logging_mixin.py:115} INFO - [2022-08-17 05:24:30,918] {dag.py:2371} INFO - Sync 1 DAGs
[2022-08-17 05:24:30,980] {logging_mixin.py:115} INFO - [2022-08-17 05:24:30,979] {dag.py:2919} INFO - Setting next_dagrun for example_skip_dag to 2022-08-16T05:24:30.979461+00:00, run_after=2022-08-17T05:24:30.979461+00:00
[2022-08-17 05:24:31,023] {processor.py:161} INFO - Processing /home/airflow/.local/lib/python3.7/site-packages/airflow/example_dags/example_skip_dag.py took 0.230 seconds
[2022-08-17 05:27:18,983] {processor.py:153} INFO - Started process (PID=16369) to work on /home/airflow/.local/lib/python3.7/site-packages/airflow/example_dags/example_skip_dag.py
[2022-08-17 05:27:18,984] {processor.py:641} INFO - Processing file /home/airflow/.local/lib/python3.7/site-packages/airflow/example_dags/example_skip_dag.py for tasks to queue
[2022-08-17 05:27:18,988] {logging_mixin.py:115} INFO - [2022-08-17 05:27:18,987] {dagbag.py:507} INFO - Filling up the DagBag from /home/airflow/.local/lib/python3.7/site-packages/airflow/example_dags/example_skip_dag.py
[2022-08-17 05:27:18,997] {processor.py:651} INFO - DAG(s) dict_keys(['example_skip_dag']) retrieved from /home/airflow/.local/lib/python3.7/site-packages/airflow/example_dags/example_skip_dag.py
[2022-08-17 05:27:19,043] {logging_mixin.py:115} INFO - [2022-08-17 05:27:19,043] {dag.py:2371} INFO - Sync 1 DAGs
[2022-08-17 05:27:19,064] {logging_mixin.py:115} INFO - [2022-08-17 05:27:19,064] {dag.py:2919} INFO - Setting next_dagrun for example_skip_dag to 2022-08-16T05:27:19.063987+00:00, run_after=2022-08-17T05:27:19.063987+00:00
[2022-08-17 05:27:19,079] {processor.py:161} INFO - Processing /home/airflow/.local/lib/python3.7/site-packages/airflow/example_dags/example_skip_dag.py took 0.100 seconds
[2022-08-17 05:27:51,349] {processor.py:153} INFO - Started process (PID=16421) to work on /home/airflow/.local/lib/python3.7/site-packages/airflow/example_dags/example_skip_dag.py
[2022-08-17 05:27:51,354] {processor.py:641} INFO - Processing file /home/airflow/.local/lib/python3.7/site-packages/airflow/example_dags/example_skip_dag.py for tasks to queue
[2022-08-17 05:27:51,360] {logging_mixin.py:115} INFO - [2022-08-17 05:27:51,359] {dagbag.py:507} INFO - Filling up the DagBag from /home/airflow/.local/lib/python3.7/site-packages/airflow/example_dags/example_skip_dag.py
[2022-08-17 05:27:51,383] {processor.py:651} INFO - DAG(s) dict_keys(['example_skip_dag']) retrieved from /home/airflow/.local/lib/python3.7/site-packages/airflow/example_dags/example_skip_dag.py
[2022-08-17 05:27:51,491] {logging_mixin.py:115} INFO - [2022-08-17 05:27:51,491] {dag.py:2371} INFO - Sync 1 DAGs
[2022-08-17 05:27:51,568] {logging_mixin.py:115} INFO - [2022-08-17 05:27:51,568] {dag.py:2919} INFO - Setting next_dagrun for example_skip_dag to 2022-08-16T05:27:51.566902+00:00, run_after=2022-08-17T05:27:51.566902+00:00
[2022-08-17 05:27:51,623] {processor.py:161} INFO - Processing /home/airflow/.local/lib/python3.7/site-packages/airflow/example_dags/example_skip_dag.py took 0.291 seconds
[2022-08-17 05:32:49,789] {processor.py:153} INFO - Started process (PID=16464) to work on /home/airflow/.local/lib/python3.7/site-packages/airflow/example_dags/example_skip_dag.py
[2022-08-17 05:32:49,791] {processor.py:641} INFO - Processing file /home/airflow/.local/lib/python3.7/site-packages/airflow/example_dags/example_skip_dag.py for tasks to queue
[2022-08-17 05:32:49,794] {logging_mixin.py:115} INFO - [2022-08-17 05:32:49,793] {dagbag.py:507} INFO - Filling up the DagBag from /home/airflow/.local/lib/python3.7/site-packages/airflow/example_dags/example_skip_dag.py
[2022-08-17 05:32:49,807] {processor.py:651} INFO - DAG(s) dict_keys(['example_skip_dag']) retrieved from /home/airflow/.local/lib/python3.7/site-packages/airflow/example_dags/example_skip_dag.py
[2022-08-17 05:32:49,866] {logging_mixin.py:115} INFO - [2022-08-17 05:32:49,866] {dag.py:2371} INFO - Sync 1 DAGs
[2022-08-17 05:32:49,902] {logging_mixin.py:115} INFO - [2022-08-17 05:32:49,901] {dag.py:2919} INFO - Setting next_dagrun for example_skip_dag to 2022-08-16T05:32:49.899385+00:00, run_after=2022-08-17T05:32:49.899385+00:00
[2022-08-17 05:32:49,919] {processor.py:161} INFO - Processing /home/airflow/.local/lib/python3.7/site-packages/airflow/example_dags/example_skip_dag.py took 0.141 seconds
[2022-08-17 05:33:21,118] {processor.py:153} INFO - Started process (PID=16516) to work on /home/airflow/.local/lib/python3.7/site-packages/airflow/example_dags/example_skip_dag.py
[2022-08-17 05:33:21,135] {processor.py:641} INFO - Processing file /home/airflow/.local/lib/python3.7/site-packages/airflow/example_dags/example_skip_dag.py for tasks to queue
[2022-08-17 05:33:21,139] {logging_mixin.py:115} INFO - [2022-08-17 05:33:21,138] {dagbag.py:507} INFO - Filling up the DagBag from /home/airflow/.local/lib/python3.7/site-packages/airflow/example_dags/example_skip_dag.py
[2022-08-17 05:33:21,158] {processor.py:651} INFO - DAG(s) dict_keys(['example_skip_dag']) retrieved from /home/airflow/.local/lib/python3.7/site-packages/airflow/example_dags/example_skip_dag.py
[2022-08-17 05:33:21,252] {logging_mixin.py:115} INFO - [2022-08-17 05:33:21,252] {dag.py:2371} INFO - Sync 1 DAGs
[2022-08-17 05:33:21,316] {logging_mixin.py:115} INFO - [2022-08-17 05:33:21,316] {dag.py:2919} INFO - Setting next_dagrun for example_skip_dag to 2022-08-16T05:33:21.315290+00:00, run_after=2022-08-17T05:33:21.315290+00:00
[2022-08-17 05:33:21,359] {processor.py:161} INFO - Processing /home/airflow/.local/lib/python3.7/site-packages/airflow/example_dags/example_skip_dag.py took 0.253 seconds
[2022-08-17 05:38:22,314] {processor.py:153} INFO - Started process (PID=16568) to work on /home/airflow/.local/lib/python3.7/site-packages/airflow/example_dags/example_skip_dag.py
[2022-08-17 05:38:22,316] {processor.py:641} INFO - Processing file /home/airflow/.local/lib/python3.7/site-packages/airflow/example_dags/example_skip_dag.py for tasks to queue
[2022-08-17 05:38:22,318] {logging_mixin.py:115} INFO - [2022-08-17 05:38:22,318] {dagbag.py:507} INFO - Filling up the DagBag from /home/airflow/.local/lib/python3.7/site-packages/airflow/example_dags/example_skip_dag.py
[2022-08-17 05:38:22,329] {processor.py:651} INFO - DAG(s) dict_keys(['example_skip_dag']) retrieved from /home/airflow/.local/lib/python3.7/site-packages/airflow/example_dags/example_skip_dag.py
[2022-08-17 05:38:22,368] {logging_mixin.py:115} INFO - [2022-08-17 05:38:22,367] {dag.py:2371} INFO - Sync 1 DAGs
[2022-08-17 05:38:22,390] {logging_mixin.py:115} INFO - [2022-08-17 05:38:22,390] {dag.py:2919} INFO - Setting next_dagrun for example_skip_dag to 2022-08-16T05:38:22.389877+00:00, run_after=2022-08-17T05:38:22.389877+00:00
[2022-08-17 05:38:22,403] {processor.py:161} INFO - Processing /home/airflow/.local/lib/python3.7/site-packages/airflow/example_dags/example_skip_dag.py took 0.096 seconds
[2022-08-17 05:38:53,443] {processor.py:153} INFO - Started process (PID=16620) to work on /home/airflow/.local/lib/python3.7/site-packages/airflow/example_dags/example_skip_dag.py
[2022-08-17 05:38:53,445] {processor.py:641} INFO - Processing file /home/airflow/.local/lib/python3.7/site-packages/airflow/example_dags/example_skip_dag.py for tasks to queue
[2022-08-17 05:38:53,448] {logging_mixin.py:115} INFO - [2022-08-17 05:38:53,448] {dagbag.py:507} INFO - Filling up the DagBag from /home/airflow/.local/lib/python3.7/site-packages/airflow/example_dags/example_skip_dag.py
[2022-08-17 05:38:53,463] {processor.py:651} INFO - DAG(s) dict_keys(['example_skip_dag']) retrieved from /home/airflow/.local/lib/python3.7/site-packages/airflow/example_dags/example_skip_dag.py
[2022-08-17 05:38:53,541] {logging_mixin.py:115} INFO - [2022-08-17 05:38:53,541] {dag.py:2371} INFO - Sync 1 DAGs
[2022-08-17 05:38:53,592] {logging_mixin.py:115} INFO - [2022-08-17 05:38:53,592] {dag.py:2919} INFO - Setting next_dagrun for example_skip_dag to 2022-08-16T05:38:53.591669+00:00, run_after=2022-08-17T05:38:53.591669+00:00
[2022-08-17 05:38:53,624] {processor.py:161} INFO - Processing /home/airflow/.local/lib/python3.7/site-packages/airflow/example_dags/example_skip_dag.py took 0.191 seconds
[2022-08-17 05:44:00,601] {processor.py:153} INFO - Started process (PID=16673) to work on /home/airflow/.local/lib/python3.7/site-packages/airflow/example_dags/example_skip_dag.py
[2022-08-17 05:44:00,602] {processor.py:641} INFO - Processing file /home/airflow/.local/lib/python3.7/site-packages/airflow/example_dags/example_skip_dag.py for tasks to queue
[2022-08-17 05:44:00,604] {logging_mixin.py:115} INFO - [2022-08-17 05:44:00,604] {dagbag.py:507} INFO - Filling up the DagBag from /home/airflow/.local/lib/python3.7/site-packages/airflow/example_dags/example_skip_dag.py
[2022-08-17 05:44:00,611] {processor.py:651} INFO - DAG(s) dict_keys(['example_skip_dag']) retrieved from /home/airflow/.local/lib/python3.7/site-packages/airflow/example_dags/example_skip_dag.py
[2022-08-17 05:44:00,643] {logging_mixin.py:115} INFO - [2022-08-17 05:44:00,643] {dag.py:2371} INFO - Sync 1 DAGs
[2022-08-17 05:44:00,666] {logging_mixin.py:115} INFO - [2022-08-17 05:44:00,666] {dag.py:2919} INFO - Setting next_dagrun for example_skip_dag to 2022-08-16T05:44:00.665608+00:00, run_after=2022-08-17T05:44:00.665608+00:00
[2022-08-17 05:44:00,680] {processor.py:161} INFO - Processing /home/airflow/.local/lib/python3.7/site-packages/airflow/example_dags/example_skip_dag.py took 0.083 seconds
[2022-08-17 05:44:32,137] {processor.py:153} INFO - Started process (PID=16726) to work on /home/airflow/.local/lib/python3.7/site-packages/airflow/example_dags/example_skip_dag.py
[2022-08-17 05:44:32,139] {processor.py:641} INFO - Processing file /home/airflow/.local/lib/python3.7/site-packages/airflow/example_dags/example_skip_dag.py for tasks to queue
[2022-08-17 05:44:32,142] {logging_mixin.py:115} INFO - [2022-08-17 05:44:32,142] {dagbag.py:507} INFO - Filling up the DagBag from /home/airflow/.local/lib/python3.7/site-packages/airflow/example_dags/example_skip_dag.py
[2022-08-17 05:44:32,158] {processor.py:651} INFO - DAG(s) dict_keys(['example_skip_dag']) retrieved from /home/airflow/.local/lib/python3.7/site-packages/airflow/example_dags/example_skip_dag.py
[2022-08-17 05:44:32,236] {logging_mixin.py:115} INFO - [2022-08-17 05:44:32,235] {dag.py:2371} INFO - Sync 1 DAGs
[2022-08-17 05:44:32,283] {logging_mixin.py:115} INFO - [2022-08-17 05:44:32,282] {dag.py:2919} INFO - Setting next_dagrun for example_skip_dag to 2022-08-16T05:44:32.281830+00:00, run_after=2022-08-17T05:44:32.281830+00:00
[2022-08-17 05:44:32,315] {processor.py:161} INFO - Processing /home/airflow/.local/lib/python3.7/site-packages/airflow/example_dags/example_skip_dag.py took 0.188 seconds
[2022-08-17 05:49:36,814] {processor.py:153} INFO - Started process (PID=16779) to work on /home/airflow/.local/lib/python3.7/site-packages/airflow/example_dags/example_skip_dag.py
[2022-08-17 05:49:36,816] {processor.py:641} INFO - Processing file /home/airflow/.local/lib/python3.7/site-packages/airflow/example_dags/example_skip_dag.py for tasks to queue
[2022-08-17 05:49:36,817] {logging_mixin.py:115} INFO - [2022-08-17 05:49:36,817] {dagbag.py:507} INFO - Filling up the DagBag from /home/airflow/.local/lib/python3.7/site-packages/airflow/example_dags/example_skip_dag.py
[2022-08-17 05:49:36,824] {processor.py:651} INFO - DAG(s) dict_keys(['example_skip_dag']) retrieved from /home/airflow/.local/lib/python3.7/site-packages/airflow/example_dags/example_skip_dag.py
[2022-08-17 05:49:36,864] {logging_mixin.py:115} INFO - [2022-08-17 05:49:36,864] {dag.py:2371} INFO - Sync 1 DAGs
[2022-08-17 05:49:36,889] {logging_mixin.py:115} INFO - [2022-08-17 05:49:36,889] {dag.py:2919} INFO - Setting next_dagrun for example_skip_dag to 2022-08-16T05:49:36.889369+00:00, run_after=2022-08-17T05:49:36.889369+00:00
[2022-08-17 05:49:36,905] {processor.py:161} INFO - Processing /home/airflow/.local/lib/python3.7/site-packages/airflow/example_dags/example_skip_dag.py took 0.094 seconds
[2022-08-17 05:50:08,445] {processor.py:153} INFO - Started process (PID=16831) to work on /home/airflow/.local/lib/python3.7/site-packages/airflow/example_dags/example_skip_dag.py
[2022-08-17 05:50:08,448] {processor.py:641} INFO - Processing file /home/airflow/.local/lib/python3.7/site-packages/airflow/example_dags/example_skip_dag.py for tasks to queue
[2022-08-17 05:50:08,451] {logging_mixin.py:115} INFO - [2022-08-17 05:50:08,451] {dagbag.py:507} INFO - Filling up the DagBag from /home/airflow/.local/lib/python3.7/site-packages/airflow/example_dags/example_skip_dag.py
[2022-08-17 05:50:08,468] {processor.py:651} INFO - DAG(s) dict_keys(['example_skip_dag']) retrieved from /home/airflow/.local/lib/python3.7/site-packages/airflow/example_dags/example_skip_dag.py
[2022-08-17 05:50:08,548] {logging_mixin.py:115} INFO - [2022-08-17 05:50:08,548] {dag.py:2371} INFO - Sync 1 DAGs
[2022-08-17 05:50:08,599] {logging_mixin.py:115} INFO - [2022-08-17 05:50:08,599] {dag.py:2919} INFO - Setting next_dagrun for example_skip_dag to 2022-08-16T05:50:08.598579+00:00, run_after=2022-08-17T05:50:08.598579+00:00
[2022-08-17 05:50:08,629] {processor.py:161} INFO - Processing /home/airflow/.local/lib/python3.7/site-packages/airflow/example_dags/example_skip_dag.py took 0.193 seconds
[2022-08-17 06:05:49,309] {processor.py:153} INFO - Started process (PID=16903) to work on /home/airflow/.local/lib/python3.7/site-packages/airflow/example_dags/example_skip_dag.py
[2022-08-17 06:05:49,311] {processor.py:641} INFO - Processing file /home/airflow/.local/lib/python3.7/site-packages/airflow/example_dags/example_skip_dag.py for tasks to queue
[2022-08-17 06:05:49,312] {logging_mixin.py:115} INFO - [2022-08-17 06:05:49,312] {dagbag.py:507} INFO - Filling up the DagBag from /home/airflow/.local/lib/python3.7/site-packages/airflow/example_dags/example_skip_dag.py
[2022-08-17 06:05:49,331] {processor.py:651} INFO - DAG(s) dict_keys(['example_skip_dag']) retrieved from /home/airflow/.local/lib/python3.7/site-packages/airflow/example_dags/example_skip_dag.py
[2022-08-17 06:05:49,413] {logging_mixin.py:115} INFO - [2022-08-17 06:05:49,412] {dag.py:2371} INFO - Sync 1 DAGs
[2022-08-17 06:05:49,480] {logging_mixin.py:115} INFO - [2022-08-17 06:05:49,480] {dag.py:2919} INFO - Setting next_dagrun for example_skip_dag to 2022-08-16T06:05:49.480050+00:00, run_after=2022-08-17T06:05:49.480050+00:00
[2022-08-17 06:05:49,510] {processor.py:161} INFO - Processing /home/airflow/.local/lib/python3.7/site-packages/airflow/example_dags/example_skip_dag.py took 0.205 seconds
[2022-08-17 06:06:21,120] {processor.py:153} INFO - Started process (PID=16955) to work on /home/airflow/.local/lib/python3.7/site-packages/airflow/example_dags/example_skip_dag.py
[2022-08-17 06:06:21,124] {processor.py:641} INFO - Processing file /home/airflow/.local/lib/python3.7/site-packages/airflow/example_dags/example_skip_dag.py for tasks to queue
[2022-08-17 06:06:21,130] {logging_mixin.py:115} INFO - [2022-08-17 06:06:21,129] {dagbag.py:507} INFO - Filling up the DagBag from /home/airflow/.local/lib/python3.7/site-packages/airflow/example_dags/example_skip_dag.py
[2022-08-17 06:06:21,157] {processor.py:651} INFO - DAG(s) dict_keys(['example_skip_dag']) retrieved from /home/airflow/.local/lib/python3.7/site-packages/airflow/example_dags/example_skip_dag.py
[2022-08-17 06:06:21,251] {logging_mixin.py:115} INFO - [2022-08-17 06:06:21,250] {dag.py:2371} INFO - Sync 1 DAGs
[2022-08-17 06:06:21,317] {logging_mixin.py:115} INFO - [2022-08-17 06:06:21,316] {dag.py:2919} INFO - Setting next_dagrun for example_skip_dag to 2022-08-16T06:06:21.316042+00:00, run_after=2022-08-17T06:06:21.316042+00:00
[2022-08-17 06:06:21,359] {processor.py:161} INFO - Processing /home/airflow/.local/lib/python3.7/site-packages/airflow/example_dags/example_skip_dag.py took 0.251 seconds
[2022-08-17 06:11:24,437] {processor.py:153} INFO - Started process (PID=17007) to work on /home/airflow/.local/lib/python3.7/site-packages/airflow/example_dags/example_skip_dag.py
[2022-08-17 06:11:24,439] {processor.py:641} INFO - Processing file /home/airflow/.local/lib/python3.7/site-packages/airflow/example_dags/example_skip_dag.py for tasks to queue
[2022-08-17 06:11:24,441] {logging_mixin.py:115} INFO - [2022-08-17 06:11:24,441] {dagbag.py:507} INFO - Filling up the DagBag from /home/airflow/.local/lib/python3.7/site-packages/airflow/example_dags/example_skip_dag.py
[2022-08-17 06:11:24,450] {processor.py:651} INFO - DAG(s) dict_keys(['example_skip_dag']) retrieved from /home/airflow/.local/lib/python3.7/site-packages/airflow/example_dags/example_skip_dag.py
[2022-08-17 06:11:24,527] {logging_mixin.py:115} INFO - [2022-08-17 06:11:24,527] {dag.py:2371} INFO - Sync 1 DAGs
[2022-08-17 06:11:24,567] {logging_mixin.py:115} INFO - [2022-08-17 06:11:24,567] {dag.py:2919} INFO - Setting next_dagrun for example_skip_dag to 2022-08-16T06:11:24.566924+00:00, run_after=2022-08-17T06:11:24.566924+00:00
[2022-08-17 06:11:24,588] {processor.py:161} INFO - Processing /home/airflow/.local/lib/python3.7/site-packages/airflow/example_dags/example_skip_dag.py took 0.156 seconds
[2022-08-17 06:11:55,644] {processor.py:153} INFO - Started process (PID=17060) to work on /home/airflow/.local/lib/python3.7/site-packages/airflow/example_dags/example_skip_dag.py
[2022-08-17 06:11:55,649] {processor.py:641} INFO - Processing file /home/airflow/.local/lib/python3.7/site-packages/airflow/example_dags/example_skip_dag.py for tasks to queue
[2022-08-17 06:11:55,653] {logging_mixin.py:115} INFO - [2022-08-17 06:11:55,652] {dagbag.py:507} INFO - Filling up the DagBag from /home/airflow/.local/lib/python3.7/site-packages/airflow/example_dags/example_skip_dag.py
[2022-08-17 06:11:55,677] {processor.py:651} INFO - DAG(s) dict_keys(['example_skip_dag']) retrieved from /home/airflow/.local/lib/python3.7/site-packages/airflow/example_dags/example_skip_dag.py
[2022-08-17 06:11:55,751] {logging_mixin.py:115} INFO - [2022-08-17 06:11:55,750] {dag.py:2371} INFO - Sync 1 DAGs
[2022-08-17 06:11:55,797] {logging_mixin.py:115} INFO - [2022-08-17 06:11:55,797] {dag.py:2919} INFO - Setting next_dagrun for example_skip_dag to 2022-08-16T06:11:55.796821+00:00, run_after=2022-08-17T06:11:55.796821+00:00
[2022-08-17 06:11:55,825] {processor.py:161} INFO - Processing /home/airflow/.local/lib/python3.7/site-packages/airflow/example_dags/example_skip_dag.py took 0.202 seconds
[2022-08-17 06:13:00,839] {processor.py:153} INFO - Started process (PID=17112) to work on /home/airflow/.local/lib/python3.7/site-packages/airflow/example_dags/example_skip_dag.py
[2022-08-17 06:13:00,840] {processor.py:641} INFO - Processing file /home/airflow/.local/lib/python3.7/site-packages/airflow/example_dags/example_skip_dag.py for tasks to queue
[2022-08-17 06:13:00,842] {logging_mixin.py:115} INFO - [2022-08-17 06:13:00,842] {dagbag.py:507} INFO - Filling up the DagBag from /home/airflow/.local/lib/python3.7/site-packages/airflow/example_dags/example_skip_dag.py
[2022-08-17 06:13:00,851] {processor.py:651} INFO - DAG(s) dict_keys(['example_skip_dag']) retrieved from /home/airflow/.local/lib/python3.7/site-packages/airflow/example_dags/example_skip_dag.py
[2022-08-17 06:13:00,911] {logging_mixin.py:115} INFO - [2022-08-17 06:13:00,911] {dag.py:2371} INFO - Sync 1 DAGs
[2022-08-17 06:13:00,956] {logging_mixin.py:115} INFO - [2022-08-17 06:13:00,956] {dag.py:2919} INFO - Setting next_dagrun for example_skip_dag to 2022-08-16T06:13:00.956298+00:00, run_after=2022-08-17T06:13:00.956298+00:00
[2022-08-17 06:13:00,971] {processor.py:161} INFO - Processing /home/airflow/.local/lib/python3.7/site-packages/airflow/example_dags/example_skip_dag.py took 0.137 seconds
[2022-08-17 06:18:16,574] {processor.py:153} INFO - Started process (PID=17155) to work on /home/airflow/.local/lib/python3.7/site-packages/airflow/example_dags/example_skip_dag.py
[2022-08-17 06:18:16,576] {processor.py:641} INFO - Processing file /home/airflow/.local/lib/python3.7/site-packages/airflow/example_dags/example_skip_dag.py for tasks to queue
[2022-08-17 06:18:16,578] {logging_mixin.py:115} INFO - [2022-08-17 06:18:16,577] {dagbag.py:507} INFO - Filling up the DagBag from /home/airflow/.local/lib/python3.7/site-packages/airflow/example_dags/example_skip_dag.py
[2022-08-17 06:18:16,591] {processor.py:651} INFO - DAG(s) dict_keys(['example_skip_dag']) retrieved from /home/airflow/.local/lib/python3.7/site-packages/airflow/example_dags/example_skip_dag.py
[2022-08-17 06:18:16,659] {logging_mixin.py:115} INFO - [2022-08-17 06:18:16,659] {dag.py:2371} INFO - Sync 1 DAGs
[2022-08-17 06:18:16,704] {logging_mixin.py:115} INFO - [2022-08-17 06:18:16,704] {dag.py:2919} INFO - Setting next_dagrun for example_skip_dag to 2022-08-16T06:18:16.704232+00:00, run_after=2022-08-17T06:18:16.704232+00:00
[2022-08-17 06:18:16,739] {processor.py:161} INFO - Processing /home/airflow/.local/lib/python3.7/site-packages/airflow/example_dags/example_skip_dag.py took 0.173 seconds
[2022-08-17 07:18:07,015] {processor.py:153} INFO - Started process (PID=17208) to work on /home/airflow/.local/lib/python3.7/site-packages/airflow/example_dags/example_skip_dag.py
[2022-08-17 07:18:07,019] {processor.py:641} INFO - Processing file /home/airflow/.local/lib/python3.7/site-packages/airflow/example_dags/example_skip_dag.py for tasks to queue
[2022-08-17 07:18:07,025] {logging_mixin.py:115} INFO - [2022-08-17 07:18:07,025] {dagbag.py:507} INFO - Filling up the DagBag from /home/airflow/.local/lib/python3.7/site-packages/airflow/example_dags/example_skip_dag.py
[2022-08-17 07:18:07,042] {processor.py:651} INFO - DAG(s) dict_keys(['example_skip_dag']) retrieved from /home/airflow/.local/lib/python3.7/site-packages/airflow/example_dags/example_skip_dag.py
[2022-08-17 07:18:07,098] {logging_mixin.py:115} INFO - [2022-08-17 07:18:07,098] {dag.py:2371} INFO - Sync 1 DAGs
[2022-08-17 07:18:07,135] {logging_mixin.py:115} INFO - [2022-08-17 07:18:07,135] {dag.py:2919} INFO - Setting next_dagrun for example_skip_dag to 2022-08-16T07:18:07.134955+00:00, run_after=2022-08-17T07:18:07.134955+00:00
[2022-08-17 07:18:07,168] {processor.py:161} INFO - Processing /home/airflow/.local/lib/python3.7/site-packages/airflow/example_dags/example_skip_dag.py took 0.162 seconds
[2022-08-17 10:54:16,155] {processor.py:153} INFO - Started process (PID=17261) to work on /home/airflow/.local/lib/python3.7/site-packages/airflow/example_dags/example_skip_dag.py
[2022-08-17 10:54:16,157] {processor.py:641} INFO - Processing file /home/airflow/.local/lib/python3.7/site-packages/airflow/example_dags/example_skip_dag.py for tasks to queue
[2022-08-17 10:54:16,162] {logging_mixin.py:115} INFO - [2022-08-17 10:54:16,162] {dagbag.py:507} INFO - Filling up the DagBag from /home/airflow/.local/lib/python3.7/site-packages/airflow/example_dags/example_skip_dag.py
[2022-08-17 10:54:16,196] {processor.py:651} INFO - DAG(s) dict_keys(['example_skip_dag']) retrieved from /home/airflow/.local/lib/python3.7/site-packages/airflow/example_dags/example_skip_dag.py
[2022-08-17 10:54:16,308] {logging_mixin.py:115} INFO - [2022-08-17 10:54:16,308] {dag.py:2371} INFO - Sync 1 DAGs
[2022-08-17 10:54:16,350] {logging_mixin.py:115} INFO - [2022-08-17 10:54:16,350] {dag.py:2919} INFO - Setting next_dagrun for example_skip_dag to 2022-08-16T10:54:16.350243+00:00, run_after=2022-08-17T10:54:16.350243+00:00
[2022-08-17 10:54:16,374] {processor.py:161} INFO - Processing /home/airflow/.local/lib/python3.7/site-packages/airflow/example_dags/example_skip_dag.py took 0.234 seconds
[2022-08-17 12:42:32,234] {processor.py:153} INFO - Started process (PID=17313) to work on /home/airflow/.local/lib/python3.7/site-packages/airflow/example_dags/example_skip_dag.py
[2022-08-17 12:42:32,235] {processor.py:641} INFO - Processing file /home/airflow/.local/lib/python3.7/site-packages/airflow/example_dags/example_skip_dag.py for tasks to queue
[2022-08-17 12:42:32,236] {logging_mixin.py:115} INFO - [2022-08-17 12:42:32,236] {dagbag.py:507} INFO - Filling up the DagBag from /home/airflow/.local/lib/python3.7/site-packages/airflow/example_dags/example_skip_dag.py
[2022-08-17 12:42:32,243] {processor.py:651} INFO - DAG(s) dict_keys(['example_skip_dag']) retrieved from /home/airflow/.local/lib/python3.7/site-packages/airflow/example_dags/example_skip_dag.py
[2022-08-17 12:42:32,276] {logging_mixin.py:115} INFO - [2022-08-17 12:42:32,276] {dag.py:2371} INFO - Sync 1 DAGs
[2022-08-17 12:42:32,296] {logging_mixin.py:115} INFO - [2022-08-17 12:42:32,296] {dag.py:2919} INFO - Setting next_dagrun for example_skip_dag to 2022-08-16T12:42:32.295965+00:00, run_after=2022-08-17T12:42:32.295965+00:00
[2022-08-17 12:42:32,311] {processor.py:161} INFO - Processing /home/airflow/.local/lib/python3.7/site-packages/airflow/example_dags/example_skip_dag.py took 0.081 seconds
[2022-08-17 16:18:40,604] {processor.py:153} INFO - Started process (PID=17364) to work on /home/airflow/.local/lib/python3.7/site-packages/airflow/example_dags/example_skip_dag.py
[2022-08-17 16:18:40,614] {processor.py:641} INFO - Processing file /home/airflow/.local/lib/python3.7/site-packages/airflow/example_dags/example_skip_dag.py for tasks to queue
[2022-08-17 16:18:40,615] {logging_mixin.py:115} INFO - [2022-08-17 16:18:40,615] {dagbag.py:507} INFO - Filling up the DagBag from /home/airflow/.local/lib/python3.7/site-packages/airflow/example_dags/example_skip_dag.py
[2022-08-17 16:18:40,633] {processor.py:651} INFO - DAG(s) dict_keys(['example_skip_dag']) retrieved from /home/airflow/.local/lib/python3.7/site-packages/airflow/example_dags/example_skip_dag.py
[2022-08-17 16:18:40,729] {logging_mixin.py:115} INFO - [2022-08-17 16:18:40,729] {dag.py:2371} INFO - Sync 1 DAGs
[2022-08-17 16:18:40,774] {logging_mixin.py:115} INFO - [2022-08-17 16:18:40,774] {dag.py:2919} INFO - Setting next_dagrun for example_skip_dag to 2022-08-16T16:18:40.773960+00:00, run_after=2022-08-17T16:18:40.773960+00:00
[2022-08-17 16:18:40,807] {processor.py:161} INFO - Processing /home/airflow/.local/lib/python3.7/site-packages/airflow/example_dags/example_skip_dag.py took 0.216 seconds
[2022-08-17 18:06:40,864] {processor.py:153} INFO - Started process (PID=17416) to work on /home/airflow/.local/lib/python3.7/site-packages/airflow/example_dags/example_skip_dag.py
[2022-08-17 18:06:40,865] {processor.py:641} INFO - Processing file /home/airflow/.local/lib/python3.7/site-packages/airflow/example_dags/example_skip_dag.py for tasks to queue
[2022-08-17 18:06:40,867] {logging_mixin.py:115} INFO - [2022-08-17 18:06:40,867] {dagbag.py:507} INFO - Filling up the DagBag from /home/airflow/.local/lib/python3.7/site-packages/airflow/example_dags/example_skip_dag.py
[2022-08-17 18:06:40,877] {processor.py:651} INFO - DAG(s) dict_keys(['example_skip_dag']) retrieved from /home/airflow/.local/lib/python3.7/site-packages/airflow/example_dags/example_skip_dag.py
[2022-08-17 18:06:40,953] {logging_mixin.py:115} INFO - [2022-08-17 18:06:40,952] {dag.py:2371} INFO - Sync 1 DAGs
[2022-08-17 18:06:41,026] {logging_mixin.py:115} INFO - [2022-08-17 18:06:41,025] {dag.py:2919} INFO - Setting next_dagrun for example_skip_dag to 2022-08-16T18:06:41.025519+00:00, run_after=2022-08-17T18:06:41.025519+00:00
[2022-08-17 18:06:41,073] {processor.py:161} INFO - Processing /home/airflow/.local/lib/python3.7/site-packages/airflow/example_dags/example_skip_dag.py took 0.217 seconds
[2022-08-17 18:07:11,901] {processor.py:153} INFO - Started process (PID=17477) to work on /home/airflow/.local/lib/python3.7/site-packages/airflow/example_dags/example_skip_dag.py
[2022-08-17 18:07:11,902] {processor.py:641} INFO - Processing file /home/airflow/.local/lib/python3.7/site-packages/airflow/example_dags/example_skip_dag.py for tasks to queue
[2022-08-17 18:07:11,904] {logging_mixin.py:115} INFO - [2022-08-17 18:07:11,903] {dagbag.py:507} INFO - Filling up the DagBag from /home/airflow/.local/lib/python3.7/site-packages/airflow/example_dags/example_skip_dag.py
[2022-08-17 18:07:11,912] {processor.py:651} INFO - DAG(s) dict_keys(['example_skip_dag']) retrieved from /home/airflow/.local/lib/python3.7/site-packages/airflow/example_dags/example_skip_dag.py
[2022-08-17 18:07:11,955] {logging_mixin.py:115} INFO - [2022-08-17 18:07:11,955] {dag.py:2371} INFO - Sync 1 DAGs
[2022-08-17 18:07:11,985] {logging_mixin.py:115} INFO - [2022-08-17 18:07:11,985] {dag.py:2919} INFO - Setting next_dagrun for example_skip_dag to 2022-08-16T18:07:11.984675+00:00, run_after=2022-08-17T18:07:11.984675+00:00
[2022-08-17 18:07:12,002] {processor.py:161} INFO - Processing /home/airflow/.local/lib/python3.7/site-packages/airflow/example_dags/example_skip_dag.py took 0.108 seconds
[2022-08-17 18:08:06,466] {processor.py:153} INFO - Started process (PID=17520) to work on /home/airflow/.local/lib/python3.7/site-packages/airflow/example_dags/example_skip_dag.py
[2022-08-17 18:08:06,468] {processor.py:641} INFO - Processing file /home/airflow/.local/lib/python3.7/site-packages/airflow/example_dags/example_skip_dag.py for tasks to queue
[2022-08-17 18:08:06,469] {logging_mixin.py:115} INFO - [2022-08-17 18:08:06,469] {dagbag.py:507} INFO - Filling up the DagBag from /home/airflow/.local/lib/python3.7/site-packages/airflow/example_dags/example_skip_dag.py
[2022-08-17 18:08:06,477] {processor.py:651} INFO - DAG(s) dict_keys(['example_skip_dag']) retrieved from /home/airflow/.local/lib/python3.7/site-packages/airflow/example_dags/example_skip_dag.py
[2022-08-17 18:08:06,592] {logging_mixin.py:115} INFO - [2022-08-17 18:08:06,592] {dag.py:2371} INFO - Sync 1 DAGs
[2022-08-17 18:08:06,706] {logging_mixin.py:115} INFO - [2022-08-17 18:08:06,706] {dag.py:2919} INFO - Setting next_dagrun for example_skip_dag to 2022-08-16T18:08:06.706463+00:00, run_after=2022-08-17T18:08:06.706463+00:00
[2022-08-17 18:08:06,723] {processor.py:161} INFO - Processing /home/airflow/.local/lib/python3.7/site-packages/airflow/example_dags/example_skip_dag.py took 0.260 seconds
[2022-08-17 18:08:40,253] {processor.py:153} INFO - Started process (PID=17572) to work on /home/airflow/.local/lib/python3.7/site-packages/airflow/example_dags/example_skip_dag.py
[2022-08-17 18:08:40,257] {processor.py:641} INFO - Processing file /home/airflow/.local/lib/python3.7/site-packages/airflow/example_dags/example_skip_dag.py for tasks to queue
[2022-08-17 18:08:40,261] {logging_mixin.py:115} INFO - [2022-08-17 18:08:40,260] {dagbag.py:507} INFO - Filling up the DagBag from /home/airflow/.local/lib/python3.7/site-packages/airflow/example_dags/example_skip_dag.py
[2022-08-17 18:08:40,284] {processor.py:651} INFO - DAG(s) dict_keys(['example_skip_dag']) retrieved from /home/airflow/.local/lib/python3.7/site-packages/airflow/example_dags/example_skip_dag.py
[2022-08-17 18:08:40,391] {logging_mixin.py:115} INFO - [2022-08-17 18:08:40,390] {dag.py:2371} INFO - Sync 1 DAGs
[2022-08-17 18:08:40,509] {logging_mixin.py:115} INFO - [2022-08-17 18:08:40,508] {dag.py:2919} INFO - Setting next_dagrun for example_skip_dag to 2022-08-16T18:08:40.507979+00:00, run_after=2022-08-17T18:08:40.507979+00:00
[2022-08-17 18:08:40,556] {processor.py:161} INFO - Processing /home/airflow/.local/lib/python3.7/site-packages/airflow/example_dags/example_skip_dag.py took 0.318 seconds
[2022-08-17 18:13:39,904] {processor.py:153} INFO - Started process (PID=17615) to work on /home/airflow/.local/lib/python3.7/site-packages/airflow/example_dags/example_skip_dag.py
[2022-08-17 18:13:39,906] {processor.py:641} INFO - Processing file /home/airflow/.local/lib/python3.7/site-packages/airflow/example_dags/example_skip_dag.py for tasks to queue
[2022-08-17 18:13:39,907] {logging_mixin.py:115} INFO - [2022-08-17 18:13:39,907] {dagbag.py:507} INFO - Filling up the DagBag from /home/airflow/.local/lib/python3.7/site-packages/airflow/example_dags/example_skip_dag.py
[2022-08-17 18:13:39,924] {processor.py:651} INFO - DAG(s) dict_keys(['example_skip_dag']) retrieved from /home/airflow/.local/lib/python3.7/site-packages/airflow/example_dags/example_skip_dag.py
[2022-08-17 18:13:39,991] {logging_mixin.py:115} INFO - [2022-08-17 18:13:39,990] {dag.py:2371} INFO - Sync 1 DAGs
[2022-08-17 18:13:40,031] {logging_mixin.py:115} INFO - [2022-08-17 18:13:40,031] {dag.py:2919} INFO - Setting next_dagrun for example_skip_dag to 2022-08-16T18:13:40.031054+00:00, run_after=2022-08-17T18:13:40.031054+00:00
[2022-08-17 18:13:40,049] {processor.py:161} INFO - Processing /home/airflow/.local/lib/python3.7/site-packages/airflow/example_dags/example_skip_dag.py took 0.154 seconds
[2022-08-17 18:14:11,853] {processor.py:153} INFO - Started process (PID=17666) to work on /home/airflow/.local/lib/python3.7/site-packages/airflow/example_dags/example_skip_dag.py
[2022-08-17 18:14:11,857] {processor.py:641} INFO - Processing file /home/airflow/.local/lib/python3.7/site-packages/airflow/example_dags/example_skip_dag.py for tasks to queue
[2022-08-17 18:14:11,863] {logging_mixin.py:115} INFO - [2022-08-17 18:14:11,862] {dagbag.py:507} INFO - Filling up the DagBag from /home/airflow/.local/lib/python3.7/site-packages/airflow/example_dags/example_skip_dag.py
[2022-08-17 18:14:11,887] {processor.py:651} INFO - DAG(s) dict_keys(['example_skip_dag']) retrieved from /home/airflow/.local/lib/python3.7/site-packages/airflow/example_dags/example_skip_dag.py
[2022-08-17 18:14:11,990] {logging_mixin.py:115} INFO - [2022-08-17 18:14:11,990] {dag.py:2371} INFO - Sync 1 DAGs
[2022-08-17 18:14:12,072] {logging_mixin.py:115} INFO - [2022-08-17 18:14:12,072] {dag.py:2919} INFO - Setting next_dagrun for example_skip_dag to 2022-08-16T18:14:12.071205+00:00, run_after=2022-08-17T18:14:12.071205+00:00
[2022-08-17 18:14:12,120] {processor.py:161} INFO - Processing /home/airflow/.local/lib/python3.7/site-packages/airflow/example_dags/example_skip_dag.py took 0.282 seconds
[2022-08-17 18:19:10,925] {processor.py:153} INFO - Started process (PID=17718) to work on /home/airflow/.local/lib/python3.7/site-packages/airflow/example_dags/example_skip_dag.py
[2022-08-17 18:19:10,927] {processor.py:641} INFO - Processing file /home/airflow/.local/lib/python3.7/site-packages/airflow/example_dags/example_skip_dag.py for tasks to queue
[2022-08-17 18:19:10,928] {logging_mixin.py:115} INFO - [2022-08-17 18:19:10,928] {dagbag.py:507} INFO - Filling up the DagBag from /home/airflow/.local/lib/python3.7/site-packages/airflow/example_dags/example_skip_dag.py
[2022-08-17 18:19:10,936] {processor.py:651} INFO - DAG(s) dict_keys(['example_skip_dag']) retrieved from /home/airflow/.local/lib/python3.7/site-packages/airflow/example_dags/example_skip_dag.py
[2022-08-17 18:19:10,975] {logging_mixin.py:115} INFO - [2022-08-17 18:19:10,975] {dag.py:2371} INFO - Sync 1 DAGs
[2022-08-17 18:19:11,002] {logging_mixin.py:115} INFO - [2022-08-17 18:19:11,002] {dag.py:2919} INFO - Setting next_dagrun for example_skip_dag to 2022-08-16T18:19:11.001640+00:00, run_after=2022-08-17T18:19:11.001640+00:00
[2022-08-17 18:19:11,017] {processor.py:161} INFO - Processing /home/airflow/.local/lib/python3.7/site-packages/airflow/example_dags/example_skip_dag.py took 0.096 seconds
[2022-08-17 18:19:43,095] {processor.py:153} INFO - Started process (PID=17770) to work on /home/airflow/.local/lib/python3.7/site-packages/airflow/example_dags/example_skip_dag.py
[2022-08-17 18:19:43,102] {processor.py:641} INFO - Processing file /home/airflow/.local/lib/python3.7/site-packages/airflow/example_dags/example_skip_dag.py for tasks to queue
[2022-08-17 18:19:43,109] {logging_mixin.py:115} INFO - [2022-08-17 18:19:43,108] {dagbag.py:507} INFO - Filling up the DagBag from /home/airflow/.local/lib/python3.7/site-packages/airflow/example_dags/example_skip_dag.py
[2022-08-17 18:19:43,132] {processor.py:651} INFO - DAG(s) dict_keys(['example_skip_dag']) retrieved from /home/airflow/.local/lib/python3.7/site-packages/airflow/example_dags/example_skip_dag.py
[2022-08-17 18:19:43,228] {logging_mixin.py:115} INFO - [2022-08-17 18:19:43,228] {dag.py:2371} INFO - Sync 1 DAGs
[2022-08-17 18:19:43,301] {logging_mixin.py:115} INFO - [2022-08-17 18:19:43,300] {dag.py:2919} INFO - Setting next_dagrun for example_skip_dag to 2022-08-16T18:19:43.299986+00:00, run_after=2022-08-17T18:19:43.299986+00:00
[2022-08-17 18:19:43,345] {processor.py:161} INFO - Processing /home/airflow/.local/lib/python3.7/site-packages/airflow/example_dags/example_skip_dag.py took 0.264 seconds
[2022-08-17 18:24:45,847] {processor.py:153} INFO - Started process (PID=17822) to work on /home/airflow/.local/lib/python3.7/site-packages/airflow/example_dags/example_skip_dag.py
[2022-08-17 18:24:45,848] {processor.py:641} INFO - Processing file /home/airflow/.local/lib/python3.7/site-packages/airflow/example_dags/example_skip_dag.py for tasks to queue
[2022-08-17 18:24:45,849] {logging_mixin.py:115} INFO - [2022-08-17 18:24:45,849] {dagbag.py:507} INFO - Filling up the DagBag from /home/airflow/.local/lib/python3.7/site-packages/airflow/example_dags/example_skip_dag.py
[2022-08-17 18:24:45,864] {processor.py:651} INFO - DAG(s) dict_keys(['example_skip_dag']) retrieved from /home/airflow/.local/lib/python3.7/site-packages/airflow/example_dags/example_skip_dag.py
[2022-08-17 18:24:45,908] {logging_mixin.py:115} INFO - [2022-08-17 18:24:45,908] {dag.py:2371} INFO - Sync 1 DAGs
[2022-08-17 18:24:45,940] {logging_mixin.py:115} INFO - [2022-08-17 18:24:45,940] {dag.py:2919} INFO - Setting next_dagrun for example_skip_dag to 2022-08-16T18:24:45.939736+00:00, run_after=2022-08-17T18:24:45.939736+00:00
[2022-08-17 18:24:45,956] {processor.py:161} INFO - Processing /home/airflow/.local/lib/python3.7/site-packages/airflow/example_dags/example_skip_dag.py took 0.115 seconds
[2022-08-17 18:25:16,971] {processor.py:153} INFO - Started process (PID=17874) to work on /home/airflow/.local/lib/python3.7/site-packages/airflow/example_dags/example_skip_dag.py
[2022-08-17 18:25:16,974] {processor.py:641} INFO - Processing file /home/airflow/.local/lib/python3.7/site-packages/airflow/example_dags/example_skip_dag.py for tasks to queue
[2022-08-17 18:25:16,977] {logging_mixin.py:115} INFO - [2022-08-17 18:25:16,977] {dagbag.py:507} INFO - Filling up the DagBag from /home/airflow/.local/lib/python3.7/site-packages/airflow/example_dags/example_skip_dag.py
[2022-08-17 18:25:16,995] {processor.py:651} INFO - DAG(s) dict_keys(['example_skip_dag']) retrieved from /home/airflow/.local/lib/python3.7/site-packages/airflow/example_dags/example_skip_dag.py
[2022-08-17 18:25:17,086] {logging_mixin.py:115} INFO - [2022-08-17 18:25:17,085] {dag.py:2371} INFO - Sync 1 DAGs
[2022-08-17 18:25:17,168] {logging_mixin.py:115} INFO - [2022-08-17 18:25:17,167] {dag.py:2919} INFO - Setting next_dagrun for example_skip_dag to 2022-08-16T18:25:17.166513+00:00, run_after=2022-08-17T18:25:17.166513+00:00
[2022-08-17 18:25:17,203] {processor.py:161} INFO - Processing /home/airflow/.local/lib/python3.7/site-packages/airflow/example_dags/example_skip_dag.py took 0.242 seconds
[2022-08-17 18:30:21,569] {processor.py:153} INFO - Started process (PID=17925) to work on /home/airflow/.local/lib/python3.7/site-packages/airflow/example_dags/example_skip_dag.py
[2022-08-17 18:30:21,570] {processor.py:641} INFO - Processing file /home/airflow/.local/lib/python3.7/site-packages/airflow/example_dags/example_skip_dag.py for tasks to queue
[2022-08-17 18:30:21,572] {logging_mixin.py:115} INFO - [2022-08-17 18:30:21,572] {dagbag.py:507} INFO - Filling up the DagBag from /home/airflow/.local/lib/python3.7/site-packages/airflow/example_dags/example_skip_dag.py
[2022-08-17 18:30:21,585] {processor.py:651} INFO - DAG(s) dict_keys(['example_skip_dag']) retrieved from /home/airflow/.local/lib/python3.7/site-packages/airflow/example_dags/example_skip_dag.py
[2022-08-17 18:30:21,658] {logging_mixin.py:115} INFO - [2022-08-17 18:30:21,658] {dag.py:2371} INFO - Sync 1 DAGs
[2022-08-17 18:30:21,697] {logging_mixin.py:115} INFO - [2022-08-17 18:30:21,697] {dag.py:2919} INFO - Setting next_dagrun for example_skip_dag to 2022-08-16T18:30:21.697364+00:00, run_after=2022-08-17T18:30:21.697364+00:00
[2022-08-17 18:30:21,717] {processor.py:161} INFO - Processing /home/airflow/.local/lib/python3.7/site-packages/airflow/example_dags/example_skip_dag.py took 0.162 seconds
[2022-08-17 18:30:52,926] {processor.py:153} INFO - Started process (PID=17978) to work on /home/airflow/.local/lib/python3.7/site-packages/airflow/example_dags/example_skip_dag.py
[2022-08-17 18:30:52,933] {processor.py:641} INFO - Processing file /home/airflow/.local/lib/python3.7/site-packages/airflow/example_dags/example_skip_dag.py for tasks to queue
[2022-08-17 18:30:52,940] {logging_mixin.py:115} INFO - [2022-08-17 18:30:52,940] {dagbag.py:507} INFO - Filling up the DagBag from /home/airflow/.local/lib/python3.7/site-packages/airflow/example_dags/example_skip_dag.py
[2022-08-17 18:30:52,964] {processor.py:651} INFO - DAG(s) dict_keys(['example_skip_dag']) retrieved from /home/airflow/.local/lib/python3.7/site-packages/airflow/example_dags/example_skip_dag.py
[2022-08-17 18:30:53,058] {logging_mixin.py:115} INFO - [2022-08-17 18:30:53,057] {dag.py:2371} INFO - Sync 1 DAGs
[2022-08-17 18:30:53,116] {logging_mixin.py:115} INFO - [2022-08-17 18:30:53,116] {dag.py:2919} INFO - Setting next_dagrun for example_skip_dag to 2022-08-16T18:30:53.115228+00:00, run_after=2022-08-17T18:30:53.115228+00:00
[2022-08-17 18:30:53,148] {processor.py:161} INFO - Processing /home/airflow/.local/lib/python3.7/site-packages/airflow/example_dags/example_skip_dag.py took 0.250 seconds
[2022-08-17 18:35:54,884] {processor.py:153} INFO - Started process (PID=18031) to work on /home/airflow/.local/lib/python3.7/site-packages/airflow/example_dags/example_skip_dag.py
[2022-08-17 18:35:54,885] {processor.py:641} INFO - Processing file /home/airflow/.local/lib/python3.7/site-packages/airflow/example_dags/example_skip_dag.py for tasks to queue
[2022-08-17 18:35:54,887] {logging_mixin.py:115} INFO - [2022-08-17 18:35:54,887] {dagbag.py:507} INFO - Filling up the DagBag from /home/airflow/.local/lib/python3.7/site-packages/airflow/example_dags/example_skip_dag.py
[2022-08-17 18:35:54,895] {processor.py:651} INFO - DAG(s) dict_keys(['example_skip_dag']) retrieved from /home/airflow/.local/lib/python3.7/site-packages/airflow/example_dags/example_skip_dag.py
[2022-08-17 18:35:54,931] {logging_mixin.py:115} INFO - [2022-08-17 18:35:54,931] {dag.py:2371} INFO - Sync 1 DAGs
[2022-08-17 18:35:54,952] {logging_mixin.py:115} INFO - [2022-08-17 18:35:54,952] {dag.py:2919} INFO - Setting next_dagrun for example_skip_dag to 2022-08-16T18:35:54.951762+00:00, run_after=2022-08-17T18:35:54.951762+00:00
[2022-08-17 18:35:54,965] {processor.py:161} INFO - Processing /home/airflow/.local/lib/python3.7/site-packages/airflow/example_dags/example_skip_dag.py took 0.085 seconds
[2022-08-17 18:36:26,411] {processor.py:153} INFO - Started process (PID=18083) to work on /home/airflow/.local/lib/python3.7/site-packages/airflow/example_dags/example_skip_dag.py
[2022-08-17 18:36:26,416] {processor.py:641} INFO - Processing file /home/airflow/.local/lib/python3.7/site-packages/airflow/example_dags/example_skip_dag.py for tasks to queue
[2022-08-17 18:36:26,421] {logging_mixin.py:115} INFO - [2022-08-17 18:36:26,420] {dagbag.py:507} INFO - Filling up the DagBag from /home/airflow/.local/lib/python3.7/site-packages/airflow/example_dags/example_skip_dag.py
[2022-08-17 18:36:26,447] {processor.py:651} INFO - DAG(s) dict_keys(['example_skip_dag']) retrieved from /home/airflow/.local/lib/python3.7/site-packages/airflow/example_dags/example_skip_dag.py
[2022-08-17 18:36:26,556] {logging_mixin.py:115} INFO - [2022-08-17 18:36:26,556] {dag.py:2371} INFO - Sync 1 DAGs
[2022-08-17 18:36:26,611] {logging_mixin.py:115} INFO - [2022-08-17 18:36:26,611] {dag.py:2919} INFO - Setting next_dagrun for example_skip_dag to 2022-08-16T18:36:26.610443+00:00, run_after=2022-08-17T18:36:26.610443+00:00
[2022-08-17 18:36:26,645] {processor.py:161} INFO - Processing /home/airflow/.local/lib/python3.7/site-packages/airflow/example_dags/example_skip_dag.py took 0.254 seconds
[2022-08-17 18:41:26,348] {processor.py:153} INFO - Started process (PID=18136) to work on /home/airflow/.local/lib/python3.7/site-packages/airflow/example_dags/example_skip_dag.py
[2022-08-17 18:41:26,349] {processor.py:641} INFO - Processing file /home/airflow/.local/lib/python3.7/site-packages/airflow/example_dags/example_skip_dag.py for tasks to queue
[2022-08-17 18:41:26,351] {logging_mixin.py:115} INFO - [2022-08-17 18:41:26,351] {dagbag.py:507} INFO - Filling up the DagBag from /home/airflow/.local/lib/python3.7/site-packages/airflow/example_dags/example_skip_dag.py
[2022-08-17 18:41:26,369] {processor.py:651} INFO - DAG(s) dict_keys(['example_skip_dag']) retrieved from /home/airflow/.local/lib/python3.7/site-packages/airflow/example_dags/example_skip_dag.py
[2022-08-17 18:41:26,444] {logging_mixin.py:115} INFO - [2022-08-17 18:41:26,444] {dag.py:2371} INFO - Sync 1 DAGs
[2022-08-17 18:41:26,487] {logging_mixin.py:115} INFO - [2022-08-17 18:41:26,487] {dag.py:2919} INFO - Setting next_dagrun for example_skip_dag to 2022-08-16T18:41:26.487503+00:00, run_after=2022-08-17T18:41:26.487503+00:00
[2022-08-17 18:41:26,511] {processor.py:161} INFO - Processing /home/airflow/.local/lib/python3.7/site-packages/airflow/example_dags/example_skip_dag.py took 0.167 seconds
[2022-08-17 18:41:58,270] {processor.py:153} INFO - Started process (PID=18188) to work on /home/airflow/.local/lib/python3.7/site-packages/airflow/example_dags/example_skip_dag.py
[2022-08-17 18:41:58,275] {processor.py:641} INFO - Processing file /home/airflow/.local/lib/python3.7/site-packages/airflow/example_dags/example_skip_dag.py for tasks to queue
[2022-08-17 18:41:58,282] {logging_mixin.py:115} INFO - [2022-08-17 18:41:58,281] {dagbag.py:507} INFO - Filling up the DagBag from /home/airflow/.local/lib/python3.7/site-packages/airflow/example_dags/example_skip_dag.py
[2022-08-17 18:41:58,313] {processor.py:651} INFO - DAG(s) dict_keys(['example_skip_dag']) retrieved from /home/airflow/.local/lib/python3.7/site-packages/airflow/example_dags/example_skip_dag.py
[2022-08-17 18:41:58,412] {logging_mixin.py:115} INFO - [2022-08-17 18:41:58,412] {dag.py:2371} INFO - Sync 1 DAGs
[2022-08-17 18:41:58,472] {logging_mixin.py:115} INFO - [2022-08-17 18:41:58,472] {dag.py:2919} INFO - Setting next_dagrun for example_skip_dag to 2022-08-16T18:41:58.471374+00:00, run_after=2022-08-17T18:41:58.471374+00:00
[2022-08-17 18:41:58,502] {processor.py:161} INFO - Processing /home/airflow/.local/lib/python3.7/site-packages/airflow/example_dags/example_skip_dag.py took 0.255 seconds
[2022-08-17 18:47:00,288] {processor.py:153} INFO - Started process (PID=18241) to work on /home/airflow/.local/lib/python3.7/site-packages/airflow/example_dags/example_skip_dag.py
[2022-08-17 18:47:00,290] {processor.py:641} INFO - Processing file /home/airflow/.local/lib/python3.7/site-packages/airflow/example_dags/example_skip_dag.py for tasks to queue
[2022-08-17 18:47:00,293] {logging_mixin.py:115} INFO - [2022-08-17 18:47:00,292] {dagbag.py:507} INFO - Filling up the DagBag from /home/airflow/.local/lib/python3.7/site-packages/airflow/example_dags/example_skip_dag.py
[2022-08-17 18:47:00,300] {processor.py:651} INFO - DAG(s) dict_keys(['example_skip_dag']) retrieved from /home/airflow/.local/lib/python3.7/site-packages/airflow/example_dags/example_skip_dag.py
[2022-08-17 18:47:00,335] {logging_mixin.py:115} INFO - [2022-08-17 18:47:00,335] {dag.py:2371} INFO - Sync 1 DAGs
[2022-08-17 18:47:00,356] {logging_mixin.py:115} INFO - [2022-08-17 18:47:00,356] {dag.py:2919} INFO - Setting next_dagrun for example_skip_dag to 2022-08-16T18:47:00.356267+00:00, run_after=2022-08-17T18:47:00.356267+00:00
[2022-08-17 18:47:00,379] {processor.py:161} INFO - Processing /home/airflow/.local/lib/python3.7/site-packages/airflow/example_dags/example_skip_dag.py took 0.099 seconds
[2022-08-17 18:47:31,526] {processor.py:153} INFO - Started process (PID=18294) to work on /home/airflow/.local/lib/python3.7/site-packages/airflow/example_dags/example_skip_dag.py
[2022-08-17 18:47:31,530] {processor.py:641} INFO - Processing file /home/airflow/.local/lib/python3.7/site-packages/airflow/example_dags/example_skip_dag.py for tasks to queue
[2022-08-17 18:47:31,535] {logging_mixin.py:115} INFO - [2022-08-17 18:47:31,534] {dagbag.py:507} INFO - Filling up the DagBag from /home/airflow/.local/lib/python3.7/site-packages/airflow/example_dags/example_skip_dag.py
[2022-08-17 18:47:31,565] {processor.py:651} INFO - DAG(s) dict_keys(['example_skip_dag']) retrieved from /home/airflow/.local/lib/python3.7/site-packages/airflow/example_dags/example_skip_dag.py
[2022-08-17 18:47:31,655] {logging_mixin.py:115} INFO - [2022-08-17 18:47:31,654] {dag.py:2371} INFO - Sync 1 DAGs
[2022-08-17 18:47:31,711] {logging_mixin.py:115} INFO - [2022-08-17 18:47:31,710] {dag.py:2919} INFO - Setting next_dagrun for example_skip_dag to 2022-08-16T18:47:31.710028+00:00, run_after=2022-08-17T18:47:31.710028+00:00
[2022-08-17 18:47:31,754] {processor.py:161} INFO - Processing /home/airflow/.local/lib/python3.7/site-packages/airflow/example_dags/example_skip_dag.py took 0.239 seconds
[2022-08-17 18:52:32,038] {processor.py:153} INFO - Started process (PID=18347) to work on /home/airflow/.local/lib/python3.7/site-packages/airflow/example_dags/example_skip_dag.py
[2022-08-17 18:52:32,039] {processor.py:641} INFO - Processing file /home/airflow/.local/lib/python3.7/site-packages/airflow/example_dags/example_skip_dag.py for tasks to queue
[2022-08-17 18:52:32,041] {logging_mixin.py:115} INFO - [2022-08-17 18:52:32,041] {dagbag.py:507} INFO - Filling up the DagBag from /home/airflow/.local/lib/python3.7/site-packages/airflow/example_dags/example_skip_dag.py
[2022-08-17 18:52:32,050] {processor.py:651} INFO - DAG(s) dict_keys(['example_skip_dag']) retrieved from /home/airflow/.local/lib/python3.7/site-packages/airflow/example_dags/example_skip_dag.py
[2022-08-17 18:52:32,124] {logging_mixin.py:115} INFO - [2022-08-17 18:52:32,124] {dag.py:2371} INFO - Sync 1 DAGs
[2022-08-17 18:52:32,163] {logging_mixin.py:115} INFO - [2022-08-17 18:52:32,162] {dag.py:2919} INFO - Setting next_dagrun for example_skip_dag to 2022-08-16T18:52:32.162587+00:00, run_after=2022-08-17T18:52:32.162587+00:00
[2022-08-17 18:52:32,189] {processor.py:161} INFO - Processing /home/airflow/.local/lib/python3.7/site-packages/airflow/example_dags/example_skip_dag.py took 0.160 seconds
[2022-08-17 18:53:03,820] {processor.py:153} INFO - Started process (PID=18398) to work on /home/airflow/.local/lib/python3.7/site-packages/airflow/example_dags/example_skip_dag.py
[2022-08-17 18:53:03,825] {processor.py:641} INFO - Processing file /home/airflow/.local/lib/python3.7/site-packages/airflow/example_dags/example_skip_dag.py for tasks to queue
[2022-08-17 18:53:03,841] {logging_mixin.py:115} INFO - [2022-08-17 18:53:03,840] {dagbag.py:507} INFO - Filling up the DagBag from /home/airflow/.local/lib/python3.7/site-packages/airflow/example_dags/example_skip_dag.py
[2022-08-17 18:53:03,866] {processor.py:651} INFO - DAG(s) dict_keys(['example_skip_dag']) retrieved from /home/airflow/.local/lib/python3.7/site-packages/airflow/example_dags/example_skip_dag.py
[2022-08-17 18:53:03,953] {logging_mixin.py:115} INFO - [2022-08-17 18:53:03,953] {dag.py:2371} INFO - Sync 1 DAGs
[2022-08-17 18:53:04,013] {logging_mixin.py:115} INFO - [2022-08-17 18:53:04,013] {dag.py:2919} INFO - Setting next_dagrun for example_skip_dag to 2022-08-16T18:53:04.012363+00:00, run_after=2022-08-17T18:53:04.012363+00:00
[2022-08-17 18:53:04,048] {processor.py:161} INFO - Processing /home/airflow/.local/lib/python3.7/site-packages/airflow/example_dags/example_skip_dag.py took 0.240 seconds
[2022-08-17 18:58:06,183] {processor.py:153} INFO - Started process (PID=18452) to work on /home/airflow/.local/lib/python3.7/site-packages/airflow/example_dags/example_skip_dag.py
[2022-08-17 18:58:06,190] {processor.py:641} INFO - Processing file /home/airflow/.local/lib/python3.7/site-packages/airflow/example_dags/example_skip_dag.py for tasks to queue
[2022-08-17 18:58:06,191] {logging_mixin.py:115} INFO - [2022-08-17 18:58:06,191] {dagbag.py:507} INFO - Filling up the DagBag from /home/airflow/.local/lib/python3.7/site-packages/airflow/example_dags/example_skip_dag.py
[2022-08-17 18:58:06,207] {processor.py:651} INFO - DAG(s) dict_keys(['example_skip_dag']) retrieved from /home/airflow/.local/lib/python3.7/site-packages/airflow/example_dags/example_skip_dag.py
[2022-08-17 18:58:06,262] {logging_mixin.py:115} INFO - [2022-08-17 18:58:06,262] {dag.py:2371} INFO - Sync 1 DAGs
[2022-08-17 18:58:06,292] {logging_mixin.py:115} INFO - [2022-08-17 18:58:06,292] {dag.py:2919} INFO - Setting next_dagrun for example_skip_dag to 2022-08-16T18:58:06.291267+00:00, run_after=2022-08-17T18:58:06.291267+00:00
[2022-08-17 18:58:06,313] {processor.py:161} INFO - Processing /home/airflow/.local/lib/python3.7/site-packages/airflow/example_dags/example_skip_dag.py took 0.138 seconds
[2022-08-17 18:58:37,462] {processor.py:153} INFO - Started process (PID=18504) to work on /home/airflow/.local/lib/python3.7/site-packages/airflow/example_dags/example_skip_dag.py
[2022-08-17 18:58:37,469] {processor.py:641} INFO - Processing file /home/airflow/.local/lib/python3.7/site-packages/airflow/example_dags/example_skip_dag.py for tasks to queue
[2022-08-17 18:58:37,476] {logging_mixin.py:115} INFO - [2022-08-17 18:58:37,475] {dagbag.py:507} INFO - Filling up the DagBag from /home/airflow/.local/lib/python3.7/site-packages/airflow/example_dags/example_skip_dag.py
[2022-08-17 18:58:37,519] {processor.py:651} INFO - DAG(s) dict_keys(['example_skip_dag']) retrieved from /home/airflow/.local/lib/python3.7/site-packages/airflow/example_dags/example_skip_dag.py
[2022-08-17 18:58:37,667] {logging_mixin.py:115} INFO - [2022-08-17 18:58:37,666] {dag.py:2371} INFO - Sync 1 DAGs
[2022-08-17 18:58:37,750] {logging_mixin.py:115} INFO - [2022-08-17 18:58:37,750] {dag.py:2919} INFO - Setting next_dagrun for example_skip_dag to 2022-08-16T18:58:37.748991+00:00, run_after=2022-08-17T18:58:37.748991+00:00
[2022-08-17 18:58:37,810] {processor.py:161} INFO - Processing /home/airflow/.local/lib/python3.7/site-packages/airflow/example_dags/example_skip_dag.py took 0.366 seconds
[2022-08-17 19:03:37,482] {processor.py:153} INFO - Started process (PID=18547) to work on /home/airflow/.local/lib/python3.7/site-packages/airflow/example_dags/example_skip_dag.py
[2022-08-17 19:03:37,487] {processor.py:641} INFO - Processing file /home/airflow/.local/lib/python3.7/site-packages/airflow/example_dags/example_skip_dag.py for tasks to queue
[2022-08-17 19:03:37,489] {logging_mixin.py:115} INFO - [2022-08-17 19:03:37,488] {dagbag.py:507} INFO - Filling up the DagBag from /home/airflow/.local/lib/python3.7/site-packages/airflow/example_dags/example_skip_dag.py
[2022-08-17 19:03:37,499] {processor.py:651} INFO - DAG(s) dict_keys(['example_skip_dag']) retrieved from /home/airflow/.local/lib/python3.7/site-packages/airflow/example_dags/example_skip_dag.py
[2022-08-17 19:03:37,583] {logging_mixin.py:115} INFO - [2022-08-17 19:03:37,583] {dag.py:2371} INFO - Sync 1 DAGs
[2022-08-17 19:03:37,620] {logging_mixin.py:115} INFO - [2022-08-17 19:03:37,620] {dag.py:2919} INFO - Setting next_dagrun for example_skip_dag to 2022-08-16T19:03:37.619991+00:00, run_after=2022-08-17T19:03:37.619991+00:00
[2022-08-17 19:03:37,640] {processor.py:161} INFO - Processing /home/airflow/.local/lib/python3.7/site-packages/airflow/example_dags/example_skip_dag.py took 0.163 seconds
[2022-08-17 19:04:09,258] {processor.py:153} INFO - Started process (PID=18599) to work on /home/airflow/.local/lib/python3.7/site-packages/airflow/example_dags/example_skip_dag.py
[2022-08-17 19:04:09,261] {processor.py:641} INFO - Processing file /home/airflow/.local/lib/python3.7/site-packages/airflow/example_dags/example_skip_dag.py for tasks to queue
[2022-08-17 19:04:09,264] {logging_mixin.py:115} INFO - [2022-08-17 19:04:09,264] {dagbag.py:507} INFO - Filling up the DagBag from /home/airflow/.local/lib/python3.7/site-packages/airflow/example_dags/example_skip_dag.py
[2022-08-17 19:04:09,284] {processor.py:651} INFO - DAG(s) dict_keys(['example_skip_dag']) retrieved from /home/airflow/.local/lib/python3.7/site-packages/airflow/example_dags/example_skip_dag.py
[2022-08-17 19:04:09,382] {logging_mixin.py:115} INFO - [2022-08-17 19:04:09,382] {dag.py:2371} INFO - Sync 1 DAGs
[2022-08-17 19:04:09,443] {logging_mixin.py:115} INFO - [2022-08-17 19:04:09,443] {dag.py:2919} INFO - Setting next_dagrun for example_skip_dag to 2022-08-16T19:04:09.442281+00:00, run_after=2022-08-17T19:04:09.442281+00:00
[2022-08-17 19:04:09,478] {processor.py:161} INFO - Processing /home/airflow/.local/lib/python3.7/site-packages/airflow/example_dags/example_skip_dag.py took 0.229 seconds
[2022-08-17 19:06:42,650] {processor.py:153} INFO - Started process (PID=18651) to work on /home/airflow/.local/lib/python3.7/site-packages/airflow/example_dags/example_skip_dag.py
[2022-08-17 19:06:42,651] {processor.py:641} INFO - Processing file /home/airflow/.local/lib/python3.7/site-packages/airflow/example_dags/example_skip_dag.py for tasks to queue
[2022-08-17 19:06:42,653] {logging_mixin.py:115} INFO - [2022-08-17 19:06:42,653] {dagbag.py:507} INFO - Filling up the DagBag from /home/airflow/.local/lib/python3.7/site-packages/airflow/example_dags/example_skip_dag.py
[2022-08-17 19:06:42,662] {processor.py:651} INFO - DAG(s) dict_keys(['example_skip_dag']) retrieved from /home/airflow/.local/lib/python3.7/site-packages/airflow/example_dags/example_skip_dag.py
[2022-08-17 19:06:42,723] {logging_mixin.py:115} INFO - [2022-08-17 19:06:42,723] {dag.py:2371} INFO - Sync 1 DAGs
[2022-08-17 19:06:42,746] {logging_mixin.py:115} INFO - [2022-08-17 19:06:42,745] {dag.py:2919} INFO - Setting next_dagrun for example_skip_dag to 2022-08-16T19:06:42.745617+00:00, run_after=2022-08-17T19:06:42.745617+00:00
[2022-08-17 19:06:42,760] {processor.py:161} INFO - Processing /home/airflow/.local/lib/python3.7/site-packages/airflow/example_dags/example_skip_dag.py took 0.116 seconds
[2022-08-17 19:11:34,903] {processor.py:153} INFO - Started process (PID=18695) to work on /home/airflow/.local/lib/python3.7/site-packages/airflow/example_dags/example_skip_dag.py
[2022-08-17 19:11:34,904] {processor.py:641} INFO - Processing file /home/airflow/.local/lib/python3.7/site-packages/airflow/example_dags/example_skip_dag.py for tasks to queue
[2022-08-17 19:11:34,905] {logging_mixin.py:115} INFO - [2022-08-17 19:11:34,905] {dagbag.py:507} INFO - Filling up the DagBag from /home/airflow/.local/lib/python3.7/site-packages/airflow/example_dags/example_skip_dag.py
[2022-08-17 19:11:34,913] {processor.py:651} INFO - DAG(s) dict_keys(['example_skip_dag']) retrieved from /home/airflow/.local/lib/python3.7/site-packages/airflow/example_dags/example_skip_dag.py
[2022-08-17 19:11:34,948] {logging_mixin.py:115} INFO - [2022-08-17 19:11:34,948] {dag.py:2371} INFO - Sync 1 DAGs
[2022-08-17 19:11:34,971] {logging_mixin.py:115} INFO - [2022-08-17 19:11:34,971] {dag.py:2919} INFO - Setting next_dagrun for example_skip_dag to 2022-08-16T19:11:34.971599+00:00, run_after=2022-08-17T19:11:34.971599+00:00
[2022-08-17 19:11:34,988] {processor.py:161} INFO - Processing /home/airflow/.local/lib/python3.7/site-packages/airflow/example_dags/example_skip_dag.py took 0.089 seconds
[2022-08-17 20:55:17,869] {processor.py:153} INFO - Started process (PID=18747) to work on /home/airflow/.local/lib/python3.7/site-packages/airflow/example_dags/example_skip_dag.py
[2022-08-17 20:55:17,874] {processor.py:641} INFO - Processing file /home/airflow/.local/lib/python3.7/site-packages/airflow/example_dags/example_skip_dag.py for tasks to queue
[2022-08-17 20:55:17,876] {logging_mixin.py:115} INFO - [2022-08-17 20:55:17,875] {dagbag.py:507} INFO - Filling up the DagBag from /home/airflow/.local/lib/python3.7/site-packages/airflow/example_dags/example_skip_dag.py
[2022-08-17 20:55:17,896] {processor.py:651} INFO - DAG(s) dict_keys(['example_skip_dag']) retrieved from /home/airflow/.local/lib/python3.7/site-packages/airflow/example_dags/example_skip_dag.py
[2022-08-17 20:55:17,989] {logging_mixin.py:115} INFO - [2022-08-17 20:55:17,988] {dag.py:2371} INFO - Sync 1 DAGs
[2022-08-17 20:55:18,051] {logging_mixin.py:115} INFO - [2022-08-17 20:55:18,046] {dag.py:2919} INFO - Setting next_dagrun for example_skip_dag to 2022-08-16T20:55:18.045629+00:00, run_after=2022-08-17T20:55:18.045629+00:00
[2022-08-17 20:55:18,104] {processor.py:161} INFO - Processing /home/airflow/.local/lib/python3.7/site-packages/airflow/example_dags/example_skip_dag.py took 0.238 seconds
[2022-08-17 22:43:21,794] {processor.py:153} INFO - Started process (PID=18790) to work on /home/airflow/.local/lib/python3.7/site-packages/airflow/example_dags/example_skip_dag.py
[2022-08-17 22:43:21,799] {processor.py:641} INFO - Processing file /home/airflow/.local/lib/python3.7/site-packages/airflow/example_dags/example_skip_dag.py for tasks to queue
[2022-08-17 22:43:21,801] {logging_mixin.py:115} INFO - [2022-08-17 22:43:21,800] {dagbag.py:507} INFO - Filling up the DagBag from /home/airflow/.local/lib/python3.7/site-packages/airflow/example_dags/example_skip_dag.py
[2022-08-17 22:43:21,809] {processor.py:651} INFO - DAG(s) dict_keys(['example_skip_dag']) retrieved from /home/airflow/.local/lib/python3.7/site-packages/airflow/example_dags/example_skip_dag.py
[2022-08-17 22:43:21,844] {logging_mixin.py:115} INFO - [2022-08-17 22:43:21,844] {dag.py:2371} INFO - Sync 1 DAGs
[2022-08-17 22:43:21,872] {logging_mixin.py:115} INFO - [2022-08-17 22:43:21,872] {dag.py:2919} INFO - Setting next_dagrun for example_skip_dag to 2022-08-16T22:43:21.872275+00:00, run_after=2022-08-17T22:43:21.872275+00:00
[2022-08-17 22:43:21,894] {processor.py:161} INFO - Processing /home/airflow/.local/lib/python3.7/site-packages/airflow/example_dags/example_skip_dag.py took 0.105 seconds
