[2022-08-17 00:09:03,933] {processor.py:153} INFO - Started process (PID=16202) to work on /home/airflow/.local/lib/python3.7/site-packages/airflow/example_dags/example_kubernetes_executor.py
[2022-08-17 00:09:03,946] {processor.py:641} INFO - Processing file /home/airflow/.local/lib/python3.7/site-packages/airflow/example_dags/example_kubernetes_executor.py for tasks to queue
[2022-08-17 00:09:03,948] {logging_mixin.py:115} INFO - [2022-08-17 00:09:03,948] {dagbag.py:507} INFO - Filling up the DagBag from /home/airflow/.local/lib/python3.7/site-packages/airflow/example_dags/example_kubernetes_executor.py
[2022-08-17 00:09:04,032] {processor.py:651} INFO - DAG(s) dict_keys(['example_kubernetes_executor']) retrieved from /home/airflow/.local/lib/python3.7/site-packages/airflow/example_dags/example_kubernetes_executor.py
[2022-08-17 00:09:04,061] {logging_mixin.py:115} INFO - [2022-08-17 00:09:04,061] {dag.py:2371} INFO - Sync 1 DAGs
[2022-08-17 00:09:04,081] {logging_mixin.py:115} INFO - [2022-08-17 00:09:04,081] {dag.py:2919} INFO - Setting next_dagrun for example_kubernetes_executor to None, run_after=None
[2022-08-17 00:09:04,095] {processor.py:161} INFO - Processing /home/airflow/.local/lib/python3.7/site-packages/airflow/example_dags/example_kubernetes_executor.py took 0.166 seconds
[2022-08-17 01:48:06,740] {processor.py:153} INFO - Started process (PID=16246) to work on /home/airflow/.local/lib/python3.7/site-packages/airflow/example_dags/example_kubernetes_executor.py
[2022-08-17 01:48:06,741] {processor.py:641} INFO - Processing file /home/airflow/.local/lib/python3.7/site-packages/airflow/example_dags/example_kubernetes_executor.py for tasks to queue
[2022-08-17 01:48:06,742] {logging_mixin.py:115} INFO - [2022-08-17 01:48:06,742] {dagbag.py:507} INFO - Filling up the DagBag from /home/airflow/.local/lib/python3.7/site-packages/airflow/example_dags/example_kubernetes_executor.py
[2022-08-17 01:48:06,796] {processor.py:651} INFO - DAG(s) dict_keys(['example_kubernetes_executor']) retrieved from /home/airflow/.local/lib/python3.7/site-packages/airflow/example_dags/example_kubernetes_executor.py
[2022-08-17 01:48:06,860] {logging_mixin.py:115} INFO - [2022-08-17 01:48:06,860] {dag.py:2371} INFO - Sync 1 DAGs
[2022-08-17 01:48:06,914] {logging_mixin.py:115} INFO - [2022-08-17 01:48:06,914] {dag.py:2919} INFO - Setting next_dagrun for example_kubernetes_executor to None, run_after=None
[2022-08-17 01:48:06,938] {processor.py:161} INFO - Processing /home/airflow/.local/lib/python3.7/site-packages/airflow/example_dags/example_kubernetes_executor.py took 0.203 seconds
[2022-08-17 05:24:29,145] {processor.py:153} INFO - Started process (PID=16298) to work on /home/airflow/.local/lib/python3.7/site-packages/airflow/example_dags/example_kubernetes_executor.py
[2022-08-17 05:24:29,159] {processor.py:641} INFO - Processing file /home/airflow/.local/lib/python3.7/site-packages/airflow/example_dags/example_kubernetes_executor.py for tasks to queue
[2022-08-17 05:24:29,162] {logging_mixin.py:115} INFO - [2022-08-17 05:24:29,162] {dagbag.py:507} INFO - Filling up the DagBag from /home/airflow/.local/lib/python3.7/site-packages/airflow/example_dags/example_kubernetes_executor.py
[2022-08-17 05:24:29,288] {processor.py:651} INFO - DAG(s) dict_keys(['example_kubernetes_executor']) retrieved from /home/airflow/.local/lib/python3.7/site-packages/airflow/example_dags/example_kubernetes_executor.py
[2022-08-17 05:24:29,406] {logging_mixin.py:115} INFO - [2022-08-17 05:24:29,406] {dag.py:2371} INFO - Sync 1 DAGs
[2022-08-17 05:24:29,493] {logging_mixin.py:115} INFO - [2022-08-17 05:24:29,493] {dag.py:2919} INFO - Setting next_dagrun for example_kubernetes_executor to None, run_after=None
[2022-08-17 05:24:29,538] {processor.py:161} INFO - Processing /home/airflow/.local/lib/python3.7/site-packages/airflow/example_dags/example_kubernetes_executor.py took 0.399 seconds
[2022-08-17 05:27:17,678] {processor.py:153} INFO - Started process (PID=16361) to work on /home/airflow/.local/lib/python3.7/site-packages/airflow/example_dags/example_kubernetes_executor.py
[2022-08-17 05:27:17,684] {processor.py:641} INFO - Processing file /home/airflow/.local/lib/python3.7/site-packages/airflow/example_dags/example_kubernetes_executor.py for tasks to queue
[2022-08-17 05:27:17,685] {logging_mixin.py:115} INFO - [2022-08-17 05:27:17,685] {dagbag.py:507} INFO - Filling up the DagBag from /home/airflow/.local/lib/python3.7/site-packages/airflow/example_dags/example_kubernetes_executor.py
[2022-08-17 05:27:17,832] {processor.py:651} INFO - DAG(s) dict_keys(['example_kubernetes_executor']) retrieved from /home/airflow/.local/lib/python3.7/site-packages/airflow/example_dags/example_kubernetes_executor.py
[2022-08-17 05:27:18,036] {logging_mixin.py:115} INFO - [2022-08-17 05:27:18,036] {dag.py:2371} INFO - Sync 1 DAGs
[2022-08-17 05:27:18,105] {logging_mixin.py:115} INFO - [2022-08-17 05:27:18,105] {dag.py:2919} INFO - Setting next_dagrun for example_kubernetes_executor to None, run_after=None
[2022-08-17 05:27:18,132] {processor.py:161} INFO - Processing /home/airflow/.local/lib/python3.7/site-packages/airflow/example_dags/example_kubernetes_executor.py took 0.476 seconds
[2022-08-17 05:27:49,185] {processor.py:153} INFO - Started process (PID=16413) to work on /home/airflow/.local/lib/python3.7/site-packages/airflow/example_dags/example_kubernetes_executor.py
[2022-08-17 05:27:49,188] {processor.py:641} INFO - Processing file /home/airflow/.local/lib/python3.7/site-packages/airflow/example_dags/example_kubernetes_executor.py for tasks to queue
[2022-08-17 05:27:49,193] {logging_mixin.py:115} INFO - [2022-08-17 05:27:49,192] {dagbag.py:507} INFO - Filling up the DagBag from /home/airflow/.local/lib/python3.7/site-packages/airflow/example_dags/example_kubernetes_executor.py
[2022-08-17 05:27:49,364] {processor.py:651} INFO - DAG(s) dict_keys(['example_kubernetes_executor']) retrieved from /home/airflow/.local/lib/python3.7/site-packages/airflow/example_dags/example_kubernetes_executor.py
[2022-08-17 05:27:49,533] {logging_mixin.py:115} INFO - [2022-08-17 05:27:49,532] {dag.py:2371} INFO - Sync 1 DAGs
[2022-08-17 05:27:49,623] {logging_mixin.py:115} INFO - [2022-08-17 05:27:49,623] {dag.py:2919} INFO - Setting next_dagrun for example_kubernetes_executor to None, run_after=None
[2022-08-17 05:27:49,660] {processor.py:161} INFO - Processing /home/airflow/.local/lib/python3.7/site-packages/airflow/example_dags/example_kubernetes_executor.py took 0.497 seconds
[2022-08-17 05:32:48,617] {processor.py:153} INFO - Started process (PID=16456) to work on /home/airflow/.local/lib/python3.7/site-packages/airflow/example_dags/example_kubernetes_executor.py
[2022-08-17 05:32:48,620] {processor.py:641} INFO - Processing file /home/airflow/.local/lib/python3.7/site-packages/airflow/example_dags/example_kubernetes_executor.py for tasks to queue
[2022-08-17 05:32:48,623] {logging_mixin.py:115} INFO - [2022-08-17 05:32:48,622] {dagbag.py:507} INFO - Filling up the DagBag from /home/airflow/.local/lib/python3.7/site-packages/airflow/example_dags/example_kubernetes_executor.py
[2022-08-17 05:32:48,697] {processor.py:651} INFO - DAG(s) dict_keys(['example_kubernetes_executor']) retrieved from /home/airflow/.local/lib/python3.7/site-packages/airflow/example_dags/example_kubernetes_executor.py
[2022-08-17 05:32:48,760] {logging_mixin.py:115} INFO - [2022-08-17 05:32:48,759] {dag.py:2371} INFO - Sync 1 DAGs
[2022-08-17 05:32:48,819] {logging_mixin.py:115} INFO - [2022-08-17 05:32:48,819] {dag.py:2919} INFO - Setting next_dagrun for example_kubernetes_executor to None, run_after=None
[2022-08-17 05:32:48,852] {processor.py:161} INFO - Processing /home/airflow/.local/lib/python3.7/site-packages/airflow/example_dags/example_kubernetes_executor.py took 0.241 seconds
[2022-08-17 05:33:19,574] {processor.py:153} INFO - Started process (PID=16508) to work on /home/airflow/.local/lib/python3.7/site-packages/airflow/example_dags/example_kubernetes_executor.py
[2022-08-17 05:33:19,578] {processor.py:641} INFO - Processing file /home/airflow/.local/lib/python3.7/site-packages/airflow/example_dags/example_kubernetes_executor.py for tasks to queue
[2022-08-17 05:33:19,583] {logging_mixin.py:115} INFO - [2022-08-17 05:33:19,583] {dagbag.py:507} INFO - Filling up the DagBag from /home/airflow/.local/lib/python3.7/site-packages/airflow/example_dags/example_kubernetes_executor.py
[2022-08-17 05:33:19,653] {processor.py:651} INFO - DAG(s) dict_keys(['example_kubernetes_executor']) retrieved from /home/airflow/.local/lib/python3.7/site-packages/airflow/example_dags/example_kubernetes_executor.py
[2022-08-17 05:33:19,726] {logging_mixin.py:115} INFO - [2022-08-17 05:33:19,726] {dag.py:2371} INFO - Sync 1 DAGs
[2022-08-17 05:33:19,779] {logging_mixin.py:115} INFO - [2022-08-17 05:33:19,779] {dag.py:2919} INFO - Setting next_dagrun for example_kubernetes_executor to None, run_after=None
[2022-08-17 05:33:19,809] {processor.py:161} INFO - Processing /home/airflow/.local/lib/python3.7/site-packages/airflow/example_dags/example_kubernetes_executor.py took 0.245 seconds
[2022-08-17 05:38:21,221] {processor.py:153} INFO - Started process (PID=16560) to work on /home/airflow/.local/lib/python3.7/site-packages/airflow/example_dags/example_kubernetes_executor.py
[2022-08-17 05:38:21,223] {processor.py:641} INFO - Processing file /home/airflow/.local/lib/python3.7/site-packages/airflow/example_dags/example_kubernetes_executor.py for tasks to queue
[2022-08-17 05:38:21,226] {logging_mixin.py:115} INFO - [2022-08-17 05:38:21,225] {dagbag.py:507} INFO - Filling up the DagBag from /home/airflow/.local/lib/python3.7/site-packages/airflow/example_dags/example_kubernetes_executor.py
[2022-08-17 05:38:21,263] {processor.py:651} INFO - DAG(s) dict_keys(['example_kubernetes_executor']) retrieved from /home/airflow/.local/lib/python3.7/site-packages/airflow/example_dags/example_kubernetes_executor.py
[2022-08-17 05:38:21,303] {logging_mixin.py:115} INFO - [2022-08-17 05:38:21,303] {dag.py:2371} INFO - Sync 1 DAGs
[2022-08-17 05:38:21,355] {logging_mixin.py:115} INFO - [2022-08-17 05:38:21,355] {dag.py:2919} INFO - Setting next_dagrun for example_kubernetes_executor to None, run_after=None
[2022-08-17 05:38:21,381] {processor.py:161} INFO - Processing /home/airflow/.local/lib/python3.7/site-packages/airflow/example_dags/example_kubernetes_executor.py took 0.165 seconds
[2022-08-17 05:38:52,286] {processor.py:153} INFO - Started process (PID=16612) to work on /home/airflow/.local/lib/python3.7/site-packages/airflow/example_dags/example_kubernetes_executor.py
[2022-08-17 05:38:52,288] {processor.py:641} INFO - Processing file /home/airflow/.local/lib/python3.7/site-packages/airflow/example_dags/example_kubernetes_executor.py for tasks to queue
[2022-08-17 05:38:52,291] {logging_mixin.py:115} INFO - [2022-08-17 05:38:52,290] {dagbag.py:507} INFO - Filling up the DagBag from /home/airflow/.local/lib/python3.7/site-packages/airflow/example_dags/example_kubernetes_executor.py
[2022-08-17 05:38:52,356] {processor.py:651} INFO - DAG(s) dict_keys(['example_kubernetes_executor']) retrieved from /home/airflow/.local/lib/python3.7/site-packages/airflow/example_dags/example_kubernetes_executor.py
[2022-08-17 05:38:52,426] {logging_mixin.py:115} INFO - [2022-08-17 05:38:52,425] {dag.py:2371} INFO - Sync 1 DAGs
[2022-08-17 05:38:52,492] {logging_mixin.py:115} INFO - [2022-08-17 05:38:52,492] {dag.py:2919} INFO - Setting next_dagrun for example_kubernetes_executor to None, run_after=None
[2022-08-17 05:38:52,521] {processor.py:161} INFO - Processing /home/airflow/.local/lib/python3.7/site-packages/airflow/example_dags/example_kubernetes_executor.py took 0.244 seconds
[2022-08-17 05:43:59,970] {processor.py:153} INFO - Started process (PID=16665) to work on /home/airflow/.local/lib/python3.7/site-packages/airflow/example_dags/example_kubernetes_executor.py
[2022-08-17 05:43:59,971] {processor.py:641} INFO - Processing file /home/airflow/.local/lib/python3.7/site-packages/airflow/example_dags/example_kubernetes_executor.py for tasks to queue
[2022-08-17 05:43:59,973] {logging_mixin.py:115} INFO - [2022-08-17 05:43:59,973] {dagbag.py:507} INFO - Filling up the DagBag from /home/airflow/.local/lib/python3.7/site-packages/airflow/example_dags/example_kubernetes_executor.py
[2022-08-17 05:44:00,024] {processor.py:651} INFO - DAG(s) dict_keys(['example_kubernetes_executor']) retrieved from /home/airflow/.local/lib/python3.7/site-packages/airflow/example_dags/example_kubernetes_executor.py
[2022-08-17 05:44:00,089] {logging_mixin.py:115} INFO - [2022-08-17 05:44:00,089] {dag.py:2371} INFO - Sync 1 DAGs
[2022-08-17 05:44:00,132] {logging_mixin.py:115} INFO - [2022-08-17 05:44:00,132] {dag.py:2919} INFO - Setting next_dagrun for example_kubernetes_executor to None, run_after=None
[2022-08-17 05:44:00,155] {processor.py:161} INFO - Processing /home/airflow/.local/lib/python3.7/site-packages/airflow/example_dags/example_kubernetes_executor.py took 0.191 seconds
[2022-08-17 05:44:30,882] {processor.py:153} INFO - Started process (PID=16718) to work on /home/airflow/.local/lib/python3.7/site-packages/airflow/example_dags/example_kubernetes_executor.py
[2022-08-17 05:44:30,885] {processor.py:641} INFO - Processing file /home/airflow/.local/lib/python3.7/site-packages/airflow/example_dags/example_kubernetes_executor.py for tasks to queue
[2022-08-17 05:44:30,888] {logging_mixin.py:115} INFO - [2022-08-17 05:44:30,888] {dagbag.py:507} INFO - Filling up the DagBag from /home/airflow/.local/lib/python3.7/site-packages/airflow/example_dags/example_kubernetes_executor.py
[2022-08-17 05:44:30,958] {processor.py:651} INFO - DAG(s) dict_keys(['example_kubernetes_executor']) retrieved from /home/airflow/.local/lib/python3.7/site-packages/airflow/example_dags/example_kubernetes_executor.py
[2022-08-17 05:44:31,026] {logging_mixin.py:115} INFO - [2022-08-17 05:44:31,026] {dag.py:2371} INFO - Sync 1 DAGs
[2022-08-17 05:44:31,077] {logging_mixin.py:115} INFO - [2022-08-17 05:44:31,077] {dag.py:2919} INFO - Setting next_dagrun for example_kubernetes_executor to None, run_after=None
[2022-08-17 05:44:31,112] {processor.py:161} INFO - Processing /home/airflow/.local/lib/python3.7/site-packages/airflow/example_dags/example_kubernetes_executor.py took 0.239 seconds
[2022-08-17 05:49:35,914] {processor.py:153} INFO - Started process (PID=16771) to work on /home/airflow/.local/lib/python3.7/site-packages/airflow/example_dags/example_kubernetes_executor.py
[2022-08-17 05:49:35,916] {processor.py:641} INFO - Processing file /home/airflow/.local/lib/python3.7/site-packages/airflow/example_dags/example_kubernetes_executor.py for tasks to queue
[2022-08-17 05:49:35,917] {logging_mixin.py:115} INFO - [2022-08-17 05:49:35,917] {dagbag.py:507} INFO - Filling up the DagBag from /home/airflow/.local/lib/python3.7/site-packages/airflow/example_dags/example_kubernetes_executor.py
[2022-08-17 05:49:35,993] {processor.py:651} INFO - DAG(s) dict_keys(['example_kubernetes_executor']) retrieved from /home/airflow/.local/lib/python3.7/site-packages/airflow/example_dags/example_kubernetes_executor.py
[2022-08-17 05:49:36,047] {logging_mixin.py:115} INFO - [2022-08-17 05:49:36,047] {dag.py:2371} INFO - Sync 1 DAGs
[2022-08-17 05:49:36,075] {logging_mixin.py:115} INFO - [2022-08-17 05:49:36,075] {dag.py:2919} INFO - Setting next_dagrun for example_kubernetes_executor to None, run_after=None
[2022-08-17 05:49:36,089] {processor.py:161} INFO - Processing /home/airflow/.local/lib/python3.7/site-packages/airflow/example_dags/example_kubernetes_executor.py took 0.179 seconds
[2022-08-17 05:50:07,408] {processor.py:153} INFO - Started process (PID=16823) to work on /home/airflow/.local/lib/python3.7/site-packages/airflow/example_dags/example_kubernetes_executor.py
[2022-08-17 05:50:07,411] {processor.py:641} INFO - Processing file /home/airflow/.local/lib/python3.7/site-packages/airflow/example_dags/example_kubernetes_executor.py for tasks to queue
[2022-08-17 05:50:07,414] {logging_mixin.py:115} INFO - [2022-08-17 05:50:07,413] {dagbag.py:507} INFO - Filling up the DagBag from /home/airflow/.local/lib/python3.7/site-packages/airflow/example_dags/example_kubernetes_executor.py
[2022-08-17 05:50:07,487] {processor.py:651} INFO - DAG(s) dict_keys(['example_kubernetes_executor']) retrieved from /home/airflow/.local/lib/python3.7/site-packages/airflow/example_dags/example_kubernetes_executor.py
[2022-08-17 05:50:07,556] {logging_mixin.py:115} INFO - [2022-08-17 05:50:07,555] {dag.py:2371} INFO - Sync 1 DAGs
[2022-08-17 05:50:07,600] {logging_mixin.py:115} INFO - [2022-08-17 05:50:07,600] {dag.py:2919} INFO - Setting next_dagrun for example_kubernetes_executor to None, run_after=None
[2022-08-17 05:50:07,630] {processor.py:161} INFO - Processing /home/airflow/.local/lib/python3.7/site-packages/airflow/example_dags/example_kubernetes_executor.py took 0.234 seconds
[2022-08-17 05:50:38,308] {processor.py:153} INFO - Started process (PID=16875) to work on /home/airflow/.local/lib/python3.7/site-packages/airflow/example_dags/example_kubernetes_executor.py
[2022-08-17 05:50:38,311] {processor.py:641} INFO - Processing file /home/airflow/.local/lib/python3.7/site-packages/airflow/example_dags/example_kubernetes_executor.py for tasks to queue
[2022-08-17 05:50:38,313] {logging_mixin.py:115} INFO - [2022-08-17 05:50:38,313] {dagbag.py:507} INFO - Filling up the DagBag from /home/airflow/.local/lib/python3.7/site-packages/airflow/example_dags/example_kubernetes_executor.py
[2022-08-17 05:50:38,367] {processor.py:651} INFO - DAG(s) dict_keys(['example_kubernetes_executor']) retrieved from /home/airflow/.local/lib/python3.7/site-packages/airflow/example_dags/example_kubernetes_executor.py
[2022-08-17 05:50:38,417] {logging_mixin.py:115} INFO - [2022-08-17 05:50:38,417] {dag.py:2371} INFO - Sync 1 DAGs
[2022-08-17 05:50:38,450] {logging_mixin.py:115} INFO - [2022-08-17 05:50:38,449] {dag.py:2919} INFO - Setting next_dagrun for example_kubernetes_executor to None, run_after=None
[2022-08-17 05:50:38,472] {processor.py:161} INFO - Processing /home/airflow/.local/lib/python3.7/site-packages/airflow/example_dags/example_kubernetes_executor.py took 0.171 seconds
[2022-08-17 06:05:47,878] {processor.py:153} INFO - Started process (PID=16895) to work on /home/airflow/.local/lib/python3.7/site-packages/airflow/example_dags/example_kubernetes_executor.py
[2022-08-17 06:05:47,886] {processor.py:641} INFO - Processing file /home/airflow/.local/lib/python3.7/site-packages/airflow/example_dags/example_kubernetes_executor.py for tasks to queue
[2022-08-17 06:05:47,888] {logging_mixin.py:115} INFO - [2022-08-17 06:05:47,888] {dagbag.py:507} INFO - Filling up the DagBag from /home/airflow/.local/lib/python3.7/site-packages/airflow/example_dags/example_kubernetes_executor.py
[2022-08-17 06:05:47,984] {processor.py:651} INFO - DAG(s) dict_keys(['example_kubernetes_executor']) retrieved from /home/airflow/.local/lib/python3.7/site-packages/airflow/example_dags/example_kubernetes_executor.py
[2022-08-17 06:05:48,051] {logging_mixin.py:115} INFO - [2022-08-17 06:05:48,051] {dag.py:2371} INFO - Sync 1 DAGs
[2022-08-17 06:05:48,111] {logging_mixin.py:115} INFO - [2022-08-17 06:05:48,111] {dag.py:2919} INFO - Setting next_dagrun for example_kubernetes_executor to None, run_after=None
[2022-08-17 06:05:48,155] {processor.py:161} INFO - Processing /home/airflow/.local/lib/python3.7/site-packages/airflow/example_dags/example_kubernetes_executor.py took 0.296 seconds
[2022-08-17 06:06:19,408] {processor.py:153} INFO - Started process (PID=16947) to work on /home/airflow/.local/lib/python3.7/site-packages/airflow/example_dags/example_kubernetes_executor.py
[2022-08-17 06:06:19,413] {processor.py:641} INFO - Processing file /home/airflow/.local/lib/python3.7/site-packages/airflow/example_dags/example_kubernetes_executor.py for tasks to queue
[2022-08-17 06:06:19,420] {logging_mixin.py:115} INFO - [2022-08-17 06:06:19,419] {dagbag.py:507} INFO - Filling up the DagBag from /home/airflow/.local/lib/python3.7/site-packages/airflow/example_dags/example_kubernetes_executor.py
[2022-08-17 06:06:19,584] {processor.py:651} INFO - DAG(s) dict_keys(['example_kubernetes_executor']) retrieved from /home/airflow/.local/lib/python3.7/site-packages/airflow/example_dags/example_kubernetes_executor.py
[2022-08-17 06:06:19,714] {logging_mixin.py:115} INFO - [2022-08-17 06:06:19,713] {dag.py:2371} INFO - Sync 1 DAGs
[2022-08-17 06:06:19,848] {logging_mixin.py:115} INFO - [2022-08-17 06:06:19,848] {dag.py:2919} INFO - Setting next_dagrun for example_kubernetes_executor to None, run_after=None
[2022-08-17 06:06:19,896] {processor.py:161} INFO - Processing /home/airflow/.local/lib/python3.7/site-packages/airflow/example_dags/example_kubernetes_executor.py took 0.509 seconds
[2022-08-17 06:11:23,312] {processor.py:153} INFO - Started process (PID=16999) to work on /home/airflow/.local/lib/python3.7/site-packages/airflow/example_dags/example_kubernetes_executor.py
[2022-08-17 06:11:23,313] {processor.py:641} INFO - Processing file /home/airflow/.local/lib/python3.7/site-packages/airflow/example_dags/example_kubernetes_executor.py for tasks to queue
[2022-08-17 06:11:23,317] {logging_mixin.py:115} INFO - [2022-08-17 06:11:23,317] {dagbag.py:507} INFO - Filling up the DagBag from /home/airflow/.local/lib/python3.7/site-packages/airflow/example_dags/example_kubernetes_executor.py
[2022-08-17 06:11:23,369] {processor.py:651} INFO - DAG(s) dict_keys(['example_kubernetes_executor']) retrieved from /home/airflow/.local/lib/python3.7/site-packages/airflow/example_dags/example_kubernetes_executor.py
[2022-08-17 06:11:23,431] {logging_mixin.py:115} INFO - [2022-08-17 06:11:23,431] {dag.py:2371} INFO - Sync 1 DAGs
[2022-08-17 06:11:23,457] {logging_mixin.py:115} INFO - [2022-08-17 06:11:23,457] {dag.py:2919} INFO - Setting next_dagrun for example_kubernetes_executor to None, run_after=None
[2022-08-17 06:11:23,476] {processor.py:161} INFO - Processing /home/airflow/.local/lib/python3.7/site-packages/airflow/example_dags/example_kubernetes_executor.py took 0.167 seconds
[2022-08-17 06:11:54,212] {processor.py:153} INFO - Started process (PID=17052) to work on /home/airflow/.local/lib/python3.7/site-packages/airflow/example_dags/example_kubernetes_executor.py
[2022-08-17 06:11:54,215] {processor.py:641} INFO - Processing file /home/airflow/.local/lib/python3.7/site-packages/airflow/example_dags/example_kubernetes_executor.py for tasks to queue
[2022-08-17 06:11:54,218] {logging_mixin.py:115} INFO - [2022-08-17 06:11:54,217] {dagbag.py:507} INFO - Filling up the DagBag from /home/airflow/.local/lib/python3.7/site-packages/airflow/example_dags/example_kubernetes_executor.py
[2022-08-17 06:11:54,288] {processor.py:651} INFO - DAG(s) dict_keys(['example_kubernetes_executor']) retrieved from /home/airflow/.local/lib/python3.7/site-packages/airflow/example_dags/example_kubernetes_executor.py
[2022-08-17 06:11:54,361] {logging_mixin.py:115} INFO - [2022-08-17 06:11:54,360] {dag.py:2371} INFO - Sync 1 DAGs
[2022-08-17 06:11:54,412] {logging_mixin.py:115} INFO - [2022-08-17 06:11:54,412] {dag.py:2919} INFO - Setting next_dagrun for example_kubernetes_executor to None, run_after=None
[2022-08-17 06:11:54,446] {processor.py:161} INFO - Processing /home/airflow/.local/lib/python3.7/site-packages/airflow/example_dags/example_kubernetes_executor.py took 0.243 seconds
[2022-08-17 06:12:59,721] {processor.py:153} INFO - Started process (PID=17104) to work on /home/airflow/.local/lib/python3.7/site-packages/airflow/example_dags/example_kubernetes_executor.py
[2022-08-17 06:12:59,725] {processor.py:641} INFO - Processing file /home/airflow/.local/lib/python3.7/site-packages/airflow/example_dags/example_kubernetes_executor.py for tasks to queue
[2022-08-17 06:12:59,732] {logging_mixin.py:115} INFO - [2022-08-17 06:12:59,731] {dagbag.py:507} INFO - Filling up the DagBag from /home/airflow/.local/lib/python3.7/site-packages/airflow/example_dags/example_kubernetes_executor.py
[2022-08-17 06:12:59,797] {processor.py:651} INFO - DAG(s) dict_keys(['example_kubernetes_executor']) retrieved from /home/airflow/.local/lib/python3.7/site-packages/airflow/example_dags/example_kubernetes_executor.py
[2022-08-17 06:12:59,847] {logging_mixin.py:115} INFO - [2022-08-17 06:12:59,846] {dag.py:2371} INFO - Sync 1 DAGs
[2022-08-17 06:12:59,898] {logging_mixin.py:115} INFO - [2022-08-17 06:12:59,897] {dag.py:2919} INFO - Setting next_dagrun for example_kubernetes_executor to None, run_after=None
[2022-08-17 06:12:59,929] {processor.py:161} INFO - Processing /home/airflow/.local/lib/python3.7/site-packages/airflow/example_dags/example_kubernetes_executor.py took 0.220 seconds
[2022-08-17 06:18:15,597] {processor.py:153} INFO - Started process (PID=17147) to work on /home/airflow/.local/lib/python3.7/site-packages/airflow/example_dags/example_kubernetes_executor.py
[2022-08-17 06:18:15,599] {processor.py:641} INFO - Processing file /home/airflow/.local/lib/python3.7/site-packages/airflow/example_dags/example_kubernetes_executor.py for tasks to queue
[2022-08-17 06:18:15,601] {logging_mixin.py:115} INFO - [2022-08-17 06:18:15,601] {dagbag.py:507} INFO - Filling up the DagBag from /home/airflow/.local/lib/python3.7/site-packages/airflow/example_dags/example_kubernetes_executor.py
[2022-08-17 06:18:15,638] {processor.py:651} INFO - DAG(s) dict_keys(['example_kubernetes_executor']) retrieved from /home/airflow/.local/lib/python3.7/site-packages/airflow/example_dags/example_kubernetes_executor.py
[2022-08-17 06:18:15,683] {logging_mixin.py:115} INFO - [2022-08-17 06:18:15,683] {dag.py:2371} INFO - Sync 1 DAGs
[2022-08-17 06:18:15,719] {logging_mixin.py:115} INFO - [2022-08-17 06:18:15,719] {dag.py:2919} INFO - Setting next_dagrun for example_kubernetes_executor to None, run_after=None
[2022-08-17 06:18:15,743] {processor.py:161} INFO - Processing /home/airflow/.local/lib/python3.7/site-packages/airflow/example_dags/example_kubernetes_executor.py took 0.152 seconds
[2022-08-17 07:18:06,138] {processor.py:153} INFO - Started process (PID=17200) to work on /home/airflow/.local/lib/python3.7/site-packages/airflow/example_dags/example_kubernetes_executor.py
[2022-08-17 07:18:06,139] {processor.py:641} INFO - Processing file /home/airflow/.local/lib/python3.7/site-packages/airflow/example_dags/example_kubernetes_executor.py for tasks to queue
[2022-08-17 07:18:06,141] {logging_mixin.py:115} INFO - [2022-08-17 07:18:06,141] {dagbag.py:507} INFO - Filling up the DagBag from /home/airflow/.local/lib/python3.7/site-packages/airflow/example_dags/example_kubernetes_executor.py
[2022-08-17 07:18:06,173] {processor.py:651} INFO - DAG(s) dict_keys(['example_kubernetes_executor']) retrieved from /home/airflow/.local/lib/python3.7/site-packages/airflow/example_dags/example_kubernetes_executor.py
[2022-08-17 07:18:06,206] {logging_mixin.py:115} INFO - [2022-08-17 07:18:06,206] {dag.py:2371} INFO - Sync 1 DAGs
[2022-08-17 07:18:06,228] {logging_mixin.py:115} INFO - [2022-08-17 07:18:06,228] {dag.py:2919} INFO - Setting next_dagrun for example_kubernetes_executor to None, run_after=None
[2022-08-17 07:18:06,241] {processor.py:161} INFO - Processing /home/airflow/.local/lib/python3.7/site-packages/airflow/example_dags/example_kubernetes_executor.py took 0.107 seconds
[2022-08-17 10:54:14,995] {processor.py:153} INFO - Started process (PID=17253) to work on /home/airflow/.local/lib/python3.7/site-packages/airflow/example_dags/example_kubernetes_executor.py
[2022-08-17 10:54:15,011] {processor.py:641} INFO - Processing file /home/airflow/.local/lib/python3.7/site-packages/airflow/example_dags/example_kubernetes_executor.py for tasks to queue
[2022-08-17 10:54:15,013] {logging_mixin.py:115} INFO - [2022-08-17 10:54:15,013] {dagbag.py:507} INFO - Filling up the DagBag from /home/airflow/.local/lib/python3.7/site-packages/airflow/example_dags/example_kubernetes_executor.py
[2022-08-17 10:54:15,065] {processor.py:651} INFO - DAG(s) dict_keys(['example_kubernetes_executor']) retrieved from /home/airflow/.local/lib/python3.7/site-packages/airflow/example_dags/example_kubernetes_executor.py
[2022-08-17 10:54:15,122] {logging_mixin.py:115} INFO - [2022-08-17 10:54:15,121] {dag.py:2371} INFO - Sync 1 DAGs
[2022-08-17 10:54:15,168] {logging_mixin.py:115} INFO - [2022-08-17 10:54:15,168] {dag.py:2919} INFO - Setting next_dagrun for example_kubernetes_executor to None, run_after=None
[2022-08-17 10:54:15,183] {processor.py:161} INFO - Processing /home/airflow/.local/lib/python3.7/site-packages/airflow/example_dags/example_kubernetes_executor.py took 0.198 seconds
[2022-08-17 12:42:31,619] {processor.py:153} INFO - Started process (PID=17305) to work on /home/airflow/.local/lib/python3.7/site-packages/airflow/example_dags/example_kubernetes_executor.py
[2022-08-17 12:42:31,620] {processor.py:641} INFO - Processing file /home/airflow/.local/lib/python3.7/site-packages/airflow/example_dags/example_kubernetes_executor.py for tasks to queue
[2022-08-17 12:42:31,622] {logging_mixin.py:115} INFO - [2022-08-17 12:42:31,621] {dagbag.py:507} INFO - Filling up the DagBag from /home/airflow/.local/lib/python3.7/site-packages/airflow/example_dags/example_kubernetes_executor.py
[2022-08-17 12:42:31,661] {processor.py:651} INFO - DAG(s) dict_keys(['example_kubernetes_executor']) retrieved from /home/airflow/.local/lib/python3.7/site-packages/airflow/example_dags/example_kubernetes_executor.py
[2022-08-17 12:42:31,698] {logging_mixin.py:115} INFO - [2022-08-17 12:42:31,698] {dag.py:2371} INFO - Sync 1 DAGs
[2022-08-17 12:42:31,721] {logging_mixin.py:115} INFO - [2022-08-17 12:42:31,721] {dag.py:2919} INFO - Setting next_dagrun for example_kubernetes_executor to None, run_after=None
[2022-08-17 12:42:31,734] {processor.py:161} INFO - Processing /home/airflow/.local/lib/python3.7/site-packages/airflow/example_dags/example_kubernetes_executor.py took 0.121 seconds
[2022-08-17 16:18:39,772] {processor.py:153} INFO - Started process (PID=17356) to work on /home/airflow/.local/lib/python3.7/site-packages/airflow/example_dags/example_kubernetes_executor.py
[2022-08-17 16:18:39,776] {processor.py:641} INFO - Processing file /home/airflow/.local/lib/python3.7/site-packages/airflow/example_dags/example_kubernetes_executor.py for tasks to queue
[2022-08-17 16:18:39,778] {logging_mixin.py:115} INFO - [2022-08-17 16:18:39,778] {dagbag.py:507} INFO - Filling up the DagBag from /home/airflow/.local/lib/python3.7/site-packages/airflow/example_dags/example_kubernetes_executor.py
[2022-08-17 16:18:39,844] {processor.py:651} INFO - DAG(s) dict_keys(['example_kubernetes_executor']) retrieved from /home/airflow/.local/lib/python3.7/site-packages/airflow/example_dags/example_kubernetes_executor.py
[2022-08-17 16:18:39,900] {logging_mixin.py:115} INFO - [2022-08-17 16:18:39,900] {dag.py:2371} INFO - Sync 1 DAGs
[2022-08-17 16:18:39,929] {logging_mixin.py:115} INFO - [2022-08-17 16:18:39,929] {dag.py:2919} INFO - Setting next_dagrun for example_kubernetes_executor to None, run_after=None
[2022-08-17 16:18:39,948] {processor.py:161} INFO - Processing /home/airflow/.local/lib/python3.7/site-packages/airflow/example_dags/example_kubernetes_executor.py took 0.181 seconds
[2022-08-17 18:06:39,205] {processor.py:153} INFO - Started process (PID=17408) to work on /home/airflow/.local/lib/python3.7/site-packages/airflow/example_dags/example_kubernetes_executor.py
[2022-08-17 18:06:39,213] {processor.py:641} INFO - Processing file /home/airflow/.local/lib/python3.7/site-packages/airflow/example_dags/example_kubernetes_executor.py for tasks to queue
[2022-08-17 18:06:39,216] {logging_mixin.py:115} INFO - [2022-08-17 18:06:39,216] {dagbag.py:507} INFO - Filling up the DagBag from /home/airflow/.local/lib/python3.7/site-packages/airflow/example_dags/example_kubernetes_executor.py
[2022-08-17 18:06:39,290] {processor.py:651} INFO - DAG(s) dict_keys(['example_kubernetes_executor']) retrieved from /home/airflow/.local/lib/python3.7/site-packages/airflow/example_dags/example_kubernetes_executor.py
[2022-08-17 18:06:39,400] {logging_mixin.py:115} INFO - [2022-08-17 18:06:39,400] {dag.py:2371} INFO - Sync 1 DAGs
[2022-08-17 18:06:39,454] {logging_mixin.py:115} INFO - [2022-08-17 18:06:39,454] {dag.py:2919} INFO - Setting next_dagrun for example_kubernetes_executor to None, run_after=None
[2022-08-17 18:06:39,480] {processor.py:161} INFO - Processing /home/airflow/.local/lib/python3.7/site-packages/airflow/example_dags/example_kubernetes_executor.py took 0.279 seconds
[2022-08-17 18:07:10,281] {processor.py:153} INFO - Started process (PID=17469) to work on /home/airflow/.local/lib/python3.7/site-packages/airflow/example_dags/example_kubernetes_executor.py
[2022-08-17 18:07:10,285] {processor.py:641} INFO - Processing file /home/airflow/.local/lib/python3.7/site-packages/airflow/example_dags/example_kubernetes_executor.py for tasks to queue
[2022-08-17 18:07:10,286] {logging_mixin.py:115} INFO - [2022-08-17 18:07:10,286] {dagbag.py:507} INFO - Filling up the DagBag from /home/airflow/.local/lib/python3.7/site-packages/airflow/example_dags/example_kubernetes_executor.py
[2022-08-17 18:07:10,329] {processor.py:651} INFO - DAG(s) dict_keys(['example_kubernetes_executor']) retrieved from /home/airflow/.local/lib/python3.7/site-packages/airflow/example_dags/example_kubernetes_executor.py
[2022-08-17 18:07:10,363] {logging_mixin.py:115} INFO - [2022-08-17 18:07:10,363] {dag.py:2371} INFO - Sync 1 DAGs
[2022-08-17 18:07:10,384] {logging_mixin.py:115} INFO - [2022-08-17 18:07:10,384] {dag.py:2919} INFO - Setting next_dagrun for example_kubernetes_executor to None, run_after=None
[2022-08-17 18:07:10,398] {processor.py:161} INFO - Processing /home/airflow/.local/lib/python3.7/site-packages/airflow/example_dags/example_kubernetes_executor.py took 0.121 seconds
[2022-08-17 18:08:05,127] {processor.py:153} INFO - Started process (PID=17512) to work on /home/airflow/.local/lib/python3.7/site-packages/airflow/example_dags/example_kubernetes_executor.py
[2022-08-17 18:08:05,135] {processor.py:641} INFO - Processing file /home/airflow/.local/lib/python3.7/site-packages/airflow/example_dags/example_kubernetes_executor.py for tasks to queue
[2022-08-17 18:08:05,138] {logging_mixin.py:115} INFO - [2022-08-17 18:08:05,137] {dagbag.py:507} INFO - Filling up the DagBag from /home/airflow/.local/lib/python3.7/site-packages/airflow/example_dags/example_kubernetes_executor.py
[2022-08-17 18:08:05,252] {processor.py:651} INFO - DAG(s) dict_keys(['example_kubernetes_executor']) retrieved from /home/airflow/.local/lib/python3.7/site-packages/airflow/example_dags/example_kubernetes_executor.py
[2022-08-17 18:08:05,331] {logging_mixin.py:115} INFO - [2022-08-17 18:08:05,331] {dag.py:2371} INFO - Sync 1 DAGs
[2022-08-17 18:08:05,394] {logging_mixin.py:115} INFO - [2022-08-17 18:08:05,394] {dag.py:2919} INFO - Setting next_dagrun for example_kubernetes_executor to None, run_after=None
[2022-08-17 18:08:05,418] {processor.py:161} INFO - Processing /home/airflow/.local/lib/python3.7/site-packages/airflow/example_dags/example_kubernetes_executor.py took 0.295 seconds
[2022-08-17 18:08:37,685] {processor.py:153} INFO - Started process (PID=17564) to work on /home/airflow/.local/lib/python3.7/site-packages/airflow/example_dags/example_kubernetes_executor.py
[2022-08-17 18:08:37,688] {processor.py:641} INFO - Processing file /home/airflow/.local/lib/python3.7/site-packages/airflow/example_dags/example_kubernetes_executor.py for tasks to queue
[2022-08-17 18:08:37,691] {logging_mixin.py:115} INFO - [2022-08-17 18:08:37,691] {dagbag.py:507} INFO - Filling up the DagBag from /home/airflow/.local/lib/python3.7/site-packages/airflow/example_dags/example_kubernetes_executor.py
[2022-08-17 18:08:37,815] {processor.py:651} INFO - DAG(s) dict_keys(['example_kubernetes_executor']) retrieved from /home/airflow/.local/lib/python3.7/site-packages/airflow/example_dags/example_kubernetes_executor.py
[2022-08-17 18:08:38,067] {logging_mixin.py:115} INFO - [2022-08-17 18:08:38,066] {dag.py:2371} INFO - Sync 1 DAGs
[2022-08-17 18:08:38,222] {logging_mixin.py:115} INFO - [2022-08-17 18:08:38,222] {dag.py:2919} INFO - Setting next_dagrun for example_kubernetes_executor to None, run_after=None
[2022-08-17 18:08:38,319] {processor.py:161} INFO - Processing /home/airflow/.local/lib/python3.7/site-packages/airflow/example_dags/example_kubernetes_executor.py took 0.647 seconds
[2022-08-17 18:13:38,525] {processor.py:153} INFO - Started process (PID=17607) to work on /home/airflow/.local/lib/python3.7/site-packages/airflow/example_dags/example_kubernetes_executor.py
[2022-08-17 18:13:38,528] {processor.py:641} INFO - Processing file /home/airflow/.local/lib/python3.7/site-packages/airflow/example_dags/example_kubernetes_executor.py for tasks to queue
[2022-08-17 18:13:38,531] {logging_mixin.py:115} INFO - [2022-08-17 18:13:38,531] {dagbag.py:507} INFO - Filling up the DagBag from /home/airflow/.local/lib/python3.7/site-packages/airflow/example_dags/example_kubernetes_executor.py
[2022-08-17 18:13:38,608] {processor.py:651} INFO - DAG(s) dict_keys(['example_kubernetes_executor']) retrieved from /home/airflow/.local/lib/python3.7/site-packages/airflow/example_dags/example_kubernetes_executor.py
[2022-08-17 18:13:38,695] {logging_mixin.py:115} INFO - [2022-08-17 18:13:38,695] {dag.py:2371} INFO - Sync 1 DAGs
[2022-08-17 18:13:38,747] {logging_mixin.py:115} INFO - [2022-08-17 18:13:38,746] {dag.py:2919} INFO - Setting next_dagrun for example_kubernetes_executor to None, run_after=None
[2022-08-17 18:13:38,781] {processor.py:161} INFO - Processing /home/airflow/.local/lib/python3.7/site-packages/airflow/example_dags/example_kubernetes_executor.py took 0.261 seconds
[2022-08-17 18:14:10,245] {processor.py:153} INFO - Started process (PID=17658) to work on /home/airflow/.local/lib/python3.7/site-packages/airflow/example_dags/example_kubernetes_executor.py
[2022-08-17 18:14:10,249] {processor.py:641} INFO - Processing file /home/airflow/.local/lib/python3.7/site-packages/airflow/example_dags/example_kubernetes_executor.py for tasks to queue
[2022-08-17 18:14:10,253] {logging_mixin.py:115} INFO - [2022-08-17 18:14:10,252] {dagbag.py:507} INFO - Filling up the DagBag from /home/airflow/.local/lib/python3.7/site-packages/airflow/example_dags/example_kubernetes_executor.py
[2022-08-17 18:14:10,343] {processor.py:651} INFO - DAG(s) dict_keys(['example_kubernetes_executor']) retrieved from /home/airflow/.local/lib/python3.7/site-packages/airflow/example_dags/example_kubernetes_executor.py
[2022-08-17 18:14:10,439] {logging_mixin.py:115} INFO - [2022-08-17 18:14:10,439] {dag.py:2371} INFO - Sync 1 DAGs
[2022-08-17 18:14:10,510] {logging_mixin.py:115} INFO - [2022-08-17 18:14:10,510] {dag.py:2919} INFO - Setting next_dagrun for example_kubernetes_executor to None, run_after=None
[2022-08-17 18:14:10,566] {processor.py:161} INFO - Processing /home/airflow/.local/lib/python3.7/site-packages/airflow/example_dags/example_kubernetes_executor.py took 0.332 seconds
[2022-08-17 18:19:10,268] {processor.py:153} INFO - Started process (PID=17710) to work on /home/airflow/.local/lib/python3.7/site-packages/airflow/example_dags/example_kubernetes_executor.py
[2022-08-17 18:19:10,277] {processor.py:641} INFO - Processing file /home/airflow/.local/lib/python3.7/site-packages/airflow/example_dags/example_kubernetes_executor.py for tasks to queue
[2022-08-17 18:19:10,279] {logging_mixin.py:115} INFO - [2022-08-17 18:19:10,279] {dagbag.py:507} INFO - Filling up the DagBag from /home/airflow/.local/lib/python3.7/site-packages/airflow/example_dags/example_kubernetes_executor.py
[2022-08-17 18:19:10,316] {processor.py:651} INFO - DAG(s) dict_keys(['example_kubernetes_executor']) retrieved from /home/airflow/.local/lib/python3.7/site-packages/airflow/example_dags/example_kubernetes_executor.py
[2022-08-17 18:19:10,349] {logging_mixin.py:115} INFO - [2022-08-17 18:19:10,349] {dag.py:2371} INFO - Sync 1 DAGs
[2022-08-17 18:19:10,372] {logging_mixin.py:115} INFO - [2022-08-17 18:19:10,372] {dag.py:2919} INFO - Setting next_dagrun for example_kubernetes_executor to None, run_after=None
[2022-08-17 18:19:10,389] {processor.py:161} INFO - Processing /home/airflow/.local/lib/python3.7/site-packages/airflow/example_dags/example_kubernetes_executor.py took 0.125 seconds
[2022-08-17 18:19:41,608] {processor.py:153} INFO - Started process (PID=17762) to work on /home/airflow/.local/lib/python3.7/site-packages/airflow/example_dags/example_kubernetes_executor.py
[2022-08-17 18:19:41,613] {processor.py:641} INFO - Processing file /home/airflow/.local/lib/python3.7/site-packages/airflow/example_dags/example_kubernetes_executor.py for tasks to queue
[2022-08-17 18:19:41,617] {logging_mixin.py:115} INFO - [2022-08-17 18:19:41,616] {dagbag.py:507} INFO - Filling up the DagBag from /home/airflow/.local/lib/python3.7/site-packages/airflow/example_dags/example_kubernetes_executor.py
[2022-08-17 18:19:41,715] {processor.py:651} INFO - DAG(s) dict_keys(['example_kubernetes_executor']) retrieved from /home/airflow/.local/lib/python3.7/site-packages/airflow/example_dags/example_kubernetes_executor.py
[2022-08-17 18:19:41,864] {logging_mixin.py:115} INFO - [2022-08-17 18:19:41,863] {dag.py:2371} INFO - Sync 1 DAGs
[2022-08-17 18:19:41,965] {logging_mixin.py:115} INFO - [2022-08-17 18:19:41,965] {dag.py:2919} INFO - Setting next_dagrun for example_kubernetes_executor to None, run_after=None
[2022-08-17 18:19:42,000] {processor.py:161} INFO - Processing /home/airflow/.local/lib/python3.7/site-packages/airflow/example_dags/example_kubernetes_executor.py took 0.405 seconds
[2022-08-17 18:24:44,709] {processor.py:153} INFO - Started process (PID=17814) to work on /home/airflow/.local/lib/python3.7/site-packages/airflow/example_dags/example_kubernetes_executor.py
[2022-08-17 18:24:44,714] {processor.py:641} INFO - Processing file /home/airflow/.local/lib/python3.7/site-packages/airflow/example_dags/example_kubernetes_executor.py for tasks to queue
[2022-08-17 18:24:44,717] {logging_mixin.py:115} INFO - [2022-08-17 18:24:44,717] {dagbag.py:507} INFO - Filling up the DagBag from /home/airflow/.local/lib/python3.7/site-packages/airflow/example_dags/example_kubernetes_executor.py
[2022-08-17 18:24:44,842] {processor.py:651} INFO - DAG(s) dict_keys(['example_kubernetes_executor']) retrieved from /home/airflow/.local/lib/python3.7/site-packages/airflow/example_dags/example_kubernetes_executor.py
[2022-08-17 18:24:44,941] {logging_mixin.py:115} INFO - [2022-08-17 18:24:44,940] {dag.py:2371} INFO - Sync 1 DAGs
[2022-08-17 18:24:44,965] {logging_mixin.py:115} INFO - [2022-08-17 18:24:44,965] {dag.py:2919} INFO - Setting next_dagrun for example_kubernetes_executor to None, run_after=None
[2022-08-17 18:24:44,994] {processor.py:161} INFO - Processing /home/airflow/.local/lib/python3.7/site-packages/airflow/example_dags/example_kubernetes_executor.py took 0.302 seconds
[2022-08-17 18:25:15,611] {processor.py:153} INFO - Started process (PID=17866) to work on /home/airflow/.local/lib/python3.7/site-packages/airflow/example_dags/example_kubernetes_executor.py
[2022-08-17 18:25:15,614] {processor.py:641} INFO - Processing file /home/airflow/.local/lib/python3.7/site-packages/airflow/example_dags/example_kubernetes_executor.py for tasks to queue
[2022-08-17 18:25:15,618] {logging_mixin.py:115} INFO - [2022-08-17 18:25:15,617] {dagbag.py:507} INFO - Filling up the DagBag from /home/airflow/.local/lib/python3.7/site-packages/airflow/example_dags/example_kubernetes_executor.py
[2022-08-17 18:25:15,700] {processor.py:651} INFO - DAG(s) dict_keys(['example_kubernetes_executor']) retrieved from /home/airflow/.local/lib/python3.7/site-packages/airflow/example_dags/example_kubernetes_executor.py
[2022-08-17 18:25:15,779] {logging_mixin.py:115} INFO - [2022-08-17 18:25:15,779] {dag.py:2371} INFO - Sync 1 DAGs
[2022-08-17 18:25:15,833] {logging_mixin.py:115} INFO - [2022-08-17 18:25:15,832] {dag.py:2919} INFO - Setting next_dagrun for example_kubernetes_executor to None, run_after=None
[2022-08-17 18:25:15,866] {processor.py:161} INFO - Processing /home/airflow/.local/lib/python3.7/site-packages/airflow/example_dags/example_kubernetes_executor.py took 0.264 seconds
[2022-08-17 18:30:20,045] {processor.py:153} INFO - Started process (PID=17915) to work on /home/airflow/.local/lib/python3.7/site-packages/airflow/example_dags/example_kubernetes_executor.py
[2022-08-17 18:30:20,049] {processor.py:641} INFO - Processing file /home/airflow/.local/lib/python3.7/site-packages/airflow/example_dags/example_kubernetes_executor.py for tasks to queue
[2022-08-17 18:30:20,051] {logging_mixin.py:115} INFO - [2022-08-17 18:30:20,051] {dagbag.py:507} INFO - Filling up the DagBag from /home/airflow/.local/lib/python3.7/site-packages/airflow/example_dags/example_kubernetes_executor.py
[2022-08-17 18:30:20,117] {processor.py:651} INFO - DAG(s) dict_keys(['example_kubernetes_executor']) retrieved from /home/airflow/.local/lib/python3.7/site-packages/airflow/example_dags/example_kubernetes_executor.py
[2022-08-17 18:30:20,192] {logging_mixin.py:115} INFO - [2022-08-17 18:30:20,192] {dag.py:2371} INFO - Sync 1 DAGs
[2022-08-17 18:30:20,232] {logging_mixin.py:115} INFO - [2022-08-17 18:30:20,232] {dag.py:2919} INFO - Setting next_dagrun for example_kubernetes_executor to None, run_after=None
[2022-08-17 18:30:20,263] {processor.py:161} INFO - Processing /home/airflow/.local/lib/python3.7/site-packages/airflow/example_dags/example_kubernetes_executor.py took 0.222 seconds
[2022-08-17 18:30:51,418] {processor.py:153} INFO - Started process (PID=17970) to work on /home/airflow/.local/lib/python3.7/site-packages/airflow/example_dags/example_kubernetes_executor.py
[2022-08-17 18:30:51,420] {processor.py:641} INFO - Processing file /home/airflow/.local/lib/python3.7/site-packages/airflow/example_dags/example_kubernetes_executor.py for tasks to queue
[2022-08-17 18:30:51,423] {logging_mixin.py:115} INFO - [2022-08-17 18:30:51,423] {dagbag.py:507} INFO - Filling up the DagBag from /home/airflow/.local/lib/python3.7/site-packages/airflow/example_dags/example_kubernetes_executor.py
[2022-08-17 18:30:51,499] {processor.py:651} INFO - DAG(s) dict_keys(['example_kubernetes_executor']) retrieved from /home/airflow/.local/lib/python3.7/site-packages/airflow/example_dags/example_kubernetes_executor.py
[2022-08-17 18:30:51,586] {logging_mixin.py:115} INFO - [2022-08-17 18:30:51,585] {dag.py:2371} INFO - Sync 1 DAGs
[2022-08-17 18:30:51,641] {logging_mixin.py:115} INFO - [2022-08-17 18:30:51,640] {dag.py:2919} INFO - Setting next_dagrun for example_kubernetes_executor to None, run_after=None
[2022-08-17 18:30:51,673] {processor.py:161} INFO - Processing /home/airflow/.local/lib/python3.7/site-packages/airflow/example_dags/example_kubernetes_executor.py took 0.267 seconds
[2022-08-17 18:35:54,244] {processor.py:153} INFO - Started process (PID=18023) to work on /home/airflow/.local/lib/python3.7/site-packages/airflow/example_dags/example_kubernetes_executor.py
[2022-08-17 18:35:54,245] {processor.py:641} INFO - Processing file /home/airflow/.local/lib/python3.7/site-packages/airflow/example_dags/example_kubernetes_executor.py for tasks to queue
[2022-08-17 18:35:54,248] {logging_mixin.py:115} INFO - [2022-08-17 18:35:54,248] {dagbag.py:507} INFO - Filling up the DagBag from /home/airflow/.local/lib/python3.7/site-packages/airflow/example_dags/example_kubernetes_executor.py
[2022-08-17 18:35:54,299] {processor.py:651} INFO - DAG(s) dict_keys(['example_kubernetes_executor']) retrieved from /home/airflow/.local/lib/python3.7/site-packages/airflow/example_dags/example_kubernetes_executor.py
[2022-08-17 18:35:54,341] {logging_mixin.py:115} INFO - [2022-08-17 18:35:54,341] {dag.py:2371} INFO - Sync 1 DAGs
[2022-08-17 18:35:54,368] {logging_mixin.py:115} INFO - [2022-08-17 18:35:54,368] {dag.py:2919} INFO - Setting next_dagrun for example_kubernetes_executor to None, run_after=None
[2022-08-17 18:35:54,386] {processor.py:161} INFO - Processing /home/airflow/.local/lib/python3.7/site-packages/airflow/example_dags/example_kubernetes_executor.py took 0.149 seconds
[2022-08-17 18:36:25,035] {processor.py:153} INFO - Started process (PID=18075) to work on /home/airflow/.local/lib/python3.7/site-packages/airflow/example_dags/example_kubernetes_executor.py
[2022-08-17 18:36:25,038] {processor.py:641} INFO - Processing file /home/airflow/.local/lib/python3.7/site-packages/airflow/example_dags/example_kubernetes_executor.py for tasks to queue
[2022-08-17 18:36:25,041] {logging_mixin.py:115} INFO - [2022-08-17 18:36:25,041] {dagbag.py:507} INFO - Filling up the DagBag from /home/airflow/.local/lib/python3.7/site-packages/airflow/example_dags/example_kubernetes_executor.py
[2022-08-17 18:36:25,120] {processor.py:651} INFO - DAG(s) dict_keys(['example_kubernetes_executor']) retrieved from /home/airflow/.local/lib/python3.7/site-packages/airflow/example_dags/example_kubernetes_executor.py
[2022-08-17 18:36:25,201] {logging_mixin.py:115} INFO - [2022-08-17 18:36:25,200] {dag.py:2371} INFO - Sync 1 DAGs
[2022-08-17 18:36:25,262] {logging_mixin.py:115} INFO - [2022-08-17 18:36:25,262] {dag.py:2919} INFO - Setting next_dagrun for example_kubernetes_executor to None, run_after=None
[2022-08-17 18:36:25,292] {processor.py:161} INFO - Processing /home/airflow/.local/lib/python3.7/site-packages/airflow/example_dags/example_kubernetes_executor.py took 0.267 seconds
[2022-08-17 18:41:25,032] {processor.py:153} INFO - Started process (PID=18128) to work on /home/airflow/.local/lib/python3.7/site-packages/airflow/example_dags/example_kubernetes_executor.py
[2022-08-17 18:41:25,034] {processor.py:641} INFO - Processing file /home/airflow/.local/lib/python3.7/site-packages/airflow/example_dags/example_kubernetes_executor.py for tasks to queue
[2022-08-17 18:41:25,035] {logging_mixin.py:115} INFO - [2022-08-17 18:41:25,035] {dagbag.py:507} INFO - Filling up the DagBag from /home/airflow/.local/lib/python3.7/site-packages/airflow/example_dags/example_kubernetes_executor.py
[2022-08-17 18:41:25,117] {processor.py:651} INFO - DAG(s) dict_keys(['example_kubernetes_executor']) retrieved from /home/airflow/.local/lib/python3.7/site-packages/airflow/example_dags/example_kubernetes_executor.py
[2022-08-17 18:41:25,222] {logging_mixin.py:115} INFO - [2022-08-17 18:41:25,221] {dag.py:2371} INFO - Sync 1 DAGs
[2022-08-17 18:41:25,280] {logging_mixin.py:115} INFO - [2022-08-17 18:41:25,280] {dag.py:2919} INFO - Setting next_dagrun for example_kubernetes_executor to None, run_after=None
[2022-08-17 18:41:25,320] {processor.py:161} INFO - Processing /home/airflow/.local/lib/python3.7/site-packages/airflow/example_dags/example_kubernetes_executor.py took 0.299 seconds
[2022-08-17 18:41:56,651] {processor.py:153} INFO - Started process (PID=18180) to work on /home/airflow/.local/lib/python3.7/site-packages/airflow/example_dags/example_kubernetes_executor.py
[2022-08-17 18:41:56,655] {processor.py:641} INFO - Processing file /home/airflow/.local/lib/python3.7/site-packages/airflow/example_dags/example_kubernetes_executor.py for tasks to queue
[2022-08-17 18:41:56,658] {logging_mixin.py:115} INFO - [2022-08-17 18:41:56,658] {dagbag.py:507} INFO - Filling up the DagBag from /home/airflow/.local/lib/python3.7/site-packages/airflow/example_dags/example_kubernetes_executor.py
[2022-08-17 18:41:56,738] {processor.py:651} INFO - DAG(s) dict_keys(['example_kubernetes_executor']) retrieved from /home/airflow/.local/lib/python3.7/site-packages/airflow/example_dags/example_kubernetes_executor.py
[2022-08-17 18:41:56,825] {logging_mixin.py:115} INFO - [2022-08-17 18:41:56,824] {dag.py:2371} INFO - Sync 1 DAGs
[2022-08-17 18:41:56,880] {logging_mixin.py:115} INFO - [2022-08-17 18:41:56,880] {dag.py:2919} INFO - Setting next_dagrun for example_kubernetes_executor to None, run_after=None
[2022-08-17 18:41:56,916] {processor.py:161} INFO - Processing /home/airflow/.local/lib/python3.7/site-packages/airflow/example_dags/example_kubernetes_executor.py took 0.274 seconds
[2022-08-17 18:46:59,419] {processor.py:153} INFO - Started process (PID=18233) to work on /home/airflow/.local/lib/python3.7/site-packages/airflow/example_dags/example_kubernetes_executor.py
[2022-08-17 18:46:59,420] {processor.py:641} INFO - Processing file /home/airflow/.local/lib/python3.7/site-packages/airflow/example_dags/example_kubernetes_executor.py for tasks to queue
[2022-08-17 18:46:59,422] {logging_mixin.py:115} INFO - [2022-08-17 18:46:59,422] {dagbag.py:507} INFO - Filling up the DagBag from /home/airflow/.local/lib/python3.7/site-packages/airflow/example_dags/example_kubernetes_executor.py
[2022-08-17 18:46:59,486] {processor.py:651} INFO - DAG(s) dict_keys(['example_kubernetes_executor']) retrieved from /home/airflow/.local/lib/python3.7/site-packages/airflow/example_dags/example_kubernetes_executor.py
[2022-08-17 18:46:59,518] {logging_mixin.py:115} INFO - [2022-08-17 18:46:59,518] {dag.py:2371} INFO - Sync 1 DAGs
[2022-08-17 18:46:59,548] {logging_mixin.py:115} INFO - [2022-08-17 18:46:59,548] {dag.py:2919} INFO - Setting next_dagrun for example_kubernetes_executor to None, run_after=None
[2022-08-17 18:46:59,564] {processor.py:161} INFO - Processing /home/airflow/.local/lib/python3.7/site-packages/airflow/example_dags/example_kubernetes_executor.py took 0.150 seconds
[2022-08-17 18:47:30,101] {processor.py:153} INFO - Started process (PID=18286) to work on /home/airflow/.local/lib/python3.7/site-packages/airflow/example_dags/example_kubernetes_executor.py
[2022-08-17 18:47:30,105] {processor.py:641} INFO - Processing file /home/airflow/.local/lib/python3.7/site-packages/airflow/example_dags/example_kubernetes_executor.py for tasks to queue
[2022-08-17 18:47:30,108] {logging_mixin.py:115} INFO - [2022-08-17 18:47:30,108] {dagbag.py:507} INFO - Filling up the DagBag from /home/airflow/.local/lib/python3.7/site-packages/airflow/example_dags/example_kubernetes_executor.py
[2022-08-17 18:47:30,180] {processor.py:651} INFO - DAG(s) dict_keys(['example_kubernetes_executor']) retrieved from /home/airflow/.local/lib/python3.7/site-packages/airflow/example_dags/example_kubernetes_executor.py
[2022-08-17 18:47:30,260] {logging_mixin.py:115} INFO - [2022-08-17 18:47:30,259] {dag.py:2371} INFO - Sync 1 DAGs
[2022-08-17 18:47:30,312] {logging_mixin.py:115} INFO - [2022-08-17 18:47:30,312] {dag.py:2919} INFO - Setting next_dagrun for example_kubernetes_executor to None, run_after=None
[2022-08-17 18:47:30,349] {processor.py:161} INFO - Processing /home/airflow/.local/lib/python3.7/site-packages/airflow/example_dags/example_kubernetes_executor.py took 0.259 seconds
[2022-08-17 18:52:30,744] {processor.py:153} INFO - Started process (PID=18339) to work on /home/airflow/.local/lib/python3.7/site-packages/airflow/example_dags/example_kubernetes_executor.py
[2022-08-17 18:52:30,745] {processor.py:641} INFO - Processing file /home/airflow/.local/lib/python3.7/site-packages/airflow/example_dags/example_kubernetes_executor.py for tasks to queue
[2022-08-17 18:52:30,748] {logging_mixin.py:115} INFO - [2022-08-17 18:52:30,748] {dagbag.py:507} INFO - Filling up the DagBag from /home/airflow/.local/lib/python3.7/site-packages/airflow/example_dags/example_kubernetes_executor.py
[2022-08-17 18:52:30,777] {processor.py:651} INFO - DAG(s) dict_keys(['example_kubernetes_executor']) retrieved from /home/airflow/.local/lib/python3.7/site-packages/airflow/example_dags/example_kubernetes_executor.py
[2022-08-17 18:52:30,841] {logging_mixin.py:115} INFO - [2022-08-17 18:52:30,841] {dag.py:2371} INFO - Sync 1 DAGs
[2022-08-17 18:52:30,900] {logging_mixin.py:115} INFO - [2022-08-17 18:52:30,900] {dag.py:2919} INFO - Setting next_dagrun for example_kubernetes_executor to None, run_after=None
[2022-08-17 18:52:30,936] {processor.py:161} INFO - Processing /home/airflow/.local/lib/python3.7/site-packages/airflow/example_dags/example_kubernetes_executor.py took 0.199 seconds
[2022-08-17 18:53:02,462] {processor.py:153} INFO - Started process (PID=18390) to work on /home/airflow/.local/lib/python3.7/site-packages/airflow/example_dags/example_kubernetes_executor.py
[2022-08-17 18:53:02,465] {processor.py:641} INFO - Processing file /home/airflow/.local/lib/python3.7/site-packages/airflow/example_dags/example_kubernetes_executor.py for tasks to queue
[2022-08-17 18:53:02,469] {logging_mixin.py:115} INFO - [2022-08-17 18:53:02,468] {dagbag.py:507} INFO - Filling up the DagBag from /home/airflow/.local/lib/python3.7/site-packages/airflow/example_dags/example_kubernetes_executor.py
[2022-08-17 18:53:02,549] {processor.py:651} INFO - DAG(s) dict_keys(['example_kubernetes_executor']) retrieved from /home/airflow/.local/lib/python3.7/site-packages/airflow/example_dags/example_kubernetes_executor.py
[2022-08-17 18:53:02,629] {logging_mixin.py:115} INFO - [2022-08-17 18:53:02,629] {dag.py:2371} INFO - Sync 1 DAGs
[2022-08-17 18:53:02,681] {logging_mixin.py:115} INFO - [2022-08-17 18:53:02,681] {dag.py:2919} INFO - Setting next_dagrun for example_kubernetes_executor to None, run_after=None
[2022-08-17 18:53:02,718] {processor.py:161} INFO - Processing /home/airflow/.local/lib/python3.7/site-packages/airflow/example_dags/example_kubernetes_executor.py took 0.268 seconds
[2022-08-17 18:58:05,111] {processor.py:153} INFO - Started process (PID=18444) to work on /home/airflow/.local/lib/python3.7/site-packages/airflow/example_dags/example_kubernetes_executor.py
[2022-08-17 18:58:05,116] {processor.py:641} INFO - Processing file /home/airflow/.local/lib/python3.7/site-packages/airflow/example_dags/example_kubernetes_executor.py for tasks to queue
[2022-08-17 18:58:05,121] {logging_mixin.py:115} INFO - [2022-08-17 18:58:05,121] {dagbag.py:507} INFO - Filling up the DagBag from /home/airflow/.local/lib/python3.7/site-packages/airflow/example_dags/example_kubernetes_executor.py
[2022-08-17 18:58:05,269] {processor.py:651} INFO - DAG(s) dict_keys(['example_kubernetes_executor']) retrieved from /home/airflow/.local/lib/python3.7/site-packages/airflow/example_dags/example_kubernetes_executor.py
[2022-08-17 18:58:05,368] {logging_mixin.py:115} INFO - [2022-08-17 18:58:05,368] {dag.py:2371} INFO - Sync 1 DAGs
[2022-08-17 18:58:05,484] {logging_mixin.py:115} INFO - [2022-08-17 18:58:05,484] {dag.py:2919} INFO - Setting next_dagrun for example_kubernetes_executor to None, run_after=None
[2022-08-17 18:58:05,516] {processor.py:161} INFO - Processing /home/airflow/.local/lib/python3.7/site-packages/airflow/example_dags/example_kubernetes_executor.py took 0.617 seconds
[2022-08-17 18:58:35,855] {processor.py:153} INFO - Started process (PID=18496) to work on /home/airflow/.local/lib/python3.7/site-packages/airflow/example_dags/example_kubernetes_executor.py
[2022-08-17 18:58:35,879] {processor.py:641} INFO - Processing file /home/airflow/.local/lib/python3.7/site-packages/airflow/example_dags/example_kubernetes_executor.py for tasks to queue
[2022-08-17 18:58:35,885] {logging_mixin.py:115} INFO - [2022-08-17 18:58:35,884] {dagbag.py:507} INFO - Filling up the DagBag from /home/airflow/.local/lib/python3.7/site-packages/airflow/example_dags/example_kubernetes_executor.py
[2022-08-17 18:58:35,992] {processor.py:651} INFO - DAG(s) dict_keys(['example_kubernetes_executor']) retrieved from /home/airflow/.local/lib/python3.7/site-packages/airflow/example_dags/example_kubernetes_executor.py
[2022-08-17 18:58:36,085] {logging_mixin.py:115} INFO - [2022-08-17 18:58:36,085] {dag.py:2371} INFO - Sync 1 DAGs
[2022-08-17 18:58:36,146] {logging_mixin.py:115} INFO - [2022-08-17 18:58:36,146] {dag.py:2919} INFO - Setting next_dagrun for example_kubernetes_executor to None, run_after=None
[2022-08-17 18:58:36,200] {processor.py:161} INFO - Processing /home/airflow/.local/lib/python3.7/site-packages/airflow/example_dags/example_kubernetes_executor.py took 0.361 seconds
[2022-08-17 19:03:36,554] {processor.py:153} INFO - Started process (PID=18539) to work on /home/airflow/.local/lib/python3.7/site-packages/airflow/example_dags/example_kubernetes_executor.py
[2022-08-17 19:03:36,557] {processor.py:641} INFO - Processing file /home/airflow/.local/lib/python3.7/site-packages/airflow/example_dags/example_kubernetes_executor.py for tasks to queue
[2022-08-17 19:03:36,559] {logging_mixin.py:115} INFO - [2022-08-17 19:03:36,559] {dagbag.py:507} INFO - Filling up the DagBag from /home/airflow/.local/lib/python3.7/site-packages/airflow/example_dags/example_kubernetes_executor.py
[2022-08-17 19:03:36,617] {processor.py:651} INFO - DAG(s) dict_keys(['example_kubernetes_executor']) retrieved from /home/airflow/.local/lib/python3.7/site-packages/airflow/example_dags/example_kubernetes_executor.py
[2022-08-17 19:03:36,684] {logging_mixin.py:115} INFO - [2022-08-17 19:03:36,684] {dag.py:2371} INFO - Sync 1 DAGs
[2022-08-17 19:03:36,722] {logging_mixin.py:115} INFO - [2022-08-17 19:03:36,721] {dag.py:2919} INFO - Setting next_dagrun for example_kubernetes_executor to None, run_after=None
[2022-08-17 19:03:36,750] {processor.py:161} INFO - Processing /home/airflow/.local/lib/python3.7/site-packages/airflow/example_dags/example_kubernetes_executor.py took 0.201 seconds
[2022-08-17 19:04:07,677] {processor.py:153} INFO - Started process (PID=18591) to work on /home/airflow/.local/lib/python3.7/site-packages/airflow/example_dags/example_kubernetes_executor.py
[2022-08-17 19:04:07,680] {processor.py:641} INFO - Processing file /home/airflow/.local/lib/python3.7/site-packages/airflow/example_dags/example_kubernetes_executor.py for tasks to queue
[2022-08-17 19:04:07,684] {logging_mixin.py:115} INFO - [2022-08-17 19:04:07,683] {dagbag.py:507} INFO - Filling up the DagBag from /home/airflow/.local/lib/python3.7/site-packages/airflow/example_dags/example_kubernetes_executor.py
[2022-08-17 19:04:07,761] {processor.py:651} INFO - DAG(s) dict_keys(['example_kubernetes_executor']) retrieved from /home/airflow/.local/lib/python3.7/site-packages/airflow/example_dags/example_kubernetes_executor.py
[2022-08-17 19:04:07,837] {logging_mixin.py:115} INFO - [2022-08-17 19:04:07,837] {dag.py:2371} INFO - Sync 1 DAGs
[2022-08-17 19:04:07,892] {logging_mixin.py:115} INFO - [2022-08-17 19:04:07,892] {dag.py:2919} INFO - Setting next_dagrun for example_kubernetes_executor to None, run_after=None
[2022-08-17 19:04:07,938] {processor.py:161} INFO - Processing /home/airflow/.local/lib/python3.7/site-packages/airflow/example_dags/example_kubernetes_executor.py took 0.271 seconds
[2022-08-17 19:06:41,297] {processor.py:153} INFO - Started process (PID=18643) to work on /home/airflow/.local/lib/python3.7/site-packages/airflow/example_dags/example_kubernetes_executor.py
[2022-08-17 19:06:41,301] {processor.py:641} INFO - Processing file /home/airflow/.local/lib/python3.7/site-packages/airflow/example_dags/example_kubernetes_executor.py for tasks to queue
[2022-08-17 19:06:41,302] {logging_mixin.py:115} INFO - [2022-08-17 19:06:41,302] {dagbag.py:507} INFO - Filling up the DagBag from /home/airflow/.local/lib/python3.7/site-packages/airflow/example_dags/example_kubernetes_executor.py
[2022-08-17 19:06:41,416] {processor.py:651} INFO - DAG(s) dict_keys(['example_kubernetes_executor']) retrieved from /home/airflow/.local/lib/python3.7/site-packages/airflow/example_dags/example_kubernetes_executor.py
[2022-08-17 19:06:41,529] {logging_mixin.py:115} INFO - [2022-08-17 19:06:41,528] {dag.py:2371} INFO - Sync 1 DAGs
[2022-08-17 19:06:41,615] {logging_mixin.py:115} INFO - [2022-08-17 19:06:41,615] {dag.py:2919} INFO - Setting next_dagrun for example_kubernetes_executor to None, run_after=None
[2022-08-17 19:06:41,670] {processor.py:161} INFO - Processing /home/airflow/.local/lib/python3.7/site-packages/airflow/example_dags/example_kubernetes_executor.py took 0.381 seconds
[2022-08-17 19:11:34,144] {processor.py:153} INFO - Started process (PID=18687) to work on /home/airflow/.local/lib/python3.7/site-packages/airflow/example_dags/example_kubernetes_executor.py
[2022-08-17 19:11:34,145] {processor.py:641} INFO - Processing file /home/airflow/.local/lib/python3.7/site-packages/airflow/example_dags/example_kubernetes_executor.py for tasks to queue
[2022-08-17 19:11:34,147] {logging_mixin.py:115} INFO - [2022-08-17 19:11:34,146] {dagbag.py:507} INFO - Filling up the DagBag from /home/airflow/.local/lib/python3.7/site-packages/airflow/example_dags/example_kubernetes_executor.py
[2022-08-17 19:11:34,197] {processor.py:651} INFO - DAG(s) dict_keys(['example_kubernetes_executor']) retrieved from /home/airflow/.local/lib/python3.7/site-packages/airflow/example_dags/example_kubernetes_executor.py
[2022-08-17 19:11:34,272] {logging_mixin.py:115} INFO - [2022-08-17 19:11:34,272] {dag.py:2371} INFO - Sync 1 DAGs
[2022-08-17 19:11:34,323] {logging_mixin.py:115} INFO - [2022-08-17 19:11:34,322] {dag.py:2919} INFO - Setting next_dagrun for example_kubernetes_executor to None, run_after=None
[2022-08-17 19:11:34,347] {processor.py:161} INFO - Processing /home/airflow/.local/lib/python3.7/site-packages/airflow/example_dags/example_kubernetes_executor.py took 0.206 seconds
[2022-08-17 20:55:16,901] {processor.py:153} INFO - Started process (PID=18739) to work on /home/airflow/.local/lib/python3.7/site-packages/airflow/example_dags/example_kubernetes_executor.py
[2022-08-17 20:55:16,904] {processor.py:641} INFO - Processing file /home/airflow/.local/lib/python3.7/site-packages/airflow/example_dags/example_kubernetes_executor.py for tasks to queue
[2022-08-17 20:55:16,906] {logging_mixin.py:115} INFO - [2022-08-17 20:55:16,906] {dagbag.py:507} INFO - Filling up the DagBag from /home/airflow/.local/lib/python3.7/site-packages/airflow/example_dags/example_kubernetes_executor.py
[2022-08-17 20:55:16,978] {processor.py:651} INFO - DAG(s) dict_keys(['example_kubernetes_executor']) retrieved from /home/airflow/.local/lib/python3.7/site-packages/airflow/example_dags/example_kubernetes_executor.py
[2022-08-17 20:55:17,020] {logging_mixin.py:115} INFO - [2022-08-17 20:55:17,019] {dag.py:2371} INFO - Sync 1 DAGs
[2022-08-17 20:55:17,044] {logging_mixin.py:115} INFO - [2022-08-17 20:55:17,044] {dag.py:2919} INFO - Setting next_dagrun for example_kubernetes_executor to None, run_after=None
[2022-08-17 20:55:17,058] {processor.py:161} INFO - Processing /home/airflow/.local/lib/python3.7/site-packages/airflow/example_dags/example_kubernetes_executor.py took 0.168 seconds
[2022-08-17 22:43:20,733] {processor.py:153} INFO - Started process (PID=18782) to work on /home/airflow/.local/lib/python3.7/site-packages/airflow/example_dags/example_kubernetes_executor.py
[2022-08-17 22:43:20,735] {processor.py:641} INFO - Processing file /home/airflow/.local/lib/python3.7/site-packages/airflow/example_dags/example_kubernetes_executor.py for tasks to queue
[2022-08-17 22:43:20,738] {logging_mixin.py:115} INFO - [2022-08-17 22:43:20,737] {dagbag.py:507} INFO - Filling up the DagBag from /home/airflow/.local/lib/python3.7/site-packages/airflow/example_dags/example_kubernetes_executor.py
[2022-08-17 22:43:20,776] {processor.py:651} INFO - DAG(s) dict_keys(['example_kubernetes_executor']) retrieved from /home/airflow/.local/lib/python3.7/site-packages/airflow/example_dags/example_kubernetes_executor.py
[2022-08-17 22:43:20,834] {logging_mixin.py:115} INFO - [2022-08-17 22:43:20,834] {dag.py:2371} INFO - Sync 1 DAGs
[2022-08-17 22:43:20,862] {logging_mixin.py:115} INFO - [2022-08-17 22:43:20,862] {dag.py:2919} INFO - Setting next_dagrun for example_kubernetes_executor to None, run_after=None
[2022-08-17 22:43:20,881] {processor.py:161} INFO - Processing /home/airflow/.local/lib/python3.7/site-packages/airflow/example_dags/example_kubernetes_executor.py took 0.155 seconds
