[2022-08-17 00:09:04,818] {processor.py:153} INFO - Started process (PID=16209) to work on /home/airflow/.local/lib/python3.7/site-packages/airflow/example_dags/example_time_delta_sensor_async.py
[2022-08-17 00:09:04,819] {processor.py:641} INFO - Processing file /home/airflow/.local/lib/python3.7/site-packages/airflow/example_dags/example_time_delta_sensor_async.py for tasks to queue
[2022-08-17 00:09:04,820] {logging_mixin.py:115} INFO - [2022-08-17 00:09:04,820] {dagbag.py:507} INFO - Filling up the DagBag from /home/airflow/.local/lib/python3.7/site-packages/airflow/example_dags/example_time_delta_sensor_async.py
[2022-08-17 00:09:04,827] {processor.py:651} INFO - DAG(s) dict_keys(['example_time_delta_sensor_async']) retrieved from /home/airflow/.local/lib/python3.7/site-packages/airflow/example_dags/example_time_delta_sensor_async.py
[2022-08-17 00:09:04,907] {logging_mixin.py:115} INFO - [2022-08-17 00:09:04,906] {dag.py:2371} INFO - Sync 1 DAGs
[2022-08-17 00:09:04,928] {logging_mixin.py:115} INFO - [2022-08-17 00:09:04,928] {dag.py:2919} INFO - Setting next_dagrun for example_time_delta_sensor_async to None, run_after=None
[2022-08-17 00:09:04,947] {processor.py:161} INFO - Processing /home/airflow/.local/lib/python3.7/site-packages/airflow/example_dags/example_time_delta_sensor_async.py took 0.133 seconds
[2022-08-17 01:48:07,413] {processor.py:153} INFO - Started process (PID=16253) to work on /home/airflow/.local/lib/python3.7/site-packages/airflow/example_dags/example_time_delta_sensor_async.py
[2022-08-17 01:48:07,415] {processor.py:641} INFO - Processing file /home/airflow/.local/lib/python3.7/site-packages/airflow/example_dags/example_time_delta_sensor_async.py for tasks to queue
[2022-08-17 01:48:07,417] {logging_mixin.py:115} INFO - [2022-08-17 01:48:07,417] {dagbag.py:507} INFO - Filling up the DagBag from /home/airflow/.local/lib/python3.7/site-packages/airflow/example_dags/example_time_delta_sensor_async.py
[2022-08-17 01:48:07,427] {processor.py:651} INFO - DAG(s) dict_keys(['example_time_delta_sensor_async']) retrieved from /home/airflow/.local/lib/python3.7/site-packages/airflow/example_dags/example_time_delta_sensor_async.py
[2022-08-17 01:48:07,504] {logging_mixin.py:115} INFO - [2022-08-17 01:48:07,504] {dag.py:2371} INFO - Sync 1 DAGs
[2022-08-17 01:48:07,543] {logging_mixin.py:115} INFO - [2022-08-17 01:48:07,543] {dag.py:2919} INFO - Setting next_dagrun for example_time_delta_sensor_async to None, run_after=None
[2022-08-17 01:48:07,570] {processor.py:161} INFO - Processing /home/airflow/.local/lib/python3.7/site-packages/airflow/example_dags/example_time_delta_sensor_async.py took 0.163 seconds
[2022-08-17 05:24:30,746] {processor.py:153} INFO - Started process (PID=16305) to work on /home/airflow/.local/lib/python3.7/site-packages/airflow/example_dags/example_time_delta_sensor_async.py
[2022-08-17 05:24:30,748] {processor.py:641} INFO - Processing file /home/airflow/.local/lib/python3.7/site-packages/airflow/example_dags/example_time_delta_sensor_async.py for tasks to queue
[2022-08-17 05:24:30,752] {logging_mixin.py:115} INFO - [2022-08-17 05:24:30,752] {dagbag.py:507} INFO - Filling up the DagBag from /home/airflow/.local/lib/python3.7/site-packages/airflow/example_dags/example_time_delta_sensor_async.py
[2022-08-17 05:24:30,767] {processor.py:651} INFO - DAG(s) dict_keys(['example_time_delta_sensor_async']) retrieved from /home/airflow/.local/lib/python3.7/site-packages/airflow/example_dags/example_time_delta_sensor_async.py
[2022-08-17 05:24:31,000] {logging_mixin.py:115} INFO - [2022-08-17 05:24:30,999] {dag.py:2371} INFO - Sync 1 DAGs
[2022-08-17 05:24:31,083] {logging_mixin.py:115} INFO - [2022-08-17 05:24:31,082] {dag.py:2919} INFO - Setting next_dagrun for example_time_delta_sensor_async to None, run_after=None
[2022-08-17 05:24:31,112] {processor.py:161} INFO - Processing /home/airflow/.local/lib/python3.7/site-packages/airflow/example_dags/example_time_delta_sensor_async.py took 0.377 seconds
[2022-08-17 05:27:18,986] {processor.py:153} INFO - Started process (PID=16368) to work on /home/airflow/.local/lib/python3.7/site-packages/airflow/example_dags/example_time_delta_sensor_async.py
[2022-08-17 05:27:18,992] {processor.py:641} INFO - Processing file /home/airflow/.local/lib/python3.7/site-packages/airflow/example_dags/example_time_delta_sensor_async.py for tasks to queue
[2022-08-17 05:27:18,993] {logging_mixin.py:115} INFO - [2022-08-17 05:27:18,993] {dagbag.py:507} INFO - Filling up the DagBag from /home/airflow/.local/lib/python3.7/site-packages/airflow/example_dags/example_time_delta_sensor_async.py
[2022-08-17 05:27:19,012] {processor.py:651} INFO - DAG(s) dict_keys(['example_time_delta_sensor_async']) retrieved from /home/airflow/.local/lib/python3.7/site-packages/airflow/example_dags/example_time_delta_sensor_async.py
[2022-08-17 05:27:19,149] {logging_mixin.py:115} INFO - [2022-08-17 05:27:19,148] {dag.py:2371} INFO - Sync 1 DAGs
[2022-08-17 05:27:19,197] {logging_mixin.py:115} INFO - [2022-08-17 05:27:19,197] {dag.py:2919} INFO - Setting next_dagrun for example_time_delta_sensor_async to None, run_after=None
[2022-08-17 05:27:19,212] {processor.py:161} INFO - Processing /home/airflow/.local/lib/python3.7/site-packages/airflow/example_dags/example_time_delta_sensor_async.py took 0.235 seconds
[2022-08-17 05:27:51,318] {processor.py:153} INFO - Started process (PID=16420) to work on /home/airflow/.local/lib/python3.7/site-packages/airflow/example_dags/example_time_delta_sensor_async.py
[2022-08-17 05:27:51,327] {processor.py:641} INFO - Processing file /home/airflow/.local/lib/python3.7/site-packages/airflow/example_dags/example_time_delta_sensor_async.py for tasks to queue
[2022-08-17 05:27:51,335] {logging_mixin.py:115} INFO - [2022-08-17 05:27:51,334] {dagbag.py:507} INFO - Filling up the DagBag from /home/airflow/.local/lib/python3.7/site-packages/airflow/example_dags/example_time_delta_sensor_async.py
[2022-08-17 05:27:51,379] {processor.py:651} INFO - DAG(s) dict_keys(['example_time_delta_sensor_async']) retrieved from /home/airflow/.local/lib/python3.7/site-packages/airflow/example_dags/example_time_delta_sensor_async.py
[2022-08-17 05:27:51,577] {logging_mixin.py:115} INFO - [2022-08-17 05:27:51,577] {dag.py:2371} INFO - Sync 1 DAGs
[2022-08-17 05:27:51,693] {logging_mixin.py:115} INFO - [2022-08-17 05:27:51,693] {dag.py:2919} INFO - Setting next_dagrun for example_time_delta_sensor_async to None, run_after=None
[2022-08-17 05:27:51,780] {processor.py:161} INFO - Processing /home/airflow/.local/lib/python3.7/site-packages/airflow/example_dags/example_time_delta_sensor_async.py took 0.482 seconds
[2022-08-17 05:32:49,550] {processor.py:153} INFO - Started process (PID=16463) to work on /home/airflow/.local/lib/python3.7/site-packages/airflow/example_dags/example_time_delta_sensor_async.py
[2022-08-17 05:32:49,552] {processor.py:641} INFO - Processing file /home/airflow/.local/lib/python3.7/site-packages/airflow/example_dags/example_time_delta_sensor_async.py for tasks to queue
[2022-08-17 05:32:49,553] {logging_mixin.py:115} INFO - [2022-08-17 05:32:49,553] {dagbag.py:507} INFO - Filling up the DagBag from /home/airflow/.local/lib/python3.7/site-packages/airflow/example_dags/example_time_delta_sensor_async.py
[2022-08-17 05:32:49,569] {processor.py:651} INFO - DAG(s) dict_keys(['example_time_delta_sensor_async']) retrieved from /home/airflow/.local/lib/python3.7/site-packages/airflow/example_dags/example_time_delta_sensor_async.py
[2022-08-17 05:32:49,695] {logging_mixin.py:115} INFO - [2022-08-17 05:32:49,695] {dag.py:2371} INFO - Sync 1 DAGs
[2022-08-17 05:32:49,782] {logging_mixin.py:115} INFO - [2022-08-17 05:32:49,781] {dag.py:2919} INFO - Setting next_dagrun for example_time_delta_sensor_async to None, run_after=None
[2022-08-17 05:32:49,800] {processor.py:161} INFO - Processing /home/airflow/.local/lib/python3.7/site-packages/airflow/example_dags/example_time_delta_sensor_async.py took 0.254 seconds
[2022-08-17 05:33:20,809] {processor.py:153} INFO - Started process (PID=16515) to work on /home/airflow/.local/lib/python3.7/site-packages/airflow/example_dags/example_time_delta_sensor_async.py
[2022-08-17 05:33:20,813] {processor.py:641} INFO - Processing file /home/airflow/.local/lib/python3.7/site-packages/airflow/example_dags/example_time_delta_sensor_async.py for tasks to queue
[2022-08-17 05:33:20,817] {logging_mixin.py:115} INFO - [2022-08-17 05:33:20,816] {dagbag.py:507} INFO - Filling up the DagBag from /home/airflow/.local/lib/python3.7/site-packages/airflow/example_dags/example_time_delta_sensor_async.py
[2022-08-17 05:33:20,835] {processor.py:651} INFO - DAG(s) dict_keys(['example_time_delta_sensor_async']) retrieved from /home/airflow/.local/lib/python3.7/site-packages/airflow/example_dags/example_time_delta_sensor_async.py
[2022-08-17 05:33:20,953] {logging_mixin.py:115} INFO - [2022-08-17 05:33:20,952] {dag.py:2371} INFO - Sync 1 DAGs
[2022-08-17 05:33:21,005] {logging_mixin.py:115} INFO - [2022-08-17 05:33:21,005] {dag.py:2919} INFO - Setting next_dagrun for example_time_delta_sensor_async to None, run_after=None
[2022-08-17 05:33:21,051] {processor.py:161} INFO - Processing /home/airflow/.local/lib/python3.7/site-packages/airflow/example_dags/example_time_delta_sensor_async.py took 0.252 seconds
[2022-08-17 05:38:22,155] {processor.py:153} INFO - Started process (PID=16567) to work on /home/airflow/.local/lib/python3.7/site-packages/airflow/example_dags/example_time_delta_sensor_async.py
[2022-08-17 05:38:22,157] {processor.py:641} INFO - Processing file /home/airflow/.local/lib/python3.7/site-packages/airflow/example_dags/example_time_delta_sensor_async.py for tasks to queue
[2022-08-17 05:38:22,158] {logging_mixin.py:115} INFO - [2022-08-17 05:38:22,158] {dagbag.py:507} INFO - Filling up the DagBag from /home/airflow/.local/lib/python3.7/site-packages/airflow/example_dags/example_time_delta_sensor_async.py
[2022-08-17 05:38:22,167] {processor.py:651} INFO - DAG(s) dict_keys(['example_time_delta_sensor_async']) retrieved from /home/airflow/.local/lib/python3.7/site-packages/airflow/example_dags/example_time_delta_sensor_async.py
[2022-08-17 05:38:22,245] {logging_mixin.py:115} INFO - [2022-08-17 05:38:22,245] {dag.py:2371} INFO - Sync 1 DAGs
[2022-08-17 05:38:22,269] {logging_mixin.py:115} INFO - [2022-08-17 05:38:22,269] {dag.py:2919} INFO - Setting next_dagrun for example_time_delta_sensor_async to None, run_after=None
[2022-08-17 05:38:22,282] {processor.py:161} INFO - Processing /home/airflow/.local/lib/python3.7/site-packages/airflow/example_dags/example_time_delta_sensor_async.py took 0.133 seconds
[2022-08-17 05:38:53,397] {processor.py:153} INFO - Started process (PID=16619) to work on /home/airflow/.local/lib/python3.7/site-packages/airflow/example_dags/example_time_delta_sensor_async.py
[2022-08-17 05:38:53,399] {processor.py:641} INFO - Processing file /home/airflow/.local/lib/python3.7/site-packages/airflow/example_dags/example_time_delta_sensor_async.py for tasks to queue
[2022-08-17 05:38:53,402] {logging_mixin.py:115} INFO - [2022-08-17 05:38:53,402] {dagbag.py:507} INFO - Filling up the DagBag from /home/airflow/.local/lib/python3.7/site-packages/airflow/example_dags/example_time_delta_sensor_async.py
[2022-08-17 05:38:53,418] {processor.py:651} INFO - DAG(s) dict_keys(['example_time_delta_sensor_async']) retrieved from /home/airflow/.local/lib/python3.7/site-packages/airflow/example_dags/example_time_delta_sensor_async.py
[2022-08-17 05:38:53,528] {logging_mixin.py:115} INFO - [2022-08-17 05:38:53,528] {dag.py:2371} INFO - Sync 1 DAGs
[2022-08-17 05:38:53,576] {logging_mixin.py:115} INFO - [2022-08-17 05:38:53,576] {dag.py:2919} INFO - Setting next_dagrun for example_time_delta_sensor_async to None, run_after=None
[2022-08-17 05:38:53,606] {processor.py:161} INFO - Processing /home/airflow/.local/lib/python3.7/site-packages/airflow/example_dags/example_time_delta_sensor_async.py took 0.222 seconds
[2022-08-17 05:44:00,506] {processor.py:153} INFO - Started process (PID=16672) to work on /home/airflow/.local/lib/python3.7/site-packages/airflow/example_dags/example_time_delta_sensor_async.py
[2022-08-17 05:44:00,507] {processor.py:641} INFO - Processing file /home/airflow/.local/lib/python3.7/site-packages/airflow/example_dags/example_time_delta_sensor_async.py for tasks to queue
[2022-08-17 05:44:00,509] {logging_mixin.py:115} INFO - [2022-08-17 05:44:00,509] {dagbag.py:507} INFO - Filling up the DagBag from /home/airflow/.local/lib/python3.7/site-packages/airflow/example_dags/example_time_delta_sensor_async.py
[2022-08-17 05:44:00,515] {processor.py:651} INFO - DAG(s) dict_keys(['example_time_delta_sensor_async']) retrieved from /home/airflow/.local/lib/python3.7/site-packages/airflow/example_dags/example_time_delta_sensor_async.py
[2022-08-17 05:44:00,560] {logging_mixin.py:115} INFO - [2022-08-17 05:44:00,559] {dag.py:2371} INFO - Sync 1 DAGs
[2022-08-17 05:44:00,580] {logging_mixin.py:115} INFO - [2022-08-17 05:44:00,580] {dag.py:2919} INFO - Setting next_dagrun for example_time_delta_sensor_async to None, run_after=None
[2022-08-17 05:44:00,593] {processor.py:161} INFO - Processing /home/airflow/.local/lib/python3.7/site-packages/airflow/example_dags/example_time_delta_sensor_async.py took 0.092 seconds
[2022-08-17 05:44:32,104] {processor.py:153} INFO - Started process (PID=16725) to work on /home/airflow/.local/lib/python3.7/site-packages/airflow/example_dags/example_time_delta_sensor_async.py
[2022-08-17 05:44:32,106] {processor.py:641} INFO - Processing file /home/airflow/.local/lib/python3.7/site-packages/airflow/example_dags/example_time_delta_sensor_async.py for tasks to queue
[2022-08-17 05:44:32,109] {logging_mixin.py:115} INFO - [2022-08-17 05:44:32,109] {dagbag.py:507} INFO - Filling up the DagBag from /home/airflow/.local/lib/python3.7/site-packages/airflow/example_dags/example_time_delta_sensor_async.py
[2022-08-17 05:44:32,127] {processor.py:651} INFO - DAG(s) dict_keys(['example_time_delta_sensor_async']) retrieved from /home/airflow/.local/lib/python3.7/site-packages/airflow/example_dags/example_time_delta_sensor_async.py
[2022-08-17 05:44:32,234] {logging_mixin.py:115} INFO - [2022-08-17 05:44:32,234] {dag.py:2371} INFO - Sync 1 DAGs
[2022-08-17 05:44:32,282] {logging_mixin.py:115} INFO - [2022-08-17 05:44:32,281] {dag.py:2919} INFO - Setting next_dagrun for example_time_delta_sensor_async to None, run_after=None
[2022-08-17 05:44:32,312] {processor.py:161} INFO - Processing /home/airflow/.local/lib/python3.7/site-packages/airflow/example_dags/example_time_delta_sensor_async.py took 0.216 seconds
[2022-08-17 05:49:36,689] {processor.py:153} INFO - Started process (PID=16778) to work on /home/airflow/.local/lib/python3.7/site-packages/airflow/example_dags/example_time_delta_sensor_async.py
[2022-08-17 05:49:36,691] {processor.py:641} INFO - Processing file /home/airflow/.local/lib/python3.7/site-packages/airflow/example_dags/example_time_delta_sensor_async.py for tasks to queue
[2022-08-17 05:49:36,693] {logging_mixin.py:115} INFO - [2022-08-17 05:49:36,693] {dagbag.py:507} INFO - Filling up the DagBag from /home/airflow/.local/lib/python3.7/site-packages/airflow/example_dags/example_time_delta_sensor_async.py
[2022-08-17 05:49:36,705] {processor.py:651} INFO - DAG(s) dict_keys(['example_time_delta_sensor_async']) retrieved from /home/airflow/.local/lib/python3.7/site-packages/airflow/example_dags/example_time_delta_sensor_async.py
[2022-08-17 05:49:36,773] {logging_mixin.py:115} INFO - [2022-08-17 05:49:36,773] {dag.py:2371} INFO - Sync 1 DAGs
[2022-08-17 05:49:36,815] {logging_mixin.py:115} INFO - [2022-08-17 05:49:36,815] {dag.py:2919} INFO - Setting next_dagrun for example_time_delta_sensor_async to None, run_after=None
[2022-08-17 05:49:36,832] {processor.py:161} INFO - Processing /home/airflow/.local/lib/python3.7/site-packages/airflow/example_dags/example_time_delta_sensor_async.py took 0.150 seconds
[2022-08-17 05:50:08,220] {processor.py:153} INFO - Started process (PID=16830) to work on /home/airflow/.local/lib/python3.7/site-packages/airflow/example_dags/example_time_delta_sensor_async.py
[2022-08-17 05:50:08,223] {processor.py:641} INFO - Processing file /home/airflow/.local/lib/python3.7/site-packages/airflow/example_dags/example_time_delta_sensor_async.py for tasks to queue
[2022-08-17 05:50:08,226] {logging_mixin.py:115} INFO - [2022-08-17 05:50:08,226] {dagbag.py:507} INFO - Filling up the DagBag from /home/airflow/.local/lib/python3.7/site-packages/airflow/example_dags/example_time_delta_sensor_async.py
[2022-08-17 05:50:08,242] {processor.py:651} INFO - DAG(s) dict_keys(['example_time_delta_sensor_async']) retrieved from /home/airflow/.local/lib/python3.7/site-packages/airflow/example_dags/example_time_delta_sensor_async.py
[2022-08-17 05:50:08,378] {logging_mixin.py:115} INFO - [2022-08-17 05:50:08,377] {dag.py:2371} INFO - Sync 1 DAGs
[2022-08-17 05:50:08,456] {logging_mixin.py:115} INFO - [2022-08-17 05:50:08,456] {dag.py:2919} INFO - Setting next_dagrun for example_time_delta_sensor_async to None, run_after=None
[2022-08-17 05:50:08,496] {processor.py:161} INFO - Processing /home/airflow/.local/lib/python3.7/site-packages/airflow/example_dags/example_time_delta_sensor_async.py took 0.284 seconds
[2022-08-17 06:05:49,110] {processor.py:153} INFO - Started process (PID=16902) to work on /home/airflow/.local/lib/python3.7/site-packages/airflow/example_dags/example_time_delta_sensor_async.py
[2022-08-17 06:05:49,111] {processor.py:641} INFO - Processing file /home/airflow/.local/lib/python3.7/site-packages/airflow/example_dags/example_time_delta_sensor_async.py for tasks to queue
[2022-08-17 06:05:49,113] {logging_mixin.py:115} INFO - [2022-08-17 06:05:49,113] {dagbag.py:507} INFO - Filling up the DagBag from /home/airflow/.local/lib/python3.7/site-packages/airflow/example_dags/example_time_delta_sensor_async.py
[2022-08-17 06:05:49,137] {processor.py:651} INFO - DAG(s) dict_keys(['example_time_delta_sensor_async']) retrieved from /home/airflow/.local/lib/python3.7/site-packages/airflow/example_dags/example_time_delta_sensor_async.py
[2022-08-17 06:05:49,254] {logging_mixin.py:115} INFO - [2022-08-17 06:05:49,254] {dag.py:2371} INFO - Sync 1 DAGs
[2022-08-17 06:05:49,289] {logging_mixin.py:115} INFO - [2022-08-17 06:05:49,289] {dag.py:2919} INFO - Setting next_dagrun for example_time_delta_sensor_async to None, run_after=None
[2022-08-17 06:05:49,317] {processor.py:161} INFO - Processing /home/airflow/.local/lib/python3.7/site-packages/airflow/example_dags/example_time_delta_sensor_async.py took 0.221 seconds
[2022-08-17 06:06:20,973] {processor.py:153} INFO - Started process (PID=16954) to work on /home/airflow/.local/lib/python3.7/site-packages/airflow/example_dags/example_time_delta_sensor_async.py
[2022-08-17 06:06:20,977] {processor.py:641} INFO - Processing file /home/airflow/.local/lib/python3.7/site-packages/airflow/example_dags/example_time_delta_sensor_async.py for tasks to queue
[2022-08-17 06:06:20,980] {logging_mixin.py:115} INFO - [2022-08-17 06:06:20,979] {dagbag.py:507} INFO - Filling up the DagBag from /home/airflow/.local/lib/python3.7/site-packages/airflow/example_dags/example_time_delta_sensor_async.py
[2022-08-17 06:06:21,000] {processor.py:651} INFO - DAG(s) dict_keys(['example_time_delta_sensor_async']) retrieved from /home/airflow/.local/lib/python3.7/site-packages/airflow/example_dags/example_time_delta_sensor_async.py
[2022-08-17 06:06:21,134] {logging_mixin.py:115} INFO - [2022-08-17 06:06:21,134] {dag.py:2371} INFO - Sync 1 DAGs
[2022-08-17 06:06:21,188] {logging_mixin.py:115} INFO - [2022-08-17 06:06:21,188] {dag.py:2919} INFO - Setting next_dagrun for example_time_delta_sensor_async to None, run_after=None
[2022-08-17 06:06:21,236] {processor.py:161} INFO - Processing /home/airflow/.local/lib/python3.7/site-packages/airflow/example_dags/example_time_delta_sensor_async.py took 0.275 seconds
[2022-08-17 06:11:24,327] {processor.py:153} INFO - Started process (PID=17006) to work on /home/airflow/.local/lib/python3.7/site-packages/airflow/example_dags/example_time_delta_sensor_async.py
[2022-08-17 06:11:24,328] {processor.py:641} INFO - Processing file /home/airflow/.local/lib/python3.7/site-packages/airflow/example_dags/example_time_delta_sensor_async.py for tasks to queue
[2022-08-17 06:11:24,330] {logging_mixin.py:115} INFO - [2022-08-17 06:11:24,330] {dagbag.py:507} INFO - Filling up the DagBag from /home/airflow/.local/lib/python3.7/site-packages/airflow/example_dags/example_time_delta_sensor_async.py
[2022-08-17 06:11:24,338] {processor.py:651} INFO - DAG(s) dict_keys(['example_time_delta_sensor_async']) retrieved from /home/airflow/.local/lib/python3.7/site-packages/airflow/example_dags/example_time_delta_sensor_async.py
[2022-08-17 06:11:24,466] {logging_mixin.py:115} INFO - [2022-08-17 06:11:24,466] {dag.py:2371} INFO - Sync 1 DAGs
[2022-08-17 06:11:24,523] {logging_mixin.py:115} INFO - [2022-08-17 06:11:24,523] {dag.py:2919} INFO - Setting next_dagrun for example_time_delta_sensor_async to None, run_after=None
[2022-08-17 06:11:24,539] {processor.py:161} INFO - Processing /home/airflow/.local/lib/python3.7/site-packages/airflow/example_dags/example_time_delta_sensor_async.py took 0.217 seconds
[2022-08-17 06:11:55,375] {processor.py:153} INFO - Started process (PID=17059) to work on /home/airflow/.local/lib/python3.7/site-packages/airflow/example_dags/example_time_delta_sensor_async.py
[2022-08-17 06:11:55,378] {processor.py:641} INFO - Processing file /home/airflow/.local/lib/python3.7/site-packages/airflow/example_dags/example_time_delta_sensor_async.py for tasks to queue
[2022-08-17 06:11:55,381] {logging_mixin.py:115} INFO - [2022-08-17 06:11:55,380] {dagbag.py:507} INFO - Filling up the DagBag from /home/airflow/.local/lib/python3.7/site-packages/airflow/example_dags/example_time_delta_sensor_async.py
[2022-08-17 06:11:55,397] {processor.py:651} INFO - DAG(s) dict_keys(['example_time_delta_sensor_async']) retrieved from /home/airflow/.local/lib/python3.7/site-packages/airflow/example_dags/example_time_delta_sensor_async.py
[2022-08-17 06:11:55,497] {logging_mixin.py:115} INFO - [2022-08-17 06:11:55,496] {dag.py:2371} INFO - Sync 1 DAGs
[2022-08-17 06:11:55,545] {logging_mixin.py:115} INFO - [2022-08-17 06:11:55,545] {dag.py:2919} INFO - Setting next_dagrun for example_time_delta_sensor_async to None, run_after=None
[2022-08-17 06:11:55,575] {processor.py:161} INFO - Processing /home/airflow/.local/lib/python3.7/site-packages/airflow/example_dags/example_time_delta_sensor_async.py took 0.209 seconds
[2022-08-17 06:13:00,807] {processor.py:153} INFO - Started process (PID=17111) to work on /home/airflow/.local/lib/python3.7/site-packages/airflow/example_dags/example_time_delta_sensor_async.py
[2022-08-17 06:13:00,811] {processor.py:641} INFO - Processing file /home/airflow/.local/lib/python3.7/site-packages/airflow/example_dags/example_time_delta_sensor_async.py for tasks to queue
[2022-08-17 06:13:00,813] {logging_mixin.py:115} INFO - [2022-08-17 06:13:00,813] {dagbag.py:507} INFO - Filling up the DagBag from /home/airflow/.local/lib/python3.7/site-packages/airflow/example_dags/example_time_delta_sensor_async.py
[2022-08-17 06:13:00,832] {processor.py:651} INFO - DAG(s) dict_keys(['example_time_delta_sensor_async']) retrieved from /home/airflow/.local/lib/python3.7/site-packages/airflow/example_dags/example_time_delta_sensor_async.py
[2022-08-17 06:13:00,925] {logging_mixin.py:115} INFO - [2022-08-17 06:13:00,925] {dag.py:2371} INFO - Sync 1 DAGs
[2022-08-17 06:13:00,955] {logging_mixin.py:115} INFO - [2022-08-17 06:13:00,955] {dag.py:2919} INFO - Setting next_dagrun for example_time_delta_sensor_async to None, run_after=None
[2022-08-17 06:13:00,972] {processor.py:161} INFO - Processing /home/airflow/.local/lib/python3.7/site-packages/airflow/example_dags/example_time_delta_sensor_async.py took 0.172 seconds
[2022-08-17 06:18:16,455] {processor.py:153} INFO - Started process (PID=17154) to work on /home/airflow/.local/lib/python3.7/site-packages/airflow/example_dags/example_time_delta_sensor_async.py
[2022-08-17 06:18:16,457] {processor.py:641} INFO - Processing file /home/airflow/.local/lib/python3.7/site-packages/airflow/example_dags/example_time_delta_sensor_async.py for tasks to queue
[2022-08-17 06:18:16,458] {logging_mixin.py:115} INFO - [2022-08-17 06:18:16,458] {dagbag.py:507} INFO - Filling up the DagBag from /home/airflow/.local/lib/python3.7/site-packages/airflow/example_dags/example_time_delta_sensor_async.py
[2022-08-17 06:18:16,468] {processor.py:651} INFO - DAG(s) dict_keys(['example_time_delta_sensor_async']) retrieved from /home/airflow/.local/lib/python3.7/site-packages/airflow/example_dags/example_time_delta_sensor_async.py
[2022-08-17 06:18:16,570] {logging_mixin.py:115} INFO - [2022-08-17 06:18:16,570] {dag.py:2371} INFO - Sync 1 DAGs
[2022-08-17 06:18:16,603] {logging_mixin.py:115} INFO - [2022-08-17 06:18:16,603] {dag.py:2919} INFO - Setting next_dagrun for example_time_delta_sensor_async to None, run_after=None
[2022-08-17 06:18:16,624] {processor.py:161} INFO - Processing /home/airflow/.local/lib/python3.7/site-packages/airflow/example_dags/example_time_delta_sensor_async.py took 0.174 seconds
[2022-08-17 07:18:06,975] {processor.py:153} INFO - Started process (PID=17207) to work on /home/airflow/.local/lib/python3.7/site-packages/airflow/example_dags/example_time_delta_sensor_async.py
[2022-08-17 07:18:06,978] {processor.py:641} INFO - Processing file /home/airflow/.local/lib/python3.7/site-packages/airflow/example_dags/example_time_delta_sensor_async.py for tasks to queue
[2022-08-17 07:18:06,981] {logging_mixin.py:115} INFO - [2022-08-17 07:18:06,981] {dagbag.py:507} INFO - Filling up the DagBag from /home/airflow/.local/lib/python3.7/site-packages/airflow/example_dags/example_time_delta_sensor_async.py
[2022-08-17 07:18:06,990] {processor.py:651} INFO - DAG(s) dict_keys(['example_time_delta_sensor_async']) retrieved from /home/airflow/.local/lib/python3.7/site-packages/airflow/example_dags/example_time_delta_sensor_async.py
[2022-08-17 07:18:07,109] {logging_mixin.py:115} INFO - [2022-08-17 07:18:07,109] {dag.py:2371} INFO - Sync 1 DAGs
[2022-08-17 07:18:07,140] {logging_mixin.py:115} INFO - [2022-08-17 07:18:07,140] {dag.py:2919} INFO - Setting next_dagrun for example_time_delta_sensor_async to None, run_after=None
[2022-08-17 07:18:07,163] {processor.py:161} INFO - Processing /home/airflow/.local/lib/python3.7/site-packages/airflow/example_dags/example_time_delta_sensor_async.py took 0.196 seconds
[2022-08-17 10:54:16,024] {processor.py:153} INFO - Started process (PID=17260) to work on /home/airflow/.local/lib/python3.7/site-packages/airflow/example_dags/example_time_delta_sensor_async.py
[2022-08-17 10:54:16,025] {processor.py:641} INFO - Processing file /home/airflow/.local/lib/python3.7/site-packages/airflow/example_dags/example_time_delta_sensor_async.py for tasks to queue
[2022-08-17 10:54:16,027] {logging_mixin.py:115} INFO - [2022-08-17 10:54:16,027] {dagbag.py:507} INFO - Filling up the DagBag from /home/airflow/.local/lib/python3.7/site-packages/airflow/example_dags/example_time_delta_sensor_async.py
[2022-08-17 10:54:16,045] {processor.py:651} INFO - DAG(s) dict_keys(['example_time_delta_sensor_async']) retrieved from /home/airflow/.local/lib/python3.7/site-packages/airflow/example_dags/example_time_delta_sensor_async.py
[2022-08-17 10:54:16,183] {logging_mixin.py:115} INFO - [2022-08-17 10:54:16,183] {dag.py:2371} INFO - Sync 1 DAGs
[2022-08-17 10:54:16,227] {logging_mixin.py:115} INFO - [2022-08-17 10:54:16,227] {dag.py:2919} INFO - Setting next_dagrun for example_time_delta_sensor_async to None, run_after=None
[2022-08-17 10:54:16,251] {processor.py:161} INFO - Processing /home/airflow/.local/lib/python3.7/site-packages/airflow/example_dags/example_time_delta_sensor_async.py took 0.234 seconds
[2022-08-17 12:42:32,198] {processor.py:153} INFO - Started process (PID=17312) to work on /home/airflow/.local/lib/python3.7/site-packages/airflow/example_dags/example_time_delta_sensor_async.py
[2022-08-17 12:42:32,199] {processor.py:641} INFO - Processing file /home/airflow/.local/lib/python3.7/site-packages/airflow/example_dags/example_time_delta_sensor_async.py for tasks to queue
[2022-08-17 12:42:32,201] {logging_mixin.py:115} INFO - [2022-08-17 12:42:32,201] {dagbag.py:507} INFO - Filling up the DagBag from /home/airflow/.local/lib/python3.7/site-packages/airflow/example_dags/example_time_delta_sensor_async.py
[2022-08-17 12:42:32,209] {processor.py:651} INFO - DAG(s) dict_keys(['example_time_delta_sensor_async']) retrieved from /home/airflow/.local/lib/python3.7/site-packages/airflow/example_dags/example_time_delta_sensor_async.py
[2022-08-17 12:42:32,273] {logging_mixin.py:115} INFO - [2022-08-17 12:42:32,273] {dag.py:2371} INFO - Sync 1 DAGs
[2022-08-17 12:42:32,293] {logging_mixin.py:115} INFO - [2022-08-17 12:42:32,293] {dag.py:2919} INFO - Setting next_dagrun for example_time_delta_sensor_async to None, run_after=None
[2022-08-17 12:42:32,306] {processor.py:161} INFO - Processing /home/airflow/.local/lib/python3.7/site-packages/airflow/example_dags/example_time_delta_sensor_async.py took 0.113 seconds
[2022-08-17 16:18:40,551] {processor.py:153} INFO - Started process (PID=17363) to work on /home/airflow/.local/lib/python3.7/site-packages/airflow/example_dags/example_time_delta_sensor_async.py
[2022-08-17 16:18:40,553] {processor.py:641} INFO - Processing file /home/airflow/.local/lib/python3.7/site-packages/airflow/example_dags/example_time_delta_sensor_async.py for tasks to queue
[2022-08-17 16:18:40,554] {logging_mixin.py:115} INFO - [2022-08-17 16:18:40,554] {dagbag.py:507} INFO - Filling up the DagBag from /home/airflow/.local/lib/python3.7/site-packages/airflow/example_dags/example_time_delta_sensor_async.py
[2022-08-17 16:18:40,579] {processor.py:651} INFO - DAG(s) dict_keys(['example_time_delta_sensor_async']) retrieved from /home/airflow/.local/lib/python3.7/site-packages/airflow/example_dags/example_time_delta_sensor_async.py
[2022-08-17 16:18:40,708] {logging_mixin.py:115} INFO - [2022-08-17 16:18:40,708] {dag.py:2371} INFO - Sync 1 DAGs
[2022-08-17 16:18:40,745] {logging_mixin.py:115} INFO - [2022-08-17 16:18:40,745] {dag.py:2919} INFO - Setting next_dagrun for example_time_delta_sensor_async to None, run_after=None
[2022-08-17 16:18:40,772] {processor.py:161} INFO - Processing /home/airflow/.local/lib/python3.7/site-packages/airflow/example_dags/example_time_delta_sensor_async.py took 0.227 seconds
[2022-08-17 18:06:40,689] {processor.py:153} INFO - Started process (PID=17415) to work on /home/airflow/.local/lib/python3.7/site-packages/airflow/example_dags/example_time_delta_sensor_async.py
[2022-08-17 18:06:40,691] {processor.py:641} INFO - Processing file /home/airflow/.local/lib/python3.7/site-packages/airflow/example_dags/example_time_delta_sensor_async.py for tasks to queue
[2022-08-17 18:06:40,693] {logging_mixin.py:115} INFO - [2022-08-17 18:06:40,693] {dagbag.py:507} INFO - Filling up the DagBag from /home/airflow/.local/lib/python3.7/site-packages/airflow/example_dags/example_time_delta_sensor_async.py
[2022-08-17 18:06:40,713] {processor.py:651} INFO - DAG(s) dict_keys(['example_time_delta_sensor_async']) retrieved from /home/airflow/.local/lib/python3.7/site-packages/airflow/example_dags/example_time_delta_sensor_async.py
[2022-08-17 18:06:40,889] {logging_mixin.py:115} INFO - [2022-08-17 18:06:40,889] {dag.py:2371} INFO - Sync 1 DAGs
[2022-08-17 18:06:40,939] {logging_mixin.py:115} INFO - [2022-08-17 18:06:40,939] {dag.py:2919} INFO - Setting next_dagrun for example_time_delta_sensor_async to None, run_after=None
[2022-08-17 18:06:40,971] {processor.py:161} INFO - Processing /home/airflow/.local/lib/python3.7/site-packages/airflow/example_dags/example_time_delta_sensor_async.py took 0.299 seconds
[2022-08-17 18:07:11,771] {processor.py:153} INFO - Started process (PID=17476) to work on /home/airflow/.local/lib/python3.7/site-packages/airflow/example_dags/example_time_delta_sensor_async.py
[2022-08-17 18:07:11,773] {processor.py:641} INFO - Processing file /home/airflow/.local/lib/python3.7/site-packages/airflow/example_dags/example_time_delta_sensor_async.py for tasks to queue
[2022-08-17 18:07:11,775] {logging_mixin.py:115} INFO - [2022-08-17 18:07:11,775] {dagbag.py:507} INFO - Filling up the DagBag from /home/airflow/.local/lib/python3.7/site-packages/airflow/example_dags/example_time_delta_sensor_async.py
[2022-08-17 18:07:11,781] {processor.py:651} INFO - DAG(s) dict_keys(['example_time_delta_sensor_async']) retrieved from /home/airflow/.local/lib/python3.7/site-packages/airflow/example_dags/example_time_delta_sensor_async.py
[2022-08-17 18:07:11,832] {logging_mixin.py:115} INFO - [2022-08-17 18:07:11,832] {dag.py:2371} INFO - Sync 1 DAGs
[2022-08-17 18:07:11,857] {logging_mixin.py:115} INFO - [2022-08-17 18:07:11,857] {dag.py:2919} INFO - Setting next_dagrun for example_time_delta_sensor_async to None, run_after=None
[2022-08-17 18:07:11,877] {processor.py:161} INFO - Processing /home/airflow/.local/lib/python3.7/site-packages/airflow/example_dags/example_time_delta_sensor_async.py took 0.112 seconds
[2022-08-17 18:08:06,365] {processor.py:153} INFO - Started process (PID=17519) to work on /home/airflow/.local/lib/python3.7/site-packages/airflow/example_dags/example_time_delta_sensor_async.py
[2022-08-17 18:08:06,367] {processor.py:641} INFO - Processing file /home/airflow/.local/lib/python3.7/site-packages/airflow/example_dags/example_time_delta_sensor_async.py for tasks to queue
[2022-08-17 18:08:06,368] {logging_mixin.py:115} INFO - [2022-08-17 18:08:06,368] {dagbag.py:507} INFO - Filling up the DagBag from /home/airflow/.local/lib/python3.7/site-packages/airflow/example_dags/example_time_delta_sensor_async.py
[2022-08-17 18:08:06,380] {processor.py:651} INFO - DAG(s) dict_keys(['example_time_delta_sensor_async']) retrieved from /home/airflow/.local/lib/python3.7/site-packages/airflow/example_dags/example_time_delta_sensor_async.py
[2022-08-17 18:08:06,480] {logging_mixin.py:115} INFO - [2022-08-17 18:08:06,480] {dag.py:2371} INFO - Sync 1 DAGs
[2022-08-17 18:08:06,532] {logging_mixin.py:115} INFO - [2022-08-17 18:08:06,532] {dag.py:2919} INFO - Setting next_dagrun for example_time_delta_sensor_async to None, run_after=None
[2022-08-17 18:08:06,560] {processor.py:161} INFO - Processing /home/airflow/.local/lib/python3.7/site-packages/airflow/example_dags/example_time_delta_sensor_async.py took 0.202 seconds
[2022-08-17 18:08:39,996] {processor.py:153} INFO - Started process (PID=17571) to work on /home/airflow/.local/lib/python3.7/site-packages/airflow/example_dags/example_time_delta_sensor_async.py
[2022-08-17 18:08:40,000] {processor.py:641} INFO - Processing file /home/airflow/.local/lib/python3.7/site-packages/airflow/example_dags/example_time_delta_sensor_async.py for tasks to queue
[2022-08-17 18:08:40,006] {logging_mixin.py:115} INFO - [2022-08-17 18:08:40,006] {dagbag.py:507} INFO - Filling up the DagBag from /home/airflow/.local/lib/python3.7/site-packages/airflow/example_dags/example_time_delta_sensor_async.py
[2022-08-17 18:08:40,037] {processor.py:651} INFO - DAG(s) dict_keys(['example_time_delta_sensor_async']) retrieved from /home/airflow/.local/lib/python3.7/site-packages/airflow/example_dags/example_time_delta_sensor_async.py
[2022-08-17 18:08:40,248] {logging_mixin.py:115} INFO - [2022-08-17 18:08:40,248] {dag.py:2371} INFO - Sync 1 DAGs
[2022-08-17 18:08:40,321] {logging_mixin.py:115} INFO - [2022-08-17 18:08:40,321] {dag.py:2919} INFO - Setting next_dagrun for example_time_delta_sensor_async to None, run_after=None
[2022-08-17 18:08:40,361] {processor.py:161} INFO - Processing /home/airflow/.local/lib/python3.7/site-packages/airflow/example_dags/example_time_delta_sensor_async.py took 0.379 seconds
[2022-08-17 18:13:39,680] {processor.py:153} INFO - Started process (PID=17614) to work on /home/airflow/.local/lib/python3.7/site-packages/airflow/example_dags/example_time_delta_sensor_async.py
[2022-08-17 18:13:39,684] {processor.py:641} INFO - Processing file /home/airflow/.local/lib/python3.7/site-packages/airflow/example_dags/example_time_delta_sensor_async.py for tasks to queue
[2022-08-17 18:13:39,691] {logging_mixin.py:115} INFO - [2022-08-17 18:13:39,690] {dagbag.py:507} INFO - Filling up the DagBag from /home/airflow/.local/lib/python3.7/site-packages/airflow/example_dags/example_time_delta_sensor_async.py
[2022-08-17 18:13:39,712] {processor.py:651} INFO - DAG(s) dict_keys(['example_time_delta_sensor_async']) retrieved from /home/airflow/.local/lib/python3.7/site-packages/airflow/example_dags/example_time_delta_sensor_async.py
[2022-08-17 18:13:39,871] {logging_mixin.py:115} INFO - [2022-08-17 18:13:39,871] {dag.py:2371} INFO - Sync 1 DAGs
[2022-08-17 18:13:39,911] {logging_mixin.py:115} INFO - [2022-08-17 18:13:39,911] {dag.py:2919} INFO - Setting next_dagrun for example_time_delta_sensor_async to None, run_after=None
[2022-08-17 18:13:39,939] {processor.py:161} INFO - Processing /home/airflow/.local/lib/python3.7/site-packages/airflow/example_dags/example_time_delta_sensor_async.py took 0.264 seconds
[2022-08-17 18:14:11,803] {processor.py:153} INFO - Started process (PID=17665) to work on /home/airflow/.local/lib/python3.7/site-packages/airflow/example_dags/example_time_delta_sensor_async.py
[2022-08-17 18:14:11,807] {processor.py:641} INFO - Processing file /home/airflow/.local/lib/python3.7/site-packages/airflow/example_dags/example_time_delta_sensor_async.py for tasks to queue
[2022-08-17 18:14:11,811] {logging_mixin.py:115} INFO - [2022-08-17 18:14:11,810] {dagbag.py:507} INFO - Filling up the DagBag from /home/airflow/.local/lib/python3.7/site-packages/airflow/example_dags/example_time_delta_sensor_async.py
[2022-08-17 18:14:11,842] {processor.py:651} INFO - DAG(s) dict_keys(['example_time_delta_sensor_async']) retrieved from /home/airflow/.local/lib/python3.7/site-packages/airflow/example_dags/example_time_delta_sensor_async.py
[2022-08-17 18:14:12,011] {logging_mixin.py:115} INFO - [2022-08-17 18:14:12,010] {dag.py:2371} INFO - Sync 1 DAGs
[2022-08-17 18:14:12,072] {logging_mixin.py:115} INFO - [2022-08-17 18:14:12,071] {dag.py:2919} INFO - Setting next_dagrun for example_time_delta_sensor_async to None, run_after=None
[2022-08-17 18:14:12,109] {processor.py:161} INFO - Processing /home/airflow/.local/lib/python3.7/site-packages/airflow/example_dags/example_time_delta_sensor_async.py took 0.320 seconds
[2022-08-17 18:19:10,853] {processor.py:153} INFO - Started process (PID=17717) to work on /home/airflow/.local/lib/python3.7/site-packages/airflow/example_dags/example_time_delta_sensor_async.py
[2022-08-17 18:19:10,855] {processor.py:641} INFO - Processing file /home/airflow/.local/lib/python3.7/site-packages/airflow/example_dags/example_time_delta_sensor_async.py for tasks to queue
[2022-08-17 18:19:10,856] {logging_mixin.py:115} INFO - [2022-08-17 18:19:10,856] {dagbag.py:507} INFO - Filling up the DagBag from /home/airflow/.local/lib/python3.7/site-packages/airflow/example_dags/example_time_delta_sensor_async.py
[2022-08-17 18:19:10,864] {processor.py:651} INFO - DAG(s) dict_keys(['example_time_delta_sensor_async']) retrieved from /home/airflow/.local/lib/python3.7/site-packages/airflow/example_dags/example_time_delta_sensor_async.py
[2022-08-17 18:19:10,922] {logging_mixin.py:115} INFO - [2022-08-17 18:19:10,921] {dag.py:2371} INFO - Sync 1 DAGs
[2022-08-17 18:19:10,947] {logging_mixin.py:115} INFO - [2022-08-17 18:19:10,947] {dag.py:2919} INFO - Setting next_dagrun for example_time_delta_sensor_async to None, run_after=None
[2022-08-17 18:19:10,967] {processor.py:161} INFO - Processing /home/airflow/.local/lib/python3.7/site-packages/airflow/example_dags/example_time_delta_sensor_async.py took 0.118 seconds
[2022-08-17 18:19:43,018] {processor.py:153} INFO - Started process (PID=17769) to work on /home/airflow/.local/lib/python3.7/site-packages/airflow/example_dags/example_time_delta_sensor_async.py
[2022-08-17 18:19:43,021] {processor.py:641} INFO - Processing file /home/airflow/.local/lib/python3.7/site-packages/airflow/example_dags/example_time_delta_sensor_async.py for tasks to queue
[2022-08-17 18:19:43,026] {logging_mixin.py:115} INFO - [2022-08-17 18:19:43,025] {dagbag.py:507} INFO - Filling up the DagBag from /home/airflow/.local/lib/python3.7/site-packages/airflow/example_dags/example_time_delta_sensor_async.py
[2022-08-17 18:19:43,052] {processor.py:651} INFO - DAG(s) dict_keys(['example_time_delta_sensor_async']) retrieved from /home/airflow/.local/lib/python3.7/site-packages/airflow/example_dags/example_time_delta_sensor_async.py
[2022-08-17 18:19:43,196] {logging_mixin.py:115} INFO - [2022-08-17 18:19:43,196] {dag.py:2371} INFO - Sync 1 DAGs
[2022-08-17 18:19:43,248] {logging_mixin.py:115} INFO - [2022-08-17 18:19:43,248] {dag.py:2919} INFO - Setting next_dagrun for example_time_delta_sensor_async to None, run_after=None
[2022-08-17 18:19:43,282] {processor.py:161} INFO - Processing /home/airflow/.local/lib/python3.7/site-packages/airflow/example_dags/example_time_delta_sensor_async.py took 0.278 seconds
[2022-08-17 18:24:45,836] {processor.py:153} INFO - Started process (PID=17821) to work on /home/airflow/.local/lib/python3.7/site-packages/airflow/example_dags/example_time_delta_sensor_async.py
[2022-08-17 18:24:45,837] {processor.py:641} INFO - Processing file /home/airflow/.local/lib/python3.7/site-packages/airflow/example_dags/example_time_delta_sensor_async.py for tasks to queue
[2022-08-17 18:24:45,839] {logging_mixin.py:115} INFO - [2022-08-17 18:24:45,838] {dagbag.py:507} INFO - Filling up the DagBag from /home/airflow/.local/lib/python3.7/site-packages/airflow/example_dags/example_time_delta_sensor_async.py
[2022-08-17 18:24:45,846] {processor.py:651} INFO - DAG(s) dict_keys(['example_time_delta_sensor_async']) retrieved from /home/airflow/.local/lib/python3.7/site-packages/airflow/example_dags/example_time_delta_sensor_async.py
[2022-08-17 18:24:45,898] {logging_mixin.py:115} INFO - [2022-08-17 18:24:45,898] {dag.py:2371} INFO - Sync 1 DAGs
[2022-08-17 18:24:45,919] {logging_mixin.py:115} INFO - [2022-08-17 18:24:45,919] {dag.py:2919} INFO - Setting next_dagrun for example_time_delta_sensor_async to None, run_after=None
[2022-08-17 18:24:45,935] {processor.py:161} INFO - Processing /home/airflow/.local/lib/python3.7/site-packages/airflow/example_dags/example_time_delta_sensor_async.py took 0.110 seconds
[2022-08-17 18:25:16,803] {processor.py:153} INFO - Started process (PID=17873) to work on /home/airflow/.local/lib/python3.7/site-packages/airflow/example_dags/example_time_delta_sensor_async.py
[2022-08-17 18:25:16,808] {processor.py:641} INFO - Processing file /home/airflow/.local/lib/python3.7/site-packages/airflow/example_dags/example_time_delta_sensor_async.py for tasks to queue
[2022-08-17 18:25:16,815] {logging_mixin.py:115} INFO - [2022-08-17 18:25:16,814] {dagbag.py:507} INFO - Filling up the DagBag from /home/airflow/.local/lib/python3.7/site-packages/airflow/example_dags/example_time_delta_sensor_async.py
[2022-08-17 18:25:16,842] {processor.py:651} INFO - DAG(s) dict_keys(['example_time_delta_sensor_async']) retrieved from /home/airflow/.local/lib/python3.7/site-packages/airflow/example_dags/example_time_delta_sensor_async.py
[2022-08-17 18:25:16,973] {logging_mixin.py:115} INFO - [2022-08-17 18:25:16,973] {dag.py:2371} INFO - Sync 1 DAGs
[2022-08-17 18:25:17,032] {logging_mixin.py:115} INFO - [2022-08-17 18:25:17,032] {dag.py:2919} INFO - Setting next_dagrun for example_time_delta_sensor_async to None, run_after=None
[2022-08-17 18:25:17,067] {processor.py:161} INFO - Processing /home/airflow/.local/lib/python3.7/site-packages/airflow/example_dags/example_time_delta_sensor_async.py took 0.279 seconds
[2022-08-17 18:30:21,525] {processor.py:153} INFO - Started process (PID=17924) to work on /home/airflow/.local/lib/python3.7/site-packages/airflow/example_dags/example_time_delta_sensor_async.py
[2022-08-17 18:30:21,526] {processor.py:641} INFO - Processing file /home/airflow/.local/lib/python3.7/site-packages/airflow/example_dags/example_time_delta_sensor_async.py for tasks to queue
[2022-08-17 18:30:21,528] {logging_mixin.py:115} INFO - [2022-08-17 18:30:21,528] {dagbag.py:507} INFO - Filling up the DagBag from /home/airflow/.local/lib/python3.7/site-packages/airflow/example_dags/example_time_delta_sensor_async.py
[2022-08-17 18:30:21,544] {processor.py:651} INFO - DAG(s) dict_keys(['example_time_delta_sensor_async']) retrieved from /home/airflow/.local/lib/python3.7/site-packages/airflow/example_dags/example_time_delta_sensor_async.py
[2022-08-17 18:30:21,645] {logging_mixin.py:115} INFO - [2022-08-17 18:30:21,645] {dag.py:2371} INFO - Sync 1 DAGs
[2022-08-17 18:30:21,680] {logging_mixin.py:115} INFO - [2022-08-17 18:30:21,680] {dag.py:2919} INFO - Setting next_dagrun for example_time_delta_sensor_async to None, run_after=None
[2022-08-17 18:30:21,703] {processor.py:161} INFO - Processing /home/airflow/.local/lib/python3.7/site-packages/airflow/example_dags/example_time_delta_sensor_async.py took 0.183 seconds
[2022-08-17 18:30:52,608] {processor.py:153} INFO - Started process (PID=17977) to work on /home/airflow/.local/lib/python3.7/site-packages/airflow/example_dags/example_time_delta_sensor_async.py
[2022-08-17 18:30:52,611] {processor.py:641} INFO - Processing file /home/airflow/.local/lib/python3.7/site-packages/airflow/example_dags/example_time_delta_sensor_async.py for tasks to queue
[2022-08-17 18:30:52,614] {logging_mixin.py:115} INFO - [2022-08-17 18:30:52,614] {dagbag.py:507} INFO - Filling up the DagBag from /home/airflow/.local/lib/python3.7/site-packages/airflow/example_dags/example_time_delta_sensor_async.py
[2022-08-17 18:30:52,632] {processor.py:651} INFO - DAG(s) dict_keys(['example_time_delta_sensor_async']) retrieved from /home/airflow/.local/lib/python3.7/site-packages/airflow/example_dags/example_time_delta_sensor_async.py
[2022-08-17 18:30:52,760] {logging_mixin.py:115} INFO - [2022-08-17 18:30:52,759] {dag.py:2371} INFO - Sync 1 DAGs
[2022-08-17 18:30:52,813] {logging_mixin.py:115} INFO - [2022-08-17 18:30:52,813] {dag.py:2919} INFO - Setting next_dagrun for example_time_delta_sensor_async to None, run_after=None
[2022-08-17 18:30:52,847] {processor.py:161} INFO - Processing /home/airflow/.local/lib/python3.7/site-packages/airflow/example_dags/example_time_delta_sensor_async.py took 0.250 seconds
[2022-08-17 18:35:54,768] {processor.py:153} INFO - Started process (PID=18030) to work on /home/airflow/.local/lib/python3.7/site-packages/airflow/example_dags/example_time_delta_sensor_async.py
[2022-08-17 18:35:54,769] {processor.py:641} INFO - Processing file /home/airflow/.local/lib/python3.7/site-packages/airflow/example_dags/example_time_delta_sensor_async.py for tasks to queue
[2022-08-17 18:35:54,771] {logging_mixin.py:115} INFO - [2022-08-17 18:35:54,770] {dagbag.py:507} INFO - Filling up the DagBag from /home/airflow/.local/lib/python3.7/site-packages/airflow/example_dags/example_time_delta_sensor_async.py
[2022-08-17 18:35:54,777] {processor.py:651} INFO - DAG(s) dict_keys(['example_time_delta_sensor_async']) retrieved from /home/airflow/.local/lib/python3.7/site-packages/airflow/example_dags/example_time_delta_sensor_async.py
[2022-08-17 18:35:54,823] {logging_mixin.py:115} INFO - [2022-08-17 18:35:54,823] {dag.py:2371} INFO - Sync 1 DAGs
[2022-08-17 18:35:54,843] {logging_mixin.py:115} INFO - [2022-08-17 18:35:54,843] {dag.py:2919} INFO - Setting next_dagrun for example_time_delta_sensor_async to None, run_after=None
[2022-08-17 18:35:54,855] {processor.py:161} INFO - Processing /home/airflow/.local/lib/python3.7/site-packages/airflow/example_dags/example_time_delta_sensor_async.py took 0.091 seconds
[2022-08-17 18:36:26,221] {processor.py:153} INFO - Started process (PID=18082) to work on /home/airflow/.local/lib/python3.7/site-packages/airflow/example_dags/example_time_delta_sensor_async.py
[2022-08-17 18:36:26,226] {processor.py:641} INFO - Processing file /home/airflow/.local/lib/python3.7/site-packages/airflow/example_dags/example_time_delta_sensor_async.py for tasks to queue
[2022-08-17 18:36:26,232] {logging_mixin.py:115} INFO - [2022-08-17 18:36:26,231] {dagbag.py:507} INFO - Filling up the DagBag from /home/airflow/.local/lib/python3.7/site-packages/airflow/example_dags/example_time_delta_sensor_async.py
[2022-08-17 18:36:26,256] {processor.py:651} INFO - DAG(s) dict_keys(['example_time_delta_sensor_async']) retrieved from /home/airflow/.local/lib/python3.7/site-packages/airflow/example_dags/example_time_delta_sensor_async.py
[2022-08-17 18:36:26,395] {logging_mixin.py:115} INFO - [2022-08-17 18:36:26,394] {dag.py:2371} INFO - Sync 1 DAGs
[2022-08-17 18:36:26,456] {logging_mixin.py:115} INFO - [2022-08-17 18:36:26,456] {dag.py:2919} INFO - Setting next_dagrun for example_time_delta_sensor_async to None, run_after=None
[2022-08-17 18:36:26,490] {processor.py:161} INFO - Processing /home/airflow/.local/lib/python3.7/site-packages/airflow/example_dags/example_time_delta_sensor_async.py took 0.285 seconds
[2022-08-17 18:41:26,345] {processor.py:153} INFO - Started process (PID=18135) to work on /home/airflow/.local/lib/python3.7/site-packages/airflow/example_dags/example_time_delta_sensor_async.py
[2022-08-17 18:41:26,351] {processor.py:641} INFO - Processing file /home/airflow/.local/lib/python3.7/site-packages/airflow/example_dags/example_time_delta_sensor_async.py for tasks to queue
[2022-08-17 18:41:26,353] {logging_mixin.py:115} INFO - [2022-08-17 18:41:26,353] {dagbag.py:507} INFO - Filling up the DagBag from /home/airflow/.local/lib/python3.7/site-packages/airflow/example_dags/example_time_delta_sensor_async.py
[2022-08-17 18:41:26,369] {processor.py:651} INFO - DAG(s) dict_keys(['example_time_delta_sensor_async']) retrieved from /home/airflow/.local/lib/python3.7/site-packages/airflow/example_dags/example_time_delta_sensor_async.py
[2022-08-17 18:41:26,477] {logging_mixin.py:115} INFO - [2022-08-17 18:41:26,477] {dag.py:2371} INFO - Sync 1 DAGs
[2022-08-17 18:41:26,516] {logging_mixin.py:115} INFO - [2022-08-17 18:41:26,516] {dag.py:2919} INFO - Setting next_dagrun for example_time_delta_sensor_async to None, run_after=None
[2022-08-17 18:41:26,534] {processor.py:161} INFO - Processing /home/airflow/.local/lib/python3.7/site-packages/airflow/example_dags/example_time_delta_sensor_async.py took 0.193 seconds
[2022-08-17 18:41:57,942] {processor.py:153} INFO - Started process (PID=18187) to work on /home/airflow/.local/lib/python3.7/site-packages/airflow/example_dags/example_time_delta_sensor_async.py
[2022-08-17 18:41:57,945] {processor.py:641} INFO - Processing file /home/airflow/.local/lib/python3.7/site-packages/airflow/example_dags/example_time_delta_sensor_async.py for tasks to queue
[2022-08-17 18:41:57,949] {logging_mixin.py:115} INFO - [2022-08-17 18:41:57,949] {dagbag.py:507} INFO - Filling up the DagBag from /home/airflow/.local/lib/python3.7/site-packages/airflow/example_dags/example_time_delta_sensor_async.py
[2022-08-17 18:41:57,969] {processor.py:651} INFO - DAG(s) dict_keys(['example_time_delta_sensor_async']) retrieved from /home/airflow/.local/lib/python3.7/site-packages/airflow/example_dags/example_time_delta_sensor_async.py
[2022-08-17 18:41:58,106] {logging_mixin.py:115} INFO - [2022-08-17 18:41:58,105] {dag.py:2371} INFO - Sync 1 DAGs
[2022-08-17 18:41:58,157] {logging_mixin.py:115} INFO - [2022-08-17 18:41:58,157] {dag.py:2919} INFO - Setting next_dagrun for example_time_delta_sensor_async to None, run_after=None
[2022-08-17 18:41:58,192] {processor.py:161} INFO - Processing /home/airflow/.local/lib/python3.7/site-packages/airflow/example_dags/example_time_delta_sensor_async.py took 0.263 seconds
[2022-08-17 18:47:00,221] {processor.py:153} INFO - Started process (PID=18240) to work on /home/airflow/.local/lib/python3.7/site-packages/airflow/example_dags/example_time_delta_sensor_async.py
[2022-08-17 18:47:00,223] {processor.py:641} INFO - Processing file /home/airflow/.local/lib/python3.7/site-packages/airflow/example_dags/example_time_delta_sensor_async.py for tasks to queue
[2022-08-17 18:47:00,224] {logging_mixin.py:115} INFO - [2022-08-17 18:47:00,224] {dagbag.py:507} INFO - Filling up the DagBag from /home/airflow/.local/lib/python3.7/site-packages/airflow/example_dags/example_time_delta_sensor_async.py
[2022-08-17 18:47:00,234] {processor.py:651} INFO - DAG(s) dict_keys(['example_time_delta_sensor_async']) retrieved from /home/airflow/.local/lib/python3.7/site-packages/airflow/example_dags/example_time_delta_sensor_async.py
[2022-08-17 18:47:00,311] {logging_mixin.py:115} INFO - [2022-08-17 18:47:00,311] {dag.py:2371} INFO - Sync 1 DAGs
[2022-08-17 18:47:00,332] {logging_mixin.py:115} INFO - [2022-08-17 18:47:00,332] {dag.py:2919} INFO - Setting next_dagrun for example_time_delta_sensor_async to None, run_after=None
[2022-08-17 18:47:00,349] {processor.py:161} INFO - Processing /home/airflow/.local/lib/python3.7/site-packages/airflow/example_dags/example_time_delta_sensor_async.py took 0.132 seconds
[2022-08-17 18:47:31,447] {processor.py:153} INFO - Started process (PID=18293) to work on /home/airflow/.local/lib/python3.7/site-packages/airflow/example_dags/example_time_delta_sensor_async.py
[2022-08-17 18:47:31,450] {processor.py:641} INFO - Processing file /home/airflow/.local/lib/python3.7/site-packages/airflow/example_dags/example_time_delta_sensor_async.py for tasks to queue
[2022-08-17 18:47:31,454] {logging_mixin.py:115} INFO - [2022-08-17 18:47:31,453] {dagbag.py:507} INFO - Filling up the DagBag from /home/airflow/.local/lib/python3.7/site-packages/airflow/example_dags/example_time_delta_sensor_async.py
[2022-08-17 18:47:31,473] {processor.py:651} INFO - DAG(s) dict_keys(['example_time_delta_sensor_async']) retrieved from /home/airflow/.local/lib/python3.7/site-packages/airflow/example_dags/example_time_delta_sensor_async.py
[2022-08-17 18:47:31,604] {logging_mixin.py:115} INFO - [2022-08-17 18:47:31,603] {dag.py:2371} INFO - Sync 1 DAGs
[2022-08-17 18:47:31,658] {logging_mixin.py:115} INFO - [2022-08-17 18:47:31,658] {dag.py:2919} INFO - Setting next_dagrun for example_time_delta_sensor_async to None, run_after=None
[2022-08-17 18:47:31,691] {processor.py:161} INFO - Processing /home/airflow/.local/lib/python3.7/site-packages/airflow/example_dags/example_time_delta_sensor_async.py took 0.256 seconds
[2022-08-17 18:52:31,912] {processor.py:153} INFO - Started process (PID=18346) to work on /home/airflow/.local/lib/python3.7/site-packages/airflow/example_dags/example_time_delta_sensor_async.py
[2022-08-17 18:52:31,913] {processor.py:641} INFO - Processing file /home/airflow/.local/lib/python3.7/site-packages/airflow/example_dags/example_time_delta_sensor_async.py for tasks to queue
[2022-08-17 18:52:31,914] {logging_mixin.py:115} INFO - [2022-08-17 18:52:31,914] {dagbag.py:507} INFO - Filling up the DagBag from /home/airflow/.local/lib/python3.7/site-packages/airflow/example_dags/example_time_delta_sensor_async.py
[2022-08-17 18:52:31,920] {processor.py:651} INFO - DAG(s) dict_keys(['example_time_delta_sensor_async']) retrieved from /home/airflow/.local/lib/python3.7/site-packages/airflow/example_dags/example_time_delta_sensor_async.py
[2022-08-17 18:52:31,965] {logging_mixin.py:115} INFO - [2022-08-17 18:52:31,965] {dag.py:2371} INFO - Sync 1 DAGs
[2022-08-17 18:52:32,023] {logging_mixin.py:115} INFO - [2022-08-17 18:52:32,023] {dag.py:2919} INFO - Setting next_dagrun for example_time_delta_sensor_async to None, run_after=None
[2022-08-17 18:52:32,059] {processor.py:161} INFO - Processing /home/airflow/.local/lib/python3.7/site-packages/airflow/example_dags/example_time_delta_sensor_async.py took 0.151 seconds
[2022-08-17 18:53:03,617] {processor.py:153} INFO - Started process (PID=18397) to work on /home/airflow/.local/lib/python3.7/site-packages/airflow/example_dags/example_time_delta_sensor_async.py
[2022-08-17 18:53:03,620] {processor.py:641} INFO - Processing file /home/airflow/.local/lib/python3.7/site-packages/airflow/example_dags/example_time_delta_sensor_async.py for tasks to queue
[2022-08-17 18:53:03,623] {logging_mixin.py:115} INFO - [2022-08-17 18:53:03,623] {dagbag.py:507} INFO - Filling up the DagBag from /home/airflow/.local/lib/python3.7/site-packages/airflow/example_dags/example_time_delta_sensor_async.py
[2022-08-17 18:53:03,643] {processor.py:651} INFO - DAG(s) dict_keys(['example_time_delta_sensor_async']) retrieved from /home/airflow/.local/lib/python3.7/site-packages/airflow/example_dags/example_time_delta_sensor_async.py
[2022-08-17 18:53:03,768] {logging_mixin.py:115} INFO - [2022-08-17 18:53:03,768] {dag.py:2371} INFO - Sync 1 DAGs
[2022-08-17 18:53:03,842] {logging_mixin.py:115} INFO - [2022-08-17 18:53:03,842] {dag.py:2919} INFO - Setting next_dagrun for example_time_delta_sensor_async to None, run_after=None
[2022-08-17 18:53:03,885] {processor.py:161} INFO - Processing /home/airflow/.local/lib/python3.7/site-packages/airflow/example_dags/example_time_delta_sensor_async.py took 0.285 seconds
[2022-08-17 18:58:06,167] {processor.py:153} INFO - Started process (PID=18451) to work on /home/airflow/.local/lib/python3.7/site-packages/airflow/example_dags/example_time_delta_sensor_async.py
[2022-08-17 18:58:06,169] {processor.py:641} INFO - Processing file /home/airflow/.local/lib/python3.7/site-packages/airflow/example_dags/example_time_delta_sensor_async.py for tasks to queue
[2022-08-17 18:58:06,171] {logging_mixin.py:115} INFO - [2022-08-17 18:58:06,171] {dagbag.py:507} INFO - Filling up the DagBag from /home/airflow/.local/lib/python3.7/site-packages/airflow/example_dags/example_time_delta_sensor_async.py
[2022-08-17 18:58:06,182] {processor.py:651} INFO - DAG(s) dict_keys(['example_time_delta_sensor_async']) retrieved from /home/airflow/.local/lib/python3.7/site-packages/airflow/example_dags/example_time_delta_sensor_async.py
[2022-08-17 18:58:06,262] {logging_mixin.py:115} INFO - [2022-08-17 18:58:06,262] {dag.py:2371} INFO - Sync 1 DAGs
[2022-08-17 18:58:06,297] {logging_mixin.py:115} INFO - [2022-08-17 18:58:06,297] {dag.py:2919} INFO - Setting next_dagrun for example_time_delta_sensor_async to None, run_after=None
[2022-08-17 18:58:06,320] {processor.py:161} INFO - Processing /home/airflow/.local/lib/python3.7/site-packages/airflow/example_dags/example_time_delta_sensor_async.py took 0.157 seconds
[2022-08-17 18:58:37,359] {processor.py:153} INFO - Started process (PID=18503) to work on /home/airflow/.local/lib/python3.7/site-packages/airflow/example_dags/example_time_delta_sensor_async.py
[2022-08-17 18:58:37,364] {processor.py:641} INFO - Processing file /home/airflow/.local/lib/python3.7/site-packages/airflow/example_dags/example_time_delta_sensor_async.py for tasks to queue
[2022-08-17 18:58:37,368] {logging_mixin.py:115} INFO - [2022-08-17 18:58:37,368] {dagbag.py:507} INFO - Filling up the DagBag from /home/airflow/.local/lib/python3.7/site-packages/airflow/example_dags/example_time_delta_sensor_async.py
[2022-08-17 18:58:37,398] {processor.py:651} INFO - DAG(s) dict_keys(['example_time_delta_sensor_async']) retrieved from /home/airflow/.local/lib/python3.7/site-packages/airflow/example_dags/example_time_delta_sensor_async.py
[2022-08-17 18:58:37,579] {logging_mixin.py:115} INFO - [2022-08-17 18:58:37,579] {dag.py:2371} INFO - Sync 1 DAGs
[2022-08-17 18:58:37,637] {logging_mixin.py:115} INFO - [2022-08-17 18:58:37,637] {dag.py:2919} INFO - Setting next_dagrun for example_time_delta_sensor_async to None, run_after=None
[2022-08-17 18:58:37,677] {processor.py:161} INFO - Processing /home/airflow/.local/lib/python3.7/site-packages/airflow/example_dags/example_time_delta_sensor_async.py took 0.335 seconds
[2022-08-17 19:03:37,366] {processor.py:153} INFO - Started process (PID=18546) to work on /home/airflow/.local/lib/python3.7/site-packages/airflow/example_dags/example_time_delta_sensor_async.py
[2022-08-17 19:03:37,372] {processor.py:641} INFO - Processing file /home/airflow/.local/lib/python3.7/site-packages/airflow/example_dags/example_time_delta_sensor_async.py for tasks to queue
[2022-08-17 19:03:37,373] {logging_mixin.py:115} INFO - [2022-08-17 19:03:37,373] {dagbag.py:507} INFO - Filling up the DagBag from /home/airflow/.local/lib/python3.7/site-packages/airflow/example_dags/example_time_delta_sensor_async.py
[2022-08-17 19:03:37,380] {processor.py:651} INFO - DAG(s) dict_keys(['example_time_delta_sensor_async']) retrieved from /home/airflow/.local/lib/python3.7/site-packages/airflow/example_dags/example_time_delta_sensor_async.py
[2022-08-17 19:03:37,488] {logging_mixin.py:115} INFO - [2022-08-17 19:03:37,488] {dag.py:2371} INFO - Sync 1 DAGs
[2022-08-17 19:03:37,521] {logging_mixin.py:115} INFO - [2022-08-17 19:03:37,521] {dag.py:2919} INFO - Setting next_dagrun for example_time_delta_sensor_async to None, run_after=None
[2022-08-17 19:03:37,550] {processor.py:161} INFO - Processing /home/airflow/.local/lib/python3.7/site-packages/airflow/example_dags/example_time_delta_sensor_async.py took 0.188 seconds
[2022-08-17 19:04:09,038] {processor.py:153} INFO - Started process (PID=18598) to work on /home/airflow/.local/lib/python3.7/site-packages/airflow/example_dags/example_time_delta_sensor_async.py
[2022-08-17 19:04:09,057] {processor.py:641} INFO - Processing file /home/airflow/.local/lib/python3.7/site-packages/airflow/example_dags/example_time_delta_sensor_async.py for tasks to queue
[2022-08-17 19:04:09,060] {logging_mixin.py:115} INFO - [2022-08-17 19:04:09,060] {dagbag.py:507} INFO - Filling up the DagBag from /home/airflow/.local/lib/python3.7/site-packages/airflow/example_dags/example_time_delta_sensor_async.py
[2022-08-17 19:04:09,082] {processor.py:651} INFO - DAG(s) dict_keys(['example_time_delta_sensor_async']) retrieved from /home/airflow/.local/lib/python3.7/site-packages/airflow/example_dags/example_time_delta_sensor_async.py
[2022-08-17 19:04:09,226] {logging_mixin.py:115} INFO - [2022-08-17 19:04:09,226] {dag.py:2371} INFO - Sync 1 DAGs
[2022-08-17 19:04:09,291] {logging_mixin.py:115} INFO - [2022-08-17 19:04:09,290] {dag.py:2919} INFO - Setting next_dagrun for example_time_delta_sensor_async to None, run_after=None
[2022-08-17 19:04:09,332] {processor.py:161} INFO - Processing /home/airflow/.local/lib/python3.7/site-packages/airflow/example_dags/example_time_delta_sensor_async.py took 0.305 seconds
[2022-08-17 19:06:42,606] {processor.py:153} INFO - Started process (PID=18650) to work on /home/airflow/.local/lib/python3.7/site-packages/airflow/example_dags/example_time_delta_sensor_async.py
[2022-08-17 19:06:42,619] {processor.py:641} INFO - Processing file /home/airflow/.local/lib/python3.7/site-packages/airflow/example_dags/example_time_delta_sensor_async.py for tasks to queue
[2022-08-17 19:06:42,620] {logging_mixin.py:115} INFO - [2022-08-17 19:06:42,620] {dagbag.py:507} INFO - Filling up the DagBag from /home/airflow/.local/lib/python3.7/site-packages/airflow/example_dags/example_time_delta_sensor_async.py
[2022-08-17 19:06:42,627] {processor.py:651} INFO - DAG(s) dict_keys(['example_time_delta_sensor_async']) retrieved from /home/airflow/.local/lib/python3.7/site-packages/airflow/example_dags/example_time_delta_sensor_async.py
[2022-08-17 19:06:42,719] {logging_mixin.py:115} INFO - [2022-08-17 19:06:42,719] {dag.py:2371} INFO - Sync 1 DAGs
[2022-08-17 19:06:42,747] {logging_mixin.py:115} INFO - [2022-08-17 19:06:42,747] {dag.py:2919} INFO - Setting next_dagrun for example_time_delta_sensor_async to None, run_after=None
[2022-08-17 19:06:42,761] {processor.py:161} INFO - Processing /home/airflow/.local/lib/python3.7/site-packages/airflow/example_dags/example_time_delta_sensor_async.py took 0.160 seconds
[2022-08-17 19:11:34,906] {processor.py:153} INFO - Started process (PID=18694) to work on /home/airflow/.local/lib/python3.7/site-packages/airflow/example_dags/example_time_delta_sensor_async.py
[2022-08-17 19:11:34,907] {processor.py:641} INFO - Processing file /home/airflow/.local/lib/python3.7/site-packages/airflow/example_dags/example_time_delta_sensor_async.py for tasks to queue
[2022-08-17 19:11:34,908] {logging_mixin.py:115} INFO - [2022-08-17 19:11:34,908] {dagbag.py:507} INFO - Filling up the DagBag from /home/airflow/.local/lib/python3.7/site-packages/airflow/example_dags/example_time_delta_sensor_async.py
[2022-08-17 19:11:34,914] {processor.py:651} INFO - DAG(s) dict_keys(['example_time_delta_sensor_async']) retrieved from /home/airflow/.local/lib/python3.7/site-packages/airflow/example_dags/example_time_delta_sensor_async.py
[2022-08-17 19:11:34,959] {logging_mixin.py:115} INFO - [2022-08-17 19:11:34,959] {dag.py:2371} INFO - Sync 1 DAGs
[2022-08-17 19:11:34,979] {logging_mixin.py:115} INFO - [2022-08-17 19:11:34,979] {dag.py:2919} INFO - Setting next_dagrun for example_time_delta_sensor_async to None, run_after=None
[2022-08-17 19:11:34,995] {processor.py:161} INFO - Processing /home/airflow/.local/lib/python3.7/site-packages/airflow/example_dags/example_time_delta_sensor_async.py took 0.093 seconds
[2022-08-17 20:55:17,681] {processor.py:153} INFO - Started process (PID=18746) to work on /home/airflow/.local/lib/python3.7/site-packages/airflow/example_dags/example_time_delta_sensor_async.py
[2022-08-17 20:55:17,683] {processor.py:641} INFO - Processing file /home/airflow/.local/lib/python3.7/site-packages/airflow/example_dags/example_time_delta_sensor_async.py for tasks to queue
[2022-08-17 20:55:17,684] {logging_mixin.py:115} INFO - [2022-08-17 20:55:17,684] {dagbag.py:507} INFO - Filling up the DagBag from /home/airflow/.local/lib/python3.7/site-packages/airflow/example_dags/example_time_delta_sensor_async.py
[2022-08-17 20:55:17,692] {processor.py:651} INFO - DAG(s) dict_keys(['example_time_delta_sensor_async']) retrieved from /home/airflow/.local/lib/python3.7/site-packages/airflow/example_dags/example_time_delta_sensor_async.py
[2022-08-17 20:55:17,756] {logging_mixin.py:115} INFO - [2022-08-17 20:55:17,756] {dag.py:2371} INFO - Sync 1 DAGs
[2022-08-17 20:55:17,808] {logging_mixin.py:115} INFO - [2022-08-17 20:55:17,808] {dag.py:2919} INFO - Setting next_dagrun for example_time_delta_sensor_async to None, run_after=None
[2022-08-17 20:55:17,837] {processor.py:161} INFO - Processing /home/airflow/.local/lib/python3.7/site-packages/airflow/example_dags/example_time_delta_sensor_async.py took 0.160 seconds
[2022-08-17 22:43:21,683] {processor.py:153} INFO - Started process (PID=18789) to work on /home/airflow/.local/lib/python3.7/site-packages/airflow/example_dags/example_time_delta_sensor_async.py
[2022-08-17 22:43:21,685] {processor.py:641} INFO - Processing file /home/airflow/.local/lib/python3.7/site-packages/airflow/example_dags/example_time_delta_sensor_async.py for tasks to queue
[2022-08-17 22:43:21,686] {logging_mixin.py:115} INFO - [2022-08-17 22:43:21,686] {dagbag.py:507} INFO - Filling up the DagBag from /home/airflow/.local/lib/python3.7/site-packages/airflow/example_dags/example_time_delta_sensor_async.py
[2022-08-17 22:43:21,697] {processor.py:651} INFO - DAG(s) dict_keys(['example_time_delta_sensor_async']) retrieved from /home/airflow/.local/lib/python3.7/site-packages/airflow/example_dags/example_time_delta_sensor_async.py
[2022-08-17 22:43:21,760] {logging_mixin.py:115} INFO - [2022-08-17 22:43:21,760] {dag.py:2371} INFO - Sync 1 DAGs
[2022-08-17 22:43:21,795] {logging_mixin.py:115} INFO - [2022-08-17 22:43:21,795] {dag.py:2919} INFO - Setting next_dagrun for example_time_delta_sensor_async to None, run_after=None
[2022-08-17 22:43:21,817] {processor.py:161} INFO - Processing /home/airflow/.local/lib/python3.7/site-packages/airflow/example_dags/example_time_delta_sensor_async.py took 0.138 seconds
