[2022-08-17 00:09:05,725] {processor.py:153} INFO - Started process (PID=16222) to work on /home/airflow/.local/lib/python3.7/site-packages/airflow/example_dags/example_task_group.py
[2022-08-17 00:09:05,726] {processor.py:641} INFO - Processing file /home/airflow/.local/lib/python3.7/site-packages/airflow/example_dags/example_task_group.py for tasks to queue
[2022-08-17 00:09:05,728] {logging_mixin.py:115} INFO - [2022-08-17 00:09:05,727] {dagbag.py:507} INFO - Filling up the DagBag from /home/airflow/.local/lib/python3.7/site-packages/airflow/example_dags/example_task_group.py
[2022-08-17 00:09:05,738] {processor.py:651} INFO - DAG(s) dict_keys(['example_task_group']) retrieved from /home/airflow/.local/lib/python3.7/site-packages/airflow/example_dags/example_task_group.py
[2022-08-17 00:09:05,778] {logging_mixin.py:115} INFO - [2022-08-17 00:09:05,778] {dag.py:2371} INFO - Sync 1 DAGs
[2022-08-17 00:09:05,808] {logging_mixin.py:115} INFO - [2022-08-17 00:09:05,808] {dag.py:2919} INFO - Setting next_dagrun for example_task_group to 2022-08-16T00:09:05.808197+00:00, run_after=2022-08-17T00:09:05.808197+00:00
[2022-08-17 00:09:05,827] {processor.py:161} INFO - Processing /home/airflow/.local/lib/python3.7/site-packages/airflow/example_dags/example_task_group.py took 0.107 seconds
[2022-08-17 01:48:08,378] {processor.py:153} INFO - Started process (PID=16266) to work on /home/airflow/.local/lib/python3.7/site-packages/airflow/example_dags/example_task_group.py
[2022-08-17 01:48:08,394] {processor.py:641} INFO - Processing file /home/airflow/.local/lib/python3.7/site-packages/airflow/example_dags/example_task_group.py for tasks to queue
[2022-08-17 01:48:08,414] {logging_mixin.py:115} INFO - [2022-08-17 01:48:08,413] {dagbag.py:507} INFO - Filling up the DagBag from /home/airflow/.local/lib/python3.7/site-packages/airflow/example_dags/example_task_group.py
[2022-08-17 01:48:08,443] {processor.py:651} INFO - DAG(s) dict_keys(['example_task_group']) retrieved from /home/airflow/.local/lib/python3.7/site-packages/airflow/example_dags/example_task_group.py
[2022-08-17 01:48:08,486] {logging_mixin.py:115} INFO - [2022-08-17 01:48:08,486] {dag.py:2371} INFO - Sync 1 DAGs
[2022-08-17 01:48:08,526] {logging_mixin.py:115} INFO - [2022-08-17 01:48:08,526] {dag.py:2919} INFO - Setting next_dagrun for example_task_group to 2022-08-16T01:48:08.526545+00:00, run_after=2022-08-17T01:48:08.526545+00:00
[2022-08-17 01:48:08,544] {processor.py:161} INFO - Processing /home/airflow/.local/lib/python3.7/site-packages/airflow/example_dags/example_task_group.py took 0.169 seconds
[2022-08-17 05:24:33,009] {processor.py:153} INFO - Started process (PID=16318) to work on /home/airflow/.local/lib/python3.7/site-packages/airflow/example_dags/example_task_group.py
[2022-08-17 05:24:33,017] {processor.py:641} INFO - Processing file /home/airflow/.local/lib/python3.7/site-packages/airflow/example_dags/example_task_group.py for tasks to queue
[2022-08-17 05:24:33,020] {logging_mixin.py:115} INFO - [2022-08-17 05:24:33,019] {dagbag.py:507} INFO - Filling up the DagBag from /home/airflow/.local/lib/python3.7/site-packages/airflow/example_dags/example_task_group.py
[2022-08-17 05:24:33,033] {processor.py:651} INFO - DAG(s) dict_keys(['example_task_group']) retrieved from /home/airflow/.local/lib/python3.7/site-packages/airflow/example_dags/example_task_group.py
[2022-08-17 05:24:33,084] {logging_mixin.py:115} INFO - [2022-08-17 05:24:33,084] {dag.py:2371} INFO - Sync 1 DAGs
[2022-08-17 05:24:33,138] {logging_mixin.py:115} INFO - [2022-08-17 05:24:33,138] {dag.py:2919} INFO - Setting next_dagrun for example_task_group to 2022-08-16T05:24:33.134964+00:00, run_after=2022-08-17T05:24:33.134964+00:00
[2022-08-17 05:24:33,163] {processor.py:161} INFO - Processing /home/airflow/.local/lib/python3.7/site-packages/airflow/example_dags/example_task_group.py took 0.160 seconds
[2022-08-17 05:27:20,209] {processor.py:153} INFO - Started process (PID=16381) to work on /home/airflow/.local/lib/python3.7/site-packages/airflow/example_dags/example_task_group.py
[2022-08-17 05:27:20,210] {processor.py:641} INFO - Processing file /home/airflow/.local/lib/python3.7/site-packages/airflow/example_dags/example_task_group.py for tasks to queue
[2022-08-17 05:27:20,213] {logging_mixin.py:115} INFO - [2022-08-17 05:27:20,212] {dagbag.py:507} INFO - Filling up the DagBag from /home/airflow/.local/lib/python3.7/site-packages/airflow/example_dags/example_task_group.py
[2022-08-17 05:27:20,227] {processor.py:651} INFO - DAG(s) dict_keys(['example_task_group']) retrieved from /home/airflow/.local/lib/python3.7/site-packages/airflow/example_dags/example_task_group.py
[2022-08-17 05:27:20,267] {logging_mixin.py:115} INFO - [2022-08-17 05:27:20,267] {dag.py:2371} INFO - Sync 1 DAGs
[2022-08-17 05:27:20,294] {logging_mixin.py:115} INFO - [2022-08-17 05:27:20,294] {dag.py:2919} INFO - Setting next_dagrun for example_task_group to 2022-08-16T05:27:20.293802+00:00, run_after=2022-08-17T05:27:20.293802+00:00
[2022-08-17 05:27:20,311] {processor.py:161} INFO - Processing /home/airflow/.local/lib/python3.7/site-packages/airflow/example_dags/example_task_group.py took 0.107 seconds
[2022-08-17 05:27:54,344] {processor.py:153} INFO - Started process (PID=16433) to work on /home/airflow/.local/lib/python3.7/site-packages/airflow/example_dags/example_task_group.py
[2022-08-17 05:27:54,348] {processor.py:641} INFO - Processing file /home/airflow/.local/lib/python3.7/site-packages/airflow/example_dags/example_task_group.py for tasks to queue
[2022-08-17 05:27:54,351] {logging_mixin.py:115} INFO - [2022-08-17 05:27:54,351] {dagbag.py:507} INFO - Filling up the DagBag from /home/airflow/.local/lib/python3.7/site-packages/airflow/example_dags/example_task_group.py
[2022-08-17 05:27:54,380] {processor.py:651} INFO - DAG(s) dict_keys(['example_task_group']) retrieved from /home/airflow/.local/lib/python3.7/site-packages/airflow/example_dags/example_task_group.py
[2022-08-17 05:27:54,475] {logging_mixin.py:115} INFO - [2022-08-17 05:27:54,474] {dag.py:2371} INFO - Sync 1 DAGs
[2022-08-17 05:27:54,548] {logging_mixin.py:115} INFO - [2022-08-17 05:27:54,547] {dag.py:2919} INFO - Setting next_dagrun for example_task_group to 2022-08-16T05:27:54.546777+00:00, run_after=2022-08-17T05:27:54.546777+00:00
[2022-08-17 05:27:54,589] {processor.py:161} INFO - Processing /home/airflow/.local/lib/python3.7/site-packages/airflow/example_dags/example_task_group.py took 0.257 seconds
[2022-08-17 05:32:50,704] {processor.py:153} INFO - Started process (PID=16476) to work on /home/airflow/.local/lib/python3.7/site-packages/airflow/example_dags/example_task_group.py
[2022-08-17 05:32:50,705] {processor.py:641} INFO - Processing file /home/airflow/.local/lib/python3.7/site-packages/airflow/example_dags/example_task_group.py for tasks to queue
[2022-08-17 05:32:50,709] {logging_mixin.py:115} INFO - [2022-08-17 05:32:50,708] {dagbag.py:507} INFO - Filling up the DagBag from /home/airflow/.local/lib/python3.7/site-packages/airflow/example_dags/example_task_group.py
[2022-08-17 05:32:50,720] {processor.py:651} INFO - DAG(s) dict_keys(['example_task_group']) retrieved from /home/airflow/.local/lib/python3.7/site-packages/airflow/example_dags/example_task_group.py
[2022-08-17 05:32:50,753] {logging_mixin.py:115} INFO - [2022-08-17 05:32:50,752] {dag.py:2371} INFO - Sync 1 DAGs
[2022-08-17 05:32:50,781] {logging_mixin.py:115} INFO - [2022-08-17 05:32:50,781] {dag.py:2919} INFO - Setting next_dagrun for example_task_group to 2022-08-16T05:32:50.781115+00:00, run_after=2022-08-17T05:32:50.781115+00:00
[2022-08-17 05:32:50,797] {processor.py:161} INFO - Processing /home/airflow/.local/lib/python3.7/site-packages/airflow/example_dags/example_task_group.py took 0.097 seconds
[2022-08-17 05:33:22,753] {processor.py:153} INFO - Started process (PID=16528) to work on /home/airflow/.local/lib/python3.7/site-packages/airflow/example_dags/example_task_group.py
[2022-08-17 05:33:22,756] {processor.py:641} INFO - Processing file /home/airflow/.local/lib/python3.7/site-packages/airflow/example_dags/example_task_group.py for tasks to queue
[2022-08-17 05:33:22,758] {logging_mixin.py:115} INFO - [2022-08-17 05:33:22,758] {dagbag.py:507} INFO - Filling up the DagBag from /home/airflow/.local/lib/python3.7/site-packages/airflow/example_dags/example_task_group.py
[2022-08-17 05:33:22,779] {processor.py:651} INFO - DAG(s) dict_keys(['example_task_group']) retrieved from /home/airflow/.local/lib/python3.7/site-packages/airflow/example_dags/example_task_group.py
[2022-08-17 05:33:22,851] {logging_mixin.py:115} INFO - [2022-08-17 05:33:22,851] {dag.py:2371} INFO - Sync 1 DAGs
[2022-08-17 05:33:22,898] {logging_mixin.py:115} INFO - [2022-08-17 05:33:22,898] {dag.py:2919} INFO - Setting next_dagrun for example_task_group to 2022-08-16T05:33:22.897595+00:00, run_after=2022-08-17T05:33:22.897595+00:00
[2022-08-17 05:33:22,930] {processor.py:161} INFO - Processing /home/airflow/.local/lib/python3.7/site-packages/airflow/example_dags/example_task_group.py took 0.185 seconds
[2022-08-17 05:38:23,072] {processor.py:153} INFO - Started process (PID=16580) to work on /home/airflow/.local/lib/python3.7/site-packages/airflow/example_dags/example_task_group.py
[2022-08-17 05:38:23,074] {processor.py:641} INFO - Processing file /home/airflow/.local/lib/python3.7/site-packages/airflow/example_dags/example_task_group.py for tasks to queue
[2022-08-17 05:38:23,075] {logging_mixin.py:115} INFO - [2022-08-17 05:38:23,075] {dagbag.py:507} INFO - Filling up the DagBag from /home/airflow/.local/lib/python3.7/site-packages/airflow/example_dags/example_task_group.py
[2022-08-17 05:38:23,088] {processor.py:651} INFO - DAG(s) dict_keys(['example_task_group']) retrieved from /home/airflow/.local/lib/python3.7/site-packages/airflow/example_dags/example_task_group.py
[2022-08-17 05:38:23,135] {logging_mixin.py:115} INFO - [2022-08-17 05:38:23,134] {dag.py:2371} INFO - Sync 1 DAGs
[2022-08-17 05:38:23,161] {logging_mixin.py:115} INFO - [2022-08-17 05:38:23,161] {dag.py:2919} INFO - Setting next_dagrun for example_task_group to 2022-08-16T05:38:23.160580+00:00, run_after=2022-08-17T05:38:23.160580+00:00
[2022-08-17 05:38:23,177] {processor.py:161} INFO - Processing /home/airflow/.local/lib/python3.7/site-packages/airflow/example_dags/example_task_group.py took 0.111 seconds
[2022-08-17 05:38:55,226] {processor.py:153} INFO - Started process (PID=16632) to work on /home/airflow/.local/lib/python3.7/site-packages/airflow/example_dags/example_task_group.py
[2022-08-17 05:38:55,230] {processor.py:641} INFO - Processing file /home/airflow/.local/lib/python3.7/site-packages/airflow/example_dags/example_task_group.py for tasks to queue
[2022-08-17 05:38:55,233] {logging_mixin.py:115} INFO - [2022-08-17 05:38:55,233] {dagbag.py:507} INFO - Filling up the DagBag from /home/airflow/.local/lib/python3.7/site-packages/airflow/example_dags/example_task_group.py
[2022-08-17 05:38:55,274] {processor.py:651} INFO - DAG(s) dict_keys(['example_task_group']) retrieved from /home/airflow/.local/lib/python3.7/site-packages/airflow/example_dags/example_task_group.py
[2022-08-17 05:38:55,367] {logging_mixin.py:115} INFO - [2022-08-17 05:38:55,367] {dag.py:2371} INFO - Sync 1 DAGs
[2022-08-17 05:38:55,421] {logging_mixin.py:115} INFO - [2022-08-17 05:38:55,421] {dag.py:2919} INFO - Setting next_dagrun for example_task_group to 2022-08-16T05:38:55.420421+00:00, run_after=2022-08-17T05:38:55.420421+00:00
[2022-08-17 05:38:55,462] {processor.py:161} INFO - Processing /home/airflow/.local/lib/python3.7/site-packages/airflow/example_dags/example_task_group.py took 0.248 seconds
[2022-08-17 05:44:01,298] {processor.py:153} INFO - Started process (PID=16685) to work on /home/airflow/.local/lib/python3.7/site-packages/airflow/example_dags/example_task_group.py
[2022-08-17 05:44:01,300] {processor.py:641} INFO - Processing file /home/airflow/.local/lib/python3.7/site-packages/airflow/example_dags/example_task_group.py for tasks to queue
[2022-08-17 05:44:01,301] {logging_mixin.py:115} INFO - [2022-08-17 05:44:01,301] {dagbag.py:507} INFO - Filling up the DagBag from /home/airflow/.local/lib/python3.7/site-packages/airflow/example_dags/example_task_group.py
[2022-08-17 05:44:01,311] {processor.py:651} INFO - DAG(s) dict_keys(['example_task_group']) retrieved from /home/airflow/.local/lib/python3.7/site-packages/airflow/example_dags/example_task_group.py
[2022-08-17 05:44:01,342] {logging_mixin.py:115} INFO - [2022-08-17 05:44:01,341] {dag.py:2371} INFO - Sync 1 DAGs
[2022-08-17 05:44:01,363] {logging_mixin.py:115} INFO - [2022-08-17 05:44:01,363] {dag.py:2919} INFO - Setting next_dagrun for example_task_group to 2022-08-16T05:44:01.362939+00:00, run_after=2022-08-17T05:44:01.362939+00:00
[2022-08-17 05:44:01,377] {processor.py:161} INFO - Processing /home/airflow/.local/lib/python3.7/site-packages/airflow/example_dags/example_task_group.py took 0.082 seconds
[2022-08-17 05:44:33,910] {processor.py:153} INFO - Started process (PID=16738) to work on /home/airflow/.local/lib/python3.7/site-packages/airflow/example_dags/example_task_group.py
[2022-08-17 05:44:33,913] {processor.py:641} INFO - Processing file /home/airflow/.local/lib/python3.7/site-packages/airflow/example_dags/example_task_group.py for tasks to queue
[2022-08-17 05:44:33,916] {logging_mixin.py:115} INFO - [2022-08-17 05:44:33,916] {dagbag.py:507} INFO - Filling up the DagBag from /home/airflow/.local/lib/python3.7/site-packages/airflow/example_dags/example_task_group.py
[2022-08-17 05:44:33,944] {processor.py:651} INFO - DAG(s) dict_keys(['example_task_group']) retrieved from /home/airflow/.local/lib/python3.7/site-packages/airflow/example_dags/example_task_group.py
[2022-08-17 05:44:34,029] {logging_mixin.py:115} INFO - [2022-08-17 05:44:34,029] {dag.py:2371} INFO - Sync 1 DAGs
[2022-08-17 05:44:34,073] {logging_mixin.py:115} INFO - [2022-08-17 05:44:34,073] {dag.py:2919} INFO - Setting next_dagrun for example_task_group to 2022-08-16T05:44:34.072951+00:00, run_after=2022-08-17T05:44:34.072951+00:00
[2022-08-17 05:44:34,100] {processor.py:161} INFO - Processing /home/airflow/.local/lib/python3.7/site-packages/airflow/example_dags/example_task_group.py took 0.201 seconds
[2022-08-17 05:49:37,596] {processor.py:153} INFO - Started process (PID=16791) to work on /home/airflow/.local/lib/python3.7/site-packages/airflow/example_dags/example_task_group.py
[2022-08-17 05:49:37,597] {processor.py:641} INFO - Processing file /home/airflow/.local/lib/python3.7/site-packages/airflow/example_dags/example_task_group.py for tasks to queue
[2022-08-17 05:49:37,598] {logging_mixin.py:115} INFO - [2022-08-17 05:49:37,598] {dagbag.py:507} INFO - Filling up the DagBag from /home/airflow/.local/lib/python3.7/site-packages/airflow/example_dags/example_task_group.py
[2022-08-17 05:49:37,607] {processor.py:651} INFO - DAG(s) dict_keys(['example_task_group']) retrieved from /home/airflow/.local/lib/python3.7/site-packages/airflow/example_dags/example_task_group.py
[2022-08-17 05:49:37,645] {logging_mixin.py:115} INFO - [2022-08-17 05:49:37,645] {dag.py:2371} INFO - Sync 1 DAGs
[2022-08-17 05:49:37,669] {logging_mixin.py:115} INFO - [2022-08-17 05:49:37,669] {dag.py:2919} INFO - Setting next_dagrun for example_task_group to 2022-08-16T05:49:37.669087+00:00, run_after=2022-08-17T05:49:37.669087+00:00
[2022-08-17 05:49:37,687] {processor.py:161} INFO - Processing /home/airflow/.local/lib/python3.7/site-packages/airflow/example_dags/example_task_group.py took 0.095 seconds
[2022-08-17 05:50:10,038] {processor.py:153} INFO - Started process (PID=16843) to work on /home/airflow/.local/lib/python3.7/site-packages/airflow/example_dags/example_task_group.py
[2022-08-17 05:50:10,041] {processor.py:641} INFO - Processing file /home/airflow/.local/lib/python3.7/site-packages/airflow/example_dags/example_task_group.py for tasks to queue
[2022-08-17 05:50:10,044] {logging_mixin.py:115} INFO - [2022-08-17 05:50:10,044] {dagbag.py:507} INFO - Filling up the DagBag from /home/airflow/.local/lib/python3.7/site-packages/airflow/example_dags/example_task_group.py
[2022-08-17 05:50:10,069] {processor.py:651} INFO - DAG(s) dict_keys(['example_task_group']) retrieved from /home/airflow/.local/lib/python3.7/site-packages/airflow/example_dags/example_task_group.py
[2022-08-17 05:50:10,149] {logging_mixin.py:115} INFO - [2022-08-17 05:50:10,149] {dag.py:2371} INFO - Sync 1 DAGs
[2022-08-17 05:50:10,201] {logging_mixin.py:115} INFO - [2022-08-17 05:50:10,201] {dag.py:2919} INFO - Setting next_dagrun for example_task_group to 2022-08-16T05:50:10.201024+00:00, run_after=2022-08-17T05:50:10.201024+00:00
[2022-08-17 05:50:10,252] {processor.py:161} INFO - Processing /home/airflow/.local/lib/python3.7/site-packages/airflow/example_dags/example_task_group.py took 0.227 seconds
[2022-08-17 06:05:50,695] {processor.py:153} INFO - Started process (PID=16915) to work on /home/airflow/.local/lib/python3.7/site-packages/airflow/example_dags/example_task_group.py
[2022-08-17 06:05:50,697] {processor.py:641} INFO - Processing file /home/airflow/.local/lib/python3.7/site-packages/airflow/example_dags/example_task_group.py for tasks to queue
[2022-08-17 06:05:50,699] {logging_mixin.py:115} INFO - [2022-08-17 06:05:50,699] {dagbag.py:507} INFO - Filling up the DagBag from /home/airflow/.local/lib/python3.7/site-packages/airflow/example_dags/example_task_group.py
[2022-08-17 06:05:50,715] {processor.py:651} INFO - DAG(s) dict_keys(['example_task_group']) retrieved from /home/airflow/.local/lib/python3.7/site-packages/airflow/example_dags/example_task_group.py
[2022-08-17 06:05:50,757] {logging_mixin.py:115} INFO - [2022-08-17 06:05:50,757] {dag.py:2371} INFO - Sync 1 DAGs
[2022-08-17 06:05:50,784] {logging_mixin.py:115} INFO - [2022-08-17 06:05:50,783] {dag.py:2919} INFO - Setting next_dagrun for example_task_group to 2022-08-16T06:05:50.783463+00:00, run_after=2022-08-17T06:05:50.783463+00:00
[2022-08-17 06:05:50,800] {processor.py:161} INFO - Processing /home/airflow/.local/lib/python3.7/site-packages/airflow/example_dags/example_task_group.py took 0.111 seconds
[2022-08-17 06:06:23,116] {processor.py:153} INFO - Started process (PID=16967) to work on /home/airflow/.local/lib/python3.7/site-packages/airflow/example_dags/example_task_group.py
[2022-08-17 06:06:23,119] {processor.py:641} INFO - Processing file /home/airflow/.local/lib/python3.7/site-packages/airflow/example_dags/example_task_group.py for tasks to queue
[2022-08-17 06:06:23,122] {logging_mixin.py:115} INFO - [2022-08-17 06:06:23,122] {dagbag.py:507} INFO - Filling up the DagBag from /home/airflow/.local/lib/python3.7/site-packages/airflow/example_dags/example_task_group.py
[2022-08-17 06:06:23,154] {processor.py:651} INFO - DAG(s) dict_keys(['example_task_group']) retrieved from /home/airflow/.local/lib/python3.7/site-packages/airflow/example_dags/example_task_group.py
[2022-08-17 06:06:23,245] {logging_mixin.py:115} INFO - [2022-08-17 06:06:23,244] {dag.py:2371} INFO - Sync 1 DAGs
[2022-08-17 06:06:23,311] {logging_mixin.py:115} INFO - [2022-08-17 06:06:23,311] {dag.py:2919} INFO - Setting next_dagrun for example_task_group to 2022-08-16T06:06:23.310461+00:00, run_after=2022-08-17T06:06:23.310461+00:00
[2022-08-17 06:06:23,352] {processor.py:161} INFO - Processing /home/airflow/.local/lib/python3.7/site-packages/airflow/example_dags/example_task_group.py took 0.247 seconds
[2022-08-17 06:11:25,301] {processor.py:153} INFO - Started process (PID=17019) to work on /home/airflow/.local/lib/python3.7/site-packages/airflow/example_dags/example_task_group.py
[2022-08-17 06:11:25,306] {processor.py:641} INFO - Processing file /home/airflow/.local/lib/python3.7/site-packages/airflow/example_dags/example_task_group.py for tasks to queue
[2022-08-17 06:11:25,308] {logging_mixin.py:115} INFO - [2022-08-17 06:11:25,308] {dagbag.py:507} INFO - Filling up the DagBag from /home/airflow/.local/lib/python3.7/site-packages/airflow/example_dags/example_task_group.py
[2022-08-17 06:11:25,319] {processor.py:651} INFO - DAG(s) dict_keys(['example_task_group']) retrieved from /home/airflow/.local/lib/python3.7/site-packages/airflow/example_dags/example_task_group.py
[2022-08-17 06:11:25,349] {logging_mixin.py:115} INFO - [2022-08-17 06:11:25,349] {dag.py:2371} INFO - Sync 1 DAGs
[2022-08-17 06:11:25,371] {logging_mixin.py:115} INFO - [2022-08-17 06:11:25,371] {dag.py:2919} INFO - Setting next_dagrun for example_task_group to 2022-08-16T06:11:25.370666+00:00, run_after=2022-08-17T06:11:25.370666+00:00
[2022-08-17 06:11:25,386] {processor.py:161} INFO - Processing /home/airflow/.local/lib/python3.7/site-packages/airflow/example_dags/example_task_group.py took 0.088 seconds
[2022-08-17 06:11:57,245] {processor.py:153} INFO - Started process (PID=17072) to work on /home/airflow/.local/lib/python3.7/site-packages/airflow/example_dags/example_task_group.py
[2022-08-17 06:11:57,248] {processor.py:641} INFO - Processing file /home/airflow/.local/lib/python3.7/site-packages/airflow/example_dags/example_task_group.py for tasks to queue
[2022-08-17 06:11:57,251] {logging_mixin.py:115} INFO - [2022-08-17 06:11:57,251] {dagbag.py:507} INFO - Filling up the DagBag from /home/airflow/.local/lib/python3.7/site-packages/airflow/example_dags/example_task_group.py
[2022-08-17 06:11:57,271] {processor.py:651} INFO - DAG(s) dict_keys(['example_task_group']) retrieved from /home/airflow/.local/lib/python3.7/site-packages/airflow/example_dags/example_task_group.py
[2022-08-17 06:11:57,351] {logging_mixin.py:115} INFO - [2022-08-17 06:11:57,351] {dag.py:2371} INFO - Sync 1 DAGs
[2022-08-17 06:11:57,403] {logging_mixin.py:115} INFO - [2022-08-17 06:11:57,403] {dag.py:2919} INFO - Setting next_dagrun for example_task_group to 2022-08-16T06:11:57.402322+00:00, run_after=2022-08-17T06:11:57.402322+00:00
[2022-08-17 06:11:57,432] {processor.py:161} INFO - Processing /home/airflow/.local/lib/python3.7/site-packages/airflow/example_dags/example_task_group.py took 0.196 seconds
[2022-08-17 06:13:01,783] {processor.py:153} INFO - Started process (PID=17124) to work on /home/airflow/.local/lib/python3.7/site-packages/airflow/example_dags/example_task_group.py
[2022-08-17 06:13:01,785] {processor.py:641} INFO - Processing file /home/airflow/.local/lib/python3.7/site-packages/airflow/example_dags/example_task_group.py for tasks to queue
[2022-08-17 06:13:01,786] {logging_mixin.py:115} INFO - [2022-08-17 06:13:01,786] {dagbag.py:507} INFO - Filling up the DagBag from /home/airflow/.local/lib/python3.7/site-packages/airflow/example_dags/example_task_group.py
[2022-08-17 06:13:01,795] {processor.py:651} INFO - DAG(s) dict_keys(['example_task_group']) retrieved from /home/airflow/.local/lib/python3.7/site-packages/airflow/example_dags/example_task_group.py
[2022-08-17 06:13:01,826] {logging_mixin.py:115} INFO - [2022-08-17 06:13:01,826] {dag.py:2371} INFO - Sync 1 DAGs
[2022-08-17 06:13:01,849] {logging_mixin.py:115} INFO - [2022-08-17 06:13:01,849] {dag.py:2919} INFO - Setting next_dagrun for example_task_group to 2022-08-16T06:13:01.849243+00:00, run_after=2022-08-17T06:13:01.849243+00:00
[2022-08-17 06:13:01,870] {processor.py:161} INFO - Processing /home/airflow/.local/lib/python3.7/site-packages/airflow/example_dags/example_task_group.py took 0.091 seconds
[2022-08-17 06:18:17,735] {processor.py:153} INFO - Started process (PID=17167) to work on /home/airflow/.local/lib/python3.7/site-packages/airflow/example_dags/example_task_group.py
[2022-08-17 06:18:17,736] {processor.py:641} INFO - Processing file /home/airflow/.local/lib/python3.7/site-packages/airflow/example_dags/example_task_group.py for tasks to queue
[2022-08-17 06:18:17,737] {logging_mixin.py:115} INFO - [2022-08-17 06:18:17,737] {dagbag.py:507} INFO - Filling up the DagBag from /home/airflow/.local/lib/python3.7/site-packages/airflow/example_dags/example_task_group.py
[2022-08-17 06:18:17,750] {processor.py:651} INFO - DAG(s) dict_keys(['example_task_group']) retrieved from /home/airflow/.local/lib/python3.7/site-packages/airflow/example_dags/example_task_group.py
[2022-08-17 06:18:17,798] {logging_mixin.py:115} INFO - [2022-08-17 06:18:17,798] {dag.py:2371} INFO - Sync 1 DAGs
[2022-08-17 06:18:17,827] {logging_mixin.py:115} INFO - [2022-08-17 06:18:17,827] {dag.py:2919} INFO - Setting next_dagrun for example_task_group to 2022-08-16T06:18:17.827190+00:00, run_after=2022-08-17T06:18:17.827190+00:00
[2022-08-17 06:18:17,847] {processor.py:161} INFO - Processing /home/airflow/.local/lib/python3.7/site-packages/airflow/example_dags/example_task_group.py took 0.117 seconds
[2022-08-17 07:18:17,030] {processor.py:153} INFO - Started process (PID=17229) to work on /home/airflow/.local/lib/python3.7/site-packages/airflow/example_dags/example_task_group.py
[2022-08-17 07:18:17,032] {processor.py:641} INFO - Processing file /home/airflow/.local/lib/python3.7/site-packages/airflow/example_dags/example_task_group.py for tasks to queue
[2022-08-17 07:18:17,034] {logging_mixin.py:115} INFO - [2022-08-17 07:18:17,034] {dagbag.py:507} INFO - Filling up the DagBag from /home/airflow/.local/lib/python3.7/site-packages/airflow/example_dags/example_task_group.py
[2022-08-17 07:18:17,063] {processor.py:651} INFO - DAG(s) dict_keys(['example_task_group']) retrieved from /home/airflow/.local/lib/python3.7/site-packages/airflow/example_dags/example_task_group.py
[2022-08-17 07:18:17,160] {logging_mixin.py:115} INFO - [2022-08-17 07:18:17,160] {dag.py:2371} INFO - Sync 1 DAGs
[2022-08-17 07:18:17,220] {logging_mixin.py:115} INFO - [2022-08-17 07:18:17,220] {dag.py:2919} INFO - Setting next_dagrun for example_task_group to 2022-08-16T07:18:17.219913+00:00, run_after=2022-08-17T07:18:17.219913+00:00
[2022-08-17 07:18:17,254] {processor.py:161} INFO - Processing /home/airflow/.local/lib/python3.7/site-packages/airflow/example_dags/example_task_group.py took 0.262 seconds
[2022-08-17 10:54:17,641] {processor.py:153} INFO - Started process (PID=17273) to work on /home/airflow/.local/lib/python3.7/site-packages/airflow/example_dags/example_task_group.py
[2022-08-17 10:54:17,644] {processor.py:641} INFO - Processing file /home/airflow/.local/lib/python3.7/site-packages/airflow/example_dags/example_task_group.py for tasks to queue
[2022-08-17 10:54:17,645] {logging_mixin.py:115} INFO - [2022-08-17 10:54:17,645] {dagbag.py:507} INFO - Filling up the DagBag from /home/airflow/.local/lib/python3.7/site-packages/airflow/example_dags/example_task_group.py
[2022-08-17 10:54:17,664] {processor.py:651} INFO - DAG(s) dict_keys(['example_task_group']) retrieved from /home/airflow/.local/lib/python3.7/site-packages/airflow/example_dags/example_task_group.py
[2022-08-17 10:54:17,713] {logging_mixin.py:115} INFO - [2022-08-17 10:54:17,713] {dag.py:2371} INFO - Sync 1 DAGs
[2022-08-17 10:54:17,758] {logging_mixin.py:115} INFO - [2022-08-17 10:54:17,758] {dag.py:2919} INFO - Setting next_dagrun for example_task_group to 2022-08-16T10:54:17.758521+00:00, run_after=2022-08-17T10:54:17.758521+00:00
[2022-08-17 10:54:17,780] {processor.py:161} INFO - Processing /home/airflow/.local/lib/python3.7/site-packages/airflow/example_dags/example_task_group.py took 0.146 seconds
[2022-08-17 12:42:32,993] {processor.py:153} INFO - Started process (PID=17325) to work on /home/airflow/.local/lib/python3.7/site-packages/airflow/example_dags/example_task_group.py
[2022-08-17 12:42:32,994] {processor.py:641} INFO - Processing file /home/airflow/.local/lib/python3.7/site-packages/airflow/example_dags/example_task_group.py for tasks to queue
[2022-08-17 12:42:32,996] {logging_mixin.py:115} INFO - [2022-08-17 12:42:32,995] {dagbag.py:507} INFO - Filling up the DagBag from /home/airflow/.local/lib/python3.7/site-packages/airflow/example_dags/example_task_group.py
[2022-08-17 12:42:33,007] {processor.py:651} INFO - DAG(s) dict_keys(['example_task_group']) retrieved from /home/airflow/.local/lib/python3.7/site-packages/airflow/example_dags/example_task_group.py
[2022-08-17 12:42:33,045] {logging_mixin.py:115} INFO - [2022-08-17 12:42:33,045] {dag.py:2371} INFO - Sync 1 DAGs
[2022-08-17 12:42:33,084] {logging_mixin.py:115} INFO - [2022-08-17 12:42:33,084] {dag.py:2919} INFO - Setting next_dagrun for example_task_group to 2022-08-16T12:42:33.084355+00:00, run_after=2022-08-17T12:42:33.084355+00:00
[2022-08-17 12:42:33,100] {processor.py:161} INFO - Processing /home/airflow/.local/lib/python3.7/site-packages/airflow/example_dags/example_task_group.py took 0.111 seconds
[2022-08-17 16:18:41,826] {processor.py:153} INFO - Started process (PID=17376) to work on /home/airflow/.local/lib/python3.7/site-packages/airflow/example_dags/example_task_group.py
[2022-08-17 16:18:41,845] {processor.py:641} INFO - Processing file /home/airflow/.local/lib/python3.7/site-packages/airflow/example_dags/example_task_group.py for tasks to queue
[2022-08-17 16:18:41,846] {logging_mixin.py:115} INFO - [2022-08-17 16:18:41,846] {dagbag.py:507} INFO - Filling up the DagBag from /home/airflow/.local/lib/python3.7/site-packages/airflow/example_dags/example_task_group.py
[2022-08-17 16:18:41,865] {processor.py:651} INFO - DAG(s) dict_keys(['example_task_group']) retrieved from /home/airflow/.local/lib/python3.7/site-packages/airflow/example_dags/example_task_group.py
[2022-08-17 16:18:41,936] {logging_mixin.py:115} INFO - [2022-08-17 16:18:41,936] {dag.py:2371} INFO - Sync 1 DAGs
[2022-08-17 16:18:41,968] {logging_mixin.py:115} INFO - [2022-08-17 16:18:41,968] {dag.py:2919} INFO - Setting next_dagrun for example_task_group to 2022-08-16T16:18:41.967951+00:00, run_after=2022-08-17T16:18:41.967951+00:00
[2022-08-17 16:18:41,991] {processor.py:161} INFO - Processing /home/airflow/.local/lib/python3.7/site-packages/airflow/example_dags/example_task_group.py took 0.180 seconds
[2022-08-17 18:06:43,330] {processor.py:153} INFO - Started process (PID=17437) to work on /home/airflow/.local/lib/python3.7/site-packages/airflow/example_dags/example_task_group.py
[2022-08-17 18:06:43,333] {processor.py:641} INFO - Processing file /home/airflow/.local/lib/python3.7/site-packages/airflow/example_dags/example_task_group.py for tasks to queue
[2022-08-17 18:06:43,336] {logging_mixin.py:115} INFO - [2022-08-17 18:06:43,336] {dagbag.py:507} INFO - Filling up the DagBag from /home/airflow/.local/lib/python3.7/site-packages/airflow/example_dags/example_task_group.py
[2022-08-17 18:06:43,357] {processor.py:651} INFO - DAG(s) dict_keys(['example_task_group']) retrieved from /home/airflow/.local/lib/python3.7/site-packages/airflow/example_dags/example_task_group.py
[2022-08-17 18:06:43,438] {logging_mixin.py:115} INFO - [2022-08-17 18:06:43,438] {dag.py:2371} INFO - Sync 1 DAGs
[2022-08-17 18:06:43,484] {logging_mixin.py:115} INFO - [2022-08-17 18:06:43,484] {dag.py:2919} INFO - Setting next_dagrun for example_task_group to 2022-08-16T18:06:43.483874+00:00, run_after=2022-08-17T18:06:43.483874+00:00
[2022-08-17 18:06:43,520] {processor.py:161} INFO - Processing /home/airflow/.local/lib/python3.7/site-packages/airflow/example_dags/example_task_group.py took 0.198 seconds
[2022-08-17 18:07:13,623] {processor.py:153} INFO - Started process (PID=17488) to work on /home/airflow/.local/lib/python3.7/site-packages/airflow/example_dags/example_task_group.py
[2022-08-17 18:07:13,624] {processor.py:641} INFO - Processing file /home/airflow/.local/lib/python3.7/site-packages/airflow/example_dags/example_task_group.py for tasks to queue
[2022-08-17 18:07:13,626] {logging_mixin.py:115} INFO - [2022-08-17 18:07:13,625] {dagbag.py:507} INFO - Filling up the DagBag from /home/airflow/.local/lib/python3.7/site-packages/airflow/example_dags/example_task_group.py
[2022-08-17 18:07:13,637] {processor.py:651} INFO - DAG(s) dict_keys(['example_task_group']) retrieved from /home/airflow/.local/lib/python3.7/site-packages/airflow/example_dags/example_task_group.py
[2022-08-17 18:07:13,676] {logging_mixin.py:115} INFO - [2022-08-17 18:07:13,675] {dag.py:2371} INFO - Sync 1 DAGs
[2022-08-17 18:07:13,700] {logging_mixin.py:115} INFO - [2022-08-17 18:07:13,700] {dag.py:2919} INFO - Setting next_dagrun for example_task_group to 2022-08-16T18:07:13.700277+00:00, run_after=2022-08-17T18:07:13.700277+00:00
[2022-08-17 18:07:13,721] {processor.py:161} INFO - Processing /home/airflow/.local/lib/python3.7/site-packages/airflow/example_dags/example_task_group.py took 0.102 seconds
[2022-08-17 18:08:07,508] {processor.py:153} INFO - Started process (PID=17532) to work on /home/airflow/.local/lib/python3.7/site-packages/airflow/example_dags/example_task_group.py
[2022-08-17 18:08:07,510] {processor.py:641} INFO - Processing file /home/airflow/.local/lib/python3.7/site-packages/airflow/example_dags/example_task_group.py for tasks to queue
[2022-08-17 18:08:07,512] {logging_mixin.py:115} INFO - [2022-08-17 18:08:07,511] {dagbag.py:507} INFO - Filling up the DagBag from /home/airflow/.local/lib/python3.7/site-packages/airflow/example_dags/example_task_group.py
[2022-08-17 18:08:07,526] {processor.py:651} INFO - DAG(s) dict_keys(['example_task_group']) retrieved from /home/airflow/.local/lib/python3.7/site-packages/airflow/example_dags/example_task_group.py
[2022-08-17 18:08:07,559] {logging_mixin.py:115} INFO - [2022-08-17 18:08:07,559] {dag.py:2371} INFO - Sync 1 DAGs
[2022-08-17 18:08:07,582] {logging_mixin.py:115} INFO - [2022-08-17 18:08:07,582] {dag.py:2919} INFO - Setting next_dagrun for example_task_group to 2022-08-16T18:08:07.581908+00:00, run_after=2022-08-17T18:08:07.581908+00:00
[2022-08-17 18:08:07,599] {processor.py:161} INFO - Processing /home/airflow/.local/lib/python3.7/site-packages/airflow/example_dags/example_task_group.py took 0.095 seconds
[2022-08-17 18:08:42,794] {processor.py:153} INFO - Started process (PID=17584) to work on /home/airflow/.local/lib/python3.7/site-packages/airflow/example_dags/example_task_group.py
[2022-08-17 18:08:42,799] {processor.py:641} INFO - Processing file /home/airflow/.local/lib/python3.7/site-packages/airflow/example_dags/example_task_group.py for tasks to queue
[2022-08-17 18:08:42,804] {logging_mixin.py:115} INFO - [2022-08-17 18:08:42,803] {dagbag.py:507} INFO - Filling up the DagBag from /home/airflow/.local/lib/python3.7/site-packages/airflow/example_dags/example_task_group.py
[2022-08-17 18:08:42,840] {processor.py:651} INFO - DAG(s) dict_keys(['example_task_group']) retrieved from /home/airflow/.local/lib/python3.7/site-packages/airflow/example_dags/example_task_group.py
[2022-08-17 18:08:43,147] {logging_mixin.py:115} INFO - [2022-08-17 18:08:43,146] {dag.py:2371} INFO - Sync 1 DAGs
[2022-08-17 18:08:43,305] {logging_mixin.py:115} INFO - [2022-08-17 18:08:43,304] {dag.py:2919} INFO - Setting next_dagrun for example_task_group to 2022-08-16T18:08:43.303484+00:00, run_after=2022-08-17T18:08:43.303484+00:00
[2022-08-17 18:08:43,360] {processor.py:161} INFO - Processing /home/airflow/.local/lib/python3.7/site-packages/airflow/example_dags/example_task_group.py took 0.579 seconds
[2022-08-17 18:13:41,156] {processor.py:153} INFO - Started process (PID=17627) to work on /home/airflow/.local/lib/python3.7/site-packages/airflow/example_dags/example_task_group.py
[2022-08-17 18:13:41,161] {processor.py:641} INFO - Processing file /home/airflow/.local/lib/python3.7/site-packages/airflow/example_dags/example_task_group.py for tasks to queue
[2022-08-17 18:13:41,164] {logging_mixin.py:115} INFO - [2022-08-17 18:13:41,164] {dagbag.py:507} INFO - Filling up the DagBag from /home/airflow/.local/lib/python3.7/site-packages/airflow/example_dags/example_task_group.py
[2022-08-17 18:13:41,179] {processor.py:651} INFO - DAG(s) dict_keys(['example_task_group']) retrieved from /home/airflow/.local/lib/python3.7/site-packages/airflow/example_dags/example_task_group.py
[2022-08-17 18:13:41,247] {logging_mixin.py:115} INFO - [2022-08-17 18:13:41,247] {dag.py:2371} INFO - Sync 1 DAGs
[2022-08-17 18:13:41,298] {logging_mixin.py:115} INFO - [2022-08-17 18:13:41,298] {dag.py:2919} INFO - Setting next_dagrun for example_task_group to 2022-08-16T18:13:41.298266+00:00, run_after=2022-08-17T18:13:41.298266+00:00
[2022-08-17 18:13:41,322] {processor.py:161} INFO - Processing /home/airflow/.local/lib/python3.7/site-packages/airflow/example_dags/example_task_group.py took 0.171 seconds
[2022-08-17 18:14:14,498] {processor.py:153} INFO - Started process (PID=17678) to work on /home/airflow/.local/lib/python3.7/site-packages/airflow/example_dags/example_task_group.py
[2022-08-17 18:14:14,502] {processor.py:641} INFO - Processing file /home/airflow/.local/lib/python3.7/site-packages/airflow/example_dags/example_task_group.py for tasks to queue
[2022-08-17 18:14:14,506] {logging_mixin.py:115} INFO - [2022-08-17 18:14:14,506] {dagbag.py:507} INFO - Filling up the DagBag from /home/airflow/.local/lib/python3.7/site-packages/airflow/example_dags/example_task_group.py
[2022-08-17 18:14:14,540] {processor.py:651} INFO - DAG(s) dict_keys(['example_task_group']) retrieved from /home/airflow/.local/lib/python3.7/site-packages/airflow/example_dags/example_task_group.py
[2022-08-17 18:14:14,658] {logging_mixin.py:115} INFO - [2022-08-17 18:14:14,658] {dag.py:2371} INFO - Sync 1 DAGs
[2022-08-17 18:14:14,751] {logging_mixin.py:115} INFO - [2022-08-17 18:14:14,751] {dag.py:2919} INFO - Setting next_dagrun for example_task_group to 2022-08-16T18:14:14.750206+00:00, run_after=2022-08-17T18:14:14.750206+00:00
[2022-08-17 18:14:14,797] {processor.py:161} INFO - Processing /home/airflow/.local/lib/python3.7/site-packages/airflow/example_dags/example_task_group.py took 0.309 seconds
[2022-08-17 18:19:11,716] {processor.py:153} INFO - Started process (PID=17730) to work on /home/airflow/.local/lib/python3.7/site-packages/airflow/example_dags/example_task_group.py
[2022-08-17 18:19:11,717] {processor.py:641} INFO - Processing file /home/airflow/.local/lib/python3.7/site-packages/airflow/example_dags/example_task_group.py for tasks to queue
[2022-08-17 18:19:11,719] {logging_mixin.py:115} INFO - [2022-08-17 18:19:11,718] {dagbag.py:507} INFO - Filling up the DagBag from /home/airflow/.local/lib/python3.7/site-packages/airflow/example_dags/example_task_group.py
[2022-08-17 18:19:11,727] {processor.py:651} INFO - DAG(s) dict_keys(['example_task_group']) retrieved from /home/airflow/.local/lib/python3.7/site-packages/airflow/example_dags/example_task_group.py
[2022-08-17 18:19:11,758] {logging_mixin.py:115} INFO - [2022-08-17 18:19:11,758] {dag.py:2371} INFO - Sync 1 DAGs
[2022-08-17 18:19:11,786] {logging_mixin.py:115} INFO - [2022-08-17 18:19:11,786] {dag.py:2919} INFO - Setting next_dagrun for example_task_group to 2022-08-16T18:19:11.786475+00:00, run_after=2022-08-17T18:19:11.786475+00:00
[2022-08-17 18:19:11,800] {processor.py:161} INFO - Processing /home/airflow/.local/lib/python3.7/site-packages/airflow/example_dags/example_task_group.py took 0.089 seconds
[2022-08-17 18:19:45,138] {processor.py:153} INFO - Started process (PID=17782) to work on /home/airflow/.local/lib/python3.7/site-packages/airflow/example_dags/example_task_group.py
[2022-08-17 18:19:45,141] {processor.py:641} INFO - Processing file /home/airflow/.local/lib/python3.7/site-packages/airflow/example_dags/example_task_group.py for tasks to queue
[2022-08-17 18:19:45,144] {logging_mixin.py:115} INFO - [2022-08-17 18:19:45,143] {dagbag.py:507} INFO - Filling up the DagBag from /home/airflow/.local/lib/python3.7/site-packages/airflow/example_dags/example_task_group.py
[2022-08-17 18:19:45,168] {processor.py:651} INFO - DAG(s) dict_keys(['example_task_group']) retrieved from /home/airflow/.local/lib/python3.7/site-packages/airflow/example_dags/example_task_group.py
[2022-08-17 18:19:45,247] {logging_mixin.py:115} INFO - [2022-08-17 18:19:45,247] {dag.py:2371} INFO - Sync 1 DAGs
[2022-08-17 18:19:45,298] {logging_mixin.py:115} INFO - [2022-08-17 18:19:45,298] {dag.py:2919} INFO - Setting next_dagrun for example_task_group to 2022-08-16T18:19:45.297445+00:00, run_after=2022-08-17T18:19:45.297445+00:00
[2022-08-17 18:19:45,332] {processor.py:161} INFO - Processing /home/airflow/.local/lib/python3.7/site-packages/airflow/example_dags/example_task_group.py took 0.206 seconds
[2022-08-17 18:24:46,709] {processor.py:153} INFO - Started process (PID=17834) to work on /home/airflow/.local/lib/python3.7/site-packages/airflow/example_dags/example_task_group.py
[2022-08-17 18:24:46,711] {processor.py:641} INFO - Processing file /home/airflow/.local/lib/python3.7/site-packages/airflow/example_dags/example_task_group.py for tasks to queue
[2022-08-17 18:24:46,712] {logging_mixin.py:115} INFO - [2022-08-17 18:24:46,712] {dagbag.py:507} INFO - Filling up the DagBag from /home/airflow/.local/lib/python3.7/site-packages/airflow/example_dags/example_task_group.py
[2022-08-17 18:24:46,722] {processor.py:651} INFO - DAG(s) dict_keys(['example_task_group']) retrieved from /home/airflow/.local/lib/python3.7/site-packages/airflow/example_dags/example_task_group.py
[2022-08-17 18:24:46,757] {logging_mixin.py:115} INFO - [2022-08-17 18:24:46,757] {dag.py:2371} INFO - Sync 1 DAGs
[2022-08-17 18:24:46,779] {logging_mixin.py:115} INFO - [2022-08-17 18:24:46,779] {dag.py:2919} INFO - Setting next_dagrun for example_task_group to 2022-08-16T18:24:46.779563+00:00, run_after=2022-08-17T18:24:46.779563+00:00
[2022-08-17 18:24:46,797] {processor.py:161} INFO - Processing /home/airflow/.local/lib/python3.7/site-packages/airflow/example_dags/example_task_group.py took 0.092 seconds
[2022-08-17 18:25:19,369] {processor.py:153} INFO - Started process (PID=17886) to work on /home/airflow/.local/lib/python3.7/site-packages/airflow/example_dags/example_task_group.py
[2022-08-17 18:25:19,373] {processor.py:641} INFO - Processing file /home/airflow/.local/lib/python3.7/site-packages/airflow/example_dags/example_task_group.py for tasks to queue
[2022-08-17 18:25:19,377] {logging_mixin.py:115} INFO - [2022-08-17 18:25:19,377] {dagbag.py:507} INFO - Filling up the DagBag from /home/airflow/.local/lib/python3.7/site-packages/airflow/example_dags/example_task_group.py
[2022-08-17 18:25:19,418] {processor.py:651} INFO - DAG(s) dict_keys(['example_task_group']) retrieved from /home/airflow/.local/lib/python3.7/site-packages/airflow/example_dags/example_task_group.py
[2022-08-17 18:25:19,542] {logging_mixin.py:115} INFO - [2022-08-17 18:25:19,542] {dag.py:2371} INFO - Sync 1 DAGs
[2022-08-17 18:25:19,619] {logging_mixin.py:115} INFO - [2022-08-17 18:25:19,619] {dag.py:2919} INFO - Setting next_dagrun for example_task_group to 2022-08-16T18:25:19.617628+00:00, run_after=2022-08-17T18:25:19.617628+00:00
[2022-08-17 18:25:19,670] {processor.py:161} INFO - Processing /home/airflow/.local/lib/python3.7/site-packages/airflow/example_dags/example_task_group.py took 0.317 seconds
[2022-08-17 18:30:22,857] {processor.py:153} INFO - Started process (PID=17937) to work on /home/airflow/.local/lib/python3.7/site-packages/airflow/example_dags/example_task_group.py
[2022-08-17 18:30:22,859] {processor.py:641} INFO - Processing file /home/airflow/.local/lib/python3.7/site-packages/airflow/example_dags/example_task_group.py for tasks to queue
[2022-08-17 18:30:22,861] {logging_mixin.py:115} INFO - [2022-08-17 18:30:22,861] {dagbag.py:507} INFO - Filling up the DagBag from /home/airflow/.local/lib/python3.7/site-packages/airflow/example_dags/example_task_group.py
[2022-08-17 18:30:22,877] {processor.py:651} INFO - DAG(s) dict_keys(['example_task_group']) retrieved from /home/airflow/.local/lib/python3.7/site-packages/airflow/example_dags/example_task_group.py
[2022-08-17 18:30:22,921] {logging_mixin.py:115} INFO - [2022-08-17 18:30:22,921] {dag.py:2371} INFO - Sync 1 DAGs
[2022-08-17 18:30:22,951] {logging_mixin.py:115} INFO - [2022-08-17 18:30:22,951] {dag.py:2919} INFO - Setting next_dagrun for example_task_group to 2022-08-16T18:30:22.950724+00:00, run_after=2022-08-17T18:30:22.950724+00:00
[2022-08-17 18:30:22,978] {processor.py:161} INFO - Processing /home/airflow/.local/lib/python3.7/site-packages/airflow/example_dags/example_task_group.py took 0.127 seconds
[2022-08-17 18:30:55,007] {processor.py:153} INFO - Started process (PID=17990) to work on /home/airflow/.local/lib/python3.7/site-packages/airflow/example_dags/example_task_group.py
[2022-08-17 18:30:55,010] {processor.py:641} INFO - Processing file /home/airflow/.local/lib/python3.7/site-packages/airflow/example_dags/example_task_group.py for tasks to queue
[2022-08-17 18:30:55,015] {logging_mixin.py:115} INFO - [2022-08-17 18:30:55,015] {dagbag.py:507} INFO - Filling up the DagBag from /home/airflow/.local/lib/python3.7/site-packages/airflow/example_dags/example_task_group.py
[2022-08-17 18:30:55,041] {processor.py:651} INFO - DAG(s) dict_keys(['example_task_group']) retrieved from /home/airflow/.local/lib/python3.7/site-packages/airflow/example_dags/example_task_group.py
[2022-08-17 18:30:55,140] {logging_mixin.py:115} INFO - [2022-08-17 18:30:55,140] {dag.py:2371} INFO - Sync 1 DAGs
[2022-08-17 18:30:55,206] {logging_mixin.py:115} INFO - [2022-08-17 18:30:55,205] {dag.py:2919} INFO - Setting next_dagrun for example_task_group to 2022-08-16T18:30:55.205215+00:00, run_after=2022-08-17T18:30:55.205215+00:00
[2022-08-17 18:30:55,239] {processor.py:161} INFO - Processing /home/airflow/.local/lib/python3.7/site-packages/airflow/example_dags/example_task_group.py took 0.257 seconds
[2022-08-17 18:35:55,723] {processor.py:153} INFO - Started process (PID=18043) to work on /home/airflow/.local/lib/python3.7/site-packages/airflow/example_dags/example_task_group.py
[2022-08-17 18:35:55,724] {processor.py:641} INFO - Processing file /home/airflow/.local/lib/python3.7/site-packages/airflow/example_dags/example_task_group.py for tasks to queue
[2022-08-17 18:35:55,726] {logging_mixin.py:115} INFO - [2022-08-17 18:35:55,726] {dagbag.py:507} INFO - Filling up the DagBag from /home/airflow/.local/lib/python3.7/site-packages/airflow/example_dags/example_task_group.py
[2022-08-17 18:35:55,736] {processor.py:651} INFO - DAG(s) dict_keys(['example_task_group']) retrieved from /home/airflow/.local/lib/python3.7/site-packages/airflow/example_dags/example_task_group.py
[2022-08-17 18:35:55,769] {logging_mixin.py:115} INFO - [2022-08-17 18:35:55,769] {dag.py:2371} INFO - Sync 1 DAGs
[2022-08-17 18:35:55,793] {logging_mixin.py:115} INFO - [2022-08-17 18:35:55,793] {dag.py:2919} INFO - Setting next_dagrun for example_task_group to 2022-08-16T18:35:55.792935+00:00, run_after=2022-08-17T18:35:55.792935+00:00
[2022-08-17 18:35:55,807] {processor.py:161} INFO - Processing /home/airflow/.local/lib/python3.7/site-packages/airflow/example_dags/example_task_group.py took 0.088 seconds
[2022-08-17 18:36:28,358] {processor.py:153} INFO - Started process (PID=18095) to work on /home/airflow/.local/lib/python3.7/site-packages/airflow/example_dags/example_task_group.py
[2022-08-17 18:36:28,361] {processor.py:641} INFO - Processing file /home/airflow/.local/lib/python3.7/site-packages/airflow/example_dags/example_task_group.py for tasks to queue
[2022-08-17 18:36:28,365] {logging_mixin.py:115} INFO - [2022-08-17 18:36:28,365] {dagbag.py:507} INFO - Filling up the DagBag from /home/airflow/.local/lib/python3.7/site-packages/airflow/example_dags/example_task_group.py
[2022-08-17 18:36:28,392] {processor.py:651} INFO - DAG(s) dict_keys(['example_task_group']) retrieved from /home/airflow/.local/lib/python3.7/site-packages/airflow/example_dags/example_task_group.py
[2022-08-17 18:36:28,492] {logging_mixin.py:115} INFO - [2022-08-17 18:36:28,492] {dag.py:2371} INFO - Sync 1 DAGs
[2022-08-17 18:36:28,547] {logging_mixin.py:115} INFO - [2022-08-17 18:36:28,547] {dag.py:2919} INFO - Setting next_dagrun for example_task_group to 2022-08-16T18:36:28.546428+00:00, run_after=2022-08-17T18:36:28.546428+00:00
[2022-08-17 18:36:28,580] {processor.py:161} INFO - Processing /home/airflow/.local/lib/python3.7/site-packages/airflow/example_dags/example_task_group.py took 0.233 seconds
[2022-08-17 18:41:27,736] {processor.py:153} INFO - Started process (PID=18148) to work on /home/airflow/.local/lib/python3.7/site-packages/airflow/example_dags/example_task_group.py
[2022-08-17 18:41:27,738] {processor.py:641} INFO - Processing file /home/airflow/.local/lib/python3.7/site-packages/airflow/example_dags/example_task_group.py for tasks to queue
[2022-08-17 18:41:27,739] {logging_mixin.py:115} INFO - [2022-08-17 18:41:27,739] {dagbag.py:507} INFO - Filling up the DagBag from /home/airflow/.local/lib/python3.7/site-packages/airflow/example_dags/example_task_group.py
[2022-08-17 18:41:27,761] {processor.py:651} INFO - DAG(s) dict_keys(['example_task_group']) retrieved from /home/airflow/.local/lib/python3.7/site-packages/airflow/example_dags/example_task_group.py
[2022-08-17 18:41:27,813] {logging_mixin.py:115} INFO - [2022-08-17 18:41:27,813] {dag.py:2371} INFO - Sync 1 DAGs
[2022-08-17 18:41:27,846] {logging_mixin.py:115} INFO - [2022-08-17 18:41:27,846] {dag.py:2919} INFO - Setting next_dagrun for example_task_group to 2022-08-16T18:41:27.845827+00:00, run_after=2022-08-17T18:41:27.845827+00:00
[2022-08-17 18:41:27,869] {processor.py:161} INFO - Processing /home/airflow/.local/lib/python3.7/site-packages/airflow/example_dags/example_task_group.py took 0.150 seconds
[2022-08-17 18:42:00,192] {processor.py:153} INFO - Started process (PID=18200) to work on /home/airflow/.local/lib/python3.7/site-packages/airflow/example_dags/example_task_group.py
[2022-08-17 18:42:00,196] {processor.py:641} INFO - Processing file /home/airflow/.local/lib/python3.7/site-packages/airflow/example_dags/example_task_group.py for tasks to queue
[2022-08-17 18:42:00,199] {logging_mixin.py:115} INFO - [2022-08-17 18:42:00,199] {dagbag.py:507} INFO - Filling up the DagBag from /home/airflow/.local/lib/python3.7/site-packages/airflow/example_dags/example_task_group.py
[2022-08-17 18:42:00,242] {processor.py:651} INFO - DAG(s) dict_keys(['example_task_group']) retrieved from /home/airflow/.local/lib/python3.7/site-packages/airflow/example_dags/example_task_group.py
[2022-08-17 18:42:00,343] {logging_mixin.py:115} INFO - [2022-08-17 18:42:00,343] {dag.py:2371} INFO - Sync 1 DAGs
[2022-08-17 18:42:00,410] {logging_mixin.py:115} INFO - [2022-08-17 18:42:00,409] {dag.py:2919} INFO - Setting next_dagrun for example_task_group to 2022-08-16T18:42:00.408782+00:00, run_after=2022-08-17T18:42:00.408782+00:00
[2022-08-17 18:42:00,457] {processor.py:161} INFO - Processing /home/airflow/.local/lib/python3.7/site-packages/airflow/example_dags/example_task_group.py took 0.278 seconds
[2022-08-17 18:47:01,094] {processor.py:153} INFO - Started process (PID=18253) to work on /home/airflow/.local/lib/python3.7/site-packages/airflow/example_dags/example_task_group.py
[2022-08-17 18:47:01,095] {processor.py:641} INFO - Processing file /home/airflow/.local/lib/python3.7/site-packages/airflow/example_dags/example_task_group.py for tasks to queue
[2022-08-17 18:47:01,096] {logging_mixin.py:115} INFO - [2022-08-17 18:47:01,096] {dagbag.py:507} INFO - Filling up the DagBag from /home/airflow/.local/lib/python3.7/site-packages/airflow/example_dags/example_task_group.py
[2022-08-17 18:47:01,106] {processor.py:651} INFO - DAG(s) dict_keys(['example_task_group']) retrieved from /home/airflow/.local/lib/python3.7/site-packages/airflow/example_dags/example_task_group.py
[2022-08-17 18:47:01,138] {logging_mixin.py:115} INFO - [2022-08-17 18:47:01,138] {dag.py:2371} INFO - Sync 1 DAGs
[2022-08-17 18:47:01,159] {logging_mixin.py:115} INFO - [2022-08-17 18:47:01,159] {dag.py:2919} INFO - Setting next_dagrun for example_task_group to 2022-08-16T18:47:01.159128+00:00, run_after=2022-08-17T18:47:01.159128+00:00
[2022-08-17 18:47:01,177] {processor.py:161} INFO - Processing /home/airflow/.local/lib/python3.7/site-packages/airflow/example_dags/example_task_group.py took 0.087 seconds
[2022-08-17 18:47:33,438] {processor.py:153} INFO - Started process (PID=18306) to work on /home/airflow/.local/lib/python3.7/site-packages/airflow/example_dags/example_task_group.py
[2022-08-17 18:47:33,442] {processor.py:641} INFO - Processing file /home/airflow/.local/lib/python3.7/site-packages/airflow/example_dags/example_task_group.py for tasks to queue
[2022-08-17 18:47:33,447] {logging_mixin.py:115} INFO - [2022-08-17 18:47:33,446] {dagbag.py:507} INFO - Filling up the DagBag from /home/airflow/.local/lib/python3.7/site-packages/airflow/example_dags/example_task_group.py
[2022-08-17 18:47:33,491] {processor.py:651} INFO - DAG(s) dict_keys(['example_task_group']) retrieved from /home/airflow/.local/lib/python3.7/site-packages/airflow/example_dags/example_task_group.py
[2022-08-17 18:47:33,598] {logging_mixin.py:115} INFO - [2022-08-17 18:47:33,598] {dag.py:2371} INFO - Sync 1 DAGs
[2022-08-17 18:47:33,692] {logging_mixin.py:115} INFO - [2022-08-17 18:47:33,692] {dag.py:2919} INFO - Setting next_dagrun for example_task_group to 2022-08-16T18:47:33.691353+00:00, run_after=2022-08-17T18:47:33.691353+00:00
[2022-08-17 18:47:33,730] {processor.py:161} INFO - Processing /home/airflow/.local/lib/python3.7/site-packages/airflow/example_dags/example_task_group.py took 0.305 seconds
[2022-08-17 18:52:33,070] {processor.py:153} INFO - Started process (PID=18359) to work on /home/airflow/.local/lib/python3.7/site-packages/airflow/example_dags/example_task_group.py
[2022-08-17 18:52:33,071] {processor.py:641} INFO - Processing file /home/airflow/.local/lib/python3.7/site-packages/airflow/example_dags/example_task_group.py for tasks to queue
[2022-08-17 18:52:33,072] {logging_mixin.py:115} INFO - [2022-08-17 18:52:33,072] {dagbag.py:507} INFO - Filling up the DagBag from /home/airflow/.local/lib/python3.7/site-packages/airflow/example_dags/example_task_group.py
[2022-08-17 18:52:33,087] {processor.py:651} INFO - DAG(s) dict_keys(['example_task_group']) retrieved from /home/airflow/.local/lib/python3.7/site-packages/airflow/example_dags/example_task_group.py
[2022-08-17 18:52:33,121] {logging_mixin.py:115} INFO - [2022-08-17 18:52:33,120] {dag.py:2371} INFO - Sync 1 DAGs
[2022-08-17 18:52:33,153] {logging_mixin.py:115} INFO - [2022-08-17 18:52:33,153] {dag.py:2919} INFO - Setting next_dagrun for example_task_group to 2022-08-16T18:52:33.153185+00:00, run_after=2022-08-17T18:52:33.153185+00:00
[2022-08-17 18:52:33,177] {processor.py:161} INFO - Processing /home/airflow/.local/lib/python3.7/site-packages/airflow/example_dags/example_task_group.py took 0.114 seconds
[2022-08-17 18:53:05,694] {processor.py:153} INFO - Started process (PID=18410) to work on /home/airflow/.local/lib/python3.7/site-packages/airflow/example_dags/example_task_group.py
[2022-08-17 18:53:05,697] {processor.py:641} INFO - Processing file /home/airflow/.local/lib/python3.7/site-packages/airflow/example_dags/example_task_group.py for tasks to queue
[2022-08-17 18:53:05,700] {logging_mixin.py:115} INFO - [2022-08-17 18:53:05,700] {dagbag.py:507} INFO - Filling up the DagBag from /home/airflow/.local/lib/python3.7/site-packages/airflow/example_dags/example_task_group.py
[2022-08-17 18:53:05,726] {processor.py:651} INFO - DAG(s) dict_keys(['example_task_group']) retrieved from /home/airflow/.local/lib/python3.7/site-packages/airflow/example_dags/example_task_group.py
[2022-08-17 18:53:05,807] {logging_mixin.py:115} INFO - [2022-08-17 18:53:05,806] {dag.py:2371} INFO - Sync 1 DAGs
[2022-08-17 18:53:05,861] {logging_mixin.py:115} INFO - [2022-08-17 18:53:05,861] {dag.py:2919} INFO - Setting next_dagrun for example_task_group to 2022-08-16T18:53:05.860867+00:00, run_after=2022-08-17T18:53:05.860867+00:00
[2022-08-17 18:53:05,895] {processor.py:161} INFO - Processing /home/airflow/.local/lib/python3.7/site-packages/airflow/example_dags/example_task_group.py took 0.211 seconds
[2022-08-17 18:58:07,253] {processor.py:153} INFO - Started process (PID=18464) to work on /home/airflow/.local/lib/python3.7/site-packages/airflow/example_dags/example_task_group.py
[2022-08-17 18:58:07,254] {processor.py:641} INFO - Processing file /home/airflow/.local/lib/python3.7/site-packages/airflow/example_dags/example_task_group.py for tasks to queue
[2022-08-17 18:58:07,256] {logging_mixin.py:115} INFO - [2022-08-17 18:58:07,256] {dagbag.py:507} INFO - Filling up the DagBag from /home/airflow/.local/lib/python3.7/site-packages/airflow/example_dags/example_task_group.py
[2022-08-17 18:58:07,271] {processor.py:651} INFO - DAG(s) dict_keys(['example_task_group']) retrieved from /home/airflow/.local/lib/python3.7/site-packages/airflow/example_dags/example_task_group.py
[2022-08-17 18:58:07,307] {logging_mixin.py:115} INFO - [2022-08-17 18:58:07,307] {dag.py:2371} INFO - Sync 1 DAGs
[2022-08-17 18:58:07,330] {logging_mixin.py:115} INFO - [2022-08-17 18:58:07,330] {dag.py:2919} INFO - Setting next_dagrun for example_task_group to 2022-08-16T18:58:07.330461+00:00, run_after=2022-08-17T18:58:07.330461+00:00
[2022-08-17 18:58:07,348] {processor.py:161} INFO - Processing /home/airflow/.local/lib/python3.7/site-packages/airflow/example_dags/example_task_group.py took 0.101 seconds
[2022-08-17 18:58:39,523] {processor.py:153} INFO - Started process (PID=18516) to work on /home/airflow/.local/lib/python3.7/site-packages/airflow/example_dags/example_task_group.py
[2022-08-17 18:58:39,528] {processor.py:641} INFO - Processing file /home/airflow/.local/lib/python3.7/site-packages/airflow/example_dags/example_task_group.py for tasks to queue
[2022-08-17 18:58:39,531] {logging_mixin.py:115} INFO - [2022-08-17 18:58:39,531] {dagbag.py:507} INFO - Filling up the DagBag from /home/airflow/.local/lib/python3.7/site-packages/airflow/example_dags/example_task_group.py
[2022-08-17 18:58:39,561] {processor.py:651} INFO - DAG(s) dict_keys(['example_task_group']) retrieved from /home/airflow/.local/lib/python3.7/site-packages/airflow/example_dags/example_task_group.py
[2022-08-17 18:58:39,648] {logging_mixin.py:115} INFO - [2022-08-17 18:58:39,647] {dag.py:2371} INFO - Sync 1 DAGs
[2022-08-17 18:58:39,707] {logging_mixin.py:115} INFO - [2022-08-17 18:58:39,707] {dag.py:2919} INFO - Setting next_dagrun for example_task_group to 2022-08-16T18:58:39.706460+00:00, run_after=2022-08-17T18:58:39.706460+00:00
[2022-08-17 18:58:39,755] {processor.py:161} INFO - Processing /home/airflow/.local/lib/python3.7/site-packages/airflow/example_dags/example_task_group.py took 0.249 seconds
[2022-08-17 19:03:38,631] {processor.py:153} INFO - Started process (PID=18559) to work on /home/airflow/.local/lib/python3.7/site-packages/airflow/example_dags/example_task_group.py
[2022-08-17 19:03:38,632] {processor.py:641} INFO - Processing file /home/airflow/.local/lib/python3.7/site-packages/airflow/example_dags/example_task_group.py for tasks to queue
[2022-08-17 19:03:38,633] {logging_mixin.py:115} INFO - [2022-08-17 19:03:38,633] {dagbag.py:507} INFO - Filling up the DagBag from /home/airflow/.local/lib/python3.7/site-packages/airflow/example_dags/example_task_group.py
[2022-08-17 19:03:38,645] {processor.py:651} INFO - DAG(s) dict_keys(['example_task_group']) retrieved from /home/airflow/.local/lib/python3.7/site-packages/airflow/example_dags/example_task_group.py
[2022-08-17 19:03:38,674] {logging_mixin.py:115} INFO - [2022-08-17 19:03:38,674] {dag.py:2371} INFO - Sync 1 DAGs
[2022-08-17 19:03:38,694] {logging_mixin.py:115} INFO - [2022-08-17 19:03:38,694] {dag.py:2919} INFO - Setting next_dagrun for example_task_group to 2022-08-16T19:03:38.694400+00:00, run_after=2022-08-17T19:03:38.694400+00:00
[2022-08-17 19:03:38,717] {processor.py:161} INFO - Processing /home/airflow/.local/lib/python3.7/site-packages/airflow/example_dags/example_task_group.py took 0.091 seconds
[2022-08-17 19:04:11,079] {processor.py:153} INFO - Started process (PID=18611) to work on /home/airflow/.local/lib/python3.7/site-packages/airflow/example_dags/example_task_group.py
[2022-08-17 19:04:11,082] {processor.py:641} INFO - Processing file /home/airflow/.local/lib/python3.7/site-packages/airflow/example_dags/example_task_group.py for tasks to queue
[2022-08-17 19:04:11,086] {logging_mixin.py:115} INFO - [2022-08-17 19:04:11,085] {dagbag.py:507} INFO - Filling up the DagBag from /home/airflow/.local/lib/python3.7/site-packages/airflow/example_dags/example_task_group.py
[2022-08-17 19:04:11,118] {processor.py:651} INFO - DAG(s) dict_keys(['example_task_group']) retrieved from /home/airflow/.local/lib/python3.7/site-packages/airflow/example_dags/example_task_group.py
[2022-08-17 19:04:11,201] {logging_mixin.py:115} INFO - [2022-08-17 19:04:11,200] {dag.py:2371} INFO - Sync 1 DAGs
[2022-08-17 19:04:11,261] {logging_mixin.py:115} INFO - [2022-08-17 19:04:11,261] {dag.py:2919} INFO - Setting next_dagrun for example_task_group to 2022-08-16T19:04:11.260385+00:00, run_after=2022-08-17T19:04:11.260385+00:00
[2022-08-17 19:04:11,328] {processor.py:161} INFO - Processing /home/airflow/.local/lib/python3.7/site-packages/airflow/example_dags/example_task_group.py took 0.259 seconds
[2022-08-17 19:06:43,605] {processor.py:153} INFO - Started process (PID=18663) to work on /home/airflow/.local/lib/python3.7/site-packages/airflow/example_dags/example_task_group.py
[2022-08-17 19:06:43,606] {processor.py:641} INFO - Processing file /home/airflow/.local/lib/python3.7/site-packages/airflow/example_dags/example_task_group.py for tasks to queue
[2022-08-17 19:06:43,608] {logging_mixin.py:115} INFO - [2022-08-17 19:06:43,608] {dagbag.py:507} INFO - Filling up the DagBag from /home/airflow/.local/lib/python3.7/site-packages/airflow/example_dags/example_task_group.py
[2022-08-17 19:06:43,620] {processor.py:651} INFO - DAG(s) dict_keys(['example_task_group']) retrieved from /home/airflow/.local/lib/python3.7/site-packages/airflow/example_dags/example_task_group.py
[2022-08-17 19:06:43,656] {logging_mixin.py:115} INFO - [2022-08-17 19:06:43,655] {dag.py:2371} INFO - Sync 1 DAGs
[2022-08-17 19:06:43,675] {logging_mixin.py:115} INFO - [2022-08-17 19:06:43,675] {dag.py:2919} INFO - Setting next_dagrun for example_task_group to 2022-08-16T19:06:43.675584+00:00, run_after=2022-08-17T19:06:43.675584+00:00
[2022-08-17 19:06:43,687] {processor.py:161} INFO - Processing /home/airflow/.local/lib/python3.7/site-packages/airflow/example_dags/example_task_group.py took 0.086 seconds
[2022-08-17 19:11:35,802] {processor.py:153} INFO - Started process (PID=18707) to work on /home/airflow/.local/lib/python3.7/site-packages/airflow/example_dags/example_task_group.py
[2022-08-17 19:11:35,803] {processor.py:641} INFO - Processing file /home/airflow/.local/lib/python3.7/site-packages/airflow/example_dags/example_task_group.py for tasks to queue
[2022-08-17 19:11:35,804] {logging_mixin.py:115} INFO - [2022-08-17 19:11:35,804] {dagbag.py:507} INFO - Filling up the DagBag from /home/airflow/.local/lib/python3.7/site-packages/airflow/example_dags/example_task_group.py
[2022-08-17 19:11:35,814] {processor.py:651} INFO - DAG(s) dict_keys(['example_task_group']) retrieved from /home/airflow/.local/lib/python3.7/site-packages/airflow/example_dags/example_task_group.py
[2022-08-17 19:11:35,848] {logging_mixin.py:115} INFO - [2022-08-17 19:11:35,848] {dag.py:2371} INFO - Sync 1 DAGs
[2022-08-17 19:11:35,870] {logging_mixin.py:115} INFO - [2022-08-17 19:11:35,870] {dag.py:2919} INFO - Setting next_dagrun for example_task_group to 2022-08-16T19:11:35.869817+00:00, run_after=2022-08-17T19:11:35.869817+00:00
[2022-08-17 19:11:35,886] {processor.py:161} INFO - Processing /home/airflow/.local/lib/python3.7/site-packages/airflow/example_dags/example_task_group.py took 0.088 seconds
[2022-08-17 20:55:19,011] {processor.py:153} INFO - Started process (PID=18759) to work on /home/airflow/.local/lib/python3.7/site-packages/airflow/example_dags/example_task_group.py
[2022-08-17 20:55:19,013] {processor.py:641} INFO - Processing file /home/airflow/.local/lib/python3.7/site-packages/airflow/example_dags/example_task_group.py for tasks to queue
[2022-08-17 20:55:19,015] {logging_mixin.py:115} INFO - [2022-08-17 20:55:19,014] {dagbag.py:507} INFO - Filling up the DagBag from /home/airflow/.local/lib/python3.7/site-packages/airflow/example_dags/example_task_group.py
[2022-08-17 20:55:19,033] {processor.py:651} INFO - DAG(s) dict_keys(['example_task_group']) retrieved from /home/airflow/.local/lib/python3.7/site-packages/airflow/example_dags/example_task_group.py
[2022-08-17 20:55:19,103] {logging_mixin.py:115} INFO - [2022-08-17 20:55:19,103] {dag.py:2371} INFO - Sync 1 DAGs
[2022-08-17 20:55:19,135] {logging_mixin.py:115} INFO - [2022-08-17 20:55:19,135] {dag.py:2919} INFO - Setting next_dagrun for example_task_group to 2022-08-16T20:55:19.135123+00:00, run_after=2022-08-17T20:55:19.135123+00:00
[2022-08-17 20:55:19,165] {processor.py:161} INFO - Processing /home/airflow/.local/lib/python3.7/site-packages/airflow/example_dags/example_task_group.py took 0.163 seconds
[2022-08-17 22:43:22,747] {processor.py:153} INFO - Started process (PID=18802) to work on /home/airflow/.local/lib/python3.7/site-packages/airflow/example_dags/example_task_group.py
[2022-08-17 22:43:22,751] {processor.py:641} INFO - Processing file /home/airflow/.local/lib/python3.7/site-packages/airflow/example_dags/example_task_group.py for tasks to queue
[2022-08-17 22:43:22,752] {logging_mixin.py:115} INFO - [2022-08-17 22:43:22,752] {dagbag.py:507} INFO - Filling up the DagBag from /home/airflow/.local/lib/python3.7/site-packages/airflow/example_dags/example_task_group.py
[2022-08-17 22:43:22,765] {processor.py:651} INFO - DAG(s) dict_keys(['example_task_group']) retrieved from /home/airflow/.local/lib/python3.7/site-packages/airflow/example_dags/example_task_group.py
[2022-08-17 22:43:22,818] {logging_mixin.py:115} INFO - [2022-08-17 22:43:22,818] {dag.py:2371} INFO - Sync 1 DAGs
[2022-08-17 22:43:22,852] {logging_mixin.py:115} INFO - [2022-08-17 22:43:22,852] {dag.py:2919} INFO - Setting next_dagrun for example_task_group to 2022-08-16T22:43:22.851243+00:00, run_after=2022-08-17T22:43:22.851243+00:00
[2022-08-17 22:43:22,884] {processor.py:161} INFO - Processing /home/airflow/.local/lib/python3.7/site-packages/airflow/example_dags/example_task_group.py took 0.141 seconds
