[2022-08-17 00:09:05,348] {processor.py:153} INFO - Started process (PID=16216) to work on /home/airflow/.local/lib/python3.7/site-packages/airflow/example_dags/example_branch_python_dop_operator_3.py
[2022-08-17 00:09:05,350] {processor.py:641} INFO - Processing file /home/airflow/.local/lib/python3.7/site-packages/airflow/example_dags/example_branch_python_dop_operator_3.py for tasks to queue
[2022-08-17 00:09:05,351] {logging_mixin.py:115} INFO - [2022-08-17 00:09:05,351] {dagbag.py:507} INFO - Filling up the DagBag from /home/airflow/.local/lib/python3.7/site-packages/airflow/example_dags/example_branch_python_dop_operator_3.py
[2022-08-17 00:09:05,366] {processor.py:651} INFO - DAG(s) dict_keys(['example_branch_dop_operator_v3']) retrieved from /home/airflow/.local/lib/python3.7/site-packages/airflow/example_dags/example_branch_python_dop_operator_3.py
[2022-08-17 00:09:05,405] {logging_mixin.py:115} INFO - [2022-08-17 00:09:05,404] {dag.py:2371} INFO - Sync 1 DAGs
[2022-08-17 00:09:05,430] {logging_mixin.py:115} INFO - [2022-08-17 00:09:05,430] {dag.py:2919} INFO - Setting next_dagrun for example_branch_dop_operator_v3 to 2022-08-17T00:08:00+00:00, run_after=2022-08-17T00:09:00+00:00
[2022-08-17 00:09:05,445] {processor.py:161} INFO - Processing /home/airflow/.local/lib/python3.7/site-packages/airflow/example_dags/example_branch_python_dop_operator_3.py took 0.102 seconds
[2022-08-17 01:48:07,911] {processor.py:153} INFO - Started process (PID=16260) to work on /home/airflow/.local/lib/python3.7/site-packages/airflow/example_dags/example_branch_python_dop_operator_3.py
[2022-08-17 01:48:07,912] {processor.py:641} INFO - Processing file /home/airflow/.local/lib/python3.7/site-packages/airflow/example_dags/example_branch_python_dop_operator_3.py for tasks to queue
[2022-08-17 01:48:07,913] {logging_mixin.py:115} INFO - [2022-08-17 01:48:07,913] {dagbag.py:507} INFO - Filling up the DagBag from /home/airflow/.local/lib/python3.7/site-packages/airflow/example_dags/example_branch_python_dop_operator_3.py
[2022-08-17 01:48:07,927] {processor.py:651} INFO - DAG(s) dict_keys(['example_branch_dop_operator_v3']) retrieved from /home/airflow/.local/lib/python3.7/site-packages/airflow/example_dags/example_branch_python_dop_operator_3.py
[2022-08-17 01:48:07,959] {logging_mixin.py:115} INFO - [2022-08-17 01:48:07,959] {dag.py:2371} INFO - Sync 1 DAGs
[2022-08-17 01:48:07,991] {logging_mixin.py:115} INFO - [2022-08-17 01:48:07,991] {dag.py:2919} INFO - Setting next_dagrun for example_branch_dop_operator_v3 to 2022-08-17T01:47:00+00:00, run_after=2022-08-17T01:48:00+00:00
[2022-08-17 01:48:08,006] {processor.py:161} INFO - Processing /home/airflow/.local/lib/python3.7/site-packages/airflow/example_dags/example_branch_python_dop_operator_3.py took 0.100 seconds
[2022-08-17 05:24:31,795] {processor.py:153} INFO - Started process (PID=16312) to work on /home/airflow/.local/lib/python3.7/site-packages/airflow/example_dags/example_branch_python_dop_operator_3.py
[2022-08-17 05:24:31,799] {processor.py:641} INFO - Processing file /home/airflow/.local/lib/python3.7/site-packages/airflow/example_dags/example_branch_python_dop_operator_3.py for tasks to queue
[2022-08-17 05:24:31,801] {logging_mixin.py:115} INFO - [2022-08-17 05:24:31,801] {dagbag.py:507} INFO - Filling up the DagBag from /home/airflow/.local/lib/python3.7/site-packages/airflow/example_dags/example_branch_python_dop_operator_3.py
[2022-08-17 05:24:31,840] {processor.py:651} INFO - DAG(s) dict_keys(['example_branch_dop_operator_v3']) retrieved from /home/airflow/.local/lib/python3.7/site-packages/airflow/example_dags/example_branch_python_dop_operator_3.py
[2022-08-17 05:24:31,909] {logging_mixin.py:115} INFO - [2022-08-17 05:24:31,909] {dag.py:2371} INFO - Sync 1 DAGs
[2022-08-17 05:24:31,962] {logging_mixin.py:115} INFO - [2022-08-17 05:24:31,962] {dag.py:2919} INFO - Setting next_dagrun for example_branch_dop_operator_v3 to 2022-08-17T05:23:00+00:00, run_after=2022-08-17T05:24:00+00:00
[2022-08-17 05:24:31,981] {processor.py:161} INFO - Processing /home/airflow/.local/lib/python3.7/site-packages/airflow/example_dags/example_branch_python_dop_operator_3.py took 0.192 seconds
[2022-08-17 05:27:19,717] {processor.py:153} INFO - Started process (PID=16375) to work on /home/airflow/.local/lib/python3.7/site-packages/airflow/example_dags/example_branch_python_dop_operator_3.py
[2022-08-17 05:27:19,723] {processor.py:641} INFO - Processing file /home/airflow/.local/lib/python3.7/site-packages/airflow/example_dags/example_branch_python_dop_operator_3.py for tasks to queue
[2022-08-17 05:27:19,725] {logging_mixin.py:115} INFO - [2022-08-17 05:27:19,724] {dagbag.py:507} INFO - Filling up the DagBag from /home/airflow/.local/lib/python3.7/site-packages/airflow/example_dags/example_branch_python_dop_operator_3.py
[2022-08-17 05:27:19,772] {processor.py:651} INFO - DAG(s) dict_keys(['example_branch_dop_operator_v3']) retrieved from /home/airflow/.local/lib/python3.7/site-packages/airflow/example_dags/example_branch_python_dop_operator_3.py
[2022-08-17 05:27:19,813] {logging_mixin.py:115} INFO - [2022-08-17 05:27:19,813] {dag.py:2371} INFO - Sync 1 DAGs
[2022-08-17 05:27:19,846] {logging_mixin.py:115} INFO - [2022-08-17 05:27:19,846] {dag.py:2919} INFO - Setting next_dagrun for example_branch_dop_operator_v3 to 2022-08-17T05:26:00+00:00, run_after=2022-08-17T05:27:00+00:00
[2022-08-17 05:27:19,876] {processor.py:161} INFO - Processing /home/airflow/.local/lib/python3.7/site-packages/airflow/example_dags/example_branch_python_dop_operator_3.py took 0.168 seconds
[2022-08-17 05:27:53,273] {processor.py:153} INFO - Started process (PID=16427) to work on /home/airflow/.local/lib/python3.7/site-packages/airflow/example_dags/example_branch_python_dop_operator_3.py
[2022-08-17 05:27:53,276] {processor.py:641} INFO - Processing file /home/airflow/.local/lib/python3.7/site-packages/airflow/example_dags/example_branch_python_dop_operator_3.py for tasks to queue
[2022-08-17 05:27:53,285] {logging_mixin.py:115} INFO - [2022-08-17 05:27:53,284] {dagbag.py:507} INFO - Filling up the DagBag from /home/airflow/.local/lib/python3.7/site-packages/airflow/example_dags/example_branch_python_dop_operator_3.py
[2022-08-17 05:27:53,332] {processor.py:651} INFO - DAG(s) dict_keys(['example_branch_dop_operator_v3']) retrieved from /home/airflow/.local/lib/python3.7/site-packages/airflow/example_dags/example_branch_python_dop_operator_3.py
[2022-08-17 05:27:53,428] {logging_mixin.py:115} INFO - [2022-08-17 05:27:53,427] {dag.py:2371} INFO - Sync 1 DAGs
[2022-08-17 05:27:53,521] {logging_mixin.py:115} INFO - [2022-08-17 05:27:53,521] {dag.py:2919} INFO - Setting next_dagrun for example_branch_dop_operator_v3 to 2022-08-17T05:26:00+00:00, run_after=2022-08-17T05:27:00+00:00
[2022-08-17 05:27:53,562] {processor.py:161} INFO - Processing /home/airflow/.local/lib/python3.7/site-packages/airflow/example_dags/example_branch_python_dop_operator_3.py took 0.304 seconds
[2022-08-17 05:32:50,311] {processor.py:153} INFO - Started process (PID=16470) to work on /home/airflow/.local/lib/python3.7/site-packages/airflow/example_dags/example_branch_python_dop_operator_3.py
[2022-08-17 05:32:50,340] {processor.py:641} INFO - Processing file /home/airflow/.local/lib/python3.7/site-packages/airflow/example_dags/example_branch_python_dop_operator_3.py for tasks to queue
[2022-08-17 05:32:50,341] {logging_mixin.py:115} INFO - [2022-08-17 05:32:50,341] {dagbag.py:507} INFO - Filling up the DagBag from /home/airflow/.local/lib/python3.7/site-packages/airflow/example_dags/example_branch_python_dop_operator_3.py
[2022-08-17 05:32:50,355] {processor.py:651} INFO - DAG(s) dict_keys(['example_branch_dop_operator_v3']) retrieved from /home/airflow/.local/lib/python3.7/site-packages/airflow/example_dags/example_branch_python_dop_operator_3.py
[2022-08-17 05:32:50,388] {logging_mixin.py:115} INFO - [2022-08-17 05:32:50,388] {dag.py:2371} INFO - Sync 1 DAGs
[2022-08-17 05:32:50,416] {logging_mixin.py:115} INFO - [2022-08-17 05:32:50,416] {dag.py:2919} INFO - Setting next_dagrun for example_branch_dop_operator_v3 to 2022-08-17T05:31:00+00:00, run_after=2022-08-17T05:32:00+00:00
[2022-08-17 05:32:50,430] {processor.py:161} INFO - Processing /home/airflow/.local/lib/python3.7/site-packages/airflow/example_dags/example_branch_python_dop_operator_3.py took 0.122 seconds
[2022-08-17 05:33:21,981] {processor.py:153} INFO - Started process (PID=16522) to work on /home/airflow/.local/lib/python3.7/site-packages/airflow/example_dags/example_branch_python_dop_operator_3.py
[2022-08-17 05:33:21,984] {processor.py:641} INFO - Processing file /home/airflow/.local/lib/python3.7/site-packages/airflow/example_dags/example_branch_python_dop_operator_3.py for tasks to queue
[2022-08-17 05:33:21,986] {logging_mixin.py:115} INFO - [2022-08-17 05:33:21,986] {dagbag.py:507} INFO - Filling up the DagBag from /home/airflow/.local/lib/python3.7/site-packages/airflow/example_dags/example_branch_python_dop_operator_3.py
[2022-08-17 05:33:22,020] {processor.py:651} INFO - DAG(s) dict_keys(['example_branch_dop_operator_v3']) retrieved from /home/airflow/.local/lib/python3.7/site-packages/airflow/example_dags/example_branch_python_dop_operator_3.py
[2022-08-17 05:33:22,089] {logging_mixin.py:115} INFO - [2022-08-17 05:33:22,089] {dag.py:2371} INFO - Sync 1 DAGs
[2022-08-17 05:33:22,150] {logging_mixin.py:115} INFO - [2022-08-17 05:33:22,150] {dag.py:2919} INFO - Setting next_dagrun for example_branch_dop_operator_v3 to 2022-08-17T05:32:00+00:00, run_after=2022-08-17T05:33:00+00:00
[2022-08-17 05:33:22,179] {processor.py:161} INFO - Processing /home/airflow/.local/lib/python3.7/site-packages/airflow/example_dags/example_branch_python_dop_operator_3.py took 0.205 seconds
[2022-08-17 05:38:22,708] {processor.py:153} INFO - Started process (PID=16574) to work on /home/airflow/.local/lib/python3.7/site-packages/airflow/example_dags/example_branch_python_dop_operator_3.py
[2022-08-17 05:38:22,709] {processor.py:641} INFO - Processing file /home/airflow/.local/lib/python3.7/site-packages/airflow/example_dags/example_branch_python_dop_operator_3.py for tasks to queue
[2022-08-17 05:38:22,710] {logging_mixin.py:115} INFO - [2022-08-17 05:38:22,710] {dagbag.py:507} INFO - Filling up the DagBag from /home/airflow/.local/lib/python3.7/site-packages/airflow/example_dags/example_branch_python_dop_operator_3.py
[2022-08-17 05:38:22,724] {processor.py:651} INFO - DAG(s) dict_keys(['example_branch_dop_operator_v3']) retrieved from /home/airflow/.local/lib/python3.7/site-packages/airflow/example_dags/example_branch_python_dop_operator_3.py
[2022-08-17 05:38:22,753] {logging_mixin.py:115} INFO - [2022-08-17 05:38:22,753] {dag.py:2371} INFO - Sync 1 DAGs
[2022-08-17 05:38:22,779] {logging_mixin.py:115} INFO - [2022-08-17 05:38:22,779] {dag.py:2919} INFO - Setting next_dagrun for example_branch_dop_operator_v3 to 2022-08-17T05:37:00+00:00, run_after=2022-08-17T05:38:00+00:00
[2022-08-17 05:38:22,792] {processor.py:161} INFO - Processing /home/airflow/.local/lib/python3.7/site-packages/airflow/example_dags/example_branch_python_dop_operator_3.py took 0.088 seconds
[2022-08-17 05:38:54,261] {processor.py:153} INFO - Started process (PID=16626) to work on /home/airflow/.local/lib/python3.7/site-packages/airflow/example_dags/example_branch_python_dop_operator_3.py
[2022-08-17 05:38:54,264] {processor.py:641} INFO - Processing file /home/airflow/.local/lib/python3.7/site-packages/airflow/example_dags/example_branch_python_dop_operator_3.py for tasks to queue
[2022-08-17 05:38:54,266] {logging_mixin.py:115} INFO - [2022-08-17 05:38:54,266] {dagbag.py:507} INFO - Filling up the DagBag from /home/airflow/.local/lib/python3.7/site-packages/airflow/example_dags/example_branch_python_dop_operator_3.py
[2022-08-17 05:38:54,293] {processor.py:651} INFO - DAG(s) dict_keys(['example_branch_dop_operator_v3']) retrieved from /home/airflow/.local/lib/python3.7/site-packages/airflow/example_dags/example_branch_python_dop_operator_3.py
[2022-08-17 05:38:54,365] {logging_mixin.py:115} INFO - [2022-08-17 05:38:54,365] {dag.py:2371} INFO - Sync 1 DAGs
[2022-08-17 05:38:54,439] {logging_mixin.py:115} INFO - [2022-08-17 05:38:54,439] {dag.py:2919} INFO - Setting next_dagrun for example_branch_dop_operator_v3 to 2022-08-17T05:37:00+00:00, run_after=2022-08-17T05:38:00+00:00
[2022-08-17 05:38:54,471] {processor.py:161} INFO - Processing /home/airflow/.local/lib/python3.7/site-packages/airflow/example_dags/example_branch_python_dop_operator_3.py took 0.219 seconds
[2022-08-17 05:44:00,935] {processor.py:153} INFO - Started process (PID=16679) to work on /home/airflow/.local/lib/python3.7/site-packages/airflow/example_dags/example_branch_python_dop_operator_3.py
[2022-08-17 05:44:00,936] {processor.py:641} INFO - Processing file /home/airflow/.local/lib/python3.7/site-packages/airflow/example_dags/example_branch_python_dop_operator_3.py for tasks to queue
[2022-08-17 05:44:00,937] {logging_mixin.py:115} INFO - [2022-08-17 05:44:00,937] {dagbag.py:507} INFO - Filling up the DagBag from /home/airflow/.local/lib/python3.7/site-packages/airflow/example_dags/example_branch_python_dop_operator_3.py
[2022-08-17 05:44:00,949] {processor.py:651} INFO - DAG(s) dict_keys(['example_branch_dop_operator_v3']) retrieved from /home/airflow/.local/lib/python3.7/site-packages/airflow/example_dags/example_branch_python_dop_operator_3.py
[2022-08-17 05:44:00,982] {logging_mixin.py:115} INFO - [2022-08-17 05:44:00,982] {dag.py:2371} INFO - Sync 1 DAGs
[2022-08-17 05:44:01,009] {logging_mixin.py:115} INFO - [2022-08-17 05:44:01,009] {dag.py:2919} INFO - Setting next_dagrun for example_branch_dop_operator_v3 to 2022-08-17T05:43:00+00:00, run_after=2022-08-17T05:44:00+00:00
[2022-08-17 05:44:01,022] {processor.py:161} INFO - Processing /home/airflow/.local/lib/python3.7/site-packages/airflow/example_dags/example_branch_python_dop_operator_3.py took 0.091 seconds
[2022-08-17 05:44:33,095] {processor.py:153} INFO - Started process (PID=16732) to work on /home/airflow/.local/lib/python3.7/site-packages/airflow/example_dags/example_branch_python_dop_operator_3.py
[2022-08-17 05:44:33,099] {processor.py:641} INFO - Processing file /home/airflow/.local/lib/python3.7/site-packages/airflow/example_dags/example_branch_python_dop_operator_3.py for tasks to queue
[2022-08-17 05:44:33,102] {logging_mixin.py:115} INFO - [2022-08-17 05:44:33,101] {dagbag.py:507} INFO - Filling up the DagBag from /home/airflow/.local/lib/python3.7/site-packages/airflow/example_dags/example_branch_python_dop_operator_3.py
[2022-08-17 05:44:33,143] {processor.py:651} INFO - DAG(s) dict_keys(['example_branch_dop_operator_v3']) retrieved from /home/airflow/.local/lib/python3.7/site-packages/airflow/example_dags/example_branch_python_dop_operator_3.py
[2022-08-17 05:44:33,217] {logging_mixin.py:115} INFO - [2022-08-17 05:44:33,217] {dag.py:2371} INFO - Sync 1 DAGs
[2022-08-17 05:44:33,276] {logging_mixin.py:115} INFO - [2022-08-17 05:44:33,276] {dag.py:2919} INFO - Setting next_dagrun for example_branch_dop_operator_v3 to 2022-08-17T05:43:00+00:00, run_after=2022-08-17T05:44:00+00:00
[2022-08-17 05:44:33,303] {processor.py:161} INFO - Processing /home/airflow/.local/lib/python3.7/site-packages/airflow/example_dags/example_branch_python_dop_operator_3.py took 0.223 seconds
[2022-08-17 05:49:37,203] {processor.py:153} INFO - Started process (PID=16785) to work on /home/airflow/.local/lib/python3.7/site-packages/airflow/example_dags/example_branch_python_dop_operator_3.py
[2022-08-17 05:49:37,204] {processor.py:641} INFO - Processing file /home/airflow/.local/lib/python3.7/site-packages/airflow/example_dags/example_branch_python_dop_operator_3.py for tasks to queue
[2022-08-17 05:49:37,205] {logging_mixin.py:115} INFO - [2022-08-17 05:49:37,205] {dagbag.py:507} INFO - Filling up the DagBag from /home/airflow/.local/lib/python3.7/site-packages/airflow/example_dags/example_branch_python_dop_operator_3.py
[2022-08-17 05:49:37,224] {processor.py:651} INFO - DAG(s) dict_keys(['example_branch_dop_operator_v3']) retrieved from /home/airflow/.local/lib/python3.7/site-packages/airflow/example_dags/example_branch_python_dop_operator_3.py
[2022-08-17 05:49:37,277] {logging_mixin.py:115} INFO - [2022-08-17 05:49:37,277] {dag.py:2371} INFO - Sync 1 DAGs
[2022-08-17 05:49:37,309] {logging_mixin.py:115} INFO - [2022-08-17 05:49:37,309] {dag.py:2919} INFO - Setting next_dagrun for example_branch_dop_operator_v3 to 2022-08-17T05:48:00+00:00, run_after=2022-08-17T05:49:00+00:00
[2022-08-17 05:49:37,328] {processor.py:161} INFO - Processing /home/airflow/.local/lib/python3.7/site-packages/airflow/example_dags/example_branch_python_dop_operator_3.py took 0.129 seconds
[2022-08-17 05:50:09,193] {processor.py:153} INFO - Started process (PID=16837) to work on /home/airflow/.local/lib/python3.7/site-packages/airflow/example_dags/example_branch_python_dop_operator_3.py
[2022-08-17 05:50:09,196] {processor.py:641} INFO - Processing file /home/airflow/.local/lib/python3.7/site-packages/airflow/example_dags/example_branch_python_dop_operator_3.py for tasks to queue
[2022-08-17 05:50:09,198] {logging_mixin.py:115} INFO - [2022-08-17 05:50:09,198] {dagbag.py:507} INFO - Filling up the DagBag from /home/airflow/.local/lib/python3.7/site-packages/airflow/example_dags/example_branch_python_dop_operator_3.py
[2022-08-17 05:50:09,227] {processor.py:651} INFO - DAG(s) dict_keys(['example_branch_dop_operator_v3']) retrieved from /home/airflow/.local/lib/python3.7/site-packages/airflow/example_dags/example_branch_python_dop_operator_3.py
[2022-08-17 05:50:09,299] {logging_mixin.py:115} INFO - [2022-08-17 05:50:09,298] {dag.py:2371} INFO - Sync 1 DAGs
[2022-08-17 05:50:09,364] {logging_mixin.py:115} INFO - [2022-08-17 05:50:09,364] {dag.py:2919} INFO - Setting next_dagrun for example_branch_dop_operator_v3 to 2022-08-17T05:49:00+00:00, run_after=2022-08-17T05:50:00+00:00
[2022-08-17 05:50:09,396] {processor.py:161} INFO - Processing /home/airflow/.local/lib/python3.7/site-packages/airflow/example_dags/example_branch_python_dop_operator_3.py took 0.212 seconds
[2022-08-17 06:05:50,129] {processor.py:153} INFO - Started process (PID=16909) to work on /home/airflow/.local/lib/python3.7/site-packages/airflow/example_dags/example_branch_python_dop_operator_3.py
[2022-08-17 06:05:50,130] {processor.py:641} INFO - Processing file /home/airflow/.local/lib/python3.7/site-packages/airflow/example_dags/example_branch_python_dop_operator_3.py for tasks to queue
[2022-08-17 06:05:50,132] {logging_mixin.py:115} INFO - [2022-08-17 06:05:50,132] {dagbag.py:507} INFO - Filling up the DagBag from /home/airflow/.local/lib/python3.7/site-packages/airflow/example_dags/example_branch_python_dop_operator_3.py
[2022-08-17 06:05:50,155] {processor.py:651} INFO - DAG(s) dict_keys(['example_branch_dop_operator_v3']) retrieved from /home/airflow/.local/lib/python3.7/site-packages/airflow/example_dags/example_branch_python_dop_operator_3.py
[2022-08-17 06:05:50,195] {logging_mixin.py:115} INFO - [2022-08-17 06:05:50,195] {dag.py:2371} INFO - Sync 1 DAGs
[2022-08-17 06:05:50,242] {logging_mixin.py:115} INFO - [2022-08-17 06:05:50,242] {dag.py:2919} INFO - Setting next_dagrun for example_branch_dop_operator_v3 to 2022-08-17T06:04:00+00:00, run_after=2022-08-17T06:05:00+00:00
[2022-08-17 06:05:50,260] {processor.py:161} INFO - Processing /home/airflow/.local/lib/python3.7/site-packages/airflow/example_dags/example_branch_python_dop_operator_3.py took 0.136 seconds
[2022-08-17 06:06:22,120] {processor.py:153} INFO - Started process (PID=16961) to work on /home/airflow/.local/lib/python3.7/site-packages/airflow/example_dags/example_branch_python_dop_operator_3.py
[2022-08-17 06:06:22,123] {processor.py:641} INFO - Processing file /home/airflow/.local/lib/python3.7/site-packages/airflow/example_dags/example_branch_python_dop_operator_3.py for tasks to queue
[2022-08-17 06:06:22,126] {logging_mixin.py:115} INFO - [2022-08-17 06:06:22,126] {dagbag.py:507} INFO - Filling up the DagBag from /home/airflow/.local/lib/python3.7/site-packages/airflow/example_dags/example_branch_python_dop_operator_3.py
[2022-08-17 06:06:22,169] {processor.py:651} INFO - DAG(s) dict_keys(['example_branch_dop_operator_v3']) retrieved from /home/airflow/.local/lib/python3.7/site-packages/airflow/example_dags/example_branch_python_dop_operator_3.py
[2022-08-17 06:06:22,258] {logging_mixin.py:115} INFO - [2022-08-17 06:06:22,258] {dag.py:2371} INFO - Sync 1 DAGs
[2022-08-17 06:06:22,330] {logging_mixin.py:115} INFO - [2022-08-17 06:06:22,330] {dag.py:2919} INFO - Setting next_dagrun for example_branch_dop_operator_v3 to 2022-08-17T06:05:00+00:00, run_after=2022-08-17T06:06:00+00:00
[2022-08-17 06:06:22,365] {processor.py:161} INFO - Processing /home/airflow/.local/lib/python3.7/site-packages/airflow/example_dags/example_branch_python_dop_operator_3.py took 0.256 seconds
[2022-08-17 06:11:24,942] {processor.py:153} INFO - Started process (PID=17013) to work on /home/airflow/.local/lib/python3.7/site-packages/airflow/example_dags/example_branch_python_dop_operator_3.py
[2022-08-17 06:11:24,944] {processor.py:641} INFO - Processing file /home/airflow/.local/lib/python3.7/site-packages/airflow/example_dags/example_branch_python_dop_operator_3.py for tasks to queue
[2022-08-17 06:11:24,945] {logging_mixin.py:115} INFO - [2022-08-17 06:11:24,945] {dagbag.py:507} INFO - Filling up the DagBag from /home/airflow/.local/lib/python3.7/site-packages/airflow/example_dags/example_branch_python_dop_operator_3.py
[2022-08-17 06:11:24,960] {processor.py:651} INFO - DAG(s) dict_keys(['example_branch_dop_operator_v3']) retrieved from /home/airflow/.local/lib/python3.7/site-packages/airflow/example_dags/example_branch_python_dop_operator_3.py
[2022-08-17 06:11:25,002] {logging_mixin.py:115} INFO - [2022-08-17 06:11:25,002] {dag.py:2371} INFO - Sync 1 DAGs
[2022-08-17 06:11:25,031] {logging_mixin.py:115} INFO - [2022-08-17 06:11:25,031] {dag.py:2919} INFO - Setting next_dagrun for example_branch_dop_operator_v3 to 2022-08-17T06:10:00+00:00, run_after=2022-08-17T06:11:00+00:00
[2022-08-17 06:11:25,044] {processor.py:161} INFO - Processing /home/airflow/.local/lib/python3.7/site-packages/airflow/example_dags/example_branch_python_dop_operator_3.py took 0.106 seconds
[2022-08-17 06:11:56,388] {processor.py:153} INFO - Started process (PID=17066) to work on /home/airflow/.local/lib/python3.7/site-packages/airflow/example_dags/example_branch_python_dop_operator_3.py
[2022-08-17 06:11:56,390] {processor.py:641} INFO - Processing file /home/airflow/.local/lib/python3.7/site-packages/airflow/example_dags/example_branch_python_dop_operator_3.py for tasks to queue
[2022-08-17 06:11:56,394] {logging_mixin.py:115} INFO - [2022-08-17 06:11:56,393] {dagbag.py:507} INFO - Filling up the DagBag from /home/airflow/.local/lib/python3.7/site-packages/airflow/example_dags/example_branch_python_dop_operator_3.py
[2022-08-17 06:11:56,462] {processor.py:651} INFO - DAG(s) dict_keys(['example_branch_dop_operator_v3']) retrieved from /home/airflow/.local/lib/python3.7/site-packages/airflow/example_dags/example_branch_python_dop_operator_3.py
[2022-08-17 06:11:56,544] {logging_mixin.py:115} INFO - [2022-08-17 06:11:56,544] {dag.py:2371} INFO - Sync 1 DAGs
[2022-08-17 06:11:56,635] {logging_mixin.py:115} INFO - [2022-08-17 06:11:56,635] {dag.py:2919} INFO - Setting next_dagrun for example_branch_dop_operator_v3 to 2022-08-17T06:10:00+00:00, run_after=2022-08-17T06:11:00+00:00
[2022-08-17 06:11:56,667] {processor.py:161} INFO - Processing /home/airflow/.local/lib/python3.7/site-packages/airflow/example_dags/example_branch_python_dop_operator_3.py took 0.289 seconds
[2022-08-17 06:13:01,435] {processor.py:153} INFO - Started process (PID=17118) to work on /home/airflow/.local/lib/python3.7/site-packages/airflow/example_dags/example_branch_python_dop_operator_3.py
[2022-08-17 06:13:01,436] {processor.py:641} INFO - Processing file /home/airflow/.local/lib/python3.7/site-packages/airflow/example_dags/example_branch_python_dop_operator_3.py for tasks to queue
[2022-08-17 06:13:01,438] {logging_mixin.py:115} INFO - [2022-08-17 06:13:01,438] {dagbag.py:507} INFO - Filling up the DagBag from /home/airflow/.local/lib/python3.7/site-packages/airflow/example_dags/example_branch_python_dop_operator_3.py
[2022-08-17 06:13:01,453] {processor.py:651} INFO - DAG(s) dict_keys(['example_branch_dop_operator_v3']) retrieved from /home/airflow/.local/lib/python3.7/site-packages/airflow/example_dags/example_branch_python_dop_operator_3.py
[2022-08-17 06:13:01,485] {logging_mixin.py:115} INFO - [2022-08-17 06:13:01,485] {dag.py:2371} INFO - Sync 1 DAGs
[2022-08-17 06:13:01,512] {logging_mixin.py:115} INFO - [2022-08-17 06:13:01,512] {dag.py:2919} INFO - Setting next_dagrun for example_branch_dop_operator_v3 to 2022-08-17T06:12:00+00:00, run_after=2022-08-17T06:13:00+00:00
[2022-08-17 06:13:01,524] {processor.py:161} INFO - Processing /home/airflow/.local/lib/python3.7/site-packages/airflow/example_dags/example_branch_python_dop_operator_3.py took 0.094 seconds
[2022-08-17 06:18:17,146] {processor.py:153} INFO - Started process (PID=17161) to work on /home/airflow/.local/lib/python3.7/site-packages/airflow/example_dags/example_branch_python_dop_operator_3.py
[2022-08-17 06:18:17,148] {processor.py:641} INFO - Processing file /home/airflow/.local/lib/python3.7/site-packages/airflow/example_dags/example_branch_python_dop_operator_3.py for tasks to queue
[2022-08-17 06:18:17,149] {logging_mixin.py:115} INFO - [2022-08-17 06:18:17,149] {dagbag.py:507} INFO - Filling up the DagBag from /home/airflow/.local/lib/python3.7/site-packages/airflow/example_dags/example_branch_python_dop_operator_3.py
[2022-08-17 06:18:17,165] {processor.py:651} INFO - DAG(s) dict_keys(['example_branch_dop_operator_v3']) retrieved from /home/airflow/.local/lib/python3.7/site-packages/airflow/example_dags/example_branch_python_dop_operator_3.py
[2022-08-17 06:18:17,205] {logging_mixin.py:115} INFO - [2022-08-17 06:18:17,205] {dag.py:2371} INFO - Sync 1 DAGs
[2022-08-17 06:18:17,241] {logging_mixin.py:115} INFO - [2022-08-17 06:18:17,241] {dag.py:2919} INFO - Setting next_dagrun for example_branch_dop_operator_v3 to 2022-08-17T06:17:00+00:00, run_after=2022-08-17T06:18:00+00:00
[2022-08-17 06:18:17,261] {processor.py:161} INFO - Processing /home/airflow/.local/lib/python3.7/site-packages/airflow/example_dags/example_branch_python_dop_operator_3.py took 0.119 seconds
[2022-08-17 07:18:07,865] {processor.py:153} INFO - Started process (PID=17214) to work on /home/airflow/.local/lib/python3.7/site-packages/airflow/example_dags/example_branch_python_dop_operator_3.py
[2022-08-17 07:18:07,866] {processor.py:641} INFO - Processing file /home/airflow/.local/lib/python3.7/site-packages/airflow/example_dags/example_branch_python_dop_operator_3.py for tasks to queue
[2022-08-17 07:18:07,867] {logging_mixin.py:115} INFO - [2022-08-17 07:18:07,867] {dagbag.py:507} INFO - Filling up the DagBag from /home/airflow/.local/lib/python3.7/site-packages/airflow/example_dags/example_branch_python_dop_operator_3.py
[2022-08-17 07:18:13,307] {processor.py:651} INFO - DAG(s) dict_keys(['example_branch_dop_operator_v3']) retrieved from /home/airflow/.local/lib/python3.7/site-packages/airflow/example_dags/example_branch_python_dop_operator_3.py
[2022-08-17 07:18:14,012] {logging_mixin.py:115} INFO - [2022-08-17 07:18:14,011] {dag.py:2371} INFO - Sync 1 DAGs
[2022-08-17 07:18:14,416] {logging_mixin.py:115} INFO - [2022-08-17 07:18:14,416] {dag.py:2919} INFO - Setting next_dagrun for example_branch_dop_operator_v3 to 2022-08-17T07:17:00+00:00, run_after=2022-08-17T07:18:00+00:00
[2022-08-17 07:18:14,525] {processor.py:161} INFO - Processing /home/airflow/.local/lib/python3.7/site-packages/airflow/example_dags/example_branch_python_dop_operator_3.py took 6.668 seconds
[2022-08-17 10:54:16,901] {processor.py:153} INFO - Started process (PID=17267) to work on /home/airflow/.local/lib/python3.7/site-packages/airflow/example_dags/example_branch_python_dop_operator_3.py
[2022-08-17 10:54:16,907] {processor.py:641} INFO - Processing file /home/airflow/.local/lib/python3.7/site-packages/airflow/example_dags/example_branch_python_dop_operator_3.py for tasks to queue
[2022-08-17 10:54:16,909] {logging_mixin.py:115} INFO - [2022-08-17 10:54:16,908] {dagbag.py:507} INFO - Filling up the DagBag from /home/airflow/.local/lib/python3.7/site-packages/airflow/example_dags/example_branch_python_dop_operator_3.py
[2022-08-17 10:54:16,955] {processor.py:651} INFO - DAG(s) dict_keys(['example_branch_dop_operator_v3']) retrieved from /home/airflow/.local/lib/python3.7/site-packages/airflow/example_dags/example_branch_python_dop_operator_3.py
[2022-08-17 10:54:17,014] {logging_mixin.py:115} INFO - [2022-08-17 10:54:17,014] {dag.py:2371} INFO - Sync 1 DAGs
[2022-08-17 10:54:17,045] {logging_mixin.py:115} INFO - [2022-08-17 10:54:17,044] {dag.py:2919} INFO - Setting next_dagrun for example_branch_dop_operator_v3 to 2022-08-17T10:53:00+00:00, run_after=2022-08-17T10:54:00+00:00
[2022-08-17 10:54:17,062] {processor.py:161} INFO - Processing /home/airflow/.local/lib/python3.7/site-packages/airflow/example_dags/example_branch_python_dop_operator_3.py took 0.165 seconds
[2022-08-17 12:42:32,648] {processor.py:153} INFO - Started process (PID=17319) to work on /home/airflow/.local/lib/python3.7/site-packages/airflow/example_dags/example_branch_python_dop_operator_3.py
[2022-08-17 12:42:32,650] {processor.py:641} INFO - Processing file /home/airflow/.local/lib/python3.7/site-packages/airflow/example_dags/example_branch_python_dop_operator_3.py for tasks to queue
[2022-08-17 12:42:32,651] {logging_mixin.py:115} INFO - [2022-08-17 12:42:32,651] {dagbag.py:507} INFO - Filling up the DagBag from /home/airflow/.local/lib/python3.7/site-packages/airflow/example_dags/example_branch_python_dop_operator_3.py
[2022-08-17 12:42:32,671] {processor.py:651} INFO - DAG(s) dict_keys(['example_branch_dop_operator_v3']) retrieved from /home/airflow/.local/lib/python3.7/site-packages/airflow/example_dags/example_branch_python_dop_operator_3.py
[2022-08-17 12:42:32,703] {logging_mixin.py:115} INFO - [2022-08-17 12:42:32,703] {dag.py:2371} INFO - Sync 1 DAGs
[2022-08-17 12:42:32,728] {logging_mixin.py:115} INFO - [2022-08-17 12:42:32,728] {dag.py:2919} INFO - Setting next_dagrun for example_branch_dop_operator_v3 to 2022-08-17T12:41:00+00:00, run_after=2022-08-17T12:42:00+00:00
[2022-08-17 12:42:32,740] {processor.py:161} INFO - Processing /home/airflow/.local/lib/python3.7/site-packages/airflow/example_dags/example_branch_python_dop_operator_3.py took 0.097 seconds
[2022-08-17 16:18:41,249] {processor.py:153} INFO - Started process (PID=17370) to work on /home/airflow/.local/lib/python3.7/site-packages/airflow/example_dags/example_branch_python_dop_operator_3.py
[2022-08-17 16:18:41,251] {processor.py:641} INFO - Processing file /home/airflow/.local/lib/python3.7/site-packages/airflow/example_dags/example_branch_python_dop_operator_3.py for tasks to queue
[2022-08-17 16:18:41,252] {logging_mixin.py:115} INFO - [2022-08-17 16:18:41,252] {dagbag.py:507} INFO - Filling up the DagBag from /home/airflow/.local/lib/python3.7/site-packages/airflow/example_dags/example_branch_python_dop_operator_3.py
[2022-08-17 16:18:41,265] {processor.py:651} INFO - DAG(s) dict_keys(['example_branch_dop_operator_v3']) retrieved from /home/airflow/.local/lib/python3.7/site-packages/airflow/example_dags/example_branch_python_dop_operator_3.py
[2022-08-17 16:18:41,308] {logging_mixin.py:115} INFO - [2022-08-17 16:18:41,308] {dag.py:2371} INFO - Sync 1 DAGs
[2022-08-17 16:18:41,354] {logging_mixin.py:115} INFO - [2022-08-17 16:18:41,353] {dag.py:2919} INFO - Setting next_dagrun for example_branch_dop_operator_v3 to 2022-08-17T16:17:00+00:00, run_after=2022-08-17T16:18:00+00:00
[2022-08-17 16:18:41,385] {processor.py:161} INFO - Processing /home/airflow/.local/lib/python3.7/site-packages/airflow/example_dags/example_branch_python_dop_operator_3.py took 0.144 seconds
[2022-08-17 18:06:42,045] {processor.py:153} INFO - Started process (PID=17429) to work on /home/airflow/.local/lib/python3.7/site-packages/airflow/example_dags/example_branch_python_dop_operator_3.py
[2022-08-17 18:06:42,051] {processor.py:641} INFO - Processing file /home/airflow/.local/lib/python3.7/site-packages/airflow/example_dags/example_branch_python_dop_operator_3.py for tasks to queue
[2022-08-17 18:06:42,053] {logging_mixin.py:115} INFO - [2022-08-17 18:06:42,053] {dagbag.py:507} INFO - Filling up the DagBag from /home/airflow/.local/lib/python3.7/site-packages/airflow/example_dags/example_branch_python_dop_operator_3.py
[2022-08-17 18:06:42,121] {processor.py:651} INFO - DAG(s) dict_keys(['example_branch_dop_operator_v3']) retrieved from /home/airflow/.local/lib/python3.7/site-packages/airflow/example_dags/example_branch_python_dop_operator_3.py
[2022-08-17 18:06:42,311] {logging_mixin.py:115} INFO - [2022-08-17 18:06:42,299] {dag.py:2371} INFO - Sync 1 DAGs
[2022-08-17 18:06:42,439] {logging_mixin.py:115} INFO - [2022-08-17 18:06:42,439] {dag.py:2919} INFO - Setting next_dagrun for example_branch_dop_operator_v3 to 2022-08-17T18:05:00+00:00, run_after=2022-08-17T18:06:00+00:00
[2022-08-17 18:06:42,469] {processor.py:161} INFO - Processing /home/airflow/.local/lib/python3.7/site-packages/airflow/example_dags/example_branch_python_dop_operator_3.py took 0.439 seconds
[2022-08-17 18:07:13,166] {processor.py:153} INFO - Started process (PID=17483) to work on /home/airflow/.local/lib/python3.7/site-packages/airflow/example_dags/example_branch_python_dop_operator_3.py
[2022-08-17 18:07:13,168] {processor.py:641} INFO - Processing file /home/airflow/.local/lib/python3.7/site-packages/airflow/example_dags/example_branch_python_dop_operator_3.py for tasks to queue
[2022-08-17 18:07:13,170] {logging_mixin.py:115} INFO - [2022-08-17 18:07:13,169] {dagbag.py:507} INFO - Filling up the DagBag from /home/airflow/.local/lib/python3.7/site-packages/airflow/example_dags/example_branch_python_dop_operator_3.py
[2022-08-17 18:07:13,187] {processor.py:651} INFO - DAG(s) dict_keys(['example_branch_dop_operator_v3']) retrieved from /home/airflow/.local/lib/python3.7/site-packages/airflow/example_dags/example_branch_python_dop_operator_3.py
[2022-08-17 18:07:13,225] {logging_mixin.py:115} INFO - [2022-08-17 18:07:13,224] {dag.py:2371} INFO - Sync 1 DAGs
[2022-08-17 18:07:13,259] {logging_mixin.py:115} INFO - [2022-08-17 18:07:13,259] {dag.py:2919} INFO - Setting next_dagrun for example_branch_dop_operator_v3 to 2022-08-17T18:06:00+00:00, run_after=2022-08-17T18:07:00+00:00
[2022-08-17 18:07:13,273] {processor.py:161} INFO - Processing /home/airflow/.local/lib/python3.7/site-packages/airflow/example_dags/example_branch_python_dop_operator_3.py took 0.114 seconds
[2022-08-17 18:08:07,082] {processor.py:153} INFO - Started process (PID=17526) to work on /home/airflow/.local/lib/python3.7/site-packages/airflow/example_dags/example_branch_python_dop_operator_3.py
[2022-08-17 18:08:07,084] {processor.py:641} INFO - Processing file /home/airflow/.local/lib/python3.7/site-packages/airflow/example_dags/example_branch_python_dop_operator_3.py for tasks to queue
[2022-08-17 18:08:07,085] {logging_mixin.py:115} INFO - [2022-08-17 18:08:07,085] {dagbag.py:507} INFO - Filling up the DagBag from /home/airflow/.local/lib/python3.7/site-packages/airflow/example_dags/example_branch_python_dop_operator_3.py
[2022-08-17 18:08:07,099] {processor.py:651} INFO - DAG(s) dict_keys(['example_branch_dop_operator_v3']) retrieved from /home/airflow/.local/lib/python3.7/site-packages/airflow/example_dags/example_branch_python_dop_operator_3.py
[2022-08-17 18:08:07,141] {logging_mixin.py:115} INFO - [2022-08-17 18:08:07,141] {dag.py:2371} INFO - Sync 1 DAGs
[2022-08-17 18:08:07,183] {logging_mixin.py:115} INFO - [2022-08-17 18:08:07,183] {dag.py:2919} INFO - Setting next_dagrun for example_branch_dop_operator_v3 to 2022-08-17T18:07:00+00:00, run_after=2022-08-17T18:08:00+00:00
[2022-08-17 18:08:07,201] {processor.py:161} INFO - Processing /home/airflow/.local/lib/python3.7/site-packages/airflow/example_dags/example_branch_python_dop_operator_3.py took 0.124 seconds
[2022-08-17 18:08:41,486] {processor.py:153} INFO - Started process (PID=17578) to work on /home/airflow/.local/lib/python3.7/site-packages/airflow/example_dags/example_branch_python_dop_operator_3.py
[2022-08-17 18:08:41,490] {processor.py:641} INFO - Processing file /home/airflow/.local/lib/python3.7/site-packages/airflow/example_dags/example_branch_python_dop_operator_3.py for tasks to queue
[2022-08-17 18:08:41,494] {logging_mixin.py:115} INFO - [2022-08-17 18:08:41,494] {dagbag.py:507} INFO - Filling up the DagBag from /home/airflow/.local/lib/python3.7/site-packages/airflow/example_dags/example_branch_python_dop_operator_3.py
[2022-08-17 18:08:41,553] {processor.py:651} INFO - DAG(s) dict_keys(['example_branch_dop_operator_v3']) retrieved from /home/airflow/.local/lib/python3.7/site-packages/airflow/example_dags/example_branch_python_dop_operator_3.py
[2022-08-17 18:08:41,684] {logging_mixin.py:115} INFO - [2022-08-17 18:08:41,684] {dag.py:2371} INFO - Sync 1 DAGs
[2022-08-17 18:08:41,785] {logging_mixin.py:115} INFO - [2022-08-17 18:08:41,784] {dag.py:2919} INFO - Setting next_dagrun for example_branch_dop_operator_v3 to 2022-08-17T18:07:00+00:00, run_after=2022-08-17T18:08:00+00:00
[2022-08-17 18:08:41,828] {processor.py:161} INFO - Processing /home/airflow/.local/lib/python3.7/site-packages/airflow/example_dags/example_branch_python_dop_operator_3.py took 0.365 seconds
[2022-08-17 18:13:40,489] {processor.py:153} INFO - Started process (PID=17621) to work on /home/airflow/.local/lib/python3.7/site-packages/airflow/example_dags/example_branch_python_dop_operator_3.py
[2022-08-17 18:13:40,491] {processor.py:641} INFO - Processing file /home/airflow/.local/lib/python3.7/site-packages/airflow/example_dags/example_branch_python_dop_operator_3.py for tasks to queue
[2022-08-17 18:13:40,493] {logging_mixin.py:115} INFO - [2022-08-17 18:13:40,493] {dagbag.py:507} INFO - Filling up the DagBag from /home/airflow/.local/lib/python3.7/site-packages/airflow/example_dags/example_branch_python_dop_operator_3.py
[2022-08-17 18:13:40,510] {processor.py:651} INFO - DAG(s) dict_keys(['example_branch_dop_operator_v3']) retrieved from /home/airflow/.local/lib/python3.7/site-packages/airflow/example_dags/example_branch_python_dop_operator_3.py
[2022-08-17 18:13:40,592] {logging_mixin.py:115} INFO - [2022-08-17 18:13:40,591] {dag.py:2371} INFO - Sync 1 DAGs
[2022-08-17 18:13:40,667] {logging_mixin.py:115} INFO - [2022-08-17 18:13:40,666] {dag.py:2919} INFO - Setting next_dagrun for example_branch_dop_operator_v3 to 2022-08-17T18:12:00+00:00, run_after=2022-08-17T18:13:00+00:00
[2022-08-17 18:13:40,698] {processor.py:161} INFO - Processing /home/airflow/.local/lib/python3.7/site-packages/airflow/example_dags/example_branch_python_dop_operator_3.py took 0.213 seconds
[2022-08-17 18:14:13,102] {processor.py:153} INFO - Started process (PID=17672) to work on /home/airflow/.local/lib/python3.7/site-packages/airflow/example_dags/example_branch_python_dop_operator_3.py
[2022-08-17 18:14:13,106] {processor.py:641} INFO - Processing file /home/airflow/.local/lib/python3.7/site-packages/airflow/example_dags/example_branch_python_dop_operator_3.py for tasks to queue
[2022-08-17 18:14:13,111] {logging_mixin.py:115} INFO - [2022-08-17 18:14:13,110] {dagbag.py:507} INFO - Filling up the DagBag from /home/airflow/.local/lib/python3.7/site-packages/airflow/example_dags/example_branch_python_dop_operator_3.py
[2022-08-17 18:14:13,149] {processor.py:651} INFO - DAG(s) dict_keys(['example_branch_dop_operator_v3']) retrieved from /home/airflow/.local/lib/python3.7/site-packages/airflow/example_dags/example_branch_python_dop_operator_3.py
[2022-08-17 18:14:13,236] {logging_mixin.py:115} INFO - [2022-08-17 18:14:13,236] {dag.py:2371} INFO - Sync 1 DAGs
[2022-08-17 18:14:13,316] {logging_mixin.py:115} INFO - [2022-08-17 18:14:13,316] {dag.py:2919} INFO - Setting next_dagrun for example_branch_dop_operator_v3 to 2022-08-17T18:13:00+00:00, run_after=2022-08-17T18:14:00+00:00
[2022-08-17 18:14:13,356] {processor.py:161} INFO - Processing /home/airflow/.local/lib/python3.7/site-packages/airflow/example_dags/example_branch_python_dop_operator_3.py took 0.266 seconds
[2022-08-17 18:19:11,329] {processor.py:153} INFO - Started process (PID=17724) to work on /home/airflow/.local/lib/python3.7/site-packages/airflow/example_dags/example_branch_python_dop_operator_3.py
[2022-08-17 18:19:11,331] {processor.py:641} INFO - Processing file /home/airflow/.local/lib/python3.7/site-packages/airflow/example_dags/example_branch_python_dop_operator_3.py for tasks to queue
[2022-08-17 18:19:11,332] {logging_mixin.py:115} INFO - [2022-08-17 18:19:11,332] {dagbag.py:507} INFO - Filling up the DagBag from /home/airflow/.local/lib/python3.7/site-packages/airflow/example_dags/example_branch_python_dop_operator_3.py
[2022-08-17 18:19:11,344] {processor.py:651} INFO - DAG(s) dict_keys(['example_branch_dop_operator_v3']) retrieved from /home/airflow/.local/lib/python3.7/site-packages/airflow/example_dags/example_branch_python_dop_operator_3.py
[2022-08-17 18:19:11,377] {logging_mixin.py:115} INFO - [2022-08-17 18:19:11,377] {dag.py:2371} INFO - Sync 1 DAGs
[2022-08-17 18:19:11,405] {logging_mixin.py:115} INFO - [2022-08-17 18:19:11,405] {dag.py:2919} INFO - Setting next_dagrun for example_branch_dop_operator_v3 to 2022-08-17T18:18:00+00:00, run_after=2022-08-17T18:19:00+00:00
[2022-08-17 18:19:11,420] {processor.py:161} INFO - Processing /home/airflow/.local/lib/python3.7/site-packages/airflow/example_dags/example_branch_python_dop_operator_3.py took 0.094 seconds
[2022-08-17 18:19:43,982] {processor.py:153} INFO - Started process (PID=17776) to work on /home/airflow/.local/lib/python3.7/site-packages/airflow/example_dags/example_branch_python_dop_operator_3.py
[2022-08-17 18:19:43,986] {processor.py:641} INFO - Processing file /home/airflow/.local/lib/python3.7/site-packages/airflow/example_dags/example_branch_python_dop_operator_3.py for tasks to queue
[2022-08-17 18:19:43,991] {logging_mixin.py:115} INFO - [2022-08-17 18:19:43,990] {dagbag.py:507} INFO - Filling up the DagBag from /home/airflow/.local/lib/python3.7/site-packages/airflow/example_dags/example_branch_python_dop_operator_3.py
[2022-08-17 18:19:44,025] {processor.py:651} INFO - DAG(s) dict_keys(['example_branch_dop_operator_v3']) retrieved from /home/airflow/.local/lib/python3.7/site-packages/airflow/example_dags/example_branch_python_dop_operator_3.py
[2022-08-17 18:19:44,112] {logging_mixin.py:115} INFO - [2022-08-17 18:19:44,112] {dag.py:2371} INFO - Sync 1 DAGs
[2022-08-17 18:19:44,185] {logging_mixin.py:115} INFO - [2022-08-17 18:19:44,185] {dag.py:2919} INFO - Setting next_dagrun for example_branch_dop_operator_v3 to 2022-08-17T18:18:00+00:00, run_after=2022-08-17T18:19:00+00:00
[2022-08-17 18:19:44,229] {processor.py:161} INFO - Processing /home/airflow/.local/lib/python3.7/site-packages/airflow/example_dags/example_branch_python_dop_operator_3.py took 0.263 seconds
[2022-08-17 18:24:46,257] {processor.py:153} INFO - Started process (PID=17828) to work on /home/airflow/.local/lib/python3.7/site-packages/airflow/example_dags/example_branch_python_dop_operator_3.py
[2022-08-17 18:24:46,259] {processor.py:641} INFO - Processing file /home/airflow/.local/lib/python3.7/site-packages/airflow/example_dags/example_branch_python_dop_operator_3.py for tasks to queue
[2022-08-17 18:24:46,260] {logging_mixin.py:115} INFO - [2022-08-17 18:24:46,260] {dagbag.py:507} INFO - Filling up the DagBag from /home/airflow/.local/lib/python3.7/site-packages/airflow/example_dags/example_branch_python_dop_operator_3.py
[2022-08-17 18:24:46,289] {processor.py:651} INFO - DAG(s) dict_keys(['example_branch_dop_operator_v3']) retrieved from /home/airflow/.local/lib/python3.7/site-packages/airflow/example_dags/example_branch_python_dop_operator_3.py
[2022-08-17 18:24:46,323] {logging_mixin.py:115} INFO - [2022-08-17 18:24:46,323] {dag.py:2371} INFO - Sync 1 DAGs
[2022-08-17 18:24:46,353] {logging_mixin.py:115} INFO - [2022-08-17 18:24:46,353] {dag.py:2919} INFO - Setting next_dagrun for example_branch_dop_operator_v3 to 2022-08-17T18:23:00+00:00, run_after=2022-08-17T18:24:00+00:00
[2022-08-17 18:24:46,367] {processor.py:161} INFO - Processing /home/airflow/.local/lib/python3.7/site-packages/airflow/example_dags/example_branch_python_dop_operator_3.py took 0.115 seconds
[2022-08-17 18:25:17,917] {processor.py:153} INFO - Started process (PID=17880) to work on /home/airflow/.local/lib/python3.7/site-packages/airflow/example_dags/example_branch_python_dop_operator_3.py
[2022-08-17 18:25:17,920] {processor.py:641} INFO - Processing file /home/airflow/.local/lib/python3.7/site-packages/airflow/example_dags/example_branch_python_dop_operator_3.py for tasks to queue
[2022-08-17 18:25:17,928] {logging_mixin.py:115} INFO - [2022-08-17 18:25:17,927] {dagbag.py:507} INFO - Filling up the DagBag from /home/airflow/.local/lib/python3.7/site-packages/airflow/example_dags/example_branch_python_dop_operator_3.py
[2022-08-17 18:25:17,970] {processor.py:651} INFO - DAG(s) dict_keys(['example_branch_dop_operator_v3']) retrieved from /home/airflow/.local/lib/python3.7/site-packages/airflow/example_dags/example_branch_python_dop_operator_3.py
[2022-08-17 18:25:18,070] {logging_mixin.py:115} INFO - [2022-08-17 18:25:18,070] {dag.py:2371} INFO - Sync 1 DAGs
[2022-08-17 18:25:18,180] {logging_mixin.py:115} INFO - [2022-08-17 18:25:18,180] {dag.py:2919} INFO - Setting next_dagrun for example_branch_dop_operator_v3 to 2022-08-17T18:24:00+00:00, run_after=2022-08-17T18:25:00+00:00
[2022-08-17 18:25:18,222] {processor.py:161} INFO - Processing /home/airflow/.local/lib/python3.7/site-packages/airflow/example_dags/example_branch_python_dop_operator_3.py took 0.321 seconds
[2022-08-17 18:30:22,165] {processor.py:153} INFO - Started process (PID=17931) to work on /home/airflow/.local/lib/python3.7/site-packages/airflow/example_dags/example_branch_python_dop_operator_3.py
[2022-08-17 18:30:22,175] {processor.py:641} INFO - Processing file /home/airflow/.local/lib/python3.7/site-packages/airflow/example_dags/example_branch_python_dop_operator_3.py for tasks to queue
[2022-08-17 18:30:22,176] {logging_mixin.py:115} INFO - [2022-08-17 18:30:22,176] {dagbag.py:507} INFO - Filling up the DagBag from /home/airflow/.local/lib/python3.7/site-packages/airflow/example_dags/example_branch_python_dop_operator_3.py
[2022-08-17 18:30:22,197] {processor.py:651} INFO - DAG(s) dict_keys(['example_branch_dop_operator_v3']) retrieved from /home/airflow/.local/lib/python3.7/site-packages/airflow/example_dags/example_branch_python_dop_operator_3.py
[2022-08-17 18:30:22,229] {logging_mixin.py:115} INFO - [2022-08-17 18:30:22,229] {dag.py:2371} INFO - Sync 1 DAGs
[2022-08-17 18:30:22,279] {logging_mixin.py:115} INFO - [2022-08-17 18:30:22,279] {dag.py:2919} INFO - Setting next_dagrun for example_branch_dop_operator_v3 to 2022-08-17T18:29:00+00:00, run_after=2022-08-17T18:30:00+00:00
[2022-08-17 18:30:22,308] {processor.py:161} INFO - Processing /home/airflow/.local/lib/python3.7/site-packages/airflow/example_dags/example_branch_python_dop_operator_3.py took 0.147 seconds
[2022-08-17 18:30:53,786] {processor.py:153} INFO - Started process (PID=17984) to work on /home/airflow/.local/lib/python3.7/site-packages/airflow/example_dags/example_branch_python_dop_operator_3.py
[2022-08-17 18:30:53,790] {processor.py:641} INFO - Processing file /home/airflow/.local/lib/python3.7/site-packages/airflow/example_dags/example_branch_python_dop_operator_3.py for tasks to queue
[2022-08-17 18:30:53,794] {logging_mixin.py:115} INFO - [2022-08-17 18:30:53,793] {dagbag.py:507} INFO - Filling up the DagBag from /home/airflow/.local/lib/python3.7/site-packages/airflow/example_dags/example_branch_python_dop_operator_3.py
[2022-08-17 18:30:53,825] {processor.py:651} INFO - DAG(s) dict_keys(['example_branch_dop_operator_v3']) retrieved from /home/airflow/.local/lib/python3.7/site-packages/airflow/example_dags/example_branch_python_dop_operator_3.py
[2022-08-17 18:30:53,905] {logging_mixin.py:115} INFO - [2022-08-17 18:30:53,905] {dag.py:2371} INFO - Sync 1 DAGs
[2022-08-17 18:30:53,977] {logging_mixin.py:115} INFO - [2022-08-17 18:30:53,976] {dag.py:2919} INFO - Setting next_dagrun for example_branch_dop_operator_v3 to 2022-08-17T18:29:00+00:00, run_after=2022-08-17T18:30:00+00:00
[2022-08-17 18:30:54,010] {processor.py:161} INFO - Processing /home/airflow/.local/lib/python3.7/site-packages/airflow/example_dags/example_branch_python_dop_operator_3.py took 0.234 seconds
[2022-08-17 18:35:55,305] {processor.py:153} INFO - Started process (PID=18037) to work on /home/airflow/.local/lib/python3.7/site-packages/airflow/example_dags/example_branch_python_dop_operator_3.py
[2022-08-17 18:35:55,307] {processor.py:641} INFO - Processing file /home/airflow/.local/lib/python3.7/site-packages/airflow/example_dags/example_branch_python_dop_operator_3.py for tasks to queue
[2022-08-17 18:35:55,308] {logging_mixin.py:115} INFO - [2022-08-17 18:35:55,308] {dagbag.py:507} INFO - Filling up the DagBag from /home/airflow/.local/lib/python3.7/site-packages/airflow/example_dags/example_branch_python_dop_operator_3.py
[2022-08-17 18:35:55,327] {processor.py:651} INFO - DAG(s) dict_keys(['example_branch_dop_operator_v3']) retrieved from /home/airflow/.local/lib/python3.7/site-packages/airflow/example_dags/example_branch_python_dop_operator_3.py
[2022-08-17 18:35:55,367] {logging_mixin.py:115} INFO - [2022-08-17 18:35:55,367] {dag.py:2371} INFO - Sync 1 DAGs
[2022-08-17 18:35:55,402] {logging_mixin.py:115} INFO - [2022-08-17 18:35:55,402] {dag.py:2919} INFO - Setting next_dagrun for example_branch_dop_operator_v3 to 2022-08-17T18:34:00+00:00, run_after=2022-08-17T18:35:00+00:00
[2022-08-17 18:35:55,417] {processor.py:161} INFO - Processing /home/airflow/.local/lib/python3.7/site-packages/airflow/example_dags/example_branch_python_dop_operator_3.py took 0.119 seconds
[2022-08-17 18:36:27,338] {processor.py:153} INFO - Started process (PID=18089) to work on /home/airflow/.local/lib/python3.7/site-packages/airflow/example_dags/example_branch_python_dop_operator_3.py
[2022-08-17 18:36:27,373] {processor.py:641} INFO - Processing file /home/airflow/.local/lib/python3.7/site-packages/airflow/example_dags/example_branch_python_dop_operator_3.py for tasks to queue
[2022-08-17 18:36:27,377] {logging_mixin.py:115} INFO - [2022-08-17 18:36:27,377] {dagbag.py:507} INFO - Filling up the DagBag from /home/airflow/.local/lib/python3.7/site-packages/airflow/example_dags/example_branch_python_dop_operator_3.py
[2022-08-17 18:36:27,420] {processor.py:651} INFO - DAG(s) dict_keys(['example_branch_dop_operator_v3']) retrieved from /home/airflow/.local/lib/python3.7/site-packages/airflow/example_dags/example_branch_python_dop_operator_3.py
[2022-08-17 18:36:27,520] {logging_mixin.py:115} INFO - [2022-08-17 18:36:27,519] {dag.py:2371} INFO - Sync 1 DAGs
[2022-08-17 18:36:27,605] {logging_mixin.py:115} INFO - [2022-08-17 18:36:27,604] {dag.py:2919} INFO - Setting next_dagrun for example_branch_dop_operator_v3 to 2022-08-17T18:35:00+00:00, run_after=2022-08-17T18:36:00+00:00
[2022-08-17 18:36:27,639] {processor.py:161} INFO - Processing /home/airflow/.local/lib/python3.7/site-packages/airflow/example_dags/example_branch_python_dop_operator_3.py took 0.320 seconds
[2022-08-17 18:41:27,032] {processor.py:153} INFO - Started process (PID=18142) to work on /home/airflow/.local/lib/python3.7/site-packages/airflow/example_dags/example_branch_python_dop_operator_3.py
[2022-08-17 18:41:27,033] {processor.py:641} INFO - Processing file /home/airflow/.local/lib/python3.7/site-packages/airflow/example_dags/example_branch_python_dop_operator_3.py for tasks to queue
[2022-08-17 18:41:27,034] {logging_mixin.py:115} INFO - [2022-08-17 18:41:27,034] {dagbag.py:507} INFO - Filling up the DagBag from /home/airflow/.local/lib/python3.7/site-packages/airflow/example_dags/example_branch_python_dop_operator_3.py
[2022-08-17 18:41:27,052] {processor.py:651} INFO - DAG(s) dict_keys(['example_branch_dop_operator_v3']) retrieved from /home/airflow/.local/lib/python3.7/site-packages/airflow/example_dags/example_branch_python_dop_operator_3.py
[2022-08-17 18:41:27,083] {logging_mixin.py:115} INFO - [2022-08-17 18:41:27,083] {dag.py:2371} INFO - Sync 1 DAGs
[2022-08-17 18:41:27,113] {logging_mixin.py:115} INFO - [2022-08-17 18:41:27,113] {dag.py:2919} INFO - Setting next_dagrun for example_branch_dop_operator_v3 to 2022-08-17T18:40:00+00:00, run_after=2022-08-17T18:41:00+00:00
[2022-08-17 18:41:27,131] {processor.py:161} INFO - Processing /home/airflow/.local/lib/python3.7/site-packages/airflow/example_dags/example_branch_python_dop_operator_3.py took 0.103 seconds
[2022-08-17 18:41:59,166] {processor.py:153} INFO - Started process (PID=18194) to work on /home/airflow/.local/lib/python3.7/site-packages/airflow/example_dags/example_branch_python_dop_operator_3.py
[2022-08-17 18:41:59,177] {processor.py:641} INFO - Processing file /home/airflow/.local/lib/python3.7/site-packages/airflow/example_dags/example_branch_python_dop_operator_3.py for tasks to queue
[2022-08-17 18:41:59,183] {logging_mixin.py:115} INFO - [2022-08-17 18:41:59,182] {dagbag.py:507} INFO - Filling up the DagBag from /home/airflow/.local/lib/python3.7/site-packages/airflow/example_dags/example_branch_python_dop_operator_3.py
[2022-08-17 18:41:59,256] {processor.py:651} INFO - DAG(s) dict_keys(['example_branch_dop_operator_v3']) retrieved from /home/airflow/.local/lib/python3.7/site-packages/airflow/example_dags/example_branch_python_dop_operator_3.py
[2022-08-17 18:41:59,376] {logging_mixin.py:115} INFO - [2022-08-17 18:41:59,376] {dag.py:2371} INFO - Sync 1 DAGs
[2022-08-17 18:41:59,461] {logging_mixin.py:115} INFO - [2022-08-17 18:41:59,461] {dag.py:2919} INFO - Setting next_dagrun for example_branch_dop_operator_v3 to 2022-08-17T18:40:00+00:00, run_after=2022-08-17T18:41:00+00:00
[2022-08-17 18:41:59,490] {processor.py:161} INFO - Processing /home/airflow/.local/lib/python3.7/site-packages/airflow/example_dags/example_branch_python_dop_operator_3.py took 0.340 seconds
[2022-08-17 18:47:00,679] {processor.py:153} INFO - Started process (PID=18247) to work on /home/airflow/.local/lib/python3.7/site-packages/airflow/example_dags/example_branch_python_dop_operator_3.py
[2022-08-17 18:47:00,680] {processor.py:641} INFO - Processing file /home/airflow/.local/lib/python3.7/site-packages/airflow/example_dags/example_branch_python_dop_operator_3.py for tasks to queue
[2022-08-17 18:47:00,681] {logging_mixin.py:115} INFO - [2022-08-17 18:47:00,681] {dagbag.py:507} INFO - Filling up the DagBag from /home/airflow/.local/lib/python3.7/site-packages/airflow/example_dags/example_branch_python_dop_operator_3.py
[2022-08-17 18:47:00,698] {processor.py:651} INFO - DAG(s) dict_keys(['example_branch_dop_operator_v3']) retrieved from /home/airflow/.local/lib/python3.7/site-packages/airflow/example_dags/example_branch_python_dop_operator_3.py
[2022-08-17 18:47:00,731] {logging_mixin.py:115} INFO - [2022-08-17 18:47:00,731] {dag.py:2371} INFO - Sync 1 DAGs
[2022-08-17 18:47:00,767] {logging_mixin.py:115} INFO - [2022-08-17 18:47:00,766] {dag.py:2919} INFO - Setting next_dagrun for example_branch_dop_operator_v3 to 2022-08-17T18:46:00+00:00, run_after=2022-08-17T18:47:00+00:00
[2022-08-17 18:47:00,781] {processor.py:161} INFO - Processing /home/airflow/.local/lib/python3.7/site-packages/airflow/example_dags/example_branch_python_dop_operator_3.py took 0.106 seconds
[2022-08-17 18:47:32,446] {processor.py:153} INFO - Started process (PID=18300) to work on /home/airflow/.local/lib/python3.7/site-packages/airflow/example_dags/example_branch_python_dop_operator_3.py
[2022-08-17 18:47:32,449] {processor.py:641} INFO - Processing file /home/airflow/.local/lib/python3.7/site-packages/airflow/example_dags/example_branch_python_dop_operator_3.py for tasks to queue
[2022-08-17 18:47:32,452] {logging_mixin.py:115} INFO - [2022-08-17 18:47:32,452] {dagbag.py:507} INFO - Filling up the DagBag from /home/airflow/.local/lib/python3.7/site-packages/airflow/example_dags/example_branch_python_dop_operator_3.py
[2022-08-17 18:47:32,485] {processor.py:651} INFO - DAG(s) dict_keys(['example_branch_dop_operator_v3']) retrieved from /home/airflow/.local/lib/python3.7/site-packages/airflow/example_dags/example_branch_python_dop_operator_3.py
[2022-08-17 18:47:32,594] {logging_mixin.py:115} INFO - [2022-08-17 18:47:32,594] {dag.py:2371} INFO - Sync 1 DAGs
[2022-08-17 18:47:32,666] {logging_mixin.py:115} INFO - [2022-08-17 18:47:32,666] {dag.py:2919} INFO - Setting next_dagrun for example_branch_dop_operator_v3 to 2022-08-17T18:46:00+00:00, run_after=2022-08-17T18:47:00+00:00
[2022-08-17 18:47:32,697] {processor.py:161} INFO - Processing /home/airflow/.local/lib/python3.7/site-packages/airflow/example_dags/example_branch_python_dop_operator_3.py took 0.261 seconds
[2022-08-17 18:52:32,600] {processor.py:153} INFO - Started process (PID=18353) to work on /home/airflow/.local/lib/python3.7/site-packages/airflow/example_dags/example_branch_python_dop_operator_3.py
[2022-08-17 18:52:32,601] {processor.py:641} INFO - Processing file /home/airflow/.local/lib/python3.7/site-packages/airflow/example_dags/example_branch_python_dop_operator_3.py for tasks to queue
[2022-08-17 18:52:32,603] {logging_mixin.py:115} INFO - [2022-08-17 18:52:32,602] {dagbag.py:507} INFO - Filling up the DagBag from /home/airflow/.local/lib/python3.7/site-packages/airflow/example_dags/example_branch_python_dop_operator_3.py
[2022-08-17 18:52:32,636] {processor.py:651} INFO - DAG(s) dict_keys(['example_branch_dop_operator_v3']) retrieved from /home/airflow/.local/lib/python3.7/site-packages/airflow/example_dags/example_branch_python_dop_operator_3.py
[2022-08-17 18:52:32,683] {logging_mixin.py:115} INFO - [2022-08-17 18:52:32,682] {dag.py:2371} INFO - Sync 1 DAGs
[2022-08-17 18:52:32,719] {logging_mixin.py:115} INFO - [2022-08-17 18:52:32,719] {dag.py:2919} INFO - Setting next_dagrun for example_branch_dop_operator_v3 to 2022-08-17T18:51:00+00:00, run_after=2022-08-17T18:52:00+00:00
[2022-08-17 18:52:32,731] {processor.py:161} INFO - Processing /home/airflow/.local/lib/python3.7/site-packages/airflow/example_dags/example_branch_python_dop_operator_3.py took 0.136 seconds
[2022-08-17 18:53:04,730] {processor.py:153} INFO - Started process (PID=18404) to work on /home/airflow/.local/lib/python3.7/site-packages/airflow/example_dags/example_branch_python_dop_operator_3.py
[2022-08-17 18:53:04,734] {processor.py:641} INFO - Processing file /home/airflow/.local/lib/python3.7/site-packages/airflow/example_dags/example_branch_python_dop_operator_3.py for tasks to queue
[2022-08-17 18:53:04,737] {logging_mixin.py:115} INFO - [2022-08-17 18:53:04,737] {dagbag.py:507} INFO - Filling up the DagBag from /home/airflow/.local/lib/python3.7/site-packages/airflow/example_dags/example_branch_python_dop_operator_3.py
[2022-08-17 18:53:04,777] {processor.py:651} INFO - DAG(s) dict_keys(['example_branch_dop_operator_v3']) retrieved from /home/airflow/.local/lib/python3.7/site-packages/airflow/example_dags/example_branch_python_dop_operator_3.py
[2022-08-17 18:53:04,860] {logging_mixin.py:115} INFO - [2022-08-17 18:53:04,860] {dag.py:2371} INFO - Sync 1 DAGs
[2022-08-17 18:53:04,934] {logging_mixin.py:115} INFO - [2022-08-17 18:53:04,934] {dag.py:2919} INFO - Setting next_dagrun for example_branch_dop_operator_v3 to 2022-08-17T18:52:00+00:00, run_after=2022-08-17T18:53:00+00:00
[2022-08-17 18:53:04,971] {processor.py:161} INFO - Processing /home/airflow/.local/lib/python3.7/site-packages/airflow/example_dags/example_branch_python_dop_operator_3.py took 0.251 seconds
[2022-08-17 18:58:06,765] {processor.py:153} INFO - Started process (PID=18458) to work on /home/airflow/.local/lib/python3.7/site-packages/airflow/example_dags/example_branch_python_dop_operator_3.py
[2022-08-17 18:58:06,766] {processor.py:641} INFO - Processing file /home/airflow/.local/lib/python3.7/site-packages/airflow/example_dags/example_branch_python_dop_operator_3.py for tasks to queue
[2022-08-17 18:58:06,768] {logging_mixin.py:115} INFO - [2022-08-17 18:58:06,768] {dagbag.py:507} INFO - Filling up the DagBag from /home/airflow/.local/lib/python3.7/site-packages/airflow/example_dags/example_branch_python_dop_operator_3.py
[2022-08-17 18:58:06,783] {processor.py:651} INFO - DAG(s) dict_keys(['example_branch_dop_operator_v3']) retrieved from /home/airflow/.local/lib/python3.7/site-packages/airflow/example_dags/example_branch_python_dop_operator_3.py
[2022-08-17 18:58:06,818] {logging_mixin.py:115} INFO - [2022-08-17 18:58:06,818] {dag.py:2371} INFO - Sync 1 DAGs
[2022-08-17 18:58:06,862] {logging_mixin.py:115} INFO - [2022-08-17 18:58:06,862] {dag.py:2919} INFO - Setting next_dagrun for example_branch_dop_operator_v3 to 2022-08-17T18:57:00+00:00, run_after=2022-08-17T18:58:00+00:00
[2022-08-17 18:58:06,879] {processor.py:161} INFO - Processing /home/airflow/.local/lib/python3.7/site-packages/airflow/example_dags/example_branch_python_dop_operator_3.py took 0.118 seconds
[2022-08-17 18:58:38,556] {processor.py:153} INFO - Started process (PID=18510) to work on /home/airflow/.local/lib/python3.7/site-packages/airflow/example_dags/example_branch_python_dop_operator_3.py
[2022-08-17 18:58:38,559] {processor.py:641} INFO - Processing file /home/airflow/.local/lib/python3.7/site-packages/airflow/example_dags/example_branch_python_dop_operator_3.py for tasks to queue
[2022-08-17 18:58:38,562] {logging_mixin.py:115} INFO - [2022-08-17 18:58:38,562] {dagbag.py:507} INFO - Filling up the DagBag from /home/airflow/.local/lib/python3.7/site-packages/airflow/example_dags/example_branch_python_dop_operator_3.py
[2022-08-17 18:58:38,602] {processor.py:651} INFO - DAG(s) dict_keys(['example_branch_dop_operator_v3']) retrieved from /home/airflow/.local/lib/python3.7/site-packages/airflow/example_dags/example_branch_python_dop_operator_3.py
[2022-08-17 18:58:38,695] {logging_mixin.py:115} INFO - [2022-08-17 18:58:38,695] {dag.py:2371} INFO - Sync 1 DAGs
[2022-08-17 18:58:38,770] {logging_mixin.py:115} INFO - [2022-08-17 18:58:38,769] {dag.py:2919} INFO - Setting next_dagrun for example_branch_dop_operator_v3 to 2022-08-17T18:57:00+00:00, run_after=2022-08-17T18:58:00+00:00
[2022-08-17 18:58:38,802] {processor.py:161} INFO - Processing /home/airflow/.local/lib/python3.7/site-packages/airflow/example_dags/example_branch_python_dop_operator_3.py took 0.257 seconds
[2022-08-17 19:03:38,076] {processor.py:153} INFO - Started process (PID=18553) to work on /home/airflow/.local/lib/python3.7/site-packages/airflow/example_dags/example_branch_python_dop_operator_3.py
[2022-08-17 19:03:38,078] {processor.py:641} INFO - Processing file /home/airflow/.local/lib/python3.7/site-packages/airflow/example_dags/example_branch_python_dop_operator_3.py for tasks to queue
[2022-08-17 19:03:38,080] {logging_mixin.py:115} INFO - [2022-08-17 19:03:38,080] {dagbag.py:507} INFO - Filling up the DagBag from /home/airflow/.local/lib/python3.7/site-packages/airflow/example_dags/example_branch_python_dop_operator_3.py
[2022-08-17 19:03:38,098] {processor.py:651} INFO - DAG(s) dict_keys(['example_branch_dop_operator_v3']) retrieved from /home/airflow/.local/lib/python3.7/site-packages/airflow/example_dags/example_branch_python_dop_operator_3.py
[2022-08-17 19:03:38,144] {logging_mixin.py:115} INFO - [2022-08-17 19:03:38,144] {dag.py:2371} INFO - Sync 1 DAGs
[2022-08-17 19:03:38,178] {logging_mixin.py:115} INFO - [2022-08-17 19:03:38,177] {dag.py:2919} INFO - Setting next_dagrun for example_branch_dop_operator_v3 to 2022-08-17T19:02:00+00:00, run_after=2022-08-17T19:03:00+00:00
[2022-08-17 19:03:38,201] {processor.py:161} INFO - Processing /home/airflow/.local/lib/python3.7/site-packages/airflow/example_dags/example_branch_python_dop_operator_3.py took 0.131 seconds
[2022-08-17 19:04:10,178] {processor.py:153} INFO - Started process (PID=18605) to work on /home/airflow/.local/lib/python3.7/site-packages/airflow/example_dags/example_branch_python_dop_operator_3.py
[2022-08-17 19:04:10,181] {processor.py:641} INFO - Processing file /home/airflow/.local/lib/python3.7/site-packages/airflow/example_dags/example_branch_python_dop_operator_3.py for tasks to queue
[2022-08-17 19:04:10,184] {logging_mixin.py:115} INFO - [2022-08-17 19:04:10,184] {dagbag.py:507} INFO - Filling up the DagBag from /home/airflow/.local/lib/python3.7/site-packages/airflow/example_dags/example_branch_python_dop_operator_3.py
[2022-08-17 19:04:10,228] {processor.py:651} INFO - DAG(s) dict_keys(['example_branch_dop_operator_v3']) retrieved from /home/airflow/.local/lib/python3.7/site-packages/airflow/example_dags/example_branch_python_dop_operator_3.py
[2022-08-17 19:04:10,305] {logging_mixin.py:115} INFO - [2022-08-17 19:04:10,304] {dag.py:2371} INFO - Sync 1 DAGs
[2022-08-17 19:04:10,375] {logging_mixin.py:115} INFO - [2022-08-17 19:04:10,375] {dag.py:2919} INFO - Setting next_dagrun for example_branch_dop_operator_v3 to 2022-08-17T19:03:00+00:00, run_after=2022-08-17T19:04:00+00:00
[2022-08-17 19:04:10,411] {processor.py:161} INFO - Processing /home/airflow/.local/lib/python3.7/site-packages/airflow/example_dags/example_branch_python_dop_operator_3.py took 0.243 seconds
[2022-08-17 19:06:43,247] {processor.py:153} INFO - Started process (PID=18657) to work on /home/airflow/.local/lib/python3.7/site-packages/airflow/example_dags/example_branch_python_dop_operator_3.py
[2022-08-17 19:06:43,257] {processor.py:641} INFO - Processing file /home/airflow/.local/lib/python3.7/site-packages/airflow/example_dags/example_branch_python_dop_operator_3.py for tasks to queue
[2022-08-17 19:06:43,258] {logging_mixin.py:115} INFO - [2022-08-17 19:06:43,258] {dagbag.py:507} INFO - Filling up the DagBag from /home/airflow/.local/lib/python3.7/site-packages/airflow/example_dags/example_branch_python_dop_operator_3.py
[2022-08-17 19:06:43,273] {processor.py:651} INFO - DAG(s) dict_keys(['example_branch_dop_operator_v3']) retrieved from /home/airflow/.local/lib/python3.7/site-packages/airflow/example_dags/example_branch_python_dop_operator_3.py
[2022-08-17 19:06:43,305] {logging_mixin.py:115} INFO - [2022-08-17 19:06:43,305] {dag.py:2371} INFO - Sync 1 DAGs
[2022-08-17 19:06:43,333] {logging_mixin.py:115} INFO - [2022-08-17 19:06:43,333] {dag.py:2919} INFO - Setting next_dagrun for example_branch_dop_operator_v3 to 2022-08-17T19:05:00+00:00, run_after=2022-08-17T19:06:00+00:00
[2022-08-17 19:06:43,348] {processor.py:161} INFO - Processing /home/airflow/.local/lib/python3.7/site-packages/airflow/example_dags/example_branch_python_dop_operator_3.py took 0.104 seconds
[2022-08-17 19:11:35,373] {processor.py:153} INFO - Started process (PID=18701) to work on /home/airflow/.local/lib/python3.7/site-packages/airflow/example_dags/example_branch_python_dop_operator_3.py
[2022-08-17 19:11:35,374] {processor.py:641} INFO - Processing file /home/airflow/.local/lib/python3.7/site-packages/airflow/example_dags/example_branch_python_dop_operator_3.py for tasks to queue
[2022-08-17 19:11:35,376] {logging_mixin.py:115} INFO - [2022-08-17 19:11:35,376] {dagbag.py:507} INFO - Filling up the DagBag from /home/airflow/.local/lib/python3.7/site-packages/airflow/example_dags/example_branch_python_dop_operator_3.py
[2022-08-17 19:11:35,391] {processor.py:651} INFO - DAG(s) dict_keys(['example_branch_dop_operator_v3']) retrieved from /home/airflow/.local/lib/python3.7/site-packages/airflow/example_dags/example_branch_python_dop_operator_3.py
[2022-08-17 19:11:35,422] {logging_mixin.py:115} INFO - [2022-08-17 19:11:35,421] {dag.py:2371} INFO - Sync 1 DAGs
[2022-08-17 19:11:35,454] {logging_mixin.py:115} INFO - [2022-08-17 19:11:35,454] {dag.py:2919} INFO - Setting next_dagrun for example_branch_dop_operator_v3 to 2022-08-17T19:10:00+00:00, run_after=2022-08-17T19:11:00+00:00
[2022-08-17 19:11:35,470] {processor.py:161} INFO - Processing /home/airflow/.local/lib/python3.7/site-packages/airflow/example_dags/example_branch_python_dop_operator_3.py took 0.102 seconds
[2022-08-17 20:55:18,432] {processor.py:153} INFO - Started process (PID=18753) to work on /home/airflow/.local/lib/python3.7/site-packages/airflow/example_dags/example_branch_python_dop_operator_3.py
[2022-08-17 20:55:18,433] {processor.py:641} INFO - Processing file /home/airflow/.local/lib/python3.7/site-packages/airflow/example_dags/example_branch_python_dop_operator_3.py for tasks to queue
[2022-08-17 20:55:18,434] {logging_mixin.py:115} INFO - [2022-08-17 20:55:18,434] {dagbag.py:507} INFO - Filling up the DagBag from /home/airflow/.local/lib/python3.7/site-packages/airflow/example_dags/example_branch_python_dop_operator_3.py
[2022-08-17 20:55:18,450] {processor.py:651} INFO - DAG(s) dict_keys(['example_branch_dop_operator_v3']) retrieved from /home/airflow/.local/lib/python3.7/site-packages/airflow/example_dags/example_branch_python_dop_operator_3.py
[2022-08-17 20:55:18,483] {logging_mixin.py:115} INFO - [2022-08-17 20:55:18,483] {dag.py:2371} INFO - Sync 1 DAGs
[2022-08-17 20:55:18,514] {logging_mixin.py:115} INFO - [2022-08-17 20:55:18,514] {dag.py:2919} INFO - Setting next_dagrun for example_branch_dop_operator_v3 to 2022-08-17T20:54:00+00:00, run_after=2022-08-17T20:55:00+00:00
[2022-08-17 20:55:18,548] {processor.py:161} INFO - Processing /home/airflow/.local/lib/python3.7/site-packages/airflow/example_dags/example_branch_python_dop_operator_3.py took 0.121 seconds
[2022-08-17 22:43:22,259] {processor.py:153} INFO - Started process (PID=18796) to work on /home/airflow/.local/lib/python3.7/site-packages/airflow/example_dags/example_branch_python_dop_operator_3.py
[2022-08-17 22:43:22,262] {processor.py:641} INFO - Processing file /home/airflow/.local/lib/python3.7/site-packages/airflow/example_dags/example_branch_python_dop_operator_3.py for tasks to queue
[2022-08-17 22:43:22,266] {logging_mixin.py:115} INFO - [2022-08-17 22:43:22,266] {dagbag.py:507} INFO - Filling up the DagBag from /home/airflow/.local/lib/python3.7/site-packages/airflow/example_dags/example_branch_python_dop_operator_3.py
[2022-08-17 22:43:22,289] {processor.py:651} INFO - DAG(s) dict_keys(['example_branch_dop_operator_v3']) retrieved from /home/airflow/.local/lib/python3.7/site-packages/airflow/example_dags/example_branch_python_dop_operator_3.py
[2022-08-17 22:43:22,348] {logging_mixin.py:115} INFO - [2022-08-17 22:43:22,348] {dag.py:2371} INFO - Sync 1 DAGs
[2022-08-17 22:43:22,397] {logging_mixin.py:115} INFO - [2022-08-17 22:43:22,397] {dag.py:2919} INFO - Setting next_dagrun for example_branch_dop_operator_v3 to 2022-08-17T22:42:00+00:00, run_after=2022-08-17T22:43:00+00:00
[2022-08-17 22:43:22,415] {processor.py:161} INFO - Processing /home/airflow/.local/lib/python3.7/site-packages/airflow/example_dags/example_branch_python_dop_operator_3.py took 0.160 seconds
