[2022-08-17 00:09:02,626] {processor.py:153} INFO - Started process (PID=16196) to work on /home/airflow/.local/lib/python3.7/site-packages/airflow/example_dags/example_trigger_target_dag.py
[2022-08-17 00:09:02,640] {processor.py:641} INFO - Processing file /home/airflow/.local/lib/python3.7/site-packages/airflow/example_dags/example_trigger_target_dag.py for tasks to queue
[2022-08-17 00:09:02,642] {logging_mixin.py:115} INFO - [2022-08-17 00:09:02,642] {dagbag.py:507} INFO - Filling up the DagBag from /home/airflow/.local/lib/python3.7/site-packages/airflow/example_dags/example_trigger_target_dag.py
[2022-08-17 00:09:02,699] {processor.py:651} INFO - DAG(s) dict_keys(['example_trigger_target_dag']) retrieved from /home/airflow/.local/lib/python3.7/site-packages/airflow/example_dags/example_trigger_target_dag.py
[2022-08-17 00:09:02,779] {logging_mixin.py:115} INFO - [2022-08-17 00:09:02,776] {dag.py:2371} INFO - Sync 1 DAGs
[2022-08-17 00:09:02,820] {logging_mixin.py:115} INFO - [2022-08-17 00:09:02,820] {dag.py:2919} INFO - Setting next_dagrun for example_trigger_target_dag to None, run_after=None
[2022-08-17 00:09:02,839] {processor.py:161} INFO - Processing /home/airflow/.local/lib/python3.7/site-packages/airflow/example_dags/example_trigger_target_dag.py took 0.220 seconds
[2022-08-17 01:48:05,875] {processor.py:153} INFO - Started process (PID=16242) to work on /home/airflow/.local/lib/python3.7/site-packages/airflow/example_dags/example_trigger_target_dag.py
[2022-08-17 01:48:05,884] {processor.py:641} INFO - Processing file /home/airflow/.local/lib/python3.7/site-packages/airflow/example_dags/example_trigger_target_dag.py for tasks to queue
[2022-08-17 01:48:05,897] {logging_mixin.py:115} INFO - [2022-08-17 01:48:05,897] {dagbag.py:507} INFO - Filling up the DagBag from /home/airflow/.local/lib/python3.7/site-packages/airflow/example_dags/example_trigger_target_dag.py
[2022-08-17 01:48:05,941] {processor.py:651} INFO - DAG(s) dict_keys(['example_trigger_target_dag']) retrieved from /home/airflow/.local/lib/python3.7/site-packages/airflow/example_dags/example_trigger_target_dag.py
[2022-08-17 01:48:06,008] {logging_mixin.py:115} INFO - [2022-08-17 01:48:06,008] {dag.py:2371} INFO - Sync 1 DAGs
[2022-08-17 01:48:06,074] {logging_mixin.py:115} INFO - [2022-08-17 01:48:06,074] {dag.py:2919} INFO - Setting next_dagrun for example_trigger_target_dag to None, run_after=None
[2022-08-17 01:48:06,117] {processor.py:161} INFO - Processing /home/airflow/.local/lib/python3.7/site-packages/airflow/example_dags/example_trigger_target_dag.py took 0.254 seconds
[2022-08-17 05:24:28,203] {processor.py:153} INFO - Started process (PID=16294) to work on /home/airflow/.local/lib/python3.7/site-packages/airflow/example_dags/example_trigger_target_dag.py
[2022-08-17 05:24:28,208] {processor.py:641} INFO - Processing file /home/airflow/.local/lib/python3.7/site-packages/airflow/example_dags/example_trigger_target_dag.py for tasks to queue
[2022-08-17 05:24:28,243] {logging_mixin.py:115} INFO - [2022-08-17 05:24:28,243] {dagbag.py:507} INFO - Filling up the DagBag from /home/airflow/.local/lib/python3.7/site-packages/airflow/example_dags/example_trigger_target_dag.py
[2022-08-17 05:24:28,289] {processor.py:651} INFO - DAG(s) dict_keys(['example_trigger_target_dag']) retrieved from /home/airflow/.local/lib/python3.7/site-packages/airflow/example_dags/example_trigger_target_dag.py
[2022-08-17 05:24:28,351] {logging_mixin.py:115} INFO - [2022-08-17 05:24:28,351] {dag.py:2371} INFO - Sync 1 DAGs
[2022-08-17 05:24:28,404] {logging_mixin.py:115} INFO - [2022-08-17 05:24:28,404] {dag.py:2919} INFO - Setting next_dagrun for example_trigger_target_dag to None, run_after=None
[2022-08-17 05:24:28,451] {processor.py:161} INFO - Processing /home/airflow/.local/lib/python3.7/site-packages/airflow/example_dags/example_trigger_target_dag.py took 0.256 seconds
[2022-08-17 05:27:16,307] {processor.py:153} INFO - Started process (PID=16355) to work on /home/airflow/.local/lib/python3.7/site-packages/airflow/example_dags/example_trigger_target_dag.py
[2022-08-17 05:27:16,309] {processor.py:641} INFO - Processing file /home/airflow/.local/lib/python3.7/site-packages/airflow/example_dags/example_trigger_target_dag.py for tasks to queue
[2022-08-17 05:27:16,311] {logging_mixin.py:115} INFO - [2022-08-17 05:27:16,311] {dagbag.py:507} INFO - Filling up the DagBag from /home/airflow/.local/lib/python3.7/site-packages/airflow/example_dags/example_trigger_target_dag.py
[2022-08-17 05:27:16,413] {processor.py:651} INFO - DAG(s) dict_keys(['example_trigger_target_dag']) retrieved from /home/airflow/.local/lib/python3.7/site-packages/airflow/example_dags/example_trigger_target_dag.py
[2022-08-17 05:27:16,554] {logging_mixin.py:115} INFO - [2022-08-17 05:27:16,554] {dag.py:2371} INFO - Sync 1 DAGs
[2022-08-17 05:27:16,691] {logging_mixin.py:115} INFO - [2022-08-17 05:27:16,691] {dag.py:2919} INFO - Setting next_dagrun for example_trigger_target_dag to None, run_after=None
[2022-08-17 05:27:16,735] {processor.py:161} INFO - Processing /home/airflow/.local/lib/python3.7/site-packages/airflow/example_dags/example_trigger_target_dag.py took 0.444 seconds
[2022-08-17 05:27:47,721] {processor.py:153} INFO - Started process (PID=16409) to work on /home/airflow/.local/lib/python3.7/site-packages/airflow/example_dags/example_trigger_target_dag.py
[2022-08-17 05:27:47,728] {processor.py:641} INFO - Processing file /home/airflow/.local/lib/python3.7/site-packages/airflow/example_dags/example_trigger_target_dag.py for tasks to queue
[2022-08-17 05:27:47,750] {logging_mixin.py:115} INFO - [2022-08-17 05:27:47,749] {dagbag.py:507} INFO - Filling up the DagBag from /home/airflow/.local/lib/python3.7/site-packages/airflow/example_dags/example_trigger_target_dag.py
[2022-08-17 05:27:47,922] {processor.py:651} INFO - DAG(s) dict_keys(['example_trigger_target_dag']) retrieved from /home/airflow/.local/lib/python3.7/site-packages/airflow/example_dags/example_trigger_target_dag.py
[2022-08-17 05:27:48,165] {logging_mixin.py:115} INFO - [2022-08-17 05:27:48,165] {dag.py:2371} INFO - Sync 1 DAGs
[2022-08-17 05:27:48,322] {logging_mixin.py:115} INFO - [2022-08-17 05:27:48,321] {dag.py:2919} INFO - Setting next_dagrun for example_trigger_target_dag to None, run_after=None
[2022-08-17 05:27:48,395] {processor.py:161} INFO - Processing /home/airflow/.local/lib/python3.7/site-packages/airflow/example_dags/example_trigger_target_dag.py took 0.692 seconds
[2022-08-17 05:32:48,051] {processor.py:153} INFO - Started process (PID=16450) to work on /home/airflow/.local/lib/python3.7/site-packages/airflow/example_dags/example_trigger_target_dag.py
[2022-08-17 05:32:48,058] {processor.py:641} INFO - Processing file /home/airflow/.local/lib/python3.7/site-packages/airflow/example_dags/example_trigger_target_dag.py for tasks to queue
[2022-08-17 05:32:48,061] {logging_mixin.py:115} INFO - [2022-08-17 05:32:48,061] {dagbag.py:507} INFO - Filling up the DagBag from /home/airflow/.local/lib/python3.7/site-packages/airflow/example_dags/example_trigger_target_dag.py
[2022-08-17 05:32:48,097] {processor.py:651} INFO - DAG(s) dict_keys(['example_trigger_target_dag']) retrieved from /home/airflow/.local/lib/python3.7/site-packages/airflow/example_dags/example_trigger_target_dag.py
[2022-08-17 05:32:48,142] {logging_mixin.py:115} INFO - [2022-08-17 05:32:48,142] {dag.py:2371} INFO - Sync 1 DAGs
[2022-08-17 05:32:48,197] {logging_mixin.py:115} INFO - [2022-08-17 05:32:48,197] {dag.py:2919} INFO - Setting next_dagrun for example_trigger_target_dag to None, run_after=None
[2022-08-17 05:32:48,221] {processor.py:161} INFO - Processing /home/airflow/.local/lib/python3.7/site-packages/airflow/example_dags/example_trigger_target_dag.py took 0.195 seconds
[2022-08-17 05:33:18,672] {processor.py:153} INFO - Started process (PID=16504) to work on /home/airflow/.local/lib/python3.7/site-packages/airflow/example_dags/example_trigger_target_dag.py
[2022-08-17 05:33:18,675] {processor.py:641} INFO - Processing file /home/airflow/.local/lib/python3.7/site-packages/airflow/example_dags/example_trigger_target_dag.py for tasks to queue
[2022-08-17 05:33:18,677] {logging_mixin.py:115} INFO - [2022-08-17 05:33:18,677] {dagbag.py:507} INFO - Filling up the DagBag from /home/airflow/.local/lib/python3.7/site-packages/airflow/example_dags/example_trigger_target_dag.py
[2022-08-17 05:33:18,739] {processor.py:651} INFO - DAG(s) dict_keys(['example_trigger_target_dag']) retrieved from /home/airflow/.local/lib/python3.7/site-packages/airflow/example_dags/example_trigger_target_dag.py
[2022-08-17 05:33:18,839] {logging_mixin.py:115} INFO - [2022-08-17 05:33:18,839] {dag.py:2371} INFO - Sync 1 DAGs
[2022-08-17 05:33:18,910] {logging_mixin.py:115} INFO - [2022-08-17 05:33:18,909] {dag.py:2919} INFO - Setting next_dagrun for example_trigger_target_dag to None, run_after=None
[2022-08-17 05:33:18,949] {processor.py:161} INFO - Processing /home/airflow/.local/lib/python3.7/site-packages/airflow/example_dags/example_trigger_target_dag.py took 0.287 seconds
[2022-08-17 05:38:20,590] {processor.py:153} INFO - Started process (PID=16554) to work on /home/airflow/.local/lib/python3.7/site-packages/airflow/example_dags/example_trigger_target_dag.py
[2022-08-17 05:38:20,592] {processor.py:641} INFO - Processing file /home/airflow/.local/lib/python3.7/site-packages/airflow/example_dags/example_trigger_target_dag.py for tasks to queue
[2022-08-17 05:38:20,593] {logging_mixin.py:115} INFO - [2022-08-17 05:38:20,593] {dagbag.py:507} INFO - Filling up the DagBag from /home/airflow/.local/lib/python3.7/site-packages/airflow/example_dags/example_trigger_target_dag.py
[2022-08-17 05:38:20,619] {processor.py:651} INFO - DAG(s) dict_keys(['example_trigger_target_dag']) retrieved from /home/airflow/.local/lib/python3.7/site-packages/airflow/example_dags/example_trigger_target_dag.py
[2022-08-17 05:38:20,651] {logging_mixin.py:115} INFO - [2022-08-17 05:38:20,651] {dag.py:2371} INFO - Sync 1 DAGs
[2022-08-17 05:38:20,679] {logging_mixin.py:115} INFO - [2022-08-17 05:38:20,679] {dag.py:2919} INFO - Setting next_dagrun for example_trigger_target_dag to None, run_after=None
[2022-08-17 05:38:20,693] {processor.py:161} INFO - Processing /home/airflow/.local/lib/python3.7/site-packages/airflow/example_dags/example_trigger_target_dag.py took 0.108 seconds
[2022-08-17 05:38:51,602] {processor.py:153} INFO - Started process (PID=16608) to work on /home/airflow/.local/lib/python3.7/site-packages/airflow/example_dags/example_trigger_target_dag.py
[2022-08-17 05:38:51,605] {processor.py:641} INFO - Processing file /home/airflow/.local/lib/python3.7/site-packages/airflow/example_dags/example_trigger_target_dag.py for tasks to queue
[2022-08-17 05:38:51,608] {logging_mixin.py:115} INFO - [2022-08-17 05:38:51,608] {dagbag.py:507} INFO - Filling up the DagBag from /home/airflow/.local/lib/python3.7/site-packages/airflow/example_dags/example_trigger_target_dag.py
[2022-08-17 05:38:51,650] {processor.py:651} INFO - DAG(s) dict_keys(['example_trigger_target_dag']) retrieved from /home/airflow/.local/lib/python3.7/site-packages/airflow/example_dags/example_trigger_target_dag.py
[2022-08-17 05:38:51,733] {logging_mixin.py:115} INFO - [2022-08-17 05:38:51,733] {dag.py:2371} INFO - Sync 1 DAGs
[2022-08-17 05:38:51,782] {logging_mixin.py:115} INFO - [2022-08-17 05:38:51,782] {dag.py:2919} INFO - Setting next_dagrun for example_trigger_target_dag to None, run_after=None
[2022-08-17 05:38:51,812] {processor.py:161} INFO - Processing /home/airflow/.local/lib/python3.7/site-packages/airflow/example_dags/example_trigger_target_dag.py took 0.220 seconds
[2022-08-17 05:43:59,392] {processor.py:153} INFO - Started process (PID=16661) to work on /home/airflow/.local/lib/python3.7/site-packages/airflow/example_dags/example_trigger_target_dag.py
[2022-08-17 05:43:59,406] {processor.py:641} INFO - Processing file /home/airflow/.local/lib/python3.7/site-packages/airflow/example_dags/example_trigger_target_dag.py for tasks to queue
[2022-08-17 05:43:59,407] {logging_mixin.py:115} INFO - [2022-08-17 05:43:59,407] {dagbag.py:507} INFO - Filling up the DagBag from /home/airflow/.local/lib/python3.7/site-packages/airflow/example_dags/example_trigger_target_dag.py
[2022-08-17 05:43:59,479] {processor.py:651} INFO - DAG(s) dict_keys(['example_trigger_target_dag']) retrieved from /home/airflow/.local/lib/python3.7/site-packages/airflow/example_dags/example_trigger_target_dag.py
[2022-08-17 05:43:59,547] {logging_mixin.py:115} INFO - [2022-08-17 05:43:59,547] {dag.py:2371} INFO - Sync 1 DAGs
[2022-08-17 05:43:59,620] {logging_mixin.py:115} INFO - [2022-08-17 05:43:59,620] {dag.py:2919} INFO - Setting next_dagrun for example_trigger_target_dag to None, run_after=None
[2022-08-17 05:43:59,646] {processor.py:161} INFO - Processing /home/airflow/.local/lib/python3.7/site-packages/airflow/example_dags/example_trigger_target_dag.py took 0.258 seconds
[2022-08-17 05:44:30,212] {processor.py:153} INFO - Started process (PID=16714) to work on /home/airflow/.local/lib/python3.7/site-packages/airflow/example_dags/example_trigger_target_dag.py
[2022-08-17 05:44:30,214] {processor.py:641} INFO - Processing file /home/airflow/.local/lib/python3.7/site-packages/airflow/example_dags/example_trigger_target_dag.py for tasks to queue
[2022-08-17 05:44:30,217] {logging_mixin.py:115} INFO - [2022-08-17 05:44:30,217] {dagbag.py:507} INFO - Filling up the DagBag from /home/airflow/.local/lib/python3.7/site-packages/airflow/example_dags/example_trigger_target_dag.py
[2022-08-17 05:44:30,259] {processor.py:651} INFO - DAG(s) dict_keys(['example_trigger_target_dag']) retrieved from /home/airflow/.local/lib/python3.7/site-packages/airflow/example_dags/example_trigger_target_dag.py
[2022-08-17 05:44:30,325] {logging_mixin.py:115} INFO - [2022-08-17 05:44:30,325] {dag.py:2371} INFO - Sync 1 DAGs
[2022-08-17 05:44:30,374] {logging_mixin.py:115} INFO - [2022-08-17 05:44:30,374] {dag.py:2919} INFO - Setting next_dagrun for example_trigger_target_dag to None, run_after=None
[2022-08-17 05:44:30,407] {processor.py:161} INFO - Processing /home/airflow/.local/lib/python3.7/site-packages/airflow/example_dags/example_trigger_target_dag.py took 0.204 seconds
[2022-08-17 05:49:35,374] {processor.py:153} INFO - Started process (PID=16767) to work on /home/airflow/.local/lib/python3.7/site-packages/airflow/example_dags/example_trigger_target_dag.py
[2022-08-17 05:49:35,376] {processor.py:641} INFO - Processing file /home/airflow/.local/lib/python3.7/site-packages/airflow/example_dags/example_trigger_target_dag.py for tasks to queue
[2022-08-17 05:49:35,378] {logging_mixin.py:115} INFO - [2022-08-17 05:49:35,377] {dagbag.py:507} INFO - Filling up the DagBag from /home/airflow/.local/lib/python3.7/site-packages/airflow/example_dags/example_trigger_target_dag.py
[2022-08-17 05:49:35,421] {processor.py:651} INFO - DAG(s) dict_keys(['example_trigger_target_dag']) retrieved from /home/airflow/.local/lib/python3.7/site-packages/airflow/example_dags/example_trigger_target_dag.py
[2022-08-17 05:49:35,458] {logging_mixin.py:115} INFO - [2022-08-17 05:49:35,458] {dag.py:2371} INFO - Sync 1 DAGs
[2022-08-17 05:49:35,485] {logging_mixin.py:115} INFO - [2022-08-17 05:49:35,485] {dag.py:2919} INFO - Setting next_dagrun for example_trigger_target_dag to None, run_after=None
[2022-08-17 05:49:35,497] {processor.py:161} INFO - Processing /home/airflow/.local/lib/python3.7/site-packages/airflow/example_dags/example_trigger_target_dag.py took 0.127 seconds
[2022-08-17 05:50:06,528] {processor.py:153} INFO - Started process (PID=16819) to work on /home/airflow/.local/lib/python3.7/site-packages/airflow/example_dags/example_trigger_target_dag.py
[2022-08-17 05:50:06,530] {processor.py:641} INFO - Processing file /home/airflow/.local/lib/python3.7/site-packages/airflow/example_dags/example_trigger_target_dag.py for tasks to queue
[2022-08-17 05:50:06,532] {logging_mixin.py:115} INFO - [2022-08-17 05:50:06,532] {dagbag.py:507} INFO - Filling up the DagBag from /home/airflow/.local/lib/python3.7/site-packages/airflow/example_dags/example_trigger_target_dag.py
[2022-08-17 05:50:06,588] {processor.py:651} INFO - DAG(s) dict_keys(['example_trigger_target_dag']) retrieved from /home/airflow/.local/lib/python3.7/site-packages/airflow/example_dags/example_trigger_target_dag.py
[2022-08-17 05:50:06,662] {logging_mixin.py:115} INFO - [2022-08-17 05:50:06,662] {dag.py:2371} INFO - Sync 1 DAGs
[2022-08-17 05:50:06,716] {logging_mixin.py:115} INFO - [2022-08-17 05:50:06,716] {dag.py:2919} INFO - Setting next_dagrun for example_trigger_target_dag to None, run_after=None
[2022-08-17 05:50:06,743] {processor.py:161} INFO - Processing /home/airflow/.local/lib/python3.7/site-packages/airflow/example_dags/example_trigger_target_dag.py took 0.228 seconds
[2022-08-17 05:50:36,814] {processor.py:153} INFO - Started process (PID=16871) to work on /home/airflow/.local/lib/python3.7/site-packages/airflow/example_dags/example_trigger_target_dag.py
[2022-08-17 05:50:36,816] {processor.py:641} INFO - Processing file /home/airflow/.local/lib/python3.7/site-packages/airflow/example_dags/example_trigger_target_dag.py for tasks to queue
[2022-08-17 05:50:36,818] {logging_mixin.py:115} INFO - [2022-08-17 05:50:36,818] {dagbag.py:507} INFO - Filling up the DagBag from /home/airflow/.local/lib/python3.7/site-packages/airflow/example_dags/example_trigger_target_dag.py
[2022-08-17 05:50:36,862] {processor.py:651} INFO - DAG(s) dict_keys(['example_trigger_target_dag']) retrieved from /home/airflow/.local/lib/python3.7/site-packages/airflow/example_dags/example_trigger_target_dag.py
[2022-08-17 05:50:36,920] {logging_mixin.py:115} INFO - [2022-08-17 05:50:36,920] {dag.py:2371} INFO - Sync 1 DAGs
[2022-08-17 05:50:36,957] {logging_mixin.py:115} INFO - [2022-08-17 05:50:36,957] {dag.py:2919} INFO - Setting next_dagrun for example_trigger_target_dag to None, run_after=None
[2022-08-17 05:50:36,984] {processor.py:161} INFO - Processing /home/airflow/.local/lib/python3.7/site-packages/airflow/example_dags/example_trigger_target_dag.py took 0.176 seconds
[2022-08-17 06:05:47,033] {processor.py:153} INFO - Started process (PID=16889) to work on /home/airflow/.local/lib/python3.7/site-packages/airflow/example_dags/example_trigger_target_dag.py
[2022-08-17 06:05:47,041] {processor.py:641} INFO - Processing file /home/airflow/.local/lib/python3.7/site-packages/airflow/example_dags/example_trigger_target_dag.py for tasks to queue
[2022-08-17 06:05:47,049] {logging_mixin.py:115} INFO - [2022-08-17 06:05:47,049] {dagbag.py:507} INFO - Filling up the DagBag from /home/airflow/.local/lib/python3.7/site-packages/airflow/example_dags/example_trigger_target_dag.py
[2022-08-17 06:05:47,156] {processor.py:651} INFO - DAG(s) dict_keys(['example_trigger_target_dag']) retrieved from /home/airflow/.local/lib/python3.7/site-packages/airflow/example_dags/example_trigger_target_dag.py
[2022-08-17 06:05:47,288] {logging_mixin.py:115} INFO - [2022-08-17 06:05:47,287] {dag.py:2371} INFO - Sync 1 DAGs
[2022-08-17 06:05:47,350] {logging_mixin.py:115} INFO - [2022-08-17 06:05:47,350] {dag.py:2919} INFO - Setting next_dagrun for example_trigger_target_dag to None, run_after=None
[2022-08-17 06:05:47,426] {processor.py:161} INFO - Processing /home/airflow/.local/lib/python3.7/site-packages/airflow/example_dags/example_trigger_target_dag.py took 0.398 seconds
[2022-08-17 06:06:18,049] {processor.py:153} INFO - Started process (PID=16943) to work on /home/airflow/.local/lib/python3.7/site-packages/airflow/example_dags/example_trigger_target_dag.py
[2022-08-17 06:06:18,055] {processor.py:641} INFO - Processing file /home/airflow/.local/lib/python3.7/site-packages/airflow/example_dags/example_trigger_target_dag.py for tasks to queue
[2022-08-17 06:06:18,079] {logging_mixin.py:115} INFO - [2022-08-17 06:06:18,078] {dagbag.py:507} INFO - Filling up the DagBag from /home/airflow/.local/lib/python3.7/site-packages/airflow/example_dags/example_trigger_target_dag.py
[2022-08-17 06:06:18,282] {processor.py:651} INFO - DAG(s) dict_keys(['example_trigger_target_dag']) retrieved from /home/airflow/.local/lib/python3.7/site-packages/airflow/example_dags/example_trigger_target_dag.py
[2022-08-17 06:06:18,373] {logging_mixin.py:115} INFO - [2022-08-17 06:06:18,373] {dag.py:2371} INFO - Sync 1 DAGs
[2022-08-17 06:06:18,467] {logging_mixin.py:115} INFO - [2022-08-17 06:06:18,466] {dag.py:2919} INFO - Setting next_dagrun for example_trigger_target_dag to None, run_after=None
[2022-08-17 06:06:18,522] {processor.py:161} INFO - Processing /home/airflow/.local/lib/python3.7/site-packages/airflow/example_dags/example_trigger_target_dag.py took 0.494 seconds
[2022-08-17 06:11:22,709] {processor.py:153} INFO - Started process (PID=16993) to work on /home/airflow/.local/lib/python3.7/site-packages/airflow/example_dags/example_trigger_target_dag.py
[2022-08-17 06:11:22,711] {processor.py:641} INFO - Processing file /home/airflow/.local/lib/python3.7/site-packages/airflow/example_dags/example_trigger_target_dag.py for tasks to queue
[2022-08-17 06:11:22,712] {logging_mixin.py:115} INFO - [2022-08-17 06:11:22,712] {dagbag.py:507} INFO - Filling up the DagBag from /home/airflow/.local/lib/python3.7/site-packages/airflow/example_dags/example_trigger_target_dag.py
[2022-08-17 06:11:22,738] {processor.py:651} INFO - DAG(s) dict_keys(['example_trigger_target_dag']) retrieved from /home/airflow/.local/lib/python3.7/site-packages/airflow/example_dags/example_trigger_target_dag.py
[2022-08-17 06:11:22,858] {logging_mixin.py:115} INFO - [2022-08-17 06:11:22,858] {dag.py:2371} INFO - Sync 1 DAGs
[2022-08-17 06:11:22,918] {logging_mixin.py:115} INFO - [2022-08-17 06:11:22,918] {dag.py:2919} INFO - Setting next_dagrun for example_trigger_target_dag to None, run_after=None
[2022-08-17 06:11:22,962] {processor.py:161} INFO - Processing /home/airflow/.local/lib/python3.7/site-packages/airflow/example_dags/example_trigger_target_dag.py took 0.258 seconds
[2022-08-17 06:11:53,456] {processor.py:153} INFO - Started process (PID=17048) to work on /home/airflow/.local/lib/python3.7/site-packages/airflow/example_dags/example_trigger_target_dag.py
[2022-08-17 06:11:53,468] {processor.py:641} INFO - Processing file /home/airflow/.local/lib/python3.7/site-packages/airflow/example_dags/example_trigger_target_dag.py for tasks to queue
[2022-08-17 06:11:53,471] {logging_mixin.py:115} INFO - [2022-08-17 06:11:53,471] {dagbag.py:507} INFO - Filling up the DagBag from /home/airflow/.local/lib/python3.7/site-packages/airflow/example_dags/example_trigger_target_dag.py
[2022-08-17 06:11:53,524] {processor.py:651} INFO - DAG(s) dict_keys(['example_trigger_target_dag']) retrieved from /home/airflow/.local/lib/python3.7/site-packages/airflow/example_dags/example_trigger_target_dag.py
[2022-08-17 06:11:53,601] {logging_mixin.py:115} INFO - [2022-08-17 06:11:53,601] {dag.py:2371} INFO - Sync 1 DAGs
[2022-08-17 06:11:53,669] {logging_mixin.py:115} INFO - [2022-08-17 06:11:53,669] {dag.py:2919} INFO - Setting next_dagrun for example_trigger_target_dag to None, run_after=None
[2022-08-17 06:11:53,738] {processor.py:161} INFO - Processing /home/airflow/.local/lib/python3.7/site-packages/airflow/example_dags/example_trigger_target_dag.py took 0.303 seconds
[2022-08-17 06:12:59,009] {processor.py:153} INFO - Started process (PID=17098) to work on /home/airflow/.local/lib/python3.7/site-packages/airflow/example_dags/example_trigger_target_dag.py
[2022-08-17 06:12:59,014] {processor.py:641} INFO - Processing file /home/airflow/.local/lib/python3.7/site-packages/airflow/example_dags/example_trigger_target_dag.py for tasks to queue
[2022-08-17 06:12:59,015] {logging_mixin.py:115} INFO - [2022-08-17 06:12:59,015] {dagbag.py:507} INFO - Filling up the DagBag from /home/airflow/.local/lib/python3.7/site-packages/airflow/example_dags/example_trigger_target_dag.py
[2022-08-17 06:12:59,063] {processor.py:651} INFO - DAG(s) dict_keys(['example_trigger_target_dag']) retrieved from /home/airflow/.local/lib/python3.7/site-packages/airflow/example_dags/example_trigger_target_dag.py
[2022-08-17 06:12:59,142] {logging_mixin.py:115} INFO - [2022-08-17 06:12:59,141] {dag.py:2371} INFO - Sync 1 DAGs
[2022-08-17 06:12:59,377] {logging_mixin.py:115} INFO - [2022-08-17 06:12:59,377] {dag.py:2919} INFO - Setting next_dagrun for example_trigger_target_dag to None, run_after=None
[2022-08-17 06:12:59,412] {processor.py:161} INFO - Processing /home/airflow/.local/lib/python3.7/site-packages/airflow/example_dags/example_trigger_target_dag.py took 0.414 seconds
[2022-08-17 06:18:15,009] {processor.py:153} INFO - Started process (PID=17143) to work on /home/airflow/.local/lib/python3.7/site-packages/airflow/example_dags/example_trigger_target_dag.py
[2022-08-17 06:18:15,011] {processor.py:641} INFO - Processing file /home/airflow/.local/lib/python3.7/site-packages/airflow/example_dags/example_trigger_target_dag.py for tasks to queue
[2022-08-17 06:18:15,012] {logging_mixin.py:115} INFO - [2022-08-17 06:18:15,012] {dagbag.py:507} INFO - Filling up the DagBag from /home/airflow/.local/lib/python3.7/site-packages/airflow/example_dags/example_trigger_target_dag.py
[2022-08-17 06:18:15,041] {processor.py:651} INFO - DAG(s) dict_keys(['example_trigger_target_dag']) retrieved from /home/airflow/.local/lib/python3.7/site-packages/airflow/example_dags/example_trigger_target_dag.py
[2022-08-17 06:18:15,081] {logging_mixin.py:115} INFO - [2022-08-17 06:18:15,080] {dag.py:2371} INFO - Sync 1 DAGs
[2022-08-17 06:18:15,113] {logging_mixin.py:115} INFO - [2022-08-17 06:18:15,113] {dag.py:2919} INFO - Setting next_dagrun for example_trigger_target_dag to None, run_after=None
[2022-08-17 06:18:15,128] {processor.py:161} INFO - Processing /home/airflow/.local/lib/python3.7/site-packages/airflow/example_dags/example_trigger_target_dag.py took 0.125 seconds
[2022-08-17 07:18:05,849] {processor.py:153} INFO - Started process (PID=17196) to work on /home/airflow/.local/lib/python3.7/site-packages/airflow/example_dags/example_trigger_target_dag.py
[2022-08-17 07:18:05,851] {processor.py:641} INFO - Processing file /home/airflow/.local/lib/python3.7/site-packages/airflow/example_dags/example_trigger_target_dag.py for tasks to queue
[2022-08-17 07:18:05,852] {logging_mixin.py:115} INFO - [2022-08-17 07:18:05,852] {dagbag.py:507} INFO - Filling up the DagBag from /home/airflow/.local/lib/python3.7/site-packages/airflow/example_dags/example_trigger_target_dag.py
[2022-08-17 07:18:05,872] {processor.py:651} INFO - DAG(s) dict_keys(['example_trigger_target_dag']) retrieved from /home/airflow/.local/lib/python3.7/site-packages/airflow/example_dags/example_trigger_target_dag.py
[2022-08-17 07:18:05,902] {logging_mixin.py:115} INFO - [2022-08-17 07:18:05,902] {dag.py:2371} INFO - Sync 1 DAGs
[2022-08-17 07:18:05,923] {logging_mixin.py:115} INFO - [2022-08-17 07:18:05,923] {dag.py:2919} INFO - Setting next_dagrun for example_trigger_target_dag to None, run_after=None
[2022-08-17 07:18:05,936] {processor.py:161} INFO - Processing /home/airflow/.local/lib/python3.7/site-packages/airflow/example_dags/example_trigger_target_dag.py took 0.090 seconds
[2022-08-17 10:54:14,456] {processor.py:153} INFO - Started process (PID=17249) to work on /home/airflow/.local/lib/python3.7/site-packages/airflow/example_dags/example_trigger_target_dag.py
[2022-08-17 10:54:14,458] {processor.py:641} INFO - Processing file /home/airflow/.local/lib/python3.7/site-packages/airflow/example_dags/example_trigger_target_dag.py for tasks to queue
[2022-08-17 10:54:14,460] {logging_mixin.py:115} INFO - [2022-08-17 10:54:14,460] {dagbag.py:507} INFO - Filling up the DagBag from /home/airflow/.local/lib/python3.7/site-packages/airflow/example_dags/example_trigger_target_dag.py
[2022-08-17 10:54:14,499] {processor.py:651} INFO - DAG(s) dict_keys(['example_trigger_target_dag']) retrieved from /home/airflow/.local/lib/python3.7/site-packages/airflow/example_dags/example_trigger_target_dag.py
[2022-08-17 10:54:14,536] {logging_mixin.py:115} INFO - [2022-08-17 10:54:14,536] {dag.py:2371} INFO - Sync 1 DAGs
[2022-08-17 10:54:14,598] {logging_mixin.py:115} INFO - [2022-08-17 10:54:14,598] {dag.py:2919} INFO - Setting next_dagrun for example_trigger_target_dag to None, run_after=None
[2022-08-17 10:54:14,625] {processor.py:161} INFO - Processing /home/airflow/.local/lib/python3.7/site-packages/airflow/example_dags/example_trigger_target_dag.py took 0.177 seconds
[2022-08-17 12:42:31,157] {processor.py:153} INFO - Started process (PID=17301) to work on /home/airflow/.local/lib/python3.7/site-packages/airflow/example_dags/example_trigger_target_dag.py
[2022-08-17 12:42:31,160] {processor.py:641} INFO - Processing file /home/airflow/.local/lib/python3.7/site-packages/airflow/example_dags/example_trigger_target_dag.py for tasks to queue
[2022-08-17 12:42:31,161] {logging_mixin.py:115} INFO - [2022-08-17 12:42:31,161] {dagbag.py:507} INFO - Filling up the DagBag from /home/airflow/.local/lib/python3.7/site-packages/airflow/example_dags/example_trigger_target_dag.py
[2022-08-17 12:42:31,183] {processor.py:651} INFO - DAG(s) dict_keys(['example_trigger_target_dag']) retrieved from /home/airflow/.local/lib/python3.7/site-packages/airflow/example_dags/example_trigger_target_dag.py
[2022-08-17 12:42:31,218] {logging_mixin.py:115} INFO - [2022-08-17 12:42:31,218] {dag.py:2371} INFO - Sync 1 DAGs
[2022-08-17 12:42:31,254] {logging_mixin.py:115} INFO - [2022-08-17 12:42:31,254] {dag.py:2919} INFO - Setting next_dagrun for example_trigger_target_dag to None, run_after=None
[2022-08-17 12:42:31,304] {processor.py:161} INFO - Processing /home/airflow/.local/lib/python3.7/site-packages/airflow/example_dags/example_trigger_target_dag.py took 0.154 seconds
[2022-08-17 16:18:39,056] {processor.py:153} INFO - Started process (PID=17352) to work on /home/airflow/.local/lib/python3.7/site-packages/airflow/example_dags/example_trigger_target_dag.py
[2022-08-17 16:18:39,059] {processor.py:641} INFO - Processing file /home/airflow/.local/lib/python3.7/site-packages/airflow/example_dags/example_trigger_target_dag.py for tasks to queue
[2022-08-17 16:18:39,061] {logging_mixin.py:115} INFO - [2022-08-17 16:18:39,061] {dagbag.py:507} INFO - Filling up the DagBag from /home/airflow/.local/lib/python3.7/site-packages/airflow/example_dags/example_trigger_target_dag.py
[2022-08-17 16:18:39,100] {processor.py:651} INFO - DAG(s) dict_keys(['example_trigger_target_dag']) retrieved from /home/airflow/.local/lib/python3.7/site-packages/airflow/example_dags/example_trigger_target_dag.py
[2022-08-17 16:18:39,186] {logging_mixin.py:115} INFO - [2022-08-17 16:18:39,186] {dag.py:2371} INFO - Sync 1 DAGs
[2022-08-17 16:18:39,239] {logging_mixin.py:115} INFO - [2022-08-17 16:18:39,238] {dag.py:2919} INFO - Setting next_dagrun for example_trigger_target_dag to None, run_after=None
[2022-08-17 16:18:39,306] {processor.py:161} INFO - Processing /home/airflow/.local/lib/python3.7/site-packages/airflow/example_dags/example_trigger_target_dag.py took 0.254 seconds
[2022-08-17 18:06:38,704] {processor.py:153} INFO - Started process (PID=17404) to work on /home/airflow/.local/lib/python3.7/site-packages/airflow/example_dags/example_trigger_target_dag.py
[2022-08-17 18:06:38,705] {processor.py:641} INFO - Processing file /home/airflow/.local/lib/python3.7/site-packages/airflow/example_dags/example_trigger_target_dag.py for tasks to queue
[2022-08-17 18:06:38,707] {logging_mixin.py:115} INFO - [2022-08-17 18:06:38,707] {dagbag.py:507} INFO - Filling up the DagBag from /home/airflow/.local/lib/python3.7/site-packages/airflow/example_dags/example_trigger_target_dag.py
[2022-08-17 18:06:38,738] {processor.py:651} INFO - DAG(s) dict_keys(['example_trigger_target_dag']) retrieved from /home/airflow/.local/lib/python3.7/site-packages/airflow/example_dags/example_trigger_target_dag.py
[2022-08-17 18:06:38,811] {logging_mixin.py:115} INFO - [2022-08-17 18:06:38,811] {dag.py:2371} INFO - Sync 1 DAGs
[2022-08-17 18:06:38,849] {logging_mixin.py:115} INFO - [2022-08-17 18:06:38,849] {dag.py:2919} INFO - Setting next_dagrun for example_trigger_target_dag to None, run_after=None
[2022-08-17 18:06:38,872] {processor.py:161} INFO - Processing /home/airflow/.local/lib/python3.7/site-packages/airflow/example_dags/example_trigger_target_dag.py took 0.172 seconds
[2022-08-17 18:07:08,947] {processor.py:153} INFO - Started process (PID=17465) to work on /home/airflow/.local/lib/python3.7/site-packages/airflow/example_dags/example_trigger_target_dag.py
[2022-08-17 18:07:08,949] {processor.py:641} INFO - Processing file /home/airflow/.local/lib/python3.7/site-packages/airflow/example_dags/example_trigger_target_dag.py for tasks to queue
[2022-08-17 18:07:08,951] {logging_mixin.py:115} INFO - [2022-08-17 18:07:08,951] {dagbag.py:507} INFO - Filling up the DagBag from /home/airflow/.local/lib/python3.7/site-packages/airflow/example_dags/example_trigger_target_dag.py
[2022-08-17 18:07:08,974] {processor.py:651} INFO - DAG(s) dict_keys(['example_trigger_target_dag']) retrieved from /home/airflow/.local/lib/python3.7/site-packages/airflow/example_dags/example_trigger_target_dag.py
[2022-08-17 18:07:09,014] {logging_mixin.py:115} INFO - [2022-08-17 18:07:09,014] {dag.py:2371} INFO - Sync 1 DAGs
[2022-08-17 18:07:09,045] {logging_mixin.py:115} INFO - [2022-08-17 18:07:09,045] {dag.py:2919} INFO - Setting next_dagrun for example_trigger_target_dag to None, run_after=None
[2022-08-17 18:07:09,063] {processor.py:161} INFO - Processing /home/airflow/.local/lib/python3.7/site-packages/airflow/example_dags/example_trigger_target_dag.py took 0.120 seconds
[2022-08-17 18:08:04,455] {processor.py:153} INFO - Started process (PID=17506) to work on /home/airflow/.local/lib/python3.7/site-packages/airflow/example_dags/example_trigger_target_dag.py
[2022-08-17 18:08:04,457] {processor.py:641} INFO - Processing file /home/airflow/.local/lib/python3.7/site-packages/airflow/example_dags/example_trigger_target_dag.py for tasks to queue
[2022-08-17 18:08:04,458] {logging_mixin.py:115} INFO - [2022-08-17 18:08:04,458] {dagbag.py:507} INFO - Filling up the DagBag from /home/airflow/.local/lib/python3.7/site-packages/airflow/example_dags/example_trigger_target_dag.py
[2022-08-17 18:08:04,500] {processor.py:651} INFO - DAG(s) dict_keys(['example_trigger_target_dag']) retrieved from /home/airflow/.local/lib/python3.7/site-packages/airflow/example_dags/example_trigger_target_dag.py
[2022-08-17 18:08:04,565] {logging_mixin.py:115} INFO - [2022-08-17 18:08:04,565] {dag.py:2371} INFO - Sync 1 DAGs
[2022-08-17 18:08:04,632] {logging_mixin.py:115} INFO - [2022-08-17 18:08:04,632] {dag.py:2919} INFO - Setting next_dagrun for example_trigger_target_dag to None, run_after=None
[2022-08-17 18:08:04,682] {processor.py:161} INFO - Processing /home/airflow/.local/lib/python3.7/site-packages/airflow/example_dags/example_trigger_target_dag.py took 0.231 seconds
[2022-08-17 18:08:35,989] {processor.py:153} INFO - Started process (PID=17560) to work on /home/airflow/.local/lib/python3.7/site-packages/airflow/example_dags/example_trigger_target_dag.py
[2022-08-17 18:08:35,992] {processor.py:641} INFO - Processing file /home/airflow/.local/lib/python3.7/site-packages/airflow/example_dags/example_trigger_target_dag.py for tasks to queue
[2022-08-17 18:08:35,995] {logging_mixin.py:115} INFO - [2022-08-17 18:08:35,995] {dagbag.py:507} INFO - Filling up the DagBag from /home/airflow/.local/lib/python3.7/site-packages/airflow/example_dags/example_trigger_target_dag.py
[2022-08-17 18:08:36,162] {processor.py:651} INFO - DAG(s) dict_keys(['example_trigger_target_dag']) retrieved from /home/airflow/.local/lib/python3.7/site-packages/airflow/example_dags/example_trigger_target_dag.py
[2022-08-17 18:08:36,294] {logging_mixin.py:115} INFO - [2022-08-17 18:08:36,294] {dag.py:2371} INFO - Sync 1 DAGs
[2022-08-17 18:08:36,448] {logging_mixin.py:115} INFO - [2022-08-17 18:08:36,448] {dag.py:2919} INFO - Setting next_dagrun for example_trigger_target_dag to None, run_after=None
[2022-08-17 18:08:36,545] {processor.py:161} INFO - Processing /home/airflow/.local/lib/python3.7/site-packages/airflow/example_dags/example_trigger_target_dag.py took 0.597 seconds
[2022-08-17 18:13:37,564] {processor.py:153} INFO - Started process (PID=17603) to work on /home/airflow/.local/lib/python3.7/site-packages/airflow/example_dags/example_trigger_target_dag.py
[2022-08-17 18:13:37,574] {processor.py:641} INFO - Processing file /home/airflow/.local/lib/python3.7/site-packages/airflow/example_dags/example_trigger_target_dag.py for tasks to queue
[2022-08-17 18:13:37,598] {logging_mixin.py:115} INFO - [2022-08-17 18:13:37,598] {dagbag.py:507} INFO - Filling up the DagBag from /home/airflow/.local/lib/python3.7/site-packages/airflow/example_dags/example_trigger_target_dag.py
[2022-08-17 18:13:37,698] {processor.py:651} INFO - DAG(s) dict_keys(['example_trigger_target_dag']) retrieved from /home/airflow/.local/lib/python3.7/site-packages/airflow/example_dags/example_trigger_target_dag.py
[2022-08-17 18:13:37,767] {logging_mixin.py:115} INFO - [2022-08-17 18:13:37,767] {dag.py:2371} INFO - Sync 1 DAGs
[2022-08-17 18:13:37,837] {logging_mixin.py:115} INFO - [2022-08-17 18:13:37,837] {dag.py:2919} INFO - Setting next_dagrun for example_trigger_target_dag to None, run_after=None
[2022-08-17 18:13:37,860] {processor.py:161} INFO - Processing /home/airflow/.local/lib/python3.7/site-packages/airflow/example_dags/example_trigger_target_dag.py took 0.309 seconds
[2022-08-17 18:14:09,011] {processor.py:153} INFO - Started process (PID=17654) to work on /home/airflow/.local/lib/python3.7/site-packages/airflow/example_dags/example_trigger_target_dag.py
[2022-08-17 18:14:09,019] {processor.py:641} INFO - Processing file /home/airflow/.local/lib/python3.7/site-packages/airflow/example_dags/example_trigger_target_dag.py for tasks to queue
[2022-08-17 18:14:09,025] {logging_mixin.py:115} INFO - [2022-08-17 18:14:09,025] {dagbag.py:507} INFO - Filling up the DagBag from /home/airflow/.local/lib/python3.7/site-packages/airflow/example_dags/example_trigger_target_dag.py
[2022-08-17 18:14:09,113] {processor.py:651} INFO - DAG(s) dict_keys(['example_trigger_target_dag']) retrieved from /home/airflow/.local/lib/python3.7/site-packages/airflow/example_dags/example_trigger_target_dag.py
[2022-08-17 18:14:09,265] {logging_mixin.py:115} INFO - [2022-08-17 18:14:09,265] {dag.py:2371} INFO - Sync 1 DAGs
[2022-08-17 18:14:09,410] {logging_mixin.py:115} INFO - [2022-08-17 18:14:09,409] {dag.py:2919} INFO - Setting next_dagrun for example_trigger_target_dag to None, run_after=None
[2022-08-17 18:14:09,452] {processor.py:161} INFO - Processing /home/airflow/.local/lib/python3.7/site-packages/airflow/example_dags/example_trigger_target_dag.py took 0.458 seconds
[2022-08-17 18:19:09,762] {processor.py:153} INFO - Started process (PID=17704) to work on /home/airflow/.local/lib/python3.7/site-packages/airflow/example_dags/example_trigger_target_dag.py
[2022-08-17 18:19:09,763] {processor.py:641} INFO - Processing file /home/airflow/.local/lib/python3.7/site-packages/airflow/example_dags/example_trigger_target_dag.py for tasks to queue
[2022-08-17 18:19:09,765] {logging_mixin.py:115} INFO - [2022-08-17 18:19:09,765] {dagbag.py:507} INFO - Filling up the DagBag from /home/airflow/.local/lib/python3.7/site-packages/airflow/example_dags/example_trigger_target_dag.py
[2022-08-17 18:19:09,801] {processor.py:651} INFO - DAG(s) dict_keys(['example_trigger_target_dag']) retrieved from /home/airflow/.local/lib/python3.7/site-packages/airflow/example_dags/example_trigger_target_dag.py
[2022-08-17 18:19:09,844] {logging_mixin.py:115} INFO - [2022-08-17 18:19:09,844] {dag.py:2371} INFO - Sync 1 DAGs
[2022-08-17 18:19:09,876] {logging_mixin.py:115} INFO - [2022-08-17 18:19:09,876] {dag.py:2919} INFO - Setting next_dagrun for example_trigger_target_dag to None, run_after=None
[2022-08-17 18:19:09,903] {processor.py:161} INFO - Processing /home/airflow/.local/lib/python3.7/site-packages/airflow/example_dags/example_trigger_target_dag.py took 0.145 seconds
[2022-08-17 18:19:40,813] {processor.py:153} INFO - Started process (PID=17758) to work on /home/airflow/.local/lib/python3.7/site-packages/airflow/example_dags/example_trigger_target_dag.py
[2022-08-17 18:19:40,818] {processor.py:641} INFO - Processing file /home/airflow/.local/lib/python3.7/site-packages/airflow/example_dags/example_trigger_target_dag.py for tasks to queue
[2022-08-17 18:19:40,824] {logging_mixin.py:115} INFO - [2022-08-17 18:19:40,824] {dagbag.py:507} INFO - Filling up the DagBag from /home/airflow/.local/lib/python3.7/site-packages/airflow/example_dags/example_trigger_target_dag.py
[2022-08-17 18:19:40,891] {processor.py:651} INFO - DAG(s) dict_keys(['example_trigger_target_dag']) retrieved from /home/airflow/.local/lib/python3.7/site-packages/airflow/example_dags/example_trigger_target_dag.py
[2022-08-17 18:19:41,013] {logging_mixin.py:115} INFO - [2022-08-17 18:19:41,013] {dag.py:2371} INFO - Sync 1 DAGs
[2022-08-17 18:19:41,104] {logging_mixin.py:115} INFO - [2022-08-17 18:19:41,103] {dag.py:2919} INFO - Setting next_dagrun for example_trigger_target_dag to None, run_after=None
[2022-08-17 18:19:41,148] {processor.py:161} INFO - Processing /home/airflow/.local/lib/python3.7/site-packages/airflow/example_dags/example_trigger_target_dag.py took 0.344 seconds
[2022-08-17 18:24:43,804] {processor.py:153} INFO - Started process (PID=17808) to work on /home/airflow/.local/lib/python3.7/site-packages/airflow/example_dags/example_trigger_target_dag.py
[2022-08-17 18:24:43,805] {processor.py:641} INFO - Processing file /home/airflow/.local/lib/python3.7/site-packages/airflow/example_dags/example_trigger_target_dag.py for tasks to queue
[2022-08-17 18:24:43,806] {logging_mixin.py:115} INFO - [2022-08-17 18:24:43,806] {dagbag.py:507} INFO - Filling up the DagBag from /home/airflow/.local/lib/python3.7/site-packages/airflow/example_dags/example_trigger_target_dag.py
[2022-08-17 18:24:43,893] {processor.py:651} INFO - DAG(s) dict_keys(['example_trigger_target_dag']) retrieved from /home/airflow/.local/lib/python3.7/site-packages/airflow/example_dags/example_trigger_target_dag.py
[2022-08-17 18:24:44,053] {logging_mixin.py:115} INFO - [2022-08-17 18:24:44,053] {dag.py:2371} INFO - Sync 1 DAGs
[2022-08-17 18:24:44,173] {logging_mixin.py:115} INFO - [2022-08-17 18:24:44,173] {dag.py:2919} INFO - Setting next_dagrun for example_trigger_target_dag to None, run_after=None
[2022-08-17 18:24:44,219] {processor.py:161} INFO - Processing /home/airflow/.local/lib/python3.7/site-packages/airflow/example_dags/example_trigger_target_dag.py took 0.437 seconds
[2022-08-17 18:25:14,888] {processor.py:153} INFO - Started process (PID=17862) to work on /home/airflow/.local/lib/python3.7/site-packages/airflow/example_dags/example_trigger_target_dag.py
[2022-08-17 18:25:14,892] {processor.py:641} INFO - Processing file /home/airflow/.local/lib/python3.7/site-packages/airflow/example_dags/example_trigger_target_dag.py for tasks to queue
[2022-08-17 18:25:14,895] {logging_mixin.py:115} INFO - [2022-08-17 18:25:14,895] {dagbag.py:507} INFO - Filling up the DagBag from /home/airflow/.local/lib/python3.7/site-packages/airflow/example_dags/example_trigger_target_dag.py
[2022-08-17 18:25:14,951] {processor.py:651} INFO - DAG(s) dict_keys(['example_trigger_target_dag']) retrieved from /home/airflow/.local/lib/python3.7/site-packages/airflow/example_dags/example_trigger_target_dag.py
[2022-08-17 18:25:15,028] {logging_mixin.py:115} INFO - [2022-08-17 18:25:15,028] {dag.py:2371} INFO - Sync 1 DAGs
[2022-08-17 18:25:15,092] {logging_mixin.py:115} INFO - [2022-08-17 18:25:15,091] {dag.py:2919} INFO - Setting next_dagrun for example_trigger_target_dag to None, run_after=None
[2022-08-17 18:25:15,138] {processor.py:161} INFO - Processing /home/airflow/.local/lib/python3.7/site-packages/airflow/example_dags/example_trigger_target_dag.py took 0.285 seconds
[2022-08-17 18:30:19,292] {processor.py:153} INFO - Started process (PID=17911) to work on /home/airflow/.local/lib/python3.7/site-packages/airflow/example_dags/example_trigger_target_dag.py
[2022-08-17 18:30:19,294] {processor.py:641} INFO - Processing file /home/airflow/.local/lib/python3.7/site-packages/airflow/example_dags/example_trigger_target_dag.py for tasks to queue
[2022-08-17 18:30:19,295] {logging_mixin.py:115} INFO - [2022-08-17 18:30:19,295] {dagbag.py:507} INFO - Filling up the DagBag from /home/airflow/.local/lib/python3.7/site-packages/airflow/example_dags/example_trigger_target_dag.py
[2022-08-17 18:30:19,362] {processor.py:651} INFO - DAG(s) dict_keys(['example_trigger_target_dag']) retrieved from /home/airflow/.local/lib/python3.7/site-packages/airflow/example_dags/example_trigger_target_dag.py
[2022-08-17 18:30:19,475] {logging_mixin.py:115} INFO - [2022-08-17 18:30:19,474] {dag.py:2371} INFO - Sync 1 DAGs
[2022-08-17 18:30:19,585] {logging_mixin.py:115} INFO - [2022-08-17 18:30:19,585] {dag.py:2919} INFO - Setting next_dagrun for example_trigger_target_dag to None, run_after=None
[2022-08-17 18:30:19,621] {processor.py:161} INFO - Processing /home/airflow/.local/lib/python3.7/site-packages/airflow/example_dags/example_trigger_target_dag.py took 0.347 seconds
[2022-08-17 18:30:50,710] {processor.py:153} INFO - Started process (PID=17966) to work on /home/airflow/.local/lib/python3.7/site-packages/airflow/example_dags/example_trigger_target_dag.py
[2022-08-17 18:30:50,713] {processor.py:641} INFO - Processing file /home/airflow/.local/lib/python3.7/site-packages/airflow/example_dags/example_trigger_target_dag.py for tasks to queue
[2022-08-17 18:30:50,718] {logging_mixin.py:115} INFO - [2022-08-17 18:30:50,717] {dagbag.py:507} INFO - Filling up the DagBag from /home/airflow/.local/lib/python3.7/site-packages/airflow/example_dags/example_trigger_target_dag.py
[2022-08-17 18:30:50,772] {processor.py:651} INFO - DAG(s) dict_keys(['example_trigger_target_dag']) retrieved from /home/airflow/.local/lib/python3.7/site-packages/airflow/example_dags/example_trigger_target_dag.py
[2022-08-17 18:30:50,910] {logging_mixin.py:115} INFO - [2022-08-17 18:30:50,910] {dag.py:2371} INFO - Sync 1 DAGs
[2022-08-17 18:30:50,983] {logging_mixin.py:115} INFO - [2022-08-17 18:30:50,983] {dag.py:2919} INFO - Setting next_dagrun for example_trigger_target_dag to None, run_after=None
[2022-08-17 18:30:51,028] {processor.py:161} INFO - Processing /home/airflow/.local/lib/python3.7/site-packages/airflow/example_dags/example_trigger_target_dag.py took 0.336 seconds
[2022-08-17 18:35:53,715] {processor.py:153} INFO - Started process (PID=18019) to work on /home/airflow/.local/lib/python3.7/site-packages/airflow/example_dags/example_trigger_target_dag.py
[2022-08-17 18:35:53,717] {processor.py:641} INFO - Processing file /home/airflow/.local/lib/python3.7/site-packages/airflow/example_dags/example_trigger_target_dag.py for tasks to queue
[2022-08-17 18:35:53,720] {logging_mixin.py:115} INFO - [2022-08-17 18:35:53,720] {dagbag.py:507} INFO - Filling up the DagBag from /home/airflow/.local/lib/python3.7/site-packages/airflow/example_dags/example_trigger_target_dag.py
[2022-08-17 18:35:53,779] {processor.py:651} INFO - DAG(s) dict_keys(['example_trigger_target_dag']) retrieved from /home/airflow/.local/lib/python3.7/site-packages/airflow/example_dags/example_trigger_target_dag.py
[2022-08-17 18:35:53,844] {logging_mixin.py:115} INFO - [2022-08-17 18:35:53,844] {dag.py:2371} INFO - Sync 1 DAGs
[2022-08-17 18:35:53,900] {logging_mixin.py:115} INFO - [2022-08-17 18:35:53,900] {dag.py:2919} INFO - Setting next_dagrun for example_trigger_target_dag to None, run_after=None
[2022-08-17 18:35:53,921] {processor.py:161} INFO - Processing /home/airflow/.local/lib/python3.7/site-packages/airflow/example_dags/example_trigger_target_dag.py took 0.226 seconds
[2022-08-17 18:36:24,242] {processor.py:153} INFO - Started process (PID=18071) to work on /home/airflow/.local/lib/python3.7/site-packages/airflow/example_dags/example_trigger_target_dag.py
[2022-08-17 18:36:24,247] {processor.py:641} INFO - Processing file /home/airflow/.local/lib/python3.7/site-packages/airflow/example_dags/example_trigger_target_dag.py for tasks to queue
[2022-08-17 18:36:24,250] {logging_mixin.py:115} INFO - [2022-08-17 18:36:24,249] {dagbag.py:507} INFO - Filling up the DagBag from /home/airflow/.local/lib/python3.7/site-packages/airflow/example_dags/example_trigger_target_dag.py
[2022-08-17 18:36:24,307] {processor.py:651} INFO - DAG(s) dict_keys(['example_trigger_target_dag']) retrieved from /home/airflow/.local/lib/python3.7/site-packages/airflow/example_dags/example_trigger_target_dag.py
[2022-08-17 18:36:24,385] {logging_mixin.py:115} INFO - [2022-08-17 18:36:24,385] {dag.py:2371} INFO - Sync 1 DAGs
[2022-08-17 18:36:24,444] {logging_mixin.py:115} INFO - [2022-08-17 18:36:24,444] {dag.py:2919} INFO - Setting next_dagrun for example_trigger_target_dag to None, run_after=None
[2022-08-17 18:36:24,480] {processor.py:161} INFO - Processing /home/airflow/.local/lib/python3.7/site-packages/airflow/example_dags/example_trigger_target_dag.py took 0.248 seconds
[2022-08-17 18:41:24,267] {processor.py:153} INFO - Started process (PID=18123) to work on /home/airflow/.local/lib/python3.7/site-packages/airflow/example_dags/example_trigger_target_dag.py
[2022-08-17 18:41:24,269] {processor.py:641} INFO - Processing file /home/airflow/.local/lib/python3.7/site-packages/airflow/example_dags/example_trigger_target_dag.py for tasks to queue
[2022-08-17 18:41:24,277] {logging_mixin.py:115} INFO - [2022-08-17 18:41:24,276] {dagbag.py:507} INFO - Filling up the DagBag from /home/airflow/.local/lib/python3.7/site-packages/airflow/example_dags/example_trigger_target_dag.py
[2022-08-17 18:41:24,379] {processor.py:651} INFO - DAG(s) dict_keys(['example_trigger_target_dag']) retrieved from /home/airflow/.local/lib/python3.7/site-packages/airflow/example_dags/example_trigger_target_dag.py
[2022-08-17 18:41:24,582] {logging_mixin.py:115} INFO - [2022-08-17 18:41:24,581] {dag.py:2371} INFO - Sync 1 DAGs
[2022-08-17 18:41:24,649] {logging_mixin.py:115} INFO - [2022-08-17 18:41:24,649] {dag.py:2919} INFO - Setting next_dagrun for example_trigger_target_dag to None, run_after=None
[2022-08-17 18:41:24,729] {processor.py:161} INFO - Processing /home/airflow/.local/lib/python3.7/site-packages/airflow/example_dags/example_trigger_target_dag.py took 0.471 seconds
[2022-08-17 18:41:55,599] {processor.py:153} INFO - Started process (PID=18176) to work on /home/airflow/.local/lib/python3.7/site-packages/airflow/example_dags/example_trigger_target_dag.py
[2022-08-17 18:41:55,609] {processor.py:641} INFO - Processing file /home/airflow/.local/lib/python3.7/site-packages/airflow/example_dags/example_trigger_target_dag.py for tasks to queue
[2022-08-17 18:41:55,628] {logging_mixin.py:115} INFO - [2022-08-17 18:41:55,628] {dagbag.py:507} INFO - Filling up the DagBag from /home/airflow/.local/lib/python3.7/site-packages/airflow/example_dags/example_trigger_target_dag.py
[2022-08-17 18:41:55,695] {processor.py:651} INFO - DAG(s) dict_keys(['example_trigger_target_dag']) retrieved from /home/airflow/.local/lib/python3.7/site-packages/airflow/example_dags/example_trigger_target_dag.py
[2022-08-17 18:41:55,828] {logging_mixin.py:115} INFO - [2022-08-17 18:41:55,828] {dag.py:2371} INFO - Sync 1 DAGs
[2022-08-17 18:41:55,950] {logging_mixin.py:115} INFO - [2022-08-17 18:41:55,950] {dag.py:2919} INFO - Setting next_dagrun for example_trigger_target_dag to None, run_after=None
[2022-08-17 18:41:55,990] {processor.py:161} INFO - Processing /home/airflow/.local/lib/python3.7/site-packages/airflow/example_dags/example_trigger_target_dag.py took 0.413 seconds
[2022-08-17 18:46:58,591] {processor.py:153} INFO - Started process (PID=18229) to work on /home/airflow/.local/lib/python3.7/site-packages/airflow/example_dags/example_trigger_target_dag.py
[2022-08-17 18:46:58,594] {processor.py:641} INFO - Processing file /home/airflow/.local/lib/python3.7/site-packages/airflow/example_dags/example_trigger_target_dag.py for tasks to queue
[2022-08-17 18:46:58,600] {logging_mixin.py:115} INFO - [2022-08-17 18:46:58,600] {dagbag.py:507} INFO - Filling up the DagBag from /home/airflow/.local/lib/python3.7/site-packages/airflow/example_dags/example_trigger_target_dag.py
[2022-08-17 18:46:58,640] {processor.py:651} INFO - DAG(s) dict_keys(['example_trigger_target_dag']) retrieved from /home/airflow/.local/lib/python3.7/site-packages/airflow/example_dags/example_trigger_target_dag.py
[2022-08-17 18:46:58,697] {logging_mixin.py:115} INFO - [2022-08-17 18:46:58,697] {dag.py:2371} INFO - Sync 1 DAGs
[2022-08-17 18:46:58,766] {logging_mixin.py:115} INFO - [2022-08-17 18:46:58,766] {dag.py:2919} INFO - Setting next_dagrun for example_trigger_target_dag to None, run_after=None
[2022-08-17 18:46:58,806] {processor.py:161} INFO - Processing /home/airflow/.local/lib/python3.7/site-packages/airflow/example_dags/example_trigger_target_dag.py took 0.248 seconds
[2022-08-17 18:47:29,098] {processor.py:153} INFO - Started process (PID=18282) to work on /home/airflow/.local/lib/python3.7/site-packages/airflow/example_dags/example_trigger_target_dag.py
[2022-08-17 18:47:29,101] {processor.py:641} INFO - Processing file /home/airflow/.local/lib/python3.7/site-packages/airflow/example_dags/example_trigger_target_dag.py for tasks to queue
[2022-08-17 18:47:29,104] {logging_mixin.py:115} INFO - [2022-08-17 18:47:29,104] {dagbag.py:507} INFO - Filling up the DagBag from /home/airflow/.local/lib/python3.7/site-packages/airflow/example_dags/example_trigger_target_dag.py
[2022-08-17 18:47:29,153] {processor.py:651} INFO - DAG(s) dict_keys(['example_trigger_target_dag']) retrieved from /home/airflow/.local/lib/python3.7/site-packages/airflow/example_dags/example_trigger_target_dag.py
[2022-08-17 18:47:29,227] {logging_mixin.py:115} INFO - [2022-08-17 18:47:29,227] {dag.py:2371} INFO - Sync 1 DAGs
[2022-08-17 18:47:29,287] {logging_mixin.py:115} INFO - [2022-08-17 18:47:29,287] {dag.py:2919} INFO - Setting next_dagrun for example_trigger_target_dag to None, run_after=None
[2022-08-17 18:47:29,319] {processor.py:161} INFO - Processing /home/airflow/.local/lib/python3.7/site-packages/airflow/example_dags/example_trigger_target_dag.py took 0.231 seconds
[2022-08-17 18:52:29,870] {processor.py:153} INFO - Started process (PID=18333) to work on /home/airflow/.local/lib/python3.7/site-packages/airflow/example_dags/example_trigger_target_dag.py
[2022-08-17 18:52:29,883] {processor.py:641} INFO - Processing file /home/airflow/.local/lib/python3.7/site-packages/airflow/example_dags/example_trigger_target_dag.py for tasks to queue
[2022-08-17 18:52:29,893] {logging_mixin.py:115} INFO - [2022-08-17 18:52:29,892] {dagbag.py:507} INFO - Filling up the DagBag from /home/airflow/.local/lib/python3.7/site-packages/airflow/example_dags/example_trigger_target_dag.py
[2022-08-17 18:52:29,999] {processor.py:651} INFO - DAG(s) dict_keys(['example_trigger_target_dag']) retrieved from /home/airflow/.local/lib/python3.7/site-packages/airflow/example_dags/example_trigger_target_dag.py
[2022-08-17 18:52:30,160] {logging_mixin.py:115} INFO - [2022-08-17 18:52:30,160] {dag.py:2371} INFO - Sync 1 DAGs
[2022-08-17 18:52:30,237] {logging_mixin.py:115} INFO - [2022-08-17 18:52:30,237] {dag.py:2919} INFO - Setting next_dagrun for example_trigger_target_dag to None, run_after=None
[2022-08-17 18:52:30,266] {processor.py:161} INFO - Processing /home/airflow/.local/lib/python3.7/site-packages/airflow/example_dags/example_trigger_target_dag.py took 0.419 seconds
[2022-08-17 18:53:01,580] {processor.py:153} INFO - Started process (PID=18386) to work on /home/airflow/.local/lib/python3.7/site-packages/airflow/example_dags/example_trigger_target_dag.py
[2022-08-17 18:53:01,585] {processor.py:641} INFO - Processing file /home/airflow/.local/lib/python3.7/site-packages/airflow/example_dags/example_trigger_target_dag.py for tasks to queue
[2022-08-17 18:53:01,590] {logging_mixin.py:115} INFO - [2022-08-17 18:53:01,589] {dagbag.py:507} INFO - Filling up the DagBag from /home/airflow/.local/lib/python3.7/site-packages/airflow/example_dags/example_trigger_target_dag.py
[2022-08-17 18:53:01,665] {processor.py:651} INFO - DAG(s) dict_keys(['example_trigger_target_dag']) retrieved from /home/airflow/.local/lib/python3.7/site-packages/airflow/example_dags/example_trigger_target_dag.py
[2022-08-17 18:53:01,758] {logging_mixin.py:115} INFO - [2022-08-17 18:53:01,757] {dag.py:2371} INFO - Sync 1 DAGs
[2022-08-17 18:53:01,849] {logging_mixin.py:115} INFO - [2022-08-17 18:53:01,849] {dag.py:2919} INFO - Setting next_dagrun for example_trigger_target_dag to None, run_after=None
[2022-08-17 18:53:01,895] {processor.py:161} INFO - Processing /home/airflow/.local/lib/python3.7/site-packages/airflow/example_dags/example_trigger_target_dag.py took 0.333 seconds
[2022-08-17 18:58:02,885] {processor.py:153} INFO - Started process (PID=18440) to work on /home/airflow/.local/lib/python3.7/site-packages/airflow/example_dags/example_trigger_target_dag.py
[2022-08-17 18:58:02,899] {processor.py:641} INFO - Processing file /home/airflow/.local/lib/python3.7/site-packages/airflow/example_dags/example_trigger_target_dag.py for tasks to queue
[2022-08-17 18:58:02,900] {logging_mixin.py:115} INFO - [2022-08-17 18:58:02,900] {dagbag.py:507} INFO - Filling up the DagBag from /home/airflow/.local/lib/python3.7/site-packages/airflow/example_dags/example_trigger_target_dag.py
[2022-08-17 18:58:02,930] {processor.py:651} INFO - DAG(s) dict_keys(['example_trigger_target_dag']) retrieved from /home/airflow/.local/lib/python3.7/site-packages/airflow/example_dags/example_trigger_target_dag.py
[2022-08-17 18:58:02,960] {logging_mixin.py:115} INFO - [2022-08-17 18:58:02,960] {dag.py:2371} INFO - Sync 1 DAGs
[2022-08-17 18:58:02,980] {logging_mixin.py:115} INFO - [2022-08-17 18:58:02,980] {dag.py:2919} INFO - Setting next_dagrun for example_trigger_target_dag to None, run_after=None
[2022-08-17 18:58:03,003] {processor.py:161} INFO - Processing /home/airflow/.local/lib/python3.7/site-packages/airflow/example_dags/example_trigger_target_dag.py took 0.127 seconds
[2022-08-17 18:58:34,567] {processor.py:153} INFO - Started process (PID=18492) to work on /home/airflow/.local/lib/python3.7/site-packages/airflow/example_dags/example_trigger_target_dag.py
[2022-08-17 18:58:34,572] {processor.py:641} INFO - Processing file /home/airflow/.local/lib/python3.7/site-packages/airflow/example_dags/example_trigger_target_dag.py for tasks to queue
[2022-08-17 18:58:34,577] {logging_mixin.py:115} INFO - [2022-08-17 18:58:34,577] {dagbag.py:507} INFO - Filling up the DagBag from /home/airflow/.local/lib/python3.7/site-packages/airflow/example_dags/example_trigger_target_dag.py
[2022-08-17 18:58:34,718] {processor.py:651} INFO - DAG(s) dict_keys(['example_trigger_target_dag']) retrieved from /home/airflow/.local/lib/python3.7/site-packages/airflow/example_dags/example_trigger_target_dag.py
[2022-08-17 18:58:34,917] {logging_mixin.py:115} INFO - [2022-08-17 18:58:34,916] {dag.py:2371} INFO - Sync 1 DAGs
[2022-08-17 18:58:35,036] {logging_mixin.py:115} INFO - [2022-08-17 18:58:35,036] {dag.py:2919} INFO - Setting next_dagrun for example_trigger_target_dag to None, run_after=None
[2022-08-17 18:58:35,090] {processor.py:161} INFO - Processing /home/airflow/.local/lib/python3.7/site-packages/airflow/example_dags/example_trigger_target_dag.py took 0.559 seconds
[2022-08-17 19:03:35,869] {processor.py:153} INFO - Started process (PID=18535) to work on /home/airflow/.local/lib/python3.7/site-packages/airflow/example_dags/example_trigger_target_dag.py
[2022-08-17 19:03:35,873] {processor.py:641} INFO - Processing file /home/airflow/.local/lib/python3.7/site-packages/airflow/example_dags/example_trigger_target_dag.py for tasks to queue
[2022-08-17 19:03:35,875] {logging_mixin.py:115} INFO - [2022-08-17 19:03:35,875] {dagbag.py:507} INFO - Filling up the DagBag from /home/airflow/.local/lib/python3.7/site-packages/airflow/example_dags/example_trigger_target_dag.py
[2022-08-17 19:03:35,942] {processor.py:651} INFO - DAG(s) dict_keys(['example_trigger_target_dag']) retrieved from /home/airflow/.local/lib/python3.7/site-packages/airflow/example_dags/example_trigger_target_dag.py
[2022-08-17 19:03:36,051] {logging_mixin.py:115} INFO - [2022-08-17 19:03:36,050] {dag.py:2371} INFO - Sync 1 DAGs
[2022-08-17 19:03:36,097] {logging_mixin.py:115} INFO - [2022-08-17 19:03:36,097] {dag.py:2919} INFO - Setting next_dagrun for example_trigger_target_dag to None, run_after=None
[2022-08-17 19:03:36,128] {processor.py:161} INFO - Processing /home/airflow/.local/lib/python3.7/site-packages/airflow/example_dags/example_trigger_target_dag.py took 0.269 seconds
[2022-08-17 19:04:06,890] {processor.py:153} INFO - Started process (PID=18587) to work on /home/airflow/.local/lib/python3.7/site-packages/airflow/example_dags/example_trigger_target_dag.py
[2022-08-17 19:04:06,894] {processor.py:641} INFO - Processing file /home/airflow/.local/lib/python3.7/site-packages/airflow/example_dags/example_trigger_target_dag.py for tasks to queue
[2022-08-17 19:04:06,899] {logging_mixin.py:115} INFO - [2022-08-17 19:04:06,899] {dagbag.py:507} INFO - Filling up the DagBag from /home/airflow/.local/lib/python3.7/site-packages/airflow/example_dags/example_trigger_target_dag.py
[2022-08-17 19:04:06,957] {processor.py:651} INFO - DAG(s) dict_keys(['example_trigger_target_dag']) retrieved from /home/airflow/.local/lib/python3.7/site-packages/airflow/example_dags/example_trigger_target_dag.py
[2022-08-17 19:04:07,045] {logging_mixin.py:115} INFO - [2022-08-17 19:04:07,045] {dag.py:2371} INFO - Sync 1 DAGs
[2022-08-17 19:04:07,115] {logging_mixin.py:115} INFO - [2022-08-17 19:04:07,114] {dag.py:2919} INFO - Setting next_dagrun for example_trigger_target_dag to None, run_after=None
[2022-08-17 19:04:07,163] {processor.py:161} INFO - Processing /home/airflow/.local/lib/python3.7/site-packages/airflow/example_dags/example_trigger_target_dag.py took 0.304 seconds
[2022-08-17 19:06:40,539] {processor.py:153} INFO - Started process (PID=18637) to work on /home/airflow/.local/lib/python3.7/site-packages/airflow/example_dags/example_trigger_target_dag.py
[2022-08-17 19:06:40,546] {processor.py:641} INFO - Processing file /home/airflow/.local/lib/python3.7/site-packages/airflow/example_dags/example_trigger_target_dag.py for tasks to queue
[2022-08-17 19:06:40,552] {logging_mixin.py:115} INFO - [2022-08-17 19:06:40,552] {dagbag.py:507} INFO - Filling up the DagBag from /home/airflow/.local/lib/python3.7/site-packages/airflow/example_dags/example_trigger_target_dag.py
[2022-08-17 19:06:40,610] {processor.py:651} INFO - DAG(s) dict_keys(['example_trigger_target_dag']) retrieved from /home/airflow/.local/lib/python3.7/site-packages/airflow/example_dags/example_trigger_target_dag.py
[2022-08-17 19:06:40,673] {logging_mixin.py:115} INFO - [2022-08-17 19:06:40,673] {dag.py:2371} INFO - Sync 1 DAGs
[2022-08-17 19:06:40,785] {logging_mixin.py:115} INFO - [2022-08-17 19:06:40,785] {dag.py:2919} INFO - Setting next_dagrun for example_trigger_target_dag to None, run_after=None
[2022-08-17 19:06:40,916] {processor.py:161} INFO - Processing /home/airflow/.local/lib/python3.7/site-packages/airflow/example_dags/example_trigger_target_dag.py took 0.382 seconds
[2022-08-17 19:11:33,652] {processor.py:153} INFO - Started process (PID=18683) to work on /home/airflow/.local/lib/python3.7/site-packages/airflow/example_dags/example_trigger_target_dag.py
[2022-08-17 19:11:33,654] {processor.py:641} INFO - Processing file /home/airflow/.local/lib/python3.7/site-packages/airflow/example_dags/example_trigger_target_dag.py for tasks to queue
[2022-08-17 19:11:33,657] {logging_mixin.py:115} INFO - [2022-08-17 19:11:33,657] {dagbag.py:507} INFO - Filling up the DagBag from /home/airflow/.local/lib/python3.7/site-packages/airflow/example_dags/example_trigger_target_dag.py
[2022-08-17 19:11:33,687] {processor.py:651} INFO - DAG(s) dict_keys(['example_trigger_target_dag']) retrieved from /home/airflow/.local/lib/python3.7/site-packages/airflow/example_dags/example_trigger_target_dag.py
[2022-08-17 19:11:33,725] {logging_mixin.py:115} INFO - [2022-08-17 19:11:33,724] {dag.py:2371} INFO - Sync 1 DAGs
[2022-08-17 19:11:33,757] {logging_mixin.py:115} INFO - [2022-08-17 19:11:33,757] {dag.py:2919} INFO - Setting next_dagrun for example_trigger_target_dag to None, run_after=None
[2022-08-17 19:11:33,777] {processor.py:161} INFO - Processing /home/airflow/.local/lib/python3.7/site-packages/airflow/example_dags/example_trigger_target_dag.py took 0.131 seconds
[2022-08-17 20:55:16,091] {processor.py:153} INFO - Started process (PID=18735) to work on /home/airflow/.local/lib/python3.7/site-packages/airflow/example_dags/example_trigger_target_dag.py
[2022-08-17 20:55:16,093] {processor.py:641} INFO - Processing file /home/airflow/.local/lib/python3.7/site-packages/airflow/example_dags/example_trigger_target_dag.py for tasks to queue
[2022-08-17 20:55:16,096] {logging_mixin.py:115} INFO - [2022-08-17 20:55:16,096] {dagbag.py:507} INFO - Filling up the DagBag from /home/airflow/.local/lib/python3.7/site-packages/airflow/example_dags/example_trigger_target_dag.py
[2022-08-17 20:55:16,149] {processor.py:651} INFO - DAG(s) dict_keys(['example_trigger_target_dag']) retrieved from /home/airflow/.local/lib/python3.7/site-packages/airflow/example_dags/example_trigger_target_dag.py
[2022-08-17 20:55:16,188] {logging_mixin.py:115} INFO - [2022-08-17 20:55:16,188] {dag.py:2371} INFO - Sync 1 DAGs
[2022-08-17 20:55:16,216] {logging_mixin.py:115} INFO - [2022-08-17 20:55:16,216] {dag.py:2919} INFO - Setting next_dagrun for example_trigger_target_dag to None, run_after=None
[2022-08-17 20:55:16,233] {processor.py:161} INFO - Processing /home/airflow/.local/lib/python3.7/site-packages/airflow/example_dags/example_trigger_target_dag.py took 0.153 seconds
[2022-08-17 22:43:19,730] {processor.py:153} INFO - Started process (PID=18778) to work on /home/airflow/.local/lib/python3.7/site-packages/airflow/example_dags/example_trigger_target_dag.py
[2022-08-17 22:43:19,732] {processor.py:641} INFO - Processing file /home/airflow/.local/lib/python3.7/site-packages/airflow/example_dags/example_trigger_target_dag.py for tasks to queue
[2022-08-17 22:43:19,738] {logging_mixin.py:115} INFO - [2022-08-17 22:43:19,738] {dagbag.py:507} INFO - Filling up the DagBag from /home/airflow/.local/lib/python3.7/site-packages/airflow/example_dags/example_trigger_target_dag.py
[2022-08-17 22:43:19,785] {processor.py:651} INFO - DAG(s) dict_keys(['example_trigger_target_dag']) retrieved from /home/airflow/.local/lib/python3.7/site-packages/airflow/example_dags/example_trigger_target_dag.py
[2022-08-17 22:43:19,866] {logging_mixin.py:115} INFO - [2022-08-17 22:43:19,866] {dag.py:2371} INFO - Sync 1 DAGs
[2022-08-17 22:43:19,938] {logging_mixin.py:115} INFO - [2022-08-17 22:43:19,938] {dag.py:2919} INFO - Setting next_dagrun for example_trigger_target_dag to None, run_after=None
[2022-08-17 22:43:19,975] {processor.py:161} INFO - Processing /home/airflow/.local/lib/python3.7/site-packages/airflow/example_dags/example_trigger_target_dag.py took 0.256 seconds
