[2022-08-09 00:23:40,161] {processor.py:153} INFO - Started process (PID=89334) to work on /home/airflow/.local/lib/python3.7/site-packages/airflow/example_dags/tutorial_etl_dag.py
[2022-08-09 00:23:40,173] {processor.py:641} INFO - Processing file /home/airflow/.local/lib/python3.7/site-packages/airflow/example_dags/tutorial_etl_dag.py for tasks to queue
[2022-08-09 00:23:40,176] {logging_mixin.py:115} INFO - [2022-08-09 00:23:40,175] {dagbag.py:507} INFO - Filling up the DagBag from /home/airflow/.local/lib/python3.7/site-packages/airflow/example_dags/tutorial_etl_dag.py
[2022-08-09 00:23:40,198] {processor.py:651} INFO - DAG(s) dict_keys(['tutorial_etl_dag']) retrieved from /home/airflow/.local/lib/python3.7/site-packages/airflow/example_dags/tutorial_etl_dag.py
[2022-08-09 00:23:40,274] {logging_mixin.py:115} INFO - [2022-08-09 00:23:40,274] {dag.py:2371} INFO - Sync 1 DAGs
[2022-08-09 00:23:40,327] {logging_mixin.py:115} INFO - [2022-08-09 00:23:40,326] {dag.py:2919} INFO - Setting next_dagrun for tutorial_etl_dag to None, run_after=None
[2022-08-09 00:23:40,349] {processor.py:161} INFO - Processing /home/airflow/.local/lib/python3.7/site-packages/airflow/example_dags/tutorial_etl_dag.py took 0.199 seconds
[2022-08-09 01:35:36,814] {processor.py:153} INFO - Started process (PID=89387) to work on /home/airflow/.local/lib/python3.7/site-packages/airflow/example_dags/tutorial_etl_dag.py
[2022-08-09 01:35:36,816] {processor.py:641} INFO - Processing file /home/airflow/.local/lib/python3.7/site-packages/airflow/example_dags/tutorial_etl_dag.py for tasks to queue
[2022-08-09 01:35:36,818] {logging_mixin.py:115} INFO - [2022-08-09 01:35:36,818] {dagbag.py:507} INFO - Filling up the DagBag from /home/airflow/.local/lib/python3.7/site-packages/airflow/example_dags/tutorial_etl_dag.py
[2022-08-09 01:35:36,846] {processor.py:651} INFO - DAG(s) dict_keys(['tutorial_etl_dag']) retrieved from /home/airflow/.local/lib/python3.7/site-packages/airflow/example_dags/tutorial_etl_dag.py
[2022-08-09 01:35:36,954] {logging_mixin.py:115} INFO - [2022-08-09 01:35:36,954] {dag.py:2371} INFO - Sync 1 DAGs
[2022-08-09 01:35:37,046] {logging_mixin.py:115} INFO - [2022-08-09 01:35:37,046] {dag.py:2919} INFO - Setting next_dagrun for tutorial_etl_dag to None, run_after=None
[2022-08-09 01:35:37,116] {processor.py:161} INFO - Processing /home/airflow/.local/lib/python3.7/site-packages/airflow/example_dags/tutorial_etl_dag.py took 0.308 seconds
[2022-08-09 03:26:44,593] {processor.py:153} INFO - Started process (PID=89431) to work on /home/airflow/.local/lib/python3.7/site-packages/airflow/example_dags/tutorial_etl_dag.py
[2022-08-09 03:26:44,596] {processor.py:641} INFO - Processing file /home/airflow/.local/lib/python3.7/site-packages/airflow/example_dags/tutorial_etl_dag.py for tasks to queue
[2022-08-09 03:26:44,601] {logging_mixin.py:115} INFO - [2022-08-09 03:26:44,600] {dagbag.py:507} INFO - Filling up the DagBag from /home/airflow/.local/lib/python3.7/site-packages/airflow/example_dags/tutorial_etl_dag.py
[2022-08-09 03:26:44,672] {processor.py:651} INFO - DAG(s) dict_keys(['tutorial_etl_dag']) retrieved from /home/airflow/.local/lib/python3.7/site-packages/airflow/example_dags/tutorial_etl_dag.py
[2022-08-09 03:26:44,744] {logging_mixin.py:115} INFO - [2022-08-09 03:26:44,744] {dag.py:2371} INFO - Sync 1 DAGs
[2022-08-09 03:26:44,825] {logging_mixin.py:115} INFO - [2022-08-09 03:26:44,825] {dag.py:2919} INFO - Setting next_dagrun for tutorial_etl_dag to None, run_after=None
[2022-08-09 03:26:44,880] {processor.py:161} INFO - Processing /home/airflow/.local/lib/python3.7/site-packages/airflow/example_dags/tutorial_etl_dag.py took 0.313 seconds
[2022-08-09 03:31:47,753] {processor.py:153} INFO - Started process (PID=89473) to work on /home/airflow/.local/lib/python3.7/site-packages/airflow/example_dags/tutorial_etl_dag.py
[2022-08-09 03:31:47,757] {processor.py:641} INFO - Processing file /home/airflow/.local/lib/python3.7/site-packages/airflow/example_dags/tutorial_etl_dag.py for tasks to queue
[2022-08-09 03:31:47,760] {logging_mixin.py:115} INFO - [2022-08-09 03:31:47,760] {dagbag.py:507} INFO - Filling up the DagBag from /home/airflow/.local/lib/python3.7/site-packages/airflow/example_dags/tutorial_etl_dag.py
[2022-08-09 03:31:47,795] {processor.py:651} INFO - DAG(s) dict_keys(['tutorial_etl_dag']) retrieved from /home/airflow/.local/lib/python3.7/site-packages/airflow/example_dags/tutorial_etl_dag.py
[2022-08-09 03:31:47,915] {logging_mixin.py:115} INFO - [2022-08-09 03:31:47,915] {dag.py:2371} INFO - Sync 1 DAGs
[2022-08-09 03:31:47,976] {logging_mixin.py:115} INFO - [2022-08-09 03:31:47,976] {dag.py:2919} INFO - Setting next_dagrun for tutorial_etl_dag to None, run_after=None
[2022-08-09 03:31:48,020] {processor.py:161} INFO - Processing /home/airflow/.local/lib/python3.7/site-packages/airflow/example_dags/tutorial_etl_dag.py took 0.277 seconds
[2022-08-09 03:36:47,699] {processor.py:153} INFO - Started process (PID=89525) to work on /home/airflow/.local/lib/python3.7/site-packages/airflow/example_dags/tutorial_etl_dag.py
[2022-08-09 03:36:47,703] {processor.py:641} INFO - Processing file /home/airflow/.local/lib/python3.7/site-packages/airflow/example_dags/tutorial_etl_dag.py for tasks to queue
[2022-08-09 03:36:47,708] {logging_mixin.py:115} INFO - [2022-08-09 03:36:47,708] {dagbag.py:507} INFO - Filling up the DagBag from /home/airflow/.local/lib/python3.7/site-packages/airflow/example_dags/tutorial_etl_dag.py
[2022-08-09 03:36:47,733] {processor.py:651} INFO - DAG(s) dict_keys(['tutorial_etl_dag']) retrieved from /home/airflow/.local/lib/python3.7/site-packages/airflow/example_dags/tutorial_etl_dag.py
[2022-08-09 03:36:47,817] {logging_mixin.py:115} INFO - [2022-08-09 03:36:47,816] {dag.py:2371} INFO - Sync 1 DAGs
[2022-08-09 03:36:47,880] {logging_mixin.py:115} INFO - [2022-08-09 03:36:47,879] {dag.py:2919} INFO - Setting next_dagrun for tutorial_etl_dag to None, run_after=None
[2022-08-09 03:36:47,928] {processor.py:161} INFO - Processing /home/airflow/.local/lib/python3.7/site-packages/airflow/example_dags/tutorial_etl_dag.py took 0.238 seconds
[2022-08-09 03:37:18,892] {processor.py:153} INFO - Started process (PID=89577) to work on /home/airflow/.local/lib/python3.7/site-packages/airflow/example_dags/tutorial_etl_dag.py
[2022-08-09 03:37:18,914] {processor.py:641} INFO - Processing file /home/airflow/.local/lib/python3.7/site-packages/airflow/example_dags/tutorial_etl_dag.py for tasks to queue
[2022-08-09 03:37:18,929] {logging_mixin.py:115} INFO - [2022-08-09 03:37:18,928] {dagbag.py:507} INFO - Filling up the DagBag from /home/airflow/.local/lib/python3.7/site-packages/airflow/example_dags/tutorial_etl_dag.py
[2022-08-09 03:37:18,971] {processor.py:651} INFO - DAG(s) dict_keys(['tutorial_etl_dag']) retrieved from /home/airflow/.local/lib/python3.7/site-packages/airflow/example_dags/tutorial_etl_dag.py
[2022-08-09 03:37:19,192] {logging_mixin.py:115} INFO - [2022-08-09 03:37:19,192] {dag.py:2371} INFO - Sync 1 DAGs
[2022-08-09 03:37:19,262] {logging_mixin.py:115} INFO - [2022-08-09 03:37:19,262] {dag.py:2919} INFO - Setting next_dagrun for tutorial_etl_dag to None, run_after=None
[2022-08-09 03:37:19,302] {processor.py:161} INFO - Processing /home/airflow/.local/lib/python3.7/site-packages/airflow/example_dags/tutorial_etl_dag.py took 0.432 seconds
[2022-08-09 03:42:20,194] {processor.py:153} INFO - Started process (PID=89621) to work on /home/airflow/.local/lib/python3.7/site-packages/airflow/example_dags/tutorial_etl_dag.py
[2022-08-09 03:42:20,196] {processor.py:641} INFO - Processing file /home/airflow/.local/lib/python3.7/site-packages/airflow/example_dags/tutorial_etl_dag.py for tasks to queue
[2022-08-09 03:42:20,198] {logging_mixin.py:115} INFO - [2022-08-09 03:42:20,198] {dagbag.py:507} INFO - Filling up the DagBag from /home/airflow/.local/lib/python3.7/site-packages/airflow/example_dags/tutorial_etl_dag.py
[2022-08-09 03:42:20,215] {processor.py:651} INFO - DAG(s) dict_keys(['tutorial_etl_dag']) retrieved from /home/airflow/.local/lib/python3.7/site-packages/airflow/example_dags/tutorial_etl_dag.py
[2022-08-09 03:42:20,260] {logging_mixin.py:115} INFO - [2022-08-09 03:42:20,260] {dag.py:2371} INFO - Sync 1 DAGs
[2022-08-09 03:42:20,290] {logging_mixin.py:115} INFO - [2022-08-09 03:42:20,289] {dag.py:2919} INFO - Setting next_dagrun for tutorial_etl_dag to None, run_after=None
[2022-08-09 03:42:20,308] {processor.py:161} INFO - Processing /home/airflow/.local/lib/python3.7/site-packages/airflow/example_dags/tutorial_etl_dag.py took 0.119 seconds
[2022-08-09 03:42:52,476] {processor.py:153} INFO - Started process (PID=89673) to work on /home/airflow/.local/lib/python3.7/site-packages/airflow/example_dags/tutorial_etl_dag.py
[2022-08-09 03:42:52,480] {processor.py:641} INFO - Processing file /home/airflow/.local/lib/python3.7/site-packages/airflow/example_dags/tutorial_etl_dag.py for tasks to queue
[2022-08-09 03:42:52,484] {logging_mixin.py:115} INFO - [2022-08-09 03:42:52,484] {dagbag.py:507} INFO - Filling up the DagBag from /home/airflow/.local/lib/python3.7/site-packages/airflow/example_dags/tutorial_etl_dag.py
[2022-08-09 03:42:52,518] {processor.py:651} INFO - DAG(s) dict_keys(['tutorial_etl_dag']) retrieved from /home/airflow/.local/lib/python3.7/site-packages/airflow/example_dags/tutorial_etl_dag.py
[2022-08-09 03:42:52,620] {logging_mixin.py:115} INFO - [2022-08-09 03:42:52,620] {dag.py:2371} INFO - Sync 1 DAGs
[2022-08-09 03:42:52,700] {logging_mixin.py:115} INFO - [2022-08-09 03:42:52,700] {dag.py:2919} INFO - Setting next_dagrun for tutorial_etl_dag to None, run_after=None
[2022-08-09 03:42:52,740] {processor.py:161} INFO - Processing /home/airflow/.local/lib/python3.7/site-packages/airflow/example_dags/tutorial_etl_dag.py took 0.278 seconds
[2022-08-09 03:47:55,150] {processor.py:153} INFO - Started process (PID=89727) to work on /home/airflow/.local/lib/python3.7/site-packages/airflow/example_dags/tutorial_etl_dag.py
[2022-08-09 03:47:55,152] {processor.py:641} INFO - Processing file /home/airflow/.local/lib/python3.7/site-packages/airflow/example_dags/tutorial_etl_dag.py for tasks to queue
[2022-08-09 03:47:55,153] {logging_mixin.py:115} INFO - [2022-08-09 03:47:55,153] {dagbag.py:507} INFO - Filling up the DagBag from /home/airflow/.local/lib/python3.7/site-packages/airflow/example_dags/tutorial_etl_dag.py
[2022-08-09 03:47:55,166] {processor.py:651} INFO - DAG(s) dict_keys(['tutorial_etl_dag']) retrieved from /home/airflow/.local/lib/python3.7/site-packages/airflow/example_dags/tutorial_etl_dag.py
[2022-08-09 03:47:55,206] {logging_mixin.py:115} INFO - [2022-08-09 03:47:55,206] {dag.py:2371} INFO - Sync 1 DAGs
[2022-08-09 03:47:55,237] {logging_mixin.py:115} INFO - [2022-08-09 03:47:55,237] {dag.py:2919} INFO - Setting next_dagrun for tutorial_etl_dag to None, run_after=None
[2022-08-09 03:47:55,260] {processor.py:161} INFO - Processing /home/airflow/.local/lib/python3.7/site-packages/airflow/example_dags/tutorial_etl_dag.py took 0.114 seconds
[2022-08-09 03:48:26,940] {processor.py:153} INFO - Started process (PID=89779) to work on /home/airflow/.local/lib/python3.7/site-packages/airflow/example_dags/tutorial_etl_dag.py
[2022-08-09 03:48:26,944] {processor.py:641} INFO - Processing file /home/airflow/.local/lib/python3.7/site-packages/airflow/example_dags/tutorial_etl_dag.py for tasks to queue
[2022-08-09 03:48:26,948] {logging_mixin.py:115} INFO - [2022-08-09 03:48:26,947] {dagbag.py:507} INFO - Filling up the DagBag from /home/airflow/.local/lib/python3.7/site-packages/airflow/example_dags/tutorial_etl_dag.py
[2022-08-09 03:48:26,974] {processor.py:651} INFO - DAG(s) dict_keys(['tutorial_etl_dag']) retrieved from /home/airflow/.local/lib/python3.7/site-packages/airflow/example_dags/tutorial_etl_dag.py
[2022-08-09 03:48:27,063] {logging_mixin.py:115} INFO - [2022-08-09 03:48:27,062] {dag.py:2371} INFO - Sync 1 DAGs
[2022-08-09 03:48:27,131] {logging_mixin.py:115} INFO - [2022-08-09 03:48:27,131] {dag.py:2919} INFO - Setting next_dagrun for tutorial_etl_dag to None, run_after=None
[2022-08-09 03:48:27,168] {processor.py:161} INFO - Processing /home/airflow/.local/lib/python3.7/site-packages/airflow/example_dags/tutorial_etl_dag.py took 0.239 seconds
[2022-08-09 03:53:30,625] {processor.py:153} INFO - Started process (PID=89832) to work on /home/airflow/.local/lib/python3.7/site-packages/airflow/example_dags/tutorial_etl_dag.py
[2022-08-09 03:53:30,632] {processor.py:641} INFO - Processing file /home/airflow/.local/lib/python3.7/site-packages/airflow/example_dags/tutorial_etl_dag.py for tasks to queue
[2022-08-09 03:53:30,634] {logging_mixin.py:115} INFO - [2022-08-09 03:53:30,634] {dagbag.py:507} INFO - Filling up the DagBag from /home/airflow/.local/lib/python3.7/site-packages/airflow/example_dags/tutorial_etl_dag.py
[2022-08-09 03:53:30,654] {processor.py:651} INFO - DAG(s) dict_keys(['tutorial_etl_dag']) retrieved from /home/airflow/.local/lib/python3.7/site-packages/airflow/example_dags/tutorial_etl_dag.py
[2022-08-09 03:53:30,728] {logging_mixin.py:115} INFO - [2022-08-09 03:53:30,727] {dag.py:2371} INFO - Sync 1 DAGs
[2022-08-09 03:53:30,814] {logging_mixin.py:115} INFO - [2022-08-09 03:53:30,814] {dag.py:2919} INFO - Setting next_dagrun for tutorial_etl_dag to None, run_after=None
[2022-08-09 03:53:30,847] {processor.py:161} INFO - Processing /home/airflow/.local/lib/python3.7/site-packages/airflow/example_dags/tutorial_etl_dag.py took 0.226 seconds
[2022-08-09 03:54:02,951] {processor.py:153} INFO - Started process (PID=89884) to work on /home/airflow/.local/lib/python3.7/site-packages/airflow/example_dags/tutorial_etl_dag.py
[2022-08-09 03:54:02,957] {processor.py:641} INFO - Processing file /home/airflow/.local/lib/python3.7/site-packages/airflow/example_dags/tutorial_etl_dag.py for tasks to queue
[2022-08-09 03:54:02,964] {logging_mixin.py:115} INFO - [2022-08-09 03:54:02,963] {dagbag.py:507} INFO - Filling up the DagBag from /home/airflow/.local/lib/python3.7/site-packages/airflow/example_dags/tutorial_etl_dag.py
[2022-08-09 03:54:03,009] {processor.py:651} INFO - DAG(s) dict_keys(['tutorial_etl_dag']) retrieved from /home/airflow/.local/lib/python3.7/site-packages/airflow/example_dags/tutorial_etl_dag.py
[2022-08-09 03:54:03,137] {logging_mixin.py:115} INFO - [2022-08-09 03:54:03,136] {dag.py:2371} INFO - Sync 1 DAGs
[2022-08-09 03:54:03,214] {logging_mixin.py:115} INFO - [2022-08-09 03:54:03,213] {dag.py:2919} INFO - Setting next_dagrun for tutorial_etl_dag to None, run_after=None
[2022-08-09 03:54:03,253] {processor.py:161} INFO - Processing /home/airflow/.local/lib/python3.7/site-packages/airflow/example_dags/tutorial_etl_dag.py took 0.315 seconds
[2022-08-09 03:59:03,123] {processor.py:153} INFO - Started process (PID=89929) to work on /home/airflow/.local/lib/python3.7/site-packages/airflow/example_dags/tutorial_etl_dag.py
[2022-08-09 03:59:03,125] {processor.py:641} INFO - Processing file /home/airflow/.local/lib/python3.7/site-packages/airflow/example_dags/tutorial_etl_dag.py for tasks to queue
[2022-08-09 03:59:03,127] {logging_mixin.py:115} INFO - [2022-08-09 03:59:03,127] {dagbag.py:507} INFO - Filling up the DagBag from /home/airflow/.local/lib/python3.7/site-packages/airflow/example_dags/tutorial_etl_dag.py
[2022-08-09 03:59:03,141] {processor.py:651} INFO - DAG(s) dict_keys(['tutorial_etl_dag']) retrieved from /home/airflow/.local/lib/python3.7/site-packages/airflow/example_dags/tutorial_etl_dag.py
[2022-08-09 03:59:03,188] {logging_mixin.py:115} INFO - [2022-08-09 03:59:03,188] {dag.py:2371} INFO - Sync 1 DAGs
[2022-08-09 03:59:03,227] {logging_mixin.py:115} INFO - [2022-08-09 03:59:03,227] {dag.py:2919} INFO - Setting next_dagrun for tutorial_etl_dag to None, run_after=None
[2022-08-09 03:59:03,246] {processor.py:161} INFO - Processing /home/airflow/.local/lib/python3.7/site-packages/airflow/example_dags/tutorial_etl_dag.py took 0.128 seconds
[2022-08-09 03:59:34,115] {processor.py:153} INFO - Started process (PID=89981) to work on /home/airflow/.local/lib/python3.7/site-packages/airflow/example_dags/tutorial_etl_dag.py
[2022-08-09 03:59:34,119] {processor.py:641} INFO - Processing file /home/airflow/.local/lib/python3.7/site-packages/airflow/example_dags/tutorial_etl_dag.py for tasks to queue
[2022-08-09 03:59:34,123] {logging_mixin.py:115} INFO - [2022-08-09 03:59:34,122] {dagbag.py:507} INFO - Filling up the DagBag from /home/airflow/.local/lib/python3.7/site-packages/airflow/example_dags/tutorial_etl_dag.py
[2022-08-09 03:59:34,162] {processor.py:651} INFO - DAG(s) dict_keys(['tutorial_etl_dag']) retrieved from /home/airflow/.local/lib/python3.7/site-packages/airflow/example_dags/tutorial_etl_dag.py
[2022-08-09 03:59:34,253] {logging_mixin.py:115} INFO - [2022-08-09 03:59:34,252] {dag.py:2371} INFO - Sync 1 DAGs
[2022-08-09 03:59:34,313] {logging_mixin.py:115} INFO - [2022-08-09 03:59:34,313] {dag.py:2919} INFO - Setting next_dagrun for tutorial_etl_dag to None, run_after=None
[2022-08-09 03:59:34,349] {processor.py:161} INFO - Processing /home/airflow/.local/lib/python3.7/site-packages/airflow/example_dags/tutorial_etl_dag.py took 0.246 seconds
[2022-08-09 04:04:34,974] {processor.py:153} INFO - Started process (PID=90034) to work on /home/airflow/.local/lib/python3.7/site-packages/airflow/example_dags/tutorial_etl_dag.py
[2022-08-09 04:04:34,976] {processor.py:641} INFO - Processing file /home/airflow/.local/lib/python3.7/site-packages/airflow/example_dags/tutorial_etl_dag.py for tasks to queue
[2022-08-09 04:04:34,978] {logging_mixin.py:115} INFO - [2022-08-09 04:04:34,977] {dagbag.py:507} INFO - Filling up the DagBag from /home/airflow/.local/lib/python3.7/site-packages/airflow/example_dags/tutorial_etl_dag.py
[2022-08-09 04:04:34,994] {processor.py:651} INFO - DAG(s) dict_keys(['tutorial_etl_dag']) retrieved from /home/airflow/.local/lib/python3.7/site-packages/airflow/example_dags/tutorial_etl_dag.py
[2022-08-09 04:04:35,029] {logging_mixin.py:115} INFO - [2022-08-09 04:04:35,029] {dag.py:2371} INFO - Sync 1 DAGs
[2022-08-09 04:04:35,052] {logging_mixin.py:115} INFO - [2022-08-09 04:04:35,052] {dag.py:2919} INFO - Setting next_dagrun for tutorial_etl_dag to None, run_after=None
[2022-08-09 04:04:35,065] {processor.py:161} INFO - Processing /home/airflow/.local/lib/python3.7/site-packages/airflow/example_dags/tutorial_etl_dag.py took 0.099 seconds
[2022-08-09 04:05:07,081] {processor.py:153} INFO - Started process (PID=90086) to work on /home/airflow/.local/lib/python3.7/site-packages/airflow/example_dags/tutorial_etl_dag.py
[2022-08-09 04:05:07,088] {processor.py:641} INFO - Processing file /home/airflow/.local/lib/python3.7/site-packages/airflow/example_dags/tutorial_etl_dag.py for tasks to queue
[2022-08-09 04:05:07,094] {logging_mixin.py:115} INFO - [2022-08-09 04:05:07,093] {dagbag.py:507} INFO - Filling up the DagBag from /home/airflow/.local/lib/python3.7/site-packages/airflow/example_dags/tutorial_etl_dag.py
[2022-08-09 04:05:07,140] {processor.py:651} INFO - DAG(s) dict_keys(['tutorial_etl_dag']) retrieved from /home/airflow/.local/lib/python3.7/site-packages/airflow/example_dags/tutorial_etl_dag.py
[2022-08-09 04:05:07,261] {logging_mixin.py:115} INFO - [2022-08-09 04:05:07,261] {dag.py:2371} INFO - Sync 1 DAGs
[2022-08-09 04:05:07,319] {logging_mixin.py:115} INFO - [2022-08-09 04:05:07,319] {dag.py:2919} INFO - Setting next_dagrun for tutorial_etl_dag to None, run_after=None
[2022-08-09 04:05:07,379] {processor.py:161} INFO - Processing /home/airflow/.local/lib/python3.7/site-packages/airflow/example_dags/tutorial_etl_dag.py took 0.316 seconds
[2022-08-09 04:10:10,210] {processor.py:153} INFO - Started process (PID=90138) to work on /home/airflow/.local/lib/python3.7/site-packages/airflow/example_dags/tutorial_etl_dag.py
[2022-08-09 04:10:10,212] {processor.py:641} INFO - Processing file /home/airflow/.local/lib/python3.7/site-packages/airflow/example_dags/tutorial_etl_dag.py for tasks to queue
[2022-08-09 04:10:10,214] {logging_mixin.py:115} INFO - [2022-08-09 04:10:10,214] {dagbag.py:507} INFO - Filling up the DagBag from /home/airflow/.local/lib/python3.7/site-packages/airflow/example_dags/tutorial_etl_dag.py
[2022-08-09 04:10:10,239] {processor.py:651} INFO - DAG(s) dict_keys(['tutorial_etl_dag']) retrieved from /home/airflow/.local/lib/python3.7/site-packages/airflow/example_dags/tutorial_etl_dag.py
[2022-08-09 04:10:10,332] {logging_mixin.py:115} INFO - [2022-08-09 04:10:10,331] {dag.py:2371} INFO - Sync 1 DAGs
[2022-08-09 04:10:10,386] {logging_mixin.py:115} INFO - [2022-08-09 04:10:10,385] {dag.py:2919} INFO - Setting next_dagrun for tutorial_etl_dag to None, run_after=None
[2022-08-09 04:10:10,423] {processor.py:161} INFO - Processing /home/airflow/.local/lib/python3.7/site-packages/airflow/example_dags/tutorial_etl_dag.py took 0.219 seconds
[2022-08-09 04:10:41,918] {processor.py:153} INFO - Started process (PID=90190) to work on /home/airflow/.local/lib/python3.7/site-packages/airflow/example_dags/tutorial_etl_dag.py
[2022-08-09 04:10:41,922] {processor.py:641} INFO - Processing file /home/airflow/.local/lib/python3.7/site-packages/airflow/example_dags/tutorial_etl_dag.py for tasks to queue
[2022-08-09 04:10:41,926] {logging_mixin.py:115} INFO - [2022-08-09 04:10:41,926] {dagbag.py:507} INFO - Filling up the DagBag from /home/airflow/.local/lib/python3.7/site-packages/airflow/example_dags/tutorial_etl_dag.py
[2022-08-09 04:10:41,955] {processor.py:651} INFO - DAG(s) dict_keys(['tutorial_etl_dag']) retrieved from /home/airflow/.local/lib/python3.7/site-packages/airflow/example_dags/tutorial_etl_dag.py
[2022-08-09 04:10:42,058] {logging_mixin.py:115} INFO - [2022-08-09 04:10:42,058] {dag.py:2371} INFO - Sync 1 DAGs
[2022-08-09 04:10:42,117] {logging_mixin.py:115} INFO - [2022-08-09 04:10:42,117] {dag.py:2919} INFO - Setting next_dagrun for tutorial_etl_dag to None, run_after=None
[2022-08-09 04:10:42,154] {processor.py:161} INFO - Processing /home/airflow/.local/lib/python3.7/site-packages/airflow/example_dags/tutorial_etl_dag.py took 0.249 seconds
[2022-08-09 04:15:41,789] {processor.py:153} INFO - Started process (PID=90234) to work on /home/airflow/.local/lib/python3.7/site-packages/airflow/example_dags/tutorial_etl_dag.py
[2022-08-09 04:15:41,791] {processor.py:641} INFO - Processing file /home/airflow/.local/lib/python3.7/site-packages/airflow/example_dags/tutorial_etl_dag.py for tasks to queue
[2022-08-09 04:15:41,793] {logging_mixin.py:115} INFO - [2022-08-09 04:15:41,793] {dagbag.py:507} INFO - Filling up the DagBag from /home/airflow/.local/lib/python3.7/site-packages/airflow/example_dags/tutorial_etl_dag.py
[2022-08-09 04:15:41,805] {processor.py:651} INFO - DAG(s) dict_keys(['tutorial_etl_dag']) retrieved from /home/airflow/.local/lib/python3.7/site-packages/airflow/example_dags/tutorial_etl_dag.py
[2022-08-09 04:15:41,857] {logging_mixin.py:115} INFO - [2022-08-09 04:15:41,857] {dag.py:2371} INFO - Sync 1 DAGs
[2022-08-09 04:15:41,889] {logging_mixin.py:115} INFO - [2022-08-09 04:15:41,889] {dag.py:2919} INFO - Setting next_dagrun for tutorial_etl_dag to None, run_after=None
[2022-08-09 04:15:41,908] {processor.py:161} INFO - Processing /home/airflow/.local/lib/python3.7/site-packages/airflow/example_dags/tutorial_etl_dag.py took 0.124 seconds
[2022-08-09 04:16:13,099] {processor.py:153} INFO - Started process (PID=90285) to work on /home/airflow/.local/lib/python3.7/site-packages/airflow/example_dags/tutorial_etl_dag.py
[2022-08-09 04:16:13,107] {processor.py:641} INFO - Processing file /home/airflow/.local/lib/python3.7/site-packages/airflow/example_dags/tutorial_etl_dag.py for tasks to queue
[2022-08-09 04:16:13,115] {logging_mixin.py:115} INFO - [2022-08-09 04:16:13,114] {dagbag.py:507} INFO - Filling up the DagBag from /home/airflow/.local/lib/python3.7/site-packages/airflow/example_dags/tutorial_etl_dag.py
[2022-08-09 04:16:13,147] {processor.py:651} INFO - DAG(s) dict_keys(['tutorial_etl_dag']) retrieved from /home/airflow/.local/lib/python3.7/site-packages/airflow/example_dags/tutorial_etl_dag.py
[2022-08-09 04:16:13,232] {logging_mixin.py:115} INFO - [2022-08-09 04:16:13,232] {dag.py:2371} INFO - Sync 1 DAGs
[2022-08-09 04:16:13,290] {logging_mixin.py:115} INFO - [2022-08-09 04:16:13,289] {dag.py:2919} INFO - Setting next_dagrun for tutorial_etl_dag to None, run_after=None
[2022-08-09 04:16:13,323] {processor.py:161} INFO - Processing /home/airflow/.local/lib/python3.7/site-packages/airflow/example_dags/tutorial_etl_dag.py took 0.235 seconds
[2022-08-09 04:21:13,565] {processor.py:153} INFO - Started process (PID=90336) to work on /home/airflow/.local/lib/python3.7/site-packages/airflow/example_dags/tutorial_etl_dag.py
[2022-08-09 04:21:13,567] {processor.py:641} INFO - Processing file /home/airflow/.local/lib/python3.7/site-packages/airflow/example_dags/tutorial_etl_dag.py for tasks to queue
[2022-08-09 04:21:13,569] {logging_mixin.py:115} INFO - [2022-08-09 04:21:13,568] {dagbag.py:507} INFO - Filling up the DagBag from /home/airflow/.local/lib/python3.7/site-packages/airflow/example_dags/tutorial_etl_dag.py
[2022-08-09 04:21:13,587] {processor.py:651} INFO - DAG(s) dict_keys(['tutorial_etl_dag']) retrieved from /home/airflow/.local/lib/python3.7/site-packages/airflow/example_dags/tutorial_etl_dag.py
[2022-08-09 04:21:13,674] {logging_mixin.py:115} INFO - [2022-08-09 04:21:13,674] {dag.py:2371} INFO - Sync 1 DAGs
[2022-08-09 04:21:13,729] {logging_mixin.py:115} INFO - [2022-08-09 04:21:13,729] {dag.py:2919} INFO - Setting next_dagrun for tutorial_etl_dag to None, run_after=None
[2022-08-09 04:21:13,757] {processor.py:161} INFO - Processing /home/airflow/.local/lib/python3.7/site-packages/airflow/example_dags/tutorial_etl_dag.py took 0.198 seconds
[2022-08-09 04:21:46,320] {processor.py:153} INFO - Started process (PID=90389) to work on /home/airflow/.local/lib/python3.7/site-packages/airflow/example_dags/tutorial_etl_dag.py
[2022-08-09 04:21:46,337] {processor.py:641} INFO - Processing file /home/airflow/.local/lib/python3.7/site-packages/airflow/example_dags/tutorial_etl_dag.py for tasks to queue
[2022-08-09 04:21:46,345] {logging_mixin.py:115} INFO - [2022-08-09 04:21:46,344] {dagbag.py:507} INFO - Filling up the DagBag from /home/airflow/.local/lib/python3.7/site-packages/airflow/example_dags/tutorial_etl_dag.py
[2022-08-09 04:21:46,378] {processor.py:651} INFO - DAG(s) dict_keys(['tutorial_etl_dag']) retrieved from /home/airflow/.local/lib/python3.7/site-packages/airflow/example_dags/tutorial_etl_dag.py
[2022-08-09 04:21:46,504] {logging_mixin.py:115} INFO - [2022-08-09 04:21:46,503] {dag.py:2371} INFO - Sync 1 DAGs
[2022-08-09 04:21:46,611] {logging_mixin.py:115} INFO - [2022-08-09 04:21:46,611] {dag.py:2919} INFO - Setting next_dagrun for tutorial_etl_dag to None, run_after=None
[2022-08-09 04:21:46,683] {processor.py:161} INFO - Processing /home/airflow/.local/lib/python3.7/site-packages/airflow/example_dags/tutorial_etl_dag.py took 0.380 seconds
[2022-08-09 04:26:47,581] {processor.py:153} INFO - Started process (PID=90432) to work on /home/airflow/.local/lib/python3.7/site-packages/airflow/example_dags/tutorial_etl_dag.py
[2022-08-09 04:26:47,583] {processor.py:641} INFO - Processing file /home/airflow/.local/lib/python3.7/site-packages/airflow/example_dags/tutorial_etl_dag.py for tasks to queue
[2022-08-09 04:26:47,584] {logging_mixin.py:115} INFO - [2022-08-09 04:26:47,584] {dagbag.py:507} INFO - Filling up the DagBag from /home/airflow/.local/lib/python3.7/site-packages/airflow/example_dags/tutorial_etl_dag.py
[2022-08-09 04:26:47,603] {processor.py:651} INFO - DAG(s) dict_keys(['tutorial_etl_dag']) retrieved from /home/airflow/.local/lib/python3.7/site-packages/airflow/example_dags/tutorial_etl_dag.py
[2022-08-09 04:26:47,665] {logging_mixin.py:115} INFO - [2022-08-09 04:26:47,665] {dag.py:2371} INFO - Sync 1 DAGs
[2022-08-09 04:26:47,707] {logging_mixin.py:115} INFO - [2022-08-09 04:26:47,707] {dag.py:2919} INFO - Setting next_dagrun for tutorial_etl_dag to None, run_after=None
[2022-08-09 04:26:47,729] {processor.py:161} INFO - Processing /home/airflow/.local/lib/python3.7/site-packages/airflow/example_dags/tutorial_etl_dag.py took 0.153 seconds
[2022-08-09 04:27:19,960] {processor.py:153} INFO - Started process (PID=90485) to work on /home/airflow/.local/lib/python3.7/site-packages/airflow/example_dags/tutorial_etl_dag.py
[2022-08-09 04:27:19,964] {processor.py:641} INFO - Processing file /home/airflow/.local/lib/python3.7/site-packages/airflow/example_dags/tutorial_etl_dag.py for tasks to queue
[2022-08-09 04:27:19,967] {logging_mixin.py:115} INFO - [2022-08-09 04:27:19,967] {dagbag.py:507} INFO - Filling up the DagBag from /home/airflow/.local/lib/python3.7/site-packages/airflow/example_dags/tutorial_etl_dag.py
[2022-08-09 04:27:20,028] {processor.py:651} INFO - DAG(s) dict_keys(['tutorial_etl_dag']) retrieved from /home/airflow/.local/lib/python3.7/site-packages/airflow/example_dags/tutorial_etl_dag.py
[2022-08-09 04:27:20,163] {logging_mixin.py:115} INFO - [2022-08-09 04:27:20,163] {dag.py:2371} INFO - Sync 1 DAGs
[2022-08-09 04:27:20,248] {logging_mixin.py:115} INFO - [2022-08-09 04:27:20,247] {dag.py:2919} INFO - Setting next_dagrun for tutorial_etl_dag to None, run_after=None
[2022-08-09 04:27:20,300] {processor.py:161} INFO - Processing /home/airflow/.local/lib/python3.7/site-packages/airflow/example_dags/tutorial_etl_dag.py took 0.354 seconds
[2022-08-09 04:32:26,077] {processor.py:153} INFO - Started process (PID=90540) to work on /home/airflow/.local/lib/python3.7/site-packages/airflow/example_dags/tutorial_etl_dag.py
[2022-08-09 04:32:26,080] {processor.py:641} INFO - Processing file /home/airflow/.local/lib/python3.7/site-packages/airflow/example_dags/tutorial_etl_dag.py for tasks to queue
[2022-08-09 04:32:26,083] {logging_mixin.py:115} INFO - [2022-08-09 04:32:26,083] {dagbag.py:507} INFO - Filling up the DagBag from /home/airflow/.local/lib/python3.7/site-packages/airflow/example_dags/tutorial_etl_dag.py
[2022-08-09 04:32:26,118] {processor.py:651} INFO - DAG(s) dict_keys(['tutorial_etl_dag']) retrieved from /home/airflow/.local/lib/python3.7/site-packages/airflow/example_dags/tutorial_etl_dag.py
[2022-08-09 04:32:26,194] {logging_mixin.py:115} INFO - [2022-08-09 04:32:26,194] {dag.py:2371} INFO - Sync 1 DAGs
[2022-08-09 04:32:26,247] {logging_mixin.py:115} INFO - [2022-08-09 04:32:26,247] {dag.py:2919} INFO - Setting next_dagrun for tutorial_etl_dag to None, run_after=None
[2022-08-09 04:32:26,281] {processor.py:161} INFO - Processing /home/airflow/.local/lib/python3.7/site-packages/airflow/example_dags/tutorial_etl_dag.py took 0.207 seconds
[2022-08-09 04:32:57,936] {processor.py:153} INFO - Started process (PID=90591) to work on /home/airflow/.local/lib/python3.7/site-packages/airflow/example_dags/tutorial_etl_dag.py
[2022-08-09 04:32:57,941] {processor.py:641} INFO - Processing file /home/airflow/.local/lib/python3.7/site-packages/airflow/example_dags/tutorial_etl_dag.py for tasks to queue
[2022-08-09 04:32:57,945] {logging_mixin.py:115} INFO - [2022-08-09 04:32:57,945] {dagbag.py:507} INFO - Filling up the DagBag from /home/airflow/.local/lib/python3.7/site-packages/airflow/example_dags/tutorial_etl_dag.py
[2022-08-09 04:32:57,982] {processor.py:651} INFO - DAG(s) dict_keys(['tutorial_etl_dag']) retrieved from /home/airflow/.local/lib/python3.7/site-packages/airflow/example_dags/tutorial_etl_dag.py
[2022-08-09 04:32:58,067] {logging_mixin.py:115} INFO - [2022-08-09 04:32:58,067] {dag.py:2371} INFO - Sync 1 DAGs
[2022-08-09 04:32:58,129] {logging_mixin.py:115} INFO - [2022-08-09 04:32:58,129] {dag.py:2919} INFO - Setting next_dagrun for tutorial_etl_dag to None, run_after=None
[2022-08-09 04:32:58,167] {processor.py:161} INFO - Processing /home/airflow/.local/lib/python3.7/site-packages/airflow/example_dags/tutorial_etl_dag.py took 0.246 seconds
[2022-08-09 04:37:57,719] {processor.py:153} INFO - Started process (PID=90634) to work on /home/airflow/.local/lib/python3.7/site-packages/airflow/example_dags/tutorial_etl_dag.py
[2022-08-09 04:37:57,727] {processor.py:641} INFO - Processing file /home/airflow/.local/lib/python3.7/site-packages/airflow/example_dags/tutorial_etl_dag.py for tasks to queue
[2022-08-09 04:37:57,728] {logging_mixin.py:115} INFO - [2022-08-09 04:37:57,728] {dagbag.py:507} INFO - Filling up the DagBag from /home/airflow/.local/lib/python3.7/site-packages/airflow/example_dags/tutorial_etl_dag.py
[2022-08-09 04:37:57,773] {processor.py:651} INFO - DAG(s) dict_keys(['tutorial_etl_dag']) retrieved from /home/airflow/.local/lib/python3.7/site-packages/airflow/example_dags/tutorial_etl_dag.py
[2022-08-09 04:37:57,848] {logging_mixin.py:115} INFO - [2022-08-09 04:37:57,848] {dag.py:2371} INFO - Sync 1 DAGs
[2022-08-09 04:37:57,904] {logging_mixin.py:115} INFO - [2022-08-09 04:37:57,903] {dag.py:2919} INFO - Setting next_dagrun for tutorial_etl_dag to None, run_after=None
[2022-08-09 04:37:57,958] {processor.py:161} INFO - Processing /home/airflow/.local/lib/python3.7/site-packages/airflow/example_dags/tutorial_etl_dag.py took 0.244 seconds
[2022-08-09 04:38:29,002] {processor.py:153} INFO - Started process (PID=90687) to work on /home/airflow/.local/lib/python3.7/site-packages/airflow/example_dags/tutorial_etl_dag.py
[2022-08-09 04:38:29,006] {processor.py:641} INFO - Processing file /home/airflow/.local/lib/python3.7/site-packages/airflow/example_dags/tutorial_etl_dag.py for tasks to queue
[2022-08-09 04:38:29,010] {logging_mixin.py:115} INFO - [2022-08-09 04:38:29,010] {dagbag.py:507} INFO - Filling up the DagBag from /home/airflow/.local/lib/python3.7/site-packages/airflow/example_dags/tutorial_etl_dag.py
[2022-08-09 04:38:29,041] {processor.py:651} INFO - DAG(s) dict_keys(['tutorial_etl_dag']) retrieved from /home/airflow/.local/lib/python3.7/site-packages/airflow/example_dags/tutorial_etl_dag.py
[2022-08-09 04:38:29,127] {logging_mixin.py:115} INFO - [2022-08-09 04:38:29,127] {dag.py:2371} INFO - Sync 1 DAGs
[2022-08-09 04:38:29,182] {logging_mixin.py:115} INFO - [2022-08-09 04:38:29,182] {dag.py:2919} INFO - Setting next_dagrun for tutorial_etl_dag to None, run_after=None
[2022-08-09 04:38:29,214] {processor.py:161} INFO - Processing /home/airflow/.local/lib/python3.7/site-packages/airflow/example_dags/tutorial_etl_dag.py took 0.222 seconds
[2022-08-09 04:43:30,153] {processor.py:153} INFO - Started process (PID=90740) to work on /home/airflow/.local/lib/python3.7/site-packages/airflow/example_dags/tutorial_etl_dag.py
[2022-08-09 04:43:30,154] {processor.py:641} INFO - Processing file /home/airflow/.local/lib/python3.7/site-packages/airflow/example_dags/tutorial_etl_dag.py for tasks to queue
[2022-08-09 04:43:30,156] {logging_mixin.py:115} INFO - [2022-08-09 04:43:30,156] {dagbag.py:507} INFO - Filling up the DagBag from /home/airflow/.local/lib/python3.7/site-packages/airflow/example_dags/tutorial_etl_dag.py
[2022-08-09 04:43:30,172] {processor.py:651} INFO - DAG(s) dict_keys(['tutorial_etl_dag']) retrieved from /home/airflow/.local/lib/python3.7/site-packages/airflow/example_dags/tutorial_etl_dag.py
[2022-08-09 04:43:30,229] {logging_mixin.py:115} INFO - [2022-08-09 04:43:30,229] {dag.py:2371} INFO - Sync 1 DAGs
[2022-08-09 04:43:30,299] {logging_mixin.py:115} INFO - [2022-08-09 04:43:30,299] {dag.py:2919} INFO - Setting next_dagrun for tutorial_etl_dag to None, run_after=None
[2022-08-09 04:43:30,331] {processor.py:161} INFO - Processing /home/airflow/.local/lib/python3.7/site-packages/airflow/example_dags/tutorial_etl_dag.py took 0.183 seconds
[2022-08-09 04:44:01,838] {processor.py:153} INFO - Started process (PID=90791) to work on /home/airflow/.local/lib/python3.7/site-packages/airflow/example_dags/tutorial_etl_dag.py
[2022-08-09 04:44:01,843] {processor.py:641} INFO - Processing file /home/airflow/.local/lib/python3.7/site-packages/airflow/example_dags/tutorial_etl_dag.py for tasks to queue
[2022-08-09 04:44:01,849] {logging_mixin.py:115} INFO - [2022-08-09 04:44:01,849] {dagbag.py:507} INFO - Filling up the DagBag from /home/airflow/.local/lib/python3.7/site-packages/airflow/example_dags/tutorial_etl_dag.py
[2022-08-09 04:44:01,887] {processor.py:651} INFO - DAG(s) dict_keys(['tutorial_etl_dag']) retrieved from /home/airflow/.local/lib/python3.7/site-packages/airflow/example_dags/tutorial_etl_dag.py
[2022-08-09 04:44:01,981] {logging_mixin.py:115} INFO - [2022-08-09 04:44:01,981] {dag.py:2371} INFO - Sync 1 DAGs
[2022-08-09 04:44:02,054] {logging_mixin.py:115} INFO - [2022-08-09 04:44:02,053] {dag.py:2919} INFO - Setting next_dagrun for tutorial_etl_dag to None, run_after=None
[2022-08-09 04:44:02,093] {processor.py:161} INFO - Processing /home/airflow/.local/lib/python3.7/site-packages/airflow/example_dags/tutorial_etl_dag.py took 0.265 seconds
[2022-08-09 04:49:03,428] {processor.py:153} INFO - Started process (PID=90842) to work on /home/airflow/.local/lib/python3.7/site-packages/airflow/example_dags/tutorial_etl_dag.py
[2022-08-09 04:49:03,431] {processor.py:641} INFO - Processing file /home/airflow/.local/lib/python3.7/site-packages/airflow/example_dags/tutorial_etl_dag.py for tasks to queue
[2022-08-09 04:49:03,435] {logging_mixin.py:115} INFO - [2022-08-09 04:49:03,434] {dagbag.py:507} INFO - Filling up the DagBag from /home/airflow/.local/lib/python3.7/site-packages/airflow/example_dags/tutorial_etl_dag.py
[2022-08-09 04:49:03,460] {processor.py:651} INFO - DAG(s) dict_keys(['tutorial_etl_dag']) retrieved from /home/airflow/.local/lib/python3.7/site-packages/airflow/example_dags/tutorial_etl_dag.py
[2022-08-09 04:49:03,536] {logging_mixin.py:115} INFO - [2022-08-09 04:49:03,536] {dag.py:2371} INFO - Sync 1 DAGs
[2022-08-09 04:49:03,600] {logging_mixin.py:115} INFO - [2022-08-09 04:49:03,599] {dag.py:2919} INFO - Setting next_dagrun for tutorial_etl_dag to None, run_after=None
[2022-08-09 04:49:03,647] {processor.py:161} INFO - Processing /home/airflow/.local/lib/python3.7/site-packages/airflow/example_dags/tutorial_etl_dag.py took 0.235 seconds
[2022-08-09 04:49:34,706] {processor.py:153} INFO - Started process (PID=90895) to work on /home/airflow/.local/lib/python3.7/site-packages/airflow/example_dags/tutorial_etl_dag.py
[2022-08-09 04:49:34,711] {processor.py:641} INFO - Processing file /home/airflow/.local/lib/python3.7/site-packages/airflow/example_dags/tutorial_etl_dag.py for tasks to queue
[2022-08-09 04:49:34,715] {logging_mixin.py:115} INFO - [2022-08-09 04:49:34,714] {dagbag.py:507} INFO - Filling up the DagBag from /home/airflow/.local/lib/python3.7/site-packages/airflow/example_dags/tutorial_etl_dag.py
[2022-08-09 04:49:34,744] {processor.py:651} INFO - DAG(s) dict_keys(['tutorial_etl_dag']) retrieved from /home/airflow/.local/lib/python3.7/site-packages/airflow/example_dags/tutorial_etl_dag.py
[2022-08-09 04:49:34,827] {logging_mixin.py:115} INFO - [2022-08-09 04:49:34,827] {dag.py:2371} INFO - Sync 1 DAGs
[2022-08-09 04:49:34,902] {logging_mixin.py:115} INFO - [2022-08-09 04:49:34,902] {dag.py:2919} INFO - Setting next_dagrun for tutorial_etl_dag to None, run_after=None
[2022-08-09 04:49:34,938] {processor.py:161} INFO - Processing /home/airflow/.local/lib/python3.7/site-packages/airflow/example_dags/tutorial_etl_dag.py took 0.243 seconds
[2022-08-09 04:54:39,177] {processor.py:153} INFO - Started process (PID=90948) to work on /home/airflow/.local/lib/python3.7/site-packages/airflow/example_dags/tutorial_etl_dag.py
[2022-08-09 04:54:39,179] {processor.py:641} INFO - Processing file /home/airflow/.local/lib/python3.7/site-packages/airflow/example_dags/tutorial_etl_dag.py for tasks to queue
[2022-08-09 04:54:39,180] {logging_mixin.py:115} INFO - [2022-08-09 04:54:39,180] {dagbag.py:507} INFO - Filling up the DagBag from /home/airflow/.local/lib/python3.7/site-packages/airflow/example_dags/tutorial_etl_dag.py
[2022-08-09 04:54:39,196] {processor.py:651} INFO - DAG(s) dict_keys(['tutorial_etl_dag']) retrieved from /home/airflow/.local/lib/python3.7/site-packages/airflow/example_dags/tutorial_etl_dag.py
[2022-08-09 04:54:39,250] {logging_mixin.py:115} INFO - [2022-08-09 04:54:39,250] {dag.py:2371} INFO - Sync 1 DAGs
[2022-08-09 04:54:39,278] {logging_mixin.py:115} INFO - [2022-08-09 04:54:39,277] {dag.py:2919} INFO - Setting next_dagrun for tutorial_etl_dag to None, run_after=None
[2022-08-09 04:54:39,294] {processor.py:161} INFO - Processing /home/airflow/.local/lib/python3.7/site-packages/airflow/example_dags/tutorial_etl_dag.py took 0.123 seconds
[2022-08-09 04:55:10,136] {processor.py:153} INFO - Started process (PID=91000) to work on /home/airflow/.local/lib/python3.7/site-packages/airflow/example_dags/tutorial_etl_dag.py
[2022-08-09 04:55:10,158] {processor.py:641} INFO - Processing file /home/airflow/.local/lib/python3.7/site-packages/airflow/example_dags/tutorial_etl_dag.py for tasks to queue
[2022-08-09 04:55:10,197] {logging_mixin.py:115} INFO - [2022-08-09 04:55:10,197] {dagbag.py:507} INFO - Filling up the DagBag from /home/airflow/.local/lib/python3.7/site-packages/airflow/example_dags/tutorial_etl_dag.py
[2022-08-09 04:55:10,230] {processor.py:651} INFO - DAG(s) dict_keys(['tutorial_etl_dag']) retrieved from /home/airflow/.local/lib/python3.7/site-packages/airflow/example_dags/tutorial_etl_dag.py
[2022-08-09 04:55:10,305] {logging_mixin.py:115} INFO - [2022-08-09 04:55:10,304] {dag.py:2371} INFO - Sync 1 DAGs
[2022-08-09 04:55:10,355] {logging_mixin.py:115} INFO - [2022-08-09 04:55:10,355] {dag.py:2919} INFO - Setting next_dagrun for tutorial_etl_dag to None, run_after=None
[2022-08-09 04:55:10,385] {processor.py:161} INFO - Processing /home/airflow/.local/lib/python3.7/site-packages/airflow/example_dags/tutorial_etl_dag.py took 0.264 seconds
[2022-08-09 05:00:14,448] {processor.py:153} INFO - Started process (PID=91053) to work on /home/airflow/.local/lib/python3.7/site-packages/airflow/example_dags/tutorial_etl_dag.py
[2022-08-09 05:00:14,449] {processor.py:641} INFO - Processing file /home/airflow/.local/lib/python3.7/site-packages/airflow/example_dags/tutorial_etl_dag.py for tasks to queue
[2022-08-09 05:00:14,451] {logging_mixin.py:115} INFO - [2022-08-09 05:00:14,451] {dagbag.py:507} INFO - Filling up the DagBag from /home/airflow/.local/lib/python3.7/site-packages/airflow/example_dags/tutorial_etl_dag.py
[2022-08-09 05:00:14,462] {processor.py:651} INFO - DAG(s) dict_keys(['tutorial_etl_dag']) retrieved from /home/airflow/.local/lib/python3.7/site-packages/airflow/example_dags/tutorial_etl_dag.py
[2022-08-09 05:00:14,510] {logging_mixin.py:115} INFO - [2022-08-09 05:00:14,510] {dag.py:2371} INFO - Sync 1 DAGs
[2022-08-09 05:00:14,552] {logging_mixin.py:115} INFO - [2022-08-09 05:00:14,552] {dag.py:2919} INFO - Setting next_dagrun for tutorial_etl_dag to None, run_after=None
[2022-08-09 05:00:14,575] {processor.py:161} INFO - Processing /home/airflow/.local/lib/python3.7/site-packages/airflow/example_dags/tutorial_etl_dag.py took 0.133 seconds
[2022-08-09 05:00:45,362] {processor.py:153} INFO - Started process (PID=91106) to work on /home/airflow/.local/lib/python3.7/site-packages/airflow/example_dags/tutorial_etl_dag.py
[2022-08-09 05:00:45,369] {processor.py:641} INFO - Processing file /home/airflow/.local/lib/python3.7/site-packages/airflow/example_dags/tutorial_etl_dag.py for tasks to queue
[2022-08-09 05:00:45,379] {logging_mixin.py:115} INFO - [2022-08-09 05:00:45,378] {dagbag.py:507} INFO - Filling up the DagBag from /home/airflow/.local/lib/python3.7/site-packages/airflow/example_dags/tutorial_etl_dag.py
[2022-08-09 05:00:45,427] {processor.py:651} INFO - DAG(s) dict_keys(['tutorial_etl_dag']) retrieved from /home/airflow/.local/lib/python3.7/site-packages/airflow/example_dags/tutorial_etl_dag.py
[2022-08-09 05:00:45,503] {logging_mixin.py:115} INFO - [2022-08-09 05:00:45,502] {dag.py:2371} INFO - Sync 1 DAGs
[2022-08-09 05:00:45,562] {logging_mixin.py:115} INFO - [2022-08-09 05:00:45,561] {dag.py:2919} INFO - Setting next_dagrun for tutorial_etl_dag to None, run_after=None
[2022-08-09 05:00:45,595] {processor.py:161} INFO - Processing /home/airflow/.local/lib/python3.7/site-packages/airflow/example_dags/tutorial_etl_dag.py took 0.257 seconds
[2022-08-09 05:05:45,685] {processor.py:153} INFO - Started process (PID=91159) to work on /home/airflow/.local/lib/python3.7/site-packages/airflow/example_dags/tutorial_etl_dag.py
[2022-08-09 05:05:45,689] {processor.py:641} INFO - Processing file /home/airflow/.local/lib/python3.7/site-packages/airflow/example_dags/tutorial_etl_dag.py for tasks to queue
[2022-08-09 05:05:45,692] {logging_mixin.py:115} INFO - [2022-08-09 05:05:45,691] {dagbag.py:507} INFO - Filling up the DagBag from /home/airflow/.local/lib/python3.7/site-packages/airflow/example_dags/tutorial_etl_dag.py
[2022-08-09 05:05:45,718] {processor.py:651} INFO - DAG(s) dict_keys(['tutorial_etl_dag']) retrieved from /home/airflow/.local/lib/python3.7/site-packages/airflow/example_dags/tutorial_etl_dag.py
[2022-08-09 05:05:45,782] {logging_mixin.py:115} INFO - [2022-08-09 05:05:45,782] {dag.py:2371} INFO - Sync 1 DAGs
[2022-08-09 05:05:45,826] {logging_mixin.py:115} INFO - [2022-08-09 05:05:45,826] {dag.py:2919} INFO - Setting next_dagrun for tutorial_etl_dag to None, run_after=None
[2022-08-09 05:05:45,869] {processor.py:161} INFO - Processing /home/airflow/.local/lib/python3.7/site-packages/airflow/example_dags/tutorial_etl_dag.py took 0.192 seconds
[2022-08-09 05:06:16,708] {processor.py:153} INFO - Started process (PID=91211) to work on /home/airflow/.local/lib/python3.7/site-packages/airflow/example_dags/tutorial_etl_dag.py
[2022-08-09 05:06:16,712] {processor.py:641} INFO - Processing file /home/airflow/.local/lib/python3.7/site-packages/airflow/example_dags/tutorial_etl_dag.py for tasks to queue
[2022-08-09 05:06:16,716] {logging_mixin.py:115} INFO - [2022-08-09 05:06:16,715] {dagbag.py:507} INFO - Filling up the DagBag from /home/airflow/.local/lib/python3.7/site-packages/airflow/example_dags/tutorial_etl_dag.py
[2022-08-09 05:06:16,745] {processor.py:651} INFO - DAG(s) dict_keys(['tutorial_etl_dag']) retrieved from /home/airflow/.local/lib/python3.7/site-packages/airflow/example_dags/tutorial_etl_dag.py
[2022-08-09 05:06:16,845] {logging_mixin.py:115} INFO - [2022-08-09 05:06:16,845] {dag.py:2371} INFO - Sync 1 DAGs
[2022-08-09 05:06:16,907] {logging_mixin.py:115} INFO - [2022-08-09 05:06:16,906] {dag.py:2919} INFO - Setting next_dagrun for tutorial_etl_dag to None, run_after=None
[2022-08-09 05:06:16,940] {processor.py:161} INFO - Processing /home/airflow/.local/lib/python3.7/site-packages/airflow/example_dags/tutorial_etl_dag.py took 0.243 seconds
[2022-08-09 05:11:17,743] {processor.py:153} INFO - Started process (PID=91263) to work on /home/airflow/.local/lib/python3.7/site-packages/airflow/example_dags/tutorial_etl_dag.py
[2022-08-09 05:11:17,747] {processor.py:641} INFO - Processing file /home/airflow/.local/lib/python3.7/site-packages/airflow/example_dags/tutorial_etl_dag.py for tasks to queue
[2022-08-09 05:11:17,749] {logging_mixin.py:115} INFO - [2022-08-09 05:11:17,749] {dagbag.py:507} INFO - Filling up the DagBag from /home/airflow/.local/lib/python3.7/site-packages/airflow/example_dags/tutorial_etl_dag.py
[2022-08-09 05:11:17,758] {processor.py:651} INFO - DAG(s) dict_keys(['tutorial_etl_dag']) retrieved from /home/airflow/.local/lib/python3.7/site-packages/airflow/example_dags/tutorial_etl_dag.py
[2022-08-09 05:11:17,835] {logging_mixin.py:115} INFO - [2022-08-09 05:11:17,834] {dag.py:2371} INFO - Sync 1 DAGs
[2022-08-09 05:11:17,882] {logging_mixin.py:115} INFO - [2022-08-09 05:11:17,882] {dag.py:2919} INFO - Setting next_dagrun for tutorial_etl_dag to None, run_after=None
[2022-08-09 05:11:17,910] {processor.py:161} INFO - Processing /home/airflow/.local/lib/python3.7/site-packages/airflow/example_dags/tutorial_etl_dag.py took 0.172 seconds
[2022-08-09 05:11:48,824] {processor.py:153} INFO - Started process (PID=91314) to work on /home/airflow/.local/lib/python3.7/site-packages/airflow/example_dags/tutorial_etl_dag.py
[2022-08-09 05:11:48,828] {processor.py:641} INFO - Processing file /home/airflow/.local/lib/python3.7/site-packages/airflow/example_dags/tutorial_etl_dag.py for tasks to queue
[2022-08-09 05:11:48,831] {logging_mixin.py:115} INFO - [2022-08-09 05:11:48,830] {dagbag.py:507} INFO - Filling up the DagBag from /home/airflow/.local/lib/python3.7/site-packages/airflow/example_dags/tutorial_etl_dag.py
[2022-08-09 05:11:48,857] {processor.py:651} INFO - DAG(s) dict_keys(['tutorial_etl_dag']) retrieved from /home/airflow/.local/lib/python3.7/site-packages/airflow/example_dags/tutorial_etl_dag.py
[2022-08-09 05:11:48,942] {logging_mixin.py:115} INFO - [2022-08-09 05:11:48,942] {dag.py:2371} INFO - Sync 1 DAGs
[2022-08-09 05:11:49,002] {logging_mixin.py:115} INFO - [2022-08-09 05:11:49,002] {dag.py:2919} INFO - Setting next_dagrun for tutorial_etl_dag to None, run_after=None
[2022-08-09 05:11:49,044] {processor.py:161} INFO - Processing /home/airflow/.local/lib/python3.7/site-packages/airflow/example_dags/tutorial_etl_dag.py took 0.230 seconds
[2022-08-09 05:16:50,480] {processor.py:153} INFO - Started process (PID=91366) to work on /home/airflow/.local/lib/python3.7/site-packages/airflow/example_dags/tutorial_etl_dag.py
[2022-08-09 05:16:50,484] {processor.py:641} INFO - Processing file /home/airflow/.local/lib/python3.7/site-packages/airflow/example_dags/tutorial_etl_dag.py for tasks to queue
[2022-08-09 05:16:50,490] {logging_mixin.py:115} INFO - [2022-08-09 05:16:50,490] {dagbag.py:507} INFO - Filling up the DagBag from /home/airflow/.local/lib/python3.7/site-packages/airflow/example_dags/tutorial_etl_dag.py
[2022-08-09 05:16:50,519] {processor.py:651} INFO - DAG(s) dict_keys(['tutorial_etl_dag']) retrieved from /home/airflow/.local/lib/python3.7/site-packages/airflow/example_dags/tutorial_etl_dag.py
[2022-08-09 05:16:50,615] {logging_mixin.py:115} INFO - [2022-08-09 05:16:50,615] {dag.py:2371} INFO - Sync 1 DAGs
[2022-08-09 05:16:50,718] {logging_mixin.py:115} INFO - [2022-08-09 05:16:50,718] {dag.py:2919} INFO - Setting next_dagrun for tutorial_etl_dag to None, run_after=None
[2022-08-09 05:16:50,813] {processor.py:161} INFO - Processing /home/airflow/.local/lib/python3.7/site-packages/airflow/example_dags/tutorial_etl_dag.py took 0.341 seconds
[2022-08-09 05:17:22,126] {processor.py:153} INFO - Started process (PID=91418) to work on /home/airflow/.local/lib/python3.7/site-packages/airflow/example_dags/tutorial_etl_dag.py
[2022-08-09 05:17:22,129] {processor.py:641} INFO - Processing file /home/airflow/.local/lib/python3.7/site-packages/airflow/example_dags/tutorial_etl_dag.py for tasks to queue
[2022-08-09 05:17:22,133] {logging_mixin.py:115} INFO - [2022-08-09 05:17:22,132] {dagbag.py:507} INFO - Filling up the DagBag from /home/airflow/.local/lib/python3.7/site-packages/airflow/example_dags/tutorial_etl_dag.py
[2022-08-09 05:17:22,157] {processor.py:651} INFO - DAG(s) dict_keys(['tutorial_etl_dag']) retrieved from /home/airflow/.local/lib/python3.7/site-packages/airflow/example_dags/tutorial_etl_dag.py
[2022-08-09 05:17:22,238] {logging_mixin.py:115} INFO - [2022-08-09 05:17:22,238] {dag.py:2371} INFO - Sync 1 DAGs
[2022-08-09 05:17:22,293] {logging_mixin.py:115} INFO - [2022-08-09 05:17:22,293] {dag.py:2919} INFO - Setting next_dagrun for tutorial_etl_dag to None, run_after=None
[2022-08-09 05:17:22,326] {processor.py:161} INFO - Processing /home/airflow/.local/lib/python3.7/site-packages/airflow/example_dags/tutorial_etl_dag.py took 0.210 seconds
[2022-08-09 05:22:23,551] {processor.py:153} INFO - Started process (PID=91471) to work on /home/airflow/.local/lib/python3.7/site-packages/airflow/example_dags/tutorial_etl_dag.py
[2022-08-09 05:22:23,553] {processor.py:641} INFO - Processing file /home/airflow/.local/lib/python3.7/site-packages/airflow/example_dags/tutorial_etl_dag.py for tasks to queue
[2022-08-09 05:22:23,555] {logging_mixin.py:115} INFO - [2022-08-09 05:22:23,555] {dagbag.py:507} INFO - Filling up the DagBag from /home/airflow/.local/lib/python3.7/site-packages/airflow/example_dags/tutorial_etl_dag.py
[2022-08-09 05:22:23,567] {processor.py:651} INFO - DAG(s) dict_keys(['tutorial_etl_dag']) retrieved from /home/airflow/.local/lib/python3.7/site-packages/airflow/example_dags/tutorial_etl_dag.py
[2022-08-09 05:22:23,629] {logging_mixin.py:115} INFO - [2022-08-09 05:22:23,629] {dag.py:2371} INFO - Sync 1 DAGs
[2022-08-09 05:22:23,668] {logging_mixin.py:115} INFO - [2022-08-09 05:22:23,668] {dag.py:2919} INFO - Setting next_dagrun for tutorial_etl_dag to None, run_after=None
[2022-08-09 05:22:23,689] {processor.py:161} INFO - Processing /home/airflow/.local/lib/python3.7/site-packages/airflow/example_dags/tutorial_etl_dag.py took 0.142 seconds
[2022-08-09 05:22:54,745] {processor.py:153} INFO - Started process (PID=91522) to work on /home/airflow/.local/lib/python3.7/site-packages/airflow/example_dags/tutorial_etl_dag.py
[2022-08-09 05:22:54,749] {processor.py:641} INFO - Processing file /home/airflow/.local/lib/python3.7/site-packages/airflow/example_dags/tutorial_etl_dag.py for tasks to queue
[2022-08-09 05:22:54,753] {logging_mixin.py:115} INFO - [2022-08-09 05:22:54,753] {dagbag.py:507} INFO - Filling up the DagBag from /home/airflow/.local/lib/python3.7/site-packages/airflow/example_dags/tutorial_etl_dag.py
[2022-08-09 05:22:54,777] {processor.py:651} INFO - DAG(s) dict_keys(['tutorial_etl_dag']) retrieved from /home/airflow/.local/lib/python3.7/site-packages/airflow/example_dags/tutorial_etl_dag.py
[2022-08-09 05:22:54,854] {logging_mixin.py:115} INFO - [2022-08-09 05:22:54,853] {dag.py:2371} INFO - Sync 1 DAGs
[2022-08-09 05:22:54,907] {logging_mixin.py:115} INFO - [2022-08-09 05:22:54,907] {dag.py:2919} INFO - Setting next_dagrun for tutorial_etl_dag to None, run_after=None
[2022-08-09 05:22:54,938] {processor.py:161} INFO - Processing /home/airflow/.local/lib/python3.7/site-packages/airflow/example_dags/tutorial_etl_dag.py took 0.203 seconds
[2022-08-09 05:27:55,270] {processor.py:153} INFO - Started process (PID=91574) to work on /home/airflow/.local/lib/python3.7/site-packages/airflow/example_dags/tutorial_etl_dag.py
[2022-08-09 05:27:55,275] {processor.py:641} INFO - Processing file /home/airflow/.local/lib/python3.7/site-packages/airflow/example_dags/tutorial_etl_dag.py for tasks to queue
[2022-08-09 05:27:55,280] {logging_mixin.py:115} INFO - [2022-08-09 05:27:55,279] {dagbag.py:507} INFO - Filling up the DagBag from /home/airflow/.local/lib/python3.7/site-packages/airflow/example_dags/tutorial_etl_dag.py
[2022-08-09 05:27:55,334] {processor.py:651} INFO - DAG(s) dict_keys(['tutorial_etl_dag']) retrieved from /home/airflow/.local/lib/python3.7/site-packages/airflow/example_dags/tutorial_etl_dag.py
[2022-08-09 05:27:55,454] {logging_mixin.py:115} INFO - [2022-08-09 05:27:55,454] {dag.py:2371} INFO - Sync 1 DAGs
[2022-08-09 05:27:55,494] {logging_mixin.py:115} INFO - [2022-08-09 05:27:55,494] {dag.py:2919} INFO - Setting next_dagrun for tutorial_etl_dag to None, run_after=None
[2022-08-09 05:27:55,537] {processor.py:161} INFO - Processing /home/airflow/.local/lib/python3.7/site-packages/airflow/example_dags/tutorial_etl_dag.py took 0.288 seconds
[2022-08-09 05:28:27,223] {processor.py:153} INFO - Started process (PID=91627) to work on /home/airflow/.local/lib/python3.7/site-packages/airflow/example_dags/tutorial_etl_dag.py
[2022-08-09 05:28:27,227] {processor.py:641} INFO - Processing file /home/airflow/.local/lib/python3.7/site-packages/airflow/example_dags/tutorial_etl_dag.py for tasks to queue
[2022-08-09 05:28:27,232] {logging_mixin.py:115} INFO - [2022-08-09 05:28:27,232] {dagbag.py:507} INFO - Filling up the DagBag from /home/airflow/.local/lib/python3.7/site-packages/airflow/example_dags/tutorial_etl_dag.py
[2022-08-09 05:28:27,264] {processor.py:651} INFO - DAG(s) dict_keys(['tutorial_etl_dag']) retrieved from /home/airflow/.local/lib/python3.7/site-packages/airflow/example_dags/tutorial_etl_dag.py
[2022-08-09 05:28:27,359] {logging_mixin.py:115} INFO - [2022-08-09 05:28:27,359] {dag.py:2371} INFO - Sync 1 DAGs
[2022-08-09 05:28:27,415] {logging_mixin.py:115} INFO - [2022-08-09 05:28:27,414] {dag.py:2919} INFO - Setting next_dagrun for tutorial_etl_dag to None, run_after=None
[2022-08-09 05:28:27,446] {processor.py:161} INFO - Processing /home/airflow/.local/lib/python3.7/site-packages/airflow/example_dags/tutorial_etl_dag.py took 0.236 seconds
[2022-08-09 05:33:27,915] {processor.py:153} INFO - Started process (PID=91679) to work on /home/airflow/.local/lib/python3.7/site-packages/airflow/example_dags/tutorial_etl_dag.py
[2022-08-09 05:33:27,917] {processor.py:641} INFO - Processing file /home/airflow/.local/lib/python3.7/site-packages/airflow/example_dags/tutorial_etl_dag.py for tasks to queue
[2022-08-09 05:33:27,919] {logging_mixin.py:115} INFO - [2022-08-09 05:33:27,919] {dagbag.py:507} INFO - Filling up the DagBag from /home/airflow/.local/lib/python3.7/site-packages/airflow/example_dags/tutorial_etl_dag.py
[2022-08-09 05:33:27,933] {processor.py:651} INFO - DAG(s) dict_keys(['tutorial_etl_dag']) retrieved from /home/airflow/.local/lib/python3.7/site-packages/airflow/example_dags/tutorial_etl_dag.py
[2022-08-09 05:33:27,976] {logging_mixin.py:115} INFO - [2022-08-09 05:33:27,976] {dag.py:2371} INFO - Sync 1 DAGs
[2022-08-09 05:33:28,011] {logging_mixin.py:115} INFO - [2022-08-09 05:33:28,011] {dag.py:2919} INFO - Setting next_dagrun for tutorial_etl_dag to None, run_after=None
[2022-08-09 05:33:28,038] {processor.py:161} INFO - Processing /home/airflow/.local/lib/python3.7/site-packages/airflow/example_dags/tutorial_etl_dag.py took 0.128 seconds
[2022-08-09 05:33:59,866] {processor.py:153} INFO - Started process (PID=91731) to work on /home/airflow/.local/lib/python3.7/site-packages/airflow/example_dags/tutorial_etl_dag.py
[2022-08-09 05:33:59,870] {processor.py:641} INFO - Processing file /home/airflow/.local/lib/python3.7/site-packages/airflow/example_dags/tutorial_etl_dag.py for tasks to queue
[2022-08-09 05:33:59,874] {logging_mixin.py:115} INFO - [2022-08-09 05:33:59,874] {dagbag.py:507} INFO - Filling up the DagBag from /home/airflow/.local/lib/python3.7/site-packages/airflow/example_dags/tutorial_etl_dag.py
[2022-08-09 05:33:59,901] {processor.py:651} INFO - DAG(s) dict_keys(['tutorial_etl_dag']) retrieved from /home/airflow/.local/lib/python3.7/site-packages/airflow/example_dags/tutorial_etl_dag.py
[2022-08-09 05:33:59,986] {logging_mixin.py:115} INFO - [2022-08-09 05:33:59,986] {dag.py:2371} INFO - Sync 1 DAGs
[2022-08-09 05:34:00,037] {logging_mixin.py:115} INFO - [2022-08-09 05:34:00,037] {dag.py:2919} INFO - Setting next_dagrun for tutorial_etl_dag to None, run_after=None
[2022-08-09 05:34:00,068] {processor.py:161} INFO - Processing /home/airflow/.local/lib/python3.7/site-packages/airflow/example_dags/tutorial_etl_dag.py took 0.213 seconds
[2022-08-09 05:39:02,176] {processor.py:153} INFO - Started process (PID=91785) to work on /home/airflow/.local/lib/python3.7/site-packages/airflow/example_dags/tutorial_etl_dag.py
[2022-08-09 05:39:02,178] {processor.py:641} INFO - Processing file /home/airflow/.local/lib/python3.7/site-packages/airflow/example_dags/tutorial_etl_dag.py for tasks to queue
[2022-08-09 05:39:02,181] {logging_mixin.py:115} INFO - [2022-08-09 05:39:02,180] {dagbag.py:507} INFO - Filling up the DagBag from /home/airflow/.local/lib/python3.7/site-packages/airflow/example_dags/tutorial_etl_dag.py
[2022-08-09 05:39:02,209] {processor.py:651} INFO - DAG(s) dict_keys(['tutorial_etl_dag']) retrieved from /home/airflow/.local/lib/python3.7/site-packages/airflow/example_dags/tutorial_etl_dag.py
[2022-08-09 05:39:02,275] {logging_mixin.py:115} INFO - [2022-08-09 05:39:02,274] {dag.py:2371} INFO - Sync 1 DAGs
[2022-08-09 05:39:02,300] {logging_mixin.py:115} INFO - [2022-08-09 05:39:02,300] {dag.py:2919} INFO - Setting next_dagrun for tutorial_etl_dag to None, run_after=None
[2022-08-09 05:39:02,335] {processor.py:161} INFO - Processing /home/airflow/.local/lib/python3.7/site-packages/airflow/example_dags/tutorial_etl_dag.py took 0.163 seconds
[2022-08-09 05:39:33,165] {processor.py:153} INFO - Started process (PID=91837) to work on /home/airflow/.local/lib/python3.7/site-packages/airflow/example_dags/tutorial_etl_dag.py
[2022-08-09 05:39:33,169] {processor.py:641} INFO - Processing file /home/airflow/.local/lib/python3.7/site-packages/airflow/example_dags/tutorial_etl_dag.py for tasks to queue
[2022-08-09 05:39:33,172] {logging_mixin.py:115} INFO - [2022-08-09 05:39:33,171] {dagbag.py:507} INFO - Filling up the DagBag from /home/airflow/.local/lib/python3.7/site-packages/airflow/example_dags/tutorial_etl_dag.py
[2022-08-09 05:39:33,202] {processor.py:651} INFO - DAG(s) dict_keys(['tutorial_etl_dag']) retrieved from /home/airflow/.local/lib/python3.7/site-packages/airflow/example_dags/tutorial_etl_dag.py
[2022-08-09 05:39:33,298] {logging_mixin.py:115} INFO - [2022-08-09 05:39:33,298] {dag.py:2371} INFO - Sync 1 DAGs
[2022-08-09 05:39:33,357] {logging_mixin.py:115} INFO - [2022-08-09 05:39:33,357] {dag.py:2919} INFO - Setting next_dagrun for tutorial_etl_dag to None, run_after=None
[2022-08-09 05:39:33,413] {processor.py:161} INFO - Processing /home/airflow/.local/lib/python3.7/site-packages/airflow/example_dags/tutorial_etl_dag.py took 0.258 seconds
[2022-08-09 05:44:34,078] {processor.py:153} INFO - Started process (PID=91890) to work on /home/airflow/.local/lib/python3.7/site-packages/airflow/example_dags/tutorial_etl_dag.py
[2022-08-09 05:44:34,081] {processor.py:641} INFO - Processing file /home/airflow/.local/lib/python3.7/site-packages/airflow/example_dags/tutorial_etl_dag.py for tasks to queue
[2022-08-09 05:44:34,082] {logging_mixin.py:115} INFO - [2022-08-09 05:44:34,082] {dagbag.py:507} INFO - Filling up the DagBag from /home/airflow/.local/lib/python3.7/site-packages/airflow/example_dags/tutorial_etl_dag.py
[2022-08-09 05:44:34,096] {processor.py:651} INFO - DAG(s) dict_keys(['tutorial_etl_dag']) retrieved from /home/airflow/.local/lib/python3.7/site-packages/airflow/example_dags/tutorial_etl_dag.py
[2022-08-09 05:44:34,150] {logging_mixin.py:115} INFO - [2022-08-09 05:44:34,149] {dag.py:2371} INFO - Sync 1 DAGs
[2022-08-09 05:44:34,199] {logging_mixin.py:115} INFO - [2022-08-09 05:44:34,199] {dag.py:2919} INFO - Setting next_dagrun for tutorial_etl_dag to None, run_after=None
[2022-08-09 05:44:34,223] {processor.py:161} INFO - Processing /home/airflow/.local/lib/python3.7/site-packages/airflow/example_dags/tutorial_etl_dag.py took 0.150 seconds
[2022-08-09 05:45:06,055] {processor.py:153} INFO - Started process (PID=91943) to work on /home/airflow/.local/lib/python3.7/site-packages/airflow/example_dags/tutorial_etl_dag.py
[2022-08-09 05:45:06,058] {processor.py:641} INFO - Processing file /home/airflow/.local/lib/python3.7/site-packages/airflow/example_dags/tutorial_etl_dag.py for tasks to queue
[2022-08-09 05:45:06,061] {logging_mixin.py:115} INFO - [2022-08-09 05:45:06,060] {dagbag.py:507} INFO - Filling up the DagBag from /home/airflow/.local/lib/python3.7/site-packages/airflow/example_dags/tutorial_etl_dag.py
[2022-08-09 05:45:06,090] {processor.py:651} INFO - DAG(s) dict_keys(['tutorial_etl_dag']) retrieved from /home/airflow/.local/lib/python3.7/site-packages/airflow/example_dags/tutorial_etl_dag.py
[2022-08-09 05:45:06,170] {logging_mixin.py:115} INFO - [2022-08-09 05:45:06,169] {dag.py:2371} INFO - Sync 1 DAGs
[2022-08-09 05:45:06,224] {logging_mixin.py:115} INFO - [2022-08-09 05:45:06,224] {dag.py:2919} INFO - Setting next_dagrun for tutorial_etl_dag to None, run_after=None
[2022-08-09 05:45:06,258] {processor.py:161} INFO - Processing /home/airflow/.local/lib/python3.7/site-packages/airflow/example_dags/tutorial_etl_dag.py took 0.213 seconds
[2022-08-09 05:50:07,175] {processor.py:153} INFO - Started process (PID=91995) to work on /home/airflow/.local/lib/python3.7/site-packages/airflow/example_dags/tutorial_etl_dag.py
[2022-08-09 05:50:07,182] {processor.py:641} INFO - Processing file /home/airflow/.local/lib/python3.7/site-packages/airflow/example_dags/tutorial_etl_dag.py for tasks to queue
[2022-08-09 05:50:07,185] {logging_mixin.py:115} INFO - [2022-08-09 05:50:07,185] {dagbag.py:507} INFO - Filling up the DagBag from /home/airflow/.local/lib/python3.7/site-packages/airflow/example_dags/tutorial_etl_dag.py
[2022-08-09 05:50:07,232] {processor.py:651} INFO - DAG(s) dict_keys(['tutorial_etl_dag']) retrieved from /home/airflow/.local/lib/python3.7/site-packages/airflow/example_dags/tutorial_etl_dag.py
[2022-08-09 05:50:07,331] {logging_mixin.py:115} INFO - [2022-08-09 05:50:07,331] {dag.py:2371} INFO - Sync 1 DAGs
[2022-08-09 05:50:07,388] {logging_mixin.py:115} INFO - [2022-08-09 05:50:07,387] {dag.py:2919} INFO - Setting next_dagrun for tutorial_etl_dag to None, run_after=None
[2022-08-09 05:50:07,429] {processor.py:161} INFO - Processing /home/airflow/.local/lib/python3.7/site-packages/airflow/example_dags/tutorial_etl_dag.py took 0.265 seconds
[2022-08-09 05:50:38,420] {processor.py:153} INFO - Started process (PID=92047) to work on /home/airflow/.local/lib/python3.7/site-packages/airflow/example_dags/tutorial_etl_dag.py
[2022-08-09 05:50:38,435] {processor.py:641} INFO - Processing file /home/airflow/.local/lib/python3.7/site-packages/airflow/example_dags/tutorial_etl_dag.py for tasks to queue
[2022-08-09 05:50:38,473] {logging_mixin.py:115} INFO - [2022-08-09 05:50:38,472] {dagbag.py:507} INFO - Filling up the DagBag from /home/airflow/.local/lib/python3.7/site-packages/airflow/example_dags/tutorial_etl_dag.py
[2022-08-09 05:50:38,503] {processor.py:651} INFO - DAG(s) dict_keys(['tutorial_etl_dag']) retrieved from /home/airflow/.local/lib/python3.7/site-packages/airflow/example_dags/tutorial_etl_dag.py
[2022-08-09 05:50:38,611] {logging_mixin.py:115} INFO - [2022-08-09 05:50:38,611] {dag.py:2371} INFO - Sync 1 DAGs
[2022-08-09 05:50:38,702] {logging_mixin.py:115} INFO - [2022-08-09 05:50:38,701] {dag.py:2919} INFO - Setting next_dagrun for tutorial_etl_dag to None, run_after=None
[2022-08-09 05:50:38,762] {processor.py:161} INFO - Processing /home/airflow/.local/lib/python3.7/site-packages/airflow/example_dags/tutorial_etl_dag.py took 0.354 seconds
[2022-08-09 05:55:43,739] {processor.py:153} INFO - Started process (PID=92098) to work on /home/airflow/.local/lib/python3.7/site-packages/airflow/example_dags/tutorial_etl_dag.py
[2022-08-09 05:55:43,746] {processor.py:641} INFO - Processing file /home/airflow/.local/lib/python3.7/site-packages/airflow/example_dags/tutorial_etl_dag.py for tasks to queue
[2022-08-09 05:55:43,749] {logging_mixin.py:115} INFO - [2022-08-09 05:55:43,749] {dagbag.py:507} INFO - Filling up the DagBag from /home/airflow/.local/lib/python3.7/site-packages/airflow/example_dags/tutorial_etl_dag.py
[2022-08-09 05:55:43,781] {processor.py:651} INFO - DAG(s) dict_keys(['tutorial_etl_dag']) retrieved from /home/airflow/.local/lib/python3.7/site-packages/airflow/example_dags/tutorial_etl_dag.py
[2022-08-09 05:55:43,885] {logging_mixin.py:115} INFO - [2022-08-09 05:55:43,885] {dag.py:2371} INFO - Sync 1 DAGs
[2022-08-09 05:55:43,937] {logging_mixin.py:115} INFO - [2022-08-09 05:55:43,937] {dag.py:2919} INFO - Setting next_dagrun for tutorial_etl_dag to None, run_after=None
[2022-08-09 05:55:43,960] {processor.py:161} INFO - Processing /home/airflow/.local/lib/python3.7/site-packages/airflow/example_dags/tutorial_etl_dag.py took 0.227 seconds
[2022-08-09 05:56:14,685] {processor.py:153} INFO - Started process (PID=92149) to work on /home/airflow/.local/lib/python3.7/site-packages/airflow/example_dags/tutorial_etl_dag.py
[2022-08-09 05:56:14,689] {processor.py:641} INFO - Processing file /home/airflow/.local/lib/python3.7/site-packages/airflow/example_dags/tutorial_etl_dag.py for tasks to queue
[2022-08-09 05:56:14,693] {logging_mixin.py:115} INFO - [2022-08-09 05:56:14,692] {dagbag.py:507} INFO - Filling up the DagBag from /home/airflow/.local/lib/python3.7/site-packages/airflow/example_dags/tutorial_etl_dag.py
[2022-08-09 05:56:14,715] {processor.py:651} INFO - DAG(s) dict_keys(['tutorial_etl_dag']) retrieved from /home/airflow/.local/lib/python3.7/site-packages/airflow/example_dags/tutorial_etl_dag.py
[2022-08-09 05:56:14,801] {logging_mixin.py:115} INFO - [2022-08-09 05:56:14,800] {dag.py:2371} INFO - Sync 1 DAGs
[2022-08-09 05:56:14,855] {logging_mixin.py:115} INFO - [2022-08-09 05:56:14,855] {dag.py:2919} INFO - Setting next_dagrun for tutorial_etl_dag to None, run_after=None
[2022-08-09 05:56:14,896] {processor.py:161} INFO - Processing /home/airflow/.local/lib/python3.7/site-packages/airflow/example_dags/tutorial_etl_dag.py took 0.221 seconds
[2022-08-09 06:01:15,622] {processor.py:153} INFO - Started process (PID=92201) to work on /home/airflow/.local/lib/python3.7/site-packages/airflow/example_dags/tutorial_etl_dag.py
[2022-08-09 06:01:15,625] {processor.py:641} INFO - Processing file /home/airflow/.local/lib/python3.7/site-packages/airflow/example_dags/tutorial_etl_dag.py for tasks to queue
[2022-08-09 06:01:15,629] {logging_mixin.py:115} INFO - [2022-08-09 06:01:15,629] {dagbag.py:507} INFO - Filling up the DagBag from /home/airflow/.local/lib/python3.7/site-packages/airflow/example_dags/tutorial_etl_dag.py
[2022-08-09 06:01:15,653] {processor.py:651} INFO - DAG(s) dict_keys(['tutorial_etl_dag']) retrieved from /home/airflow/.local/lib/python3.7/site-packages/airflow/example_dags/tutorial_etl_dag.py
[2022-08-09 06:01:15,703] {logging_mixin.py:115} INFO - [2022-08-09 06:01:15,703] {dag.py:2371} INFO - Sync 1 DAGs
[2022-08-09 06:01:15,759] {logging_mixin.py:115} INFO - [2022-08-09 06:01:15,759] {dag.py:2919} INFO - Setting next_dagrun for tutorial_etl_dag to None, run_after=None
[2022-08-09 06:01:15,804] {processor.py:161} INFO - Processing /home/airflow/.local/lib/python3.7/site-packages/airflow/example_dags/tutorial_etl_dag.py took 0.186 seconds
[2022-08-09 06:01:46,749] {processor.py:153} INFO - Started process (PID=92253) to work on /home/airflow/.local/lib/python3.7/site-packages/airflow/example_dags/tutorial_etl_dag.py
[2022-08-09 06:01:46,753] {processor.py:641} INFO - Processing file /home/airflow/.local/lib/python3.7/site-packages/airflow/example_dags/tutorial_etl_dag.py for tasks to queue
[2022-08-09 06:01:46,756] {logging_mixin.py:115} INFO - [2022-08-09 06:01:46,756] {dagbag.py:507} INFO - Filling up the DagBag from /home/airflow/.local/lib/python3.7/site-packages/airflow/example_dags/tutorial_etl_dag.py
[2022-08-09 06:01:46,801] {processor.py:651} INFO - DAG(s) dict_keys(['tutorial_etl_dag']) retrieved from /home/airflow/.local/lib/python3.7/site-packages/airflow/example_dags/tutorial_etl_dag.py
[2022-08-09 06:01:46,884] {logging_mixin.py:115} INFO - [2022-08-09 06:01:46,884] {dag.py:2371} INFO - Sync 1 DAGs
[2022-08-09 06:01:46,946] {logging_mixin.py:115} INFO - [2022-08-09 06:01:46,945] {dag.py:2919} INFO - Setting next_dagrun for tutorial_etl_dag to None, run_after=None
[2022-08-09 06:01:46,996] {processor.py:161} INFO - Processing /home/airflow/.local/lib/python3.7/site-packages/airflow/example_dags/tutorial_etl_dag.py took 0.261 seconds
[2022-08-09 06:04:32,882] {processor.py:153} INFO - Started process (PID=92305) to work on /home/airflow/.local/lib/python3.7/site-packages/airflow/example_dags/tutorial_etl_dag.py
[2022-08-09 06:04:32,883] {processor.py:641} INFO - Processing file /home/airflow/.local/lib/python3.7/site-packages/airflow/example_dags/tutorial_etl_dag.py for tasks to queue
[2022-08-09 06:04:32,885] {logging_mixin.py:115} INFO - [2022-08-09 06:04:32,884] {dagbag.py:507} INFO - Filling up the DagBag from /home/airflow/.local/lib/python3.7/site-packages/airflow/example_dags/tutorial_etl_dag.py
[2022-08-09 06:04:32,902] {processor.py:651} INFO - DAG(s) dict_keys(['tutorial_etl_dag']) retrieved from /home/airflow/.local/lib/python3.7/site-packages/airflow/example_dags/tutorial_etl_dag.py
[2022-08-09 06:04:32,945] {logging_mixin.py:115} INFO - [2022-08-09 06:04:32,945] {dag.py:2371} INFO - Sync 1 DAGs
[2022-08-09 06:04:32,998] {logging_mixin.py:115} INFO - [2022-08-09 06:04:32,998] {dag.py:2919} INFO - Setting next_dagrun for tutorial_etl_dag to None, run_after=None
[2022-08-09 06:04:33,044] {processor.py:161} INFO - Processing /home/airflow/.local/lib/python3.7/site-packages/airflow/example_dags/tutorial_etl_dag.py took 0.170 seconds
[2022-08-09 06:05:03,279] {processor.py:153} INFO - Started process (PID=92357) to work on /home/airflow/.local/lib/python3.7/site-packages/airflow/example_dags/tutorial_etl_dag.py
[2022-08-09 06:05:03,283] {processor.py:641} INFO - Processing file /home/airflow/.local/lib/python3.7/site-packages/airflow/example_dags/tutorial_etl_dag.py for tasks to queue
[2022-08-09 06:05:03,287] {logging_mixin.py:115} INFO - [2022-08-09 06:05:03,287] {dagbag.py:507} INFO - Filling up the DagBag from /home/airflow/.local/lib/python3.7/site-packages/airflow/example_dags/tutorial_etl_dag.py
[2022-08-09 06:05:03,314] {processor.py:651} INFO - DAG(s) dict_keys(['tutorial_etl_dag']) retrieved from /home/airflow/.local/lib/python3.7/site-packages/airflow/example_dags/tutorial_etl_dag.py
[2022-08-09 06:05:03,393] {logging_mixin.py:115} INFO - [2022-08-09 06:05:03,393] {dag.py:2371} INFO - Sync 1 DAGs
[2022-08-09 06:05:03,449] {logging_mixin.py:115} INFO - [2022-08-09 06:05:03,449] {dag.py:2919} INFO - Setting next_dagrun for tutorial_etl_dag to None, run_after=None
[2022-08-09 06:05:03,484] {processor.py:161} INFO - Processing /home/airflow/.local/lib/python3.7/site-packages/airflow/example_dags/tutorial_etl_dag.py took 0.222 seconds
[2022-08-09 07:39:52,844] {processor.py:153} INFO - Started process (PID=92400) to work on /home/airflow/.local/lib/python3.7/site-packages/airflow/example_dags/tutorial_etl_dag.py
[2022-08-09 07:39:52,846] {processor.py:641} INFO - Processing file /home/airflow/.local/lib/python3.7/site-packages/airflow/example_dags/tutorial_etl_dag.py for tasks to queue
[2022-08-09 07:39:52,847] {logging_mixin.py:115} INFO - [2022-08-09 07:39:52,847] {dagbag.py:507} INFO - Filling up the DagBag from /home/airflow/.local/lib/python3.7/site-packages/airflow/example_dags/tutorial_etl_dag.py
[2022-08-09 07:39:52,868] {processor.py:651} INFO - DAG(s) dict_keys(['tutorial_etl_dag']) retrieved from /home/airflow/.local/lib/python3.7/site-packages/airflow/example_dags/tutorial_etl_dag.py
[2022-08-09 07:39:52,935] {logging_mixin.py:115} INFO - [2022-08-09 07:39:52,935] {dag.py:2371} INFO - Sync 1 DAGs
[2022-08-09 07:39:52,980] {logging_mixin.py:115} INFO - [2022-08-09 07:39:52,980] {dag.py:2919} INFO - Setting next_dagrun for tutorial_etl_dag to None, run_after=None
[2022-08-09 07:39:53,014] {processor.py:161} INFO - Processing /home/airflow/.local/lib/python3.7/site-packages/airflow/example_dags/tutorial_etl_dag.py took 0.176 seconds
[2022-08-09 09:23:12,754] {processor.py:153} INFO - Started process (PID=92436) to work on /home/airflow/.local/lib/python3.7/site-packages/airflow/example_dags/tutorial_etl_dag.py
[2022-08-09 09:23:12,755] {processor.py:641} INFO - Processing file /home/airflow/.local/lib/python3.7/site-packages/airflow/example_dags/tutorial_etl_dag.py for tasks to queue
[2022-08-09 09:23:12,758] {logging_mixin.py:115} INFO - [2022-08-09 09:23:12,757] {dagbag.py:507} INFO - Filling up the DagBag from /home/airflow/.local/lib/python3.7/site-packages/airflow/example_dags/tutorial_etl_dag.py
[2022-08-09 09:23:12,785] {processor.py:651} INFO - DAG(s) dict_keys(['tutorial_etl_dag']) retrieved from /home/airflow/.local/lib/python3.7/site-packages/airflow/example_dags/tutorial_etl_dag.py
[2022-08-09 09:23:12,850] {logging_mixin.py:115} INFO - [2022-08-09 09:23:12,850] {dag.py:2371} INFO - Sync 1 DAGs
[2022-08-09 09:23:12,927] {logging_mixin.py:115} INFO - [2022-08-09 09:23:12,927] {dag.py:2919} INFO - Setting next_dagrun for tutorial_etl_dag to None, run_after=None
[2022-08-09 09:23:12,974] {processor.py:161} INFO - Processing /home/airflow/.local/lib/python3.7/site-packages/airflow/example_dags/tutorial_etl_dag.py took 0.234 seconds
[2022-08-09 11:11:16,960] {processor.py:153} INFO - Started process (PID=92478) to work on /home/airflow/.local/lib/python3.7/site-packages/airflow/example_dags/tutorial_etl_dag.py
[2022-08-09 11:11:16,962] {processor.py:641} INFO - Processing file /home/airflow/.local/lib/python3.7/site-packages/airflow/example_dags/tutorial_etl_dag.py for tasks to queue
[2022-08-09 11:11:16,968] {logging_mixin.py:115} INFO - [2022-08-09 11:11:16,968] {dagbag.py:507} INFO - Filling up the DagBag from /home/airflow/.local/lib/python3.7/site-packages/airflow/example_dags/tutorial_etl_dag.py
[2022-08-09 11:11:16,984] {processor.py:651} INFO - DAG(s) dict_keys(['tutorial_etl_dag']) retrieved from /home/airflow/.local/lib/python3.7/site-packages/airflow/example_dags/tutorial_etl_dag.py
[2022-08-09 11:11:17,076] {logging_mixin.py:115} INFO - [2022-08-09 11:11:17,076] {dag.py:2371} INFO - Sync 1 DAGs
[2022-08-09 11:11:17,137] {logging_mixin.py:115} INFO - [2022-08-09 11:11:17,136] {dag.py:2919} INFO - Setting next_dagrun for tutorial_etl_dag to None, run_after=None
[2022-08-09 11:11:17,176] {processor.py:161} INFO - Processing /home/airflow/.local/lib/python3.7/site-packages/airflow/example_dags/tutorial_etl_dag.py took 0.238 seconds
[2022-08-09 11:23:32,461] {processor.py:153} INFO - Started process (PID=92522) to work on /home/airflow/.local/lib/python3.7/site-packages/airflow/example_dags/tutorial_etl_dag.py
[2022-08-09 11:23:32,462] {processor.py:641} INFO - Processing file /home/airflow/.local/lib/python3.7/site-packages/airflow/example_dags/tutorial_etl_dag.py for tasks to queue
[2022-08-09 11:23:32,464] {logging_mixin.py:115} INFO - [2022-08-09 11:23:32,464] {dagbag.py:507} INFO - Filling up the DagBag from /home/airflow/.local/lib/python3.7/site-packages/airflow/example_dags/tutorial_etl_dag.py
[2022-08-09 11:23:32,482] {processor.py:651} INFO - DAG(s) dict_keys(['tutorial_etl_dag']) retrieved from /home/airflow/.local/lib/python3.7/site-packages/airflow/example_dags/tutorial_etl_dag.py
[2022-08-09 11:23:32,519] {logging_mixin.py:115} INFO - [2022-08-09 11:23:32,519] {dag.py:2371} INFO - Sync 1 DAGs
[2022-08-09 11:23:32,550] {logging_mixin.py:115} INFO - [2022-08-09 11:23:32,550] {dag.py:2919} INFO - Setting next_dagrun for tutorial_etl_dag to None, run_after=None
[2022-08-09 11:23:32,569] {processor.py:161} INFO - Processing /home/airflow/.local/lib/python3.7/site-packages/airflow/example_dags/tutorial_etl_dag.py took 0.113 seconds
[2022-08-09 14:48:45,421] {processor.py:153} INFO - Started process (PID=92575) to work on /home/airflow/.local/lib/python3.7/site-packages/airflow/example_dags/tutorial_etl_dag.py
[2022-08-09 14:48:45,440] {processor.py:641} INFO - Processing file /home/airflow/.local/lib/python3.7/site-packages/airflow/example_dags/tutorial_etl_dag.py for tasks to queue
[2022-08-09 14:48:45,442] {logging_mixin.py:115} INFO - [2022-08-09 14:48:45,442] {dagbag.py:507} INFO - Filling up the DagBag from /home/airflow/.local/lib/python3.7/site-packages/airflow/example_dags/tutorial_etl_dag.py
[2022-08-09 14:48:45,471] {processor.py:651} INFO - DAG(s) dict_keys(['tutorial_etl_dag']) retrieved from /home/airflow/.local/lib/python3.7/site-packages/airflow/example_dags/tutorial_etl_dag.py
[2022-08-09 14:48:45,513] {logging_mixin.py:115} INFO - [2022-08-09 14:48:45,513] {dag.py:2371} INFO - Sync 1 DAGs
[2022-08-09 14:48:45,541] {logging_mixin.py:115} INFO - [2022-08-09 14:48:45,541] {dag.py:2919} INFO - Setting next_dagrun for tutorial_etl_dag to None, run_after=None
[2022-08-09 14:48:45,566] {processor.py:161} INFO - Processing /home/airflow/.local/lib/python3.7/site-packages/airflow/example_dags/tutorial_etl_dag.py took 0.158 seconds
[2022-08-09 16:38:55,788] {processor.py:153} INFO - Started process (PID=92628) to work on /home/airflow/.local/lib/python3.7/site-packages/airflow/example_dags/tutorial_etl_dag.py
[2022-08-09 16:38:55,790] {processor.py:641} INFO - Processing file /home/airflow/.local/lib/python3.7/site-packages/airflow/example_dags/tutorial_etl_dag.py for tasks to queue
[2022-08-09 16:38:55,792] {logging_mixin.py:115} INFO - [2022-08-09 16:38:55,791] {dagbag.py:507} INFO - Filling up the DagBag from /home/airflow/.local/lib/python3.7/site-packages/airflow/example_dags/tutorial_etl_dag.py
[2022-08-09 16:38:55,824] {processor.py:651} INFO - DAG(s) dict_keys(['tutorial_etl_dag']) retrieved from /home/airflow/.local/lib/python3.7/site-packages/airflow/example_dags/tutorial_etl_dag.py
[2022-08-09 16:38:55,914] {logging_mixin.py:115} INFO - [2022-08-09 16:38:55,914] {dag.py:2371} INFO - Sync 1 DAGs
[2022-08-09 16:38:56,007] {logging_mixin.py:115} INFO - [2022-08-09 16:38:56,006] {dag.py:2919} INFO - Setting next_dagrun for tutorial_etl_dag to None, run_after=None
[2022-08-09 16:38:56,048] {processor.py:161} INFO - Processing /home/airflow/.local/lib/python3.7/site-packages/airflow/example_dags/tutorial_etl_dag.py took 0.268 seconds
[2022-08-09 16:39:43,858] {processor.py:153} INFO - Started process (PID=92681) to work on /home/airflow/.local/lib/python3.7/site-packages/airflow/example_dags/tutorial_etl_dag.py
[2022-08-09 16:39:43,861] {processor.py:641} INFO - Processing file /home/airflow/.local/lib/python3.7/site-packages/airflow/example_dags/tutorial_etl_dag.py for tasks to queue
[2022-08-09 16:39:43,863] {logging_mixin.py:115} INFO - [2022-08-09 16:39:43,862] {dagbag.py:507} INFO - Filling up the DagBag from /home/airflow/.local/lib/python3.7/site-packages/airflow/example_dags/tutorial_etl_dag.py
[2022-08-09 16:39:43,888] {processor.py:651} INFO - DAG(s) dict_keys(['tutorial_etl_dag']) retrieved from /home/airflow/.local/lib/python3.7/site-packages/airflow/example_dags/tutorial_etl_dag.py
[2022-08-09 16:39:43,955] {logging_mixin.py:115} INFO - [2022-08-09 16:39:43,955] {dag.py:2371} INFO - Sync 1 DAGs
[2022-08-09 16:39:43,999] {logging_mixin.py:115} INFO - [2022-08-09 16:39:43,998] {dag.py:2919} INFO - Setting next_dagrun for tutorial_etl_dag to None, run_after=None
[2022-08-09 16:39:44,080] {processor.py:161} INFO - Processing /home/airflow/.local/lib/python3.7/site-packages/airflow/example_dags/tutorial_etl_dag.py took 0.238 seconds
[2022-08-09 16:40:16,579] {processor.py:153} INFO - Started process (PID=92734) to work on /home/airflow/.local/lib/python3.7/site-packages/airflow/example_dags/tutorial_etl_dag.py
[2022-08-09 16:40:16,591] {processor.py:641} INFO - Processing file /home/airflow/.local/lib/python3.7/site-packages/airflow/example_dags/tutorial_etl_dag.py for tasks to queue
[2022-08-09 16:40:16,604] {logging_mixin.py:115} INFO - [2022-08-09 16:40:16,603] {dagbag.py:507} INFO - Filling up the DagBag from /home/airflow/.local/lib/python3.7/site-packages/airflow/example_dags/tutorial_etl_dag.py
[2022-08-09 16:40:16,642] {processor.py:651} INFO - DAG(s) dict_keys(['tutorial_etl_dag']) retrieved from /home/airflow/.local/lib/python3.7/site-packages/airflow/example_dags/tutorial_etl_dag.py
[2022-08-09 16:40:16,742] {logging_mixin.py:115} INFO - [2022-08-09 16:40:16,742] {dag.py:2371} INFO - Sync 1 DAGs
[2022-08-09 16:40:16,811] {logging_mixin.py:115} INFO - [2022-08-09 16:40:16,811] {dag.py:2919} INFO - Setting next_dagrun for tutorial_etl_dag to None, run_after=None
[2022-08-09 16:40:16,855] {processor.py:161} INFO - Processing /home/airflow/.local/lib/python3.7/site-packages/airflow/example_dags/tutorial_etl_dag.py took 0.294 seconds
[2022-08-09 16:45:17,827] {processor.py:153} INFO - Started process (PID=92778) to work on /home/airflow/.local/lib/python3.7/site-packages/airflow/example_dags/tutorial_etl_dag.py
[2022-08-09 16:45:17,829] {processor.py:641} INFO - Processing file /home/airflow/.local/lib/python3.7/site-packages/airflow/example_dags/tutorial_etl_dag.py for tasks to queue
[2022-08-09 16:45:17,830] {logging_mixin.py:115} INFO - [2022-08-09 16:45:17,830] {dagbag.py:507} INFO - Filling up the DagBag from /home/airflow/.local/lib/python3.7/site-packages/airflow/example_dags/tutorial_etl_dag.py
[2022-08-09 16:45:17,840] {processor.py:651} INFO - DAG(s) dict_keys(['tutorial_etl_dag']) retrieved from /home/airflow/.local/lib/python3.7/site-packages/airflow/example_dags/tutorial_etl_dag.py
[2022-08-09 16:45:17,884] {logging_mixin.py:115} INFO - [2022-08-09 16:45:17,884] {dag.py:2371} INFO - Sync 1 DAGs
[2022-08-09 16:45:17,919] {logging_mixin.py:115} INFO - [2022-08-09 16:45:17,919] {dag.py:2919} INFO - Setting next_dagrun for tutorial_etl_dag to None, run_after=None
[2022-08-09 16:45:17,948] {processor.py:161} INFO - Processing /home/airflow/.local/lib/python3.7/site-packages/airflow/example_dags/tutorial_etl_dag.py took 0.128 seconds
[2022-08-09 16:45:50,007] {processor.py:153} INFO - Started process (PID=92831) to work on /home/airflow/.local/lib/python3.7/site-packages/airflow/example_dags/tutorial_etl_dag.py
[2022-08-09 16:45:50,012] {processor.py:641} INFO - Processing file /home/airflow/.local/lib/python3.7/site-packages/airflow/example_dags/tutorial_etl_dag.py for tasks to queue
[2022-08-09 16:45:50,016] {logging_mixin.py:115} INFO - [2022-08-09 16:45:50,016] {dagbag.py:507} INFO - Filling up the DagBag from /home/airflow/.local/lib/python3.7/site-packages/airflow/example_dags/tutorial_etl_dag.py
[2022-08-09 16:45:50,043] {processor.py:651} INFO - DAG(s) dict_keys(['tutorial_etl_dag']) retrieved from /home/airflow/.local/lib/python3.7/site-packages/airflow/example_dags/tutorial_etl_dag.py
[2022-08-09 16:45:50,126] {logging_mixin.py:115} INFO - [2022-08-09 16:45:50,125] {dag.py:2371} INFO - Sync 1 DAGs
[2022-08-09 16:45:50,192] {logging_mixin.py:115} INFO - [2022-08-09 16:45:50,192] {dag.py:2919} INFO - Setting next_dagrun for tutorial_etl_dag to None, run_after=None
[2022-08-09 16:45:50,229] {processor.py:161} INFO - Processing /home/airflow/.local/lib/python3.7/site-packages/airflow/example_dags/tutorial_etl_dag.py took 0.232 seconds
[2022-08-09 16:55:14,203] {processor.py:153} INFO - Started process (PID=92883) to work on /home/airflow/.local/lib/python3.7/site-packages/airflow/example_dags/tutorial_etl_dag.py
[2022-08-09 16:55:14,217] {processor.py:641} INFO - Processing file /home/airflow/.local/lib/python3.7/site-packages/airflow/example_dags/tutorial_etl_dag.py for tasks to queue
[2022-08-09 16:55:14,222] {logging_mixin.py:115} INFO - [2022-08-09 16:55:14,221] {dagbag.py:507} INFO - Filling up the DagBag from /home/airflow/.local/lib/python3.7/site-packages/airflow/example_dags/tutorial_etl_dag.py
[2022-08-09 16:55:14,262] {processor.py:651} INFO - DAG(s) dict_keys(['tutorial_etl_dag']) retrieved from /home/airflow/.local/lib/python3.7/site-packages/airflow/example_dags/tutorial_etl_dag.py
[2022-08-09 16:55:14,360] {logging_mixin.py:115} INFO - [2022-08-09 16:55:14,360] {dag.py:2371} INFO - Sync 1 DAGs
[2022-08-09 16:55:14,420] {logging_mixin.py:115} INFO - [2022-08-09 16:55:14,420] {dag.py:2919} INFO - Setting next_dagrun for tutorial_etl_dag to None, run_after=None
[2022-08-09 16:55:14,440] {processor.py:161} INFO - Processing /home/airflow/.local/lib/python3.7/site-packages/airflow/example_dags/tutorial_etl_dag.py took 0.246 seconds
[2022-08-09 16:55:45,589] {processor.py:153} INFO - Started process (PID=92935) to work on /home/airflow/.local/lib/python3.7/site-packages/airflow/example_dags/tutorial_etl_dag.py
[2022-08-09 16:55:45,598] {processor.py:641} INFO - Processing file /home/airflow/.local/lib/python3.7/site-packages/airflow/example_dags/tutorial_etl_dag.py for tasks to queue
[2022-08-09 16:55:45,603] {logging_mixin.py:115} INFO - [2022-08-09 16:55:45,603] {dagbag.py:507} INFO - Filling up the DagBag from /home/airflow/.local/lib/python3.7/site-packages/airflow/example_dags/tutorial_etl_dag.py
[2022-08-09 16:55:45,636] {processor.py:651} INFO - DAG(s) dict_keys(['tutorial_etl_dag']) retrieved from /home/airflow/.local/lib/python3.7/site-packages/airflow/example_dags/tutorial_etl_dag.py
[2022-08-09 16:55:45,721] {logging_mixin.py:115} INFO - [2022-08-09 16:55:45,721] {dag.py:2371} INFO - Sync 1 DAGs
[2022-08-09 16:55:45,781] {logging_mixin.py:115} INFO - [2022-08-09 16:55:45,780] {dag.py:2919} INFO - Setting next_dagrun for tutorial_etl_dag to None, run_after=None
[2022-08-09 16:55:45,819] {processor.py:161} INFO - Processing /home/airflow/.local/lib/python3.7/site-packages/airflow/example_dags/tutorial_etl_dag.py took 0.247 seconds
[2022-08-09 16:58:32,469] {processor.py:153} INFO - Started process (PID=92986) to work on /home/airflow/.local/lib/python3.7/site-packages/airflow/example_dags/tutorial_etl_dag.py
[2022-08-09 16:58:32,472] {processor.py:641} INFO - Processing file /home/airflow/.local/lib/python3.7/site-packages/airflow/example_dags/tutorial_etl_dag.py for tasks to queue
[2022-08-09 16:58:32,474] {logging_mixin.py:115} INFO - [2022-08-09 16:58:32,473] {dagbag.py:507} INFO - Filling up the DagBag from /home/airflow/.local/lib/python3.7/site-packages/airflow/example_dags/tutorial_etl_dag.py
[2022-08-09 16:58:32,484] {processor.py:651} INFO - DAG(s) dict_keys(['tutorial_etl_dag']) retrieved from /home/airflow/.local/lib/python3.7/site-packages/airflow/example_dags/tutorial_etl_dag.py
[2022-08-09 16:58:32,557] {logging_mixin.py:115} INFO - [2022-08-09 16:58:32,557] {dag.py:2371} INFO - Sync 1 DAGs
[2022-08-09 16:58:32,616] {logging_mixin.py:115} INFO - [2022-08-09 16:58:32,616] {dag.py:2919} INFO - Setting next_dagrun for tutorial_etl_dag to None, run_after=None
[2022-08-09 16:58:32,656] {processor.py:161} INFO - Processing /home/airflow/.local/lib/python3.7/site-packages/airflow/example_dags/tutorial_etl_dag.py took 0.191 seconds
[2022-08-09 17:03:47,139] {processor.py:153} INFO - Started process (PID=93028) to work on /home/airflow/.local/lib/python3.7/site-packages/airflow/example_dags/tutorial_etl_dag.py
[2022-08-09 17:03:47,142] {processor.py:641} INFO - Processing file /home/airflow/.local/lib/python3.7/site-packages/airflow/example_dags/tutorial_etl_dag.py for tasks to queue
[2022-08-09 17:03:47,145] {logging_mixin.py:115} INFO - [2022-08-09 17:03:47,145] {dagbag.py:507} INFO - Filling up the DagBag from /home/airflow/.local/lib/python3.7/site-packages/airflow/example_dags/tutorial_etl_dag.py
[2022-08-09 17:03:47,164] {processor.py:651} INFO - DAG(s) dict_keys(['tutorial_etl_dag']) retrieved from /home/airflow/.local/lib/python3.7/site-packages/airflow/example_dags/tutorial_etl_dag.py
[2022-08-09 17:03:47,226] {logging_mixin.py:115} INFO - [2022-08-09 17:03:47,225] {dag.py:2371} INFO - Sync 1 DAGs
[2022-08-09 17:03:47,276] {logging_mixin.py:115} INFO - [2022-08-09 17:03:47,276] {dag.py:2919} INFO - Setting next_dagrun for tutorial_etl_dag to None, run_after=None
[2022-08-09 17:03:47,302] {processor.py:161} INFO - Processing /home/airflow/.local/lib/python3.7/site-packages/airflow/example_dags/tutorial_etl_dag.py took 0.167 seconds
[2022-08-09 18:27:42,106] {processor.py:153} INFO - Started process (PID=93080) to work on /home/airflow/.local/lib/python3.7/site-packages/airflow/example_dags/tutorial_etl_dag.py
[2022-08-09 18:27:42,107] {processor.py:641} INFO - Processing file /home/airflow/.local/lib/python3.7/site-packages/airflow/example_dags/tutorial_etl_dag.py for tasks to queue
[2022-08-09 18:27:42,108] {logging_mixin.py:115} INFO - [2022-08-09 18:27:42,108] {dagbag.py:507} INFO - Filling up the DagBag from /home/airflow/.local/lib/python3.7/site-packages/airflow/example_dags/tutorial_etl_dag.py
[2022-08-09 18:27:42,119] {processor.py:651} INFO - DAG(s) dict_keys(['tutorial_etl_dag']) retrieved from /home/airflow/.local/lib/python3.7/site-packages/airflow/example_dags/tutorial_etl_dag.py
[2022-08-09 18:27:42,187] {logging_mixin.py:115} INFO - [2022-08-09 18:27:42,187] {dag.py:2371} INFO - Sync 1 DAGs
[2022-08-09 18:27:42,222] {logging_mixin.py:115} INFO - [2022-08-09 18:27:42,222] {dag.py:2919} INFO - Setting next_dagrun for tutorial_etl_dag to None, run_after=None
[2022-08-09 18:27:42,241] {processor.py:161} INFO - Processing /home/airflow/.local/lib/python3.7/site-packages/airflow/example_dags/tutorial_etl_dag.py took 0.140 seconds
[2022-08-09 22:03:52,976] {processor.py:153} INFO - Started process (PID=93131) to work on /home/airflow/.local/lib/python3.7/site-packages/airflow/example_dags/tutorial_etl_dag.py
[2022-08-09 22:03:52,977] {processor.py:641} INFO - Processing file /home/airflow/.local/lib/python3.7/site-packages/airflow/example_dags/tutorial_etl_dag.py for tasks to queue
[2022-08-09 22:03:52,979] {logging_mixin.py:115} INFO - [2022-08-09 22:03:52,978] {dagbag.py:507} INFO - Filling up the DagBag from /home/airflow/.local/lib/python3.7/site-packages/airflow/example_dags/tutorial_etl_dag.py
[2022-08-09 22:03:52,989] {processor.py:651} INFO - DAG(s) dict_keys(['tutorial_etl_dag']) retrieved from /home/airflow/.local/lib/python3.7/site-packages/airflow/example_dags/tutorial_etl_dag.py
[2022-08-09 22:03:53,047] {logging_mixin.py:115} INFO - [2022-08-09 22:03:53,046] {dag.py:2371} INFO - Sync 1 DAGs
[2022-08-09 22:03:53,084] {logging_mixin.py:115} INFO - [2022-08-09 22:03:53,084] {dag.py:2919} INFO - Setting next_dagrun for tutorial_etl_dag to None, run_after=None
[2022-08-09 22:03:53,102] {processor.py:161} INFO - Processing /home/airflow/.local/lib/python3.7/site-packages/airflow/example_dags/tutorial_etl_dag.py took 0.135 seconds
