[2022-08-07 00:34:00,096] {processor.py:153} INFO - Started process (PID=73269) to work on /home/airflow/.local/lib/python3.7/site-packages/airflow/example_dags/example_task_group.py
[2022-08-07 00:34:00,098] {processor.py:641} INFO - Processing file /home/airflow/.local/lib/python3.7/site-packages/airflow/example_dags/example_task_group.py for tasks to queue
[2022-08-07 00:34:00,099] {logging_mixin.py:115} INFO - [2022-08-07 00:34:00,099] {dagbag.py:507} INFO - Filling up the DagBag from /home/airflow/.local/lib/python3.7/site-packages/airflow/example_dags/example_task_group.py
[2022-08-07 00:34:00,109] {processor.py:651} INFO - DAG(s) dict_keys(['example_task_group']) retrieved from /home/airflow/.local/lib/python3.7/site-packages/airflow/example_dags/example_task_group.py
[2022-08-07 00:34:00,174] {logging_mixin.py:115} INFO - [2022-08-07 00:34:00,174] {dag.py:2371} INFO - Sync 1 DAGs
[2022-08-07 00:34:00,212] {logging_mixin.py:115} INFO - [2022-08-07 00:34:00,212] {dag.py:2919} INFO - Setting next_dagrun for example_task_group to 2022-08-06T00:34:00.212049+00:00, run_after=2022-08-07T00:34:00.212049+00:00
[2022-08-07 00:34:00,234] {processor.py:161} INFO - Processing /home/airflow/.local/lib/python3.7/site-packages/airflow/example_dags/example_task_group.py took 0.141 seconds
[2022-08-07 04:10:06,708] {processor.py:153} INFO - Started process (PID=73321) to work on /home/airflow/.local/lib/python3.7/site-packages/airflow/example_dags/example_task_group.py
[2022-08-07 04:10:06,710] {processor.py:641} INFO - Processing file /home/airflow/.local/lib/python3.7/site-packages/airflow/example_dags/example_task_group.py for tasks to queue
[2022-08-07 04:10:06,712] {logging_mixin.py:115} INFO - [2022-08-07 04:10:06,712] {dagbag.py:507} INFO - Filling up the DagBag from /home/airflow/.local/lib/python3.7/site-packages/airflow/example_dags/example_task_group.py
[2022-08-07 04:10:06,731] {processor.py:651} INFO - DAG(s) dict_keys(['example_task_group']) retrieved from /home/airflow/.local/lib/python3.7/site-packages/airflow/example_dags/example_task_group.py
[2022-08-07 04:10:06,787] {logging_mixin.py:115} INFO - [2022-08-07 04:10:06,787] {dag.py:2371} INFO - Sync 1 DAGs
[2022-08-07 04:10:06,824] {logging_mixin.py:115} INFO - [2022-08-07 04:10:06,824] {dag.py:2919} INFO - Setting next_dagrun for example_task_group to 2022-08-06T04:10:06.823752+00:00, run_after=2022-08-07T04:10:06.823752+00:00
[2022-08-07 04:10:06,855] {processor.py:161} INFO - Processing /home/airflow/.local/lib/python3.7/site-packages/airflow/example_dags/example_task_group.py took 0.151 seconds
[2022-08-07 05:58:23,943] {processor.py:153} INFO - Started process (PID=73373) to work on /home/airflow/.local/lib/python3.7/site-packages/airflow/example_dags/example_task_group.py
[2022-08-07 05:58:23,945] {processor.py:641} INFO - Processing file /home/airflow/.local/lib/python3.7/site-packages/airflow/example_dags/example_task_group.py for tasks to queue
[2022-08-07 05:58:23,947] {logging_mixin.py:115} INFO - [2022-08-07 05:58:23,947] {dagbag.py:507} INFO - Filling up the DagBag from /home/airflow/.local/lib/python3.7/site-packages/airflow/example_dags/example_task_group.py
[2022-08-07 05:58:23,959] {processor.py:651} INFO - DAG(s) dict_keys(['example_task_group']) retrieved from /home/airflow/.local/lib/python3.7/site-packages/airflow/example_dags/example_task_group.py
[2022-08-07 05:58:24,059] {logging_mixin.py:115} INFO - [2022-08-07 05:58:24,059] {dag.py:2371} INFO - Sync 1 DAGs
[2022-08-07 05:58:24,094] {logging_mixin.py:115} INFO - [2022-08-07 05:58:24,094] {dag.py:2919} INFO - Setting next_dagrun for example_task_group to 2022-08-06T05:58:24.094491+00:00, run_after=2022-08-07T05:58:24.094491+00:00
[2022-08-07 05:58:24,136] {processor.py:161} INFO - Processing /home/airflow/.local/lib/python3.7/site-packages/airflow/example_dags/example_task_group.py took 0.197 seconds
[2022-08-07 07:46:37,534] {processor.py:153} INFO - Started process (PID=73425) to work on /home/airflow/.local/lib/python3.7/site-packages/airflow/example_dags/example_task_group.py
[2022-08-07 07:46:37,536] {processor.py:641} INFO - Processing file /home/airflow/.local/lib/python3.7/site-packages/airflow/example_dags/example_task_group.py for tasks to queue
[2022-08-07 07:46:37,538] {logging_mixin.py:115} INFO - [2022-08-07 07:46:37,538] {dagbag.py:507} INFO - Filling up the DagBag from /home/airflow/.local/lib/python3.7/site-packages/airflow/example_dags/example_task_group.py
[2022-08-07 07:46:37,551] {processor.py:651} INFO - DAG(s) dict_keys(['example_task_group']) retrieved from /home/airflow/.local/lib/python3.7/site-packages/airflow/example_dags/example_task_group.py
[2022-08-07 07:46:37,584] {logging_mixin.py:115} INFO - [2022-08-07 07:46:37,584] {dag.py:2371} INFO - Sync 1 DAGs
[2022-08-07 07:46:37,607] {logging_mixin.py:115} INFO - [2022-08-07 07:46:37,607] {dag.py:2919} INFO - Setting next_dagrun for example_task_group to 2022-08-06T07:46:37.607048+00:00, run_after=2022-08-07T07:46:37.607048+00:00
[2022-08-07 07:46:37,622] {processor.py:161} INFO - Processing /home/airflow/.local/lib/python3.7/site-packages/airflow/example_dags/example_task_group.py took 0.093 seconds
[2022-08-07 08:05:40,518] {processor.py:153} INFO - Started process (PID=73476) to work on /home/airflow/.local/lib/python3.7/site-packages/airflow/example_dags/example_task_group.py
[2022-08-07 08:05:40,523] {processor.py:641} INFO - Processing file /home/airflow/.local/lib/python3.7/site-packages/airflow/example_dags/example_task_group.py for tasks to queue
[2022-08-07 08:05:40,524] {logging_mixin.py:115} INFO - [2022-08-07 08:05:40,524] {dagbag.py:507} INFO - Filling up the DagBag from /home/airflow/.local/lib/python3.7/site-packages/airflow/example_dags/example_task_group.py
[2022-08-07 08:05:40,536] {processor.py:651} INFO - DAG(s) dict_keys(['example_task_group']) retrieved from /home/airflow/.local/lib/python3.7/site-packages/airflow/example_dags/example_task_group.py
[2022-08-07 08:05:40,592] {logging_mixin.py:115} INFO - [2022-08-07 08:05:40,592] {dag.py:2371} INFO - Sync 1 DAGs
[2022-08-07 08:05:40,629] {logging_mixin.py:115} INFO - [2022-08-07 08:05:40,629] {dag.py:2919} INFO - Setting next_dagrun for example_task_group to 2022-08-06T08:05:40.629195+00:00, run_after=2022-08-07T08:05:40.629195+00:00
[2022-08-07 08:05:40,650] {processor.py:161} INFO - Processing /home/airflow/.local/lib/python3.7/site-packages/airflow/example_dags/example_task_group.py took 0.137 seconds
[2022-08-07 10:06:09,633] {processor.py:153} INFO - Started process (PID=73538) to work on /home/airflow/.local/lib/python3.7/site-packages/airflow/example_dags/example_task_group.py
[2022-08-07 10:06:09,634] {processor.py:641} INFO - Processing file /home/airflow/.local/lib/python3.7/site-packages/airflow/example_dags/example_task_group.py for tasks to queue
[2022-08-07 10:06:09,636] {logging_mixin.py:115} INFO - [2022-08-07 10:06:09,636] {dagbag.py:507} INFO - Filling up the DagBag from /home/airflow/.local/lib/python3.7/site-packages/airflow/example_dags/example_task_group.py
[2022-08-07 10:06:09,648] {processor.py:651} INFO - DAG(s) dict_keys(['example_task_group']) retrieved from /home/airflow/.local/lib/python3.7/site-packages/airflow/example_dags/example_task_group.py
[2022-08-07 10:06:09,727] {logging_mixin.py:115} INFO - [2022-08-07 10:06:09,727] {dag.py:2371} INFO - Sync 1 DAGs
[2022-08-07 10:06:09,775] {logging_mixin.py:115} INFO - [2022-08-07 10:06:09,775] {dag.py:2919} INFO - Setting next_dagrun for example_task_group to 2022-08-06T10:06:09.774668+00:00, run_after=2022-08-07T10:06:09.774668+00:00
[2022-08-07 10:06:09,794] {processor.py:161} INFO - Processing /home/airflow/.local/lib/python3.7/site-packages/airflow/example_dags/example_task_group.py took 0.165 seconds
[2022-08-07 11:15:44,510] {processor.py:153} INFO - Started process (PID=73591) to work on /home/airflow/.local/lib/python3.7/site-packages/airflow/example_dags/example_task_group.py
[2022-08-07 11:15:44,512] {processor.py:641} INFO - Processing file /home/airflow/.local/lib/python3.7/site-packages/airflow/example_dags/example_task_group.py for tasks to queue
[2022-08-07 11:15:44,513] {logging_mixin.py:115} INFO - [2022-08-07 11:15:44,513] {dagbag.py:507} INFO - Filling up the DagBag from /home/airflow/.local/lib/python3.7/site-packages/airflow/example_dags/example_task_group.py
[2022-08-07 11:15:44,527] {processor.py:651} INFO - DAG(s) dict_keys(['example_task_group']) retrieved from /home/airflow/.local/lib/python3.7/site-packages/airflow/example_dags/example_task_group.py
[2022-08-07 11:15:44,576] {logging_mixin.py:115} INFO - [2022-08-07 11:15:44,576] {dag.py:2371} INFO - Sync 1 DAGs
[2022-08-07 11:15:44,603] {logging_mixin.py:115} INFO - [2022-08-07 11:15:44,603] {dag.py:2919} INFO - Setting next_dagrun for example_task_group to 2022-08-06T11:15:44.603166+00:00, run_after=2022-08-07T11:15:44.603166+00:00
[2022-08-07 11:15:44,623] {processor.py:161} INFO - Processing /home/airflow/.local/lib/python3.7/site-packages/airflow/example_dags/example_task_group.py took 0.118 seconds
[2022-08-07 11:29:57,129] {processor.py:153} INFO - Started process (PID=73643) to work on /home/airflow/.local/lib/python3.7/site-packages/airflow/example_dags/example_task_group.py
[2022-08-07 11:29:57,138] {processor.py:641} INFO - Processing file /home/airflow/.local/lib/python3.7/site-packages/airflow/example_dags/example_task_group.py for tasks to queue
[2022-08-07 11:29:57,140] {logging_mixin.py:115} INFO - [2022-08-07 11:29:57,140] {dagbag.py:507} INFO - Filling up the DagBag from /home/airflow/.local/lib/python3.7/site-packages/airflow/example_dags/example_task_group.py
[2022-08-07 11:29:57,186] {processor.py:651} INFO - DAG(s) dict_keys(['example_task_group']) retrieved from /home/airflow/.local/lib/python3.7/site-packages/airflow/example_dags/example_task_group.py
[2022-08-07 11:29:57,497] {logging_mixin.py:115} INFO - [2022-08-07 11:29:57,496] {dag.py:2371} INFO - Sync 1 DAGs
[2022-08-07 11:29:57,638] {logging_mixin.py:115} INFO - [2022-08-07 11:29:57,638] {dag.py:2919} INFO - Setting next_dagrun for example_task_group to 2022-08-06T11:29:57.637847+00:00, run_after=2022-08-07T11:29:57.637847+00:00
[2022-08-07 11:29:57,695] {processor.py:161} INFO - Processing /home/airflow/.local/lib/python3.7/site-packages/airflow/example_dags/example_task_group.py took 0.601 seconds
