[2022-08-07 00:33:57,534] {processor.py:153} INFO - Started process (PID=73248) to work on /home/airflow/.local/lib/python3.7/site-packages/airflow/example_dags/example_task_group_decorator.py
[2022-08-07 00:33:57,535] {processor.py:641} INFO - Processing file /home/airflow/.local/lib/python3.7/site-packages/airflow/example_dags/example_task_group_decorator.py for tasks to queue
[2022-08-07 00:33:57,537] {logging_mixin.py:115} INFO - [2022-08-07 00:33:57,536] {dagbag.py:507} INFO - Filling up the DagBag from /home/airflow/.local/lib/python3.7/site-packages/airflow/example_dags/example_task_group_decorator.py
[2022-08-07 00:33:57,598] {processor.py:651} INFO - DAG(s) dict_keys(['example_task_group_decorator']) retrieved from /home/airflow/.local/lib/python3.7/site-packages/airflow/example_dags/example_task_group_decorator.py
[2022-08-07 00:33:57,865] {logging_mixin.py:115} INFO - [2022-08-07 00:33:57,865] {dag.py:2371} INFO - Sync 1 DAGs
[2022-08-07 00:33:57,909] {logging_mixin.py:115} INFO - [2022-08-07 00:33:57,909] {dag.py:2919} INFO - Setting next_dagrun for example_task_group_decorator to 2022-08-06T00:33:57.908792+00:00, run_after=2022-08-07T00:33:57.908792+00:00
[2022-08-07 00:33:57,946] {processor.py:161} INFO - Processing /home/airflow/.local/lib/python3.7/site-packages/airflow/example_dags/example_task_group_decorator.py took 0.416 seconds
[2022-08-07 04:10:04,548] {processor.py:153} INFO - Started process (PID=73302) to work on /home/airflow/.local/lib/python3.7/site-packages/airflow/example_dags/example_task_group_decorator.py
[2022-08-07 04:10:04,552] {processor.py:641} INFO - Processing file /home/airflow/.local/lib/python3.7/site-packages/airflow/example_dags/example_task_group_decorator.py for tasks to queue
[2022-08-07 04:10:04,555] {logging_mixin.py:115} INFO - [2022-08-07 04:10:04,555] {dagbag.py:507} INFO - Filling up the DagBag from /home/airflow/.local/lib/python3.7/site-packages/airflow/example_dags/example_task_group_decorator.py
[2022-08-07 04:10:04,633] {processor.py:651} INFO - DAG(s) dict_keys(['example_task_group_decorator']) retrieved from /home/airflow/.local/lib/python3.7/site-packages/airflow/example_dags/example_task_group_decorator.py
[2022-08-07 04:10:04,826] {logging_mixin.py:115} INFO - [2022-08-07 04:10:04,825] {dag.py:2371} INFO - Sync 1 DAGs
[2022-08-07 04:10:04,864] {logging_mixin.py:115} INFO - [2022-08-07 04:10:04,864] {dag.py:2919} INFO - Setting next_dagrun for example_task_group_decorator to 2022-08-06T04:10:04.863948+00:00, run_after=2022-08-07T04:10:04.863948+00:00
[2022-08-07 04:10:04,899] {processor.py:161} INFO - Processing /home/airflow/.local/lib/python3.7/site-packages/airflow/example_dags/example_task_group_decorator.py took 0.370 seconds
[2022-08-07 05:58:21,515] {processor.py:153} INFO - Started process (PID=73345) to work on /home/airflow/.local/lib/python3.7/site-packages/airflow/example_dags/example_task_group_decorator.py
[2022-08-07 05:58:21,516] {processor.py:641} INFO - Processing file /home/airflow/.local/lib/python3.7/site-packages/airflow/example_dags/example_task_group_decorator.py for tasks to queue
[2022-08-07 05:58:21,518] {logging_mixin.py:115} INFO - [2022-08-07 05:58:21,517] {dagbag.py:507} INFO - Filling up the DagBag from /home/airflow/.local/lib/python3.7/site-packages/airflow/example_dags/example_task_group_decorator.py
[2022-08-07 05:58:21,582] {processor.py:651} INFO - DAG(s) dict_keys(['example_task_group_decorator']) retrieved from /home/airflow/.local/lib/python3.7/site-packages/airflow/example_dags/example_task_group_decorator.py
[2022-08-07 05:58:21,711] {logging_mixin.py:115} INFO - [2022-08-07 05:58:21,711] {dag.py:2371} INFO - Sync 1 DAGs
[2022-08-07 05:58:21,737] {logging_mixin.py:115} INFO - [2022-08-07 05:58:21,737] {dag.py:2919} INFO - Setting next_dagrun for example_task_group_decorator to 2022-08-06T05:58:21.737115+00:00, run_after=2022-08-07T05:58:21.737115+00:00
[2022-08-07 05:58:21,760] {processor.py:161} INFO - Processing /home/airflow/.local/lib/python3.7/site-packages/airflow/example_dags/example_task_group_decorator.py took 0.249 seconds
[2022-08-07 07:46:35,846] {processor.py:153} INFO - Started process (PID=73406) to work on /home/airflow/.local/lib/python3.7/site-packages/airflow/example_dags/example_task_group_decorator.py
[2022-08-07 07:46:35,849] {processor.py:641} INFO - Processing file /home/airflow/.local/lib/python3.7/site-packages/airflow/example_dags/example_task_group_decorator.py for tasks to queue
[2022-08-07 07:46:35,852] {logging_mixin.py:115} INFO - [2022-08-07 07:46:35,852] {dagbag.py:507} INFO - Filling up the DagBag from /home/airflow/.local/lib/python3.7/site-packages/airflow/example_dags/example_task_group_decorator.py
[2022-08-07 07:46:35,899] {processor.py:651} INFO - DAG(s) dict_keys(['example_task_group_decorator']) retrieved from /home/airflow/.local/lib/python3.7/site-packages/airflow/example_dags/example_task_group_decorator.py
[2022-08-07 07:46:36,012] {logging_mixin.py:115} INFO - [2022-08-07 07:46:36,012] {dag.py:2371} INFO - Sync 1 DAGs
[2022-08-07 07:46:36,043] {logging_mixin.py:115} INFO - [2022-08-07 07:46:36,043] {dag.py:2919} INFO - Setting next_dagrun for example_task_group_decorator to 2022-08-06T07:46:36.043142+00:00, run_after=2022-08-07T07:46:36.043142+00:00
[2022-08-07 07:46:36,077] {processor.py:161} INFO - Processing /home/airflow/.local/lib/python3.7/site-packages/airflow/example_dags/example_task_group_decorator.py took 0.238 seconds
[2022-08-07 08:05:38,899] {processor.py:153} INFO - Started process (PID=73457) to work on /home/airflow/.local/lib/python3.7/site-packages/airflow/example_dags/example_task_group_decorator.py
[2022-08-07 08:05:38,900] {processor.py:641} INFO - Processing file /home/airflow/.local/lib/python3.7/site-packages/airflow/example_dags/example_task_group_decorator.py for tasks to queue
[2022-08-07 08:05:38,902] {logging_mixin.py:115} INFO - [2022-08-07 08:05:38,902] {dagbag.py:507} INFO - Filling up the DagBag from /home/airflow/.local/lib/python3.7/site-packages/airflow/example_dags/example_task_group_decorator.py
[2022-08-07 08:05:38,949] {processor.py:651} INFO - DAG(s) dict_keys(['example_task_group_decorator']) retrieved from /home/airflow/.local/lib/python3.7/site-packages/airflow/example_dags/example_task_group_decorator.py
[2022-08-07 08:05:39,040] {logging_mixin.py:115} INFO - [2022-08-07 08:05:39,040] {dag.py:2371} INFO - Sync 1 DAGs
[2022-08-07 08:05:39,063] {logging_mixin.py:115} INFO - [2022-08-07 08:05:39,063] {dag.py:2919} INFO - Setting next_dagrun for example_task_group_decorator to 2022-08-06T08:05:39.062823+00:00, run_after=2022-08-07T08:05:39.062823+00:00
[2022-08-07 08:05:39,084] {processor.py:161} INFO - Processing /home/airflow/.local/lib/python3.7/site-packages/airflow/example_dags/example_task_group_decorator.py took 0.189 seconds
[2022-08-07 10:06:07,132] {processor.py:153} INFO - Started process (PID=73519) to work on /home/airflow/.local/lib/python3.7/site-packages/airflow/example_dags/example_task_group_decorator.py
[2022-08-07 10:06:07,141] {processor.py:641} INFO - Processing file /home/airflow/.local/lib/python3.7/site-packages/airflow/example_dags/example_task_group_decorator.py for tasks to queue
[2022-08-07 10:06:07,143] {logging_mixin.py:115} INFO - [2022-08-07 10:06:07,143] {dagbag.py:507} INFO - Filling up the DagBag from /home/airflow/.local/lib/python3.7/site-packages/airflow/example_dags/example_task_group_decorator.py
[2022-08-07 10:06:07,215] {processor.py:651} INFO - DAG(s) dict_keys(['example_task_group_decorator']) retrieved from /home/airflow/.local/lib/python3.7/site-packages/airflow/example_dags/example_task_group_decorator.py
[2022-08-07 10:06:07,484] {logging_mixin.py:115} INFO - [2022-08-07 10:06:07,484] {dag.py:2371} INFO - Sync 1 DAGs
[2022-08-07 10:06:07,526] {logging_mixin.py:115} INFO - [2022-08-07 10:06:07,526] {dag.py:2919} INFO - Setting next_dagrun for example_task_group_decorator to 2022-08-06T10:06:07.526534+00:00, run_after=2022-08-07T10:06:07.526534+00:00
[2022-08-07 10:06:07,561] {processor.py:161} INFO - Processing /home/airflow/.local/lib/python3.7/site-packages/airflow/example_dags/example_task_group_decorator.py took 0.444 seconds
[2022-08-07 11:15:42,393] {processor.py:153} INFO - Started process (PID=73572) to work on /home/airflow/.local/lib/python3.7/site-packages/airflow/example_dags/example_task_group_decorator.py
[2022-08-07 11:15:42,397] {processor.py:641} INFO - Processing file /home/airflow/.local/lib/python3.7/site-packages/airflow/example_dags/example_task_group_decorator.py for tasks to queue
[2022-08-07 11:15:42,398] {logging_mixin.py:115} INFO - [2022-08-07 11:15:42,398] {dagbag.py:507} INFO - Filling up the DagBag from /home/airflow/.local/lib/python3.7/site-packages/airflow/example_dags/example_task_group_decorator.py
[2022-08-07 11:15:42,462] {processor.py:651} INFO - DAG(s) dict_keys(['example_task_group_decorator']) retrieved from /home/airflow/.local/lib/python3.7/site-packages/airflow/example_dags/example_task_group_decorator.py
[2022-08-07 11:15:42,605] {logging_mixin.py:115} INFO - [2022-08-07 11:15:42,605] {dag.py:2371} INFO - Sync 1 DAGs
[2022-08-07 11:15:42,638] {logging_mixin.py:115} INFO - [2022-08-07 11:15:42,638] {dag.py:2919} INFO - Setting next_dagrun for example_task_group_decorator to 2022-08-06T11:15:42.638349+00:00, run_after=2022-08-07T11:15:42.638349+00:00
[2022-08-07 11:15:42,669] {processor.py:161} INFO - Processing /home/airflow/.local/lib/python3.7/site-packages/airflow/example_dags/example_task_group_decorator.py took 0.280 seconds
[2022-08-07 11:29:48,015] {processor.py:153} INFO - Started process (PID=73615) to work on /home/airflow/.local/lib/python3.7/site-packages/airflow/example_dags/example_task_group_decorator.py
[2022-08-07 11:29:48,017] {processor.py:641} INFO - Processing file /home/airflow/.local/lib/python3.7/site-packages/airflow/example_dags/example_task_group_decorator.py for tasks to queue
[2022-08-07 11:29:48,019] {logging_mixin.py:115} INFO - [2022-08-07 11:29:48,019] {dagbag.py:507} INFO - Filling up the DagBag from /home/airflow/.local/lib/python3.7/site-packages/airflow/example_dags/example_task_group_decorator.py
[2022-08-07 11:29:48,071] {processor.py:651} INFO - DAG(s) dict_keys(['example_task_group_decorator']) retrieved from /home/airflow/.local/lib/python3.7/site-packages/airflow/example_dags/example_task_group_decorator.py
[2022-08-07 11:29:48,231] {logging_mixin.py:115} INFO - [2022-08-07 11:29:48,231] {dag.py:2371} INFO - Sync 1 DAGs
[2022-08-07 11:29:48,265] {logging_mixin.py:115} INFO - [2022-08-07 11:29:48,265] {dag.py:2919} INFO - Setting next_dagrun for example_task_group_decorator to 2022-08-06T11:29:48.264728+00:00, run_after=2022-08-07T11:29:48.264728+00:00
[2022-08-07 11:29:48,289] {processor.py:161} INFO - Processing /home/airflow/.local/lib/python3.7/site-packages/airflow/example_dags/example_task_group_decorator.py took 0.282 seconds
