[2022-08-07 00:33:58,913] {processor.py:153} INFO - Started process (PID=73260) to work on /home/airflow/.local/lib/python3.7/site-packages/airflow/example_dags/tutorial.py
[2022-08-07 00:33:58,916] {processor.py:641} INFO - Processing file /home/airflow/.local/lib/python3.7/site-packages/airflow/example_dags/tutorial.py for tasks to queue
[2022-08-07 00:33:58,917] {logging_mixin.py:115} INFO - [2022-08-07 00:33:58,917] {dagbag.py:507} INFO - Filling up the DagBag from /home/airflow/.local/lib/python3.7/site-packages/airflow/example_dags/tutorial.py
[2022-08-07 00:33:58,935] {processor.py:651} INFO - DAG(s) dict_keys(['tutorial']) retrieved from /home/airflow/.local/lib/python3.7/site-packages/airflow/example_dags/tutorial.py
[2022-08-07 00:33:58,996] {logging_mixin.py:115} INFO - [2022-08-07 00:33:58,996] {dag.py:2371} INFO - Sync 1 DAGs
[2022-08-07 00:33:59,051] {logging_mixin.py:115} INFO - [2022-08-07 00:33:59,051] {dag.py:2919} INFO - Setting next_dagrun for tutorial to 2022-08-06T00:33:59.051415+00:00, run_after=2022-08-07T00:33:59.051415+00:00
[2022-08-07 00:33:59,081] {processor.py:161} INFO - Processing /home/airflow/.local/lib/python3.7/site-packages/airflow/example_dags/tutorial.py took 0.173 seconds
[2022-08-07 04:10:05,917] {processor.py:153} INFO - Started process (PID=73312) to work on /home/airflow/.local/lib/python3.7/site-packages/airflow/example_dags/tutorial.py
[2022-08-07 04:10:05,919] {processor.py:641} INFO - Processing file /home/airflow/.local/lib/python3.7/site-packages/airflow/example_dags/tutorial.py for tasks to queue
[2022-08-07 04:10:05,921] {logging_mixin.py:115} INFO - [2022-08-07 04:10:05,921] {dagbag.py:507} INFO - Filling up the DagBag from /home/airflow/.local/lib/python3.7/site-packages/airflow/example_dags/tutorial.py
[2022-08-07 04:10:05,937] {processor.py:651} INFO - DAG(s) dict_keys(['tutorial']) retrieved from /home/airflow/.local/lib/python3.7/site-packages/airflow/example_dags/tutorial.py
[2022-08-07 04:10:05,987] {logging_mixin.py:115} INFO - [2022-08-07 04:10:05,987] {dag.py:2371} INFO - Sync 1 DAGs
[2022-08-07 04:10:06,018] {logging_mixin.py:115} INFO - [2022-08-07 04:10:06,018] {dag.py:2919} INFO - Setting next_dagrun for tutorial to 2022-08-06T04:10:06.017884+00:00, run_after=2022-08-07T04:10:06.017884+00:00
[2022-08-07 04:10:06,036] {processor.py:161} INFO - Processing /home/airflow/.local/lib/python3.7/site-packages/airflow/example_dags/tutorial.py took 0.139 seconds
[2022-08-07 05:58:22,786] {processor.py:153} INFO - Started process (PID=73362) to work on /home/airflow/.local/lib/python3.7/site-packages/airflow/example_dags/tutorial.py
[2022-08-07 05:58:22,793] {processor.py:641} INFO - Processing file /home/airflow/.local/lib/python3.7/site-packages/airflow/example_dags/tutorial.py for tasks to queue
[2022-08-07 05:58:22,795] {logging_mixin.py:115} INFO - [2022-08-07 05:58:22,795] {dagbag.py:507} INFO - Filling up the DagBag from /home/airflow/.local/lib/python3.7/site-packages/airflow/example_dags/tutorial.py
[2022-08-07 05:58:22,811] {processor.py:651} INFO - DAG(s) dict_keys(['tutorial']) retrieved from /home/airflow/.local/lib/python3.7/site-packages/airflow/example_dags/tutorial.py
[2022-08-07 05:58:22,868] {logging_mixin.py:115} INFO - [2022-08-07 05:58:22,868] {dag.py:2371} INFO - Sync 1 DAGs
[2022-08-07 05:58:22,902] {logging_mixin.py:115} INFO - [2022-08-07 05:58:22,901] {dag.py:2919} INFO - Setting next_dagrun for tutorial to 2022-08-06T05:58:22.901680+00:00, run_after=2022-08-07T05:58:22.901680+00:00
[2022-08-07 05:58:22,945] {processor.py:161} INFO - Processing /home/airflow/.local/lib/python3.7/site-packages/airflow/example_dags/tutorial.py took 0.173 seconds
[2022-08-07 07:46:36,838] {processor.py:153} INFO - Started process (PID=73416) to work on /home/airflow/.local/lib/python3.7/site-packages/airflow/example_dags/tutorial.py
[2022-08-07 07:46:36,839] {processor.py:641} INFO - Processing file /home/airflow/.local/lib/python3.7/site-packages/airflow/example_dags/tutorial.py for tasks to queue
[2022-08-07 07:46:36,841] {logging_mixin.py:115} INFO - [2022-08-07 07:46:36,841] {dagbag.py:507} INFO - Filling up the DagBag from /home/airflow/.local/lib/python3.7/site-packages/airflow/example_dags/tutorial.py
[2022-08-07 07:46:36,850] {processor.py:651} INFO - DAG(s) dict_keys(['tutorial']) retrieved from /home/airflow/.local/lib/python3.7/site-packages/airflow/example_dags/tutorial.py
[2022-08-07 07:46:36,898] {logging_mixin.py:115} INFO - [2022-08-07 07:46:36,898] {dag.py:2371} INFO - Sync 1 DAGs
[2022-08-07 07:46:36,928] {logging_mixin.py:115} INFO - [2022-08-07 07:46:36,927] {dag.py:2919} INFO - Setting next_dagrun for tutorial to 2022-08-06T07:46:36.927586+00:00, run_after=2022-08-07T07:46:36.927586+00:00
[2022-08-07 07:46:36,942] {processor.py:161} INFO - Processing /home/airflow/.local/lib/python3.7/site-packages/airflow/example_dags/tutorial.py took 0.110 seconds
[2022-08-07 08:05:39,736] {processor.py:153} INFO - Started process (PID=73467) to work on /home/airflow/.local/lib/python3.7/site-packages/airflow/example_dags/tutorial.py
[2022-08-07 08:05:39,742] {processor.py:641} INFO - Processing file /home/airflow/.local/lib/python3.7/site-packages/airflow/example_dags/tutorial.py for tasks to queue
[2022-08-07 08:05:39,745] {logging_mixin.py:115} INFO - [2022-08-07 08:05:39,745] {dagbag.py:507} INFO - Filling up the DagBag from /home/airflow/.local/lib/python3.7/site-packages/airflow/example_dags/tutorial.py
[2022-08-07 08:05:39,763] {processor.py:651} INFO - DAG(s) dict_keys(['tutorial']) retrieved from /home/airflow/.local/lib/python3.7/site-packages/airflow/example_dags/tutorial.py
[2022-08-07 08:05:39,805] {logging_mixin.py:115} INFO - [2022-08-07 08:05:39,805] {dag.py:2371} INFO - Sync 1 DAGs
[2022-08-07 08:05:39,832] {logging_mixin.py:115} INFO - [2022-08-07 08:05:39,831] {dag.py:2919} INFO - Setting next_dagrun for tutorial to 2022-08-06T08:05:39.831548+00:00, run_after=2022-08-07T08:05:39.831548+00:00
[2022-08-07 08:05:39,853] {processor.py:161} INFO - Processing /home/airflow/.local/lib/python3.7/site-packages/airflow/example_dags/tutorial.py took 0.126 seconds
[2022-08-07 10:06:08,521] {processor.py:153} INFO - Started process (PID=73529) to work on /home/airflow/.local/lib/python3.7/site-packages/airflow/example_dags/tutorial.py
[2022-08-07 10:06:08,523] {processor.py:641} INFO - Processing file /home/airflow/.local/lib/python3.7/site-packages/airflow/example_dags/tutorial.py for tasks to queue
[2022-08-07 10:06:08,524] {logging_mixin.py:115} INFO - [2022-08-07 10:06:08,524] {dagbag.py:507} INFO - Filling up the DagBag from /home/airflow/.local/lib/python3.7/site-packages/airflow/example_dags/tutorial.py
[2022-08-07 10:06:08,538] {processor.py:651} INFO - DAG(s) dict_keys(['tutorial']) retrieved from /home/airflow/.local/lib/python3.7/site-packages/airflow/example_dags/tutorial.py
[2022-08-07 10:06:08,579] {logging_mixin.py:115} INFO - [2022-08-07 10:06:08,578] {dag.py:2371} INFO - Sync 1 DAGs
[2022-08-07 10:06:08,608] {logging_mixin.py:115} INFO - [2022-08-07 10:06:08,608] {dag.py:2919} INFO - Setting next_dagrun for tutorial to 2022-08-06T10:06:08.607564+00:00, run_after=2022-08-07T10:06:08.607564+00:00
[2022-08-07 10:06:08,633] {processor.py:161} INFO - Processing /home/airflow/.local/lib/python3.7/site-packages/airflow/example_dags/tutorial.py took 0.120 seconds
[2022-08-07 11:15:43,733] {processor.py:153} INFO - Started process (PID=73582) to work on /home/airflow/.local/lib/python3.7/site-packages/airflow/example_dags/tutorial.py
[2022-08-07 11:15:43,736] {processor.py:641} INFO - Processing file /home/airflow/.local/lib/python3.7/site-packages/airflow/example_dags/tutorial.py for tasks to queue
[2022-08-07 11:15:43,738] {logging_mixin.py:115} INFO - [2022-08-07 11:15:43,737] {dagbag.py:507} INFO - Filling up the DagBag from /home/airflow/.local/lib/python3.7/site-packages/airflow/example_dags/tutorial.py
[2022-08-07 11:15:43,751] {processor.py:651} INFO - DAG(s) dict_keys(['tutorial']) retrieved from /home/airflow/.local/lib/python3.7/site-packages/airflow/example_dags/tutorial.py
[2022-08-07 11:15:43,797] {logging_mixin.py:115} INFO - [2022-08-07 11:15:43,797] {dag.py:2371} INFO - Sync 1 DAGs
[2022-08-07 11:15:43,849] {logging_mixin.py:115} INFO - [2022-08-07 11:15:43,848] {dag.py:2919} INFO - Setting next_dagrun for tutorial to 2022-08-06T11:15:43.848485+00:00, run_after=2022-08-07T11:15:43.848485+00:00
[2022-08-07 11:15:43,868] {processor.py:161} INFO - Processing /home/airflow/.local/lib/python3.7/site-packages/airflow/example_dags/tutorial.py took 0.138 seconds
[2022-08-07 11:29:49,222] {processor.py:153} INFO - Started process (PID=73634) to work on /home/airflow/.local/lib/python3.7/site-packages/airflow/example_dags/tutorial.py
[2022-08-07 11:29:49,223] {processor.py:641} INFO - Processing file /home/airflow/.local/lib/python3.7/site-packages/airflow/example_dags/tutorial.py for tasks to queue
[2022-08-07 11:29:49,224] {logging_mixin.py:115} INFO - [2022-08-07 11:29:49,224] {dagbag.py:507} INFO - Filling up the DagBag from /home/airflow/.local/lib/python3.7/site-packages/airflow/example_dags/tutorial.py
[2022-08-07 11:29:49,238] {processor.py:651} INFO - DAG(s) dict_keys(['tutorial']) retrieved from /home/airflow/.local/lib/python3.7/site-packages/airflow/example_dags/tutorial.py
[2022-08-07 11:29:49,290] {logging_mixin.py:115} INFO - [2022-08-07 11:29:49,290] {dag.py:2371} INFO - Sync 1 DAGs
[2022-08-07 11:29:49,320] {logging_mixin.py:115} INFO - [2022-08-07 11:29:49,320] {dag.py:2919} INFO - Setting next_dagrun for tutorial to 2022-08-06T11:29:49.320205+00:00, run_after=2022-08-07T11:29:49.320205+00:00
[2022-08-07 11:29:49,347] {processor.py:161} INFO - Processing /home/airflow/.local/lib/python3.7/site-packages/airflow/example_dags/tutorial.py took 0.129 seconds
