[2022-08-07 00:33:57,620] {processor.py:153} INFO - Started process (PID=73249) to work on /home/airflow/.local/lib/python3.7/site-packages/airflow/example_dags/tutorial_taskflow_api_etl_virtualenv.py
[2022-08-07 00:33:57,624] {processor.py:641} INFO - Processing file /home/airflow/.local/lib/python3.7/site-packages/airflow/example_dags/tutorial_taskflow_api_etl_virtualenv.py for tasks to queue
[2022-08-07 00:33:57,627] {logging_mixin.py:115} INFO - [2022-08-07 00:33:57,627] {dagbag.py:507} INFO - Filling up the DagBag from /home/airflow/.local/lib/python3.7/site-packages/airflow/example_dags/tutorial_taskflow_api_etl_virtualenv.py
[2022-08-07 00:33:57,718] {processor.py:651} INFO - DAG(s) dict_keys(['tutorial_taskflow_api_etl_virtualenv']) retrieved from /home/airflow/.local/lib/python3.7/site-packages/airflow/example_dags/tutorial_taskflow_api_etl_virtualenv.py
[2022-08-07 00:33:57,941] {logging_mixin.py:115} INFO - [2022-08-07 00:33:57,941] {dag.py:2371} INFO - Sync 1 DAGs
[2022-08-07 00:33:57,977] {logging_mixin.py:115} INFO - [2022-08-07 00:33:57,977] {dag.py:2919} INFO - Setting next_dagrun for tutorial_taskflow_api_etl_virtualenv to None, run_after=None
[2022-08-07 00:33:58,004] {processor.py:161} INFO - Processing /home/airflow/.local/lib/python3.7/site-packages/airflow/example_dags/tutorial_taskflow_api_etl_virtualenv.py took 0.389 seconds
[2022-08-07 04:10:04,815] {processor.py:153} INFO - Started process (PID=73303) to work on /home/airflow/.local/lib/python3.7/site-packages/airflow/example_dags/tutorial_taskflow_api_etl_virtualenv.py
[2022-08-07 04:10:04,816] {processor.py:641} INFO - Processing file /home/airflow/.local/lib/python3.7/site-packages/airflow/example_dags/tutorial_taskflow_api_etl_virtualenv.py for tasks to queue
[2022-08-07 04:10:04,819] {logging_mixin.py:115} INFO - [2022-08-07 04:10:04,818] {dagbag.py:507} INFO - Filling up the DagBag from /home/airflow/.local/lib/python3.7/site-packages/airflow/example_dags/tutorial_taskflow_api_etl_virtualenv.py
[2022-08-07 04:10:04,866] {processor.py:651} INFO - DAG(s) dict_keys(['tutorial_taskflow_api_etl_virtualenv']) retrieved from /home/airflow/.local/lib/python3.7/site-packages/airflow/example_dags/tutorial_taskflow_api_etl_virtualenv.py
[2022-08-07 04:10:05,106] {logging_mixin.py:115} INFO - [2022-08-07 04:10:05,105] {dag.py:2371} INFO - Sync 1 DAGs
[2022-08-07 04:10:05,128] {logging_mixin.py:115} INFO - [2022-08-07 04:10:05,128] {dag.py:2919} INFO - Setting next_dagrun for tutorial_taskflow_api_etl_virtualenv to None, run_after=None
[2022-08-07 04:10:05,162] {processor.py:161} INFO - Processing /home/airflow/.local/lib/python3.7/site-packages/airflow/example_dags/tutorial_taskflow_api_etl_virtualenv.py took 0.363 seconds
[2022-08-07 05:58:21,615] {processor.py:153} INFO - Started process (PID=73346) to work on /home/airflow/.local/lib/python3.7/site-packages/airflow/example_dags/tutorial_taskflow_api_etl_virtualenv.py
[2022-08-07 05:58:21,617] {processor.py:641} INFO - Processing file /home/airflow/.local/lib/python3.7/site-packages/airflow/example_dags/tutorial_taskflow_api_etl_virtualenv.py for tasks to queue
[2022-08-07 05:58:21,634] {logging_mixin.py:115} INFO - [2022-08-07 05:58:21,634] {dagbag.py:507} INFO - Filling up the DagBag from /home/airflow/.local/lib/python3.7/site-packages/airflow/example_dags/tutorial_taskflow_api_etl_virtualenv.py
[2022-08-07 05:58:21,668] {processor.py:651} INFO - DAG(s) dict_keys(['tutorial_taskflow_api_etl_virtualenv']) retrieved from /home/airflow/.local/lib/python3.7/site-packages/airflow/example_dags/tutorial_taskflow_api_etl_virtualenv.py
[2022-08-07 05:58:21,749] {logging_mixin.py:115} INFO - [2022-08-07 05:58:21,749] {dag.py:2371} INFO - Sync 1 DAGs
[2022-08-07 05:58:21,788] {logging_mixin.py:115} INFO - [2022-08-07 05:58:21,788] {dag.py:2919} INFO - Setting next_dagrun for tutorial_taskflow_api_etl_virtualenv to None, run_after=None
[2022-08-07 05:58:21,847] {processor.py:161} INFO - Processing /home/airflow/.local/lib/python3.7/site-packages/airflow/example_dags/tutorial_taskflow_api_etl_virtualenv.py took 0.242 seconds
[2022-08-07 07:46:35,986] {processor.py:153} INFO - Started process (PID=73407) to work on /home/airflow/.local/lib/python3.7/site-packages/airflow/example_dags/tutorial_taskflow_api_etl_virtualenv.py
[2022-08-07 07:46:35,988] {processor.py:641} INFO - Processing file /home/airflow/.local/lib/python3.7/site-packages/airflow/example_dags/tutorial_taskflow_api_etl_virtualenv.py for tasks to queue
[2022-08-07 07:46:35,990] {logging_mixin.py:115} INFO - [2022-08-07 07:46:35,990] {dagbag.py:507} INFO - Filling up the DagBag from /home/airflow/.local/lib/python3.7/site-packages/airflow/example_dags/tutorial_taskflow_api_etl_virtualenv.py
[2022-08-07 07:46:36,015] {processor.py:651} INFO - DAG(s) dict_keys(['tutorial_taskflow_api_etl_virtualenv']) retrieved from /home/airflow/.local/lib/python3.7/site-packages/airflow/example_dags/tutorial_taskflow_api_etl_virtualenv.py
[2022-08-07 07:46:36,162] {logging_mixin.py:115} INFO - [2022-08-07 07:46:36,162] {dag.py:2371} INFO - Sync 1 DAGs
[2022-08-07 07:46:36,191] {logging_mixin.py:115} INFO - [2022-08-07 07:46:36,191] {dag.py:2919} INFO - Setting next_dagrun for tutorial_taskflow_api_etl_virtualenv to None, run_after=None
[2022-08-07 07:46:36,215] {processor.py:161} INFO - Processing /home/airflow/.local/lib/python3.7/site-packages/airflow/example_dags/tutorial_taskflow_api_etl_virtualenv.py took 0.236 seconds
[2022-08-07 08:05:38,918] {processor.py:153} INFO - Started process (PID=73458) to work on /home/airflow/.local/lib/python3.7/site-packages/airflow/example_dags/tutorial_taskflow_api_etl_virtualenv.py
[2022-08-07 08:05:38,920] {processor.py:641} INFO - Processing file /home/airflow/.local/lib/python3.7/site-packages/airflow/example_dags/tutorial_taskflow_api_etl_virtualenv.py for tasks to queue
[2022-08-07 08:05:38,921] {logging_mixin.py:115} INFO - [2022-08-07 08:05:38,921] {dagbag.py:507} INFO - Filling up the DagBag from /home/airflow/.local/lib/python3.7/site-packages/airflow/example_dags/tutorial_taskflow_api_etl_virtualenv.py
[2022-08-07 08:05:38,941] {processor.py:651} INFO - DAG(s) dict_keys(['tutorial_taskflow_api_etl_virtualenv']) retrieved from /home/airflow/.local/lib/python3.7/site-packages/airflow/example_dags/tutorial_taskflow_api_etl_virtualenv.py
[2022-08-07 08:05:39,017] {logging_mixin.py:115} INFO - [2022-08-07 08:05:39,017] {dag.py:2371} INFO - Sync 1 DAGs
[2022-08-07 08:05:39,042] {logging_mixin.py:115} INFO - [2022-08-07 08:05:39,042] {dag.py:2919} INFO - Setting next_dagrun for tutorial_taskflow_api_etl_virtualenv to None, run_after=None
[2022-08-07 08:05:39,063] {processor.py:161} INFO - Processing /home/airflow/.local/lib/python3.7/site-packages/airflow/example_dags/tutorial_taskflow_api_etl_virtualenv.py took 0.149 seconds
[2022-08-07 10:06:07,356] {processor.py:153} INFO - Started process (PID=73520) to work on /home/airflow/.local/lib/python3.7/site-packages/airflow/example_dags/tutorial_taskflow_api_etl_virtualenv.py
[2022-08-07 10:06:07,366] {processor.py:641} INFO - Processing file /home/airflow/.local/lib/python3.7/site-packages/airflow/example_dags/tutorial_taskflow_api_etl_virtualenv.py for tasks to queue
[2022-08-07 10:06:07,368] {logging_mixin.py:115} INFO - [2022-08-07 10:06:07,368] {dagbag.py:507} INFO - Filling up the DagBag from /home/airflow/.local/lib/python3.7/site-packages/airflow/example_dags/tutorial_taskflow_api_etl_virtualenv.py
[2022-08-07 10:06:07,398] {processor.py:651} INFO - DAG(s) dict_keys(['tutorial_taskflow_api_etl_virtualenv']) retrieved from /home/airflow/.local/lib/python3.7/site-packages/airflow/example_dags/tutorial_taskflow_api_etl_virtualenv.py
[2022-08-07 10:06:07,517] {logging_mixin.py:115} INFO - [2022-08-07 10:06:07,517] {dag.py:2371} INFO - Sync 1 DAGs
[2022-08-07 10:06:07,551] {logging_mixin.py:115} INFO - [2022-08-07 10:06:07,551] {dag.py:2919} INFO - Setting next_dagrun for tutorial_taskflow_api_etl_virtualenv to None, run_after=None
[2022-08-07 10:06:07,584] {processor.py:161} INFO - Processing /home/airflow/.local/lib/python3.7/site-packages/airflow/example_dags/tutorial_taskflow_api_etl_virtualenv.py took 0.232 seconds
[2022-08-07 11:15:42,620] {processor.py:153} INFO - Started process (PID=73573) to work on /home/airflow/.local/lib/python3.7/site-packages/airflow/example_dags/tutorial_taskflow_api_etl_virtualenv.py
[2022-08-07 11:15:42,623] {processor.py:641} INFO - Processing file /home/airflow/.local/lib/python3.7/site-packages/airflow/example_dags/tutorial_taskflow_api_etl_virtualenv.py for tasks to queue
[2022-08-07 11:15:42,626] {logging_mixin.py:115} INFO - [2022-08-07 11:15:42,626] {dagbag.py:507} INFO - Filling up the DagBag from /home/airflow/.local/lib/python3.7/site-packages/airflow/example_dags/tutorial_taskflow_api_etl_virtualenv.py
[2022-08-07 11:15:42,674] {processor.py:651} INFO - DAG(s) dict_keys(['tutorial_taskflow_api_etl_virtualenv']) retrieved from /home/airflow/.local/lib/python3.7/site-packages/airflow/example_dags/tutorial_taskflow_api_etl_virtualenv.py
[2022-08-07 11:15:42,907] {logging_mixin.py:115} INFO - [2022-08-07 11:15:42,907] {dag.py:2371} INFO - Sync 1 DAGs
[2022-08-07 11:15:42,986] {logging_mixin.py:115} INFO - [2022-08-07 11:15:42,986] {dag.py:2919} INFO - Setting next_dagrun for tutorial_taskflow_api_etl_virtualenv to None, run_after=None
[2022-08-07 11:15:43,031] {processor.py:161} INFO - Processing /home/airflow/.local/lib/python3.7/site-packages/airflow/example_dags/tutorial_taskflow_api_etl_virtualenv.py took 0.420 seconds
[2022-08-07 11:29:48,087] {processor.py:153} INFO - Started process (PID=73616) to work on /home/airflow/.local/lib/python3.7/site-packages/airflow/example_dags/tutorial_taskflow_api_etl_virtualenv.py
[2022-08-07 11:29:48,089] {processor.py:641} INFO - Processing file /home/airflow/.local/lib/python3.7/site-packages/airflow/example_dags/tutorial_taskflow_api_etl_virtualenv.py for tasks to queue
[2022-08-07 11:29:48,090] {logging_mixin.py:115} INFO - [2022-08-07 11:29:48,090] {dagbag.py:507} INFO - Filling up the DagBag from /home/airflow/.local/lib/python3.7/site-packages/airflow/example_dags/tutorial_taskflow_api_etl_virtualenv.py
[2022-08-07 11:29:48,147] {processor.py:651} INFO - DAG(s) dict_keys(['tutorial_taskflow_api_etl_virtualenv']) retrieved from /home/airflow/.local/lib/python3.7/site-packages/airflow/example_dags/tutorial_taskflow_api_etl_virtualenv.py
[2022-08-07 11:29:48,266] {logging_mixin.py:115} INFO - [2022-08-07 11:29:48,266] {dag.py:2371} INFO - Sync 1 DAGs
[2022-08-07 11:29:48,290] {logging_mixin.py:115} INFO - [2022-08-07 11:29:48,290] {dag.py:2919} INFO - Setting next_dagrun for tutorial_taskflow_api_etl_virtualenv to None, run_after=None
[2022-08-07 11:29:48,308] {processor.py:161} INFO - Processing /home/airflow/.local/lib/python3.7/site-packages/airflow/example_dags/tutorial_taskflow_api_etl_virtualenv.py took 0.226 seconds
