[2022-07-20 04:54:19,720] {taskinstance.py:1159} INFO - Dependencies all met for <TaskInstance: example_bash_operator.runme_1 scheduled__2022-07-19T00:00:00+00:00 [queued]>
[2022-07-20 04:54:19,903] {taskinstance.py:1159} INFO - Dependencies all met for <TaskInstance: example_bash_operator.runme_1 scheduled__2022-07-19T00:00:00+00:00 [queued]>
[2022-07-20 04:54:19,907] {taskinstance.py:1356} INFO - 
--------------------------------------------------------------------------------
[2022-07-20 04:54:19,908] {taskinstance.py:1357} INFO - Starting attempt 1 of 1
[2022-07-20 04:54:19,910] {taskinstance.py:1358} INFO - 
--------------------------------------------------------------------------------
[2022-07-20 04:54:20,008] {taskinstance.py:1377} INFO - Executing <Task(BashOperator): runme_1> on 2022-07-19 00:00:00+00:00
[2022-07-20 04:54:20,039] {standard_task_runner.py:52} INFO - Started process 1409 to run task
[2022-07-20 04:54:20,126] {standard_task_runner.py:79} INFO - Running: ['***', 'tasks', 'run', 'example_bash_operator', 'runme_1', 'scheduled__2022-07-19T00:00:00+00:00', '--job-id', '10', '--raw', '--subdir', '/home/***/.local/lib/python3.7/site-packages/***/example_dags/example_bash_operator.py', '--cfg-path', '/tmp/tmpuvd0euly', '--error-file', '/tmp/tmpjje66qyi']
[2022-07-20 04:54:20,134] {standard_task_runner.py:80} INFO - Job 10: Subtask runme_1
[2022-07-20 04:54:20,895] {task_command.py:369} INFO - Running <TaskInstance: example_bash_operator.runme_1 scheduled__2022-07-19T00:00:00+00:00 [running]> on host ea504f80065b
[2022-07-20 04:54:21,535] {taskinstance.py:1571} INFO - Exporting the following env vars:
AIRFLOW_CTX_DAG_OWNER=***
AIRFLOW_CTX_DAG_ID=example_bash_operator
AIRFLOW_CTX_TASK_ID=runme_1
AIRFLOW_CTX_EXECUTION_DATE=2022-07-19T00:00:00+00:00
AIRFLOW_CTX_TRY_NUMBER=1
AIRFLOW_CTX_DAG_RUN_ID=scheduled__2022-07-19T00:00:00+00:00
[2022-07-20 04:54:21,551] {subprocess.py:62} INFO - Tmp dir root location: 
 /tmp
[2022-07-20 04:54:21,555] {subprocess.py:74} INFO - Running command: ['bash', '-c', 'echo "example_bash_operator__runme_1__20220719" && sleep 1']
[2022-07-20 04:54:21,587] {subprocess.py:85} INFO - Output:
[2022-07-20 04:54:21,591] {subprocess.py:92} INFO - example_bash_operator__runme_1__20220719
[2022-07-20 04:54:22,596] {subprocess.py:96} INFO - Command exited with return code 0
[2022-07-20 04:54:22,733] {taskinstance.py:1400} INFO - Marking task as SUCCESS. dag_id=example_bash_operator, task_id=runme_1, execution_date=20220719T000000, start_date=20220720T045419, end_date=20220720T045422
[2022-07-20 04:54:22,890] {local_task_job.py:156} INFO - Task exited with return code 0
[2022-07-20 04:54:23,132] {local_task_job.py:273} INFO - 0 downstream tasks scheduled from follow-on schedule check
